core   0: 0x0000000000010000 (0x00100413) li      s0, 1
3 0x0000000000010000 (0x00100413) x 8 0x0000000000000001
core   0: 0x0000000000010004 (0x01f41413) slli    s0, s0, 31
3 0x0000000000010004 (0x01f41413) x 8 0x0000000080000000
core   0: 0x0000000000010008 (0xf1402573) csrr    a0, mhartid
3 0x0000000000010008 (0xf1402573) x10 0x0000000000000000
core   0: 0x000000000001000c (0x00000597) auipc   a1, 0x0
3 0x000000000001000c (0x00000597) x11 0x000000000001000c
core   0: 0x0000000000010010 (0x07458593) addi    a1, a1, 116
3 0x0000000000010010 (0x07458593) x11 0x0000000000010080
core   0: 0x0000000000010014 (0x00040067) jr      s0
3 0x0000000000010014 (0x00040067)
core   0: 0x0000000080000000 (0x0000a081) c.j     pc + 64
3 0x0000000080000000 (0xa081)
core   0: 0x0000000080000040 (0x00004081) c.li    ra, 0
3 0x0000000080000040 (0x4081) x 1 0x0000000000000000
core   0: 0x0000000080000042 (0x00004101) c.li    sp, 0
3 0x0000000080000042 (0x4101) x 2 0x0000000000000000
core   0: 0x0000000080000044 (0x00004181) c.li    gp, 0
3 0x0000000080000044 (0x4181) x 3 0x0000000000000000
core   0: 0x0000000080000046 (0x00004201) c.li    tp, 0
3 0x0000000080000046 (0x4201) x 4 0x0000000000000000
core   0: 0x0000000080000048 (0x00004281) c.li    t0, 0
3 0x0000000080000048 (0x4281) x 5 0x0000000000000000
core   0: 0x000000008000004a (0x00004301) c.li    t1, 0
3 0x000000008000004a (0x4301) x 6 0x0000000000000000
core   0: 0x000000008000004c (0x00004381) c.li    t2, 0
3 0x000000008000004c (0x4381) x 7 0x0000000000000000
core   0: 0x000000008000004e (0x00004401) c.li    s0, 0
3 0x000000008000004e (0x4401) x 8 0x0000000000000000
core   0: 0x0000000080000050 (0x00004481) c.li    s1, 0
3 0x0000000080000050 (0x4481) x 9 0x0000000000000000
core   0: 0x0000000080000052 (0x00004501) c.li    a0, 0
3 0x0000000080000052 (0x4501) x10 0x0000000000000000
core   0: 0x0000000080000054 (0x00004581) c.li    a1, 0
3 0x0000000080000054 (0x4581) x11 0x0000000000000000
core   0: 0x0000000080000056 (0x00004601) c.li    a2, 0
3 0x0000000080000056 (0x4601) x12 0x0000000000000000
core   0: 0x0000000080000058 (0x00004681) c.li    a3, 0
3 0x0000000080000058 (0x4681) x13 0x0000000000000000
core   0: 0x000000008000005a (0x00004701) c.li    a4, 0
3 0x000000008000005a (0x4701) x14 0x0000000000000000
core   0: 0x000000008000005c (0x00004781) c.li    a5, 0
3 0x000000008000005c (0x4781) x15 0x0000000000000000
core   0: 0x000000008000005e (0x00004801) c.li    a6, 0
3 0x000000008000005e (0x4801) x16 0x0000000000000000
core   0: 0x0000000080000060 (0x00004881) c.li    a7, 0
3 0x0000000080000060 (0x4881) x17 0x0000000000000000
core   0: 0x0000000080000062 (0x00004901) c.li    s2, 0
3 0x0000000080000062 (0x4901) x18 0x0000000000000000
core   0: 0x0000000080000064 (0x00004981) c.li    s3, 0
3 0x0000000080000064 (0x4981) x19 0x0000000000000000
core   0: 0x0000000080000066 (0x00004a01) c.li    s4, 0
3 0x0000000080000066 (0x4a01) x20 0x0000000000000000
core   0: 0x0000000080000068 (0x00004a81) c.li    s5, 0
3 0x0000000080000068 (0x4a81) x21 0x0000000000000000
core   0: 0x000000008000006a (0x00004b01) c.li    s6, 0
3 0x000000008000006a (0x4b01) x22 0x0000000000000000
core   0: 0x000000008000006c (0x00004b81) c.li    s7, 0
3 0x000000008000006c (0x4b81) x23 0x0000000000000000
core   0: 0x000000008000006e (0x00004c01) c.li    s8, 0
3 0x000000008000006e (0x4c01) x24 0x0000000000000000
core   0: 0x0000000080000070 (0x00004c81) c.li    s9, 0
3 0x0000000080000070 (0x4c81) x25 0x0000000000000000
core   0: 0x0000000080000072 (0x00004d01) c.li    s10, 0
3 0x0000000080000072 (0x4d01) x26 0x0000000000000000
core   0: 0x0000000080000074 (0x00004d81) c.li    s11, 0
3 0x0000000080000074 (0x4d81) x27 0x0000000000000000
core   0: 0x0000000080000076 (0x00004e01) c.li    t3, 0
3 0x0000000080000076 (0x4e01) x28 0x0000000000000000
core   0: 0x0000000080000078 (0x00004e81) c.li    t4, 0
3 0x0000000080000078 (0x4e81) x29 0x0000000000000000
core   0: 0x000000008000007a (0x00004f01) c.li    t5, 0
3 0x000000008000007a (0x4f01) x30 0x0000000000000000
core   0: 0x000000008000007c (0x00004f81) c.li    t6, 0
3 0x000000008000007c (0x4f81) x31 0x0000000000000000
core   0: 0x000000008000007e (0xf1402573) csrr    a0, mhartid
3 0x000000008000007e (0xf1402573) x10 0x0000000000000000
core   0: 0x0000000080000082 (0x0000e101) c.bnez  a0, pc + 0
3 0x0000000080000082 (0xe101)
core   0: 0x0000000080000084 (0x00000297) auipc   t0, 0x0
3 0x0000000080000084 (0x00000297) x 5 0x0000000080000084
core   0: 0x0000000080000088 (0x01028293) addi    t0, t0, 16
3 0x0000000080000088 (0x01028293) x 5 0x0000000080000094
core   0: 0x000000008000008c (0x30529073) csrw    mtvec, t0
3 0x000000008000008c (0x30529073)
core   0: 0x0000000080000090 (0x18005073) csrwi   satp, 0
3 0x0000000080000090 (0x18005073)
core   0: 0x0000000080000094 (0x00000297) auipc   t0, 0x0
3 0x0000000080000094 (0x00000297) x 5 0x0000000080000094
core   0: 0x0000000080000098 (0x02428293) addi    t0, t0, 36
3 0x0000000080000098 (0x02428293) x 5 0x00000000800000b8
core   0: 0x000000008000009c (0x30529073) csrw    mtvec, t0
3 0x000000008000009c (0x30529073)
core   0: 0x00000000800000a0 (0x0010029b) addiw   t0, zero, 1
3 0x00000000800000a0 (0x0010029b) x 5 0x0000000000000001
core   0: 0x00000000800000a4 (0x03529293) slli    t0, t0, 53
3 0x00000000800000a4 (0x03529293) x 5 0x0020000000000000
core   0: 0x00000000800000a8 (0xfff28293) addi    t0, t0, -1
3 0x00000000800000a8 (0xfff28293) x 5 0x001fffffffffffff
core   0: 0x00000000800000ac (0x3b029073) csrw    pmpaddr0, t0
3 0x00000000800000ac (0x3b029073)
core   0: 0x00000000800000b0 (0x000042fd) c.li    t0, 31
3 0x00000000800000b0 (0x42fd) x 5 0x000000000000001f
core   0: 0x00000000800000b2 (0x3a029073) csrw    pmpcfg0, t0
3 0x00000000800000b2 (0x3a029073)
core   0: 0x00000000800000b6 (0x00000001) c.nop
3 0x00000000800000b6 (0x0001)
core   0: 0x00000000800000b8 (0x00000297) auipc   t0, 0x0
3 0x00000000800000b8 (0x00000297) x 5 0x00000000800000b8
core   0: 0x00000000800000bc (0x01828293) addi    t0, t0, 24
3 0x00000000800000bc (0x01828293) x 5 0x00000000800000d0
core   0: 0x00000000800000c0 (0x30529073) csrw    mtvec, t0
3 0x00000000800000c0 (0x30529073)
core   0: 0x00000000800000c4 (0x30205073) csrwi   medeleg, 0
3 0x00000000800000c4 (0x30205073)
core   0: 0x00000000800000c8 (0x30305073) csrwi   mideleg, 0
3 0x00000000800000c8 (0x30305073)
core   0: 0x00000000800000cc (0x30405073) csrwi   mie, 0
3 0x00000000800000cc (0x30405073)
core   0: 0x00000000800000d0 (0x00004181) c.li    gp, 0
3 0x00000000800000d0 (0x4181) x 3 0x0000000000000000
core   0: 0x00000000800000d2 (0x00000297) auipc   t0, 0x0
3 0x00000000800000d2 (0x00000297) x 5 0x00000000800000d2
core   0: 0x00000000800000d6 (0xf3228293) addi    t0, t0, -206
3 0x00000000800000d6 (0xf3228293) x 5 0x0000000080000004
core   0: 0x00000000800000da (0x30529073) csrw    mtvec, t0
3 0x00000000800000da (0x30529073)
core   0: 0x00000000800000de (0x00004505) c.li    a0, 1
3 0x00000000800000de (0x4505) x10 0x0000000000000001
core   0: 0x00000000800000e0 (0x0000057e) c.slli  a0, 31
3 0x00000000800000e0 (0x057e) x10 0x0000000080000000
core   0: 0x00000000800000e2 (0x00055a63) bgez    a0, pc + 20
3 0x00000000800000e2 (0x00055a63)
core   0: 0x00000000800000f6 (0x00000297) auipc   t0, 0x0
3 0x00000000800000f6 (0x00000297) x 5 0x00000000800000f6
core   0: 0x00000000800000fa (0x1ba28293) addi    t0, t0, 442
3 0x00000000800000fa (0x1ba28293) x 5 0x00000000800002b0
core   0: 0x00000000800000fe (0x00028a63) beqz    t0, pc + 20
3 0x00000000800000fe (0x00028a63)
core   0: 0x0000000080000102 (0x10529073) csrw    stvec, t0
3 0x0000000080000102 (0x10529073)
core   0: 0x0000000080000106 (0x0000b2b7) lui     t0, 0xb
3 0x0000000080000106 (0x0000b2b7) x 5 0x000000000000b000
core   0: 0x000000008000010a (0x1092829b) addiw   t0, t0, 265
3 0x000000008000010a (0x1092829b) x 5 0x000000000000b109
core   0: 0x000000008000010e (0x30229073) csrw    medeleg, t0
3 0x000000008000010e (0x30229073)
core   0: 0x0000000080000112 (0x30005073) csrwi   mstatus, 0
3 0x0000000080000112 (0x30005073)
core   0: 0x0000000080000116 (0x00001537) lui     a0, 0x1
3 0x0000000080000116 (0x00001537) x10 0x0000000000001000
core   0: 0x000000008000011a (0x8005051b) addiw   a0, a0, -2048
3 0x000000008000011a (0x8005051b) x10 0x0000000000000800
core   0: 0x000000008000011e (0x30052073) csrs    mstatus, a0
3 0x000000008000011e (0x30052073)
core   0: 0x0000000080000122 (0x02200513) li      a0, 34
3 0x0000000080000122 (0x02200513) x10 0x0000000000000022
core   0: 0x0000000080000126 (0x30352073) csrs    mideleg, a0
3 0x0000000080000126 (0x30352073)
core   0: 0x000000008000012a (0x00000297) auipc   t0, 0x0
3 0x000000008000012a (0x00000297) x 5 0x000000008000012a
core   0: 0x000000008000012e (0x01428293) addi    t0, t0, 20
3 0x000000008000012e (0x01428293) x 5 0x000000008000013e
core   0: 0x0000000080000132 (0x34129073) csrw    mepc, t0
3 0x0000000080000132 (0x34129073)
core   0: 0x0000000080000136 (0xf1402573) csrr    a0, mhartid
3 0x0000000080000136 (0xf1402573) x10 0x0000000000000000
core   0: 0x000000008000013a (0x30200073) mret
3 0x000000008000013a (0x30200073)
core   0: 0x000000008000013e (0x10002573) csrr    a0, sstatus
1 0x000000008000013e (0x10002573) x10 0x0000000200000000
core   0: 0x0000000080000142 (0x0030059b) addiw   a1, zero, 3
1 0x0000000080000142 (0x0030059b) x11 0x0000000000000003
core   0: 0x0000000080000146 (0x02059593) slli    a1, a1, 32
1 0x0000000080000146 (0x02059593) x11 0x0000000300000000
core   0: 0x000000008000014a (0x00008d6d) c.and   a0, a1
1 0x000000008000014a (0x8d6d) x10 0x0000000200000000
core   0: 0x000000008000014c (0x0010039b) addiw   t2, zero, 1
1 0x000000008000014c (0x0010039b) x 7 0x0000000000000001
core   0: 0x0000000080000150 (0x02139393) slli    t2, t2, 33
1 0x0000000080000150 (0x02139393) x 7 0x0000000200000000
core   0: 0x0000000080000154 (0x000041c9) c.li    gp, 18
1 0x0000000080000154 (0x41c9) x 3 0x0000000000000012
core   0: 0x0000000080000156 (0x12751763) bne     a0, t2, pc + 302
1 0x0000000080000156 (0x12751763)
core   0: 0x000000008000015a (0x14001073) csrw    sscratch, zero
1 0x000000008000015a (0x14001073)
core   0: 0x000000008000015e (0x14002573) csrr    a0, sscratch
1 0x000000008000015e (0x14002573) x10 0x0000000000000000
core   0: 0x0000000080000162 (0x00004381) c.li    t2, 0
1 0x0000000080000162 (0x4381) x 7 0x0000000000000000
core   0: 0x0000000080000164 (0x000041d1) c.li    gp, 20
1 0x0000000080000164 (0x41d1) x 3 0x0000000000000014
core   0: 0x0000000080000166 (0x10751f63) bne     a0, t2, pc + 286
1 0x0000000080000166 (0x10751f63)
core   0: 0x000000008000016a (0x14005573) csrrwi  a0, sscratch, 0
1 0x000000008000016a (0x14005573) x10 0x0000000000000000
core   0: 0x000000008000016e (0x1407d573) csrrwi  a0, sscratch, 15
1 0x000000008000016e (0x1407d573) x10 0x0000000000000000
core   0: 0x0000000080000172 (0x00004381) c.li    t2, 0
1 0x0000000080000172 (0x4381) x 7 0x0000000000000000
core   0: 0x0000000080000174 (0x000041d5) c.li    gp, 21
1 0x0000000080000174 (0x41d5) x 3 0x0000000000000015
core   0: 0x0000000080000176 (0x10751763) bne     a0, t2, pc + 270
1 0x0000000080000176 (0x10751763)
core   0: 0x000000008000017a (0x1401d073) csrwi   sscratch, 3
1 0x000000008000017a (0x1401d073)
core   0: 0x000000008000017e (0x14002573) csrr    a0, sscratch
1 0x000000008000017e (0x14002573) x10 0x0000000000000003
core   0: 0x0000000080000182 (0x0000438d) c.li    t2, 3
1 0x0000000080000182 (0x438d) x 7 0x0000000000000003
core   0: 0x0000000080000184 (0x00004189) c.li    gp, 2
1 0x0000000080000184 (0x4189) x 3 0x0000000000000002
core   0: 0x0000000080000186 (0x0e751f63) bne     a0, t2, pc + 254
1 0x0000000080000186 (0x0e751f63)
core   0: 0x000000008000018a (0x1400f5f3) csrrci  a1, sscratch, 1
1 0x000000008000018a (0x1400f5f3) x11 0x0000000000000003
core   0: 0x000000008000018e (0x0000438d) c.li    t2, 3
1 0x000000008000018e (0x438d) x 7 0x0000000000000003
core   0: 0x0000000080000190 (0x0000418d) c.li    gp, 3
1 0x0000000080000190 (0x418d) x 3 0x0000000000000003
core   0: 0x0000000080000192 (0x0e759963) bne     a1, t2, pc + 242
1 0x0000000080000192 (0x0e759963)
core   0: 0x0000000080000196 (0x14026673) csrrsi  a2, sscratch, 4
1 0x0000000080000196 (0x14026673) x12 0x0000000000000002
core   0: 0x000000008000019a (0x00004389) c.li    t2, 2
1 0x000000008000019a (0x4389) x 7 0x0000000000000002
core   0: 0x000000008000019c (0x00004191) c.li    gp, 4
1 0x000000008000019c (0x4191) x 3 0x0000000000000004
core   0: 0x000000008000019e (0x0e761363) bne     a2, t2, pc + 230
1 0x000000008000019e (0x0e761363)
core   0: 0x00000000800001a2 (0x140156f3) csrrwi  a3, sscratch, 2
1 0x00000000800001a2 (0x140156f3) x13 0x0000000000000006
core   0: 0x00000000800001a6 (0x00004399) c.li    t2, 6
1 0x00000000800001a6 (0x4399) x 7 0x0000000000000006
core   0: 0x00000000800001a8 (0x00004195) c.li    gp, 5
1 0x00000000800001a8 (0x4195) x 3 0x0000000000000005
core   0: 0x00000000800001aa (0x0c769d63) bne     a3, t2, pc + 218
1 0x00000000800001aa (0x0c769d63)
core   0: 0x00000000800001ae (0x0bad2537) lui     a0, 0xbad2
1 0x00000000800001ae (0x0bad2537) x10 0x000000000bad2000
core   0: 0x00000000800001b2 (0xdea5051b) addiw   a0, a0, -534
1 0x00000000800001b2 (0xdea5051b) x10 0x000000000bad1dea
core   0: 0x00000000800001b6 (0x140515f3) csrrw   a1, sscratch, a0
1 0x00000000800001b6 (0x140515f3) x11 0x0000000000000002
core   0: 0x00000000800001ba (0x00004389) c.li    t2, 2
1 0x00000000800001ba (0x4389) x 7 0x0000000000000002
core   0: 0x00000000800001bc (0x00004199) c.li    gp, 6
1 0x00000000800001bc (0x4199) x 3 0x0000000000000006
core   0: 0x00000000800001be (0x0c759363) bne     a1, t2, pc + 198
1 0x00000000800001be (0x0c759363)
core   0: 0x00000000800001c2 (0x00002537) lui     a0, 0x2
1 0x00000000800001c2 (0x00002537) x10 0x0000000000002000
core   0: 0x00000000800001c6 (0xdea5051b) addiw   a0, a0, -534
1 0x00000000800001c6 (0xdea5051b) x10 0x0000000000001dea
core   0: 0x00000000800001ca (0x140535f3) csrrc   a1, sscratch, a0
1 0x00000000800001ca (0x140535f3) x11 0x000000000bad1dea
core   0: 0x00000000800001ce (0x0bad23b7) lui     t2, 0xbad2
1 0x00000000800001ce (0x0bad23b7) x 7 0x000000000bad2000
core   0: 0x00000000800001d2 (0xdea3839b) addiw   t2, t2, -534
1 0x00000000800001d2 (0xdea3839b) x 7 0x000000000bad1dea
core   0: 0x00000000800001d6 (0x0000419d) c.li    gp, 7
1 0x00000000800001d6 (0x419d) x 3 0x0000000000000007
core   0: 0x00000000800001d8 (0x0a759663) bne     a1, t2, pc + 172
1 0x00000000800001d8 (0x0a759663)
core   0: 0x00000000800001dc (0x0000c537) lui     a0, 0xc
1 0x00000000800001dc (0x0000c537) x10 0x000000000000c000
core   0: 0x00000000800001e0 (0xeef5051b) addiw   a0, a0, -273
1 0x00000000800001e0 (0xeef5051b) x10 0x000000000000beef
core   0: 0x00000000800001e4 (0x140525f3) csrrs   a1, sscratch, a0
1 0x00000000800001e4 (0x140525f3) x11 0x000000000bad0000
core   0: 0x00000000800001e8 (0x0bad03b7) lui     t2, 0xbad0
1 0x00000000800001e8 (0x0bad03b7) x 7 0x000000000bad0000
core   0: 0x00000000800001ec (0x000041a1) c.li    gp, 8
1 0x00000000800001ec (0x41a1) x 3 0x0000000000000008
core   0: 0x00000000800001ee (0x08759b63) bne     a1, t2, pc + 150
1 0x00000000800001ee (0x08759b63)
core   0: 0x00000000800001f2 (0x0bad2537) lui     a0, 0xbad2
1 0x00000000800001f2 (0x0bad2537) x10 0x000000000bad2000
core   0: 0x00000000800001f6 (0xdea5051b) addiw   a0, a0, -534
1 0x00000000800001f6 (0xdea5051b) x10 0x000000000bad1dea
core   0: 0x00000000800001fa (0x14051573) csrrw   a0, sscratch, a0
1 0x00000000800001fa (0x14051573) x10 0x000000000badbeef
core   0: 0x00000000800001fe (0x0badc3b7) lui     t2, 0xbadc
1 0x00000000800001fe (0x0badc3b7) x 7 0x000000000badc000
core   0: 0x0000000080000202 (0xeef3839b) addiw   t2, t2, -273
1 0x0000000080000202 (0xeef3839b) x 7 0x000000000badbeef
core   0: 0x0000000080000206 (0x000041a5) c.li    gp, 9
1 0x0000000080000206 (0x41a5) x 3 0x0000000000000009
core   0: 0x0000000080000208 (0x06751e63) bne     a0, t2, pc + 124
1 0x0000000080000208 (0x06751e63)
core   0: 0x000000008000020c (0x00002537) lui     a0, 0x2
1 0x000000008000020c (0x00002537) x10 0x0000000000002000
core   0: 0x0000000080000210 (0xdea5051b) addiw   a0, a0, -534
1 0x0000000080000210 (0xdea5051b) x10 0x0000000000001dea
core   0: 0x0000000080000214 (0x14053573) csrrc   a0, sscratch, a0
1 0x0000000080000214 (0x14053573) x10 0x000000000bad1dea
core   0: 0x0000000080000218 (0x0bad23b7) lui     t2, 0xbad2
1 0x0000000080000218 (0x0bad23b7) x 7 0x000000000bad2000
core   0: 0x000000008000021c (0xdea3839b) addiw   t2, t2, -534
1 0x000000008000021c (0xdea3839b) x 7 0x000000000bad1dea
core   0: 0x0000000080000220 (0x000041a9) c.li    gp, 10
1 0x0000000080000220 (0x41a9) x 3 0x000000000000000a
core   0: 0x0000000080000222 (0x06751163) bne     a0, t2, pc + 98
1 0x0000000080000222 (0x06751163)
core   0: 0x0000000080000226 (0x0000c537) lui     a0, 0xc
1 0x0000000080000226 (0x0000c537) x10 0x000000000000c000
core   0: 0x000000008000022a (0xeef5051b) addiw   a0, a0, -273
1 0x000000008000022a (0xeef5051b) x10 0x000000000000beef
core   0: 0x000000008000022e (0x14052573) csrrs   a0, sscratch, a0
1 0x000000008000022e (0x14052573) x10 0x000000000bad0000
core   0: 0x0000000080000232 (0x0bad03b7) lui     t2, 0xbad0
1 0x0000000080000232 (0x0bad03b7) x 7 0x000000000bad0000
core   0: 0x0000000080000236 (0x000041ad) c.li    gp, 11
1 0x0000000080000236 (0x41ad) x 3 0x000000000000000b
core   0: 0x0000000080000238 (0x04751663) bne     a0, t2, pc + 76
1 0x0000000080000238 (0x04751663)
core   0: 0x000000008000023c (0x14002573) csrr    a0, sscratch
1 0x000000008000023c (0x14002573) x10 0x000000000badbeef
core   0: 0x0000000080000240 (0x0badc3b7) lui     t2, 0xbadc
1 0x0000000080000240 (0x0badc3b7) x 7 0x000000000badc000
core   0: 0x0000000080000244 (0xeef3839b) addiw   t2, t2, -273
1 0x0000000080000244 (0xeef3839b) x 7 0x000000000badbeef
core   0: 0x0000000080000248 (0x000041b1) c.li    gp, 12
1 0x0000000080000248 (0x41b1) x 3 0x000000000000000c
core   0: 0x000000008000024a (0x02751d63) bne     a0, t2, pc + 58
1 0x000000008000024a (0x02751d63)
core   0: 0x000000008000024e (0x10000293) li      t0, 256
1 0x000000008000024e (0x10000293) x 5 0x0000000000000100
core   0: 0x0000000080000252 (0x1002b073) csrc    sstatus, t0
1 0x0000000080000252 (0x1002b073)
core   0: 0x0000000080000256 (0x00000297) auipc   t0, 0x0
1 0x0000000080000256 (0x00000297) x 5 0x0000000080000256
core   0: 0x000000008000025a (0x01028293) addi    t0, t0, 16
1 0x000000008000025a (0x01028293) x 5 0x0000000080000266
core   0: 0x000000008000025e (0x14129073) csrw    sepc, t0
1 0x000000008000025e (0x14129073)
core   0: 0x0000000080000262 (0x10200073) sret
1 0x0000000080000262 (0x10200073)
core   0: 0x0000000080000266 (0x00000001) c.nop
0 0x0000000080000266 (0x0001)
core   0: 0x0000000080000268 (0x00004381) c.li    t2, 0
0 0x0000000080000268 (0x4381) x 7 0x0000000000000000
core   0: 0x000000008000026a (0x000041bd) c.li    gp, 15
0 0x000000008000026a (0x41bd) x 3 0x000000000000000f
core   0: 0x000000008000026c (0x00701c63) bne     zero, t2, pc + 24
0 0x000000008000026c (0x00701c63)
core   0: 0x0000000080000270 (0x0ff0000f) fence   iorw,iorw
0 0x0000000080000270 (0x0ff0000f)
core   0: 0x0000000080000274 (0x00004185) c.li    gp, 1
0 0x0000000080000274 (0x4185) x 3 0x0000000000000001
core   0: 0x0000000080000276 (0x05d00893) li      a7, 93
0 0x0000000080000276 (0x05d00893) x17 0x000000000000005d
core   0: 0x000000008000027a (0x00004501) c.li    a0, 0
0 0x000000008000027a (0x4501) x10 0x0000000000000000
core   0: 0x000000008000027c (0x00000073) ecall
0 0x000000008000027c (0x00000073)
