core   0: 0x0000000000010000 (0x00100413) li      s0, 1
3 0x0000000000010000 (0x00100413) x 8 0x0000000000000001
core   0: 0x0000000000010004 (0x01f41413) slli    s0, s0, 31
3 0x0000000000010004 (0x01f41413) x 8 0x0000000080000000
core   0: 0x0000000000010008 (0xf1402573) csrr    a0, mhartid
3 0x0000000000010008 (0xf1402573) x10 0x0000000000000000
core   0: 0x000000000001000c (0x00000597) auipc   a1, 0x0
3 0x000000000001000c (0x00000597) x11 0x000000000001000c
core   0: 0x0000000000010010 (0x07458593) addi    a1, a1, 116
3 0x0000000000010010 (0x07458593) x11 0x0000000000010080
core   0: 0x0000000000010014 (0x00040067) jr      s0
3 0x0000000000010014 (0x00040067)
core   0: 0x0000000080000000 (0x0000a081) c.j     pc + 64
3 0x0000000080000000 (0xa081)
core   0: 0x0000000080000040 (0xf1402573) csrr    a0, mhartid
3 0x0000000080000040 (0xf1402573) x10 0x0000000000000000
core   0: 0x0000000080000044 (0x0000e101) c.bnez  a0, pc + 0
3 0x0000000080000044 (0xe101)
core   0: 0x0000000080000046 (0x00000297) auipc   t0, 0x0
3 0x0000000080000046 (0x00000297) x 5 0x0000000080000046
core   0: 0x000000008000004a (0x01228293) addi    t0, t0, 18
3 0x000000008000004a (0x01228293) x 5 0x0000000080000058
core   0: 0x000000008000004e (0x30529073) csrw    mtvec, t0
3 0x000000008000004e (0x30529073)
core   0: 0x0000000080000052 (0x18005073) csrwi   satp, 0
3 0x0000000080000052 (0x18005073)
core   0: 0x0000000080000056 (0x00000001) c.nop
3 0x0000000080000056 (0x0001)
core   0: 0x0000000080000058 (0x00000297) auipc   t0, 0x0
3 0x0000000080000058 (0x00000297) x 5 0x0000000080000058
core   0: 0x000000008000005c (0x01828293) addi    t0, t0, 24
3 0x000000008000005c (0x01828293) x 5 0x0000000080000070
core   0: 0x0000000080000060 (0x30529073) csrw    mtvec, t0
3 0x0000000080000060 (0x30529073)
core   0: 0x0000000080000064 (0x000052fd) c.li    t0, -1
3 0x0000000080000064 (0x52fd) x 5 0xffffffffffffffff
core   0: 0x0000000080000066 (0x3b029073) csrw    pmpaddr0, t0
3 0x0000000080000066 (0x3b029073)
core   0: 0x000000008000006a (0x000042fd) c.li    t0, 31
3 0x000000008000006a (0x42fd) x 5 0x000000000000001f
core   0: 0x000000008000006c (0x3a029073) csrw    pmpcfg0, t0
3 0x000000008000006c (0x3a029073)
core   0: 0x0000000080000070 (0x00000297) auipc   t0, 0x0
3 0x0000000080000070 (0x00000297) x 5 0x0000000080000070
core   0: 0x0000000080000074 (0x01828293) addi    t0, t0, 24
3 0x0000000080000074 (0x01828293) x 5 0x0000000080000088
core   0: 0x0000000080000078 (0x30529073) csrw    mtvec, t0
3 0x0000000080000078 (0x30529073)
core   0: 0x000000008000007c (0x30205073) csrwi   medeleg, 0
3 0x000000008000007c (0x30205073)
core   0: 0x0000000080000080 (0x30305073) csrwi   mideleg, 0
3 0x0000000080000080 (0x30305073)
core   0: 0x0000000080000084 (0x30405073) csrwi   mie, 0
3 0x0000000080000084 (0x30405073)
core   0: 0x0000000080000088 (0x00004181) c.li    gp, 0
3 0x0000000080000088 (0x4181) x 3 0x0000000000000000
core   0: 0x000000008000008a (0x00000297) auipc   t0, 0x0
3 0x000000008000008a (0x00000297) x 5 0x000000008000008a
core   0: 0x000000008000008e (0xf7a28293) addi    t0, t0, -134
3 0x000000008000008e (0xf7a28293) x 5 0x0000000080000004
core   0: 0x0000000080000092 (0x30529073) csrw    mtvec, t0
3 0x0000000080000092 (0x30529073)
core   0: 0x0000000080000096 (0x00004505) c.li    a0, 1
3 0x0000000080000096 (0x4505) x10 0x0000000000000001
core   0: 0x0000000080000098 (0x0000057e) c.slli  a0, 31
3 0x0000000080000098 (0x057e) x10 0x0000000080000000
core   0: 0x000000008000009a (0x00055d63) bgez    a0, pc + 26
3 0x000000008000009a (0x00055d63)
core   0: 0x00000000800000b4 (0x80000297) auipc   t0, 0x80000
3 0x00000000800000b4 (0x80000297) x 5 0x00000000000000b4
core   0: 0x00000000800000b8 (0xf4c28293) addi    t0, t0, -180
3 0x00000000800000b8 (0xf4c28293) x 5 0x0000000000000000
core   0: 0x00000000800000bc (0x00028e63) beqz    t0, pc + 28
3 0x00000000800000bc (0x00028e63)
core   0: 0x00000000800000d8 (0x30005073) csrwi   mstatus, 0
3 0x00000000800000d8 (0x30005073)
core   0: 0x00000000800000dc (0x00000297) auipc   t0, 0x0
3 0x00000000800000dc (0x00000297) x 5 0x00000000800000dc
core   0: 0x00000000800000e0 (0x01428293) addi    t0, t0, 20
3 0x00000000800000e0 (0x01428293) x 5 0x00000000800000f0
core   0: 0x00000000800000e4 (0x34129073) csrw    mepc, t0
3 0x00000000800000e4 (0x34129073)
core   0: 0x00000000800000e8 (0xf1402573) csrr    a0, mhartid
3 0x00000000800000e8 (0xf1402573) x10 0x0000000000000000
core   0: 0x00000000800000ec (0x30200073) mret
3 0x00000000800000ec (0x30200073)
core   0: 0x00000000800000f0 (0x00004081) c.li    ra, 0
0 0x00000000800000f0 (0x4081) x 1 0x0000000000000000
core   0: 0x00000000800000f2 (0x00008f13) mv      t5, ra
0 0x00000000800000f2 (0x00008f13) x30 0x0000000000000000
core   0: 0x00000000800000f6 (0x00004e81) c.li    t4, 0
0 0x00000000800000f6 (0x4e81) x29 0x0000000000000000
core   0: 0x00000000800000f8 (0x00004189) c.li    gp, 2
0 0x00000000800000f8 (0x4189) x 3 0x0000000000000002
core   0: 0x00000000800000fa (0x00002e17) auipc   t3, 0x2
0 0x00000000800000fa (0x00002e17) x28 0x00000000800020fa
core   0: 0x00000000800000fe (0xf06e0e13) addi    t3, t3, -250
0 0x00000000800000fe (0xf06e0e13) x28 0x0000000080002000
core   0: 0x0000000080000102 (0x01ee2423) sw      t5, 8(t3)
0 0x0000000080000102 (0x01ee2423) mem 0x0000000080002008 0x0000000000000000
core   0: 0x0000000080000106 (0x31df1163) bne     t5, t4, pc + 770
0 0x0000000080000106 (0x31df1163)
core   0: 0x000000008000010a (0x00004085) c.li    ra, 1
0 0x000000008000010a (0x4085) x 1 0x0000000000000001
core   0: 0x000000008000010c (0x00108f13) addi    t5, ra, 1
0 0x000000008000010c (0x00108f13) x30 0x0000000000000002
core   0: 0x0000000080000110 (0x00004e89) c.li    t4, 2
0 0x0000000080000110 (0x4e89) x29 0x0000000000000002
core   0: 0x0000000080000112 (0x0000418d) c.li    gp, 3
0 0x0000000080000112 (0x418d) x 3 0x0000000000000003
core   0: 0x0000000080000114 (0x00002e17) auipc   t3, 0x2
0 0x0000000080000114 (0x00002e17) x28 0x0000000080002114
core   0: 0x0000000080000118 (0xeece0e13) addi    t3, t3, -276
0 0x0000000080000118 (0xeece0e13) x28 0x0000000080002000
core   0: 0x000000008000011c (0x01ee2623) sw      t5, 12(t3)
0 0x000000008000011c (0x01ee2623) mem 0x000000008000200c 0x0000000000000000
core   0: 0x0000000080000120 (0x2fdf1463) bne     t5, t4, pc + 744
0 0x0000000080000120 (0x2fdf1463)
core   0: 0x0000000080000124 (0x0000408d) c.li    ra, 3
0 0x0000000080000124 (0x408d) x 1 0x0000000000000003
core   0: 0x0000000080000126 (0x00708f13) addi    t5, ra, 7
0 0x0000000080000126 (0x00708f13) x30 0x000000000000000a
core   0: 0x000000008000012a (0x00004ea9) c.li    t4, 10
0 0x000000008000012a (0x4ea9) x29 0x000000000000000a
core   0: 0x000000008000012c (0x00004191) c.li    gp, 4
0 0x000000008000012c (0x4191) x 3 0x0000000000000004
core   0: 0x000000008000012e (0x00002e17) auipc   t3, 0x2
0 0x000000008000012e (0x00002e17) x28 0x000000008000212e
core   0: 0x0000000080000132 (0xed2e0e13) addi    t3, t3, -302
0 0x0000000080000132 (0xed2e0e13) x28 0x0000000080002000
core   0: 0x0000000080000136 (0x01ee2823) sw      t5, 16(t3)
0 0x0000000080000136 (0x01ee2823) mem 0x0000000080002010 0x0000000000000000
core   0: 0x000000008000013a (0x2ddf1763) bne     t5, t4, pc + 718
0 0x000000008000013a (0x2ddf1763)
core   0: 0x000000008000013e (0x00004081) c.li    ra, 0
0 0x000000008000013e (0x4081) x 1 0x0000000000000000
core   0: 0x0000000080000140 (0x80008f13) addi    t5, ra, -2048
0 0x0000000080000140 (0x80008f13) x30 0xfffffffffffff800
core   0: 0x0000000080000144 (0x80000e93) li      t4, -2048
0 0x0000000080000144 (0x80000e93) x29 0xfffffffffffff800
core   0: 0x0000000080000148 (0x00004195) c.li    gp, 5
0 0x0000000080000148 (0x4195) x 3 0x0000000000000005
core   0: 0x000000008000014a (0x00002e17) auipc   t3, 0x2
0 0x000000008000014a (0x00002e17) x28 0x000000008000214a
core   0: 0x000000008000014e (0xeb6e0e13) addi    t3, t3, -330
0 0x000000008000014e (0xeb6e0e13) x28 0x0000000080002000
core   0: 0x0000000080000152 (0x01ee2a23) sw      t5, 20(t3)
0 0x0000000080000152 (0x01ee2a23) mem 0x0000000080002014 0x0000000000000000
core   0: 0x0000000080000156 (0x2bdf1963) bne     t5, t4, pc + 690
0 0x0000000080000156 (0x2bdf1963)
core   0: 0x000000008000015a (0x800000b7) lui     ra, 0x80000
0 0x000000008000015a (0x800000b7) x 1 0xffffffff80000000
core   0: 0x000000008000015e (0x00008f13) mv      t5, ra
0 0x000000008000015e (0x00008f13) x30 0xffffffff80000000
core   0: 0x0000000080000162 (0x80000eb7) lui     t4, 0x80000
0 0x0000000080000162 (0x80000eb7) x29 0xffffffff80000000
core   0: 0x0000000080000166 (0x00004199) c.li    gp, 6
0 0x0000000080000166 (0x4199) x 3 0x0000000000000006
core   0: 0x0000000080000168 (0x00002e17) auipc   t3, 0x2
0 0x0000000080000168 (0x00002e17) x28 0x0000000080002168
core   0: 0x000000008000016c (0xe98e0e13) addi    t3, t3, -360
0 0x000000008000016c (0xe98e0e13) x28 0x0000000080002000
core   0: 0x0000000080000170 (0x01ee2c23) sw      t5, 24(t3)
0 0x0000000080000170 (0x01ee2c23) mem 0x0000000080002018 0x0000000000000000
core   0: 0x0000000080000174 (0x29df1a63) bne     t5, t4, pc + 660
0 0x0000000080000174 (0x29df1a63)
core   0: 0x0000000080000178 (0x800000b7) lui     ra, 0x80000
0 0x0000000080000178 (0x800000b7) x 1 0xffffffff80000000
core   0: 0x000000008000017c (0x80008f13) addi    t5, ra, -2048
0 0x000000008000017c (0x80008f13) x30 0xffffffff7ffff800
core   0: 0x0000000080000180 (0xfff00e9b) addiw   t4, zero, -1
0 0x0000000080000180 (0xfff00e9b) x29 0xffffffffffffffff
core   0: 0x0000000080000184 (0x01fe9e93) slli    t4, t4, 31
0 0x0000000080000184 (0x01fe9e93) x29 0xffffffff80000000
core   0: 0x0000000080000188 (0x800e8e93) addi    t4, t4, -2048
0 0x0000000080000188 (0x800e8e93) x29 0xffffffff7ffff800
core   0: 0x000000008000018c (0x0000419d) c.li    gp, 7
0 0x000000008000018c (0x419d) x 3 0x0000000000000007
core   0: 0x000000008000018e (0x00002e17) auipc   t3, 0x2
0 0x000000008000018e (0x00002e17) x28 0x000000008000218e
core   0: 0x0000000080000192 (0xe72e0e13) addi    t3, t3, -398
0 0x0000000080000192 (0xe72e0e13) x28 0x0000000080002000
core   0: 0x0000000080000196 (0x01ee2e23) sw      t5, 28(t3)
0 0x0000000080000196 (0x01ee2e23) mem 0x000000008000201c 0x0000000000000000
core   0: 0x000000008000019a (0x27df1763) bne     t5, t4, pc + 622
0 0x000000008000019a (0x27df1763)
core   0: 0x000000008000019e (0x00004081) c.li    ra, 0
0 0x000000008000019e (0x4081) x 1 0x0000000000000000
core   0: 0x00000000800001a0 (0x7ff08f13) addi    t5, ra, 2047
0 0x00000000800001a0 (0x7ff08f13) x30 0x00000000000007ff
core   0: 0x00000000800001a4 (0x7ff00e93) li      t4, 2047
0 0x00000000800001a4 (0x7ff00e93) x29 0x00000000000007ff
core   0: 0x00000000800001a8 (0x000041a1) c.li    gp, 8
0 0x00000000800001a8 (0x41a1) x 3 0x0000000000000008
core   0: 0x00000000800001aa (0x00002e17) auipc   t3, 0x2
0 0x00000000800001aa (0x00002e17) x28 0x00000000800021aa
core   0: 0x00000000800001ae (0xe56e0e13) addi    t3, t3, -426
0 0x00000000800001ae (0xe56e0e13) x28 0x0000000080002000
core   0: 0x00000000800001b2 (0x03ee2023) sw      t5, 32(t3)
0 0x00000000800001b2 (0x03ee2023) mem 0x0000000080002020 0x0000000000000000
core   0: 0x00000000800001b6 (0x25df1963) bne     t5, t4, pc + 594
0 0x00000000800001b6 (0x25df1963)
core   0: 0x00000000800001ba (0x800000b7) lui     ra, 0x80000
0 0x00000000800001ba (0x800000b7) x 1 0xffffffff80000000
core   0: 0x00000000800001be (0xfff0809b) addiw   ra, ra, -1
0 0x00000000800001be (0xfff0809b) x 1 0x000000007fffffff
core   0: 0x00000000800001c2 (0x00008f13) mv      t5, ra
0 0x00000000800001c2 (0x00008f13) x30 0x000000007fffffff
core   0: 0x00000000800001c6 (0x80000eb7) lui     t4, 0x80000
0 0x00000000800001c6 (0x80000eb7) x29 0xffffffff80000000
core   0: 0x00000000800001ca (0xfffe8e9b) addiw   t4, t4, -1
0 0x00000000800001ca (0xfffe8e9b) x29 0x000000007fffffff
core   0: 0x00000000800001ce (0x000041a5) c.li    gp, 9
0 0x00000000800001ce (0x41a5) x 3 0x0000000000000009
core   0: 0x00000000800001d0 (0x00002e17) auipc   t3, 0x2
0 0x00000000800001d0 (0x00002e17) x28 0x00000000800021d0
core   0: 0x00000000800001d4 (0xe30e0e13) addi    t3, t3, -464
0 0x00000000800001d4 (0xe30e0e13) x28 0x0000000080002000
core   0: 0x00000000800001d8 (0x03ee2223) sw      t5, 36(t3)
0 0x00000000800001d8 (0x03ee2223) mem 0x0000000080002024 0x0000000000000000
core   0: 0x00000000800001dc (0x23df1663) bne     t5, t4, pc + 556
0 0x00000000800001dc (0x23df1663)
core   0: 0x00000000800001e0 (0x800000b7) lui     ra, 0x80000
0 0x00000000800001e0 (0x800000b7) x 1 0xffffffff80000000
core   0: 0x00000000800001e4 (0xfff0809b) addiw   ra, ra, -1
0 0x00000000800001e4 (0xfff0809b) x 1 0x000000007fffffff
core   0: 0x00000000800001e8 (0x7ff08f13) addi    t5, ra, 2047
0 0x00000000800001e8 (0x7ff08f13) x30 0x00000000800007fe
core   0: 0x00000000800001ec (0x00100e9b) addiw   t4, zero, 1
0 0x00000000800001ec (0x00100e9b) x29 0x0000000000000001
core   0: 0x00000000800001f0 (0x01fe9e93) slli    t4, t4, 31
0 0x00000000800001f0 (0x01fe9e93) x29 0x0000000080000000
core   0: 0x00000000800001f4 (0x7fee8e93) addi    t4, t4, 2046
0 0x00000000800001f4 (0x7fee8e93) x29 0x00000000800007fe
core   0: 0x00000000800001f8 (0x000041a9) c.li    gp, 10
0 0x00000000800001f8 (0x41a9) x 3 0x000000000000000a
core   0: 0x00000000800001fa (0x00002e17) auipc   t3, 0x2
0 0x00000000800001fa (0x00002e17) x28 0x00000000800021fa
core   0: 0x00000000800001fe (0xe06e0e13) addi    t3, t3, -506
0 0x00000000800001fe (0xe06e0e13) x28 0x0000000080002000
core   0: 0x0000000080000202 (0x03ee2423) sw      t5, 40(t3)
0 0x0000000080000202 (0x03ee2423) mem 0x0000000080002028 0x0000000000000000
core   0: 0x0000000080000206 (0x21df1163) bne     t5, t4, pc + 514
0 0x0000000080000206 (0x21df1163)
core   0: 0x000000008000020a (0x800000b7) lui     ra, 0x80000
0 0x000000008000020a (0x800000b7) x 1 0xffffffff80000000
core   0: 0x000000008000020e (0x7ff08f13) addi    t5, ra, 2047
0 0x000000008000020e (0x7ff08f13) x30 0xffffffff800007ff
core   0: 0x0000000080000212 (0x80000eb7) lui     t4, 0x80000
0 0x0000000080000212 (0x80000eb7) x29 0xffffffff80000000
core   0: 0x0000000080000216 (0x7ffe8e9b) addiw   t4, t4, 2047
0 0x0000000080000216 (0x7ffe8e9b) x29 0xffffffff800007ff
core   0: 0x000000008000021a (0x000041ad) c.li    gp, 11
0 0x000000008000021a (0x41ad) x 3 0x000000000000000b
core   0: 0x000000008000021c (0x00002e17) auipc   t3, 0x2
0 0x000000008000021c (0x00002e17) x28 0x000000008000221c
core   0: 0x0000000080000220 (0xde4e0e13) addi    t3, t3, -540
0 0x0000000080000220 (0xde4e0e13) x28 0x0000000080002000
core   0: 0x0000000080000224 (0x03ee2623) sw      t5, 44(t3)
0 0x0000000080000224 (0x03ee2623) mem 0x000000008000202c 0x0000000000000000
core   0: 0x0000000080000228 (0x1fdf1063) bne     t5, t4, pc + 480
0 0x0000000080000228 (0x1fdf1063)
core   0: 0x000000008000022c (0x800000b7) lui     ra, 0x80000
0 0x000000008000022c (0x800000b7) x 1 0xffffffff80000000
core   0: 0x0000000080000230 (0xfff0809b) addiw   ra, ra, -1
0 0x0000000080000230 (0xfff0809b) x 1 0x000000007fffffff
core   0: 0x0000000080000234 (0x80008f13) addi    t5, ra, -2048
0 0x0000000080000234 (0x80008f13) x30 0x000000007ffff7ff
core   0: 0x0000000080000238 (0x7ffffeb7) lui     t4, 0x7ffff
0 0x0000000080000238 (0x7ffffeb7) x29 0x000000007ffff000
core   0: 0x000000008000023c (0x7ffe8e9b) addiw   t4, t4, 2047
0 0x000000008000023c (0x7ffe8e9b) x29 0x000000007ffff7ff
core   0: 0x0000000080000240 (0x000041b1) c.li    gp, 12
0 0x0000000080000240 (0x41b1) x 3 0x000000000000000c
core   0: 0x0000000080000242 (0x00002e17) auipc   t3, 0x2
0 0x0000000080000242 (0x00002e17) x28 0x0000000080002242
core   0: 0x0000000080000246 (0xdbee0e13) addi    t3, t3, -578
0 0x0000000080000246 (0xdbee0e13) x28 0x0000000080002000
core   0: 0x000000008000024a (0x03ee2823) sw      t5, 48(t3)
0 0x000000008000024a (0x03ee2823) mem 0x0000000080002030 0x0000000000000000
core   0: 0x000000008000024e (0x1bdf1d63) bne     t5, t4, pc + 442
0 0x000000008000024e (0x1bdf1d63)
core   0: 0x0000000080000252 (0x00004081) c.li    ra, 0
0 0x0000000080000252 (0x4081) x 1 0x0000000000000000
core   0: 0x0000000080000254 (0xfff08f13) addi    t5, ra, -1
0 0x0000000080000254 (0xfff08f13) x30 0xffffffffffffffff
core   0: 0x0000000080000258 (0x00005efd) c.li    t4, -1
0 0x0000000080000258 (0x5efd) x29 0xffffffffffffffff
core   0: 0x000000008000025a (0x000041b5) c.li    gp, 13
0 0x000000008000025a (0x41b5) x 3 0x000000000000000d
core   0: 0x000000008000025c (0x00002e17) auipc   t3, 0x2
0 0x000000008000025c (0x00002e17) x28 0x000000008000225c
core   0: 0x0000000080000260 (0xda4e0e13) addi    t3, t3, -604
0 0x0000000080000260 (0xda4e0e13) x28 0x0000000080002000
core   0: 0x0000000080000264 (0x03ee2a23) sw      t5, 52(t3)
0 0x0000000080000264 (0x03ee2a23) mem 0x0000000080002034 0x0000000000000000
core   0: 0x0000000080000268 (0x1bdf1063) bne     t5, t4, pc + 416
0 0x0000000080000268 (0x1bdf1063)
core   0: 0x000000008000026c (0x000050fd) c.li    ra, -1
0 0x000000008000026c (0x50fd) x 1 0xffffffffffffffff
core   0: 0x000000008000026e (0x00108f13) addi    t5, ra, 1
0 0x000000008000026e (0x00108f13) x30 0x0000000000000000
core   0: 0x0000000080000272 (0x00004e81) c.li    t4, 0
0 0x0000000080000272 (0x4e81) x29 0x0000000000000000
core   0: 0x0000000080000274 (0x000041b9) c.li    gp, 14
0 0x0000000080000274 (0x41b9) x 3 0x000000000000000e
core   0: 0x0000000080000276 (0x00002e17) auipc   t3, 0x2
0 0x0000000080000276 (0x00002e17) x28 0x0000000080002276
core   0: 0x000000008000027a (0xd8ae0e13) addi    t3, t3, -630
0 0x000000008000027a (0xd8ae0e13) x28 0x0000000080002000
core   0: 0x000000008000027e (0x03ee2c23) sw      t5, 56(t3)
0 0x000000008000027e (0x03ee2c23) mem 0x0000000080002038 0x0000000000000000
core   0: 0x0000000080000282 (0x19df1363) bne     t5, t4, pc + 390
0 0x0000000080000282 (0x19df1363)
core   0: 0x0000000080000286 (0x000050fd) c.li    ra, -1
0 0x0000000080000286 (0x50fd) x 1 0xffffffffffffffff
core   0: 0x0000000080000288 (0xfff08f13) addi    t5, ra, -1
0 0x0000000080000288 (0xfff08f13) x30 0xfffffffffffffffe
core   0: 0x000000008000028c (0x00005ef9) c.li    t4, -2
0 0x000000008000028c (0x5ef9) x29 0xfffffffffffffffe
core   0: 0x000000008000028e (0x000041bd) c.li    gp, 15
0 0x000000008000028e (0x41bd) x 3 0x000000000000000f
core   0: 0x0000000080000290 (0x00002e17) auipc   t3, 0x2
0 0x0000000080000290 (0x00002e17) x28 0x0000000080002290
core   0: 0x0000000080000294 (0xd70e0e13) addi    t3, t3, -656
0 0x0000000080000294 (0xd70e0e13) x28 0x0000000080002000
core   0: 0x0000000080000298 (0x03ee2e23) sw      t5, 60(t3)
0 0x0000000080000298 (0x03ee2e23) mem 0x000000008000203c 0x0000000000000000
core   0: 0x000000008000029c (0x17df1663) bne     t5, t4, pc + 364
0 0x000000008000029c (0x17df1663)
core   0: 0x00000000800002a0 (0x800000b7) lui     ra, 0x80000
0 0x00000000800002a0 (0x800000b7) x 1 0xffffffff80000000
core   0: 0x00000000800002a4 (0xfff0809b) addiw   ra, ra, -1
0 0x00000000800002a4 (0xfff0809b) x 1 0x000000007fffffff
core   0: 0x00000000800002a8 (0x00108f13) addi    t5, ra, 1
0 0x00000000800002a8 (0x00108f13) x30 0x0000000080000000
core   0: 0x00000000800002ac (0x00100e9b) addiw   t4, zero, 1
0 0x00000000800002ac (0x00100e9b) x29 0x0000000000000001
core   0: 0x00000000800002b0 (0x01fe9e93) slli    t4, t4, 31
0 0x00000000800002b0 (0x01fe9e93) x29 0x0000000080000000
core   0: 0x00000000800002b4 (0x000041c1) c.li    gp, 16
0 0x00000000800002b4 (0x41c1) x 3 0x0000000000000010
core   0: 0x00000000800002b6 (0x00002e17) auipc   t3, 0x2
0 0x00000000800002b6 (0x00002e17) x28 0x00000000800022b6
core   0: 0x00000000800002ba (0xd4ae0e13) addi    t3, t3, -694
0 0x00000000800002ba (0xd4ae0e13) x28 0x0000000080002000
core   0: 0x00000000800002be (0x05ee2023) sw      t5, 64(t3)
0 0x00000000800002be (0x05ee2023) mem 0x0000000080002040 0x0000000000000000
core   0: 0x00000000800002c2 (0x15df1363) bne     t5, t4, pc + 326
0 0x00000000800002c2 (0x15df1363)
core   0: 0x00000000800002c6 (0x000040b5) c.li    ra, 13
0 0x00000000800002c6 (0x40b5) x 1 0x000000000000000d
core   0: 0x00000000800002c8 (0x000000ad) c.addi  ra, 11
0 0x00000000800002c8 (0x00ad) x 1 0x0000000000000018
core   0: 0x00000000800002ca (0x00004ee1) c.li    t4, 24
0 0x00000000800002ca (0x4ee1) x29 0x0000000000000018
core   0: 0x00000000800002cc (0x000041c5) c.li    gp, 17
0 0x00000000800002cc (0x41c5) x 3 0x0000000000000011
core   0: 0x00000000800002ce (0x00002e17) auipc   t3, 0x2
0 0x00000000800002ce (0x00002e17) x28 0x00000000800022ce
core   0: 0x00000000800002d2 (0xd32e0e13) addi    t3, t3, -718
0 0x00000000800002d2 (0xd32e0e13) x28 0x0000000080002000
core   0: 0x00000000800002d6 (0x041e2223) sw      ra, 68(t3)
0 0x00000000800002d6 (0x041e2223) mem 0x0000000080002044 0x0000000000000000
core   0: 0x00000000800002da (0x13d09763) bne     ra, t4, pc + 302
0 0x00000000800002da (0x13d09763)
core   0: 0x00000000800002de (0x00004201) c.li    tp, 0
0 0x00000000800002de (0x4201) x 4 0x0000000000000000
core   0: 0x00000000800002e0 (0x000040b5) c.li    ra, 13
0 0x00000000800002e0 (0x40b5) x 1 0x000000000000000d
core   0: 0x00000000800002e2 (0x00b08f13) addi    t5, ra, 11
0 0x00000000800002e2 (0x00b08f13) x30 0x0000000000000018
core   0: 0x00000000800002e6 (0x000f0313) mv      t1, t5
0 0x00000000800002e6 (0x000f0313) x 6 0x0000000000000018
core   0: 0x00000000800002ea (0x00000205) c.addi  tp, 1
0 0x00000000800002ea (0x0205) x 4 0x0000000000000001
core   0: 0x00000000800002ec (0x00004289) c.li    t0, 2
0 0x00000000800002ec (0x4289) x 5 0x0000000000000002
core   0: 0x00000000800002ee (0xfe5219e3) bne     tp, t0, pc - 14
0 0x00000000800002ee (0xfe5219e3)
core   0: 0x00000000800002e0 (0x000040b5) c.li    ra, 13
0 0x00000000800002e0 (0x40b5) x 1 0x000000000000000d
core   0: 0x00000000800002e2 (0x00b08f13) addi    t5, ra, 11
0 0x00000000800002e2 (0x00b08f13) x30 0x0000000000000018
core   0: 0x00000000800002e6 (0x000f0313) mv      t1, t5
0 0x00000000800002e6 (0x000f0313) x 6 0x0000000000000018
core   0: 0x00000000800002ea (0x00000205) c.addi  tp, 1
0 0x00000000800002ea (0x0205) x 4 0x0000000000000002
core   0: 0x00000000800002ec (0x00004289) c.li    t0, 2
0 0x00000000800002ec (0x4289) x 5 0x0000000000000002
core   0: 0x00000000800002ee (0xfe5219e3) bne     tp, t0, pc - 14
0 0x00000000800002ee (0xfe5219e3)
core   0: 0x00000000800002f2 (0x00004ee1) c.li    t4, 24
0 0x00000000800002f2 (0x4ee1) x29 0x0000000000000018
core   0: 0x00000000800002f4 (0x000041c9) c.li    gp, 18
0 0x00000000800002f4 (0x41c9) x 3 0x0000000000000012
core   0: 0x00000000800002f6 (0x00002e17) auipc   t3, 0x2
0 0x00000000800002f6 (0x00002e17) x28 0x00000000800022f6
core   0: 0x00000000800002fa (0xd0ae0e13) addi    t3, t3, -758
0 0x00000000800002fa (0xd0ae0e13) x28 0x0000000080002000
core   0: 0x00000000800002fe (0x046e2423) sw      t1, 72(t3)
0 0x00000000800002fe (0x046e2423) mem 0x0000000080002048 0x0000000000000000
core   0: 0x0000000080000302 (0x11d31363) bne     t1, t4, pc + 262
0 0x0000000080000302 (0x11d31363)
core   0: 0x0000000080000306 (0x00004201) c.li    tp, 0
0 0x0000000080000306 (0x4201) x 4 0x0000000000000000
core   0: 0x0000000080000308 (0x000040b5) c.li    ra, 13
0 0x0000000080000308 (0x40b5) x 1 0x000000000000000d
core   0: 0x000000008000030a (0x00a08f13) addi    t5, ra, 10
0 0x000000008000030a (0x00a08f13) x30 0x0000000000000017
core   0: 0x000000008000030e (0x00000001) c.nop
0 0x000000008000030e (0x0001)
core   0: 0x0000000080000310 (0x000f0313) mv      t1, t5
0 0x0000000080000310 (0x000f0313) x 6 0x0000000000000017
core   0: 0x0000000080000314 (0x00000205) c.addi  tp, 1
0 0x0000000080000314 (0x0205) x 4 0x0000000000000001
core   0: 0x0000000080000316 (0x00004289) c.li    t0, 2
0 0x0000000080000316 (0x4289) x 5 0x0000000000000002
core   0: 0x0000000080000318 (0xfe5218e3) bne     tp, t0, pc - 16
0 0x0000000080000318 (0xfe5218e3)
core   0: 0x0000000080000308 (0x000040b5) c.li    ra, 13
0 0x0000000080000308 (0x40b5) x 1 0x000000000000000d
core   0: 0x000000008000030a (0x00a08f13) addi    t5, ra, 10
0 0x000000008000030a (0x00a08f13) x30 0x0000000000000017
core   0: 0x000000008000030e (0x00000001) c.nop
0 0x000000008000030e (0x0001)
core   0: 0x0000000080000310 (0x000f0313) mv      t1, t5
0 0x0000000080000310 (0x000f0313) x 6 0x0000000000000017
core   0: 0x0000000080000314 (0x00000205) c.addi  tp, 1
0 0x0000000080000314 (0x0205) x 4 0x0000000000000002
core   0: 0x0000000080000316 (0x00004289) c.li    t0, 2
0 0x0000000080000316 (0x4289) x 5 0x0000000000000002
core   0: 0x0000000080000318 (0xfe5218e3) bne     tp, t0, pc - 16
0 0x0000000080000318 (0xfe5218e3)
core   0: 0x000000008000031c (0x00004edd) c.li    t4, 23
0 0x000000008000031c (0x4edd) x29 0x0000000000000017
core   0: 0x000000008000031e (0x000041cd) c.li    gp, 19
0 0x000000008000031e (0x41cd) x 3 0x0000000000000013
core   0: 0x0000000080000320 (0x00002e17) auipc   t3, 0x2
0 0x0000000080000320 (0x00002e17) x28 0x0000000080002320
core   0: 0x0000000080000324 (0xce0e0e13) addi    t3, t3, -800
0 0x0000000080000324 (0xce0e0e13) x28 0x0000000080002000
core   0: 0x0000000080000328 (0x046e2623) sw      t1, 76(t3)
0 0x0000000080000328 (0x046e2623) mem 0x000000008000204c 0x0000000000000000
core   0: 0x000000008000032c (0x0dd31e63) bne     t1, t4, pc + 220
0 0x000000008000032c (0x0dd31e63)
core   0: 0x0000000080000330 (0x00004201) c.li    tp, 0
0 0x0000000080000330 (0x4201) x 4 0x0000000000000000
core   0: 0x0000000080000332 (0x000040b5) c.li    ra, 13
0 0x0000000080000332 (0x40b5) x 1 0x000000000000000d
core   0: 0x0000000080000334 (0x00908f13) addi    t5, ra, 9
0 0x0000000080000334 (0x00908f13) x30 0x0000000000000016
core   0: 0x0000000080000338 (0x00000001) c.nop
0 0x0000000080000338 (0x0001)
core   0: 0x000000008000033a (0x00000001) c.nop
0 0x000000008000033a (0x0001)
core   0: 0x000000008000033c (0x000f0313) mv      t1, t5
0 0x000000008000033c (0x000f0313) x 6 0x0000000000000016
core   0: 0x0000000080000340 (0x00000205) c.addi  tp, 1
0 0x0000000080000340 (0x0205) x 4 0x0000000000000001
core   0: 0x0000000080000342 (0x00004289) c.li    t0, 2
0 0x0000000080000342 (0x4289) x 5 0x0000000000000002
core   0: 0x0000000080000344 (0xfe5217e3) bne     tp, t0, pc - 18
0 0x0000000080000344 (0xfe5217e3)
core   0: 0x0000000080000332 (0x000040b5) c.li    ra, 13
0 0x0000000080000332 (0x40b5) x 1 0x000000000000000d
core   0: 0x0000000080000334 (0x00908f13) addi    t5, ra, 9
0 0x0000000080000334 (0x00908f13) x30 0x0000000000000016
core   0: 0x0000000080000338 (0x00000001) c.nop
0 0x0000000080000338 (0x0001)
core   0: 0x000000008000033a (0x00000001) c.nop
0 0x000000008000033a (0x0001)
core   0: 0x000000008000033c (0x000f0313) mv      t1, t5
0 0x000000008000033c (0x000f0313) x 6 0x0000000000000016
core   0: 0x0000000080000340 (0x00000205) c.addi  tp, 1
0 0x0000000080000340 (0x0205) x 4 0x0000000000000002
core   0: 0x0000000080000342 (0x00004289) c.li    t0, 2
0 0x0000000080000342 (0x4289) x 5 0x0000000000000002
core   0: 0x0000000080000344 (0xfe5217e3) bne     tp, t0, pc - 18
0 0x0000000080000344 (0xfe5217e3)
core   0: 0x0000000080000348 (0x00004ed9) c.li    t4, 22
0 0x0000000080000348 (0x4ed9) x29 0x0000000000000016
core   0: 0x000000008000034a (0x000041d1) c.li    gp, 20
0 0x000000008000034a (0x41d1) x 3 0x0000000000000014
core   0: 0x000000008000034c (0x00002e17) auipc   t3, 0x2
0 0x000000008000034c (0x00002e17) x28 0x000000008000234c
core   0: 0x0000000080000350 (0xcb4e0e13) addi    t3, t3, -844
0 0x0000000080000350 (0xcb4e0e13) x28 0x0000000080002000
core   0: 0x0000000080000354 (0x046e2823) sw      t1, 80(t3)
0 0x0000000080000354 (0x046e2823) mem 0x0000000080002050 0x0000000000000000
core   0: 0x0000000080000358 (0x0bd31863) bne     t1, t4, pc + 176
0 0x0000000080000358 (0x0bd31863)
core   0: 0x000000008000035c (0x00004201) c.li    tp, 0
0 0x000000008000035c (0x4201) x 4 0x0000000000000000
core   0: 0x000000008000035e (0x000040b5) c.li    ra, 13
0 0x000000008000035e (0x40b5) x 1 0x000000000000000d
core   0: 0x0000000080000360 (0x00b08f13) addi    t5, ra, 11
0 0x0000000080000360 (0x00b08f13) x30 0x0000000000000018
core   0: 0x0000000080000364 (0x00000205) c.addi  tp, 1
0 0x0000000080000364 (0x0205) x 4 0x0000000000000001
core   0: 0x0000000080000366 (0x00004289) c.li    t0, 2
0 0x0000000080000366 (0x4289) x 5 0x0000000000000002
core   0: 0x0000000080000368 (0xfe521be3) bne     tp, t0, pc - 10
0 0x0000000080000368 (0xfe521be3)
core   0: 0x000000008000035e (0x000040b5) c.li    ra, 13
0 0x000000008000035e (0x40b5) x 1 0x000000000000000d
core   0: 0x0000000080000360 (0x00b08f13) addi    t5, ra, 11
0 0x0000000080000360 (0x00b08f13) x30 0x0000000000000018
core   0: 0x0000000080000364 (0x00000205) c.addi  tp, 1
0 0x0000000080000364 (0x0205) x 4 0x0000000000000002
core   0: 0x0000000080000366 (0x00004289) c.li    t0, 2
0 0x0000000080000366 (0x4289) x 5 0x0000000000000002
core   0: 0x0000000080000368 (0xfe521be3) bne     tp, t0, pc - 10
0 0x0000000080000368 (0xfe521be3)
core   0: 0x000000008000036c (0x00004ee1) c.li    t4, 24
0 0x000000008000036c (0x4ee1) x29 0x0000000000000018
core   0: 0x000000008000036e (0x000041d5) c.li    gp, 21
0 0x000000008000036e (0x41d5) x 3 0x0000000000000015
core   0: 0x0000000080000370 (0x00002e17) auipc   t3, 0x2
0 0x0000000080000370 (0x00002e17) x28 0x0000000080002370
core   0: 0x0000000080000374 (0xc90e0e13) addi    t3, t3, -880
0 0x0000000080000374 (0xc90e0e13) x28 0x0000000080002000
core   0: 0x0000000080000378 (0x05ee2a23) sw      t5, 84(t3)
0 0x0000000080000378 (0x05ee2a23) mem 0x0000000080002054 0x0000000000000000
core   0: 0x000000008000037c (0x09df1663) bne     t5, t4, pc + 140
0 0x000000008000037c (0x09df1663)
core   0: 0x0000000080000380 (0x00004201) c.li    tp, 0
0 0x0000000080000380 (0x4201) x 4 0x0000000000000000
core   0: 0x0000000080000382 (0x000040b5) c.li    ra, 13
0 0x0000000080000382 (0x40b5) x 1 0x000000000000000d
core   0: 0x0000000080000384 (0x00000001) c.nop
0 0x0000000080000384 (0x0001)
core   0: 0x0000000080000386 (0x00a08f13) addi    t5, ra, 10
0 0x0000000080000386 (0x00a08f13) x30 0x0000000000000017
core   0: 0x000000008000038a (0x00000205) c.addi  tp, 1
0 0x000000008000038a (0x0205) x 4 0x0000000000000001
core   0: 0x000000008000038c (0x00004289) c.li    t0, 2
0 0x000000008000038c (0x4289) x 5 0x0000000000000002
core   0: 0x000000008000038e (0xfe521ae3) bne     tp, t0, pc - 12
0 0x000000008000038e (0xfe521ae3)
core   0: 0x0000000080000382 (0x000040b5) c.li    ra, 13
0 0x0000000080000382 (0x40b5) x 1 0x000000000000000d
core   0: 0x0000000080000384 (0x00000001) c.nop
0 0x0000000080000384 (0x0001)
core   0: 0x0000000080000386 (0x00a08f13) addi    t5, ra, 10
0 0x0000000080000386 (0x00a08f13) x30 0x0000000000000017
core   0: 0x000000008000038a (0x00000205) c.addi  tp, 1
0 0x000000008000038a (0x0205) x 4 0x0000000000000002
core   0: 0x000000008000038c (0x00004289) c.li    t0, 2
0 0x000000008000038c (0x4289) x 5 0x0000000000000002
core   0: 0x000000008000038e (0xfe521ae3) bne     tp, t0, pc - 12
0 0x000000008000038e (0xfe521ae3)
core   0: 0x0000000080000392 (0x00004edd) c.li    t4, 23
0 0x0000000080000392 (0x4edd) x29 0x0000000000000017
core   0: 0x0000000080000394 (0x000041d9) c.li    gp, 22
0 0x0000000080000394 (0x41d9) x 3 0x0000000000000016
core   0: 0x0000000080000396 (0x00002e17) auipc   t3, 0x2
0 0x0000000080000396 (0x00002e17) x28 0x0000000080002396
core   0: 0x000000008000039a (0xc6ae0e13) addi    t3, t3, -918
0 0x000000008000039a (0xc6ae0e13) x28 0x0000000080002000
core   0: 0x000000008000039e (0x05ee2c23) sw      t5, 88(t3)
0 0x000000008000039e (0x05ee2c23) mem 0x0000000080002058 0x0000000000000000
core   0: 0x00000000800003a2 (0x07df1363) bne     t5, t4, pc + 102
0 0x00000000800003a2 (0x07df1363)
core   0: 0x00000000800003a6 (0x00004201) c.li    tp, 0
0 0x00000000800003a6 (0x4201) x 4 0x0000000000000000
core   0: 0x00000000800003a8 (0x000040b5) c.li    ra, 13
0 0x00000000800003a8 (0x40b5) x 1 0x000000000000000d
core   0: 0x00000000800003aa (0x00000001) c.nop
0 0x00000000800003aa (0x0001)
core   0: 0x00000000800003ac (0x00000001) c.nop
0 0x00000000800003ac (0x0001)
core   0: 0x00000000800003ae (0x00908f13) addi    t5, ra, 9
0 0x00000000800003ae (0x00908f13) x30 0x0000000000000016
core   0: 0x00000000800003b2 (0x00000205) c.addi  tp, 1
0 0x00000000800003b2 (0x0205) x 4 0x0000000000000001
core   0: 0x00000000800003b4 (0x00004289) c.li    t0, 2
0 0x00000000800003b4 (0x4289) x 5 0x0000000000000002
core   0: 0x00000000800003b6 (0xfe5219e3) bne     tp, t0, pc - 14
0 0x00000000800003b6 (0xfe5219e3)
core   0: 0x00000000800003a8 (0x000040b5) c.li    ra, 13
0 0x00000000800003a8 (0x40b5) x 1 0x000000000000000d
core   0: 0x00000000800003aa (0x00000001) c.nop
0 0x00000000800003aa (0x0001)
core   0: 0x00000000800003ac (0x00000001) c.nop
0 0x00000000800003ac (0x0001)
core   0: 0x00000000800003ae (0x00908f13) addi    t5, ra, 9
0 0x00000000800003ae (0x00908f13) x30 0x0000000000000016
core   0: 0x00000000800003b2 (0x00000205) c.addi  tp, 1
0 0x00000000800003b2 (0x0205) x 4 0x0000000000000002
core   0: 0x00000000800003b4 (0x00004289) c.li    t0, 2
0 0x00000000800003b4 (0x4289) x 5 0x0000000000000002
core   0: 0x00000000800003b6 (0xfe5219e3) bne     tp, t0, pc - 14
0 0x00000000800003b6 (0xfe5219e3)
core   0: 0x00000000800003ba (0x00004ed9) c.li    t4, 22
0 0x00000000800003ba (0x4ed9) x29 0x0000000000000016
core   0: 0x00000000800003bc (0x000041dd) c.li    gp, 23
0 0x00000000800003bc (0x41dd) x 3 0x0000000000000017
core   0: 0x00000000800003be (0x00002e17) auipc   t3, 0x2
0 0x00000000800003be (0x00002e17) x28 0x00000000800023be
core   0: 0x00000000800003c2 (0xc42e0e13) addi    t3, t3, -958
0 0x00000000800003c2 (0xc42e0e13) x28 0x0000000080002000
core   0: 0x00000000800003c6 (0x05ee2e23) sw      t5, 92(t3)
0 0x00000000800003c6 (0x05ee2e23) mem 0x000000008000205c 0x0000000000000000
core   0: 0x00000000800003ca (0x03df1f63) bne     t5, t4, pc + 62
0 0x00000000800003ca (0x03df1f63)
core   0: 0x00000000800003ce (0x02000093) li      ra, 32
0 0x00000000800003ce (0x02000093) x 1 0x0000000000000020
core   0: 0x00000000800003d2 (0x02000e93) li      t4, 32
0 0x00000000800003d2 (0x02000e93) x29 0x0000000000000020
core   0: 0x00000000800003d6 (0x000041e1) c.li    gp, 24
0 0x00000000800003d6 (0x41e1) x 3 0x0000000000000018
core   0: 0x00000000800003d8 (0x00002e17) auipc   t3, 0x2
0 0x00000000800003d8 (0x00002e17) x28 0x00000000800023d8
core   0: 0x00000000800003dc (0xc28e0e13) addi    t3, t3, -984
0 0x00000000800003dc (0xc28e0e13) x28 0x0000000080002000
core   0: 0x00000000800003e0 (0x061e2023) sw      ra, 96(t3)
0 0x00000000800003e0 (0x061e2023) mem 0x0000000080002060 0x0000000000000000
core   0: 0x00000000800003e4 (0x03d09263) bne     ra, t4, pc + 36
0 0x00000000800003e4 (0x03d09263)
core   0: 0x00000000800003e8 (0x02100093) li      ra, 33
0 0x00000000800003e8 (0x02100093) x 1 0x0000000000000021
core   0: 0x00000000800003ec (0x03208013) addi    zero, ra, 50
0 0x00000000800003ec (0x03208013)
core   0: 0x00000000800003f0 (0x00004e81) c.li    t4, 0
0 0x00000000800003f0 (0x4e81) x29 0x0000000000000000
core   0: 0x00000000800003f2 (0x000041e5) c.li    gp, 25
0 0x00000000800003f2 (0x41e5) x 3 0x0000000000000019
core   0: 0x00000000800003f4 (0x00002e17) auipc   t3, 0x2
0 0x00000000800003f4 (0x00002e17) x28 0x00000000800023f4
core   0: 0x00000000800003f8 (0xc0ce0e13) addi    t3, t3, -1012
0 0x00000000800003f8 (0xc0ce0e13) x28 0x0000000080002000
core   0: 0x00000000800003fc (0x060e2223) sw      zero, 100(t3)
0 0x00000000800003fc (0x060e2223) mem 0x0000000080002064 0x0000000000000000
core   0: 0x0000000080000400 (0x01d01463) bne     zero, t4, pc + 8
0 0x0000000080000400 (0x01d01463)
core   0: 0x0000000080000404 (0x00301d63) bne     zero, gp, pc + 26
0 0x0000000080000404 (0x00301d63)
core   0: 0x000000008000041e (0x0ff0000f) fence   iorw,iorw
0 0x000000008000041e (0x0ff0000f)
core   0: 0x0000000080000422 (0x00004185) c.li    gp, 1
0 0x0000000080000422 (0x4185) x 3 0x0000000000000001
core   0: 0x0000000080000424 (0x00002e17) auipc   t3, 0x2
0 0x0000000080000424 (0x00002e17) x28 0x0000000080002424
core   0: 0x0000000080000428 (0xbdce0e13) addi    t3, t3, -1060
0 0x0000000080000428 (0xbdce0e13) x28 0x0000000080002000
core   0: 0x000000008000042c (0x003e2023) sw      gp, 0(t3)
0 0x000000008000042c (0x003e2023) mem 0x0000000080002000 0x0000000000000000
core   0: 0x0000000080000430 (0x00000073) ecall
0 0x0000000080000430 (0x00000073)
