core   0: 0x0000000000010000 (0x00100413) li      s0, 1
3 0x0000000000010000 (0x00100413) x 8 0x0000000000000001
core   0: 0x0000000000010004 (0x01f41413) slli    s0, s0, 31
3 0x0000000000010004 (0x01f41413) x 8 0x0000000080000000
core   0: 0x0000000000010008 (0xf1402573) csrr    a0, mhartid
3 0x0000000000010008 (0xf1402573) x10 0x0000000000000000
core   0: 0x000000000001000c (0x00000597) auipc   a1, 0x0
3 0x000000000001000c (0x00000597) x11 0x000000000001000c
core   0: 0x0000000000010010 (0x07458593) addi    a1, a1, 116
3 0x0000000000010010 (0x07458593) x11 0x0000000000010080
core   0: 0x0000000000010014 (0x00040067) jr      s0
3 0x0000000000010014 (0x00040067)
core   0: 0x0000000080000000 (0x0000a081) c.j     pc + 64
3 0x0000000080000000 (0xa081)
core   0: 0x0000000080000040 (0xf1402573) csrr    a0, mhartid
3 0x0000000080000040 (0xf1402573) x10 0x0000000000000000
core   0: 0x0000000080000044 (0x0000e101) c.bnez  a0, pc + 0
3 0x0000000080000044 (0xe101)
core   0: 0x0000000080000046 (0x00000297) auipc   t0, 0x0
3 0x0000000080000046 (0x00000297) x 5 0x0000000080000046
core   0: 0x000000008000004a (0x01228293) addi    t0, t0, 18
3 0x000000008000004a (0x01228293) x 5 0x0000000080000058
core   0: 0x000000008000004e (0x30529073) csrw    mtvec, t0
3 0x000000008000004e (0x30529073)
core   0: 0x0000000080000052 (0x18005073) csrwi   satp, 0
3 0x0000000080000052 (0x18005073)
core   0: 0x0000000080000056 (0x00000001) c.nop
3 0x0000000080000056 (0x0001)
core   0: 0x0000000080000058 (0x00000297) auipc   t0, 0x0
3 0x0000000080000058 (0x00000297) x 5 0x0000000080000058
core   0: 0x000000008000005c (0x01828293) addi    t0, t0, 24
3 0x000000008000005c (0x01828293) x 5 0x0000000080000070
core   0: 0x0000000080000060 (0x30529073) csrw    mtvec, t0
3 0x0000000080000060 (0x30529073)
core   0: 0x0000000080000064 (0x000052fd) c.li    t0, -1
3 0x0000000080000064 (0x52fd) x 5 0xffffffffffffffff
core   0: 0x0000000080000066 (0x3b029073) csrw    pmpaddr0, t0
3 0x0000000080000066 (0x3b029073)
core   0: 0x000000008000006a (0x000042fd) c.li    t0, 31
3 0x000000008000006a (0x42fd) x 5 0x000000000000001f
core   0: 0x000000008000006c (0x3a029073) csrw    pmpcfg0, t0
3 0x000000008000006c (0x3a029073)
core   0: 0x0000000080000070 (0x00000297) auipc   t0, 0x0
3 0x0000000080000070 (0x00000297) x 5 0x0000000080000070
core   0: 0x0000000080000074 (0x01828293) addi    t0, t0, 24
3 0x0000000080000074 (0x01828293) x 5 0x0000000080000088
core   0: 0x0000000080000078 (0x30529073) csrw    mtvec, t0
3 0x0000000080000078 (0x30529073)
core   0: 0x000000008000007c (0x30205073) csrwi   medeleg, 0
3 0x000000008000007c (0x30205073)
core   0: 0x0000000080000080 (0x30305073) csrwi   mideleg, 0
3 0x0000000080000080 (0x30305073)
core   0: 0x0000000080000084 (0x30405073) csrwi   mie, 0
3 0x0000000080000084 (0x30405073)
core   0: 0x0000000080000088 (0x00004181) c.li    gp, 0
3 0x0000000080000088 (0x4181) x 3 0x0000000000000000
core   0: 0x000000008000008a (0x00000297) auipc   t0, 0x0
3 0x000000008000008a (0x00000297) x 5 0x000000008000008a
core   0: 0x000000008000008e (0xf7a28293) addi    t0, t0, -134
3 0x000000008000008e (0xf7a28293) x 5 0x0000000080000004
core   0: 0x0000000080000092 (0x30529073) csrw    mtvec, t0
3 0x0000000080000092 (0x30529073)
core   0: 0x0000000080000096 (0x00004505) c.li    a0, 1
3 0x0000000080000096 (0x4505) x10 0x0000000000000001
core   0: 0x0000000080000098 (0x0000057e) c.slli  a0, 31
3 0x0000000080000098 (0x057e) x10 0x0000000080000000
core   0: 0x000000008000009a (0x00055d63) bgez    a0, pc + 26
3 0x000000008000009a (0x00055d63)
core   0: 0x00000000800000b4 (0x80000297) auipc   t0, 0x80000
3 0x00000000800000b4 (0x80000297) x 5 0x00000000000000b4
core   0: 0x00000000800000b8 (0xf4c28293) addi    t0, t0, -180
3 0x00000000800000b8 (0xf4c28293) x 5 0x0000000000000000
core   0: 0x00000000800000bc (0x00028e63) beqz    t0, pc + 28
3 0x00000000800000bc (0x00028e63)
core   0: 0x00000000800000d8 (0x30005073) csrwi   mstatus, 0
3 0x00000000800000d8 (0x30005073)
core   0: 0x00000000800000dc (0x00000297) auipc   t0, 0x0
3 0x00000000800000dc (0x00000297) x 5 0x00000000800000dc
core   0: 0x00000000800000e0 (0x01428293) addi    t0, t0, 20
3 0x00000000800000e0 (0x01428293) x 5 0x00000000800000f0
core   0: 0x00000000800000e4 (0x34129073) csrw    mepc, t0
3 0x00000000800000e4 (0x34129073)
core   0: 0x00000000800000e8 (0xf1402573) csrr    a0, mhartid
3 0x00000000800000e8 (0xf1402573) x10 0x0000000000000000
core   0: 0x00000000800000ec (0x30200073) mret
3 0x00000000800000ec (0x30200073)
core   0: 0x00000000800000f0 (0x000100b7) lui     ra, 0x10
0 0x00000000800000f0 (0x000100b7) x 1 0x0000000000010000
core   0: 0x00000000800000f4 (0xf010809b) addiw   ra, ra, -255
0 0x00000000800000f4 (0xf010809b) x 1 0x000000000000ff01
core   0: 0x00000000800000f8 (0x01009093) slli    ra, ra, 16
0 0x00000000800000f8 (0x01009093) x 1 0x00000000ff010000
core   0: 0x00000000800000fc (0xf0008093) addi    ra, ra, -256
0 0x00000000800000fc (0xf0008093) x 1 0x00000000ff00ff00
core   0: 0x0000000080000100 (0xf0f0ff13) andi    t5, ra, -241
0 0x0000000080000100 (0xf0f0ff13) x30 0x00000000ff00ff00
core   0: 0x0000000080000104 (0x00010eb7) lui     t4, 0x10
0 0x0000000080000104 (0x00010eb7) x29 0x0000000000010000
core   0: 0x0000000080000108 (0xf01e8e9b) addiw   t4, t4, -255
0 0x0000000080000108 (0xf01e8e9b) x29 0x000000000000ff01
core   0: 0x000000008000010c (0x010e9e93) slli    t4, t4, 16
0 0x000000008000010c (0x010e9e93) x29 0x00000000ff010000
core   0: 0x0000000080000110 (0xf00e8e93) addi    t4, t4, -256
0 0x0000000080000110 (0xf00e8e93) x29 0x00000000ff00ff00
core   0: 0x0000000080000114 (0x00004189) c.li    gp, 2
0 0x0000000080000114 (0x4189) x 3 0x0000000000000002
core   0: 0x0000000080000116 (0x00002e17) auipc   t3, 0x2
0 0x0000000080000116 (0x00002e17) x28 0x0000000080002116
core   0: 0x000000008000011a (0xeeae0e13) addi    t3, t3, -278
0 0x000000008000011a (0xeeae0e13) x28 0x0000000080002000
core   0: 0x000000008000011e (0x01ee2423) sw      t5, 8(t3)
0 0x000000008000011e (0x01ee2423) mem 0x0000000080002008 0x0000000000000000
core   0: 0x0000000080000122 (0x21df1663) bne     t5, t4, pc + 524
0 0x0000000080000122 (0x21df1663)
core   0: 0x0000000080000126 (0x0ff010b7) lui     ra, 0xff01
0 0x0000000080000126 (0x0ff010b7) x 1 0x000000000ff01000
core   0: 0x000000008000012a (0xff00809b) addiw   ra, ra, -16
0 0x000000008000012a (0xff00809b) x 1 0x000000000ff00ff0
core   0: 0x000000008000012e (0x0f00ff13) andi    t5, ra, 240
0 0x000000008000012e (0x0f00ff13) x30 0x00000000000000f0
core   0: 0x0000000080000132 (0x0f000e93) li      t4, 240
0 0x0000000080000132 (0x0f000e93) x29 0x00000000000000f0
core   0: 0x0000000080000136 (0x0000418d) c.li    gp, 3
0 0x0000000080000136 (0x418d) x 3 0x0000000000000003
core   0: 0x0000000080000138 (0x00002e17) auipc   t3, 0x2
0 0x0000000080000138 (0x00002e17) x28 0x0000000080002138
core   0: 0x000000008000013c (0xec8e0e13) addi    t3, t3, -312
0 0x000000008000013c (0xec8e0e13) x28 0x0000000080002000
core   0: 0x0000000080000140 (0x01ee2623) sw      t5, 12(t3)
0 0x0000000080000140 (0x01ee2623) mem 0x000000008000200c 0x0000000000000000
core   0: 0x0000000080000144 (0x1fdf1563) bne     t5, t4, pc + 490
0 0x0000000080000144 (0x1fdf1563)
core   0: 0x0000000080000148 (0x00ff00b7) lui     ra, 0xff0
0 0x0000000080000148 (0x00ff00b7) x 1 0x0000000000ff0000
core   0: 0x000000008000014c (0x0ff0809b) addiw   ra, ra, 255
0 0x000000008000014c (0x0ff0809b) x 1 0x0000000000ff00ff
core   0: 0x0000000080000150 (0x70f0ff13) andi    t5, ra, 1807
0 0x0000000080000150 (0x70f0ff13) x30 0x000000000000000f
core   0: 0x0000000080000154 (0x00004ebd) c.li    t4, 15
0 0x0000000080000154 (0x4ebd) x29 0x000000000000000f
core   0: 0x0000000080000156 (0x00004191) c.li    gp, 4
0 0x0000000080000156 (0x4191) x 3 0x0000000000000004
core   0: 0x0000000080000158 (0x00002e17) auipc   t3, 0x2
0 0x0000000080000158 (0x00002e17) x28 0x0000000080002158
core   0: 0x000000008000015c (0xea8e0e13) addi    t3, t3, -344
0 0x000000008000015c (0xea8e0e13) x28 0x0000000080002000
core   0: 0x0000000080000160 (0x01ee2823) sw      t5, 16(t3)
0 0x0000000080000160 (0x01ee2823) mem 0x0000000080002010 0x0000000000000000
core   0: 0x0000000080000164 (0x1ddf1563) bne     t5, t4, pc + 458
0 0x0000000080000164 (0x1ddf1563)
core   0: 0x0000000080000168 (0x000f00b7) lui     ra, 0xf0
0 0x0000000080000168 (0x000f00b7) x 1 0x00000000000f0000
core   0: 0x000000008000016c (0x0ff0809b) addiw   ra, ra, 255
0 0x000000008000016c (0x0ff0809b) x 1 0x00000000000f00ff
core   0: 0x0000000080000170 (0x00c09093) slli    ra, ra, 12
0 0x0000000080000170 (0x00c09093) x 1 0x00000000f00ff000
core   0: 0x0000000080000174 (0x00f08093) addi    ra, ra, 15
0 0x0000000080000174 (0x00f08093) x 1 0x00000000f00ff00f
core   0: 0x0000000080000178 (0x0f00ff13) andi    t5, ra, 240
0 0x0000000080000178 (0x0f00ff13) x30 0x0000000000000000
core   0: 0x000000008000017c (0x00004e81) c.li    t4, 0
0 0x000000008000017c (0x4e81) x29 0x0000000000000000
core   0: 0x000000008000017e (0x00004195) c.li    gp, 5
0 0x000000008000017e (0x4195) x 3 0x0000000000000005
core   0: 0x0000000080000180 (0x00002e17) auipc   t3, 0x2
0 0x0000000080000180 (0x00002e17) x28 0x0000000080002180
core   0: 0x0000000080000184 (0xe80e0e13) addi    t3, t3, -384
0 0x0000000080000184 (0xe80e0e13) x28 0x0000000080002000
core   0: 0x0000000080000188 (0x01ee2a23) sw      t5, 20(t3)
0 0x0000000080000188 (0x01ee2a23) mem 0x0000000080002014 0x0000000000000000
core   0: 0x000000008000018c (0x1bdf1163) bne     t5, t4, pc + 418
0 0x000000008000018c (0x1bdf1163)
core   0: 0x0000000080000190 (0x000100b7) lui     ra, 0x10
0 0x0000000080000190 (0x000100b7) x 1 0x0000000000010000
core   0: 0x0000000080000194 (0xf010809b) addiw   ra, ra, -255
0 0x0000000080000194 (0xf010809b) x 1 0x000000000000ff01
core   0: 0x0000000080000198 (0x01009093) slli    ra, ra, 16
0 0x0000000080000198 (0x01009093) x 1 0x00000000ff010000
core   0: 0x000000008000019c (0xf0008093) addi    ra, ra, -256
0 0x000000008000019c (0xf0008093) x 1 0x00000000ff00ff00
core   0: 0x00000000800001a0 (0x0f00f093) andi    ra, ra, 240
0 0x00000000800001a0 (0x0f00f093) x 1 0x0000000000000000
core   0: 0x00000000800001a4 (0x00004e81) c.li    t4, 0
0 0x00000000800001a4 (0x4e81) x29 0x0000000000000000
core   0: 0x00000000800001a6 (0x00004199) c.li    gp, 6
0 0x00000000800001a6 (0x4199) x 3 0x0000000000000006
core   0: 0x00000000800001a8 (0x00002e17) auipc   t3, 0x2
0 0x00000000800001a8 (0x00002e17) x28 0x00000000800021a8
core   0: 0x00000000800001ac (0xe58e0e13) addi    t3, t3, -424
0 0x00000000800001ac (0xe58e0e13) x28 0x0000000080002000
core   0: 0x00000000800001b0 (0x001e2c23) sw      ra, 24(t3)
0 0x00000000800001b0 (0x001e2c23) mem 0x0000000080002018 0x0000000000000000
core   0: 0x00000000800001b4 (0x17d09d63) bne     ra, t4, pc + 378
0 0x00000000800001b4 (0x17d09d63)
core   0: 0x00000000800001b8 (0x00004201) c.li    tp, 0
0 0x00000000800001b8 (0x4201) x 4 0x0000000000000000
core   0: 0x00000000800001ba (0x0ff010b7) lui     ra, 0xff01
0 0x00000000800001ba (0x0ff010b7) x 1 0x000000000ff01000
core   0: 0x00000000800001be (0xff00809b) addiw   ra, ra, -16
0 0x00000000800001be (0xff00809b) x 1 0x000000000ff00ff0
core   0: 0x00000000800001c2 (0x70f0ff13) andi    t5, ra, 1807
0 0x00000000800001c2 (0x70f0ff13) x30 0x0000000000000700
core   0: 0x00000000800001c6 (0x000f0313) mv      t1, t5
0 0x00000000800001c6 (0x000f0313) x 6 0x0000000000000700
core   0: 0x00000000800001ca (0x00000205) c.addi  tp, 1
0 0x00000000800001ca (0x0205) x 4 0x0000000000000001
core   0: 0x00000000800001cc (0x00004289) c.li    t0, 2
0 0x00000000800001cc (0x4289) x 5 0x0000000000000002
core   0: 0x00000000800001ce (0xfe5216e3) bne     tp, t0, pc - 20
0 0x00000000800001ce (0xfe5216e3)
core   0: 0x00000000800001ba (0x0ff010b7) lui     ra, 0xff01
0 0x00000000800001ba (0x0ff010b7) x 1 0x000000000ff01000
core   0: 0x00000000800001be (0xff00809b) addiw   ra, ra, -16
0 0x00000000800001be (0xff00809b) x 1 0x000000000ff00ff0
core   0: 0x00000000800001c2 (0x70f0ff13) andi    t5, ra, 1807
0 0x00000000800001c2 (0x70f0ff13) x30 0x0000000000000700
core   0: 0x00000000800001c6 (0x000f0313) mv      t1, t5
0 0x00000000800001c6 (0x000f0313) x 6 0x0000000000000700
core   0: 0x00000000800001ca (0x00000205) c.addi  tp, 1
0 0x00000000800001ca (0x0205) x 4 0x0000000000000002
core   0: 0x00000000800001cc (0x00004289) c.li    t0, 2
0 0x00000000800001cc (0x4289) x 5 0x0000000000000002
core   0: 0x00000000800001ce (0xfe5216e3) bne     tp, t0, pc - 20
0 0x00000000800001ce (0xfe5216e3)
core   0: 0x00000000800001d2 (0x70000e93) li      t4, 1792
0 0x00000000800001d2 (0x70000e93) x29 0x0000000000000700
core   0: 0x00000000800001d6 (0x0000419d) c.li    gp, 7
0 0x00000000800001d6 (0x419d) x 3 0x0000000000000007
core   0: 0x00000000800001d8 (0x00002e17) auipc   t3, 0x2
0 0x00000000800001d8 (0x00002e17) x28 0x00000000800021d8
core   0: 0x00000000800001dc (0xe28e0e13) addi    t3, t3, -472
0 0x00000000800001dc (0xe28e0e13) x28 0x0000000080002000
core   0: 0x00000000800001e0 (0x006e2e23) sw      t1, 28(t3)
0 0x00000000800001e0 (0x006e2e23) mem 0x000000008000201c 0x0000000000000000
core   0: 0x00000000800001e4 (0x15d31563) bne     t1, t4, pc + 330
0 0x00000000800001e4 (0x15d31563)
core   0: 0x00000000800001e8 (0x00004201) c.li    tp, 0
0 0x00000000800001e8 (0x4201) x 4 0x0000000000000000
core   0: 0x00000000800001ea (0x00ff00b7) lui     ra, 0xff0
0 0x00000000800001ea (0x00ff00b7) x 1 0x0000000000ff0000
core   0: 0x00000000800001ee (0x0ff0809b) addiw   ra, ra, 255
0 0x00000000800001ee (0x0ff0809b) x 1 0x0000000000ff00ff
core   0: 0x00000000800001f2 (0x0f00ff13) andi    t5, ra, 240
0 0x00000000800001f2 (0x0f00ff13) x30 0x00000000000000f0
core   0: 0x00000000800001f6 (0x00000001) c.nop
0 0x00000000800001f6 (0x0001)
core   0: 0x00000000800001f8 (0x000f0313) mv      t1, t5
0 0x00000000800001f8 (0x000f0313) x 6 0x00000000000000f0
core   0: 0x00000000800001fc (0x00000205) c.addi  tp, 1
0 0x00000000800001fc (0x0205) x 4 0x0000000000000001
core   0: 0x00000000800001fe (0x00004289) c.li    t0, 2
0 0x00000000800001fe (0x4289) x 5 0x0000000000000002
core   0: 0x0000000080000200 (0xfe5215e3) bne     tp, t0, pc - 22
0 0x0000000080000200 (0xfe5215e3)
core   0: 0x00000000800001ea (0x00ff00b7) lui     ra, 0xff0
0 0x00000000800001ea (0x00ff00b7) x 1 0x0000000000ff0000
core   0: 0x00000000800001ee (0x0ff0809b) addiw   ra, ra, 255
0 0x00000000800001ee (0x0ff0809b) x 1 0x0000000000ff00ff
core   0: 0x00000000800001f2 (0x0f00ff13) andi    t5, ra, 240
0 0x00000000800001f2 (0x0f00ff13) x30 0x00000000000000f0
core   0: 0x00000000800001f6 (0x00000001) c.nop
0 0x00000000800001f6 (0x0001)
core   0: 0x00000000800001f8 (0x000f0313) mv      t1, t5
0 0x00000000800001f8 (0x000f0313) x 6 0x00000000000000f0
core   0: 0x00000000800001fc (0x00000205) c.addi  tp, 1
0 0x00000000800001fc (0x0205) x 4 0x0000000000000002
core   0: 0x00000000800001fe (0x00004289) c.li    t0, 2
0 0x00000000800001fe (0x4289) x 5 0x0000000000000002
core   0: 0x0000000080000200 (0xfe5215e3) bne     tp, t0, pc - 22
0 0x0000000080000200 (0xfe5215e3)
core   0: 0x0000000080000204 (0x0f000e93) li      t4, 240
0 0x0000000080000204 (0x0f000e93) x29 0x00000000000000f0
core   0: 0x0000000080000208 (0x000041a1) c.li    gp, 8
0 0x0000000080000208 (0x41a1) x 3 0x0000000000000008
core   0: 0x000000008000020a (0x00002e17) auipc   t3, 0x2
0 0x000000008000020a (0x00002e17) x28 0x000000008000220a
core   0: 0x000000008000020e (0xdf6e0e13) addi    t3, t3, -522
0 0x000000008000020e (0xdf6e0e13) x28 0x0000000080002000
core   0: 0x0000000080000212 (0x026e2023) sw      t1, 32(t3)
0 0x0000000080000212 (0x026e2023) mem 0x0000000080002020 0x0000000000000000
core   0: 0x0000000080000216 (0x11d31c63) bne     t1, t4, pc + 280
0 0x0000000080000216 (0x11d31c63)
core   0: 0x000000008000021a (0x00004201) c.li    tp, 0
0 0x000000008000021a (0x4201) x 4 0x0000000000000000
core   0: 0x000000008000021c (0x000f00b7) lui     ra, 0xf0
0 0x000000008000021c (0x000f00b7) x 1 0x00000000000f0000
core   0: 0x0000000080000220 (0x0ff0809b) addiw   ra, ra, 255
0 0x0000000080000220 (0x0ff0809b) x 1 0x00000000000f00ff
core   0: 0x0000000080000224 (0x00c09093) slli    ra, ra, 12
0 0x0000000080000224 (0x00c09093) x 1 0x00000000f00ff000
core   0: 0x0000000080000228 (0x00f08093) addi    ra, ra, 15
0 0x0000000080000228 (0x00f08093) x 1 0x00000000f00ff00f
core   0: 0x000000008000022c (0xf0f0ff13) andi    t5, ra, -241
0 0x000000008000022c (0xf0f0ff13) x30 0x00000000f00ff00f
core   0: 0x0000000080000230 (0x00000001) c.nop
0 0x0000000080000230 (0x0001)
core   0: 0x0000000080000232 (0x00000001) c.nop
0 0x0000000080000232 (0x0001)
core   0: 0x0000000080000234 (0x000f0313) mv      t1, t5
0 0x0000000080000234 (0x000f0313) x 6 0x00000000f00ff00f
core   0: 0x0000000080000238 (0x00000205) c.addi  tp, 1
0 0x0000000080000238 (0x0205) x 4 0x0000000000000001
core   0: 0x000000008000023a (0x00004289) c.li    t0, 2
0 0x000000008000023a (0x4289) x 5 0x0000000000000002
core   0: 0x000000008000023c (0xfe5210e3) bne     tp, t0, pc - 32
0 0x000000008000023c (0xfe5210e3)
core   0: 0x000000008000021c (0x000f00b7) lui     ra, 0xf0
0 0x000000008000021c (0x000f00b7) x 1 0x00000000000f0000
core   0: 0x0000000080000220 (0x0ff0809b) addiw   ra, ra, 255
0 0x0000000080000220 (0x0ff0809b) x 1 0x00000000000f00ff
core   0: 0x0000000080000224 (0x00c09093) slli    ra, ra, 12
0 0x0000000080000224 (0x00c09093) x 1 0x00000000f00ff000
core   0: 0x0000000080000228 (0x00f08093) addi    ra, ra, 15
0 0x0000000080000228 (0x00f08093) x 1 0x00000000f00ff00f
core   0: 0x000000008000022c (0xf0f0ff13) andi    t5, ra, -241
0 0x000000008000022c (0xf0f0ff13) x30 0x00000000f00ff00f
core   0: 0x0000000080000230 (0x00000001) c.nop
0 0x0000000080000230 (0x0001)
core   0: 0x0000000080000232 (0x00000001) c.nop
0 0x0000000080000232 (0x0001)
core   0: 0x0000000080000234 (0x000f0313) mv      t1, t5
0 0x0000000080000234 (0x000f0313) x 6 0x00000000f00ff00f
core   0: 0x0000000080000238 (0x00000205) c.addi  tp, 1
0 0x0000000080000238 (0x0205) x 4 0x0000000000000002
core   0: 0x000000008000023a (0x00004289) c.li    t0, 2
0 0x000000008000023a (0x4289) x 5 0x0000000000000002
core   0: 0x000000008000023c (0xfe5210e3) bne     tp, t0, pc - 32
0 0x000000008000023c (0xfe5210e3)
core   0: 0x0000000080000240 (0x000f0eb7) lui     t4, 0xf0
0 0x0000000080000240 (0x000f0eb7) x29 0x00000000000f0000
core   0: 0x0000000080000244 (0x0ffe8e9b) addiw   t4, t4, 255
0 0x0000000080000244 (0x0ffe8e9b) x29 0x00000000000f00ff
core   0: 0x0000000080000248 (0x00ce9e93) slli    t4, t4, 12
0 0x0000000080000248 (0x00ce9e93) x29 0x00000000f00ff000
core   0: 0x000000008000024c (0x00fe8e93) addi    t4, t4, 15
0 0x000000008000024c (0x00fe8e93) x29 0x00000000f00ff00f
core   0: 0x0000000080000250 (0x000041a5) c.li    gp, 9
0 0x0000000080000250 (0x41a5) x 3 0x0000000000000009
core   0: 0x0000000080000252 (0x00002e17) auipc   t3, 0x2
0 0x0000000080000252 (0x00002e17) x28 0x0000000080002252
core   0: 0x0000000080000256 (0xdaee0e13) addi    t3, t3, -594
0 0x0000000080000256 (0xdaee0e13) x28 0x0000000080002000
core   0: 0x000000008000025a (0x026e2223) sw      t1, 36(t3)
0 0x000000008000025a (0x026e2223) mem 0x0000000080002024 0x0000000000000000
core   0: 0x000000008000025e (0x0dd31863) bne     t1, t4, pc + 208
0 0x000000008000025e (0x0dd31863)
core   0: 0x0000000080000262 (0x00004201) c.li    tp, 0
0 0x0000000080000262 (0x4201) x 4 0x0000000000000000
core   0: 0x0000000080000264 (0x0ff010b7) lui     ra, 0xff01
0 0x0000000080000264 (0x0ff010b7) x 1 0x000000000ff01000
core   0: 0x0000000080000268 (0xff00809b) addiw   ra, ra, -16
0 0x0000000080000268 (0xff00809b) x 1 0x000000000ff00ff0
core   0: 0x000000008000026c (0x70f0ff13) andi    t5, ra, 1807
0 0x000000008000026c (0x70f0ff13) x30 0x0000000000000700
core   0: 0x0000000080000270 (0x00000205) c.addi  tp, 1
0 0x0000000080000270 (0x0205) x 4 0x0000000000000001
core   0: 0x0000000080000272 (0x00004289) c.li    t0, 2
0 0x0000000080000272 (0x4289) x 5 0x0000000000000002
core   0: 0x0000000080000274 (0xfe5218e3) bne     tp, t0, pc - 16
0 0x0000000080000274 (0xfe5218e3)
core   0: 0x0000000080000264 (0x0ff010b7) lui     ra, 0xff01
0 0x0000000080000264 (0x0ff010b7) x 1 0x000000000ff01000
core   0: 0x0000000080000268 (0xff00809b) addiw   ra, ra, -16
0 0x0000000080000268 (0xff00809b) x 1 0x000000000ff00ff0
core   0: 0x000000008000026c (0x70f0ff13) andi    t5, ra, 1807
0 0x000000008000026c (0x70f0ff13) x30 0x0000000000000700
core   0: 0x0000000080000270 (0x00000205) c.addi  tp, 1
0 0x0000000080000270 (0x0205) x 4 0x0000000000000002
core   0: 0x0000000080000272 (0x00004289) c.li    t0, 2
0 0x0000000080000272 (0x4289) x 5 0x0000000000000002
core   0: 0x0000000080000274 (0xfe5218e3) bne     tp, t0, pc - 16
0 0x0000000080000274 (0xfe5218e3)
core   0: 0x0000000080000278 (0x70000e93) li      t4, 1792
0 0x0000000080000278 (0x70000e93) x29 0x0000000000000700
core   0: 0x000000008000027c (0x000041a9) c.li    gp, 10
0 0x000000008000027c (0x41a9) x 3 0x000000000000000a
core   0: 0x000000008000027e (0x00002e17) auipc   t3, 0x2
0 0x000000008000027e (0x00002e17) x28 0x000000008000227e
core   0: 0x0000000080000282 (0xd82e0e13) addi    t3, t3, -638
0 0x0000000080000282 (0xd82e0e13) x28 0x0000000080002000
core   0: 0x0000000080000286 (0x03ee2423) sw      t5, 40(t3)
0 0x0000000080000286 (0x03ee2423) mem 0x0000000080002028 0x0000000000000000
core   0: 0x000000008000028a (0x0bdf1263) bne     t5, t4, pc + 164
0 0x000000008000028a (0x0bdf1263)
core   0: 0x000000008000028e (0x00004201) c.li    tp, 0
0 0x000000008000028e (0x4201) x 4 0x0000000000000000
core   0: 0x0000000080000290 (0x00ff00b7) lui     ra, 0xff0
0 0x0000000080000290 (0x00ff00b7) x 1 0x0000000000ff0000
core   0: 0x0000000080000294 (0x0ff0809b) addiw   ra, ra, 255
0 0x0000000080000294 (0x0ff0809b) x 1 0x0000000000ff00ff
core   0: 0x0000000080000298 (0x00000001) c.nop
0 0x0000000080000298 (0x0001)
core   0: 0x000000008000029a (0x0f00ff13) andi    t5, ra, 240
0 0x000000008000029a (0x0f00ff13) x30 0x00000000000000f0
core   0: 0x000000008000029e (0x00000205) c.addi  tp, 1
0 0x000000008000029e (0x0205) x 4 0x0000000000000001
core   0: 0x00000000800002a0 (0x00004289) c.li    t0, 2
0 0x00000000800002a0 (0x4289) x 5 0x0000000000000002
core   0: 0x00000000800002a2 (0xfe5217e3) bne     tp, t0, pc - 18
0 0x00000000800002a2 (0xfe5217e3)
core   0: 0x0000000080000290 (0x00ff00b7) lui     ra, 0xff0
0 0x0000000080000290 (0x00ff00b7) x 1 0x0000000000ff0000
core   0: 0x0000000080000294 (0x0ff0809b) addiw   ra, ra, 255
0 0x0000000080000294 (0x0ff0809b) x 1 0x0000000000ff00ff
core   0: 0x0000000080000298 (0x00000001) c.nop
0 0x0000000080000298 (0x0001)
core   0: 0x000000008000029a (0x0f00ff13) andi    t5, ra, 240
0 0x000000008000029a (0x0f00ff13) x30 0x00000000000000f0
core   0: 0x000000008000029e (0x00000205) c.addi  tp, 1
0 0x000000008000029e (0x0205) x 4 0x0000000000000002
core   0: 0x00000000800002a0 (0x00004289) c.li    t0, 2
0 0x00000000800002a0 (0x4289) x 5 0x0000000000000002
core   0: 0x00000000800002a2 (0xfe5217e3) bne     tp, t0, pc - 18
0 0x00000000800002a2 (0xfe5217e3)
core   0: 0x00000000800002a6 (0x0f000e93) li      t4, 240
0 0x00000000800002a6 (0x0f000e93) x29 0x00000000000000f0
core   0: 0x00000000800002aa (0x000041ad) c.li    gp, 11
0 0x00000000800002aa (0x41ad) x 3 0x000000000000000b
core   0: 0x00000000800002ac (0x00002e17) auipc   t3, 0x2
0 0x00000000800002ac (0x00002e17) x28 0x00000000800022ac
core   0: 0x00000000800002b0 (0xd54e0e13) addi    t3, t3, -684
0 0x00000000800002b0 (0xd54e0e13) x28 0x0000000080002000
core   0: 0x00000000800002b4 (0x03ee2623) sw      t5, 44(t3)
0 0x00000000800002b4 (0x03ee2623) mem 0x000000008000202c 0x0000000000000000
core   0: 0x00000000800002b8 (0x07df1b63) bne     t5, t4, pc + 118
0 0x00000000800002b8 (0x07df1b63)
core   0: 0x00000000800002bc (0x00004201) c.li    tp, 0
0 0x00000000800002bc (0x4201) x 4 0x0000000000000000
core   0: 0x00000000800002be (0x000f00b7) lui     ra, 0xf0
0 0x00000000800002be (0x000f00b7) x 1 0x00000000000f0000
core   0: 0x00000000800002c2 (0x0ff0809b) addiw   ra, ra, 255
0 0x00000000800002c2 (0x0ff0809b) x 1 0x00000000000f00ff
core   0: 0x00000000800002c6 (0x00c09093) slli    ra, ra, 12
0 0x00000000800002c6 (0x00c09093) x 1 0x00000000f00ff000
core   0: 0x00000000800002ca (0x00f08093) addi    ra, ra, 15
0 0x00000000800002ca (0x00f08093) x 1 0x00000000f00ff00f
core   0: 0x00000000800002ce (0x00000001) c.nop
0 0x00000000800002ce (0x0001)
core   0: 0x00000000800002d0 (0x00000001) c.nop
0 0x00000000800002d0 (0x0001)
core   0: 0x00000000800002d2 (0x70f0ff13) andi    t5, ra, 1807
0 0x00000000800002d2 (0x70f0ff13) x30 0x000000000000000f
core   0: 0x00000000800002d6 (0x00000205) c.addi  tp, 1
0 0x00000000800002d6 (0x0205) x 4 0x0000000000000001
core   0: 0x00000000800002d8 (0x00004289) c.li    t0, 2
0 0x00000000800002d8 (0x4289) x 5 0x0000000000000002
core   0: 0x00000000800002da (0xfe5212e3) bne     tp, t0, pc - 28
0 0x00000000800002da (0xfe5212e3)
core   0: 0x00000000800002be (0x000f00b7) lui     ra, 0xf0
0 0x00000000800002be (0x000f00b7) x 1 0x00000000000f0000
core   0: 0x00000000800002c2 (0x0ff0809b) addiw   ra, ra, 255
0 0x00000000800002c2 (0x0ff0809b) x 1 0x00000000000f00ff
core   0: 0x00000000800002c6 (0x00c09093) slli    ra, ra, 12
0 0x00000000800002c6 (0x00c09093) x 1 0x00000000f00ff000
core   0: 0x00000000800002ca (0x00f08093) addi    ra, ra, 15
0 0x00000000800002ca (0x00f08093) x 1 0x00000000f00ff00f
core   0: 0x00000000800002ce (0x00000001) c.nop
0 0x00000000800002ce (0x0001)
core   0: 0x00000000800002d0 (0x00000001) c.nop
0 0x00000000800002d0 (0x0001)
core   0: 0x00000000800002d2 (0x70f0ff13) andi    t5, ra, 1807
0 0x00000000800002d2 (0x70f0ff13) x30 0x000000000000000f
core   0: 0x00000000800002d6 (0x00000205) c.addi  tp, 1
0 0x00000000800002d6 (0x0205) x 4 0x0000000000000002
core   0: 0x00000000800002d8 (0x00004289) c.li    t0, 2
0 0x00000000800002d8 (0x4289) x 5 0x0000000000000002
core   0: 0x00000000800002da (0xfe5212e3) bne     tp, t0, pc - 28
0 0x00000000800002da (0xfe5212e3)
core   0: 0x00000000800002de (0x00004ebd) c.li    t4, 15
0 0x00000000800002de (0x4ebd) x29 0x000000000000000f
core   0: 0x00000000800002e0 (0x000041b1) c.li    gp, 12
0 0x00000000800002e0 (0x41b1) x 3 0x000000000000000c
core   0: 0x00000000800002e2 (0x00002e17) auipc   t3, 0x2
0 0x00000000800002e2 (0x00002e17) x28 0x00000000800022e2
core   0: 0x00000000800002e6 (0xd1ee0e13) addi    t3, t3, -738
0 0x00000000800002e6 (0xd1ee0e13) x28 0x0000000080002000
core   0: 0x00000000800002ea (0x03ee2823) sw      t5, 48(t3)
0 0x00000000800002ea (0x03ee2823) mem 0x0000000080002030 0x0000000000000000
core   0: 0x00000000800002ee (0x05df1063) bne     t5, t4, pc + 64
0 0x00000000800002ee (0x05df1063)
core   0: 0x00000000800002f2 (0x0f007093) andi    ra, zero, 240
0 0x00000000800002f2 (0x0f007093) x 1 0x0000000000000000
core   0: 0x00000000800002f6 (0x00004e81) c.li    t4, 0
0 0x00000000800002f6 (0x4e81) x29 0x0000000000000000
core   0: 0x00000000800002f8 (0x000041b5) c.li    gp, 13
0 0x00000000800002f8 (0x41b5) x 3 0x000000000000000d
core   0: 0x00000000800002fa (0x00002e17) auipc   t3, 0x2
0 0x00000000800002fa (0x00002e17) x28 0x00000000800022fa
core   0: 0x00000000800002fe (0xd06e0e13) addi    t3, t3, -762
0 0x00000000800002fe (0xd06e0e13) x28 0x0000000080002000
core   0: 0x0000000080000302 (0x021e2a23) sw      ra, 52(t3)
0 0x0000000080000302 (0x021e2a23) mem 0x0000000080002034 0x0000000000000000
core   0: 0x0000000080000306 (0x03d09463) bne     ra, t4, pc + 40
0 0x0000000080000306 (0x03d09463)
core   0: 0x000000008000030a (0x00ff00b7) lui     ra, 0xff0
0 0x000000008000030a (0x00ff00b7) x 1 0x0000000000ff0000
core   0: 0x000000008000030e (0x0ff0809b) addiw   ra, ra, 255
0 0x000000008000030e (0x0ff0809b) x 1 0x0000000000ff00ff
core   0: 0x0000000080000312 (0x70f0f013) andi    zero, ra, 1807
0 0x0000000080000312 (0x70f0f013)
core   0: 0x0000000080000316 (0x00004e81) c.li    t4, 0
0 0x0000000080000316 (0x4e81) x29 0x0000000000000000
core   0: 0x0000000080000318 (0x000041b9) c.li    gp, 14
0 0x0000000080000318 (0x41b9) x 3 0x000000000000000e
core   0: 0x000000008000031a (0x00002e17) auipc   t3, 0x2
0 0x000000008000031a (0x00002e17) x28 0x000000008000231a
core   0: 0x000000008000031e (0xce6e0e13) addi    t3, t3, -794
0 0x000000008000031e (0xce6e0e13) x28 0x0000000080002000
core   0: 0x0000000080000322 (0x020e2c23) sw      zero, 56(t3)
0 0x0000000080000322 (0x020e2c23) mem 0x0000000080002038 0x0000000000000000
core   0: 0x0000000080000326 (0x01d01463) bne     zero, t4, pc + 8
0 0x0000000080000326 (0x01d01463)
core   0: 0x000000008000032a (0x00301d63) bne     zero, gp, pc + 26
0 0x000000008000032a (0x00301d63)
core   0: 0x0000000080000344 (0x0ff0000f) fence   iorw,iorw
0 0x0000000080000344 (0x0ff0000f)
core   0: 0x0000000080000348 (0x00004185) c.li    gp, 1
0 0x0000000080000348 (0x4185) x 3 0x0000000000000001
core   0: 0x000000008000034a (0x00002e17) auipc   t3, 0x2
0 0x000000008000034a (0x00002e17) x28 0x000000008000234a
core   0: 0x000000008000034e (0xcb6e0e13) addi    t3, t3, -842
0 0x000000008000034e (0xcb6e0e13) x28 0x0000000080002000
core   0: 0x0000000080000352 (0x003e2023) sw      gp, 0(t3)
0 0x0000000080000352 (0x003e2023) mem 0x0000000080002000 0x0000000000000000
core   0: 0x0000000080000356 (0x00000073) ecall
0 0x0000000080000356 (0x00000073)
