core   0: 0x0000000000010000 (0x00100413) li      s0, 1
3 0x0000000000010000 (0x00100413) x 8 0x0000000000000001
core   0: 0x0000000000010004 (0x01f41413) slli    s0, s0, 31
3 0x0000000000010004 (0x01f41413) x 8 0x0000000080000000
core   0: 0x0000000000010008 (0xf1402573) csrr    a0, mhartid
3 0x0000000000010008 (0xf1402573) x10 0x0000000000000000
core   0: 0x000000000001000c (0x00000597) auipc   a1, 0x0
3 0x000000000001000c (0x00000597) x11 0x000000000001000c
core   0: 0x0000000000010010 (0x07458593) addi    a1, a1, 116
3 0x0000000000010010 (0x07458593) x11 0x0000000000010080
core   0: 0x0000000000010014 (0x00040067) jr      s0
3 0x0000000000010014 (0x00040067)
core   0: 0x0000000080000000 (0x0000a081) c.j     pc + 64
3 0x0000000080000000 (0xa081)
core   0: 0x0000000080000040 (0xf1402573) csrr    a0, mhartid
3 0x0000000080000040 (0xf1402573) x10 0x0000000000000000
core   0: 0x0000000080000044 (0x0000e101) c.bnez  a0, pc + 0
3 0x0000000080000044 (0xe101)
core   0: 0x0000000080000046 (0x00000297) auipc   t0, 0x0
3 0x0000000080000046 (0x00000297) x 5 0x0000000080000046
core   0: 0x000000008000004a (0x01228293) addi    t0, t0, 18
3 0x000000008000004a (0x01228293) x 5 0x0000000080000058
core   0: 0x000000008000004e (0x30529073) csrw    mtvec, t0
3 0x000000008000004e (0x30529073)
core   0: 0x0000000080000052 (0x18005073) csrwi   satp, 0
3 0x0000000080000052 (0x18005073)
core   0: 0x0000000080000056 (0x00000001) c.nop
3 0x0000000080000056 (0x0001)
core   0: 0x0000000080000058 (0x00000297) auipc   t0, 0x0
3 0x0000000080000058 (0x00000297) x 5 0x0000000080000058
core   0: 0x000000008000005c (0x01828293) addi    t0, t0, 24
3 0x000000008000005c (0x01828293) x 5 0x0000000080000070
core   0: 0x0000000080000060 (0x30529073) csrw    mtvec, t0
3 0x0000000080000060 (0x30529073)
core   0: 0x0000000080000064 (0x000052fd) c.li    t0, -1
3 0x0000000080000064 (0x52fd) x 5 0xffffffffffffffff
core   0: 0x0000000080000066 (0x3b029073) csrw    pmpaddr0, t0
3 0x0000000080000066 (0x3b029073)
core   0: 0x000000008000006a (0x000042fd) c.li    t0, 31
3 0x000000008000006a (0x42fd) x 5 0x000000000000001f
core   0: 0x000000008000006c (0x3a029073) csrw    pmpcfg0, t0
3 0x000000008000006c (0x3a029073)
core   0: 0x0000000080000070 (0x00000297) auipc   t0, 0x0
3 0x0000000080000070 (0x00000297) x 5 0x0000000080000070
core   0: 0x0000000080000074 (0x01828293) addi    t0, t0, 24
3 0x0000000080000074 (0x01828293) x 5 0x0000000080000088
core   0: 0x0000000080000078 (0x30529073) csrw    mtvec, t0
3 0x0000000080000078 (0x30529073)
core   0: 0x000000008000007c (0x30205073) csrwi   medeleg, 0
3 0x000000008000007c (0x30205073)
core   0: 0x0000000080000080 (0x30305073) csrwi   mideleg, 0
3 0x0000000080000080 (0x30305073)
core   0: 0x0000000080000084 (0x30405073) csrwi   mie, 0
3 0x0000000080000084 (0x30405073)
core   0: 0x0000000080000088 (0x00004181) c.li    gp, 0
3 0x0000000080000088 (0x4181) x 3 0x0000000000000000
core   0: 0x000000008000008a (0x00000297) auipc   t0, 0x0
3 0x000000008000008a (0x00000297) x 5 0x000000008000008a
core   0: 0x000000008000008e (0xf7a28293) addi    t0, t0, -134
3 0x000000008000008e (0xf7a28293) x 5 0x0000000080000004
core   0: 0x0000000080000092 (0x30529073) csrw    mtvec, t0
3 0x0000000080000092 (0x30529073)
core   0: 0x0000000080000096 (0x00004505) c.li    a0, 1
3 0x0000000080000096 (0x4505) x10 0x0000000000000001
core   0: 0x0000000080000098 (0x0000057e) c.slli  a0, 31
3 0x0000000080000098 (0x057e) x10 0x0000000080000000
core   0: 0x000000008000009a (0x00055d63) bgez    a0, pc + 26
3 0x000000008000009a (0x00055d63)
core   0: 0x00000000800000b4 (0x80000297) auipc   t0, 0x80000
3 0x00000000800000b4 (0x80000297) x 5 0x00000000000000b4
core   0: 0x00000000800000b8 (0xf4c28293) addi    t0, t0, -180
3 0x00000000800000b8 (0xf4c28293) x 5 0x0000000000000000
core   0: 0x00000000800000bc (0x00028e63) beqz    t0, pc + 28
3 0x00000000800000bc (0x00028e63)
core   0: 0x00000000800000d8 (0x30005073) csrwi   mstatus, 0
3 0x00000000800000d8 (0x30005073)
core   0: 0x00000000800000dc (0x00000297) auipc   t0, 0x0
3 0x00000000800000dc (0x00000297) x 5 0x00000000800000dc
core   0: 0x00000000800000e0 (0x01428293) addi    t0, t0, 20
3 0x00000000800000e0 (0x01428293) x 5 0x00000000800000f0
core   0: 0x00000000800000e4 (0x34129073) csrw    mepc, t0
3 0x00000000800000e4 (0x34129073)
core   0: 0x00000000800000e8 (0xf1402573) csrr    a0, mhartid
3 0x00000000800000e8 (0xf1402573) x10 0x0000000000000000
core   0: 0x00000000800000ec (0x30200073) mret
3 0x00000000800000ec (0x30200073)
core   0: 0x00000000800000f0 (0x00004189) c.li    gp, 2
0 0x00000000800000f0 (0x4189) x 3 0x0000000000000002
core   0: 0x00000000800000f2 (0x00002e17) auipc   t3, 0x2
0 0x00000000800000f2 (0x00002e17) x28 0x00000000800020f2
core   0: 0x00000000800000f6 (0xf0ee0e13) addi    t3, t3, -242
0 0x00000000800000f6 (0xf0ee0e13) x28 0x0000000080002000
core   0: 0x00000000800000fa (0x003e2423) sw      gp, 8(t3)
0 0x00000000800000fa (0x003e2423) mem 0x0000000080002008 0x0000000000000000
core   0: 0x00000000800000fe (0x00004081) c.li    ra, 0
0 0x00000000800000fe (0x4081) x 1 0x0000000000000000
core   0: 0x0000000080000100 (0x00004101) c.li    sp, 0
0 0x0000000080000100 (0x4101) x 2 0x0000000000000000
core   0: 0x0000000080000102 (0x0020d663) bge     ra, sp, pc + 12
0 0x0000000080000102 (0x0020d663)
core   0: 0x000000008000010e (0xfe20dee3) bge     ra, sp, pc - 4
0 0x000000008000010e (0xfe20dee3)
core   0: 0x000000008000010a (0x00301663) bne     zero, gp, pc + 12
0 0x000000008000010a (0x00301663)
core   0: 0x0000000080000116 (0x0000418d) c.li    gp, 3
0 0x0000000080000116 (0x418d) x 3 0x0000000000000003
core   0: 0x0000000080000118 (0x00002e17) auipc   t3, 0x2
0 0x0000000080000118 (0x00002e17) x28 0x0000000080002118
core   0: 0x000000008000011c (0xee8e0e13) addi    t3, t3, -280
0 0x000000008000011c (0xee8e0e13) x28 0x0000000080002000
core   0: 0x0000000080000120 (0x003e2623) sw      gp, 12(t3)
0 0x0000000080000120 (0x003e2623) mem 0x000000008000200c 0x0000000000000000
core   0: 0x0000000080000124 (0x00004085) c.li    ra, 1
0 0x0000000080000124 (0x4085) x 1 0x0000000000000001
core   0: 0x0000000080000126 (0x00004105) c.li    sp, 1
0 0x0000000080000126 (0x4105) x 2 0x0000000000000001
core   0: 0x0000000080000128 (0x0020d663) bge     ra, sp, pc + 12
0 0x0000000080000128 (0x0020d663)
core   0: 0x0000000080000134 (0xfe20dee3) bge     ra, sp, pc - 4
0 0x0000000080000134 (0xfe20dee3)
core   0: 0x0000000080000130 (0x00301663) bne     zero, gp, pc + 12
0 0x0000000080000130 (0x00301663)
core   0: 0x000000008000013c (0x00004191) c.li    gp, 4
0 0x000000008000013c (0x4191) x 3 0x0000000000000004
core   0: 0x000000008000013e (0x00002e17) auipc   t3, 0x2
0 0x000000008000013e (0x00002e17) x28 0x000000008000213e
core   0: 0x0000000080000142 (0xec2e0e13) addi    t3, t3, -318
0 0x0000000080000142 (0xec2e0e13) x28 0x0000000080002000
core   0: 0x0000000080000146 (0x003e2823) sw      gp, 16(t3)
0 0x0000000080000146 (0x003e2823) mem 0x0000000080002010 0x0000000000000000
core   0: 0x000000008000014a (0x000050fd) c.li    ra, -1
0 0x000000008000014a (0x50fd) x 1 0xffffffffffffffff
core   0: 0x000000008000014c (0x0000517d) c.li    sp, -1
0 0x000000008000014c (0x517d) x 2 0xffffffffffffffff
core   0: 0x000000008000014e (0x0020d663) bge     ra, sp, pc + 12
0 0x000000008000014e (0x0020d663)
core   0: 0x000000008000015a (0xfe20dee3) bge     ra, sp, pc - 4
0 0x000000008000015a (0xfe20dee3)
core   0: 0x0000000080000156 (0x00301663) bne     zero, gp, pc + 12
0 0x0000000080000156 (0x00301663)
core   0: 0x0000000080000162 (0x00004195) c.li    gp, 5
0 0x0000000080000162 (0x4195) x 3 0x0000000000000005
core   0: 0x0000000080000164 (0x00002e17) auipc   t3, 0x2
0 0x0000000080000164 (0x00002e17) x28 0x0000000080002164
core   0: 0x0000000080000168 (0xe9ce0e13) addi    t3, t3, -356
0 0x0000000080000168 (0xe9ce0e13) x28 0x0000000080002000
core   0: 0x000000008000016c (0x003e2a23) sw      gp, 20(t3)
0 0x000000008000016c (0x003e2a23) mem 0x0000000080002014 0x0000000000000000
core   0: 0x0000000080000170 (0x00004085) c.li    ra, 1
0 0x0000000080000170 (0x4085) x 1 0x0000000000000001
core   0: 0x0000000080000172 (0x00004101) c.li    sp, 0
0 0x0000000080000172 (0x4101) x 2 0x0000000000000000
core   0: 0x0000000080000174 (0x0020d663) bge     ra, sp, pc + 12
0 0x0000000080000174 (0x0020d663)
core   0: 0x0000000080000180 (0xfe20dee3) bge     ra, sp, pc - 4
0 0x0000000080000180 (0xfe20dee3)
core   0: 0x000000008000017c (0x00301663) bne     zero, gp, pc + 12
0 0x000000008000017c (0x00301663)
core   0: 0x0000000080000188 (0x00004199) c.li    gp, 6
0 0x0000000080000188 (0x4199) x 3 0x0000000000000006
core   0: 0x000000008000018a (0x00002e17) auipc   t3, 0x2
0 0x000000008000018a (0x00002e17) x28 0x000000008000218a
core   0: 0x000000008000018e (0xe76e0e13) addi    t3, t3, -394
0 0x000000008000018e (0xe76e0e13) x28 0x0000000080002000
core   0: 0x0000000080000192 (0x003e2c23) sw      gp, 24(t3)
0 0x0000000080000192 (0x003e2c23) mem 0x0000000080002018 0x0000000000000000
core   0: 0x0000000080000196 (0x00004085) c.li    ra, 1
0 0x0000000080000196 (0x4085) x 1 0x0000000000000001
core   0: 0x0000000080000198 (0x0000517d) c.li    sp, -1
0 0x0000000080000198 (0x517d) x 2 0xffffffffffffffff
core   0: 0x000000008000019a (0x0020d663) bge     ra, sp, pc + 12
0 0x000000008000019a (0x0020d663)
core   0: 0x00000000800001a6 (0xfe20dee3) bge     ra, sp, pc - 4
0 0x00000000800001a6 (0xfe20dee3)
core   0: 0x00000000800001a2 (0x00301663) bne     zero, gp, pc + 12
0 0x00000000800001a2 (0x00301663)
core   0: 0x00000000800001ae (0x0000419d) c.li    gp, 7
0 0x00000000800001ae (0x419d) x 3 0x0000000000000007
core   0: 0x00000000800001b0 (0x00002e17) auipc   t3, 0x2
0 0x00000000800001b0 (0x00002e17) x28 0x00000000800021b0
core   0: 0x00000000800001b4 (0xe50e0e13) addi    t3, t3, -432
0 0x00000000800001b4 (0xe50e0e13) x28 0x0000000080002000
core   0: 0x00000000800001b8 (0x003e2e23) sw      gp, 28(t3)
0 0x00000000800001b8 (0x003e2e23) mem 0x000000008000201c 0x0000000000000000
core   0: 0x00000000800001bc (0x000050fd) c.li    ra, -1
0 0x00000000800001bc (0x50fd) x 1 0xffffffffffffffff
core   0: 0x00000000800001be (0x00005179) c.li    sp, -2
0 0x00000000800001be (0x5179) x 2 0xfffffffffffffffe
core   0: 0x00000000800001c0 (0x0020d663) bge     ra, sp, pc + 12
0 0x00000000800001c0 (0x0020d663)
core   0: 0x00000000800001cc (0xfe20dee3) bge     ra, sp, pc - 4
0 0x00000000800001cc (0xfe20dee3)
core   0: 0x00000000800001c8 (0x00301663) bne     zero, gp, pc + 12
0 0x00000000800001c8 (0x00301663)
core   0: 0x00000000800001d4 (0x000041a1) c.li    gp, 8
0 0x00000000800001d4 (0x41a1) x 3 0x0000000000000008
core   0: 0x00000000800001d6 (0x00002e17) auipc   t3, 0x2
0 0x00000000800001d6 (0x00002e17) x28 0x00000000800021d6
core   0: 0x00000000800001da (0xe2ae0e13) addi    t3, t3, -470
0 0x00000000800001da (0xe2ae0e13) x28 0x0000000080002000
core   0: 0x00000000800001de (0x023e2023) sw      gp, 32(t3)
0 0x00000000800001de (0x023e2023) mem 0x0000000080002020 0x0000000000000000
core   0: 0x00000000800001e2 (0x00004081) c.li    ra, 0
0 0x00000000800001e2 (0x4081) x 1 0x0000000000000000
core   0: 0x00000000800001e4 (0x00004105) c.li    sp, 1
0 0x00000000800001e4 (0x4105) x 2 0x0000000000000001
core   0: 0x00000000800001e6 (0x0020d463) bge     ra, sp, pc + 8
0 0x00000000800001e6 (0x0020d463)
core   0: 0x00000000800001ea (0x00301463) bne     zero, gp, pc + 8
0 0x00000000800001ea (0x00301463)
core   0: 0x00000000800001f2 (0xfe20dee3) bge     ra, sp, pc - 4
0 0x00000000800001f2 (0xfe20dee3)
core   0: 0x00000000800001f6 (0x000041a5) c.li    gp, 9
0 0x00000000800001f6 (0x41a5) x 3 0x0000000000000009
core   0: 0x00000000800001f8 (0x00002e17) auipc   t3, 0x2
0 0x00000000800001f8 (0x00002e17) x28 0x00000000800021f8
core   0: 0x00000000800001fc (0xe08e0e13) addi    t3, t3, -504
0 0x00000000800001fc (0xe08e0e13) x28 0x0000000080002000
core   0: 0x0000000080000200 (0x023e2223) sw      gp, 36(t3)
0 0x0000000080000200 (0x023e2223) mem 0x0000000080002024 0x0000000000000000
core   0: 0x0000000080000204 (0x000050fd) c.li    ra, -1
0 0x0000000080000204 (0x50fd) x 1 0xffffffffffffffff
core   0: 0x0000000080000206 (0x00004105) c.li    sp, 1
0 0x0000000080000206 (0x4105) x 2 0x0000000000000001
core   0: 0x0000000080000208 (0x0020d463) bge     ra, sp, pc + 8
0 0x0000000080000208 (0x0020d463)
core   0: 0x000000008000020c (0x00301463) bne     zero, gp, pc + 8
0 0x000000008000020c (0x00301463)
core   0: 0x0000000080000214 (0xfe20dee3) bge     ra, sp, pc - 4
0 0x0000000080000214 (0xfe20dee3)
core   0: 0x0000000080000218 (0x000041a9) c.li    gp, 10
0 0x0000000080000218 (0x41a9) x 3 0x000000000000000a
core   0: 0x000000008000021a (0x00002e17) auipc   t3, 0x2
0 0x000000008000021a (0x00002e17) x28 0x000000008000221a
core   0: 0x000000008000021e (0xde6e0e13) addi    t3, t3, -538
0 0x000000008000021e (0xde6e0e13) x28 0x0000000080002000
core   0: 0x0000000080000222 (0x023e2423) sw      gp, 40(t3)
0 0x0000000080000222 (0x023e2423) mem 0x0000000080002028 0x0000000000000000
core   0: 0x0000000080000226 (0x000050f9) c.li    ra, -2
0 0x0000000080000226 (0x50f9) x 1 0xfffffffffffffffe
core   0: 0x0000000080000228 (0x0000517d) c.li    sp, -1
0 0x0000000080000228 (0x517d) x 2 0xffffffffffffffff
core   0: 0x000000008000022a (0x0020d463) bge     ra, sp, pc + 8
0 0x000000008000022a (0x0020d463)
core   0: 0x000000008000022e (0x00301463) bne     zero, gp, pc + 8
0 0x000000008000022e (0x00301463)
core   0: 0x0000000080000236 (0xfe20dee3) bge     ra, sp, pc - 4
0 0x0000000080000236 (0xfe20dee3)
core   0: 0x000000008000023a (0x000041ad) c.li    gp, 11
0 0x000000008000023a (0x41ad) x 3 0x000000000000000b
core   0: 0x000000008000023c (0x00002e17) auipc   t3, 0x2
0 0x000000008000023c (0x00002e17) x28 0x000000008000223c
core   0: 0x0000000080000240 (0xdc4e0e13) addi    t3, t3, -572
0 0x0000000080000240 (0xdc4e0e13) x28 0x0000000080002000
core   0: 0x0000000080000244 (0x023e2623) sw      gp, 44(t3)
0 0x0000000080000244 (0x023e2623) mem 0x000000008000202c 0x0000000000000000
core   0: 0x0000000080000248 (0x000050f9) c.li    ra, -2
0 0x0000000080000248 (0x50f9) x 1 0xfffffffffffffffe
core   0: 0x000000008000024a (0x00004105) c.li    sp, 1
0 0x000000008000024a (0x4105) x 2 0x0000000000000001
core   0: 0x000000008000024c (0x0020d463) bge     ra, sp, pc + 8
0 0x000000008000024c (0x0020d463)
core   0: 0x0000000080000250 (0x00301463) bne     zero, gp, pc + 8
0 0x0000000080000250 (0x00301463)
core   0: 0x0000000080000258 (0xfe20dee3) bge     ra, sp, pc - 4
0 0x0000000080000258 (0xfe20dee3)
core   0: 0x000000008000025c (0x000041b1) c.li    gp, 12
0 0x000000008000025c (0x41b1) x 3 0x000000000000000c
core   0: 0x000000008000025e (0x00002e17) auipc   t3, 0x2
0 0x000000008000025e (0x00002e17) x28 0x000000008000225e
core   0: 0x0000000080000262 (0xda2e0e13) addi    t3, t3, -606
0 0x0000000080000262 (0xda2e0e13) x28 0x0000000080002000
core   0: 0x0000000080000266 (0x023e2823) sw      gp, 48(t3)
0 0x0000000080000266 (0x023e2823) mem 0x0000000080002030 0x0000000000000000
core   0: 0x000000008000026a (0x00004201) c.li    tp, 0
0 0x000000008000026a (0x4201) x 4 0x0000000000000000
core   0: 0x000000008000026c (0x000050fd) c.li    ra, -1
0 0x000000008000026c (0x50fd) x 1 0xffffffffffffffff
core   0: 0x000000008000026e (0x00004101) c.li    sp, 0
0 0x000000008000026e (0x4101) x 2 0x0000000000000000
core   0: 0x0000000080000270 (0x1a20db63) bge     ra, sp, pc + 438
0 0x0000000080000270 (0x1a20db63)
core   0: 0x0000000080000274 (0x00000205) c.addi  tp, 1
0 0x0000000080000274 (0x0205) x 4 0x0000000000000001
core   0: 0x0000000080000276 (0x00004289) c.li    t0, 2
0 0x0000000080000276 (0x4289) x 5 0x0000000000000002
core   0: 0x0000000080000278 (0xfe521ae3) bne     tp, t0, pc - 12
0 0x0000000080000278 (0xfe521ae3)
core   0: 0x000000008000026c (0x000050fd) c.li    ra, -1
0 0x000000008000026c (0x50fd) x 1 0xffffffffffffffff
core   0: 0x000000008000026e (0x00004101) c.li    sp, 0
0 0x000000008000026e (0x4101) x 2 0x0000000000000000
core   0: 0x0000000080000270 (0x1a20db63) bge     ra, sp, pc + 438
0 0x0000000080000270 (0x1a20db63)
core   0: 0x0000000080000274 (0x00000205) c.addi  tp, 1
0 0x0000000080000274 (0x0205) x 4 0x0000000000000002
core   0: 0x0000000080000276 (0x00004289) c.li    t0, 2
0 0x0000000080000276 (0x4289) x 5 0x0000000000000002
core   0: 0x0000000080000278 (0xfe521ae3) bne     tp, t0, pc - 12
0 0x0000000080000278 (0xfe521ae3)
core   0: 0x000000008000027c (0x000041b5) c.li    gp, 13
0 0x000000008000027c (0x41b5) x 3 0x000000000000000d
core   0: 0x000000008000027e (0x00002e17) auipc   t3, 0x2
0 0x000000008000027e (0x00002e17) x28 0x000000008000227e
core   0: 0x0000000080000282 (0xd82e0e13) addi    t3, t3, -638
0 0x0000000080000282 (0xd82e0e13) x28 0x0000000080002000
core   0: 0x0000000080000286 (0x023e2a23) sw      gp, 52(t3)
0 0x0000000080000286 (0x023e2a23) mem 0x0000000080002034 0x0000000000000000
core   0: 0x000000008000028a (0x00004201) c.li    tp, 0
0 0x000000008000028a (0x4201) x 4 0x0000000000000000
core   0: 0x000000008000028c (0x000050fd) c.li    ra, -1
0 0x000000008000028c (0x50fd) x 1 0xffffffffffffffff
core   0: 0x000000008000028e (0x00004101) c.li    sp, 0
0 0x000000008000028e (0x4101) x 2 0x0000000000000000
core   0: 0x0000000080000290 (0x00000001) c.nop
0 0x0000000080000290 (0x0001)
core   0: 0x0000000080000292 (0x1820da63) bge     ra, sp, pc + 404
0 0x0000000080000292 (0x1820da63)
core   0: 0x0000000080000296 (0x00000205) c.addi  tp, 1
0 0x0000000080000296 (0x0205) x 4 0x0000000000000001
core   0: 0x0000000080000298 (0x00004289) c.li    t0, 2
0 0x0000000080000298 (0x4289) x 5 0x0000000000000002
core   0: 0x000000008000029a (0xfe5219e3) bne     tp, t0, pc - 14
0 0x000000008000029a (0xfe5219e3)
core   0: 0x000000008000028c (0x000050fd) c.li    ra, -1
0 0x000000008000028c (0x50fd) x 1 0xffffffffffffffff
core   0: 0x000000008000028e (0x00004101) c.li    sp, 0
0 0x000000008000028e (0x4101) x 2 0x0000000000000000
core   0: 0x0000000080000290 (0x00000001) c.nop
0 0x0000000080000290 (0x0001)
core   0: 0x0000000080000292 (0x1820da63) bge     ra, sp, pc + 404
0 0x0000000080000292 (0x1820da63)
core   0: 0x0000000080000296 (0x00000205) c.addi  tp, 1
0 0x0000000080000296 (0x0205) x 4 0x0000000000000002
core   0: 0x0000000080000298 (0x00004289) c.li    t0, 2
0 0x0000000080000298 (0x4289) x 5 0x0000000000000002
core   0: 0x000000008000029a (0xfe5219e3) bne     tp, t0, pc - 14
0 0x000000008000029a (0xfe5219e3)
core   0: 0x000000008000029e (0x000041b9) c.li    gp, 14
0 0x000000008000029e (0x41b9) x 3 0x000000000000000e
core   0: 0x00000000800002a0 (0x00002e17) auipc   t3, 0x2
0 0x00000000800002a0 (0x00002e17) x28 0x00000000800022a0
core   0: 0x00000000800002a4 (0xd60e0e13) addi    t3, t3, -672
0 0x00000000800002a4 (0xd60e0e13) x28 0x0000000080002000
core   0: 0x00000000800002a8 (0x023e2c23) sw      gp, 56(t3)
0 0x00000000800002a8 (0x023e2c23) mem 0x0000000080002038 0x0000000000000000
core   0: 0x00000000800002ac (0x00004201) c.li    tp, 0
0 0x00000000800002ac (0x4201) x 4 0x0000000000000000
core   0: 0x00000000800002ae (0x000050fd) c.li    ra, -1
0 0x00000000800002ae (0x50fd) x 1 0xffffffffffffffff
core   0: 0x00000000800002b0 (0x00004101) c.li    sp, 0
0 0x00000000800002b0 (0x4101) x 2 0x0000000000000000
core   0: 0x00000000800002b2 (0x00000001) c.nop
0 0x00000000800002b2 (0x0001)
core   0: 0x00000000800002b4 (0x00000001) c.nop
0 0x00000000800002b4 (0x0001)
core   0: 0x00000000800002b6 (0x1620d863) bge     ra, sp, pc + 368
0 0x00000000800002b6 (0x1620d863)
core   0: 0x00000000800002ba (0x00000205) c.addi  tp, 1
0 0x00000000800002ba (0x0205) x 4 0x0000000000000001
core   0: 0x00000000800002bc (0x00004289) c.li    t0, 2
0 0x00000000800002bc (0x4289) x 5 0x0000000000000002
core   0: 0x00000000800002be (0xfe5218e3) bne     tp, t0, pc - 16
0 0x00000000800002be (0xfe5218e3)
core   0: 0x00000000800002ae (0x000050fd) c.li    ra, -1
0 0x00000000800002ae (0x50fd) x 1 0xffffffffffffffff
core   0: 0x00000000800002b0 (0x00004101) c.li    sp, 0
0 0x00000000800002b0 (0x4101) x 2 0x0000000000000000
core   0: 0x00000000800002b2 (0x00000001) c.nop
0 0x00000000800002b2 (0x0001)
core   0: 0x00000000800002b4 (0x00000001) c.nop
0 0x00000000800002b4 (0x0001)
core   0: 0x00000000800002b6 (0x1620d863) bge     ra, sp, pc + 368
0 0x00000000800002b6 (0x1620d863)
core   0: 0x00000000800002ba (0x00000205) c.addi  tp, 1
0 0x00000000800002ba (0x0205) x 4 0x0000000000000002
core   0: 0x00000000800002bc (0x00004289) c.li    t0, 2
0 0x00000000800002bc (0x4289) x 5 0x0000000000000002
core   0: 0x00000000800002be (0xfe5218e3) bne     tp, t0, pc - 16
0 0x00000000800002be (0xfe5218e3)
core   0: 0x00000000800002c2 (0x000041bd) c.li    gp, 15
0 0x00000000800002c2 (0x41bd) x 3 0x000000000000000f
core   0: 0x00000000800002c4 (0x00002e17) auipc   t3, 0x2
0 0x00000000800002c4 (0x00002e17) x28 0x00000000800022c4
core   0: 0x00000000800002c8 (0xd3ce0e13) addi    t3, t3, -708
0 0x00000000800002c8 (0xd3ce0e13) x28 0x0000000080002000
core   0: 0x00000000800002cc (0x023e2e23) sw      gp, 60(t3)
0 0x00000000800002cc (0x023e2e23) mem 0x000000008000203c 0x0000000000000000
core   0: 0x00000000800002d0 (0x00004201) c.li    tp, 0
0 0x00000000800002d0 (0x4201) x 4 0x0000000000000000
core   0: 0x00000000800002d2 (0x000050fd) c.li    ra, -1
0 0x00000000800002d2 (0x50fd) x 1 0xffffffffffffffff
core   0: 0x00000000800002d4 (0x00000001) c.nop
0 0x00000000800002d4 (0x0001)
core   0: 0x00000000800002d6 (0x00004101) c.li    sp, 0
0 0x00000000800002d6 (0x4101) x 2 0x0000000000000000
core   0: 0x00000000800002d8 (0x1420d763) bge     ra, sp, pc + 334
0 0x00000000800002d8 (0x1420d763)
core   0: 0x00000000800002dc (0x00000205) c.addi  tp, 1
0 0x00000000800002dc (0x0205) x 4 0x0000000000000001
core   0: 0x00000000800002de (0x00004289) c.li    t0, 2
0 0x00000000800002de (0x4289) x 5 0x0000000000000002
core   0: 0x00000000800002e0 (0xfe5219e3) bne     tp, t0, pc - 14
0 0x00000000800002e0 (0xfe5219e3)
core   0: 0x00000000800002d2 (0x000050fd) c.li    ra, -1
0 0x00000000800002d2 (0x50fd) x 1 0xffffffffffffffff
core   0: 0x00000000800002d4 (0x00000001) c.nop
0 0x00000000800002d4 (0x0001)
core   0: 0x00000000800002d6 (0x00004101) c.li    sp, 0
0 0x00000000800002d6 (0x4101) x 2 0x0000000000000000
core   0: 0x00000000800002d8 (0x1420d763) bge     ra, sp, pc + 334
0 0x00000000800002d8 (0x1420d763)
core   0: 0x00000000800002dc (0x00000205) c.addi  tp, 1
0 0x00000000800002dc (0x0205) x 4 0x0000000000000002
core   0: 0x00000000800002de (0x00004289) c.li    t0, 2
0 0x00000000800002de (0x4289) x 5 0x0000000000000002
core   0: 0x00000000800002e0 (0xfe5219e3) bne     tp, t0, pc - 14
0 0x00000000800002e0 (0xfe5219e3)
core   0: 0x00000000800002e4 (0x000041c1) c.li    gp, 16
0 0x00000000800002e4 (0x41c1) x 3 0x0000000000000010
core   0: 0x00000000800002e6 (0x00002e17) auipc   t3, 0x2
0 0x00000000800002e6 (0x00002e17) x28 0x00000000800022e6
core   0: 0x00000000800002ea (0xd1ae0e13) addi    t3, t3, -742
0 0x00000000800002ea (0xd1ae0e13) x28 0x0000000080002000
core   0: 0x00000000800002ee (0x043e2023) sw      gp, 64(t3)
0 0x00000000800002ee (0x043e2023) mem 0x0000000080002040 0x0000000000000000
core   0: 0x00000000800002f2 (0x00004201) c.li    tp, 0
0 0x00000000800002f2 (0x4201) x 4 0x0000000000000000
core   0: 0x00000000800002f4 (0x000050fd) c.li    ra, -1
0 0x00000000800002f4 (0x50fd) x 1 0xffffffffffffffff
core   0: 0x00000000800002f6 (0x00000001) c.nop
0 0x00000000800002f6 (0x0001)
core   0: 0x00000000800002f8 (0x00004101) c.li    sp, 0
0 0x00000000800002f8 (0x4101) x 2 0x0000000000000000
core   0: 0x00000000800002fa (0x00000001) c.nop
0 0x00000000800002fa (0x0001)
core   0: 0x00000000800002fc (0x1220d563) bge     ra, sp, pc + 298
0 0x00000000800002fc (0x1220d563)
core   0: 0x0000000080000300 (0x00000205) c.addi  tp, 1
0 0x0000000080000300 (0x0205) x 4 0x0000000000000001
core   0: 0x0000000080000302 (0x00004289) c.li    t0, 2
0 0x0000000080000302 (0x4289) x 5 0x0000000000000002
core   0: 0x0000000080000304 (0xfe5218e3) bne     tp, t0, pc - 16
0 0x0000000080000304 (0xfe5218e3)
core   0: 0x00000000800002f4 (0x000050fd) c.li    ra, -1
0 0x00000000800002f4 (0x50fd) x 1 0xffffffffffffffff
core   0: 0x00000000800002f6 (0x00000001) c.nop
0 0x00000000800002f6 (0x0001)
core   0: 0x00000000800002f8 (0x00004101) c.li    sp, 0
0 0x00000000800002f8 (0x4101) x 2 0x0000000000000000
core   0: 0x00000000800002fa (0x00000001) c.nop
0 0x00000000800002fa (0x0001)
core   0: 0x00000000800002fc (0x1220d563) bge     ra, sp, pc + 298
0 0x00000000800002fc (0x1220d563)
core   0: 0x0000000080000300 (0x00000205) c.addi  tp, 1
0 0x0000000080000300 (0x0205) x 4 0x0000000000000002
core   0: 0x0000000080000302 (0x00004289) c.li    t0, 2
0 0x0000000080000302 (0x4289) x 5 0x0000000000000002
core   0: 0x0000000080000304 (0xfe5218e3) bne     tp, t0, pc - 16
0 0x0000000080000304 (0xfe5218e3)
core   0: 0x0000000080000308 (0x000041c5) c.li    gp, 17
0 0x0000000080000308 (0x41c5) x 3 0x0000000000000011
core   0: 0x000000008000030a (0x00002e17) auipc   t3, 0x2
0 0x000000008000030a (0x00002e17) x28 0x000000008000230a
core   0: 0x000000008000030e (0xcf6e0e13) addi    t3, t3, -778
0 0x000000008000030e (0xcf6e0e13) x28 0x0000000080002000
core   0: 0x0000000080000312 (0x043e2223) sw      gp, 68(t3)
0 0x0000000080000312 (0x043e2223) mem 0x0000000080002044 0x0000000000000000
core   0: 0x0000000080000316 (0x00004201) c.li    tp, 0
0 0x0000000080000316 (0x4201) x 4 0x0000000000000000
core   0: 0x0000000080000318 (0x000050fd) c.li    ra, -1
0 0x0000000080000318 (0x50fd) x 1 0xffffffffffffffff
core   0: 0x000000008000031a (0x00000001) c.nop
0 0x000000008000031a (0x0001)
core   0: 0x000000008000031c (0x00000001) c.nop
0 0x000000008000031c (0x0001)
core   0: 0x000000008000031e (0x00004101) c.li    sp, 0
0 0x000000008000031e (0x4101) x 2 0x0000000000000000
core   0: 0x0000000080000320 (0x1020d363) bge     ra, sp, pc + 262
0 0x0000000080000320 (0x1020d363)
core   0: 0x0000000080000324 (0x00000205) c.addi  tp, 1
0 0x0000000080000324 (0x0205) x 4 0x0000000000000001
core   0: 0x0000000080000326 (0x00004289) c.li    t0, 2
0 0x0000000080000326 (0x4289) x 5 0x0000000000000002
core   0: 0x0000000080000328 (0xfe5218e3) bne     tp, t0, pc - 16
0 0x0000000080000328 (0xfe5218e3)
core   0: 0x0000000080000318 (0x000050fd) c.li    ra, -1
0 0x0000000080000318 (0x50fd) x 1 0xffffffffffffffff
core   0: 0x000000008000031a (0x00000001) c.nop
0 0x000000008000031a (0x0001)
core   0: 0x000000008000031c (0x00000001) c.nop
0 0x000000008000031c (0x0001)
core   0: 0x000000008000031e (0x00004101) c.li    sp, 0
0 0x000000008000031e (0x4101) x 2 0x0000000000000000
core   0: 0x0000000080000320 (0x1020d363) bge     ra, sp, pc + 262
0 0x0000000080000320 (0x1020d363)
core   0: 0x0000000080000324 (0x00000205) c.addi  tp, 1
0 0x0000000080000324 (0x0205) x 4 0x0000000000000002
core   0: 0x0000000080000326 (0x00004289) c.li    t0, 2
0 0x0000000080000326 (0x4289) x 5 0x0000000000000002
core   0: 0x0000000080000328 (0xfe5218e3) bne     tp, t0, pc - 16
0 0x0000000080000328 (0xfe5218e3)
core   0: 0x000000008000032c (0x000041c9) c.li    gp, 18
0 0x000000008000032c (0x41c9) x 3 0x0000000000000012
core   0: 0x000000008000032e (0x00002e17) auipc   t3, 0x2
0 0x000000008000032e (0x00002e17) x28 0x000000008000232e
core   0: 0x0000000080000332 (0xcd2e0e13) addi    t3, t3, -814
0 0x0000000080000332 (0xcd2e0e13) x28 0x0000000080002000
core   0: 0x0000000080000336 (0x043e2423) sw      gp, 72(t3)
0 0x0000000080000336 (0x043e2423) mem 0x0000000080002048 0x0000000000000000
core   0: 0x000000008000033a (0x00004201) c.li    tp, 0
0 0x000000008000033a (0x4201) x 4 0x0000000000000000
core   0: 0x000000008000033c (0x000050fd) c.li    ra, -1
0 0x000000008000033c (0x50fd) x 1 0xffffffffffffffff
core   0: 0x000000008000033e (0x00004101) c.li    sp, 0
0 0x000000008000033e (0x4101) x 2 0x0000000000000000
core   0: 0x0000000080000340 (0x0e20d363) bge     ra, sp, pc + 230
0 0x0000000080000340 (0x0e20d363)
core   0: 0x0000000080000344 (0x00000205) c.addi  tp, 1
0 0x0000000080000344 (0x0205) x 4 0x0000000000000001
core   0: 0x0000000080000346 (0x00004289) c.li    t0, 2
0 0x0000000080000346 (0x4289) x 5 0x0000000000000002
core   0: 0x0000000080000348 (0xfe521ae3) bne     tp, t0, pc - 12
0 0x0000000080000348 (0xfe521ae3)
core   0: 0x000000008000033c (0x000050fd) c.li    ra, -1
0 0x000000008000033c (0x50fd) x 1 0xffffffffffffffff
core   0: 0x000000008000033e (0x00004101) c.li    sp, 0
0 0x000000008000033e (0x4101) x 2 0x0000000000000000
core   0: 0x0000000080000340 (0x0e20d363) bge     ra, sp, pc + 230
0 0x0000000080000340 (0x0e20d363)
core   0: 0x0000000080000344 (0x00000205) c.addi  tp, 1
0 0x0000000080000344 (0x0205) x 4 0x0000000000000002
core   0: 0x0000000080000346 (0x00004289) c.li    t0, 2
0 0x0000000080000346 (0x4289) x 5 0x0000000000000002
core   0: 0x0000000080000348 (0xfe521ae3) bne     tp, t0, pc - 12
0 0x0000000080000348 (0xfe521ae3)
core   0: 0x000000008000034c (0x000041cd) c.li    gp, 19
0 0x000000008000034c (0x41cd) x 3 0x0000000000000013
core   0: 0x000000008000034e (0x00002e17) auipc   t3, 0x2
0 0x000000008000034e (0x00002e17) x28 0x000000008000234e
core   0: 0x0000000080000352 (0xcb2e0e13) addi    t3, t3, -846
0 0x0000000080000352 (0xcb2e0e13) x28 0x0000000080002000
core   0: 0x0000000080000356 (0x043e2623) sw      gp, 76(t3)
0 0x0000000080000356 (0x043e2623) mem 0x000000008000204c 0x0000000000000000
core   0: 0x000000008000035a (0x00004201) c.li    tp, 0
0 0x000000008000035a (0x4201) x 4 0x0000000000000000
core   0: 0x000000008000035c (0x000050fd) c.li    ra, -1
0 0x000000008000035c (0x50fd) x 1 0xffffffffffffffff
core   0: 0x000000008000035e (0x00004101) c.li    sp, 0
0 0x000000008000035e (0x4101) x 2 0x0000000000000000
core   0: 0x0000000080000360 (0x00000001) c.nop
0 0x0000000080000360 (0x0001)
core   0: 0x0000000080000362 (0x0c20d263) bge     ra, sp, pc + 196
0 0x0000000080000362 (0x0c20d263)
core   0: 0x0000000080000366 (0x00000205) c.addi  tp, 1
0 0x0000000080000366 (0x0205) x 4 0x0000000000000001
core   0: 0x0000000080000368 (0x00004289) c.li    t0, 2
0 0x0000000080000368 (0x4289) x 5 0x0000000000000002
core   0: 0x000000008000036a (0xfe5219e3) bne     tp, t0, pc - 14
0 0x000000008000036a (0xfe5219e3)
core   0: 0x000000008000035c (0x000050fd) c.li    ra, -1
0 0x000000008000035c (0x50fd) x 1 0xffffffffffffffff
core   0: 0x000000008000035e (0x00004101) c.li    sp, 0
0 0x000000008000035e (0x4101) x 2 0x0000000000000000
core   0: 0x0000000080000360 (0x00000001) c.nop
0 0x0000000080000360 (0x0001)
core   0: 0x0000000080000362 (0x0c20d263) bge     ra, sp, pc + 196
0 0x0000000080000362 (0x0c20d263)
core   0: 0x0000000080000366 (0x00000205) c.addi  tp, 1
0 0x0000000080000366 (0x0205) x 4 0x0000000000000002
core   0: 0x0000000080000368 (0x00004289) c.li    t0, 2
0 0x0000000080000368 (0x4289) x 5 0x0000000000000002
core   0: 0x000000008000036a (0xfe5219e3) bne     tp, t0, pc - 14
0 0x000000008000036a (0xfe5219e3)
core   0: 0x000000008000036e (0x000041d1) c.li    gp, 20
0 0x000000008000036e (0x41d1) x 3 0x0000000000000014
core   0: 0x0000000080000370 (0x00002e17) auipc   t3, 0x2
0 0x0000000080000370 (0x00002e17) x28 0x0000000080002370
core   0: 0x0000000080000374 (0xc90e0e13) addi    t3, t3, -880
0 0x0000000080000374 (0xc90e0e13) x28 0x0000000080002000
core   0: 0x0000000080000378 (0x043e2823) sw      gp, 80(t3)
0 0x0000000080000378 (0x043e2823) mem 0x0000000080002050 0x0000000000000000
core   0: 0x000000008000037c (0x00004201) c.li    tp, 0
0 0x000000008000037c (0x4201) x 4 0x0000000000000000
core   0: 0x000000008000037e (0x000050fd) c.li    ra, -1
0 0x000000008000037e (0x50fd) x 1 0xffffffffffffffff
core   0: 0x0000000080000380 (0x00004101) c.li    sp, 0
0 0x0000000080000380 (0x4101) x 2 0x0000000000000000
core   0: 0x0000000080000382 (0x00000001) c.nop
0 0x0000000080000382 (0x0001)
core   0: 0x0000000080000384 (0x00000001) c.nop
0 0x0000000080000384 (0x0001)
core   0: 0x0000000080000386 (0x0a20d063) bge     ra, sp, pc + 160
0 0x0000000080000386 (0x0a20d063)
core   0: 0x000000008000038a (0x00000205) c.addi  tp, 1
0 0x000000008000038a (0x0205) x 4 0x0000000000000001
core   0: 0x000000008000038c (0x00004289) c.li    t0, 2
0 0x000000008000038c (0x4289) x 5 0x0000000000000002
core   0: 0x000000008000038e (0xfe5218e3) bne     tp, t0, pc - 16
0 0x000000008000038e (0xfe5218e3)
core   0: 0x000000008000037e (0x000050fd) c.li    ra, -1
0 0x000000008000037e (0x50fd) x 1 0xffffffffffffffff
core   0: 0x0000000080000380 (0x00004101) c.li    sp, 0
0 0x0000000080000380 (0x4101) x 2 0x0000000000000000
core   0: 0x0000000080000382 (0x00000001) c.nop
0 0x0000000080000382 (0x0001)
core   0: 0x0000000080000384 (0x00000001) c.nop
0 0x0000000080000384 (0x0001)
core   0: 0x0000000080000386 (0x0a20d063) bge     ra, sp, pc + 160
0 0x0000000080000386 (0x0a20d063)
core   0: 0x000000008000038a (0x00000205) c.addi  tp, 1
0 0x000000008000038a (0x0205) x 4 0x0000000000000002
core   0: 0x000000008000038c (0x00004289) c.li    t0, 2
0 0x000000008000038c (0x4289) x 5 0x0000000000000002
core   0: 0x000000008000038e (0xfe5218e3) bne     tp, t0, pc - 16
0 0x000000008000038e (0xfe5218e3)
core   0: 0x0000000080000392 (0x000041d5) c.li    gp, 21
0 0x0000000080000392 (0x41d5) x 3 0x0000000000000015
core   0: 0x0000000080000394 (0x00002e17) auipc   t3, 0x2
0 0x0000000080000394 (0x00002e17) x28 0x0000000080002394
core   0: 0x0000000080000398 (0xc6ce0e13) addi    t3, t3, -916
0 0x0000000080000398 (0xc6ce0e13) x28 0x0000000080002000
core   0: 0x000000008000039c (0x043e2a23) sw      gp, 84(t3)
0 0x000000008000039c (0x043e2a23) mem 0x0000000080002054 0x0000000000000000
core   0: 0x00000000800003a0 (0x00004201) c.li    tp, 0
0 0x00000000800003a0 (0x4201) x 4 0x0000000000000000
core   0: 0x00000000800003a2 (0x000050fd) c.li    ra, -1
0 0x00000000800003a2 (0x50fd) x 1 0xffffffffffffffff
core   0: 0x00000000800003a4 (0x00000001) c.nop
0 0x00000000800003a4 (0x0001)
core   0: 0x00000000800003a6 (0x00004101) c.li    sp, 0
0 0x00000000800003a6 (0x4101) x 2 0x0000000000000000
core   0: 0x00000000800003a8 (0x0620df63) bge     ra, sp, pc + 126
0 0x00000000800003a8 (0x0620df63)
core   0: 0x00000000800003ac (0x00000205) c.addi  tp, 1
0 0x00000000800003ac (0x0205) x 4 0x0000000000000001
core   0: 0x00000000800003ae (0x00004289) c.li    t0, 2
0 0x00000000800003ae (0x4289) x 5 0x0000000000000002
core   0: 0x00000000800003b0 (0xfe5219e3) bne     tp, t0, pc - 14
0 0x00000000800003b0 (0xfe5219e3)
core   0: 0x00000000800003a2 (0x000050fd) c.li    ra, -1
0 0x00000000800003a2 (0x50fd) x 1 0xffffffffffffffff
core   0: 0x00000000800003a4 (0x00000001) c.nop
0 0x00000000800003a4 (0x0001)
core   0: 0x00000000800003a6 (0x00004101) c.li    sp, 0
0 0x00000000800003a6 (0x4101) x 2 0x0000000000000000
core   0: 0x00000000800003a8 (0x0620df63) bge     ra, sp, pc + 126
0 0x00000000800003a8 (0x0620df63)
core   0: 0x00000000800003ac (0x00000205) c.addi  tp, 1
0 0x00000000800003ac (0x0205) x 4 0x0000000000000002
core   0: 0x00000000800003ae (0x00004289) c.li    t0, 2
0 0x00000000800003ae (0x4289) x 5 0x0000000000000002
core   0: 0x00000000800003b0 (0xfe5219e3) bne     tp, t0, pc - 14
0 0x00000000800003b0 (0xfe5219e3)
core   0: 0x00000000800003b4 (0x000041d9) c.li    gp, 22
0 0x00000000800003b4 (0x41d9) x 3 0x0000000000000016
core   0: 0x00000000800003b6 (0x00002e17) auipc   t3, 0x2
0 0x00000000800003b6 (0x00002e17) x28 0x00000000800023b6
core   0: 0x00000000800003ba (0xc4ae0e13) addi    t3, t3, -950
0 0x00000000800003ba (0xc4ae0e13) x28 0x0000000080002000
core   0: 0x00000000800003be (0x043e2c23) sw      gp, 88(t3)
0 0x00000000800003be (0x043e2c23) mem 0x0000000080002058 0x0000000000000000
core   0: 0x00000000800003c2 (0x00004201) c.li    tp, 0
0 0x00000000800003c2 (0x4201) x 4 0x0000000000000000
core   0: 0x00000000800003c4 (0x000050fd) c.li    ra, -1
0 0x00000000800003c4 (0x50fd) x 1 0xffffffffffffffff
core   0: 0x00000000800003c6 (0x00000001) c.nop
0 0x00000000800003c6 (0x0001)
core   0: 0x00000000800003c8 (0x00004101) c.li    sp, 0
0 0x00000000800003c8 (0x4101) x 2 0x0000000000000000
core   0: 0x00000000800003ca (0x00000001) c.nop
0 0x00000000800003ca (0x0001)
core   0: 0x00000000800003cc (0x0420dd63) bge     ra, sp, pc + 90
0 0x00000000800003cc (0x0420dd63)
core   0: 0x00000000800003d0 (0x00000205) c.addi  tp, 1
0 0x00000000800003d0 (0x0205) x 4 0x0000000000000001
core   0: 0x00000000800003d2 (0x00004289) c.li    t0, 2
0 0x00000000800003d2 (0x4289) x 5 0x0000000000000002
core   0: 0x00000000800003d4 (0xfe5218e3) bne     tp, t0, pc - 16
0 0x00000000800003d4 (0xfe5218e3)
core   0: 0x00000000800003c4 (0x000050fd) c.li    ra, -1
0 0x00000000800003c4 (0x50fd) x 1 0xffffffffffffffff
core   0: 0x00000000800003c6 (0x00000001) c.nop
0 0x00000000800003c6 (0x0001)
core   0: 0x00000000800003c8 (0x00004101) c.li    sp, 0
0 0x00000000800003c8 (0x4101) x 2 0x0000000000000000
core   0: 0x00000000800003ca (0x00000001) c.nop
0 0x00000000800003ca (0x0001)
core   0: 0x00000000800003cc (0x0420dd63) bge     ra, sp, pc + 90
0 0x00000000800003cc (0x0420dd63)
core   0: 0x00000000800003d0 (0x00000205) c.addi  tp, 1
0 0x00000000800003d0 (0x0205) x 4 0x0000000000000002
core   0: 0x00000000800003d2 (0x00004289) c.li    t0, 2
0 0x00000000800003d2 (0x4289) x 5 0x0000000000000002
core   0: 0x00000000800003d4 (0xfe5218e3) bne     tp, t0, pc - 16
0 0x00000000800003d4 (0xfe5218e3)
core   0: 0x00000000800003d8 (0x000041dd) c.li    gp, 23
0 0x00000000800003d8 (0x41dd) x 3 0x0000000000000017
core   0: 0x00000000800003da (0x00002e17) auipc   t3, 0x2
0 0x00000000800003da (0x00002e17) x28 0x00000000800023da
core   0: 0x00000000800003de (0xc26e0e13) addi    t3, t3, -986
0 0x00000000800003de (0xc26e0e13) x28 0x0000000080002000
core   0: 0x00000000800003e2 (0x043e2e23) sw      gp, 92(t3)
0 0x00000000800003e2 (0x043e2e23) mem 0x000000008000205c 0x0000000000000000
core   0: 0x00000000800003e6 (0x00004201) c.li    tp, 0
0 0x00000000800003e6 (0x4201) x 4 0x0000000000000000
core   0: 0x00000000800003e8 (0x000050fd) c.li    ra, -1
0 0x00000000800003e8 (0x50fd) x 1 0xffffffffffffffff
core   0: 0x00000000800003ea (0x00000001) c.nop
0 0x00000000800003ea (0x0001)
core   0: 0x00000000800003ec (0x00000001) c.nop
0 0x00000000800003ec (0x0001)
core   0: 0x00000000800003ee (0x00004101) c.li    sp, 0
0 0x00000000800003ee (0x4101) x 2 0x0000000000000000
core   0: 0x00000000800003f0 (0x0220db63) bge     ra, sp, pc + 54
0 0x00000000800003f0 (0x0220db63)
core   0: 0x00000000800003f4 (0x00000205) c.addi  tp, 1
0 0x00000000800003f4 (0x0205) x 4 0x0000000000000001
core   0: 0x00000000800003f6 (0x00004289) c.li    t0, 2
0 0x00000000800003f6 (0x4289) x 5 0x0000000000000002
core   0: 0x00000000800003f8 (0xfe5218e3) bne     tp, t0, pc - 16
0 0x00000000800003f8 (0xfe5218e3)
core   0: 0x00000000800003e8 (0x000050fd) c.li    ra, -1
0 0x00000000800003e8 (0x50fd) x 1 0xffffffffffffffff
core   0: 0x00000000800003ea (0x00000001) c.nop
0 0x00000000800003ea (0x0001)
core   0: 0x00000000800003ec (0x00000001) c.nop
0 0x00000000800003ec (0x0001)
core   0: 0x00000000800003ee (0x00004101) c.li    sp, 0
0 0x00000000800003ee (0x4101) x 2 0x0000000000000000
core   0: 0x00000000800003f0 (0x0220db63) bge     ra, sp, pc + 54
0 0x00000000800003f0 (0x0220db63)
core   0: 0x00000000800003f4 (0x00000205) c.addi  tp, 1
0 0x00000000800003f4 (0x0205) x 4 0x0000000000000002
core   0: 0x00000000800003f6 (0x00004289) c.li    t0, 2
0 0x00000000800003f6 (0x4289) x 5 0x0000000000000002
core   0: 0x00000000800003f8 (0xfe5218e3) bne     tp, t0, pc - 16
0 0x00000000800003f8 (0xfe5218e3)
core   0: 0x00000000800003fc (0x00004085) c.li    ra, 1
0 0x00000000800003fc (0x4085) x 1 0x0000000000000001
core   0: 0x00000000800003fe (0x0000d663) bgez    ra, pc + 12
0 0x00000000800003fe (0x0000d663)
core   0: 0x000000008000040a (0x00000085) c.addi  ra, 1
0 0x000000008000040a (0x0085) x 1 0x0000000000000002
core   0: 0x000000008000040c (0x00000085) c.addi  ra, 1
0 0x000000008000040c (0x0085) x 1 0x0000000000000003
core   0: 0x000000008000040e (0x00004e8d) c.li    t4, 3
0 0x000000008000040e (0x4e8d) x29 0x0000000000000003
core   0: 0x0000000080000410 (0x000041e1) c.li    gp, 24
0 0x0000000080000410 (0x41e1) x 3 0x0000000000000018
core   0: 0x0000000080000412 (0x00002e17) auipc   t3, 0x2
0 0x0000000080000412 (0x00002e17) x28 0x0000000080002412
core   0: 0x0000000080000416 (0xbeee0e13) addi    t3, t3, -1042
0 0x0000000080000416 (0xbeee0e13) x28 0x0000000080002000
core   0: 0x000000008000041a (0x061e2023) sw      ra, 96(t3)
0 0x000000008000041a (0x061e2023) mem 0x0000000080002060 0x0000000000000000
core   0: 0x000000008000041e (0x01d09463) bne     ra, t4, pc + 8
0 0x000000008000041e (0x01d09463)
core   0: 0x0000000080000422 (0x00301d63) bne     zero, gp, pc + 26
0 0x0000000080000422 (0x00301d63)
core   0: 0x000000008000043c (0x0ff0000f) fence   iorw,iorw
0 0x000000008000043c (0x0ff0000f)
core   0: 0x0000000080000440 (0x00004185) c.li    gp, 1
0 0x0000000080000440 (0x4185) x 3 0x0000000000000001
core   0: 0x0000000080000442 (0x00002e17) auipc   t3, 0x2
0 0x0000000080000442 (0x00002e17) x28 0x0000000080002442
core   0: 0x0000000080000446 (0xbbee0e13) addi    t3, t3, -1090
0 0x0000000080000446 (0xbbee0e13) x28 0x0000000080002000
core   0: 0x000000008000044a (0x003e2023) sw      gp, 0(t3)
0 0x000000008000044a (0x003e2023) mem 0x0000000080002000 0x0000000000000000
core   0: 0x000000008000044e (0x00000073) ecall
0 0x000000008000044e (0x00000073)
