core   0: 0x0000000000010000 (0x00100413) li      s0, 1
3 0x0000000000010000 (0x00100413) x 8 0x0000000000000001
core   0: 0x0000000000010004 (0x01f41413) slli    s0, s0, 31
3 0x0000000000010004 (0x01f41413) x 8 0x0000000080000000
core   0: 0x0000000000010008 (0xf1402573) csrr    a0, mhartid
3 0x0000000000010008 (0xf1402573) x10 0x0000000000000000
core   0: 0x000000000001000c (0x00000597) auipc   a1, 0x0
3 0x000000000001000c (0x00000597) x11 0x000000000001000c
core   0: 0x0000000000010010 (0x07458593) addi    a1, a1, 116
3 0x0000000000010010 (0x07458593) x11 0x0000000000010080
core   0: 0x0000000000010014 (0x00040067) jr      s0
3 0x0000000000010014 (0x00040067)
core   0: 0x0000000080000000 (0x0000a081) c.j     pc + 64
3 0x0000000080000000 (0xa081)
core   0: 0x0000000080000040 (0xf1402573) csrr    a0, mhartid
3 0x0000000080000040 (0xf1402573) x10 0x0000000000000000
core   0: 0x0000000080000044 (0x0000e101) c.bnez  a0, pc + 0
3 0x0000000080000044 (0xe101)
core   0: 0x0000000080000046 (0x00000297) auipc   t0, 0x0
3 0x0000000080000046 (0x00000297) x 5 0x0000000080000046
core   0: 0x000000008000004a (0x01228293) addi    t0, t0, 18
3 0x000000008000004a (0x01228293) x 5 0x0000000080000058
core   0: 0x000000008000004e (0x30529073) csrw    mtvec, t0
3 0x000000008000004e (0x30529073)
core   0: 0x0000000080000052 (0x18005073) csrwi   satp, 0
3 0x0000000080000052 (0x18005073)
core   0: 0x0000000080000056 (0x00000001) c.nop
3 0x0000000080000056 (0x0001)
core   0: 0x0000000080000058 (0x00000297) auipc   t0, 0x0
3 0x0000000080000058 (0x00000297) x 5 0x0000000080000058
core   0: 0x000000008000005c (0x01828293) addi    t0, t0, 24
3 0x000000008000005c (0x01828293) x 5 0x0000000080000070
core   0: 0x0000000080000060 (0x30529073) csrw    mtvec, t0
3 0x0000000080000060 (0x30529073)
core   0: 0x0000000080000064 (0x000052fd) c.li    t0, -1
3 0x0000000080000064 (0x52fd) x 5 0xffffffffffffffff
core   0: 0x0000000080000066 (0x3b029073) csrw    pmpaddr0, t0
3 0x0000000080000066 (0x3b029073)
core   0: 0x000000008000006a (0x000042fd) c.li    t0, 31
3 0x000000008000006a (0x42fd) x 5 0x000000000000001f
core   0: 0x000000008000006c (0x3a029073) csrw    pmpcfg0, t0
3 0x000000008000006c (0x3a029073)
core   0: 0x0000000080000070 (0x00000297) auipc   t0, 0x0
3 0x0000000080000070 (0x00000297) x 5 0x0000000080000070
core   0: 0x0000000080000074 (0x01828293) addi    t0, t0, 24
3 0x0000000080000074 (0x01828293) x 5 0x0000000080000088
core   0: 0x0000000080000078 (0x30529073) csrw    mtvec, t0
3 0x0000000080000078 (0x30529073)
core   0: 0x000000008000007c (0x30205073) csrwi   medeleg, 0
3 0x000000008000007c (0x30205073)
core   0: 0x0000000080000080 (0x30305073) csrwi   mideleg, 0
3 0x0000000080000080 (0x30305073)
core   0: 0x0000000080000084 (0x30405073) csrwi   mie, 0
3 0x0000000080000084 (0x30405073)
core   0: 0x0000000080000088 (0x00004181) c.li    gp, 0
3 0x0000000080000088 (0x4181) x 3 0x0000000000000000
core   0: 0x000000008000008a (0x00000297) auipc   t0, 0x0
3 0x000000008000008a (0x00000297) x 5 0x000000008000008a
core   0: 0x000000008000008e (0xf7a28293) addi    t0, t0, -134
3 0x000000008000008e (0xf7a28293) x 5 0x0000000080000004
core   0: 0x0000000080000092 (0x30529073) csrw    mtvec, t0
3 0x0000000080000092 (0x30529073)
core   0: 0x0000000080000096 (0x00004505) c.li    a0, 1
3 0x0000000080000096 (0x4505) x10 0x0000000000000001
core   0: 0x0000000080000098 (0x0000057e) c.slli  a0, 31
3 0x0000000080000098 (0x057e) x10 0x0000000080000000
core   0: 0x000000008000009a (0x00055d63) bgez    a0, pc + 26
3 0x000000008000009a (0x00055d63)
core   0: 0x00000000800000b4 (0x80000297) auipc   t0, 0x80000
3 0x00000000800000b4 (0x80000297) x 5 0x00000000000000b4
core   0: 0x00000000800000b8 (0xf4c28293) addi    t0, t0, -180
3 0x00000000800000b8 (0xf4c28293) x 5 0x0000000000000000
core   0: 0x00000000800000bc (0x00028e63) beqz    t0, pc + 28
3 0x00000000800000bc (0x00028e63)
core   0: 0x00000000800000d8 (0x30005073) csrwi   mstatus, 0
3 0x00000000800000d8 (0x30005073)
core   0: 0x00000000800000dc (0x00000297) auipc   t0, 0x0
3 0x00000000800000dc (0x00000297) x 5 0x00000000800000dc
core   0: 0x00000000800000e0 (0x01428293) addi    t0, t0, 20
3 0x00000000800000e0 (0x01428293) x 5 0x00000000800000f0
core   0: 0x00000000800000e4 (0x34129073) csrw    mepc, t0
3 0x00000000800000e4 (0x34129073)
core   0: 0x00000000800000e8 (0xf1402573) csrr    a0, mhartid
3 0x00000000800000e8 (0xf1402573) x10 0x0000000000000000
core   0: 0x00000000800000ec (0x30200073) mret
3 0x00000000800000ec (0x30200073)
core   0: 0x00000000800000f0 (0x00004189) c.li    gp, 2
0 0x00000000800000f0 (0x4189) x 3 0x0000000000000002
core   0: 0x00000000800000f2 (0x00002e17) auipc   t3, 0x2
0 0x00000000800000f2 (0x00002e17) x28 0x00000000800020f2
core   0: 0x00000000800000f6 (0xf0ee0e13) addi    t3, t3, -242
0 0x00000000800000f6 (0xf0ee0e13) x28 0x0000000080002000
core   0: 0x00000000800000fa (0x003e2423) sw      gp, 8(t3)
0 0x00000000800000fa (0x003e2423) mem 0x0000000080002008 0x0000000000000000
core   0: 0x00000000800000fe (0x00004081) c.li    ra, 0
0 0x00000000800000fe (0x4081) x 1 0x0000000000000000
core   0: 0x0000000080000100 (0x00004101) c.li    sp, 0
0 0x0000000080000100 (0x4101) x 2 0x0000000000000000
core   0: 0x0000000080000102 (0x0020f663) bgeu    ra, sp, pc + 12
0 0x0000000080000102 (0x0020f663)
core   0: 0x000000008000010e (0xfe20fee3) bgeu    ra, sp, pc - 4
0 0x000000008000010e (0xfe20fee3)
core   0: 0x000000008000010a (0x00301663) bne     zero, gp, pc + 12
0 0x000000008000010a (0x00301663)
core   0: 0x0000000080000116 (0x0000418d) c.li    gp, 3
0 0x0000000080000116 (0x418d) x 3 0x0000000000000003
core   0: 0x0000000080000118 (0x00002e17) auipc   t3, 0x2
0 0x0000000080000118 (0x00002e17) x28 0x0000000080002118
core   0: 0x000000008000011c (0xee8e0e13) addi    t3, t3, -280
0 0x000000008000011c (0xee8e0e13) x28 0x0000000080002000
core   0: 0x0000000080000120 (0x003e2623) sw      gp, 12(t3)
0 0x0000000080000120 (0x003e2623) mem 0x000000008000200c 0x0000000000000000
core   0: 0x0000000080000124 (0x00004085) c.li    ra, 1
0 0x0000000080000124 (0x4085) x 1 0x0000000000000001
core   0: 0x0000000080000126 (0x00004105) c.li    sp, 1
0 0x0000000080000126 (0x4105) x 2 0x0000000000000001
core   0: 0x0000000080000128 (0x0020f663) bgeu    ra, sp, pc + 12
0 0x0000000080000128 (0x0020f663)
core   0: 0x0000000080000134 (0xfe20fee3) bgeu    ra, sp, pc - 4
0 0x0000000080000134 (0xfe20fee3)
core   0: 0x0000000080000130 (0x00301663) bne     zero, gp, pc + 12
0 0x0000000080000130 (0x00301663)
core   0: 0x000000008000013c (0x00004191) c.li    gp, 4
0 0x000000008000013c (0x4191) x 3 0x0000000000000004
core   0: 0x000000008000013e (0x00002e17) auipc   t3, 0x2
0 0x000000008000013e (0x00002e17) x28 0x000000008000213e
core   0: 0x0000000080000142 (0xec2e0e13) addi    t3, t3, -318
0 0x0000000080000142 (0xec2e0e13) x28 0x0000000080002000
core   0: 0x0000000080000146 (0x003e2823) sw      gp, 16(t3)
0 0x0000000080000146 (0x003e2823) mem 0x0000000080002010 0x0000000000000000
core   0: 0x000000008000014a (0x0010009b) addiw   ra, zero, 1
0 0x000000008000014a (0x0010009b) x 1 0x0000000000000001
core   0: 0x000000008000014e (0x02009093) slli    ra, ra, 32
0 0x000000008000014e (0x02009093) x 1 0x0000000100000000
core   0: 0x0000000080000152 (0xfff08093) addi    ra, ra, -1
0 0x0000000080000152 (0xfff08093) x 1 0x00000000ffffffff
core   0: 0x0000000080000156 (0x0010011b) addiw   sp, zero, 1
0 0x0000000080000156 (0x0010011b) x 2 0x0000000000000001
core   0: 0x000000008000015a (0x02011113) slli    sp, sp, 32
0 0x000000008000015a (0x02011113) x 2 0x0000000100000000
core   0: 0x000000008000015e (0xfff10113) addi    sp, sp, -1
0 0x000000008000015e (0xfff10113) x 2 0x00000000ffffffff
core   0: 0x0000000080000162 (0x0020f663) bgeu    ra, sp, pc + 12
0 0x0000000080000162 (0x0020f663)
core   0: 0x000000008000016e (0xfe20fee3) bgeu    ra, sp, pc - 4
0 0x000000008000016e (0xfe20fee3)
core   0: 0x000000008000016a (0x00301663) bne     zero, gp, pc + 12
0 0x000000008000016a (0x00301663)
core   0: 0x0000000080000176 (0x00004195) c.li    gp, 5
0 0x0000000080000176 (0x4195) x 3 0x0000000000000005
core   0: 0x0000000080000178 (0x00002e17) auipc   t3, 0x2
0 0x0000000080000178 (0x00002e17) x28 0x0000000080002178
core   0: 0x000000008000017c (0xe88e0e13) addi    t3, t3, -376
0 0x000000008000017c (0xe88e0e13) x28 0x0000000080002000
core   0: 0x0000000080000180 (0x003e2a23) sw      gp, 20(t3)
0 0x0000000080000180 (0x003e2a23) mem 0x0000000080002014 0x0000000000000000
core   0: 0x0000000080000184 (0x00004085) c.li    ra, 1
0 0x0000000080000184 (0x4085) x 1 0x0000000000000001
core   0: 0x0000000080000186 (0x00004101) c.li    sp, 0
0 0x0000000080000186 (0x4101) x 2 0x0000000000000000
core   0: 0x0000000080000188 (0x0020f663) bgeu    ra, sp, pc + 12
0 0x0000000080000188 (0x0020f663)
core   0: 0x0000000080000194 (0xfe20fee3) bgeu    ra, sp, pc - 4
0 0x0000000080000194 (0xfe20fee3)
core   0: 0x0000000080000190 (0x00301663) bne     zero, gp, pc + 12
0 0x0000000080000190 (0x00301663)
core   0: 0x000000008000019c (0x00004199) c.li    gp, 6
0 0x000000008000019c (0x4199) x 3 0x0000000000000006
core   0: 0x000000008000019e (0x00002e17) auipc   t3, 0x2
0 0x000000008000019e (0x00002e17) x28 0x000000008000219e
core   0: 0x00000000800001a2 (0xe62e0e13) addi    t3, t3, -414
0 0x00000000800001a2 (0xe62e0e13) x28 0x0000000080002000
core   0: 0x00000000800001a6 (0x003e2c23) sw      gp, 24(t3)
0 0x00000000800001a6 (0x003e2c23) mem 0x0000000080002018 0x0000000000000000
core   0: 0x00000000800001aa (0x0010009b) addiw   ra, zero, 1
0 0x00000000800001aa (0x0010009b) x 1 0x0000000000000001
core   0: 0x00000000800001ae (0x02009093) slli    ra, ra, 32
0 0x00000000800001ae (0x02009093) x 1 0x0000000100000000
core   0: 0x00000000800001b2 (0xfff08093) addi    ra, ra, -1
0 0x00000000800001b2 (0xfff08093) x 1 0x00000000ffffffff
core   0: 0x00000000800001b6 (0x0010011b) addiw   sp, zero, 1
0 0x00000000800001b6 (0x0010011b) x 2 0x0000000000000001
core   0: 0x00000000800001ba (0x02011113) slli    sp, sp, 32
0 0x00000000800001ba (0x02011113) x 2 0x0000000100000000
core   0: 0x00000000800001be (0xffe10113) addi    sp, sp, -2
0 0x00000000800001be (0xffe10113) x 2 0x00000000fffffffe
core   0: 0x00000000800001c2 (0x0020f663) bgeu    ra, sp, pc + 12
0 0x00000000800001c2 (0x0020f663)
core   0: 0x00000000800001ce (0xfe20fee3) bgeu    ra, sp, pc - 4
0 0x00000000800001ce (0xfe20fee3)
core   0: 0x00000000800001ca (0x00301663) bne     zero, gp, pc + 12
0 0x00000000800001ca (0x00301663)
core   0: 0x00000000800001d6 (0x0000419d) c.li    gp, 7
0 0x00000000800001d6 (0x419d) x 3 0x0000000000000007
core   0: 0x00000000800001d8 (0x00002e17) auipc   t3, 0x2
0 0x00000000800001d8 (0x00002e17) x28 0x00000000800021d8
core   0: 0x00000000800001dc (0xe28e0e13) addi    t3, t3, -472
0 0x00000000800001dc (0xe28e0e13) x28 0x0000000080002000
core   0: 0x00000000800001e0 (0x003e2e23) sw      gp, 28(t3)
0 0x00000000800001e0 (0x003e2e23) mem 0x000000008000201c 0x0000000000000000
core   0: 0x00000000800001e4 (0x0010009b) addiw   ra, zero, 1
0 0x00000000800001e4 (0x0010009b) x 1 0x0000000000000001
core   0: 0x00000000800001e8 (0x02009093) slli    ra, ra, 32
0 0x00000000800001e8 (0x02009093) x 1 0x0000000100000000
core   0: 0x00000000800001ec (0xfff08093) addi    ra, ra, -1
0 0x00000000800001ec (0xfff08093) x 1 0x00000000ffffffff
core   0: 0x00000000800001f0 (0x00004101) c.li    sp, 0
0 0x00000000800001f0 (0x4101) x 2 0x0000000000000000
core   0: 0x00000000800001f2 (0x0020f663) bgeu    ra, sp, pc + 12
0 0x00000000800001f2 (0x0020f663)
core   0: 0x00000000800001fe (0xfe20fee3) bgeu    ra, sp, pc - 4
0 0x00000000800001fe (0xfe20fee3)
core   0: 0x00000000800001fa (0x00301663) bne     zero, gp, pc + 12
0 0x00000000800001fa (0x00301663)
core   0: 0x0000000080000206 (0x000041a1) c.li    gp, 8
0 0x0000000080000206 (0x41a1) x 3 0x0000000000000008
core   0: 0x0000000080000208 (0x00002e17) auipc   t3, 0x2
0 0x0000000080000208 (0x00002e17) x28 0x0000000080002208
core   0: 0x000000008000020c (0xdf8e0e13) addi    t3, t3, -520
0 0x000000008000020c (0xdf8e0e13) x28 0x0000000080002000
core   0: 0x0000000080000210 (0x023e2023) sw      gp, 32(t3)
0 0x0000000080000210 (0x023e2023) mem 0x0000000080002020 0x0000000000000000
core   0: 0x0000000080000214 (0x00004081) c.li    ra, 0
0 0x0000000080000214 (0x4081) x 1 0x0000000000000000
core   0: 0x0000000080000216 (0x00004105) c.li    sp, 1
0 0x0000000080000216 (0x4105) x 2 0x0000000000000001
core   0: 0x0000000080000218 (0x0020f463) bgeu    ra, sp, pc + 8
0 0x0000000080000218 (0x0020f463)
core   0: 0x000000008000021c (0x00301463) bne     zero, gp, pc + 8
0 0x000000008000021c (0x00301463)
core   0: 0x0000000080000224 (0xfe20fee3) bgeu    ra, sp, pc - 4
0 0x0000000080000224 (0xfe20fee3)
core   0: 0x0000000080000228 (0x000041a5) c.li    gp, 9
0 0x0000000080000228 (0x41a5) x 3 0x0000000000000009
core   0: 0x000000008000022a (0x00002e17) auipc   t3, 0x2
0 0x000000008000022a (0x00002e17) x28 0x000000008000222a
core   0: 0x000000008000022e (0xdd6e0e13) addi    t3, t3, -554
0 0x000000008000022e (0xdd6e0e13) x28 0x0000000080002000
core   0: 0x0000000080000232 (0x023e2223) sw      gp, 36(t3)
0 0x0000000080000232 (0x023e2223) mem 0x0000000080002024 0x0000000000000000
core   0: 0x0000000080000236 (0x0010009b) addiw   ra, zero, 1
0 0x0000000080000236 (0x0010009b) x 1 0x0000000000000001
core   0: 0x000000008000023a (0x02009093) slli    ra, ra, 32
0 0x000000008000023a (0x02009093) x 1 0x0000000100000000
core   0: 0x000000008000023e (0xffe08093) addi    ra, ra, -2
0 0x000000008000023e (0xffe08093) x 1 0x00000000fffffffe
core   0: 0x0000000080000242 (0x0010011b) addiw   sp, zero, 1
0 0x0000000080000242 (0x0010011b) x 2 0x0000000000000001
core   0: 0x0000000080000246 (0x02011113) slli    sp, sp, 32
0 0x0000000080000246 (0x02011113) x 2 0x0000000100000000
core   0: 0x000000008000024a (0xfff10113) addi    sp, sp, -1
0 0x000000008000024a (0xfff10113) x 2 0x00000000ffffffff
core   0: 0x000000008000024e (0x0020f463) bgeu    ra, sp, pc + 8
0 0x000000008000024e (0x0020f463)
core   0: 0x0000000080000252 (0x00301463) bne     zero, gp, pc + 8
0 0x0000000080000252 (0x00301463)
core   0: 0x000000008000025a (0xfe20fee3) bgeu    ra, sp, pc - 4
0 0x000000008000025a (0xfe20fee3)
core   0: 0x000000008000025e (0x000041a9) c.li    gp, 10
0 0x000000008000025e (0x41a9) x 3 0x000000000000000a
core   0: 0x0000000080000260 (0x00002e17) auipc   t3, 0x2
0 0x0000000080000260 (0x00002e17) x28 0x0000000080002260
core   0: 0x0000000080000264 (0xda0e0e13) addi    t3, t3, -608
0 0x0000000080000264 (0xda0e0e13) x28 0x0000000080002000
core   0: 0x0000000080000268 (0x023e2423) sw      gp, 40(t3)
0 0x0000000080000268 (0x023e2423) mem 0x0000000080002028 0x0000000000000000
core   0: 0x000000008000026c (0x00004081) c.li    ra, 0
0 0x000000008000026c (0x4081) x 1 0x0000000000000000
core   0: 0x000000008000026e (0x0010011b) addiw   sp, zero, 1
0 0x000000008000026e (0x0010011b) x 2 0x0000000000000001
core   0: 0x0000000080000272 (0x02011113) slli    sp, sp, 32
0 0x0000000080000272 (0x02011113) x 2 0x0000000100000000
core   0: 0x0000000080000276 (0xfff10113) addi    sp, sp, -1
0 0x0000000080000276 (0xfff10113) x 2 0x00000000ffffffff
core   0: 0x000000008000027a (0x0020f463) bgeu    ra, sp, pc + 8
0 0x000000008000027a (0x0020f463)
core   0: 0x000000008000027e (0x00301463) bne     zero, gp, pc + 8
0 0x000000008000027e (0x00301463)
core   0: 0x0000000080000286 (0xfe20fee3) bgeu    ra, sp, pc - 4
0 0x0000000080000286 (0xfe20fee3)
core   0: 0x000000008000028a (0x000041ad) c.li    gp, 11
0 0x000000008000028a (0x41ad) x 3 0x000000000000000b
core   0: 0x000000008000028c (0x00002e17) auipc   t3, 0x2
0 0x000000008000028c (0x00002e17) x28 0x000000008000228c
core   0: 0x0000000080000290 (0xd74e0e13) addi    t3, t3, -652
0 0x0000000080000290 (0xd74e0e13) x28 0x0000000080002000
core   0: 0x0000000080000294 (0x023e2623) sw      gp, 44(t3)
0 0x0000000080000294 (0x023e2623) mem 0x000000008000202c 0x0000000000000000
core   0: 0x0000000080000298 (0x800000b7) lui     ra, 0x80000
0 0x0000000080000298 (0x800000b7) x 1 0xffffffff80000000
core   0: 0x000000008000029c (0xfff0809b) addiw   ra, ra, -1
0 0x000000008000029c (0xfff0809b) x 1 0x000000007fffffff
core   0: 0x00000000800002a0 (0x0010011b) addiw   sp, zero, 1
0 0x00000000800002a0 (0x0010011b) x 2 0x0000000000000001
core   0: 0x00000000800002a4 (0x01f11113) slli    sp, sp, 31
0 0x00000000800002a4 (0x01f11113) x 2 0x0000000080000000
core   0: 0x00000000800002a8 (0x0020f463) bgeu    ra, sp, pc + 8
0 0x00000000800002a8 (0x0020f463)
core   0: 0x00000000800002ac (0x00301463) bne     zero, gp, pc + 8
0 0x00000000800002ac (0x00301463)
core   0: 0x00000000800002b4 (0xfe20fee3) bgeu    ra, sp, pc - 4
0 0x00000000800002b4 (0xfe20fee3)
core   0: 0x00000000800002b8 (0x000041b1) c.li    gp, 12
0 0x00000000800002b8 (0x41b1) x 3 0x000000000000000c
core   0: 0x00000000800002ba (0x00002e17) auipc   t3, 0x2
0 0x00000000800002ba (0x00002e17) x28 0x00000000800022ba
core   0: 0x00000000800002be (0xd46e0e13) addi    t3, t3, -698
0 0x00000000800002be (0xd46e0e13) x28 0x0000000080002000
core   0: 0x00000000800002c2 (0x023e2823) sw      gp, 48(t3)
0 0x00000000800002c2 (0x023e2823) mem 0x0000000080002030 0x0000000000000000
core   0: 0x00000000800002c6 (0x00004201) c.li    tp, 0
0 0x00000000800002c6 (0x4201) x 4 0x0000000000000000
core   0: 0x00000000800002c8 (0x00f0009b) addiw   ra, zero, 15
0 0x00000000800002c8 (0x00f0009b) x 1 0x000000000000000f
core   0: 0x00000000800002cc (0x01c09093) slli    ra, ra, 28
0 0x00000000800002cc (0x01c09093) x 1 0x00000000f0000000
core   0: 0x00000000800002d0 (0xfff08093) addi    ra, ra, -1
0 0x00000000800002d0 (0xfff08093) x 1 0x00000000efffffff
core   0: 0x00000000800002d4 (0x00f0011b) addiw   sp, zero, 15
0 0x00000000800002d4 (0x00f0011b) x 2 0x000000000000000f
core   0: 0x00000000800002d8 (0x01c11113) slli    sp, sp, 28
0 0x00000000800002d8 (0x01c11113) x 2 0x00000000f0000000
core   0: 0x00000000800002dc (0x2620f363) bgeu    ra, sp, pc + 614
0 0x00000000800002dc (0x2620f363)
core   0: 0x00000000800002e0 (0x00000205) c.addi  tp, 1
0 0x00000000800002e0 (0x0205) x 4 0x0000000000000001
core   0: 0x00000000800002e2 (0x00004289) c.li    t0, 2
0 0x00000000800002e2 (0x4289) x 5 0x0000000000000002
core   0: 0x00000000800002e4 (0xfe5212e3) bne     tp, t0, pc - 28
0 0x00000000800002e4 (0xfe5212e3)
core   0: 0x00000000800002c8 (0x00f0009b) addiw   ra, zero, 15
0 0x00000000800002c8 (0x00f0009b) x 1 0x000000000000000f
core   0: 0x00000000800002cc (0x01c09093) slli    ra, ra, 28
0 0x00000000800002cc (0x01c09093) x 1 0x00000000f0000000
core   0: 0x00000000800002d0 (0xfff08093) addi    ra, ra, -1
0 0x00000000800002d0 (0xfff08093) x 1 0x00000000efffffff
core   0: 0x00000000800002d4 (0x00f0011b) addiw   sp, zero, 15
0 0x00000000800002d4 (0x00f0011b) x 2 0x000000000000000f
core   0: 0x00000000800002d8 (0x01c11113) slli    sp, sp, 28
0 0x00000000800002d8 (0x01c11113) x 2 0x00000000f0000000
core   0: 0x00000000800002dc (0x2620f363) bgeu    ra, sp, pc + 614
0 0x00000000800002dc (0x2620f363)
core   0: 0x00000000800002e0 (0x00000205) c.addi  tp, 1
0 0x00000000800002e0 (0x0205) x 4 0x0000000000000002
core   0: 0x00000000800002e2 (0x00004289) c.li    t0, 2
0 0x00000000800002e2 (0x4289) x 5 0x0000000000000002
core   0: 0x00000000800002e4 (0xfe5212e3) bne     tp, t0, pc - 28
0 0x00000000800002e4 (0xfe5212e3)
core   0: 0x00000000800002e8 (0x000041b5) c.li    gp, 13
0 0x00000000800002e8 (0x41b5) x 3 0x000000000000000d
core   0: 0x00000000800002ea (0x00002e17) auipc   t3, 0x2
0 0x00000000800002ea (0x00002e17) x28 0x00000000800022ea
core   0: 0x00000000800002ee (0xd16e0e13) addi    t3, t3, -746
0 0x00000000800002ee (0xd16e0e13) x28 0x0000000080002000
core   0: 0x00000000800002f2 (0x023e2a23) sw      gp, 52(t3)
0 0x00000000800002f2 (0x023e2a23) mem 0x0000000080002034 0x0000000000000000
core   0: 0x00000000800002f6 (0x00004201) c.li    tp, 0
0 0x00000000800002f6 (0x4201) x 4 0x0000000000000000
core   0: 0x00000000800002f8 (0x00f0009b) addiw   ra, zero, 15
0 0x00000000800002f8 (0x00f0009b) x 1 0x000000000000000f
core   0: 0x00000000800002fc (0x01c09093) slli    ra, ra, 28
0 0x00000000800002fc (0x01c09093) x 1 0x00000000f0000000
core   0: 0x0000000080000300 (0xfff08093) addi    ra, ra, -1
0 0x0000000080000300 (0xfff08093) x 1 0x00000000efffffff
core   0: 0x0000000080000304 (0x00f0011b) addiw   sp, zero, 15
0 0x0000000080000304 (0x00f0011b) x 2 0x000000000000000f
core   0: 0x0000000080000308 (0x01c11113) slli    sp, sp, 28
0 0x0000000080000308 (0x01c11113) x 2 0x00000000f0000000
core   0: 0x000000008000030c (0x00000001) c.nop
0 0x000000008000030c (0x0001)
core   0: 0x000000008000030e (0x2220fa63) bgeu    ra, sp, pc + 564
0 0x000000008000030e (0x2220fa63)
core   0: 0x0000000080000312 (0x00000205) c.addi  tp, 1
0 0x0000000080000312 (0x0205) x 4 0x0000000000000001
core   0: 0x0000000080000314 (0x00004289) c.li    t0, 2
0 0x0000000080000314 (0x4289) x 5 0x0000000000000002
core   0: 0x0000000080000316 (0xfe5211e3) bne     tp, t0, pc - 30
0 0x0000000080000316 (0xfe5211e3)
core   0: 0x00000000800002f8 (0x00f0009b) addiw   ra, zero, 15
0 0x00000000800002f8 (0x00f0009b) x 1 0x000000000000000f
core   0: 0x00000000800002fc (0x01c09093) slli    ra, ra, 28
0 0x00000000800002fc (0x01c09093) x 1 0x00000000f0000000
core   0: 0x0000000080000300 (0xfff08093) addi    ra, ra, -1
0 0x0000000080000300 (0xfff08093) x 1 0x00000000efffffff
core   0: 0x0000000080000304 (0x00f0011b) addiw   sp, zero, 15
0 0x0000000080000304 (0x00f0011b) x 2 0x000000000000000f
core   0: 0x0000000080000308 (0x01c11113) slli    sp, sp, 28
0 0x0000000080000308 (0x01c11113) x 2 0x00000000f0000000
core   0: 0x000000008000030c (0x00000001) c.nop
0 0x000000008000030c (0x0001)
core   0: 0x000000008000030e (0x2220fa63) bgeu    ra, sp, pc + 564
0 0x000000008000030e (0x2220fa63)
core   0: 0x0000000080000312 (0x00000205) c.addi  tp, 1
0 0x0000000080000312 (0x0205) x 4 0x0000000000000002
core   0: 0x0000000080000314 (0x00004289) c.li    t0, 2
0 0x0000000080000314 (0x4289) x 5 0x0000000000000002
core   0: 0x0000000080000316 (0xfe5211e3) bne     tp, t0, pc - 30
0 0x0000000080000316 (0xfe5211e3)
core   0: 0x000000008000031a (0x000041b9) c.li    gp, 14
0 0x000000008000031a (0x41b9) x 3 0x000000000000000e
core   0: 0x000000008000031c (0x00002e17) auipc   t3, 0x2
0 0x000000008000031c (0x00002e17) x28 0x000000008000231c
core   0: 0x0000000080000320 (0xce4e0e13) addi    t3, t3, -796
0 0x0000000080000320 (0xce4e0e13) x28 0x0000000080002000
core   0: 0x0000000080000324 (0x023e2c23) sw      gp, 56(t3)
0 0x0000000080000324 (0x023e2c23) mem 0x0000000080002038 0x0000000000000000
core   0: 0x0000000080000328 (0x00004201) c.li    tp, 0
0 0x0000000080000328 (0x4201) x 4 0x0000000000000000
core   0: 0x000000008000032a (0x00f0009b) addiw   ra, zero, 15
0 0x000000008000032a (0x00f0009b) x 1 0x000000000000000f
core   0: 0x000000008000032e (0x01c09093) slli    ra, ra, 28
0 0x000000008000032e (0x01c09093) x 1 0x00000000f0000000
core   0: 0x0000000080000332 (0xfff08093) addi    ra, ra, -1
0 0x0000000080000332 (0xfff08093) x 1 0x00000000efffffff
core   0: 0x0000000080000336 (0x00f0011b) addiw   sp, zero, 15
0 0x0000000080000336 (0x00f0011b) x 2 0x000000000000000f
core   0: 0x000000008000033a (0x01c11113) slli    sp, sp, 28
0 0x000000008000033a (0x01c11113) x 2 0x00000000f0000000
core   0: 0x000000008000033e (0x00000001) c.nop
0 0x000000008000033e (0x0001)
core   0: 0x0000000080000340 (0x00000001) c.nop
0 0x0000000080000340 (0x0001)
core   0: 0x0000000080000342 (0x2020f063) bgeu    ra, sp, pc + 512
0 0x0000000080000342 (0x2020f063)
core   0: 0x0000000080000346 (0x00000205) c.addi  tp, 1
0 0x0000000080000346 (0x0205) x 4 0x0000000000000001
core   0: 0x0000000080000348 (0x00004289) c.li    t0, 2
0 0x0000000080000348 (0x4289) x 5 0x0000000000000002
core   0: 0x000000008000034a (0xfe5210e3) bne     tp, t0, pc - 32
0 0x000000008000034a (0xfe5210e3)
core   0: 0x000000008000032a (0x00f0009b) addiw   ra, zero, 15
0 0x000000008000032a (0x00f0009b) x 1 0x000000000000000f
core   0: 0x000000008000032e (0x01c09093) slli    ra, ra, 28
0 0x000000008000032e (0x01c09093) x 1 0x00000000f0000000
core   0: 0x0000000080000332 (0xfff08093) addi    ra, ra, -1
0 0x0000000080000332 (0xfff08093) x 1 0x00000000efffffff
core   0: 0x0000000080000336 (0x00f0011b) addiw   sp, zero, 15
0 0x0000000080000336 (0x00f0011b) x 2 0x000000000000000f
core   0: 0x000000008000033a (0x01c11113) slli    sp, sp, 28
0 0x000000008000033a (0x01c11113) x 2 0x00000000f0000000
core   0: 0x000000008000033e (0x00000001) c.nop
0 0x000000008000033e (0x0001)
core   0: 0x0000000080000340 (0x00000001) c.nop
0 0x0000000080000340 (0x0001)
core   0: 0x0000000080000342 (0x2020f063) bgeu    ra, sp, pc + 512
0 0x0000000080000342 (0x2020f063)
core   0: 0x0000000080000346 (0x00000205) c.addi  tp, 1
0 0x0000000080000346 (0x0205) x 4 0x0000000000000002
core   0: 0x0000000080000348 (0x00004289) c.li    t0, 2
0 0x0000000080000348 (0x4289) x 5 0x0000000000000002
core   0: 0x000000008000034a (0xfe5210e3) bne     tp, t0, pc - 32
0 0x000000008000034a (0xfe5210e3)
core   0: 0x000000008000034e (0x000041bd) c.li    gp, 15
0 0x000000008000034e (0x41bd) x 3 0x000000000000000f
core   0: 0x0000000080000350 (0x00002e17) auipc   t3, 0x2
0 0x0000000080000350 (0x00002e17) x28 0x0000000080002350
core   0: 0x0000000080000354 (0xcb0e0e13) addi    t3, t3, -848
0 0x0000000080000354 (0xcb0e0e13) x28 0x0000000080002000
core   0: 0x0000000080000358 (0x023e2e23) sw      gp, 60(t3)
0 0x0000000080000358 (0x023e2e23) mem 0x000000008000203c 0x0000000000000000
core   0: 0x000000008000035c (0x00004201) c.li    tp, 0
0 0x000000008000035c (0x4201) x 4 0x0000000000000000
core   0: 0x000000008000035e (0x00f0009b) addiw   ra, zero, 15
0 0x000000008000035e (0x00f0009b) x 1 0x000000000000000f
core   0: 0x0000000080000362 (0x01c09093) slli    ra, ra, 28
0 0x0000000080000362 (0x01c09093) x 1 0x00000000f0000000
core   0: 0x0000000080000366 (0xfff08093) addi    ra, ra, -1
0 0x0000000080000366 (0xfff08093) x 1 0x00000000efffffff
core   0: 0x000000008000036a (0x00000001) c.nop
0 0x000000008000036a (0x0001)
core   0: 0x000000008000036c (0x00f0011b) addiw   sp, zero, 15
0 0x000000008000036c (0x00f0011b) x 2 0x000000000000000f
core   0: 0x0000000080000370 (0x01c11113) slli    sp, sp, 28
0 0x0000000080000370 (0x01c11113) x 2 0x00000000f0000000
core   0: 0x0000000080000374 (0x1c20f763) bgeu    ra, sp, pc + 462
0 0x0000000080000374 (0x1c20f763)
core   0: 0x0000000080000378 (0x00000205) c.addi  tp, 1
0 0x0000000080000378 (0x0205) x 4 0x0000000000000001
core   0: 0x000000008000037a (0x00004289) c.li    t0, 2
0 0x000000008000037a (0x4289) x 5 0x0000000000000002
core   0: 0x000000008000037c (0xfe5211e3) bne     tp, t0, pc - 30
0 0x000000008000037c (0xfe5211e3)
core   0: 0x000000008000035e (0x00f0009b) addiw   ra, zero, 15
0 0x000000008000035e (0x00f0009b) x 1 0x000000000000000f
core   0: 0x0000000080000362 (0x01c09093) slli    ra, ra, 28
0 0x0000000080000362 (0x01c09093) x 1 0x00000000f0000000
core   0: 0x0000000080000366 (0xfff08093) addi    ra, ra, -1
0 0x0000000080000366 (0xfff08093) x 1 0x00000000efffffff
core   0: 0x000000008000036a (0x00000001) c.nop
0 0x000000008000036a (0x0001)
core   0: 0x000000008000036c (0x00f0011b) addiw   sp, zero, 15
0 0x000000008000036c (0x00f0011b) x 2 0x000000000000000f
core   0: 0x0000000080000370 (0x01c11113) slli    sp, sp, 28
0 0x0000000080000370 (0x01c11113) x 2 0x00000000f0000000
core   0: 0x0000000080000374 (0x1c20f763) bgeu    ra, sp, pc + 462
0 0x0000000080000374 (0x1c20f763)
core   0: 0x0000000080000378 (0x00000205) c.addi  tp, 1
0 0x0000000080000378 (0x0205) x 4 0x0000000000000002
core   0: 0x000000008000037a (0x00004289) c.li    t0, 2
0 0x000000008000037a (0x4289) x 5 0x0000000000000002
core   0: 0x000000008000037c (0xfe5211e3) bne     tp, t0, pc - 30
0 0x000000008000037c (0xfe5211e3)
core   0: 0x0000000080000380 (0x000041c1) c.li    gp, 16
0 0x0000000080000380 (0x41c1) x 3 0x0000000000000010
core   0: 0x0000000080000382 (0x00002e17) auipc   t3, 0x2
0 0x0000000080000382 (0x00002e17) x28 0x0000000080002382
core   0: 0x0000000080000386 (0xc7ee0e13) addi    t3, t3, -898
0 0x0000000080000386 (0xc7ee0e13) x28 0x0000000080002000
core   0: 0x000000008000038a (0x043e2023) sw      gp, 64(t3)
0 0x000000008000038a (0x043e2023) mem 0x0000000080002040 0x0000000000000000
core   0: 0x000000008000038e (0x00004201) c.li    tp, 0
0 0x000000008000038e (0x4201) x 4 0x0000000000000000
core   0: 0x0000000080000390 (0x00f0009b) addiw   ra, zero, 15
0 0x0000000080000390 (0x00f0009b) x 1 0x000000000000000f
core   0: 0x0000000080000394 (0x01c09093) slli    ra, ra, 28
0 0x0000000080000394 (0x01c09093) x 1 0x00000000f0000000
core   0: 0x0000000080000398 (0xfff08093) addi    ra, ra, -1
0 0x0000000080000398 (0xfff08093) x 1 0x00000000efffffff
core   0: 0x000000008000039c (0x00000001) c.nop
0 0x000000008000039c (0x0001)
core   0: 0x000000008000039e (0x00f0011b) addiw   sp, zero, 15
0 0x000000008000039e (0x00f0011b) x 2 0x000000000000000f
core   0: 0x00000000800003a2 (0x01c11113) slli    sp, sp, 28
0 0x00000000800003a2 (0x01c11113) x 2 0x00000000f0000000
core   0: 0x00000000800003a6 (0x00000001) c.nop
0 0x00000000800003a6 (0x0001)
core   0: 0x00000000800003a8 (0x1820fd63) bgeu    ra, sp, pc + 410
0 0x00000000800003a8 (0x1820fd63)
core   0: 0x00000000800003ac (0x00000205) c.addi  tp, 1
0 0x00000000800003ac (0x0205) x 4 0x0000000000000001
core   0: 0x00000000800003ae (0x00004289) c.li    t0, 2
0 0x00000000800003ae (0x4289) x 5 0x0000000000000002
core   0: 0x00000000800003b0 (0xfe5210e3) bne     tp, t0, pc - 32
0 0x00000000800003b0 (0xfe5210e3)
core   0: 0x0000000080000390 (0x00f0009b) addiw   ra, zero, 15
0 0x0000000080000390 (0x00f0009b) x 1 0x000000000000000f
core   0: 0x0000000080000394 (0x01c09093) slli    ra, ra, 28
0 0x0000000080000394 (0x01c09093) x 1 0x00000000f0000000
core   0: 0x0000000080000398 (0xfff08093) addi    ra, ra, -1
0 0x0000000080000398 (0xfff08093) x 1 0x00000000efffffff
core   0: 0x000000008000039c (0x00000001) c.nop
0 0x000000008000039c (0x0001)
core   0: 0x000000008000039e (0x00f0011b) addiw   sp, zero, 15
0 0x000000008000039e (0x00f0011b) x 2 0x000000000000000f
core   0: 0x00000000800003a2 (0x01c11113) slli    sp, sp, 28
0 0x00000000800003a2 (0x01c11113) x 2 0x00000000f0000000
core   0: 0x00000000800003a6 (0x00000001) c.nop
0 0x00000000800003a6 (0x0001)
core   0: 0x00000000800003a8 (0x1820fd63) bgeu    ra, sp, pc + 410
0 0x00000000800003a8 (0x1820fd63)
core   0: 0x00000000800003ac (0x00000205) c.addi  tp, 1
0 0x00000000800003ac (0x0205) x 4 0x0000000000000002
core   0: 0x00000000800003ae (0x00004289) c.li    t0, 2
0 0x00000000800003ae (0x4289) x 5 0x0000000000000002
core   0: 0x00000000800003b0 (0xfe5210e3) bne     tp, t0, pc - 32
0 0x00000000800003b0 (0xfe5210e3)
core   0: 0x00000000800003b4 (0x000041c5) c.li    gp, 17
0 0x00000000800003b4 (0x41c5) x 3 0x0000000000000011
core   0: 0x00000000800003b6 (0x00002e17) auipc   t3, 0x2
0 0x00000000800003b6 (0x00002e17) x28 0x00000000800023b6
core   0: 0x00000000800003ba (0xc4ae0e13) addi    t3, t3, -950
0 0x00000000800003ba (0xc4ae0e13) x28 0x0000000080002000
core   0: 0x00000000800003be (0x043e2223) sw      gp, 68(t3)
0 0x00000000800003be (0x043e2223) mem 0x0000000080002044 0x0000000000000000
core   0: 0x00000000800003c2 (0x00004201) c.li    tp, 0
0 0x00000000800003c2 (0x4201) x 4 0x0000000000000000
core   0: 0x00000000800003c4 (0x00f0009b) addiw   ra, zero, 15
0 0x00000000800003c4 (0x00f0009b) x 1 0x000000000000000f
core   0: 0x00000000800003c8 (0x01c09093) slli    ra, ra, 28
0 0x00000000800003c8 (0x01c09093) x 1 0x00000000f0000000
core   0: 0x00000000800003cc (0xfff08093) addi    ra, ra, -1
0 0x00000000800003cc (0xfff08093) x 1 0x00000000efffffff
core   0: 0x00000000800003d0 (0x00000001) c.nop
0 0x00000000800003d0 (0x0001)
core   0: 0x00000000800003d2 (0x00000001) c.nop
0 0x00000000800003d2 (0x0001)
core   0: 0x00000000800003d4 (0x00f0011b) addiw   sp, zero, 15
0 0x00000000800003d4 (0x00f0011b) x 2 0x000000000000000f
core   0: 0x00000000800003d8 (0x01c11113) slli    sp, sp, 28
0 0x00000000800003d8 (0x01c11113) x 2 0x00000000f0000000
core   0: 0x00000000800003dc (0x1620f363) bgeu    ra, sp, pc + 358
0 0x00000000800003dc (0x1620f363)
core   0: 0x00000000800003e0 (0x00000205) c.addi  tp, 1
0 0x00000000800003e0 (0x0205) x 4 0x0000000000000001
core   0: 0x00000000800003e2 (0x00004289) c.li    t0, 2
0 0x00000000800003e2 (0x4289) x 5 0x0000000000000002
core   0: 0x00000000800003e4 (0xfe5210e3) bne     tp, t0, pc - 32
0 0x00000000800003e4 (0xfe5210e3)
core   0: 0x00000000800003c4 (0x00f0009b) addiw   ra, zero, 15
0 0x00000000800003c4 (0x00f0009b) x 1 0x000000000000000f
core   0: 0x00000000800003c8 (0x01c09093) slli    ra, ra, 28
0 0x00000000800003c8 (0x01c09093) x 1 0x00000000f0000000
core   0: 0x00000000800003cc (0xfff08093) addi    ra, ra, -1
0 0x00000000800003cc (0xfff08093) x 1 0x00000000efffffff
core   0: 0x00000000800003d0 (0x00000001) c.nop
0 0x00000000800003d0 (0x0001)
core   0: 0x00000000800003d2 (0x00000001) c.nop
0 0x00000000800003d2 (0x0001)
core   0: 0x00000000800003d4 (0x00f0011b) addiw   sp, zero, 15
0 0x00000000800003d4 (0x00f0011b) x 2 0x000000000000000f
core   0: 0x00000000800003d8 (0x01c11113) slli    sp, sp, 28
0 0x00000000800003d8 (0x01c11113) x 2 0x00000000f0000000
core   0: 0x00000000800003dc (0x1620f363) bgeu    ra, sp, pc + 358
0 0x00000000800003dc (0x1620f363)
core   0: 0x00000000800003e0 (0x00000205) c.addi  tp, 1
0 0x00000000800003e0 (0x0205) x 4 0x0000000000000002
core   0: 0x00000000800003e2 (0x00004289) c.li    t0, 2
0 0x00000000800003e2 (0x4289) x 5 0x0000000000000002
core   0: 0x00000000800003e4 (0xfe5210e3) bne     tp, t0, pc - 32
0 0x00000000800003e4 (0xfe5210e3)
core   0: 0x00000000800003e8 (0x000041c9) c.li    gp, 18
0 0x00000000800003e8 (0x41c9) x 3 0x0000000000000012
core   0: 0x00000000800003ea (0x00002e17) auipc   t3, 0x2
0 0x00000000800003ea (0x00002e17) x28 0x00000000800023ea
core   0: 0x00000000800003ee (0xc16e0e13) addi    t3, t3, -1002
0 0x00000000800003ee (0xc16e0e13) x28 0x0000000080002000
core   0: 0x00000000800003f2 (0x043e2423) sw      gp, 72(t3)
0 0x00000000800003f2 (0x043e2423) mem 0x0000000080002048 0x0000000000000000
core   0: 0x00000000800003f6 (0x00004201) c.li    tp, 0
0 0x00000000800003f6 (0x4201) x 4 0x0000000000000000
core   0: 0x00000000800003f8 (0x00f0009b) addiw   ra, zero, 15
0 0x00000000800003f8 (0x00f0009b) x 1 0x000000000000000f
core   0: 0x00000000800003fc (0x01c09093) slli    ra, ra, 28
0 0x00000000800003fc (0x01c09093) x 1 0x00000000f0000000
core   0: 0x0000000080000400 (0xfff08093) addi    ra, ra, -1
0 0x0000000080000400 (0xfff08093) x 1 0x00000000efffffff
core   0: 0x0000000080000404 (0x00f0011b) addiw   sp, zero, 15
0 0x0000000080000404 (0x00f0011b) x 2 0x000000000000000f
core   0: 0x0000000080000408 (0x01c11113) slli    sp, sp, 28
0 0x0000000080000408 (0x01c11113) x 2 0x00000000f0000000
core   0: 0x000000008000040c (0x1220fb63) bgeu    ra, sp, pc + 310
0 0x000000008000040c (0x1220fb63)
core   0: 0x0000000080000410 (0x00000205) c.addi  tp, 1
0 0x0000000080000410 (0x0205) x 4 0x0000000000000001
core   0: 0x0000000080000412 (0x00004289) c.li    t0, 2
0 0x0000000080000412 (0x4289) x 5 0x0000000000000002
core   0: 0x0000000080000414 (0xfe5212e3) bne     tp, t0, pc - 28
0 0x0000000080000414 (0xfe5212e3)
core   0: 0x00000000800003f8 (0x00f0009b) addiw   ra, zero, 15
0 0x00000000800003f8 (0x00f0009b) x 1 0x000000000000000f
core   0: 0x00000000800003fc (0x01c09093) slli    ra, ra, 28
0 0x00000000800003fc (0x01c09093) x 1 0x00000000f0000000
core   0: 0x0000000080000400 (0xfff08093) addi    ra, ra, -1
0 0x0000000080000400 (0xfff08093) x 1 0x00000000efffffff
core   0: 0x0000000080000404 (0x00f0011b) addiw   sp, zero, 15
0 0x0000000080000404 (0x00f0011b) x 2 0x000000000000000f
core   0: 0x0000000080000408 (0x01c11113) slli    sp, sp, 28
0 0x0000000080000408 (0x01c11113) x 2 0x00000000f0000000
core   0: 0x000000008000040c (0x1220fb63) bgeu    ra, sp, pc + 310
0 0x000000008000040c (0x1220fb63)
core   0: 0x0000000080000410 (0x00000205) c.addi  tp, 1
0 0x0000000080000410 (0x0205) x 4 0x0000000000000002
core   0: 0x0000000080000412 (0x00004289) c.li    t0, 2
0 0x0000000080000412 (0x4289) x 5 0x0000000000000002
core   0: 0x0000000080000414 (0xfe5212e3) bne     tp, t0, pc - 28
0 0x0000000080000414 (0xfe5212e3)
core   0: 0x0000000080000418 (0x000041cd) c.li    gp, 19
0 0x0000000080000418 (0x41cd) x 3 0x0000000000000013
core   0: 0x000000008000041a (0x00002e17) auipc   t3, 0x2
0 0x000000008000041a (0x00002e17) x28 0x000000008000241a
core   0: 0x000000008000041e (0xbe6e0e13) addi    t3, t3, -1050
0 0x000000008000041e (0xbe6e0e13) x28 0x0000000080002000
core   0: 0x0000000080000422 (0x043e2623) sw      gp, 76(t3)
0 0x0000000080000422 (0x043e2623) mem 0x000000008000204c 0x0000000000000000
core   0: 0x0000000080000426 (0x00004201) c.li    tp, 0
0 0x0000000080000426 (0x4201) x 4 0x0000000000000000
core   0: 0x0000000080000428 (0x00f0009b) addiw   ra, zero, 15
0 0x0000000080000428 (0x00f0009b) x 1 0x000000000000000f
core   0: 0x000000008000042c (0x01c09093) slli    ra, ra, 28
0 0x000000008000042c (0x01c09093) x 1 0x00000000f0000000
core   0: 0x0000000080000430 (0xfff08093) addi    ra, ra, -1
0 0x0000000080000430 (0xfff08093) x 1 0x00000000efffffff
core   0: 0x0000000080000434 (0x00f0011b) addiw   sp, zero, 15
0 0x0000000080000434 (0x00f0011b) x 2 0x000000000000000f
core   0: 0x0000000080000438 (0x01c11113) slli    sp, sp, 28
0 0x0000000080000438 (0x01c11113) x 2 0x00000000f0000000
core   0: 0x000000008000043c (0x00000001) c.nop
0 0x000000008000043c (0x0001)
core   0: 0x000000008000043e (0x1020f263) bgeu    ra, sp, pc + 260
0 0x000000008000043e (0x1020f263)
core   0: 0x0000000080000442 (0x00000205) c.addi  tp, 1
0 0x0000000080000442 (0x0205) x 4 0x0000000000000001
core   0: 0x0000000080000444 (0x00004289) c.li    t0, 2
0 0x0000000080000444 (0x4289) x 5 0x0000000000000002
core   0: 0x0000000080000446 (0xfe5211e3) bne     tp, t0, pc - 30
0 0x0000000080000446 (0xfe5211e3)
core   0: 0x0000000080000428 (0x00f0009b) addiw   ra, zero, 15
0 0x0000000080000428 (0x00f0009b) x 1 0x000000000000000f
core   0: 0x000000008000042c (0x01c09093) slli    ra, ra, 28
0 0x000000008000042c (0x01c09093) x 1 0x00000000f0000000
core   0: 0x0000000080000430 (0xfff08093) addi    ra, ra, -1
0 0x0000000080000430 (0xfff08093) x 1 0x00000000efffffff
core   0: 0x0000000080000434 (0x00f0011b) addiw   sp, zero, 15
0 0x0000000080000434 (0x00f0011b) x 2 0x000000000000000f
core   0: 0x0000000080000438 (0x01c11113) slli    sp, sp, 28
0 0x0000000080000438 (0x01c11113) x 2 0x00000000f0000000
core   0: 0x000000008000043c (0x00000001) c.nop
0 0x000000008000043c (0x0001)
core   0: 0x000000008000043e (0x1020f263) bgeu    ra, sp, pc + 260
0 0x000000008000043e (0x1020f263)
core   0: 0x0000000080000442 (0x00000205) c.addi  tp, 1
0 0x0000000080000442 (0x0205) x 4 0x0000000000000002
core   0: 0x0000000080000444 (0x00004289) c.li    t0, 2
0 0x0000000080000444 (0x4289) x 5 0x0000000000000002
core   0: 0x0000000080000446 (0xfe5211e3) bne     tp, t0, pc - 30
0 0x0000000080000446 (0xfe5211e3)
core   0: 0x000000008000044a (0x000041d1) c.li    gp, 20
0 0x000000008000044a (0x41d1) x 3 0x0000000000000014
core   0: 0x000000008000044c (0x00002e17) auipc   t3, 0x2
0 0x000000008000044c (0x00002e17) x28 0x000000008000244c
core   0: 0x0000000080000450 (0xbb4e0e13) addi    t3, t3, -1100
0 0x0000000080000450 (0xbb4e0e13) x28 0x0000000080002000
core   0: 0x0000000080000454 (0x043e2823) sw      gp, 80(t3)
0 0x0000000080000454 (0x043e2823) mem 0x0000000080002050 0x0000000000000000
core   0: 0x0000000080000458 (0x00004201) c.li    tp, 0
0 0x0000000080000458 (0x4201) x 4 0x0000000000000000
core   0: 0x000000008000045a (0x00f0009b) addiw   ra, zero, 15
0 0x000000008000045a (0x00f0009b) x 1 0x000000000000000f
core   0: 0x000000008000045e (0x01c09093) slli    ra, ra, 28
0 0x000000008000045e (0x01c09093) x 1 0x00000000f0000000
core   0: 0x0000000080000462 (0xfff08093) addi    ra, ra, -1
0 0x0000000080000462 (0xfff08093) x 1 0x00000000efffffff
core   0: 0x0000000080000466 (0x00f0011b) addiw   sp, zero, 15
0 0x0000000080000466 (0x00f0011b) x 2 0x000000000000000f
core   0: 0x000000008000046a (0x01c11113) slli    sp, sp, 28
0 0x000000008000046a (0x01c11113) x 2 0x00000000f0000000
core   0: 0x000000008000046e (0x00000001) c.nop
0 0x000000008000046e (0x0001)
core   0: 0x0000000080000470 (0x00000001) c.nop
0 0x0000000080000470 (0x0001)
core   0: 0x0000000080000472 (0x0c20f863) bgeu    ra, sp, pc + 208
0 0x0000000080000472 (0x0c20f863)
core   0: 0x0000000080000476 (0x00000205) c.addi  tp, 1
0 0x0000000080000476 (0x0205) x 4 0x0000000000000001
core   0: 0x0000000080000478 (0x00004289) c.li    t0, 2
0 0x0000000080000478 (0x4289) x 5 0x0000000000000002
core   0: 0x000000008000047a (0xfe5210e3) bne     tp, t0, pc - 32
0 0x000000008000047a (0xfe5210e3)
core   0: 0x000000008000045a (0x00f0009b) addiw   ra, zero, 15
0 0x000000008000045a (0x00f0009b) x 1 0x000000000000000f
core   0: 0x000000008000045e (0x01c09093) slli    ra, ra, 28
0 0x000000008000045e (0x01c09093) x 1 0x00000000f0000000
core   0: 0x0000000080000462 (0xfff08093) addi    ra, ra, -1
0 0x0000000080000462 (0xfff08093) x 1 0x00000000efffffff
core   0: 0x0000000080000466 (0x00f0011b) addiw   sp, zero, 15
0 0x0000000080000466 (0x00f0011b) x 2 0x000000000000000f
core   0: 0x000000008000046a (0x01c11113) slli    sp, sp, 28
0 0x000000008000046a (0x01c11113) x 2 0x00000000f0000000
core   0: 0x000000008000046e (0x00000001) c.nop
0 0x000000008000046e (0x0001)
core   0: 0x0000000080000470 (0x00000001) c.nop
0 0x0000000080000470 (0x0001)
core   0: 0x0000000080000472 (0x0c20f863) bgeu    ra, sp, pc + 208
0 0x0000000080000472 (0x0c20f863)
core   0: 0x0000000080000476 (0x00000205) c.addi  tp, 1
0 0x0000000080000476 (0x0205) x 4 0x0000000000000002
core   0: 0x0000000080000478 (0x00004289) c.li    t0, 2
0 0x0000000080000478 (0x4289) x 5 0x0000000000000002
core   0: 0x000000008000047a (0xfe5210e3) bne     tp, t0, pc - 32
0 0x000000008000047a (0xfe5210e3)
core   0: 0x000000008000047e (0x000041d5) c.li    gp, 21
0 0x000000008000047e (0x41d5) x 3 0x0000000000000015
core   0: 0x0000000080000480 (0x00002e17) auipc   t3, 0x2
0 0x0000000080000480 (0x00002e17) x28 0x0000000080002480
core   0: 0x0000000080000484 (0xb80e0e13) addi    t3, t3, -1152
0 0x0000000080000484 (0xb80e0e13) x28 0x0000000080002000
core   0: 0x0000000080000488 (0x043e2a23) sw      gp, 84(t3)
0 0x0000000080000488 (0x043e2a23) mem 0x0000000080002054 0x0000000000000000
core   0: 0x000000008000048c (0x00004201) c.li    tp, 0
0 0x000000008000048c (0x4201) x 4 0x0000000000000000
core   0: 0x000000008000048e (0x00f0009b) addiw   ra, zero, 15
0 0x000000008000048e (0x00f0009b) x 1 0x000000000000000f
core   0: 0x0000000080000492 (0x01c09093) slli    ra, ra, 28
0 0x0000000080000492 (0x01c09093) x 1 0x00000000f0000000
core   0: 0x0000000080000496 (0xfff08093) addi    ra, ra, -1
0 0x0000000080000496 (0xfff08093) x 1 0x00000000efffffff
core   0: 0x000000008000049a (0x00000001) c.nop
0 0x000000008000049a (0x0001)
core   0: 0x000000008000049c (0x00f0011b) addiw   sp, zero, 15
0 0x000000008000049c (0x00f0011b) x 2 0x000000000000000f
core   0: 0x00000000800004a0 (0x01c11113) slli    sp, sp, 28
0 0x00000000800004a0 (0x01c11113) x 2 0x00000000f0000000
core   0: 0x00000000800004a4 (0x0820ff63) bgeu    ra, sp, pc + 158
0 0x00000000800004a4 (0x0820ff63)
core   0: 0x00000000800004a8 (0x00000205) c.addi  tp, 1
0 0x00000000800004a8 (0x0205) x 4 0x0000000000000001
core   0: 0x00000000800004aa (0x00004289) c.li    t0, 2
0 0x00000000800004aa (0x4289) x 5 0x0000000000000002
core   0: 0x00000000800004ac (0xfe5211e3) bne     tp, t0, pc - 30
0 0x00000000800004ac (0xfe5211e3)
core   0: 0x000000008000048e (0x00f0009b) addiw   ra, zero, 15
0 0x000000008000048e (0x00f0009b) x 1 0x000000000000000f
core   0: 0x0000000080000492 (0x01c09093) slli    ra, ra, 28
0 0x0000000080000492 (0x01c09093) x 1 0x00000000f0000000
core   0: 0x0000000080000496 (0xfff08093) addi    ra, ra, -1
0 0x0000000080000496 (0xfff08093) x 1 0x00000000efffffff
core   0: 0x000000008000049a (0x00000001) c.nop
0 0x000000008000049a (0x0001)
core   0: 0x000000008000049c (0x00f0011b) addiw   sp, zero, 15
0 0x000000008000049c (0x00f0011b) x 2 0x000000000000000f
core   0: 0x00000000800004a0 (0x01c11113) slli    sp, sp, 28
0 0x00000000800004a0 (0x01c11113) x 2 0x00000000f0000000
core   0: 0x00000000800004a4 (0x0820ff63) bgeu    ra, sp, pc + 158
0 0x00000000800004a4 (0x0820ff63)
core   0: 0x00000000800004a8 (0x00000205) c.addi  tp, 1
0 0x00000000800004a8 (0x0205) x 4 0x0000000000000002
core   0: 0x00000000800004aa (0x00004289) c.li    t0, 2
0 0x00000000800004aa (0x4289) x 5 0x0000000000000002
core   0: 0x00000000800004ac (0xfe5211e3) bne     tp, t0, pc - 30
0 0x00000000800004ac (0xfe5211e3)
core   0: 0x00000000800004b0 (0x000041d9) c.li    gp, 22
0 0x00000000800004b0 (0x41d9) x 3 0x0000000000000016
core   0: 0x00000000800004b2 (0x00002e17) auipc   t3, 0x2
0 0x00000000800004b2 (0x00002e17) x28 0x00000000800024b2
core   0: 0x00000000800004b6 (0xb4ee0e13) addi    t3, t3, -1202
0 0x00000000800004b6 (0xb4ee0e13) x28 0x0000000080002000
core   0: 0x00000000800004ba (0x043e2c23) sw      gp, 88(t3)
0 0x00000000800004ba (0x043e2c23) mem 0x0000000080002058 0x0000000000000000
core   0: 0x00000000800004be (0x00004201) c.li    tp, 0
0 0x00000000800004be (0x4201) x 4 0x0000000000000000
core   0: 0x00000000800004c0 (0x00f0009b) addiw   ra, zero, 15
0 0x00000000800004c0 (0x00f0009b) x 1 0x000000000000000f
core   0: 0x00000000800004c4 (0x01c09093) slli    ra, ra, 28
0 0x00000000800004c4 (0x01c09093) x 1 0x00000000f0000000
core   0: 0x00000000800004c8 (0xfff08093) addi    ra, ra, -1
0 0x00000000800004c8 (0xfff08093) x 1 0x00000000efffffff
core   0: 0x00000000800004cc (0x00000001) c.nop
0 0x00000000800004cc (0x0001)
core   0: 0x00000000800004ce (0x00f0011b) addiw   sp, zero, 15
0 0x00000000800004ce (0x00f0011b) x 2 0x000000000000000f
core   0: 0x00000000800004d2 (0x01c11113) slli    sp, sp, 28
0 0x00000000800004d2 (0x01c11113) x 2 0x00000000f0000000
core   0: 0x00000000800004d6 (0x00000001) c.nop
0 0x00000000800004d6 (0x0001)
core   0: 0x00000000800004d8 (0x0620f563) bgeu    ra, sp, pc + 106
0 0x00000000800004d8 (0x0620f563)
core   0: 0x00000000800004dc (0x00000205) c.addi  tp, 1
0 0x00000000800004dc (0x0205) x 4 0x0000000000000001
core   0: 0x00000000800004de (0x00004289) c.li    t0, 2
0 0x00000000800004de (0x4289) x 5 0x0000000000000002
core   0: 0x00000000800004e0 (0xfe5210e3) bne     tp, t0, pc - 32
0 0x00000000800004e0 (0xfe5210e3)
core   0: 0x00000000800004c0 (0x00f0009b) addiw   ra, zero, 15
0 0x00000000800004c0 (0x00f0009b) x 1 0x000000000000000f
core   0: 0x00000000800004c4 (0x01c09093) slli    ra, ra, 28
0 0x00000000800004c4 (0x01c09093) x 1 0x00000000f0000000
core   0: 0x00000000800004c8 (0xfff08093) addi    ra, ra, -1
0 0x00000000800004c8 (0xfff08093) x 1 0x00000000efffffff
core   0: 0x00000000800004cc (0x00000001) c.nop
0 0x00000000800004cc (0x0001)
core   0: 0x00000000800004ce (0x00f0011b) addiw   sp, zero, 15
0 0x00000000800004ce (0x00f0011b) x 2 0x000000000000000f
core   0: 0x00000000800004d2 (0x01c11113) slli    sp, sp, 28
0 0x00000000800004d2 (0x01c11113) x 2 0x00000000f0000000
core   0: 0x00000000800004d6 (0x00000001) c.nop
0 0x00000000800004d6 (0x0001)
core   0: 0x00000000800004d8 (0x0620f563) bgeu    ra, sp, pc + 106
0 0x00000000800004d8 (0x0620f563)
core   0: 0x00000000800004dc (0x00000205) c.addi  tp, 1
0 0x00000000800004dc (0x0205) x 4 0x0000000000000002
core   0: 0x00000000800004de (0x00004289) c.li    t0, 2
0 0x00000000800004de (0x4289) x 5 0x0000000000000002
core   0: 0x00000000800004e0 (0xfe5210e3) bne     tp, t0, pc - 32
0 0x00000000800004e0 (0xfe5210e3)
core   0: 0x00000000800004e4 (0x000041dd) c.li    gp, 23
0 0x00000000800004e4 (0x41dd) x 3 0x0000000000000017
core   0: 0x00000000800004e6 (0x00002e17) auipc   t3, 0x2
0 0x00000000800004e6 (0x00002e17) x28 0x00000000800024e6
core   0: 0x00000000800004ea (0xb1ae0e13) addi    t3, t3, -1254
0 0x00000000800004ea (0xb1ae0e13) x28 0x0000000080002000
core   0: 0x00000000800004ee (0x043e2e23) sw      gp, 92(t3)
0 0x00000000800004ee (0x043e2e23) mem 0x000000008000205c 0x0000000000000000
core   0: 0x00000000800004f2 (0x00004201) c.li    tp, 0
0 0x00000000800004f2 (0x4201) x 4 0x0000000000000000
core   0: 0x00000000800004f4 (0x00f0009b) addiw   ra, zero, 15
0 0x00000000800004f4 (0x00f0009b) x 1 0x000000000000000f
core   0: 0x00000000800004f8 (0x01c09093) slli    ra, ra, 28
0 0x00000000800004f8 (0x01c09093) x 1 0x00000000f0000000
core   0: 0x00000000800004fc (0xfff08093) addi    ra, ra, -1
0 0x00000000800004fc (0xfff08093) x 1 0x00000000efffffff
core   0: 0x0000000080000500 (0x00000001) c.nop
0 0x0000000080000500 (0x0001)
core   0: 0x0000000080000502 (0x00000001) c.nop
0 0x0000000080000502 (0x0001)
core   0: 0x0000000080000504 (0x00f0011b) addiw   sp, zero, 15
0 0x0000000080000504 (0x00f0011b) x 2 0x000000000000000f
core   0: 0x0000000080000508 (0x01c11113) slli    sp, sp, 28
0 0x0000000080000508 (0x01c11113) x 2 0x00000000f0000000
core   0: 0x000000008000050c (0x0220fb63) bgeu    ra, sp, pc + 54
0 0x000000008000050c (0x0220fb63)
core   0: 0x0000000080000510 (0x00000205) c.addi  tp, 1
0 0x0000000080000510 (0x0205) x 4 0x0000000000000001
core   0: 0x0000000080000512 (0x00004289) c.li    t0, 2
0 0x0000000080000512 (0x4289) x 5 0x0000000000000002
core   0: 0x0000000080000514 (0xfe5210e3) bne     tp, t0, pc - 32
0 0x0000000080000514 (0xfe5210e3)
core   0: 0x00000000800004f4 (0x00f0009b) addiw   ra, zero, 15
0 0x00000000800004f4 (0x00f0009b) x 1 0x000000000000000f
core   0: 0x00000000800004f8 (0x01c09093) slli    ra, ra, 28
0 0x00000000800004f8 (0x01c09093) x 1 0x00000000f0000000
core   0: 0x00000000800004fc (0xfff08093) addi    ra, ra, -1
0 0x00000000800004fc (0xfff08093) x 1 0x00000000efffffff
core   0: 0x0000000080000500 (0x00000001) c.nop
0 0x0000000080000500 (0x0001)
core   0: 0x0000000080000502 (0x00000001) c.nop
0 0x0000000080000502 (0x0001)
core   0: 0x0000000080000504 (0x00f0011b) addiw   sp, zero, 15
0 0x0000000080000504 (0x00f0011b) x 2 0x000000000000000f
core   0: 0x0000000080000508 (0x01c11113) slli    sp, sp, 28
0 0x0000000080000508 (0x01c11113) x 2 0x00000000f0000000
core   0: 0x000000008000050c (0x0220fb63) bgeu    ra, sp, pc + 54
0 0x000000008000050c (0x0220fb63)
core   0: 0x0000000080000510 (0x00000205) c.addi  tp, 1
0 0x0000000080000510 (0x0205) x 4 0x0000000000000002
core   0: 0x0000000080000512 (0x00004289) c.li    t0, 2
0 0x0000000080000512 (0x4289) x 5 0x0000000000000002
core   0: 0x0000000080000514 (0xfe5210e3) bne     tp, t0, pc - 32
0 0x0000000080000514 (0xfe5210e3)
core   0: 0x0000000080000518 (0x00004085) c.li    ra, 1
0 0x0000000080000518 (0x4085) x 1 0x0000000000000001
core   0: 0x000000008000051a (0x0000f663) bgeu    ra, zero, pc + 12
0 0x000000008000051a (0x0000f663)
core   0: 0x0000000080000526 (0x00000085) c.addi  ra, 1
0 0x0000000080000526 (0x0085) x 1 0x0000000000000002
core   0: 0x0000000080000528 (0x00000085) c.addi  ra, 1
0 0x0000000080000528 (0x0085) x 1 0x0000000000000003
core   0: 0x000000008000052a (0x00004e8d) c.li    t4, 3
0 0x000000008000052a (0x4e8d) x29 0x0000000000000003
core   0: 0x000000008000052c (0x000041e1) c.li    gp, 24
0 0x000000008000052c (0x41e1) x 3 0x0000000000000018
core   0: 0x000000008000052e (0x00002e17) auipc   t3, 0x2
0 0x000000008000052e (0x00002e17) x28 0x000000008000252e
core   0: 0x0000000080000532 (0xad2e0e13) addi    t3, t3, -1326
0 0x0000000080000532 (0xad2e0e13) x28 0x0000000080002000
core   0: 0x0000000080000536 (0x061e2023) sw      ra, 96(t3)
0 0x0000000080000536 (0x061e2023) mem 0x0000000080002060 0x0000000000000000
core   0: 0x000000008000053a (0x01d09463) bne     ra, t4, pc + 8
0 0x000000008000053a (0x01d09463)
core   0: 0x000000008000053e (0x00301d63) bne     zero, gp, pc + 26
0 0x000000008000053e (0x00301d63)
core   0: 0x0000000080000558 (0x0ff0000f) fence   iorw,iorw
0 0x0000000080000558 (0x0ff0000f)
core   0: 0x000000008000055c (0x00004185) c.li    gp, 1
0 0x000000008000055c (0x4185) x 3 0x0000000000000001
core   0: 0x000000008000055e (0x00002e17) auipc   t3, 0x2
0 0x000000008000055e (0x00002e17) x28 0x000000008000255e
core   0: 0x0000000080000562 (0xaa2e0e13) addi    t3, t3, -1374
0 0x0000000080000562 (0xaa2e0e13) x28 0x0000000080002000
core   0: 0x0000000080000566 (0x003e2023) sw      gp, 0(t3)
0 0x0000000080000566 (0x003e2023) mem 0x0000000080002000 0x0000000000000000
core   0: 0x000000008000056a (0x00000073) ecall
0 0x000000008000056a (0x00000073)
