core   0: 0x0000000000010000 (0x00100413) li      s0, 1
3 0x0000000000010000 (0x00100413) x 8 0x0000000000000001
core   0: 0x0000000000010004 (0x01f41413) slli    s0, s0, 31
3 0x0000000000010004 (0x01f41413) x 8 0x0000000080000000
core   0: 0x0000000000010008 (0xf1402573) csrr    a0, mhartid
3 0x0000000000010008 (0xf1402573) x10 0x0000000000000000
core   0: 0x000000000001000c (0x00000597) auipc   a1, 0x0
3 0x000000000001000c (0x00000597) x11 0x000000000001000c
core   0: 0x0000000000010010 (0x07458593) addi    a1, a1, 116
3 0x0000000000010010 (0x07458593) x11 0x0000000000010080
core   0: 0x0000000000010014 (0x00040067) jr      s0
3 0x0000000000010014 (0x00040067)
core   0: 0x0000000080000000 (0x0000a081) c.j     pc + 64
3 0x0000000080000000 (0xa081)
core   0: 0x0000000080000040 (0xf1402573) csrr    a0, mhartid
3 0x0000000080000040 (0xf1402573) x10 0x0000000000000000
core   0: 0x0000000080000044 (0x0000e101) c.bnez  a0, pc + 0
3 0x0000000080000044 (0xe101)
core   0: 0x0000000080000046 (0x00000297) auipc   t0, 0x0
3 0x0000000080000046 (0x00000297) x 5 0x0000000080000046
core   0: 0x000000008000004a (0x01228293) addi    t0, t0, 18
3 0x000000008000004a (0x01228293) x 5 0x0000000080000058
core   0: 0x000000008000004e (0x30529073) csrw    mtvec, t0
3 0x000000008000004e (0x30529073)
core   0: 0x0000000080000052 (0x18005073) csrwi   satp, 0
3 0x0000000080000052 (0x18005073)
core   0: 0x0000000080000056 (0x00000001) c.nop
3 0x0000000080000056 (0x0001)
core   0: 0x0000000080000058 (0x00000297) auipc   t0, 0x0
3 0x0000000080000058 (0x00000297) x 5 0x0000000080000058
core   0: 0x000000008000005c (0x01828293) addi    t0, t0, 24
3 0x000000008000005c (0x01828293) x 5 0x0000000080000070
core   0: 0x0000000080000060 (0x30529073) csrw    mtvec, t0
3 0x0000000080000060 (0x30529073)
core   0: 0x0000000080000064 (0x000052fd) c.li    t0, -1
3 0x0000000080000064 (0x52fd) x 5 0xffffffffffffffff
core   0: 0x0000000080000066 (0x3b029073) csrw    pmpaddr0, t0
3 0x0000000080000066 (0x3b029073)
core   0: 0x000000008000006a (0x000042fd) c.li    t0, 31
3 0x000000008000006a (0x42fd) x 5 0x000000000000001f
core   0: 0x000000008000006c (0x3a029073) csrw    pmpcfg0, t0
3 0x000000008000006c (0x3a029073)
core   0: 0x0000000080000070 (0x00000297) auipc   t0, 0x0
3 0x0000000080000070 (0x00000297) x 5 0x0000000080000070
core   0: 0x0000000080000074 (0x01828293) addi    t0, t0, 24
3 0x0000000080000074 (0x01828293) x 5 0x0000000080000088
core   0: 0x0000000080000078 (0x30529073) csrw    mtvec, t0
3 0x0000000080000078 (0x30529073)
core   0: 0x000000008000007c (0x30205073) csrwi   medeleg, 0
3 0x000000008000007c (0x30205073)
core   0: 0x0000000080000080 (0x30305073) csrwi   mideleg, 0
3 0x0000000080000080 (0x30305073)
core   0: 0x0000000080000084 (0x30405073) csrwi   mie, 0
3 0x0000000080000084 (0x30405073)
core   0: 0x0000000080000088 (0x00004181) c.li    gp, 0
3 0x0000000080000088 (0x4181) x 3 0x0000000000000000
core   0: 0x000000008000008a (0x00000297) auipc   t0, 0x0
3 0x000000008000008a (0x00000297) x 5 0x000000008000008a
core   0: 0x000000008000008e (0xf7a28293) addi    t0, t0, -134
3 0x000000008000008e (0xf7a28293) x 5 0x0000000080000004
core   0: 0x0000000080000092 (0x30529073) csrw    mtvec, t0
3 0x0000000080000092 (0x30529073)
core   0: 0x0000000080000096 (0x00004505) c.li    a0, 1
3 0x0000000080000096 (0x4505) x10 0x0000000000000001
core   0: 0x0000000080000098 (0x0000057e) c.slli  a0, 31
3 0x0000000080000098 (0x057e) x10 0x0000000080000000
core   0: 0x000000008000009a (0x00055d63) bgez    a0, pc + 26
3 0x000000008000009a (0x00055d63)
core   0: 0x00000000800000b4 (0x80000297) auipc   t0, 0x80000
3 0x00000000800000b4 (0x80000297) x 5 0x00000000000000b4
core   0: 0x00000000800000b8 (0xf4c28293) addi    t0, t0, -180
3 0x00000000800000b8 (0xf4c28293) x 5 0x0000000000000000
core   0: 0x00000000800000bc (0x00028e63) beqz    t0, pc + 28
3 0x00000000800000bc (0x00028e63)
core   0: 0x00000000800000d8 (0x30005073) csrwi   mstatus, 0
3 0x00000000800000d8 (0x30005073)
core   0: 0x00000000800000dc (0x00000297) auipc   t0, 0x0
3 0x00000000800000dc (0x00000297) x 5 0x00000000800000dc
core   0: 0x00000000800000e0 (0x01428293) addi    t0, t0, 20
3 0x00000000800000e0 (0x01428293) x 5 0x00000000800000f0
core   0: 0x00000000800000e4 (0x34129073) csrw    mepc, t0
3 0x00000000800000e4 (0x34129073)
core   0: 0x00000000800000e8 (0xf1402573) csrr    a0, mhartid
3 0x00000000800000e8 (0xf1402573) x10 0x0000000000000000
core   0: 0x00000000800000ec (0x30200073) mret
3 0x00000000800000ec (0x30200073)
core   0: 0x00000000800000f0 (0x00004189) c.li    gp, 2
0 0x00000000800000f0 (0x4189) x 3 0x0000000000000002
core   0: 0x00000000800000f2 (0x00002e17) auipc   t3, 0x2
0 0x00000000800000f2 (0x00002e17) x28 0x00000000800020f2
core   0: 0x00000000800000f6 (0xf0ee0e13) addi    t3, t3, -242
0 0x00000000800000f6 (0xf0ee0e13) x28 0x0000000080002000
core   0: 0x00000000800000fa (0x003e2423) sw      gp, 8(t3)
0 0x00000000800000fa (0x003e2423) mem 0x0000000080002008 0x0000000000000000
core   0: 0x00000000800000fe (0x00004081) c.li    ra, 0
0 0x00000000800000fe (0x4081) x 1 0x0000000000000000
core   0: 0x0000000080000100 (0x00004105) c.li    sp, 1
0 0x0000000080000100 (0x4105) x 2 0x0000000000000001
core   0: 0x0000000080000102 (0x00209663) bne     ra, sp, pc + 12
0 0x0000000080000102 (0x00209663)
core   0: 0x000000008000010e (0xfe209ee3) bne     ra, sp, pc - 4
0 0x000000008000010e (0xfe209ee3)
core   0: 0x000000008000010a (0x00301663) bne     zero, gp, pc + 12
0 0x000000008000010a (0x00301663)
core   0: 0x0000000080000116 (0x0000418d) c.li    gp, 3
0 0x0000000080000116 (0x418d) x 3 0x0000000000000003
core   0: 0x0000000080000118 (0x00002e17) auipc   t3, 0x2
0 0x0000000080000118 (0x00002e17) x28 0x0000000080002118
core   0: 0x000000008000011c (0xee8e0e13) addi    t3, t3, -280
0 0x000000008000011c (0xee8e0e13) x28 0x0000000080002000
core   0: 0x0000000080000120 (0x003e2623) sw      gp, 12(t3)
0 0x0000000080000120 (0x003e2623) mem 0x000000008000200c 0x0000000000000000
core   0: 0x0000000080000124 (0x00004085) c.li    ra, 1
0 0x0000000080000124 (0x4085) x 1 0x0000000000000001
core   0: 0x0000000080000126 (0x00004101) c.li    sp, 0
0 0x0000000080000126 (0x4101) x 2 0x0000000000000000
core   0: 0x0000000080000128 (0x00209663) bne     ra, sp, pc + 12
0 0x0000000080000128 (0x00209663)
core   0: 0x0000000080000134 (0xfe209ee3) bne     ra, sp, pc - 4
0 0x0000000080000134 (0xfe209ee3)
core   0: 0x0000000080000130 (0x00301663) bne     zero, gp, pc + 12
0 0x0000000080000130 (0x00301663)
core   0: 0x000000008000013c (0x00004191) c.li    gp, 4
0 0x000000008000013c (0x4191) x 3 0x0000000000000004
core   0: 0x000000008000013e (0x00002e17) auipc   t3, 0x2
0 0x000000008000013e (0x00002e17) x28 0x000000008000213e
core   0: 0x0000000080000142 (0xec2e0e13) addi    t3, t3, -318
0 0x0000000080000142 (0xec2e0e13) x28 0x0000000080002000
core   0: 0x0000000080000146 (0x003e2823) sw      gp, 16(t3)
0 0x0000000080000146 (0x003e2823) mem 0x0000000080002010 0x0000000000000000
core   0: 0x000000008000014a (0x000050fd) c.li    ra, -1
0 0x000000008000014a (0x50fd) x 1 0xffffffffffffffff
core   0: 0x000000008000014c (0x00004105) c.li    sp, 1
0 0x000000008000014c (0x4105) x 2 0x0000000000000001
core   0: 0x000000008000014e (0x00209663) bne     ra, sp, pc + 12
0 0x000000008000014e (0x00209663)
core   0: 0x000000008000015a (0xfe209ee3) bne     ra, sp, pc - 4
0 0x000000008000015a (0xfe209ee3)
core   0: 0x0000000080000156 (0x00301663) bne     zero, gp, pc + 12
0 0x0000000080000156 (0x00301663)
core   0: 0x0000000080000162 (0x00004195) c.li    gp, 5
0 0x0000000080000162 (0x4195) x 3 0x0000000000000005
core   0: 0x0000000080000164 (0x00002e17) auipc   t3, 0x2
0 0x0000000080000164 (0x00002e17) x28 0x0000000080002164
core   0: 0x0000000080000168 (0xe9ce0e13) addi    t3, t3, -356
0 0x0000000080000168 (0xe9ce0e13) x28 0x0000000080002000
core   0: 0x000000008000016c (0x003e2a23) sw      gp, 20(t3)
0 0x000000008000016c (0x003e2a23) mem 0x0000000080002014 0x0000000000000000
core   0: 0x0000000080000170 (0x00004085) c.li    ra, 1
0 0x0000000080000170 (0x4085) x 1 0x0000000000000001
core   0: 0x0000000080000172 (0x0000517d) c.li    sp, -1
0 0x0000000080000172 (0x517d) x 2 0xffffffffffffffff
core   0: 0x0000000080000174 (0x00209663) bne     ra, sp, pc + 12
0 0x0000000080000174 (0x00209663)
core   0: 0x0000000080000180 (0xfe209ee3) bne     ra, sp, pc - 4
0 0x0000000080000180 (0xfe209ee3)
core   0: 0x000000008000017c (0x00301663) bne     zero, gp, pc + 12
0 0x000000008000017c (0x00301663)
core   0: 0x0000000080000188 (0x00004199) c.li    gp, 6
0 0x0000000080000188 (0x4199) x 3 0x0000000000000006
core   0: 0x000000008000018a (0x00002e17) auipc   t3, 0x2
0 0x000000008000018a (0x00002e17) x28 0x000000008000218a
core   0: 0x000000008000018e (0xe76e0e13) addi    t3, t3, -394
0 0x000000008000018e (0xe76e0e13) x28 0x0000000080002000
core   0: 0x0000000080000192 (0x003e2c23) sw      gp, 24(t3)
0 0x0000000080000192 (0x003e2c23) mem 0x0000000080002018 0x0000000000000000
core   0: 0x0000000080000196 (0x00004081) c.li    ra, 0
0 0x0000000080000196 (0x4081) x 1 0x0000000000000000
core   0: 0x0000000080000198 (0x00004101) c.li    sp, 0
0 0x0000000080000198 (0x4101) x 2 0x0000000000000000
core   0: 0x000000008000019a (0x00209463) bne     ra, sp, pc + 8
0 0x000000008000019a (0x00209463)
core   0: 0x000000008000019e (0x00301463) bne     zero, gp, pc + 8
0 0x000000008000019e (0x00301463)
core   0: 0x00000000800001a6 (0xfe209ee3) bne     ra, sp, pc - 4
0 0x00000000800001a6 (0xfe209ee3)
core   0: 0x00000000800001aa (0x0000419d) c.li    gp, 7
0 0x00000000800001aa (0x419d) x 3 0x0000000000000007
core   0: 0x00000000800001ac (0x00002e17) auipc   t3, 0x2
0 0x00000000800001ac (0x00002e17) x28 0x00000000800021ac
core   0: 0x00000000800001b0 (0xe54e0e13) addi    t3, t3, -428
0 0x00000000800001b0 (0xe54e0e13) x28 0x0000000080002000
core   0: 0x00000000800001b4 (0x003e2e23) sw      gp, 28(t3)
0 0x00000000800001b4 (0x003e2e23) mem 0x000000008000201c 0x0000000000000000
core   0: 0x00000000800001b8 (0x00004085) c.li    ra, 1
0 0x00000000800001b8 (0x4085) x 1 0x0000000000000001
core   0: 0x00000000800001ba (0x00004105) c.li    sp, 1
0 0x00000000800001ba (0x4105) x 2 0x0000000000000001
core   0: 0x00000000800001bc (0x00209463) bne     ra, sp, pc + 8
0 0x00000000800001bc (0x00209463)
core   0: 0x00000000800001c0 (0x00301463) bne     zero, gp, pc + 8
0 0x00000000800001c0 (0x00301463)
core   0: 0x00000000800001c8 (0xfe209ee3) bne     ra, sp, pc - 4
0 0x00000000800001c8 (0xfe209ee3)
core   0: 0x00000000800001cc (0x000041a1) c.li    gp, 8
0 0x00000000800001cc (0x41a1) x 3 0x0000000000000008
core   0: 0x00000000800001ce (0x00002e17) auipc   t3, 0x2
0 0x00000000800001ce (0x00002e17) x28 0x00000000800021ce
core   0: 0x00000000800001d2 (0xe32e0e13) addi    t3, t3, -462
0 0x00000000800001d2 (0xe32e0e13) x28 0x0000000080002000
core   0: 0x00000000800001d6 (0x023e2023) sw      gp, 32(t3)
0 0x00000000800001d6 (0x023e2023) mem 0x0000000080002020 0x0000000000000000
core   0: 0x00000000800001da (0x000050fd) c.li    ra, -1
0 0x00000000800001da (0x50fd) x 1 0xffffffffffffffff
core   0: 0x00000000800001dc (0x0000517d) c.li    sp, -1
0 0x00000000800001dc (0x517d) x 2 0xffffffffffffffff
core   0: 0x00000000800001de (0x00209463) bne     ra, sp, pc + 8
0 0x00000000800001de (0x00209463)
core   0: 0x00000000800001e2 (0x00301463) bne     zero, gp, pc + 8
0 0x00000000800001e2 (0x00301463)
core   0: 0x00000000800001ea (0xfe209ee3) bne     ra, sp, pc - 4
0 0x00000000800001ea (0xfe209ee3)
core   0: 0x00000000800001ee (0x000041a5) c.li    gp, 9
0 0x00000000800001ee (0x41a5) x 3 0x0000000000000009
core   0: 0x00000000800001f0 (0x00002e17) auipc   t3, 0x2
0 0x00000000800001f0 (0x00002e17) x28 0x00000000800021f0
core   0: 0x00000000800001f4 (0xe10e0e13) addi    t3, t3, -496
0 0x00000000800001f4 (0xe10e0e13) x28 0x0000000080002000
core   0: 0x00000000800001f8 (0x023e2223) sw      gp, 36(t3)
0 0x00000000800001f8 (0x023e2223) mem 0x0000000080002024 0x0000000000000000
core   0: 0x00000000800001fc (0x00004201) c.li    tp, 0
0 0x00000000800001fc (0x4201) x 4 0x0000000000000000
core   0: 0x00000000800001fe (0x00004081) c.li    ra, 0
0 0x00000000800001fe (0x4081) x 1 0x0000000000000000
core   0: 0x0000000080000200 (0x00004101) c.li    sp, 0
0 0x0000000080000200 (0x4101) x 2 0x0000000000000000
core   0: 0x0000000080000202 (0x1a209b63) bne     ra, sp, pc + 438
0 0x0000000080000202 (0x1a209b63)
core   0: 0x0000000080000206 (0x00000205) c.addi  tp, 1
0 0x0000000080000206 (0x0205) x 4 0x0000000000000001
core   0: 0x0000000080000208 (0x00004289) c.li    t0, 2
0 0x0000000080000208 (0x4289) x 5 0x0000000000000002
core   0: 0x000000008000020a (0xfe521ae3) bne     tp, t0, pc - 12
0 0x000000008000020a (0xfe521ae3)
core   0: 0x00000000800001fe (0x00004081) c.li    ra, 0
0 0x00000000800001fe (0x4081) x 1 0x0000000000000000
core   0: 0x0000000080000200 (0x00004101) c.li    sp, 0
0 0x0000000080000200 (0x4101) x 2 0x0000000000000000
core   0: 0x0000000080000202 (0x1a209b63) bne     ra, sp, pc + 438
0 0x0000000080000202 (0x1a209b63)
core   0: 0x0000000080000206 (0x00000205) c.addi  tp, 1
0 0x0000000080000206 (0x0205) x 4 0x0000000000000002
core   0: 0x0000000080000208 (0x00004289) c.li    t0, 2
0 0x0000000080000208 (0x4289) x 5 0x0000000000000002
core   0: 0x000000008000020a (0xfe521ae3) bne     tp, t0, pc - 12
0 0x000000008000020a (0xfe521ae3)
core   0: 0x000000008000020e (0x000041a9) c.li    gp, 10
0 0x000000008000020e (0x41a9) x 3 0x000000000000000a
core   0: 0x0000000080000210 (0x00002e17) auipc   t3, 0x2
0 0x0000000080000210 (0x00002e17) x28 0x0000000080002210
core   0: 0x0000000080000214 (0xdf0e0e13) addi    t3, t3, -528
0 0x0000000080000214 (0xdf0e0e13) x28 0x0000000080002000
core   0: 0x0000000080000218 (0x023e2423) sw      gp, 40(t3)
0 0x0000000080000218 (0x023e2423) mem 0x0000000080002028 0x0000000000000000
core   0: 0x000000008000021c (0x00004201) c.li    tp, 0
0 0x000000008000021c (0x4201) x 4 0x0000000000000000
core   0: 0x000000008000021e (0x00004081) c.li    ra, 0
0 0x000000008000021e (0x4081) x 1 0x0000000000000000
core   0: 0x0000000080000220 (0x00004101) c.li    sp, 0
0 0x0000000080000220 (0x4101) x 2 0x0000000000000000
core   0: 0x0000000080000222 (0x00000001) c.nop
0 0x0000000080000222 (0x0001)
core   0: 0x0000000080000224 (0x18209a63) bne     ra, sp, pc + 404
0 0x0000000080000224 (0x18209a63)
core   0: 0x0000000080000228 (0x00000205) c.addi  tp, 1
0 0x0000000080000228 (0x0205) x 4 0x0000000000000001
core   0: 0x000000008000022a (0x00004289) c.li    t0, 2
0 0x000000008000022a (0x4289) x 5 0x0000000000000002
core   0: 0x000000008000022c (0xfe5219e3) bne     tp, t0, pc - 14
0 0x000000008000022c (0xfe5219e3)
core   0: 0x000000008000021e (0x00004081) c.li    ra, 0
0 0x000000008000021e (0x4081) x 1 0x0000000000000000
core   0: 0x0000000080000220 (0x00004101) c.li    sp, 0
0 0x0000000080000220 (0x4101) x 2 0x0000000000000000
core   0: 0x0000000080000222 (0x00000001) c.nop
0 0x0000000080000222 (0x0001)
core   0: 0x0000000080000224 (0x18209a63) bne     ra, sp, pc + 404
0 0x0000000080000224 (0x18209a63)
core   0: 0x0000000080000228 (0x00000205) c.addi  tp, 1
0 0x0000000080000228 (0x0205) x 4 0x0000000000000002
core   0: 0x000000008000022a (0x00004289) c.li    t0, 2
0 0x000000008000022a (0x4289) x 5 0x0000000000000002
core   0: 0x000000008000022c (0xfe5219e3) bne     tp, t0, pc - 14
0 0x000000008000022c (0xfe5219e3)
core   0: 0x0000000080000230 (0x000041ad) c.li    gp, 11
0 0x0000000080000230 (0x41ad) x 3 0x000000000000000b
core   0: 0x0000000080000232 (0x00002e17) auipc   t3, 0x2
0 0x0000000080000232 (0x00002e17) x28 0x0000000080002232
core   0: 0x0000000080000236 (0xdcee0e13) addi    t3, t3, -562
0 0x0000000080000236 (0xdcee0e13) x28 0x0000000080002000
core   0: 0x000000008000023a (0x023e2623) sw      gp, 44(t3)
0 0x000000008000023a (0x023e2623) mem 0x000000008000202c 0x0000000000000000
core   0: 0x000000008000023e (0x00004201) c.li    tp, 0
0 0x000000008000023e (0x4201) x 4 0x0000000000000000
core   0: 0x0000000080000240 (0x00004081) c.li    ra, 0
0 0x0000000080000240 (0x4081) x 1 0x0000000000000000
core   0: 0x0000000080000242 (0x00004101) c.li    sp, 0
0 0x0000000080000242 (0x4101) x 2 0x0000000000000000
core   0: 0x0000000080000244 (0x00000001) c.nop
0 0x0000000080000244 (0x0001)
core   0: 0x0000000080000246 (0x00000001) c.nop
0 0x0000000080000246 (0x0001)
core   0: 0x0000000080000248 (0x16209863) bne     ra, sp, pc + 368
0 0x0000000080000248 (0x16209863)
core   0: 0x000000008000024c (0x00000205) c.addi  tp, 1
0 0x000000008000024c (0x0205) x 4 0x0000000000000001
core   0: 0x000000008000024e (0x00004289) c.li    t0, 2
0 0x000000008000024e (0x4289) x 5 0x0000000000000002
core   0: 0x0000000080000250 (0xfe5218e3) bne     tp, t0, pc - 16
0 0x0000000080000250 (0xfe5218e3)
core   0: 0x0000000080000240 (0x00004081) c.li    ra, 0
0 0x0000000080000240 (0x4081) x 1 0x0000000000000000
core   0: 0x0000000080000242 (0x00004101) c.li    sp, 0
0 0x0000000080000242 (0x4101) x 2 0x0000000000000000
core   0: 0x0000000080000244 (0x00000001) c.nop
0 0x0000000080000244 (0x0001)
core   0: 0x0000000080000246 (0x00000001) c.nop
0 0x0000000080000246 (0x0001)
core   0: 0x0000000080000248 (0x16209863) bne     ra, sp, pc + 368
0 0x0000000080000248 (0x16209863)
core   0: 0x000000008000024c (0x00000205) c.addi  tp, 1
0 0x000000008000024c (0x0205) x 4 0x0000000000000002
core   0: 0x000000008000024e (0x00004289) c.li    t0, 2
0 0x000000008000024e (0x4289) x 5 0x0000000000000002
core   0: 0x0000000080000250 (0xfe5218e3) bne     tp, t0, pc - 16
0 0x0000000080000250 (0xfe5218e3)
core   0: 0x0000000080000254 (0x000041b1) c.li    gp, 12
0 0x0000000080000254 (0x41b1) x 3 0x000000000000000c
core   0: 0x0000000080000256 (0x00002e17) auipc   t3, 0x2
0 0x0000000080000256 (0x00002e17) x28 0x0000000080002256
core   0: 0x000000008000025a (0xdaae0e13) addi    t3, t3, -598
0 0x000000008000025a (0xdaae0e13) x28 0x0000000080002000
core   0: 0x000000008000025e (0x023e2823) sw      gp, 48(t3)
0 0x000000008000025e (0x023e2823) mem 0x0000000080002030 0x0000000000000000
core   0: 0x0000000080000262 (0x00004201) c.li    tp, 0
0 0x0000000080000262 (0x4201) x 4 0x0000000000000000
core   0: 0x0000000080000264 (0x00004081) c.li    ra, 0
0 0x0000000080000264 (0x4081) x 1 0x0000000000000000
core   0: 0x0000000080000266 (0x00000001) c.nop
0 0x0000000080000266 (0x0001)
core   0: 0x0000000080000268 (0x00004101) c.li    sp, 0
0 0x0000000080000268 (0x4101) x 2 0x0000000000000000
core   0: 0x000000008000026a (0x14209763) bne     ra, sp, pc + 334
0 0x000000008000026a (0x14209763)
core   0: 0x000000008000026e (0x00000205) c.addi  tp, 1
0 0x000000008000026e (0x0205) x 4 0x0000000000000001
core   0: 0x0000000080000270 (0x00004289) c.li    t0, 2
0 0x0000000080000270 (0x4289) x 5 0x0000000000000002
core   0: 0x0000000080000272 (0xfe5219e3) bne     tp, t0, pc - 14
0 0x0000000080000272 (0xfe5219e3)
core   0: 0x0000000080000264 (0x00004081) c.li    ra, 0
0 0x0000000080000264 (0x4081) x 1 0x0000000000000000
core   0: 0x0000000080000266 (0x00000001) c.nop
0 0x0000000080000266 (0x0001)
core   0: 0x0000000080000268 (0x00004101) c.li    sp, 0
0 0x0000000080000268 (0x4101) x 2 0x0000000000000000
core   0: 0x000000008000026a (0x14209763) bne     ra, sp, pc + 334
0 0x000000008000026a (0x14209763)
core   0: 0x000000008000026e (0x00000205) c.addi  tp, 1
0 0x000000008000026e (0x0205) x 4 0x0000000000000002
core   0: 0x0000000080000270 (0x00004289) c.li    t0, 2
0 0x0000000080000270 (0x4289) x 5 0x0000000000000002
core   0: 0x0000000080000272 (0xfe5219e3) bne     tp, t0, pc - 14
0 0x0000000080000272 (0xfe5219e3)
core   0: 0x0000000080000276 (0x000041b5) c.li    gp, 13
0 0x0000000080000276 (0x41b5) x 3 0x000000000000000d
core   0: 0x0000000080000278 (0x00002e17) auipc   t3, 0x2
0 0x0000000080000278 (0x00002e17) x28 0x0000000080002278
core   0: 0x000000008000027c (0xd88e0e13) addi    t3, t3, -632
0 0x000000008000027c (0xd88e0e13) x28 0x0000000080002000
core   0: 0x0000000080000280 (0x023e2a23) sw      gp, 52(t3)
0 0x0000000080000280 (0x023e2a23) mem 0x0000000080002034 0x0000000000000000
core   0: 0x0000000080000284 (0x00004201) c.li    tp, 0
0 0x0000000080000284 (0x4201) x 4 0x0000000000000000
core   0: 0x0000000080000286 (0x00004081) c.li    ra, 0
0 0x0000000080000286 (0x4081) x 1 0x0000000000000000
core   0: 0x0000000080000288 (0x00000001) c.nop
0 0x0000000080000288 (0x0001)
core   0: 0x000000008000028a (0x00004101) c.li    sp, 0
0 0x000000008000028a (0x4101) x 2 0x0000000000000000
core   0: 0x000000008000028c (0x00000001) c.nop
0 0x000000008000028c (0x0001)
core   0: 0x000000008000028e (0x12209563) bne     ra, sp, pc + 298
0 0x000000008000028e (0x12209563)
core   0: 0x0000000080000292 (0x00000205) c.addi  tp, 1
0 0x0000000080000292 (0x0205) x 4 0x0000000000000001
core   0: 0x0000000080000294 (0x00004289) c.li    t0, 2
0 0x0000000080000294 (0x4289) x 5 0x0000000000000002
core   0: 0x0000000080000296 (0xfe5218e3) bne     tp, t0, pc - 16
0 0x0000000080000296 (0xfe5218e3)
core   0: 0x0000000080000286 (0x00004081) c.li    ra, 0
0 0x0000000080000286 (0x4081) x 1 0x0000000000000000
core   0: 0x0000000080000288 (0x00000001) c.nop
0 0x0000000080000288 (0x0001)
core   0: 0x000000008000028a (0x00004101) c.li    sp, 0
0 0x000000008000028a (0x4101) x 2 0x0000000000000000
core   0: 0x000000008000028c (0x00000001) c.nop
0 0x000000008000028c (0x0001)
core   0: 0x000000008000028e (0x12209563) bne     ra, sp, pc + 298
0 0x000000008000028e (0x12209563)
core   0: 0x0000000080000292 (0x00000205) c.addi  tp, 1
0 0x0000000080000292 (0x0205) x 4 0x0000000000000002
core   0: 0x0000000080000294 (0x00004289) c.li    t0, 2
0 0x0000000080000294 (0x4289) x 5 0x0000000000000002
core   0: 0x0000000080000296 (0xfe5218e3) bne     tp, t0, pc - 16
0 0x0000000080000296 (0xfe5218e3)
core   0: 0x000000008000029a (0x000041b9) c.li    gp, 14
0 0x000000008000029a (0x41b9) x 3 0x000000000000000e
core   0: 0x000000008000029c (0x00002e17) auipc   t3, 0x2
0 0x000000008000029c (0x00002e17) x28 0x000000008000229c
core   0: 0x00000000800002a0 (0xd64e0e13) addi    t3, t3, -668
0 0x00000000800002a0 (0xd64e0e13) x28 0x0000000080002000
core   0: 0x00000000800002a4 (0x023e2c23) sw      gp, 56(t3)
0 0x00000000800002a4 (0x023e2c23) mem 0x0000000080002038 0x0000000000000000
core   0: 0x00000000800002a8 (0x00004201) c.li    tp, 0
0 0x00000000800002a8 (0x4201) x 4 0x0000000000000000
core   0: 0x00000000800002aa (0x00004081) c.li    ra, 0
0 0x00000000800002aa (0x4081) x 1 0x0000000000000000
core   0: 0x00000000800002ac (0x00000001) c.nop
0 0x00000000800002ac (0x0001)
core   0: 0x00000000800002ae (0x00000001) c.nop
0 0x00000000800002ae (0x0001)
core   0: 0x00000000800002b0 (0x00004101) c.li    sp, 0
0 0x00000000800002b0 (0x4101) x 2 0x0000000000000000
core   0: 0x00000000800002b2 (0x10209363) bne     ra, sp, pc + 262
0 0x00000000800002b2 (0x10209363)
core   0: 0x00000000800002b6 (0x00000205) c.addi  tp, 1
0 0x00000000800002b6 (0x0205) x 4 0x0000000000000001
core   0: 0x00000000800002b8 (0x00004289) c.li    t0, 2
0 0x00000000800002b8 (0x4289) x 5 0x0000000000000002
core   0: 0x00000000800002ba (0xfe5218e3) bne     tp, t0, pc - 16
0 0x00000000800002ba (0xfe5218e3)
core   0: 0x00000000800002aa (0x00004081) c.li    ra, 0
0 0x00000000800002aa (0x4081) x 1 0x0000000000000000
core   0: 0x00000000800002ac (0x00000001) c.nop
0 0x00000000800002ac (0x0001)
core   0: 0x00000000800002ae (0x00000001) c.nop
0 0x00000000800002ae (0x0001)
core   0: 0x00000000800002b0 (0x00004101) c.li    sp, 0
0 0x00000000800002b0 (0x4101) x 2 0x0000000000000000
core   0: 0x00000000800002b2 (0x10209363) bne     ra, sp, pc + 262
0 0x00000000800002b2 (0x10209363)
core   0: 0x00000000800002b6 (0x00000205) c.addi  tp, 1
0 0x00000000800002b6 (0x0205) x 4 0x0000000000000002
core   0: 0x00000000800002b8 (0x00004289) c.li    t0, 2
0 0x00000000800002b8 (0x4289) x 5 0x0000000000000002
core   0: 0x00000000800002ba (0xfe5218e3) bne     tp, t0, pc - 16
0 0x00000000800002ba (0xfe5218e3)
core   0: 0x00000000800002be (0x000041bd) c.li    gp, 15
0 0x00000000800002be (0x41bd) x 3 0x000000000000000f
core   0: 0x00000000800002c0 (0x00002e17) auipc   t3, 0x2
0 0x00000000800002c0 (0x00002e17) x28 0x00000000800022c0
core   0: 0x00000000800002c4 (0xd40e0e13) addi    t3, t3, -704
0 0x00000000800002c4 (0xd40e0e13) x28 0x0000000080002000
core   0: 0x00000000800002c8 (0x023e2e23) sw      gp, 60(t3)
0 0x00000000800002c8 (0x023e2e23) mem 0x000000008000203c 0x0000000000000000
core   0: 0x00000000800002cc (0x00004201) c.li    tp, 0
0 0x00000000800002cc (0x4201) x 4 0x0000000000000000
core   0: 0x00000000800002ce (0x00004081) c.li    ra, 0
0 0x00000000800002ce (0x4081) x 1 0x0000000000000000
core   0: 0x00000000800002d0 (0x00004101) c.li    sp, 0
0 0x00000000800002d0 (0x4101) x 2 0x0000000000000000
core   0: 0x00000000800002d2 (0x0e209363) bne     ra, sp, pc + 230
0 0x00000000800002d2 (0x0e209363)
core   0: 0x00000000800002d6 (0x00000205) c.addi  tp, 1
0 0x00000000800002d6 (0x0205) x 4 0x0000000000000001
core   0: 0x00000000800002d8 (0x00004289) c.li    t0, 2
0 0x00000000800002d8 (0x4289) x 5 0x0000000000000002
core   0: 0x00000000800002da (0xfe521ae3) bne     tp, t0, pc - 12
0 0x00000000800002da (0xfe521ae3)
core   0: 0x00000000800002ce (0x00004081) c.li    ra, 0
0 0x00000000800002ce (0x4081) x 1 0x0000000000000000
core   0: 0x00000000800002d0 (0x00004101) c.li    sp, 0
0 0x00000000800002d0 (0x4101) x 2 0x0000000000000000
core   0: 0x00000000800002d2 (0x0e209363) bne     ra, sp, pc + 230
0 0x00000000800002d2 (0x0e209363)
core   0: 0x00000000800002d6 (0x00000205) c.addi  tp, 1
0 0x00000000800002d6 (0x0205) x 4 0x0000000000000002
core   0: 0x00000000800002d8 (0x00004289) c.li    t0, 2
0 0x00000000800002d8 (0x4289) x 5 0x0000000000000002
core   0: 0x00000000800002da (0xfe521ae3) bne     tp, t0, pc - 12
0 0x00000000800002da (0xfe521ae3)
core   0: 0x00000000800002de (0x000041c1) c.li    gp, 16
0 0x00000000800002de (0x41c1) x 3 0x0000000000000010
core   0: 0x00000000800002e0 (0x00002e17) auipc   t3, 0x2
0 0x00000000800002e0 (0x00002e17) x28 0x00000000800022e0
core   0: 0x00000000800002e4 (0xd20e0e13) addi    t3, t3, -736
0 0x00000000800002e4 (0xd20e0e13) x28 0x0000000080002000
core   0: 0x00000000800002e8 (0x043e2023) sw      gp, 64(t3)
0 0x00000000800002e8 (0x043e2023) mem 0x0000000080002040 0x0000000000000000
core   0: 0x00000000800002ec (0x00004201) c.li    tp, 0
0 0x00000000800002ec (0x4201) x 4 0x0000000000000000
core   0: 0x00000000800002ee (0x00004081) c.li    ra, 0
0 0x00000000800002ee (0x4081) x 1 0x0000000000000000
core   0: 0x00000000800002f0 (0x00004101) c.li    sp, 0
0 0x00000000800002f0 (0x4101) x 2 0x0000000000000000
core   0: 0x00000000800002f2 (0x00000001) c.nop
0 0x00000000800002f2 (0x0001)
core   0: 0x00000000800002f4 (0x0c209263) bne     ra, sp, pc + 196
0 0x00000000800002f4 (0x0c209263)
core   0: 0x00000000800002f8 (0x00000205) c.addi  tp, 1
0 0x00000000800002f8 (0x0205) x 4 0x0000000000000001
core   0: 0x00000000800002fa (0x00004289) c.li    t0, 2
0 0x00000000800002fa (0x4289) x 5 0x0000000000000002
core   0: 0x00000000800002fc (0xfe5219e3) bne     tp, t0, pc - 14
0 0x00000000800002fc (0xfe5219e3)
core   0: 0x00000000800002ee (0x00004081) c.li    ra, 0
0 0x00000000800002ee (0x4081) x 1 0x0000000000000000
core   0: 0x00000000800002f0 (0x00004101) c.li    sp, 0
0 0x00000000800002f0 (0x4101) x 2 0x0000000000000000
core   0: 0x00000000800002f2 (0x00000001) c.nop
0 0x00000000800002f2 (0x0001)
core   0: 0x00000000800002f4 (0x0c209263) bne     ra, sp, pc + 196
0 0x00000000800002f4 (0x0c209263)
core   0: 0x00000000800002f8 (0x00000205) c.addi  tp, 1
0 0x00000000800002f8 (0x0205) x 4 0x0000000000000002
core   0: 0x00000000800002fa (0x00004289) c.li    t0, 2
0 0x00000000800002fa (0x4289) x 5 0x0000000000000002
core   0: 0x00000000800002fc (0xfe5219e3) bne     tp, t0, pc - 14
0 0x00000000800002fc (0xfe5219e3)
core   0: 0x0000000080000300 (0x000041c5) c.li    gp, 17
0 0x0000000080000300 (0x41c5) x 3 0x0000000000000011
core   0: 0x0000000080000302 (0x00002e17) auipc   t3, 0x2
0 0x0000000080000302 (0x00002e17) x28 0x0000000080002302
core   0: 0x0000000080000306 (0xcfee0e13) addi    t3, t3, -770
0 0x0000000080000306 (0xcfee0e13) x28 0x0000000080002000
core   0: 0x000000008000030a (0x043e2223) sw      gp, 68(t3)
0 0x000000008000030a (0x043e2223) mem 0x0000000080002044 0x0000000000000000
core   0: 0x000000008000030e (0x00004201) c.li    tp, 0
0 0x000000008000030e (0x4201) x 4 0x0000000000000000
core   0: 0x0000000080000310 (0x00004081) c.li    ra, 0
0 0x0000000080000310 (0x4081) x 1 0x0000000000000000
core   0: 0x0000000080000312 (0x00004101) c.li    sp, 0
0 0x0000000080000312 (0x4101) x 2 0x0000000000000000
core   0: 0x0000000080000314 (0x00000001) c.nop
0 0x0000000080000314 (0x0001)
core   0: 0x0000000080000316 (0x00000001) c.nop
0 0x0000000080000316 (0x0001)
core   0: 0x0000000080000318 (0x0a209063) bne     ra, sp, pc + 160
0 0x0000000080000318 (0x0a209063)
core   0: 0x000000008000031c (0x00000205) c.addi  tp, 1
0 0x000000008000031c (0x0205) x 4 0x0000000000000001
core   0: 0x000000008000031e (0x00004289) c.li    t0, 2
0 0x000000008000031e (0x4289) x 5 0x0000000000000002
core   0: 0x0000000080000320 (0xfe5218e3) bne     tp, t0, pc - 16
0 0x0000000080000320 (0xfe5218e3)
core   0: 0x0000000080000310 (0x00004081) c.li    ra, 0
0 0x0000000080000310 (0x4081) x 1 0x0000000000000000
core   0: 0x0000000080000312 (0x00004101) c.li    sp, 0
0 0x0000000080000312 (0x4101) x 2 0x0000000000000000
core   0: 0x0000000080000314 (0x00000001) c.nop
0 0x0000000080000314 (0x0001)
core   0: 0x0000000080000316 (0x00000001) c.nop
0 0x0000000080000316 (0x0001)
core   0: 0x0000000080000318 (0x0a209063) bne     ra, sp, pc + 160
0 0x0000000080000318 (0x0a209063)
core   0: 0x000000008000031c (0x00000205) c.addi  tp, 1
0 0x000000008000031c (0x0205) x 4 0x0000000000000002
core   0: 0x000000008000031e (0x00004289) c.li    t0, 2
0 0x000000008000031e (0x4289) x 5 0x0000000000000002
core   0: 0x0000000080000320 (0xfe5218e3) bne     tp, t0, pc - 16
0 0x0000000080000320 (0xfe5218e3)
core   0: 0x0000000080000324 (0x000041c9) c.li    gp, 18
0 0x0000000080000324 (0x41c9) x 3 0x0000000000000012
core   0: 0x0000000080000326 (0x00002e17) auipc   t3, 0x2
0 0x0000000080000326 (0x00002e17) x28 0x0000000080002326
core   0: 0x000000008000032a (0xcdae0e13) addi    t3, t3, -806
0 0x000000008000032a (0xcdae0e13) x28 0x0000000080002000
core   0: 0x000000008000032e (0x043e2423) sw      gp, 72(t3)
0 0x000000008000032e (0x043e2423) mem 0x0000000080002048 0x0000000000000000
core   0: 0x0000000080000332 (0x00004201) c.li    tp, 0
0 0x0000000080000332 (0x4201) x 4 0x0000000000000000
core   0: 0x0000000080000334 (0x00004081) c.li    ra, 0
0 0x0000000080000334 (0x4081) x 1 0x0000000000000000
core   0: 0x0000000080000336 (0x00000001) c.nop
0 0x0000000080000336 (0x0001)
core   0: 0x0000000080000338 (0x00004101) c.li    sp, 0
0 0x0000000080000338 (0x4101) x 2 0x0000000000000000
core   0: 0x000000008000033a (0x06209f63) bne     ra, sp, pc + 126
0 0x000000008000033a (0x06209f63)
core   0: 0x000000008000033e (0x00000205) c.addi  tp, 1
0 0x000000008000033e (0x0205) x 4 0x0000000000000001
core   0: 0x0000000080000340 (0x00004289) c.li    t0, 2
0 0x0000000080000340 (0x4289) x 5 0x0000000000000002
core   0: 0x0000000080000342 (0xfe5219e3) bne     tp, t0, pc - 14
0 0x0000000080000342 (0xfe5219e3)
core   0: 0x0000000080000334 (0x00004081) c.li    ra, 0
0 0x0000000080000334 (0x4081) x 1 0x0000000000000000
core   0: 0x0000000080000336 (0x00000001) c.nop
0 0x0000000080000336 (0x0001)
core   0: 0x0000000080000338 (0x00004101) c.li    sp, 0
0 0x0000000080000338 (0x4101) x 2 0x0000000000000000
core   0: 0x000000008000033a (0x06209f63) bne     ra, sp, pc + 126
0 0x000000008000033a (0x06209f63)
core   0: 0x000000008000033e (0x00000205) c.addi  tp, 1
0 0x000000008000033e (0x0205) x 4 0x0000000000000002
core   0: 0x0000000080000340 (0x00004289) c.li    t0, 2
0 0x0000000080000340 (0x4289) x 5 0x0000000000000002
core   0: 0x0000000080000342 (0xfe5219e3) bne     tp, t0, pc - 14
0 0x0000000080000342 (0xfe5219e3)
core   0: 0x0000000080000346 (0x000041cd) c.li    gp, 19
0 0x0000000080000346 (0x41cd) x 3 0x0000000000000013
core   0: 0x0000000080000348 (0x00002e17) auipc   t3, 0x2
0 0x0000000080000348 (0x00002e17) x28 0x0000000080002348
core   0: 0x000000008000034c (0xcb8e0e13) addi    t3, t3, -840
0 0x000000008000034c (0xcb8e0e13) x28 0x0000000080002000
core   0: 0x0000000080000350 (0x043e2623) sw      gp, 76(t3)
0 0x0000000080000350 (0x043e2623) mem 0x000000008000204c 0x0000000000000000
core   0: 0x0000000080000354 (0x00004201) c.li    tp, 0
0 0x0000000080000354 (0x4201) x 4 0x0000000000000000
core   0: 0x0000000080000356 (0x00004081) c.li    ra, 0
0 0x0000000080000356 (0x4081) x 1 0x0000000000000000
core   0: 0x0000000080000358 (0x00000001) c.nop
0 0x0000000080000358 (0x0001)
core   0: 0x000000008000035a (0x00004101) c.li    sp, 0
0 0x000000008000035a (0x4101) x 2 0x0000000000000000
core   0: 0x000000008000035c (0x00000001) c.nop
0 0x000000008000035c (0x0001)
core   0: 0x000000008000035e (0x04209d63) bne     ra, sp, pc + 90
0 0x000000008000035e (0x04209d63)
core   0: 0x0000000080000362 (0x00000205) c.addi  tp, 1
0 0x0000000080000362 (0x0205) x 4 0x0000000000000001
core   0: 0x0000000080000364 (0x00004289) c.li    t0, 2
0 0x0000000080000364 (0x4289) x 5 0x0000000000000002
core   0: 0x0000000080000366 (0xfe5218e3) bne     tp, t0, pc - 16
0 0x0000000080000366 (0xfe5218e3)
core   0: 0x0000000080000356 (0x00004081) c.li    ra, 0
0 0x0000000080000356 (0x4081) x 1 0x0000000000000000
core   0: 0x0000000080000358 (0x00000001) c.nop
0 0x0000000080000358 (0x0001)
core   0: 0x000000008000035a (0x00004101) c.li    sp, 0
0 0x000000008000035a (0x4101) x 2 0x0000000000000000
core   0: 0x000000008000035c (0x00000001) c.nop
0 0x000000008000035c (0x0001)
core   0: 0x000000008000035e (0x04209d63) bne     ra, sp, pc + 90
0 0x000000008000035e (0x04209d63)
core   0: 0x0000000080000362 (0x00000205) c.addi  tp, 1
0 0x0000000080000362 (0x0205) x 4 0x0000000000000002
core   0: 0x0000000080000364 (0x00004289) c.li    t0, 2
0 0x0000000080000364 (0x4289) x 5 0x0000000000000002
core   0: 0x0000000080000366 (0xfe5218e3) bne     tp, t0, pc - 16
0 0x0000000080000366 (0xfe5218e3)
core   0: 0x000000008000036a (0x000041d1) c.li    gp, 20
0 0x000000008000036a (0x41d1) x 3 0x0000000000000014
core   0: 0x000000008000036c (0x00002e17) auipc   t3, 0x2
0 0x000000008000036c (0x00002e17) x28 0x000000008000236c
core   0: 0x0000000080000370 (0xc94e0e13) addi    t3, t3, -876
0 0x0000000080000370 (0xc94e0e13) x28 0x0000000080002000
core   0: 0x0000000080000374 (0x043e2823) sw      gp, 80(t3)
0 0x0000000080000374 (0x043e2823) mem 0x0000000080002050 0x0000000000000000
core   0: 0x0000000080000378 (0x00004201) c.li    tp, 0
0 0x0000000080000378 (0x4201) x 4 0x0000000000000000
core   0: 0x000000008000037a (0x00004081) c.li    ra, 0
0 0x000000008000037a (0x4081) x 1 0x0000000000000000
core   0: 0x000000008000037c (0x00000001) c.nop
0 0x000000008000037c (0x0001)
core   0: 0x000000008000037e (0x00000001) c.nop
0 0x000000008000037e (0x0001)
core   0: 0x0000000080000380 (0x00004101) c.li    sp, 0
0 0x0000000080000380 (0x4101) x 2 0x0000000000000000
core   0: 0x0000000080000382 (0x02209b63) bne     ra, sp, pc + 54
0 0x0000000080000382 (0x02209b63)
core   0: 0x0000000080000386 (0x00000205) c.addi  tp, 1
0 0x0000000080000386 (0x0205) x 4 0x0000000000000001
core   0: 0x0000000080000388 (0x00004289) c.li    t0, 2
0 0x0000000080000388 (0x4289) x 5 0x0000000000000002
core   0: 0x000000008000038a (0xfe5218e3) bne     tp, t0, pc - 16
0 0x000000008000038a (0xfe5218e3)
core   0: 0x000000008000037a (0x00004081) c.li    ra, 0
0 0x000000008000037a (0x4081) x 1 0x0000000000000000
core   0: 0x000000008000037c (0x00000001) c.nop
0 0x000000008000037c (0x0001)
core   0: 0x000000008000037e (0x00000001) c.nop
0 0x000000008000037e (0x0001)
core   0: 0x0000000080000380 (0x00004101) c.li    sp, 0
0 0x0000000080000380 (0x4101) x 2 0x0000000000000000
core   0: 0x0000000080000382 (0x02209b63) bne     ra, sp, pc + 54
0 0x0000000080000382 (0x02209b63)
core   0: 0x0000000080000386 (0x00000205) c.addi  tp, 1
0 0x0000000080000386 (0x0205) x 4 0x0000000000000002
core   0: 0x0000000080000388 (0x00004289) c.li    t0, 2
0 0x0000000080000388 (0x4289) x 5 0x0000000000000002
core   0: 0x000000008000038a (0xfe5218e3) bne     tp, t0, pc - 16
0 0x000000008000038a (0xfe5218e3)
core   0: 0x000000008000038e (0x00004085) c.li    ra, 1
0 0x000000008000038e (0x4085) x 1 0x0000000000000001
core   0: 0x0000000080000390 (0x00009663) bnez    ra, pc + 12
0 0x0000000080000390 (0x00009663)
core   0: 0x000000008000039c (0x00000085) c.addi  ra, 1
0 0x000000008000039c (0x0085) x 1 0x0000000000000002
core   0: 0x000000008000039e (0x00000085) c.addi  ra, 1
0 0x000000008000039e (0x0085) x 1 0x0000000000000003
core   0: 0x00000000800003a0 (0x00004e8d) c.li    t4, 3
0 0x00000000800003a0 (0x4e8d) x29 0x0000000000000003
core   0: 0x00000000800003a2 (0x000041d5) c.li    gp, 21
0 0x00000000800003a2 (0x41d5) x 3 0x0000000000000015
core   0: 0x00000000800003a4 (0x00002e17) auipc   t3, 0x2
0 0x00000000800003a4 (0x00002e17) x28 0x00000000800023a4
core   0: 0x00000000800003a8 (0xc5ce0e13) addi    t3, t3, -932
0 0x00000000800003a8 (0xc5ce0e13) x28 0x0000000080002000
core   0: 0x00000000800003ac (0x041e2a23) sw      ra, 84(t3)
0 0x00000000800003ac (0x041e2a23) mem 0x0000000080002054 0x0000000000000000
core   0: 0x00000000800003b0 (0x01d09463) bne     ra, t4, pc + 8
0 0x00000000800003b0 (0x01d09463)
core   0: 0x00000000800003b4 (0x00301d63) bne     zero, gp, pc + 26
0 0x00000000800003b4 (0x00301d63)
core   0: 0x00000000800003ce (0x0ff0000f) fence   iorw,iorw
0 0x00000000800003ce (0x0ff0000f)
core   0: 0x00000000800003d2 (0x00004185) c.li    gp, 1
0 0x00000000800003d2 (0x4185) x 3 0x0000000000000001
core   0: 0x00000000800003d4 (0x00002e17) auipc   t3, 0x2
0 0x00000000800003d4 (0x00002e17) x28 0x00000000800023d4
core   0: 0x00000000800003d8 (0xc2ce0e13) addi    t3, t3, -980
0 0x00000000800003d8 (0xc2ce0e13) x28 0x0000000080002000
core   0: 0x00000000800003dc (0x003e2023) sw      gp, 0(t3)
0 0x00000000800003dc (0x003e2023) mem 0x0000000080002000 0x0000000000000000
core   0: 0x00000000800003e0 (0x00000073) ecall
0 0x00000000800003e0 (0x00000073)
