core   0: 0x0000000000010000 (0x00100413) li      s0, 1
3 0x0000000000010000 (0x00100413) x 8 0x0000000000000001
core   0: 0x0000000000010004 (0x01f41413) slli    s0, s0, 31
3 0x0000000000010004 (0x01f41413) x 8 0x0000000080000000
core   0: 0x0000000000010008 (0xf1402573) csrr    a0, mhartid
3 0x0000000000010008 (0xf1402573) x10 0x0000000000000000
core   0: 0x000000000001000c (0x00000597) auipc   a1, 0x0
3 0x000000000001000c (0x00000597) x11 0x000000000001000c
core   0: 0x0000000000010010 (0x07458593) addi    a1, a1, 116
3 0x0000000000010010 (0x07458593) x11 0x0000000000010080
core   0: 0x0000000000010014 (0x00040067) jr      s0
3 0x0000000000010014 (0x00040067)
core   0: 0x0000000080000000 (0x0000a081) c.j     pc + 64
3 0x0000000080000000 (0xa081)
core   0: 0x0000000080000040 (0xf1402573) csrr    a0, mhartid
3 0x0000000080000040 (0xf1402573) x10 0x0000000000000000
core   0: 0x0000000080000044 (0x0000e101) c.bnez  a0, pc + 0
3 0x0000000080000044 (0xe101)
core   0: 0x0000000080000046 (0x00000297) auipc   t0, 0x0
3 0x0000000080000046 (0x00000297) x 5 0x0000000080000046
core   0: 0x000000008000004a (0x01228293) addi    t0, t0, 18
3 0x000000008000004a (0x01228293) x 5 0x0000000080000058
core   0: 0x000000008000004e (0x30529073) csrw    mtvec, t0
3 0x000000008000004e (0x30529073)
core   0: 0x0000000080000052 (0x18005073) csrwi   satp, 0
3 0x0000000080000052 (0x18005073)
core   0: 0x0000000080000056 (0x00000001) c.nop
3 0x0000000080000056 (0x0001)
core   0: 0x0000000080000058 (0x00000297) auipc   t0, 0x0
3 0x0000000080000058 (0x00000297) x 5 0x0000000080000058
core   0: 0x000000008000005c (0x01828293) addi    t0, t0, 24
3 0x000000008000005c (0x01828293) x 5 0x0000000080000070
core   0: 0x0000000080000060 (0x30529073) csrw    mtvec, t0
3 0x0000000080000060 (0x30529073)
core   0: 0x0000000080000064 (0x000052fd) c.li    t0, -1
3 0x0000000080000064 (0x52fd) x 5 0xffffffffffffffff
core   0: 0x0000000080000066 (0x3b029073) csrw    pmpaddr0, t0
3 0x0000000080000066 (0x3b029073)
core   0: 0x000000008000006a (0x000042fd) c.li    t0, 31
3 0x000000008000006a (0x42fd) x 5 0x000000000000001f
core   0: 0x000000008000006c (0x3a029073) csrw    pmpcfg0, t0
3 0x000000008000006c (0x3a029073)
core   0: 0x0000000080000070 (0x00000297) auipc   t0, 0x0
3 0x0000000080000070 (0x00000297) x 5 0x0000000080000070
core   0: 0x0000000080000074 (0x01828293) addi    t0, t0, 24
3 0x0000000080000074 (0x01828293) x 5 0x0000000080000088
core   0: 0x0000000080000078 (0x30529073) csrw    mtvec, t0
3 0x0000000080000078 (0x30529073)
core   0: 0x000000008000007c (0x30205073) csrwi   medeleg, 0
3 0x000000008000007c (0x30205073)
core   0: 0x0000000080000080 (0x30305073) csrwi   mideleg, 0
3 0x0000000080000080 (0x30305073)
core   0: 0x0000000080000084 (0x30405073) csrwi   mie, 0
3 0x0000000080000084 (0x30405073)
core   0: 0x0000000080000088 (0x00004181) c.li    gp, 0
3 0x0000000080000088 (0x4181) x 3 0x0000000000000000
core   0: 0x000000008000008a (0x00000297) auipc   t0, 0x0
3 0x000000008000008a (0x00000297) x 5 0x000000008000008a
core   0: 0x000000008000008e (0xf7a28293) addi    t0, t0, -134
3 0x000000008000008e (0xf7a28293) x 5 0x0000000080000004
core   0: 0x0000000080000092 (0x30529073) csrw    mtvec, t0
3 0x0000000080000092 (0x30529073)
core   0: 0x0000000080000096 (0x00004505) c.li    a0, 1
3 0x0000000080000096 (0x4505) x10 0x0000000000000001
core   0: 0x0000000080000098 (0x0000057e) c.slli  a0, 31
3 0x0000000080000098 (0x057e) x10 0x0000000080000000
core   0: 0x000000008000009a (0x00055763) bgez    a0, pc + 14
3 0x000000008000009a (0x00055763)
core   0: 0x00000000800000a8 (0x80000297) auipc   t0, 0x80000
3 0x00000000800000a8 (0x80000297) x 5 0x00000000000000a8
core   0: 0x00000000800000ac (0xf5828293) addi    t0, t0, -168
3 0x00000000800000ac (0xf5828293) x 5 0x0000000000000000
core   0: 0x00000000800000b0 (0x00028e63) beqz    t0, pc + 28
3 0x00000000800000b0 (0x00028e63)
core   0: 0x00000000800000cc (0x30005073) csrwi   mstatus, 0
3 0x00000000800000cc (0x30005073)
core   0: 0x00000000800000d0 (0x00002537) lui     a0, 0x2
3 0x00000000800000d0 (0x00002537) x10 0x0000000000002000
core   0: 0x00000000800000d4 (0x8005051b) addiw   a0, a0, -2048
3 0x00000000800000d4 (0x8005051b) x10 0x0000000000001800
core   0: 0x00000000800000d8 (0x30052073) csrs    mstatus, a0
3 0x00000000800000d8 (0x30052073)
core   0: 0x00000000800000dc (0x00000297) auipc   t0, 0x0
3 0x00000000800000dc (0x00000297) x 5 0x00000000800000dc
core   0: 0x00000000800000e0 (0x01428293) addi    t0, t0, 20
3 0x00000000800000e0 (0x01428293) x 5 0x00000000800000f0
core   0: 0x00000000800000e4 (0x34129073) csrw    mepc, t0
3 0x00000000800000e4 (0x34129073)
core   0: 0x00000000800000e8 (0xf1402573) csrr    a0, mhartid
3 0x00000000800000e8 (0xf1402573) x10 0x0000000000000000
core   0: 0x00000000800000ec (0x30200073) mret
3 0x00000000800000ec (0x30200073)
core   0: 0x00000000800000f0 (0x00002117) auipc   sp, 0x2
3 0x00000000800000f0 (0x00002117) x 2 0x00000000800020f0
core   0: 0x00000000800000f4 (0xf1010113) addi    sp, sp, -240
3 0x00000000800000f4 (0xf1010113) x 2 0x0000000080002000
core   0: 0x00000000800000f8 (0x00004181) c.li    gp, 0
3 0x00000000800000f8 (0x4181) x 3 0x0000000000000000
core   0: 0x00000000800000fa (0x00000185) c.addi  gp, 1
3 0x00000000800000fa (0x0185) x 3 0x0000000000000001
core   0: 0x00000000800000fc (0x0000c00e) c.swsp  gp, 0(sp)
3 0x00000000800000fc (0xc00e) mem 0x0000000080002000 0x0000000000000000
core   0: 0x00000000800000fe (0x00004201) c.li    tp, 0
3 0x00000000800000fe (0x4201) x 4 0x0000000000000000
core   0: 0x0000000080000100 (0x00000209) c.addi  tp, 2
3 0x0000000080000100 (0x0209) x 4 0x0000000000000002
core   0: 0x0000000080000102 (0x0000c212) c.swsp  tp, 4(sp)
3 0x0000000080000102 (0xc212) mem 0x0000000080002004 0x0000000000000000
core   0: 0x0000000080000104 (0x00004401) c.li    s0, 0
3 0x0000000080000104 (0x4401) x 8 0x0000000000000000
core   0: 0x0000000080000106 (0x0000043d) c.addi  s0, 15
3 0x0000000080000106 (0x043d) x 8 0x000000000000000f
core   0: 0x0000000080000108 (0x0000c422) c.swsp  s0, 8(sp)
3 0x0000000080000108 (0xc422) mem 0x0000000080002008 0x0000000000000001
core   0: 0x000000008000010a (0x00004481) c.li    s1, 0
3 0x000000008000010a (0x4481) x 9 0x0000000000000000
core   0: 0x000000008000010c (0x000004c1) c.addi  s1, 16
3 0x000000008000010c (0x04c1) x 9 0x0000000000000010
core   0: 0x000000008000010e (0x0000c626) c.swsp  s1, 12(sp)
3 0x000000008000010e (0xc626) mem 0x000000008000200c 0x0000000000000000
core   0: 0x0000000080000110 (0x00004581) c.li    a1, 0
3 0x0000000080000110 (0x4581) x11 0x0000000000000000
core   0: 0x0000000080000112 (0x000005fd) c.addi  a1, 31
3 0x0000000080000112 (0x05fd) x11 0x000000000000001f
core   0: 0x0000000080000114 (0x0000c82e) c.swsp  a1, 16(sp)
3 0x0000000080000114 (0xc82e) mem 0x0000000080002010 0x000000000000000f
core   0: 0x0000000080000116 (0x00002117) auipc   sp, 0x2
3 0x0000000080000116 (0x00002117) x 2 0x0000000080002116
core   0: 0x000000008000011a (0xefe10113) addi    sp, sp, -258
3 0x000000008000011a (0xefe10113) x 2 0x0000000080002014
core   0: 0x000000008000011e (0x00004605) c.li    a2, 1
3 0x000000008000011e (0x4605) x12 0x0000000000000001
core   0: 0x0000000080000120 (0x00000605) c.addi  a2, 1
3 0x0000000080000120 (0x0605) x12 0x0000000000000002
core   0: 0x0000000080000122 (0x0000c032) c.swsp  a2, 0(sp)
3 0x0000000080000122 (0xc032) mem 0x0000000080002014 0x000000000000001f
core   0: 0x0000000080000124 (0x00004685) c.li    a3, 1
3 0x0000000080000124 (0x4685) x13 0x0000000000000001
core   0: 0x0000000080000126 (0x00000689) c.addi  a3, 2
3 0x0000000080000126 (0x0689) x13 0x0000000000000003
core   0: 0x0000000080000128 (0x0000c236) c.swsp  a3, 4(sp)
3 0x0000000080000128 (0xc236) mem 0x0000000080002018 0x0000000000000000
core   0: 0x000000008000012a (0x00004705) c.li    a4, 1
3 0x000000008000012a (0x4705) x14 0x0000000000000001
core   0: 0x000000008000012c (0x0000073d) c.addi  a4, 15
3 0x000000008000012c (0x073d) x14 0x0000000000000010
core   0: 0x000000008000012e (0x0000c43a) c.swsp  a4, 8(sp)
3 0x000000008000012e (0xc43a) mem 0x000000008000201c 0x0000000200000000
core   0: 0x0000000080000130 (0x00004785) c.li    a5, 1
3 0x0000000080000130 (0x4785) x15 0x0000000000000001
core   0: 0x0000000080000132 (0x000007c1) c.addi  a5, 16
3 0x0000000080000132 (0x07c1) x15 0x0000000000000011
core   0: 0x0000000080000134 (0x0000c63e) c.swsp  a5, 12(sp)
3 0x0000000080000134 (0xc63e) mem 0x0000000080002020 0x0000001000000003
core   0: 0x0000000080000136 (0x00004805) c.li    a6, 1
3 0x0000000080000136 (0x4805) x16 0x0000000000000001
core   0: 0x0000000080000138 (0x0000087d) c.addi  a6, 31
3 0x0000000080000138 (0x087d) x16 0x0000000000000020
core   0: 0x000000008000013a (0x0000c842) c.swsp  a6, 16(sp)
3 0x000000008000013a (0xc842) mem 0x0000000080002024 0x0000000000000000
core   0: 0x000000008000013c (0x00002117) auipc   sp, 0x2
3 0x000000008000013c (0x00002117) x 2 0x000000008000213c
core   0: 0x0000000080000140 (0xeec10113) addi    sp, sp, -276
3 0x0000000080000140 (0xeec10113) x 2 0x0000000080002028
core   0: 0x0000000080000144 (0x000058fd) c.li    a7, -1
3 0x0000000080000144 (0x58fd) x17 0xffffffffffffffff
core   0: 0x0000000080000146 (0x00000885) c.addi  a7, 1
3 0x0000000080000146 (0x0885) x17 0x0000000000000000
core   0: 0x0000000080000148 (0x0000c046) c.swsp  a7, 0(sp)
3 0x0000000080000148 (0xc046) mem 0x0000000080002028 0x0000000000000000
core   0: 0x000000008000014a (0x0000597d) c.li    s2, -1
3 0x000000008000014a (0x597d) x18 0xffffffffffffffff
core   0: 0x000000008000014c (0x00000909) c.addi  s2, 2
3 0x000000008000014c (0x0909) x18 0x0000000000000001
core   0: 0x000000008000014e (0x0000c24a) c.swsp  s2, 4(sp)
3 0x000000008000014e (0xc24a) mem 0x000000008000202c 0x0000000000000000
core   0: 0x0000000080000150 (0x000059fd) c.li    s3, -1
3 0x0000000080000150 (0x59fd) x19 0xffffffffffffffff
core   0: 0x0000000080000152 (0x000009bd) c.addi  s3, 15
3 0x0000000080000152 (0x09bd) x19 0x000000000000000e
core   0: 0x0000000080000154 (0x0000c44e) c.swsp  s3, 8(sp)
3 0x0000000080000154 (0xc44e) mem 0x0000000080002030 0x0000000000000000
core   0: 0x0000000080000156 (0x00005a7d) c.li    s4, -1
3 0x0000000080000156 (0x5a7d) x20 0xffffffffffffffff
core   0: 0x0000000080000158 (0x00000a41) c.addi  s4, 16
3 0x0000000080000158 (0x0a41) x20 0x000000000000000f
core   0: 0x000000008000015a (0x0000c652) c.swsp  s4, 12(sp)
3 0x000000008000015a (0xc652) mem 0x0000000080002034 0x0000000000000000
core   0: 0x000000008000015c (0x00005afd) c.li    s5, -1
3 0x000000008000015c (0x5afd) x21 0xffffffffffffffff
core   0: 0x000000008000015e (0x00000afd) c.addi  s5, 31
3 0x000000008000015e (0x0afd) x21 0x000000000000001e
core   0: 0x0000000080000160 (0x0000c856) c.swsp  s5, 16(sp)
3 0x0000000080000160 (0xc856) mem 0x0000000080002038 0x000000000000000e
core   0: 0x0000000080000162 (0x00002117) auipc   sp, 0x2
3 0x0000000080000162 (0x00002117) x 2 0x0000000080002162
core   0: 0x0000000080000166 (0xeda10113) addi    sp, sp, -294
3 0x0000000080000166 (0xeda10113) x 2 0x000000008000203c
core   0: 0x000000008000016a (0x00080b37) lui     s6, 0x80
3 0x000000008000016a (0x00080b37) x22 0x0000000000080000
core   0: 0x000000008000016e (0xfffb0b1b) addiw   s6, s6, -1
3 0x000000008000016e (0xfffb0b1b) x22 0x000000000007ffff
core   0: 0x0000000080000172 (0x00000b05) c.addi  s6, 1
3 0x0000000080000172 (0x0b05) x22 0x0000000000080000
core   0: 0x0000000080000174 (0x0000c05a) c.swsp  s6, 0(sp)
3 0x0000000080000174 (0xc05a) mem 0x000000008000203c 0x0000000000000000
core   0: 0x0000000080000176 (0x00080bb7) lui     s7, 0x80
3 0x0000000080000176 (0x00080bb7) x23 0x0000000000080000
core   0: 0x000000008000017a (0xfffb8b9b) addiw   s7, s7, -1
3 0x000000008000017a (0xfffb8b9b) x23 0x000000000007ffff
core   0: 0x000000008000017e (0x00000b89) c.addi  s7, 2
3 0x000000008000017e (0x0b89) x23 0x0000000000080001
core   0: 0x0000000080000180 (0x0000c25e) c.swsp  s7, 4(sp)
3 0x0000000080000180 (0xc25e) mem 0x0000000080002040 0x0008000000000000
core   0: 0x0000000080000182 (0x00080c37) lui     s8, 0x80
3 0x0000000080000182 (0x00080c37) x24 0x0000000000080000
core   0: 0x0000000080000186 (0xfffc0c1b) addiw   s8, s8, -1
3 0x0000000080000186 (0xfffc0c1b) x24 0x000000000007ffff
core   0: 0x000000008000018a (0x00000c3d) c.addi  s8, 15
3 0x000000008000018a (0x0c3d) x24 0x000000000008000e
core   0: 0x000000008000018c (0x0000c462) c.swsp  s8, 8(sp)
3 0x000000008000018c (0xc462) mem 0x0000000080002044 0x0000000000080001
core   0: 0x000000008000018e (0x00080cb7) lui     s9, 0x80
3 0x000000008000018e (0x00080cb7) x25 0x0000000000080000
core   0: 0x0000000080000192 (0xfffc8c9b) addiw   s9, s9, -1
3 0x0000000080000192 (0xfffc8c9b) x25 0x000000000007ffff
core   0: 0x0000000080000196 (0x00000cc1) c.addi  s9, 16
3 0x0000000080000196 (0x0cc1) x25 0x000000000008000f
core   0: 0x0000000080000198 (0x0000c666) c.swsp  s9, 12(sp)
3 0x0000000080000198 (0xc666) mem 0x0000000080002048 0x0008000e00000000
core   0: 0x000000008000019a (0x00080d37) lui     s10, 0x80
3 0x000000008000019a (0x00080d37) x26 0x0000000000080000
core   0: 0x000000008000019e (0xfffd0d1b) addiw   s10, s10, -1
3 0x000000008000019e (0xfffd0d1b) x26 0x000000000007ffff
core   0: 0x00000000800001a2 (0x00000d7d) c.addi  s10, 31
3 0x00000000800001a2 (0x0d7d) x26 0x000000000008001e
core   0: 0x00000000800001a4 (0x0000c86a) c.swsp  s10, 16(sp)
3 0x00000000800001a4 (0xc86a) mem 0x000000008000204c 0x000000000008000f
core   0: 0x00000000800001a6 (0x00002117) auipc   sp, 0x2
3 0x00000000800001a6 (0x00002117) x 2 0x00000000800021a6
core   0: 0x00000000800001aa (0xeaa10113) addi    sp, sp, -342
3 0x00000000800001aa (0xeaa10113) x 2 0x0000000080002050
core   0: 0x00000000800001ae (0x00080db7) lui     s11, 0x80
3 0x00000000800001ae (0x00080db7) x27 0x0000000000080000
core   0: 0x00000000800001b2 (0x00000d85) c.addi  s11, 1
3 0x00000000800001b2 (0x0d85) x27 0x0000000000080001
core   0: 0x00000000800001b4 (0x0000c06e) c.swsp  s11, 0(sp)
3 0x00000000800001b4 (0xc06e) mem 0x0000000080002050 0x0000000000000000
core   0: 0x00000000800001b6 (0x00080e37) lui     t3, 0x80
3 0x00000000800001b6 (0x00080e37) x28 0x0000000000080000
core   0: 0x00000000800001ba (0x00000e09) c.addi  t3, 2
3 0x00000000800001ba (0x0e09) x28 0x0000000000080002
core   0: 0x00000000800001bc (0x0000c272) c.swsp  t3, 4(sp)
3 0x00000000800001bc (0xc272) mem 0x0000000080002054 0x0000000000000000
core   0: 0x00000000800001be (0x00080eb7) lui     t4, 0x80
3 0x00000000800001be (0x00080eb7) x29 0x0000000000080000
core   0: 0x00000000800001c2 (0x00000ebd) c.addi  t4, 15
3 0x00000000800001c2 (0x0ebd) x29 0x000000000008000f
core   0: 0x00000000800001c4 (0x0000c476) c.swsp  t4, 8(sp)
3 0x00000000800001c4 (0xc476) mem 0x0000000080002058 0x0000000000000000
core   0: 0x00000000800001c6 (0x00080f37) lui     t5, 0x80
3 0x00000000800001c6 (0x00080f37) x30 0x0000000000080000
core   0: 0x00000000800001ca (0x00000f41) c.addi  t5, 16
3 0x00000000800001ca (0x0f41) x30 0x0000000000080010
core   0: 0x00000000800001cc (0x0000c67a) c.swsp  t5, 12(sp)
3 0x00000000800001cc (0xc67a) mem 0x000000008000205c 0x0000000000000000
core   0: 0x00000000800001ce (0x00080ab7) lui     s5, 0x80
3 0x00000000800001ce (0x00080ab7) x21 0x0000000000080000
core   0: 0x00000000800001d2 (0x00000afd) c.addi  s5, 31
3 0x00000000800001d2 (0x0afd) x21 0x000000000008001f
core   0: 0x00000000800001d4 (0x0000c856) c.swsp  s5, 16(sp)
3 0x00000000800001d4 (0xc856) mem 0x0000000080002060 0x0000000000000000
core   0: 0x00000000800001d6 (0x0ff0000f) fence   iorw,iorw
3 0x00000000800001d6 (0x0ff0000f)
core   0: 0x00000000800001da (0x00004185) c.li    gp, 1
3 0x00000000800001da (0x4185) x 3 0x0000000000000001
core   0: 0x00000000800001dc (0x00000073) ecall
3 0x00000000800001dc (0x00000073)
