core   0: 0x0000000000010000 (0x00100413) li      s0, 1
3 0x0000000000010000 (0x00100413) x 8 0x0000000000000001
core   0: 0x0000000000010004 (0x01f41413) slli    s0, s0, 31
3 0x0000000000010004 (0x01f41413) x 8 0x0000000080000000
core   0: 0x0000000000010008 (0xf1402573) csrr    a0, mhartid
3 0x0000000000010008 (0xf1402573) x10 0x0000000000000000
core   0: 0x000000000001000c (0x00000597) auipc   a1, 0x0
3 0x000000000001000c (0x00000597) x11 0x000000000001000c
core   0: 0x0000000000010010 (0x07458593) addi    a1, a1, 116
3 0x0000000000010010 (0x07458593) x11 0x0000000000010080
core   0: 0x0000000000010014 (0x00040067) jr      s0
3 0x0000000000010014 (0x00040067)
core   0: 0x0000000080000000 (0x0000a081) c.j     pc + 64
3 0x0000000080000000 (0xa081)
core   0: 0x0000000080000040 (0xf1402573) csrr    a0, mhartid
3 0x0000000080000040 (0xf1402573) x10 0x0000000000000000
core   0: 0x0000000080000044 (0x0000e101) c.bnez  a0, pc + 0
3 0x0000000080000044 (0xe101)
core   0: 0x0000000080000046 (0x00000297) auipc   t0, 0x0
3 0x0000000080000046 (0x00000297) x 5 0x0000000080000046
core   0: 0x000000008000004a (0x01228293) addi    t0, t0, 18
3 0x000000008000004a (0x01228293) x 5 0x0000000080000058
core   0: 0x000000008000004e (0x30529073) csrw    mtvec, t0
3 0x000000008000004e (0x30529073)
core   0: 0x0000000080000052 (0x18005073) csrwi   satp, 0
3 0x0000000080000052 (0x18005073)
core   0: 0x0000000080000056 (0x00000001) c.nop
3 0x0000000080000056 (0x0001)
core   0: 0x0000000080000058 (0x00000297) auipc   t0, 0x0
3 0x0000000080000058 (0x00000297) x 5 0x0000000080000058
core   0: 0x000000008000005c (0x01828293) addi    t0, t0, 24
3 0x000000008000005c (0x01828293) x 5 0x0000000080000070
core   0: 0x0000000080000060 (0x30529073) csrw    mtvec, t0
3 0x0000000080000060 (0x30529073)
core   0: 0x0000000080000064 (0x000052fd) c.li    t0, -1
3 0x0000000080000064 (0x52fd) x 5 0xffffffffffffffff
core   0: 0x0000000080000066 (0x3b029073) csrw    pmpaddr0, t0
3 0x0000000080000066 (0x3b029073)
core   0: 0x000000008000006a (0x000042fd) c.li    t0, 31
3 0x000000008000006a (0x42fd) x 5 0x000000000000001f
core   0: 0x000000008000006c (0x3a029073) csrw    pmpcfg0, t0
3 0x000000008000006c (0x3a029073)
core   0: 0x0000000080000070 (0x00000297) auipc   t0, 0x0
3 0x0000000080000070 (0x00000297) x 5 0x0000000080000070
core   0: 0x0000000080000074 (0x01828293) addi    t0, t0, 24
3 0x0000000080000074 (0x01828293) x 5 0x0000000080000088
core   0: 0x0000000080000078 (0x30529073) csrw    mtvec, t0
3 0x0000000080000078 (0x30529073)
core   0: 0x000000008000007c (0x30205073) csrwi   medeleg, 0
3 0x000000008000007c (0x30205073)
core   0: 0x0000000080000080 (0x30305073) csrwi   mideleg, 0
3 0x0000000080000080 (0x30305073)
core   0: 0x0000000080000084 (0x30405073) csrwi   mie, 0
3 0x0000000080000084 (0x30405073)
core   0: 0x0000000080000088 (0x00004181) c.li    gp, 0
3 0x0000000080000088 (0x4181) x 3 0x0000000000000000
core   0: 0x000000008000008a (0x00000297) auipc   t0, 0x0
3 0x000000008000008a (0x00000297) x 5 0x000000008000008a
core   0: 0x000000008000008e (0xf7a28293) addi    t0, t0, -134
3 0x000000008000008e (0xf7a28293) x 5 0x0000000080000004
core   0: 0x0000000080000092 (0x30529073) csrw    mtvec, t0
3 0x0000000080000092 (0x30529073)
core   0: 0x0000000080000096 (0x00004505) c.li    a0, 1
3 0x0000000080000096 (0x4505) x10 0x0000000000000001
core   0: 0x0000000080000098 (0x0000057e) c.slli  a0, 31
3 0x0000000080000098 (0x057e) x10 0x0000000080000000
core   0: 0x000000008000009a (0x00055763) bgez    a0, pc + 14
3 0x000000008000009a (0x00055763)
core   0: 0x00000000800000a8 (0x80000297) auipc   t0, 0x80000
3 0x00000000800000a8 (0x80000297) x 5 0x00000000000000a8
core   0: 0x00000000800000ac (0xf5828293) addi    t0, t0, -168
3 0x00000000800000ac (0xf5828293) x 5 0x0000000000000000
core   0: 0x00000000800000b0 (0x00028e63) beqz    t0, pc + 28
3 0x00000000800000b0 (0x00028e63)
core   0: 0x00000000800000cc (0x30005073) csrwi   mstatus, 0
3 0x00000000800000cc (0x30005073)
core   0: 0x00000000800000d0 (0x00002537) lui     a0, 0x2
3 0x00000000800000d0 (0x00002537) x10 0x0000000000002000
core   0: 0x00000000800000d4 (0x8005051b) addiw   a0, a0, -2048
3 0x00000000800000d4 (0x8005051b) x10 0x0000000000001800
core   0: 0x00000000800000d8 (0x30052073) csrs    mstatus, a0
3 0x00000000800000d8 (0x30052073)
core   0: 0x00000000800000dc (0x00000297) auipc   t0, 0x0
3 0x00000000800000dc (0x00000297) x 5 0x00000000800000dc
core   0: 0x00000000800000e0 (0x01428293) addi    t0, t0, 20
3 0x00000000800000e0 (0x01428293) x 5 0x00000000800000f0
core   0: 0x00000000800000e4 (0x34129073) csrw    mepc, t0
3 0x00000000800000e4 (0x34129073)
core   0: 0x00000000800000e8 (0xf1402573) csrr    a0, mhartid
3 0x00000000800000e8 (0xf1402573) x10 0x0000000000000000
core   0: 0x00000000800000ec (0x30200073) mret
3 0x00000000800000ec (0x30200073)
core   0: 0x00000000800000f0 (0x00002117) auipc   sp, 0x2
3 0x00000000800000f0 (0x00002117) x 2 0x00000000800020f0
core   0: 0x00000000800000f4 (0xf1010113) addi    sp, sp, -240
3 0x00000000800000f4 (0xf1010113) x 2 0x0000000080002000
core   0: 0x00000000800000f8 (0x00004581) c.li    a1, 0
3 0x00000000800000f8 (0x4581) x11 0x0000000000000000
core   0: 0x00000000800000fa (0x00008981) c.andi  a1, 0
3 0x00000000800000fa (0x8981) x11 0x0000000000000000
core   0: 0x00000000800000fc (0x0000c02e) c.swsp  a1, 0(sp)
3 0x00000000800000fc (0xc02e) mem 0x0000000080002000 0x0000000000000000
core   0: 0x00000000800000fe (0x00004601) c.li    a2, 0
3 0x00000000800000fe (0x4601) x12 0x0000000000000000
core   0: 0x0000000080000100 (0x00008a05) c.andi  a2, 1
3 0x0000000080000100 (0x8a05) x12 0x0000000000000000
core   0: 0x0000000080000102 (0x0000c232) c.swsp  a2, 4(sp)
3 0x0000000080000102 (0xc232) mem 0x0000000080002004 0x0000000000000000
core   0: 0x0000000080000104 (0x00004681) c.li    a3, 0
3 0x0000000080000104 (0x4681) x13 0x0000000000000000
core   0: 0x0000000080000106 (0x00008ac1) c.andi  a3, 16
3 0x0000000080000106 (0x8ac1) x13 0x0000000000000000
core   0: 0x0000000080000108 (0x0000c436) c.swsp  a3, 8(sp)
3 0x0000000080000108 (0xc436) mem 0x0000000080002008 0x0000000000000000
core   0: 0x000000008000010a (0x00004701) c.li    a4, 0
3 0x000000008000010a (0x4701) x14 0x0000000000000000
core   0: 0x000000008000010c (0x00008b7d) c.andi  a4, 31
3 0x000000008000010c (0x8b7d) x14 0x0000000000000000
core   0: 0x000000008000010e (0x0000c63a) c.swsp  a4, 12(sp)
3 0x000000008000010e (0xc63a) mem 0x000000008000200c 0x0000000000000000
core   0: 0x0000000080000110 (0x00004781) c.li    a5, 0
3 0x0000000080000110 (0x4781) x15 0x0000000000000000
core   0: 0x0000000080000112 (0x00009b85) c.andi  a5, -31
3 0x0000000080000112 (0x9b85) x15 0x0000000000000000
core   0: 0x0000000080000114 (0x0000c83e) c.swsp  a5, 16(sp)
3 0x0000000080000114 (0xc83e) mem 0x0000000080002010 0x0000000000000000
core   0: 0x0000000080000116 (0x00002117) auipc   sp, 0x2
3 0x0000000080000116 (0x00002117) x 2 0x0000000080002116
core   0: 0x000000008000011a (0xefe10113) addi    sp, sp, -258
3 0x000000008000011a (0xefe10113) x 2 0x0000000080002014
core   0: 0x000000008000011e (0x00004405) c.li    s0, 1
3 0x000000008000011e (0x4405) x 8 0x0000000000000001
core   0: 0x0000000080000120 (0x00008801) c.andi  s0, 0
3 0x0000000080000120 (0x8801) x 8 0x0000000000000000
core   0: 0x0000000080000122 (0x0000c022) c.swsp  s0, 0(sp)
3 0x0000000080000122 (0xc022) mem 0x0000000080002014 0x0000000000000000
core   0: 0x0000000080000124 (0x00004485) c.li    s1, 1
3 0x0000000080000124 (0x4485) x 9 0x0000000000000001
core   0: 0x0000000080000126 (0x00008885) c.andi  s1, 1
3 0x0000000080000126 (0x8885) x 9 0x0000000000000001
core   0: 0x0000000080000128 (0x0000c226) c.swsp  s1, 4(sp)
3 0x0000000080000128 (0xc226) mem 0x0000000080002018 0x0000000000000000
core   0: 0x000000008000012a (0x00004585) c.li    a1, 1
3 0x000000008000012a (0x4585) x11 0x0000000000000001
core   0: 0x000000008000012c (0x000089c1) c.andi  a1, 16
3 0x000000008000012c (0x89c1) x11 0x0000000000000000
core   0: 0x000000008000012e (0x0000c42e) c.swsp  a1, 8(sp)
3 0x000000008000012e (0xc42e) mem 0x000000008000201c 0x0000000000000000
core   0: 0x0000000080000130 (0x00004605) c.li    a2, 1
3 0x0000000080000130 (0x4605) x12 0x0000000000000001
core   0: 0x0000000080000132 (0x00008a7d) c.andi  a2, 31
3 0x0000000080000132 (0x8a7d) x12 0x0000000000000001
core   0: 0x0000000080000134 (0x0000c632) c.swsp  a2, 12(sp)
3 0x0000000080000134 (0xc632) mem 0x0000000080002020 0x0000000000000001
core   0: 0x0000000080000136 (0x00004685) c.li    a3, 1
3 0x0000000080000136 (0x4685) x13 0x0000000000000001
core   0: 0x0000000080000138 (0x00009a85) c.andi  a3, -31
3 0x0000000080000138 (0x9a85) x13 0x0000000000000001
core   0: 0x000000008000013a (0x0000c836) c.swsp  a3, 16(sp)
3 0x000000008000013a (0xc836) mem 0x0000000080002024 0x0000000000000000
core   0: 0x000000008000013c (0x00002117) auipc   sp, 0x2
3 0x000000008000013c (0x00002117) x 2 0x000000008000213c
core   0: 0x0000000080000140 (0xeec10113) addi    sp, sp, -276
3 0x0000000080000140 (0xeec10113) x 2 0x0000000080002028
core   0: 0x0000000080000144 (0x0000577d) c.li    a4, -1
3 0x0000000080000144 (0x577d) x14 0xffffffffffffffff
core   0: 0x0000000080000146 (0x00008b01) c.andi  a4, 0
3 0x0000000080000146 (0x8b01) x14 0x0000000000000000
core   0: 0x0000000080000148 (0x0000c03a) c.swsp  a4, 0(sp)
3 0x0000000080000148 (0xc03a) mem 0x0000000080002028 0x0000000000000000
core   0: 0x000000008000014a (0x000057fd) c.li    a5, -1
3 0x000000008000014a (0x57fd) x15 0xffffffffffffffff
core   0: 0x000000008000014c (0x00008b85) c.andi  a5, 1
3 0x000000008000014c (0x8b85) x15 0x0000000000000001
core   0: 0x000000008000014e (0x0000c23e) c.swsp  a5, 4(sp)
3 0x000000008000014e (0xc23e) mem 0x000000008000202c 0x0000000000000000
core   0: 0x0000000080000150 (0x0000547d) c.li    s0, -1
3 0x0000000080000150 (0x547d) x 8 0xffffffffffffffff
core   0: 0x0000000080000152 (0x00008841) c.andi  s0, 16
3 0x0000000080000152 (0x8841) x 8 0x0000000000000010
core   0: 0x0000000080000154 (0x0000c422) c.swsp  s0, 8(sp)
3 0x0000000080000154 (0xc422) mem 0x0000000080002030 0x0000000000000000
core   0: 0x0000000080000156 (0x000054fd) c.li    s1, -1
3 0x0000000080000156 (0x54fd) x 9 0xffffffffffffffff
core   0: 0x0000000080000158 (0x000088fd) c.andi  s1, 31
3 0x0000000080000158 (0x88fd) x 9 0x000000000000001f
core   0: 0x000000008000015a (0x0000c626) c.swsp  s1, 12(sp)
3 0x000000008000015a (0xc626) mem 0x0000000080002034 0x0000000000000000
core   0: 0x000000008000015c (0x000055fd) c.li    a1, -1
3 0x000000008000015c (0x55fd) x11 0xffffffffffffffff
core   0: 0x000000008000015e (0x00009985) c.andi  a1, -31
3 0x000000008000015e (0x9985) x11 0xffffffffffffffe1
core   0: 0x0000000080000160 (0x0000c82e) c.swsp  a1, 16(sp)
3 0x0000000080000160 (0xc82e) mem 0x0000000080002038 0x0000000000000010
core   0: 0x0000000080000162 (0x00002117) auipc   sp, 0x2
3 0x0000000080000162 (0x00002117) x 2 0x0000000080002162
core   0: 0x0000000080000166 (0xeda10113) addi    sp, sp, -294
3 0x0000000080000166 (0xeda10113) x 2 0x000000008000203c
core   0: 0x000000008000016a (0x00080637) lui     a2, 0x80
3 0x000000008000016a (0x00080637) x12 0x0000000000080000
core   0: 0x000000008000016e (0xfff6061b) addiw   a2, a2, -1
3 0x000000008000016e (0xfff6061b) x12 0x000000000007ffff
core   0: 0x0000000080000172 (0x00008a01) c.andi  a2, 0
3 0x0000000080000172 (0x8a01) x12 0x0000000000000000
core   0: 0x0000000080000174 (0x0000c032) c.swsp  a2, 0(sp)
3 0x0000000080000174 (0xc032) mem 0x000000008000203c 0x0000000000000000
core   0: 0x0000000080000176 (0x000806b7) lui     a3, 0x80
3 0x0000000080000176 (0x000806b7) x13 0x0000000000080000
core   0: 0x000000008000017a (0xfff6869b) addiw   a3, a3, -1
3 0x000000008000017a (0xfff6869b) x13 0x000000000007ffff
core   0: 0x000000008000017e (0x00008a85) c.andi  a3, 1
3 0x000000008000017e (0x8a85) x13 0x0000000000000001
core   0: 0x0000000080000180 (0x0000c236) c.swsp  a3, 4(sp)
3 0x0000000080000180 (0xc236) mem 0x0000000080002040 0x0000000000000000
core   0: 0x0000000080000182 (0x00080737) lui     a4, 0x80
3 0x0000000080000182 (0x00080737) x14 0x0000000000080000
core   0: 0x0000000080000186 (0xfff7071b) addiw   a4, a4, -1
3 0x0000000080000186 (0xfff7071b) x14 0x000000000007ffff
core   0: 0x000000008000018a (0x00008b41) c.andi  a4, 16
3 0x000000008000018a (0x8b41) x14 0x0000000000000010
core   0: 0x000000008000018c (0x0000c43a) c.swsp  a4, 8(sp)
3 0x000000008000018c (0xc43a) mem 0x0000000080002044 0x0000000000000001
core   0: 0x000000008000018e (0x000807b7) lui     a5, 0x80
3 0x000000008000018e (0x000807b7) x15 0x0000000000080000
core   0: 0x0000000080000192 (0xfff7879b) addiw   a5, a5, -1
3 0x0000000080000192 (0xfff7879b) x15 0x000000000007ffff
core   0: 0x0000000080000196 (0x00008bfd) c.andi  a5, 31
3 0x0000000080000196 (0x8bfd) x15 0x000000000000001f
core   0: 0x0000000080000198 (0x0000c63e) c.swsp  a5, 12(sp)
3 0x0000000080000198 (0xc63e) mem 0x0000000080002048 0x0000001000000000
core   0: 0x000000008000019a (0x00080437) lui     s0, 0x80
3 0x000000008000019a (0x00080437) x 8 0x0000000000080000
core   0: 0x000000008000019e (0xfff4041b) addiw   s0, s0, -1
3 0x000000008000019e (0xfff4041b) x 8 0x000000000007ffff
core   0: 0x00000000800001a2 (0x00009805) c.andi  s0, -31
3 0x00000000800001a2 (0x9805) x 8 0x000000000007ffe1
core   0: 0x00000000800001a4 (0x0000c822) c.swsp  s0, 16(sp)
3 0x00000000800001a4 (0xc822) mem 0x000000008000204c 0x000000000000001f
core   0: 0x00000000800001a6 (0x00002117) auipc   sp, 0x2
3 0x00000000800001a6 (0x00002117) x 2 0x00000000800021a6
core   0: 0x00000000800001aa (0xeaa10113) addi    sp, sp, -342
3 0x00000000800001aa (0xeaa10113) x 2 0x0000000080002050
core   0: 0x00000000800001ae (0x000804b7) lui     s1, 0x80
3 0x00000000800001ae (0x000804b7) x 9 0x0000000000080000
core   0: 0x00000000800001b2 (0x00008881) c.andi  s1, 0
3 0x00000000800001b2 (0x8881) x 9 0x0000000000000000
core   0: 0x00000000800001b4 (0x0000c026) c.swsp  s1, 0(sp)
3 0x00000000800001b4 (0xc026) mem 0x0000000080002050 0x0000000000000000
core   0: 0x00000000800001b6 (0x000805b7) lui     a1, 0x80
3 0x00000000800001b6 (0x000805b7) x11 0x0000000000080000
core   0: 0x00000000800001ba (0x00008985) c.andi  a1, 1
3 0x00000000800001ba (0x8985) x11 0x0000000000000000
core   0: 0x00000000800001bc (0x0000c22e) c.swsp  a1, 4(sp)
3 0x00000000800001bc (0xc22e) mem 0x0000000080002054 0x0000000000000000
core   0: 0x00000000800001be (0x00080637) lui     a2, 0x80
3 0x00000000800001be (0x00080637) x12 0x0000000000080000
core   0: 0x00000000800001c2 (0x00008a41) c.andi  a2, 16
3 0x00000000800001c2 (0x8a41) x12 0x0000000000000000
core   0: 0x00000000800001c4 (0x0000c432) c.swsp  a2, 8(sp)
3 0x00000000800001c4 (0xc432) mem 0x0000000080002058 0x0000000000000000
core   0: 0x00000000800001c6 (0x000806b7) lui     a3, 0x80
3 0x00000000800001c6 (0x000806b7) x13 0x0000000000080000
core   0: 0x00000000800001ca (0x00008afd) c.andi  a3, 31
3 0x00000000800001ca (0x8afd) x13 0x0000000000000000
core   0: 0x00000000800001cc (0x0000c636) c.swsp  a3, 12(sp)
3 0x00000000800001cc (0xc636) mem 0x000000008000205c 0x0000000000000000
core   0: 0x00000000800001ce (0x00080737) lui     a4, 0x80
3 0x00000000800001ce (0x00080737) x14 0x0000000000080000
core   0: 0x00000000800001d2 (0x00009b05) c.andi  a4, -31
3 0x00000000800001d2 (0x9b05) x14 0x0000000000080000
core   0: 0x00000000800001d4 (0x0000c83a) c.swsp  a4, 16(sp)
3 0x00000000800001d4 (0xc83a) mem 0x0000000080002060 0x0000000000000000
core   0: 0x00000000800001d6 (0x0ff0000f) fence   iorw,iorw
3 0x00000000800001d6 (0x0ff0000f)
core   0: 0x00000000800001da (0x00004185) c.li    gp, 1
3 0x00000000800001da (0x4185) x 3 0x0000000000000001
core   0: 0x00000000800001dc (0x00000073) ecall
3 0x00000000800001dc (0x00000073)
