core   0: 0x0000000000010000 (0x00100413) li      s0, 1
3 0x0000000000010000 (0x00100413) x 8 0x0000000000000001
core   0: 0x0000000000010004 (0x01f41413) slli    s0, s0, 31
3 0x0000000000010004 (0x01f41413) x 8 0x0000000080000000
core   0: 0x0000000000010008 (0xf1402573) csrr    a0, mhartid
3 0x0000000000010008 (0xf1402573) x10 0x0000000000000000
core   0: 0x000000000001000c (0x00000597) auipc   a1, 0x0
3 0x000000000001000c (0x00000597) x11 0x000000000001000c
core   0: 0x0000000000010010 (0x07458593) addi    a1, a1, 116
3 0x0000000000010010 (0x07458593) x11 0x0000000000010080
core   0: 0x0000000000010014 (0x00040067) jr      s0
3 0x0000000000010014 (0x00040067)
core   0: 0x0000000080000000 (0x0000a081) c.j     pc + 64
3 0x0000000080000000 (0xa081)
core   0: 0x0000000080000040 (0xf1402573) csrr    a0, mhartid
3 0x0000000080000040 (0xf1402573) x10 0x0000000000000000
core   0: 0x0000000080000044 (0x0000e101) c.bnez  a0, pc + 0
3 0x0000000080000044 (0xe101)
core   0: 0x0000000080000046 (0x00000297) auipc   t0, 0x0
3 0x0000000080000046 (0x00000297) x 5 0x0000000080000046
core   0: 0x000000008000004a (0x01228293) addi    t0, t0, 18
3 0x000000008000004a (0x01228293) x 5 0x0000000080000058
core   0: 0x000000008000004e (0x30529073) csrw    mtvec, t0
3 0x000000008000004e (0x30529073)
core   0: 0x0000000080000052 (0x18005073) csrwi   satp, 0
3 0x0000000080000052 (0x18005073)
core   0: 0x0000000080000056 (0x00000001) c.nop
3 0x0000000080000056 (0x0001)
core   0: 0x0000000080000058 (0x00000297) auipc   t0, 0x0
3 0x0000000080000058 (0x00000297) x 5 0x0000000080000058
core   0: 0x000000008000005c (0x01828293) addi    t0, t0, 24
3 0x000000008000005c (0x01828293) x 5 0x0000000080000070
core   0: 0x0000000080000060 (0x30529073) csrw    mtvec, t0
3 0x0000000080000060 (0x30529073)
core   0: 0x0000000080000064 (0x000052fd) c.li    t0, -1
3 0x0000000080000064 (0x52fd) x 5 0xffffffffffffffff
core   0: 0x0000000080000066 (0x3b029073) csrw    pmpaddr0, t0
3 0x0000000080000066 (0x3b029073)
core   0: 0x000000008000006a (0x000042fd) c.li    t0, 31
3 0x000000008000006a (0x42fd) x 5 0x000000000000001f
core   0: 0x000000008000006c (0x3a029073) csrw    pmpcfg0, t0
3 0x000000008000006c (0x3a029073)
core   0: 0x0000000080000070 (0x00000297) auipc   t0, 0x0
3 0x0000000080000070 (0x00000297) x 5 0x0000000080000070
core   0: 0x0000000080000074 (0x01828293) addi    t0, t0, 24
3 0x0000000080000074 (0x01828293) x 5 0x0000000080000088
core   0: 0x0000000080000078 (0x30529073) csrw    mtvec, t0
3 0x0000000080000078 (0x30529073)
core   0: 0x000000008000007c (0x30205073) csrwi   medeleg, 0
3 0x000000008000007c (0x30205073)
core   0: 0x0000000080000080 (0x30305073) csrwi   mideleg, 0
3 0x0000000080000080 (0x30305073)
core   0: 0x0000000080000084 (0x30405073) csrwi   mie, 0
3 0x0000000080000084 (0x30405073)
core   0: 0x0000000080000088 (0x00004181) c.li    gp, 0
3 0x0000000080000088 (0x4181) x 3 0x0000000000000000
core   0: 0x000000008000008a (0x00000297) auipc   t0, 0x0
3 0x000000008000008a (0x00000297) x 5 0x000000008000008a
core   0: 0x000000008000008e (0xf7a28293) addi    t0, t0, -134
3 0x000000008000008e (0xf7a28293) x 5 0x0000000080000004
core   0: 0x0000000080000092 (0x30529073) csrw    mtvec, t0
3 0x0000000080000092 (0x30529073)
core   0: 0x0000000080000096 (0x00004505) c.li    a0, 1
3 0x0000000080000096 (0x4505) x10 0x0000000000000001
core   0: 0x0000000080000098 (0x0000057e) c.slli  a0, 31
3 0x0000000080000098 (0x057e) x10 0x0000000080000000
core   0: 0x000000008000009a (0x00055763) bgez    a0, pc + 14
3 0x000000008000009a (0x00055763)
core   0: 0x00000000800000a8 (0x80000297) auipc   t0, 0x80000
3 0x00000000800000a8 (0x80000297) x 5 0x00000000000000a8
core   0: 0x00000000800000ac (0xf5828293) addi    t0, t0, -168
3 0x00000000800000ac (0xf5828293) x 5 0x0000000000000000
core   0: 0x00000000800000b0 (0x00028e63) beqz    t0, pc + 28
3 0x00000000800000b0 (0x00028e63)
core   0: 0x00000000800000cc (0x30005073) csrwi   mstatus, 0
3 0x00000000800000cc (0x30005073)
core   0: 0x00000000800000d0 (0x00002537) lui     a0, 0x2
3 0x00000000800000d0 (0x00002537) x10 0x0000000000002000
core   0: 0x00000000800000d4 (0x8005051b) addiw   a0, a0, -2048
3 0x00000000800000d4 (0x8005051b) x10 0x0000000000001800
core   0: 0x00000000800000d8 (0x30052073) csrs    mstatus, a0
3 0x00000000800000d8 (0x30052073)
core   0: 0x00000000800000dc (0x00000297) auipc   t0, 0x0
3 0x00000000800000dc (0x00000297) x 5 0x00000000800000dc
core   0: 0x00000000800000e0 (0x01428293) addi    t0, t0, 20
3 0x00000000800000e0 (0x01428293) x 5 0x00000000800000f0
core   0: 0x00000000800000e4 (0x34129073) csrw    mepc, t0
3 0x00000000800000e4 (0x34129073)
core   0: 0x00000000800000e8 (0xf1402573) csrr    a0, mhartid
3 0x00000000800000e8 (0xf1402573) x10 0x0000000000000000
core   0: 0x00000000800000ec (0x30200073) mret
3 0x00000000800000ec (0x30200073)
core   0: 0x00000000800000f0 (0x00002117) auipc   sp, 0x2
3 0x00000000800000f0 (0x00002117) x 2 0x00000000800020f0
core   0: 0x00000000800000f4 (0xf1010113) addi    sp, sp, -240
3 0x00000000800000f4 (0xf1010113) x 2 0x0000000080002000
core   0: 0x00000000800000f8 (0x00004501) c.li    a0, 0
3 0x00000000800000f8 (0x4501) x10 0x0000000000000000
core   0: 0x00000000800000fa (0x00000197) auipc   gp, 0x0
3 0x00000000800000fa (0x00000197) x 3 0x00000000800000fa
core   0: 0x00000000800000fe (0x01218193) addi    gp, gp, 18
3 0x00000000800000fe (0x01218193) x 3 0x000000008000010c
core   0: 0x0000000080000102 (0x00008182) c.jr    gp
3 0x0000000080000102 (0x8182)
core   0: 0x000000008000010c (0x0000c02a) c.swsp  a0, 0(sp)
3 0x000000008000010c (0xc02a) mem 0x0000000080002000 0x0000000000000000
core   0: 0x000000008000010e (0x00002117) auipc   sp, 0x2
3 0x000000008000010e (0x00002117) x 2 0x000000008000210e
core   0: 0x0000000080000112 (0xef610113) addi    sp, sp, -266
3 0x0000000080000112 (0xef610113) x 2 0x0000000080002004
core   0: 0x0000000080000116 (0x00004505) c.li    a0, 1
3 0x0000000080000116 (0x4505) x10 0x0000000000000001
core   0: 0x0000000080000118 (0x00000217) auipc   tp, 0x0
3 0x0000000080000118 (0x00000217) x 4 0x0000000080000118
core   0: 0x000000008000011c (0x01220213) addi    tp, tp, 18
3 0x000000008000011c (0x01220213) x 4 0x000000008000012a
core   0: 0x0000000080000120 (0x00008202) c.jr    tp
3 0x0000000080000120 (0x8202)
core   0: 0x000000008000012a (0x0000c02a) c.swsp  a0, 0(sp)
3 0x000000008000012a (0xc02a) mem 0x0000000080002004 0x0000000000000000
core   0: 0x000000008000012c (0x00002117) auipc   sp, 0x2
3 0x000000008000012c (0x00002117) x 2 0x000000008000212c
core   0: 0x0000000080000130 (0xedc10113) addi    sp, sp, -292
3 0x0000000080000130 (0xedc10113) x 2 0x0000000080002008
core   0: 0x0000000080000134 (0x0000557d) c.li    a0, -1
3 0x0000000080000134 (0x557d) x10 0xffffffffffffffff
core   0: 0x0000000080000136 (0x00000417) auipc   s0, 0x0
3 0x0000000080000136 (0x00000417) x 8 0x0000000080000136
core   0: 0x000000008000013a (0x01240413) addi    s0, s0, 18
3 0x000000008000013a (0x01240413) x 8 0x0000000080000148
core   0: 0x000000008000013e (0x00008402) c.jr    s0
3 0x000000008000013e (0x8402)
core   0: 0x0000000080000148 (0x0000c02a) c.swsp  a0, 0(sp)
3 0x0000000080000148 (0xc02a) mem 0x0000000080002008 0x0000000000000000
core   0: 0x000000008000014a (0x00002117) auipc   sp, 0x2
3 0x000000008000014a (0x00002117) x 2 0x000000008000214a
core   0: 0x000000008000014e (0xec210113) addi    sp, sp, -318
3 0x000000008000014e (0xec210113) x 2 0x000000008000200c
core   0: 0x0000000080000152 (0x00008537) lui     a0, 0x8
3 0x0000000080000152 (0x00008537) x10 0x0000000000008000
core   0: 0x0000000080000156 (0xfff5051b) addiw   a0, a0, -1
3 0x0000000080000156 (0xfff5051b) x10 0x0000000000007fff
core   0: 0x000000008000015a (0x00000497) auipc   s1, 0x0
3 0x000000008000015a (0x00000497) x 9 0x000000008000015a
core   0: 0x000000008000015e (0x01248493) addi    s1, s1, 18
3 0x000000008000015e (0x01248493) x 9 0x000000008000016c
core   0: 0x0000000080000162 (0x00008482) c.jr    s1
3 0x0000000080000162 (0x8482)
core   0: 0x000000008000016c (0x0000c02a) c.swsp  a0, 0(sp)
3 0x000000008000016c (0xc02a) mem 0x000000008000200c 0x0000000000000000
core   0: 0x000000008000016e (0x00002117) auipc   sp, 0x2
3 0x000000008000016e (0x00002117) x 2 0x000000008000216e
core   0: 0x0000000080000172 (0xea210113) addi    sp, sp, -350
3 0x0000000080000172 (0xea210113) x 2 0x0000000080002010
core   0: 0x0000000080000176 (0x00006521) c.lui   a0, 0x8
3 0x0000000080000176 (0x6521) x10 0x0000000000008000
core   0: 0x0000000080000178 (0x00000597) auipc   a1, 0x0
3 0x0000000080000178 (0x00000597) x11 0x0000000080000178
core   0: 0x000000008000017c (0x01258593) addi    a1, a1, 18
3 0x000000008000017c (0x01258593) x11 0x000000008000018a
core   0: 0x0000000080000180 (0x00008582) c.jr    a1
3 0x0000000080000180 (0x8582)
core   0: 0x000000008000018a (0x0000c02a) c.swsp  a0, 0(sp)
3 0x000000008000018a (0xc02a) mem 0x0000000080002010 0x0000000000000000
core   0: 0x000000008000018c (0x0ff0000f) fence   iorw,iorw
3 0x000000008000018c (0x0ff0000f)
core   0: 0x0000000080000190 (0x00004185) c.li    gp, 1
3 0x0000000080000190 (0x4185) x 3 0x0000000000000001
core   0: 0x0000000080000192 (0x00000073) ecall
3 0x0000000080000192 (0x00000073)
