core   0: 0x0000000000010000 (0x00100413) li      s0, 1
3 0x0000000000010000 (0x00100413) x 8 0x0000000000000001
core   0: 0x0000000000010004 (0x01f41413) slli    s0, s0, 31
3 0x0000000000010004 (0x01f41413) x 8 0x0000000080000000
core   0: 0x0000000000010008 (0xf1402573) csrr    a0, mhartid
3 0x0000000000010008 (0xf1402573) x10 0x0000000000000000
core   0: 0x000000000001000c (0x00000597) auipc   a1, 0x0
3 0x000000000001000c (0x00000597) x11 0x000000000001000c
core   0: 0x0000000000010010 (0x07458593) addi    a1, a1, 116
3 0x0000000000010010 (0x07458593) x11 0x0000000000010080
core   0: 0x0000000000010014 (0x00040067) jr      s0
3 0x0000000000010014 (0x00040067)
core   0: 0x0000000080000000 (0x0000a081) c.j     pc + 64
3 0x0000000080000000 (0xa081)
core   0: 0x0000000080000040 (0xf1402573) csrr    a0, mhartid
3 0x0000000080000040 (0xf1402573) x10 0x0000000000000000
core   0: 0x0000000080000044 (0x0000e101) c.bnez  a0, pc + 0
3 0x0000000080000044 (0xe101)
core   0: 0x0000000080000046 (0x00000297) auipc   t0, 0x0
3 0x0000000080000046 (0x00000297) x 5 0x0000000080000046
core   0: 0x000000008000004a (0x01228293) addi    t0, t0, 18
3 0x000000008000004a (0x01228293) x 5 0x0000000080000058
core   0: 0x000000008000004e (0x30529073) csrw    mtvec, t0
3 0x000000008000004e (0x30529073)
core   0: 0x0000000080000052 (0x18005073) csrwi   satp, 0
3 0x0000000080000052 (0x18005073)
core   0: 0x0000000080000056 (0x00000001) c.nop
3 0x0000000080000056 (0x0001)
core   0: 0x0000000080000058 (0x00000297) auipc   t0, 0x0
3 0x0000000080000058 (0x00000297) x 5 0x0000000080000058
core   0: 0x000000008000005c (0x01828293) addi    t0, t0, 24
3 0x000000008000005c (0x01828293) x 5 0x0000000080000070
core   0: 0x0000000080000060 (0x30529073) csrw    mtvec, t0
3 0x0000000080000060 (0x30529073)
core   0: 0x0000000080000064 (0x000052fd) c.li    t0, -1
3 0x0000000080000064 (0x52fd) x 5 0xffffffffffffffff
core   0: 0x0000000080000066 (0x3b029073) csrw    pmpaddr0, t0
3 0x0000000080000066 (0x3b029073)
core   0: 0x000000008000006a (0x000042fd) c.li    t0, 31
3 0x000000008000006a (0x42fd) x 5 0x000000000000001f
core   0: 0x000000008000006c (0x3a029073) csrw    pmpcfg0, t0
3 0x000000008000006c (0x3a029073)
core   0: 0x0000000080000070 (0x00000297) auipc   t0, 0x0
3 0x0000000080000070 (0x00000297) x 5 0x0000000080000070
core   0: 0x0000000080000074 (0x01828293) addi    t0, t0, 24
3 0x0000000080000074 (0x01828293) x 5 0x0000000080000088
core   0: 0x0000000080000078 (0x30529073) csrw    mtvec, t0
3 0x0000000080000078 (0x30529073)
core   0: 0x000000008000007c (0x30205073) csrwi   medeleg, 0
3 0x000000008000007c (0x30205073)
core   0: 0x0000000080000080 (0x30305073) csrwi   mideleg, 0
3 0x0000000080000080 (0x30305073)
core   0: 0x0000000080000084 (0x30405073) csrwi   mie, 0
3 0x0000000080000084 (0x30405073)
core   0: 0x0000000080000088 (0x00004181) c.li    gp, 0
3 0x0000000080000088 (0x4181) x 3 0x0000000000000000
core   0: 0x000000008000008a (0x00000297) auipc   t0, 0x0
3 0x000000008000008a (0x00000297) x 5 0x000000008000008a
core   0: 0x000000008000008e (0xf7a28293) addi    t0, t0, -134
3 0x000000008000008e (0xf7a28293) x 5 0x0000000080000004
core   0: 0x0000000080000092 (0x30529073) csrw    mtvec, t0
3 0x0000000080000092 (0x30529073)
core   0: 0x0000000080000096 (0x00004505) c.li    a0, 1
3 0x0000000080000096 (0x4505) x10 0x0000000000000001
core   0: 0x0000000080000098 (0x0000057e) c.slli  a0, 31
3 0x0000000080000098 (0x057e) x10 0x0000000080000000
core   0: 0x000000008000009a (0x00055763) bgez    a0, pc + 14
3 0x000000008000009a (0x00055763)
core   0: 0x00000000800000a8 (0x80000297) auipc   t0, 0x80000
3 0x00000000800000a8 (0x80000297) x 5 0x00000000000000a8
core   0: 0x00000000800000ac (0xf5828293) addi    t0, t0, -168
3 0x00000000800000ac (0xf5828293) x 5 0x0000000000000000
core   0: 0x00000000800000b0 (0x00028e63) beqz    t0, pc + 28
3 0x00000000800000b0 (0x00028e63)
core   0: 0x00000000800000cc (0x30005073) csrwi   mstatus, 0
3 0x00000000800000cc (0x30005073)
core   0: 0x00000000800000d0 (0x00002537) lui     a0, 0x2
3 0x00000000800000d0 (0x00002537) x10 0x0000000000002000
core   0: 0x00000000800000d4 (0x8005051b) addiw   a0, a0, -2048
3 0x00000000800000d4 (0x8005051b) x10 0x0000000000001800
core   0: 0x00000000800000d8 (0x30052073) csrs    mstatus, a0
3 0x00000000800000d8 (0x30052073)
core   0: 0x00000000800000dc (0x00000297) auipc   t0, 0x0
3 0x00000000800000dc (0x00000297) x 5 0x00000000800000dc
core   0: 0x00000000800000e0 (0x01428293) addi    t0, t0, 20
3 0x00000000800000e0 (0x01428293) x 5 0x00000000800000f0
core   0: 0x00000000800000e4 (0x34129073) csrw    mepc, t0
3 0x00000000800000e4 (0x34129073)
core   0: 0x00000000800000e8 (0xf1402573) csrr    a0, mhartid
3 0x00000000800000e8 (0xf1402573) x10 0x0000000000000000
core   0: 0x00000000800000ec (0x30200073) mret
3 0x00000000800000ec (0x30200073)
core   0: 0x00000000800000f0 (0x00002117) auipc   sp, 0x2
3 0x00000000800000f0 (0x00002117) x 2 0x00000000800020f0
core   0: 0x00000000800000f4 (0xf1010113) addi    sp, sp, -240
3 0x00000000800000f4 (0xf1010113) x 2 0x0000000080002000
core   0: 0x00000000800000f8 (0x00004581) c.li    a1, 0
3 0x00000000800000f8 (0x4581) x11 0x0000000000000000
core   0: 0x00000000800000fa (0x00004481) c.li    s1, 0
3 0x00000000800000fa (0x4481) x 9 0x0000000000000000
core   0: 0x00000000800000fc (0x00008c8d) c.sub   s1, a1
3 0x00000000800000fc (0x8c8d) x 9 0x0000000000000000
core   0: 0x00000000800000fe (0x0000c026) c.swsp  s1, 0(sp)
3 0x00000000800000fe (0xc026) mem 0x0000000080002000 0x0000000000000000
core   0: 0x0000000080000100 (0x00004681) c.li    a3, 0
3 0x0000000080000100 (0x4681) x13 0x0000000000000000
core   0: 0x0000000080000102 (0x00004605) c.li    a2, 1
3 0x0000000080000102 (0x4605) x12 0x0000000000000001
core   0: 0x0000000080000104 (0x00008e15) c.sub   a2, a3
3 0x0000000080000104 (0x8e15) x12 0x0000000000000001
core   0: 0x0000000080000106 (0x0000c232) c.swsp  a2, 4(sp)
3 0x0000000080000106 (0xc232) mem 0x0000000080002004 0x0000000000000000
core   0: 0x0000000080000108 (0x00004781) c.li    a5, 0
3 0x0000000080000108 (0x4781) x15 0x0000000000000000
core   0: 0x000000008000010a (0x0000577d) c.li    a4, -1
3 0x000000008000010a (0x577d) x14 0xffffffffffffffff
core   0: 0x000000008000010c (0x00008f1d) c.sub   a4, a5
3 0x000000008000010c (0x8f1d) x14 0xffffffffffffffff
core   0: 0x000000008000010e (0x0000c43a) c.swsp  a4, 8(sp)
3 0x000000008000010e (0xc43a) mem 0x0000000080002008 0x0000000000000000
core   0: 0x0000000080000110 (0x00004481) c.li    s1, 0
3 0x0000000080000110 (0x4481) x 9 0x0000000000000000
core   0: 0x0000000080000112 (0x00008437) lui     s0, 0x8
3 0x0000000080000112 (0x00008437) x 8 0x0000000000008000
core   0: 0x0000000080000116 (0xfff4041b) addiw   s0, s0, -1
3 0x0000000080000116 (0xfff4041b) x 8 0x0000000000007fff
core   0: 0x000000008000011a (0x00008c05) c.sub   s0, s1
3 0x000000008000011a (0x8c05) x 8 0x0000000000007fff
core   0: 0x000000008000011c (0x0000c622) c.swsp  s0, 12(sp)
3 0x000000008000011c (0xc622) mem 0x000000008000200c 0x00000000ffffffff
core   0: 0x000000008000011e (0x00004601) c.li    a2, 0
3 0x000000008000011e (0x4601) x12 0x0000000000000000
core   0: 0x0000000080000120 (0x000065a1) c.lui   a1, 0x8
3 0x0000000080000120 (0x65a1) x11 0x0000000000008000
core   0: 0x0000000080000122 (0x00008d91) c.sub   a1, a2
3 0x0000000080000122 (0x8d91) x11 0x0000000000008000
core   0: 0x0000000080000124 (0x0000c82e) c.swsp  a1, 16(sp)
3 0x0000000080000124 (0xc82e) mem 0x0000000080002010 0x0000000000000000
core   0: 0x0000000080000126 (0x00002117) auipc   sp, 0x2
3 0x0000000080000126 (0x00002117) x 2 0x0000000080002126
core   0: 0x000000008000012a (0xeee10113) addi    sp, sp, -274
3 0x000000008000012a (0xeee10113) x 2 0x0000000080002014
core   0: 0x000000008000012e (0x00004705) c.li    a4, 1
3 0x000000008000012e (0x4705) x14 0x0000000000000001
core   0: 0x0000000080000130 (0x00004681) c.li    a3, 0
3 0x0000000080000130 (0x4681) x13 0x0000000000000000
core   0: 0x0000000080000132 (0x00008e99) c.sub   a3, a4
3 0x0000000080000132 (0x8e99) x13 0xffffffffffffffff
core   0: 0x0000000080000134 (0x0000c036) c.swsp  a3, 0(sp)
3 0x0000000080000134 (0xc036) mem 0x0000000080002014 0x0000000000000000
core   0: 0x0000000080000136 (0x00004405) c.li    s0, 1
3 0x0000000080000136 (0x4405) x 8 0x0000000000000001
core   0: 0x0000000080000138 (0x00004785) c.li    a5, 1
3 0x0000000080000138 (0x4785) x15 0x0000000000000001
core   0: 0x000000008000013a (0x00008f81) c.sub   a5, s0
3 0x000000008000013a (0x8f81) x15 0x0000000000000000
core   0: 0x000000008000013c (0x0000c23e) c.swsp  a5, 4(sp)
3 0x000000008000013c (0xc23e) mem 0x0000000080002018 0x0000000000000000
core   0: 0x000000008000013e (0x00004585) c.li    a1, 1
3 0x000000008000013e (0x4585) x11 0x0000000000000001
core   0: 0x0000000080000140 (0x000054fd) c.li    s1, -1
3 0x0000000080000140 (0x54fd) x 9 0xffffffffffffffff
core   0: 0x0000000080000142 (0x00008c8d) c.sub   s1, a1
3 0x0000000080000142 (0x8c8d) x 9 0xfffffffffffffffe
core   0: 0x0000000080000144 (0x0000c426) c.swsp  s1, 8(sp)
3 0x0000000080000144 (0xc426) mem 0x000000008000201c 0x0000000000000000
core   0: 0x0000000080000146 (0x00004685) c.li    a3, 1
3 0x0000000080000146 (0x4685) x13 0x0000000000000001
core   0: 0x0000000080000148 (0x00008637) lui     a2, 0x8
3 0x0000000080000148 (0x00008637) x12 0x0000000000008000
core   0: 0x000000008000014c (0xfff6061b) addiw   a2, a2, -1
3 0x000000008000014c (0xfff6061b) x12 0x0000000000007fff
core   0: 0x0000000080000150 (0x00008e15) c.sub   a2, a3
3 0x0000000080000150 (0x8e15) x12 0x0000000000007ffe
core   0: 0x0000000080000152 (0x0000c632) c.swsp  a2, 12(sp)
3 0x0000000080000152 (0xc632) mem 0x0000000080002020 0x0000000000000000
core   0: 0x0000000080000154 (0x00004785) c.li    a5, 1
3 0x0000000080000154 (0x4785) x15 0x0000000000000001
core   0: 0x0000000080000156 (0x00006721) c.lui   a4, 0x8
3 0x0000000080000156 (0x6721) x14 0x0000000000008000
core   0: 0x0000000080000158 (0x00008f1d) c.sub   a4, a5
3 0x0000000080000158 (0x8f1d) x14 0x0000000000007fff
core   0: 0x000000008000015a (0x0000c83a) c.swsp  a4, 16(sp)
3 0x000000008000015a (0xc83a) mem 0x0000000080002024 0x0000000000000000
core   0: 0x000000008000015c (0x00002117) auipc   sp, 0x2
3 0x000000008000015c (0x00002117) x 2 0x000000008000215c
core   0: 0x0000000080000160 (0xecc10113) addi    sp, sp, -308
3 0x0000000080000160 (0xecc10113) x 2 0x0000000080002028
core   0: 0x0000000080000164 (0x000054fd) c.li    s1, -1
3 0x0000000080000164 (0x54fd) x 9 0xffffffffffffffff
core   0: 0x0000000080000166 (0x00004401) c.li    s0, 0
3 0x0000000080000166 (0x4401) x 8 0x0000000000000000
core   0: 0x0000000080000168 (0x00008c05) c.sub   s0, s1
3 0x0000000080000168 (0x8c05) x 8 0x0000000000000001
core   0: 0x000000008000016a (0x0000c022) c.swsp  s0, 0(sp)
3 0x000000008000016a (0xc022) mem 0x0000000080002028 0x0000000000000000
core   0: 0x000000008000016c (0x0000567d) c.li    a2, -1
3 0x000000008000016c (0x567d) x12 0xffffffffffffffff
core   0: 0x000000008000016e (0x00004585) c.li    a1, 1
3 0x000000008000016e (0x4585) x11 0x0000000000000001
core   0: 0x0000000080000170 (0x00008d91) c.sub   a1, a2
3 0x0000000080000170 (0x8d91) x11 0x0000000000000002
core   0: 0x0000000080000172 (0x0000c22e) c.swsp  a1, 4(sp)
3 0x0000000080000172 (0xc22e) mem 0x000000008000202c 0x0000000000000000
core   0: 0x0000000080000174 (0x0000577d) c.li    a4, -1
3 0x0000000080000174 (0x577d) x14 0xffffffffffffffff
core   0: 0x0000000080000176 (0x000056fd) c.li    a3, -1
3 0x0000000080000176 (0x56fd) x13 0xffffffffffffffff
core   0: 0x0000000080000178 (0x00008e99) c.sub   a3, a4
3 0x0000000080000178 (0x8e99) x13 0x0000000000000000
core   0: 0x000000008000017a (0x0000c436) c.swsp  a3, 8(sp)
3 0x000000008000017a (0xc436) mem 0x0000000080002030 0x0000000000000000
core   0: 0x000000008000017c (0x0000547d) c.li    s0, -1
3 0x000000008000017c (0x547d) x 8 0xffffffffffffffff
core   0: 0x000000008000017e (0x000087b7) lui     a5, 0x8
3 0x000000008000017e (0x000087b7) x15 0x0000000000008000
core   0: 0x0000000080000182 (0xfff7879b) addiw   a5, a5, -1
3 0x0000000080000182 (0xfff7879b) x15 0x0000000000007fff
core   0: 0x0000000080000186 (0x00008f81) c.sub   a5, s0
3 0x0000000080000186 (0x8f81) x15 0x0000000000008000
core   0: 0x0000000080000188 (0x0000c63e) c.swsp  a5, 12(sp)
3 0x0000000080000188 (0xc63e) mem 0x0000000080002034 0x0000000000000000
core   0: 0x000000008000018a (0x000055fd) c.li    a1, -1
3 0x000000008000018a (0x55fd) x11 0xffffffffffffffff
core   0: 0x000000008000018c (0x000064a1) c.lui   s1, 0x8
3 0x000000008000018c (0x64a1) x 9 0x0000000000008000
core   0: 0x000000008000018e (0x00008c8d) c.sub   s1, a1
3 0x000000008000018e (0x8c8d) x 9 0x0000000000008001
core   0: 0x0000000080000190 (0x0000c826) c.swsp  s1, 16(sp)
3 0x0000000080000190 (0xc826) mem 0x0000000080002038 0x0000800000000000
core   0: 0x0000000080000192 (0x00002117) auipc   sp, 0x2
3 0x0000000080000192 (0x00002117) x 2 0x0000000080002192
core   0: 0x0000000080000196 (0xeaa10113) addi    sp, sp, -342
3 0x0000000080000196 (0xeaa10113) x 2 0x000000008000203c
core   0: 0x000000008000019a (0x000086b7) lui     a3, 0x8
3 0x000000008000019a (0x000086b7) x13 0x0000000000008000
core   0: 0x000000008000019e (0xfff6869b) addiw   a3, a3, -1
3 0x000000008000019e (0xfff6869b) x13 0x0000000000007fff
core   0: 0x00000000800001a2 (0x00004601) c.li    a2, 0
3 0x00000000800001a2 (0x4601) x12 0x0000000000000000
core   0: 0x00000000800001a4 (0x00008e15) c.sub   a2, a3
3 0x00000000800001a4 (0x8e15) x12 0xffffffffffff8001
core   0: 0x00000000800001a6 (0x0000c032) c.swsp  a2, 0(sp)
3 0x00000000800001a6 (0xc032) mem 0x000000008000203c 0x0000000000000000
core   0: 0x00000000800001a8 (0x000087b7) lui     a5, 0x8
3 0x00000000800001a8 (0x000087b7) x15 0x0000000000008000
core   0: 0x00000000800001ac (0xfff7879b) addiw   a5, a5, -1
3 0x00000000800001ac (0xfff7879b) x15 0x0000000000007fff
core   0: 0x00000000800001b0 (0x00004705) c.li    a4, 1
3 0x00000000800001b0 (0x4705) x14 0x0000000000000001
core   0: 0x00000000800001b2 (0x00008f1d) c.sub   a4, a5
3 0x00000000800001b2 (0x8f1d) x14 0xffffffffffff8002
core   0: 0x00000000800001b4 (0x0000c23a) c.swsp  a4, 4(sp)
3 0x00000000800001b4 (0xc23a) mem 0x0000000080002040 0xffff800100000000
core   0: 0x00000000800001b6 (0x000084b7) lui     s1, 0x8
3 0x00000000800001b6 (0x000084b7) x 9 0x0000000000008000
core   0: 0x00000000800001ba (0xfff4849b) addiw   s1, s1, -1
3 0x00000000800001ba (0xfff4849b) x 9 0x0000000000007fff
core   0: 0x00000000800001be (0x0000547d) c.li    s0, -1
3 0x00000000800001be (0x547d) x 8 0xffffffffffffffff
core   0: 0x00000000800001c0 (0x00008c05) c.sub   s0, s1
3 0x00000000800001c0 (0x8c05) x 8 0xffffffffffff8000
core   0: 0x00000000800001c2 (0x0000c422) c.swsp  s0, 8(sp)
3 0x00000000800001c2 (0xc422) mem 0x0000000080002044 0x00000000ffff8002
core   0: 0x00000000800001c4 (0x00008637) lui     a2, 0x8
3 0x00000000800001c4 (0x00008637) x12 0x0000000000008000
core   0: 0x00000000800001c8 (0xfff6061b) addiw   a2, a2, -1
3 0x00000000800001c8 (0xfff6061b) x12 0x0000000000007fff
core   0: 0x00000000800001cc (0x000085b7) lui     a1, 0x8
3 0x00000000800001cc (0x000085b7) x11 0x0000000000008000
core   0: 0x00000000800001d0 (0xfff5859b) addiw   a1, a1, -1
3 0x00000000800001d0 (0xfff5859b) x11 0x0000000000007fff
core   0: 0x00000000800001d4 (0x00008d91) c.sub   a1, a2
3 0x00000000800001d4 (0x8d91) x11 0x0000000000000000
core   0: 0x00000000800001d6 (0x0000c62e) c.swsp  a1, 12(sp)
3 0x00000000800001d6 (0xc62e) mem 0x0000000080002048 0x0000000000000000
core   0: 0x00000000800001d8 (0x00008737) lui     a4, 0x8
3 0x00000000800001d8 (0x00008737) x14 0x0000000000008000
core   0: 0x00000000800001dc (0xfff7071b) addiw   a4, a4, -1
3 0x00000000800001dc (0xfff7071b) x14 0x0000000000007fff
core   0: 0x00000000800001e0 (0x000066a1) c.lui   a3, 0x8
3 0x00000000800001e0 (0x66a1) x13 0x0000000000008000
core   0: 0x00000000800001e2 (0x00008e99) c.sub   a3, a4
3 0x00000000800001e2 (0x8e99) x13 0x0000000000000001
core   0: 0x00000000800001e4 (0x0000c836) c.swsp  a3, 16(sp)
3 0x00000000800001e4 (0xc836) mem 0x000000008000204c 0x0000000000000000
core   0: 0x00000000800001e6 (0x00002117) auipc   sp, 0x2
3 0x00000000800001e6 (0x00002117) x 2 0x00000000800021e6
core   0: 0x00000000800001ea (0xe6a10113) addi    sp, sp, -406
3 0x00000000800001ea (0xe6a10113) x 2 0x0000000080002050
core   0: 0x00000000800001ee (0x00006421) c.lui   s0, 0x8
3 0x00000000800001ee (0x6421) x 8 0x0000000000008000
core   0: 0x00000000800001f0 (0x00004781) c.li    a5, 0
3 0x00000000800001f0 (0x4781) x15 0x0000000000000000
core   0: 0x00000000800001f2 (0x00008f81) c.sub   a5, s0
3 0x00000000800001f2 (0x8f81) x15 0xffffffffffff8000
core   0: 0x00000000800001f4 (0x0000c03e) c.swsp  a5, 0(sp)
3 0x00000000800001f4 (0xc03e) mem 0x0000000080002050 0x0000000000000000
core   0: 0x00000000800001f6 (0x000065a1) c.lui   a1, 0x8
3 0x00000000800001f6 (0x65a1) x11 0x0000000000008000
core   0: 0x00000000800001f8 (0x00004485) c.li    s1, 1
3 0x00000000800001f8 (0x4485) x 9 0x0000000000000001
core   0: 0x00000000800001fa (0x00008c8d) c.sub   s1, a1
3 0x00000000800001fa (0x8c8d) x 9 0xffffffffffff8001
core   0: 0x00000000800001fc (0x0000c226) c.swsp  s1, 4(sp)
3 0x00000000800001fc (0xc226) mem 0x0000000080002054 0x0000000000000000
core   0: 0x00000000800001fe (0x000066a1) c.lui   a3, 0x8
3 0x00000000800001fe (0x66a1) x13 0x0000000000008000
core   0: 0x0000000080000200 (0x0000567d) c.li    a2, -1
3 0x0000000080000200 (0x567d) x12 0xffffffffffffffff
core   0: 0x0000000080000202 (0x00008e15) c.sub   a2, a3
3 0x0000000080000202 (0x8e15) x12 0xffffffffffff7fff
core   0: 0x0000000080000204 (0x0000c432) c.swsp  a2, 8(sp)
3 0x0000000080000204 (0xc432) mem 0x0000000080002058 0x0000000000000000
core   0: 0x0000000080000206 (0x000067a1) c.lui   a5, 0x8
3 0x0000000080000206 (0x67a1) x15 0x0000000000008000
core   0: 0x0000000080000208 (0x00008737) lui     a4, 0x8
3 0x0000000080000208 (0x00008737) x14 0x0000000000008000
core   0: 0x000000008000020c (0xfff7071b) addiw   a4, a4, -1
3 0x000000008000020c (0xfff7071b) x14 0x0000000000007fff
core   0: 0x0000000080000210 (0x00008f1d) c.sub   a4, a5
3 0x0000000080000210 (0x8f1d) x14 0xffffffffffffffff
core   0: 0x0000000080000212 (0x0000c63a) c.swsp  a4, 12(sp)
3 0x0000000080000212 (0xc63a) mem 0x000000008000205c 0x00000000ffff7fff
core   0: 0x0000000080000214 (0x000064a1) c.lui   s1, 0x8
3 0x0000000080000214 (0x64a1) x 9 0x0000000000008000
core   0: 0x0000000080000216 (0x00006421) c.lui   s0, 0x8
3 0x0000000080000216 (0x6421) x 8 0x0000000000008000
core   0: 0x0000000080000218 (0x00008c05) c.sub   s0, s1
3 0x0000000080000218 (0x8c05) x 8 0x0000000000000000
core   0: 0x000000008000021a (0x0000c822) c.swsp  s0, 16(sp)
3 0x000000008000021a (0xc822) mem 0x0000000080002060 0x0000000000000000
core   0: 0x000000008000021c (0x0ff0000f) fence   iorw,iorw
3 0x000000008000021c (0x0ff0000f)
core   0: 0x0000000080000220 (0x00004185) c.li    gp, 1
3 0x0000000080000220 (0x4185) x 3 0x0000000000000001
core   0: 0x0000000080000222 (0x00000073) ecall
3 0x0000000080000222 (0x00000073)
