core   0: 0x0000000000010000 (0x00100413) li      s0, 1
3 0x0000000000010000 (0x00100413) x 8 0x0000000000000001
core   0: 0x0000000000010004 (0x01f41413) slli    s0, s0, 31
3 0x0000000000010004 (0x01f41413) x 8 0x0000000080000000
core   0: 0x0000000000010008 (0xf1402573) csrr    a0, mhartid
3 0x0000000000010008 (0xf1402573) x10 0x0000000000000000
core   0: 0x000000000001000c (0x00000597) auipc   a1, 0x0
3 0x000000000001000c (0x00000597) x11 0x000000000001000c
core   0: 0x0000000000010010 (0x07458593) addi    a1, a1, 116
3 0x0000000000010010 (0x07458593) x11 0x0000000000010080
core   0: 0x0000000000010014 (0x00040067) jr      s0
3 0x0000000000010014 (0x00040067)
core   0: 0x0000000080000000 (0x0000a081) c.j     pc + 64
3 0x0000000080000000 (0xa081)
core   0: 0x0000000080000040 (0xf1402573) csrr    a0, mhartid
3 0x0000000080000040 (0xf1402573) x10 0x0000000000000000
core   0: 0x0000000080000044 (0x0000e101) c.bnez  a0, pc + 0
3 0x0000000080000044 (0xe101)
core   0: 0x0000000080000046 (0x00000297) auipc   t0, 0x0
3 0x0000000080000046 (0x00000297) x 5 0x0000000080000046
core   0: 0x000000008000004a (0x01228293) addi    t0, t0, 18
3 0x000000008000004a (0x01228293) x 5 0x0000000080000058
core   0: 0x000000008000004e (0x30529073) csrw    mtvec, t0
3 0x000000008000004e (0x30529073)
core   0: 0x0000000080000052 (0x18005073) csrwi   satp, 0
3 0x0000000080000052 (0x18005073)
core   0: 0x0000000080000056 (0x00000001) c.nop
3 0x0000000080000056 (0x0001)
core   0: 0x0000000080000058 (0x00000297) auipc   t0, 0x0
3 0x0000000080000058 (0x00000297) x 5 0x0000000080000058
core   0: 0x000000008000005c (0x01828293) addi    t0, t0, 24
3 0x000000008000005c (0x01828293) x 5 0x0000000080000070
core   0: 0x0000000080000060 (0x30529073) csrw    mtvec, t0
3 0x0000000080000060 (0x30529073)
core   0: 0x0000000080000064 (0x000052fd) c.li    t0, -1
3 0x0000000080000064 (0x52fd) x 5 0xffffffffffffffff
core   0: 0x0000000080000066 (0x3b029073) csrw    pmpaddr0, t0
3 0x0000000080000066 (0x3b029073)
core   0: 0x000000008000006a (0x000042fd) c.li    t0, 31
3 0x000000008000006a (0x42fd) x 5 0x000000000000001f
core   0: 0x000000008000006c (0x3a029073) csrw    pmpcfg0, t0
3 0x000000008000006c (0x3a029073)
core   0: 0x0000000080000070 (0x00000297) auipc   t0, 0x0
3 0x0000000080000070 (0x00000297) x 5 0x0000000080000070
core   0: 0x0000000080000074 (0x01828293) addi    t0, t0, 24
3 0x0000000080000074 (0x01828293) x 5 0x0000000080000088
core   0: 0x0000000080000078 (0x30529073) csrw    mtvec, t0
3 0x0000000080000078 (0x30529073)
core   0: 0x000000008000007c (0x30205073) csrwi   medeleg, 0
3 0x000000008000007c (0x30205073)
core   0: 0x0000000080000080 (0x30305073) csrwi   mideleg, 0
3 0x0000000080000080 (0x30305073)
core   0: 0x0000000080000084 (0x30405073) csrwi   mie, 0
3 0x0000000080000084 (0x30405073)
core   0: 0x0000000080000088 (0x00004181) c.li    gp, 0
3 0x0000000080000088 (0x4181) x 3 0x0000000000000000
core   0: 0x000000008000008a (0x00000297) auipc   t0, 0x0
3 0x000000008000008a (0x00000297) x 5 0x000000008000008a
core   0: 0x000000008000008e (0xf7a28293) addi    t0, t0, -134
3 0x000000008000008e (0xf7a28293) x 5 0x0000000080000004
core   0: 0x0000000080000092 (0x30529073) csrw    mtvec, t0
3 0x0000000080000092 (0x30529073)
core   0: 0x0000000080000096 (0x00004505) c.li    a0, 1
3 0x0000000080000096 (0x4505) x10 0x0000000000000001
core   0: 0x0000000080000098 (0x0000057e) c.slli  a0, 31
3 0x0000000080000098 (0x057e) x10 0x0000000080000000
core   0: 0x000000008000009a (0x00055d63) bgez    a0, pc + 26
3 0x000000008000009a (0x00055d63)
core   0: 0x00000000800000b4 (0x80000297) auipc   t0, 0x80000
3 0x00000000800000b4 (0x80000297) x 5 0x00000000000000b4
core   0: 0x00000000800000b8 (0xf4c28293) addi    t0, t0, -180
3 0x00000000800000b8 (0xf4c28293) x 5 0x0000000000000000
core   0: 0x00000000800000bc (0x00028e63) beqz    t0, pc + 28
3 0x00000000800000bc (0x00028e63)
core   0: 0x00000000800000d8 (0x30005073) csrwi   mstatus, 0
3 0x00000000800000d8 (0x30005073)
core   0: 0x00000000800000dc (0x00006509) c.lui   a0, 0x2
3 0x00000000800000dc (0x6509) x10 0x0000000000002000
core   0: 0x00000000800000de (0x30052073) csrs    mstatus, a0
3 0x00000000800000de (0x30052073)
core   0: 0x00000000800000e2 (0x00305073) csrwi   fcsr, 0
3 0x00000000800000e2 (0x00305073)
core   0: 0x00000000800000e6 (0x00000297) auipc   t0, 0x0
3 0x00000000800000e6 (0x00000297) x 5 0x00000000800000e6
core   0: 0x00000000800000ea (0x01428293) addi    t0, t0, 20
3 0x00000000800000ea (0x01428293) x 5 0x00000000800000fa
core   0: 0x00000000800000ee (0x34129073) csrw    mepc, t0
3 0x00000000800000ee (0x34129073)
core   0: 0x00000000800000f2 (0xf1402573) csrr    a0, mhartid
3 0x00000000800000f2 (0xf1402573) x10 0x0000000000000000
core   0: 0x00000000800000f6 (0x30200073) mret
3 0x00000000800000f6 (0x30200073)
core   0: 0x00000000800000fa (0x00004189) c.li    gp, 2
0 0x00000000800000fa (0x4189) x 3 0x0000000000000002
core   0: 0x00000000800000fc (0x00002e17) auipc   t3, 0x2
0 0x00000000800000fc (0x00002e17) x28 0x00000000800020fc
core   0: 0x0000000080000100 (0x0e4e0e13) addi    t3, t3, 228
0 0x0000000080000100 (0x0e4e0e13) x28 0x00000000800021e0
core   0: 0x0000000080000104 (0x003e2423) sw      gp, 8(t3)
0 0x0000000080000104 (0x003e2423) mem 0x00000000800021e8 0x0000000000000000
core   0: 0x0000000080000108 (0x00002517) auipc   a0, 0x2
0 0x0000000080000108 (0x00002517) x10 0x0000000080002108
core   0: 0x000000008000010c (0xef850513) addi    a0, a0, -264
0 0x000000008000010c (0xef850513) x10 0x0000000080002000
core   0: 0x0000000080000110 (0x00053007) fld     ft0, 0(a0)
0 0x0000000080000110 (0x00053007) f 0 0xbff5c28f5c28f5c3
core   0: 0x0000000080000114 (0x00853087) fld     ft1, 8(a0)
0 0x0000000080000114 (0x00853087) f 1 0xbff5c28f5c28f5c3
core   0: 0x0000000080000118 (0x01053107) fld     ft2, 16(a0)
0 0x0000000080000118 (0x01053107) f 2 0x0000000000000000
core   0: 0x000000008000011c (0x00006d14) c.ld    a3, 24(a0)
0 0x000000008000011c (0x6d14) x13 0x0000000000000001 mem 0x0000000080002018
core   0: 0x000000008000011e (0xa2102553) feq.d   a0, ft0, ft1
0 0x000000008000011e (0xa2102553) x10 0x0000000000000001
core   0: 0x0000000080000122 (0x001015f3) csrrw   a1, fflags, zero
0 0x0000000080000122 (0x001015f3) x11 0x0000000000000000
core   0: 0x0000000080000126 (0x00004601) c.li    a2, 0
0 0x0000000080000126 (0x4601) x12 0x0000000000000000
core   0: 0x0000000080000128 (0x30d51763) bne     a0, a3, pc + 782
0 0x0000000080000128 (0x30d51763)
core   0: 0x000000008000012c (0x30c59563) bne     a1, a2, pc + 778
0 0x000000008000012c (0x30c59563)
core   0: 0x0000000080000130 (0x0000418d) c.li    gp, 3
0 0x0000000080000130 (0x418d) x 3 0x0000000000000003
core   0: 0x0000000080000132 (0x00002e17) auipc   t3, 0x2
0 0x0000000080000132 (0x00002e17) x28 0x0000000080002132
core   0: 0x0000000080000136 (0x0aee0e13) addi    t3, t3, 174
0 0x0000000080000136 (0x0aee0e13) x28 0x00000000800021e0
core   0: 0x000000008000013a (0x003e2623) sw      gp, 12(t3)
0 0x000000008000013a (0x003e2623) mem 0x00000000800021ec 0x0000000000000000
core   0: 0x000000008000013e (0x00002517) auipc   a0, 0x2
0 0x000000008000013e (0x00002517) x10 0x000000008000213e
core   0: 0x0000000080000142 (0xee250513) addi    a0, a0, -286
0 0x0000000080000142 (0xee250513) x10 0x0000000080002020
core   0: 0x0000000080000146 (0x00053007) fld     ft0, 0(a0)
0 0x0000000080000146 (0x00053007) f 0 0xbff5c28f5c28f5c3
core   0: 0x000000008000014a (0x00853087) fld     ft1, 8(a0)
0 0x000000008000014a (0x00853087) f 1 0xbff5c28f5c28f5c3
core   0: 0x000000008000014e (0x01053107) fld     ft2, 16(a0)
0 0x000000008000014e (0x01053107) f 2 0x0000000000000000
core   0: 0x0000000080000152 (0x00006d14) c.ld    a3, 24(a0)
0 0x0000000080000152 (0x6d14) x13 0x0000000000000001 mem 0x0000000080002038
core   0: 0x0000000080000154 (0xa2100553) fle.d   a0, ft0, ft1
0 0x0000000080000154 (0xa2100553) x10 0x0000000000000001
core   0: 0x0000000080000158 (0x001015f3) csrrw   a1, fflags, zero
0 0x0000000080000158 (0x001015f3) x11 0x0000000000000000
core   0: 0x000000008000015c (0x00004601) c.li    a2, 0
0 0x000000008000015c (0x4601) x12 0x0000000000000000
core   0: 0x000000008000015e (0x2cd51c63) bne     a0, a3, pc + 728
0 0x000000008000015e (0x2cd51c63)
core   0: 0x0000000080000162 (0x2cc59a63) bne     a1, a2, pc + 724
0 0x0000000080000162 (0x2cc59a63)
core   0: 0x0000000080000166 (0x00004191) c.li    gp, 4
0 0x0000000080000166 (0x4191) x 3 0x0000000000000004
core   0: 0x0000000080000168 (0x00002e17) auipc   t3, 0x2
0 0x0000000080000168 (0x00002e17) x28 0x0000000080002168
core   0: 0x000000008000016c (0x078e0e13) addi    t3, t3, 120
0 0x000000008000016c (0x078e0e13) x28 0x00000000800021e0
core   0: 0x0000000080000170 (0x003e2823) sw      gp, 16(t3)
0 0x0000000080000170 (0x003e2823) mem 0x00000000800021f0 0x0000000000000000
core   0: 0x0000000080000174 (0x00002517) auipc   a0, 0x2
0 0x0000000080000174 (0x00002517) x10 0x0000000080002174
core   0: 0x0000000080000178 (0xecc50513) addi    a0, a0, -308
0 0x0000000080000178 (0xecc50513) x10 0x0000000080002040
core   0: 0x000000008000017c (0x00053007) fld     ft0, 0(a0)
0 0x000000008000017c (0x00053007) f 0 0xbff5c28f5c28f5c3
core   0: 0x0000000080000180 (0x00853087) fld     ft1, 8(a0)
0 0x0000000080000180 (0x00853087) f 1 0xbff5c28f5c28f5c3
core   0: 0x0000000080000184 (0x01053107) fld     ft2, 16(a0)
0 0x0000000080000184 (0x01053107) f 2 0x0000000000000000
core   0: 0x0000000080000188 (0x00006d14) c.ld    a3, 24(a0)
0 0x0000000080000188 (0x6d14) x13 0x0000000000000000 mem 0x0000000080002058
core   0: 0x000000008000018a (0xa2101553) flt.d   a0, ft0, ft1
0 0x000000008000018a (0xa2101553) x10 0x0000000000000000
core   0: 0x000000008000018e (0x001015f3) csrrw   a1, fflags, zero
0 0x000000008000018e (0x001015f3) x11 0x0000000000000000
core   0: 0x0000000080000192 (0x00004601) c.li    a2, 0
0 0x0000000080000192 (0x4601) x12 0x0000000000000000
core   0: 0x0000000080000194 (0x2ad51163) bne     a0, a3, pc + 674
0 0x0000000080000194 (0x2ad51163)
core   0: 0x0000000080000198 (0x28c59f63) bne     a1, a2, pc + 670
0 0x0000000080000198 (0x28c59f63)
core   0: 0x000000008000019c (0x00004195) c.li    gp, 5
0 0x000000008000019c (0x4195) x 3 0x0000000000000005
core   0: 0x000000008000019e (0x00002e17) auipc   t3, 0x2
0 0x000000008000019e (0x00002e17) x28 0x000000008000219e
core   0: 0x00000000800001a2 (0x042e0e13) addi    t3, t3, 66
0 0x00000000800001a2 (0x042e0e13) x28 0x00000000800021e0
core   0: 0x00000000800001a6 (0x003e2a23) sw      gp, 20(t3)
0 0x00000000800001a6 (0x003e2a23) mem 0x00000000800021f4 0x0000000000000000
core   0: 0x00000000800001aa (0x00002517) auipc   a0, 0x2
0 0x00000000800001aa (0x00002517) x10 0x00000000800021aa
core   0: 0x00000000800001ae (0xeb650513) addi    a0, a0, -330
0 0x00000000800001ae (0xeb650513) x10 0x0000000080002060
core   0: 0x00000000800001b2 (0x00053007) fld     ft0, 0(a0)
0 0x00000000800001b2 (0x00053007) f 0 0xbff5eb851eb851ec
core   0: 0x00000000800001b6 (0x00853087) fld     ft1, 8(a0)
0 0x00000000800001b6 (0x00853087) f 1 0xbff5c28f5c28f5c3
core   0: 0x00000000800001ba (0x01053107) fld     ft2, 16(a0)
0 0x00000000800001ba (0x01053107) f 2 0x0000000000000000
core   0: 0x00000000800001be (0x00006d14) c.ld    a3, 24(a0)
0 0x00000000800001be (0x6d14) x13 0x0000000000000000 mem 0x0000000080002078
core   0: 0x00000000800001c0 (0xa2102553) feq.d   a0, ft0, ft1
0 0x00000000800001c0 (0xa2102553) x10 0x0000000000000000
core   0: 0x00000000800001c4 (0x001015f3) csrrw   a1, fflags, zero
0 0x00000000800001c4 (0x001015f3) x11 0x0000000000000000
core   0: 0x00000000800001c8 (0x00004601) c.li    a2, 0
0 0x00000000800001c8 (0x4601) x12 0x0000000000000000
core   0: 0x00000000800001ca (0x26d51663) bne     a0, a3, pc + 620
0 0x00000000800001ca (0x26d51663)
core   0: 0x00000000800001ce (0x26c59463) bne     a1, a2, pc + 616
0 0x00000000800001ce (0x26c59463)
core   0: 0x00000000800001d2 (0x00004199) c.li    gp, 6
0 0x00000000800001d2 (0x4199) x 3 0x0000000000000006
core   0: 0x00000000800001d4 (0x00002e17) auipc   t3, 0x2
0 0x00000000800001d4 (0x00002e17) x28 0x00000000800021d4
core   0: 0x00000000800001d8 (0x00ce0e13) addi    t3, t3, 12
0 0x00000000800001d8 (0x00ce0e13) x28 0x00000000800021e0
core   0: 0x00000000800001dc (0x003e2c23) sw      gp, 24(t3)
0 0x00000000800001dc (0x003e2c23) mem 0x00000000800021f8 0x0000000000000000
core   0: 0x00000000800001e0 (0x00002517) auipc   a0, 0x2
0 0x00000000800001e0 (0x00002517) x10 0x00000000800021e0
core   0: 0x00000000800001e4 (0xea050513) addi    a0, a0, -352
0 0x00000000800001e4 (0xea050513) x10 0x0000000080002080
core   0: 0x00000000800001e8 (0x00053007) fld     ft0, 0(a0)
0 0x00000000800001e8 (0x00053007) f 0 0xbff5eb851eb851ec
core   0: 0x00000000800001ec (0x00853087) fld     ft1, 8(a0)
0 0x00000000800001ec (0x00853087) f 1 0xbff5c28f5c28f5c3
core   0: 0x00000000800001f0 (0x01053107) fld     ft2, 16(a0)
0 0x00000000800001f0 (0x01053107) f 2 0x0000000000000000
core   0: 0x00000000800001f4 (0x00006d14) c.ld    a3, 24(a0)
0 0x00000000800001f4 (0x6d14) x13 0x0000000000000001 mem 0x0000000080002098
core   0: 0x00000000800001f6 (0xa2100553) fle.d   a0, ft0, ft1
0 0x00000000800001f6 (0xa2100553) x10 0x0000000000000001
core   0: 0x00000000800001fa (0x001015f3) csrrw   a1, fflags, zero
0 0x00000000800001fa (0x001015f3) x11 0x0000000000000000
core   0: 0x00000000800001fe (0x00004601) c.li    a2, 0
0 0x00000000800001fe (0x4601) x12 0x0000000000000000
core   0: 0x0000000080000200 (0x22d51b63) bne     a0, a3, pc + 566
0 0x0000000080000200 (0x22d51b63)
core   0: 0x0000000080000204 (0x22c59963) bne     a1, a2, pc + 562
0 0x0000000080000204 (0x22c59963)
core   0: 0x0000000080000208 (0x0000419d) c.li    gp, 7
0 0x0000000080000208 (0x419d) x 3 0x0000000000000007
core   0: 0x000000008000020a (0x00002e17) auipc   t3, 0x2
0 0x000000008000020a (0x00002e17) x28 0x000000008000220a
core   0: 0x000000008000020e (0xfd6e0e13) addi    t3, t3, -42
0 0x000000008000020e (0xfd6e0e13) x28 0x00000000800021e0
core   0: 0x0000000080000212 (0x003e2e23) sw      gp, 28(t3)
0 0x0000000080000212 (0x003e2e23) mem 0x00000000800021fc 0x0000000000000000
core   0: 0x0000000080000216 (0x00002517) auipc   a0, 0x2
0 0x0000000080000216 (0x00002517) x10 0x0000000080002216
core   0: 0x000000008000021a (0xe8a50513) addi    a0, a0, -374
0 0x000000008000021a (0xe8a50513) x10 0x00000000800020a0
core   0: 0x000000008000021e (0x00053007) fld     ft0, 0(a0)
0 0x000000008000021e (0x00053007) f 0 0xbff5eb851eb851ec
core   0: 0x0000000080000222 (0x00853087) fld     ft1, 8(a0)
0 0x0000000080000222 (0x00853087) f 1 0xbff5c28f5c28f5c3
core   0: 0x0000000080000226 (0x01053107) fld     ft2, 16(a0)
0 0x0000000080000226 (0x01053107) f 2 0x0000000000000000
core   0: 0x000000008000022a (0x00006d14) c.ld    a3, 24(a0)
0 0x000000008000022a (0x6d14) x13 0x0000000000000001 mem 0x00000000800020b8
core   0: 0x000000008000022c (0xa2101553) flt.d   a0, ft0, ft1
0 0x000000008000022c (0xa2101553) x10 0x0000000000000001
core   0: 0x0000000080000230 (0x001015f3) csrrw   a1, fflags, zero
0 0x0000000080000230 (0x001015f3) x11 0x0000000000000000
core   0: 0x0000000080000234 (0x00004601) c.li    a2, 0
0 0x0000000080000234 (0x4601) x12 0x0000000000000000
core   0: 0x0000000080000236 (0x20d51063) bne     a0, a3, pc + 512
0 0x0000000080000236 (0x20d51063)
core   0: 0x000000008000023a (0x1ec59e63) bne     a1, a2, pc + 508
0 0x000000008000023a (0x1ec59e63)
core   0: 0x000000008000023e (0x000041a1) c.li    gp, 8
0 0x000000008000023e (0x41a1) x 3 0x0000000000000008
core   0: 0x0000000080000240 (0x00002e17) auipc   t3, 0x2
0 0x0000000080000240 (0x00002e17) x28 0x0000000080002240
core   0: 0x0000000080000244 (0xfa0e0e13) addi    t3, t3, -96
0 0x0000000080000244 (0xfa0e0e13) x28 0x00000000800021e0
core   0: 0x0000000080000248 (0x023e2023) sw      gp, 32(t3)
0 0x0000000080000248 (0x023e2023) mem 0x0000000080002200 0x0000000000000000
core   0: 0x000000008000024c (0x00002517) auipc   a0, 0x2
0 0x000000008000024c (0x00002517) x10 0x000000008000224c
core   0: 0x0000000080000250 (0xe7450513) addi    a0, a0, -396
0 0x0000000080000250 (0xe7450513) x10 0x00000000800020c0
core   0: 0x0000000080000254 (0x00053007) fld     ft0, 0(a0)
0 0x0000000080000254 (0x00053007) f 0 0x7fffffffffffffff
core   0: 0x0000000080000258 (0x00853087) fld     ft1, 8(a0)
0 0x0000000080000258 (0x00853087) f 1 0x0000000000000000
core   0: 0x000000008000025c (0x01053107) fld     ft2, 16(a0)
0 0x000000008000025c (0x01053107) f 2 0x0000000000000000
core   0: 0x0000000080000260 (0x00006d14) c.ld    a3, 24(a0)
0 0x0000000080000260 (0x6d14) x13 0x0000000000000000 mem 0x00000000800020d8
core   0: 0x0000000080000262 (0xa2102553) feq.d   a0, ft0, ft1
0 0x0000000080000262 (0xa2102553) x10 0x0000000000000000
core   0: 0x0000000080000266 (0x001015f3) csrrw   a1, fflags, zero
0 0x0000000080000266 (0x001015f3) x11 0x0000000000000000
core   0: 0x000000008000026a (0x00004601) c.li    a2, 0
0 0x000000008000026a (0x4601) x12 0x0000000000000000
core   0: 0x000000008000026c (0x1cd51563) bne     a0, a3, pc + 458
0 0x000000008000026c (0x1cd51563)
core   0: 0x0000000080000270 (0x1cc59363) bne     a1, a2, pc + 454
0 0x0000000080000270 (0x1cc59363)
core   0: 0x0000000080000274 (0x000041a5) c.li    gp, 9
0 0x0000000080000274 (0x41a5) x 3 0x0000000000000009
core   0: 0x0000000080000276 (0x00002e17) auipc   t3, 0x2
0 0x0000000080000276 (0x00002e17) x28 0x0000000080002276
core   0: 0x000000008000027a (0xf6ae0e13) addi    t3, t3, -150
0 0x000000008000027a (0xf6ae0e13) x28 0x00000000800021e0
core   0: 0x000000008000027e (0x023e2223) sw      gp, 36(t3)
0 0x000000008000027e (0x023e2223) mem 0x0000000080002204 0x0000000000000000
core   0: 0x0000000080000282 (0x00002517) auipc   a0, 0x2
0 0x0000000080000282 (0x00002517) x10 0x0000000080002282
core   0: 0x0000000080000286 (0xe5e50513) addi    a0, a0, -418
0 0x0000000080000286 (0xe5e50513) x10 0x00000000800020e0
core   0: 0x000000008000028a (0x00053007) fld     ft0, 0(a0)
0 0x000000008000028a (0x00053007) f 0 0x7fffffffffffffff
core   0: 0x000000008000028e (0x00853087) fld     ft1, 8(a0)
0 0x000000008000028e (0x00853087) f 1 0x7fffffffffffffff
core   0: 0x0000000080000292 (0x01053107) fld     ft2, 16(a0)
0 0x0000000080000292 (0x01053107) f 2 0x0000000000000000
core   0: 0x0000000080000296 (0x00006d14) c.ld    a3, 24(a0)
0 0x0000000080000296 (0x6d14) x13 0x0000000000000000 mem 0x00000000800020f8
core   0: 0x0000000080000298 (0xa2102553) feq.d   a0, ft0, ft1
0 0x0000000080000298 (0xa2102553) x10 0x0000000000000000
core   0: 0x000000008000029c (0x001015f3) csrrw   a1, fflags, zero
0 0x000000008000029c (0x001015f3) x11 0x0000000000000000
core   0: 0x00000000800002a0 (0x00004601) c.li    a2, 0
0 0x00000000800002a0 (0x4601) x12 0x0000000000000000
core   0: 0x00000000800002a2 (0x18d51a63) bne     a0, a3, pc + 404
0 0x00000000800002a2 (0x18d51a63)
core   0: 0x00000000800002a6 (0x18c59863) bne     a1, a2, pc + 400
0 0x00000000800002a6 (0x18c59863)
core   0: 0x00000000800002aa (0x000041a9) c.li    gp, 10
0 0x00000000800002aa (0x41a9) x 3 0x000000000000000a
core   0: 0x00000000800002ac (0x00002e17) auipc   t3, 0x2
0 0x00000000800002ac (0x00002e17) x28 0x00000000800022ac
core   0: 0x00000000800002b0 (0xf34e0e13) addi    t3, t3, -204
0 0x00000000800002b0 (0xf34e0e13) x28 0x00000000800021e0
core   0: 0x00000000800002b4 (0x023e2423) sw      gp, 40(t3)
0 0x00000000800002b4 (0x023e2423) mem 0x0000000080002208 0x0000000000000000
core   0: 0x00000000800002b8 (0x00002517) auipc   a0, 0x2
0 0x00000000800002b8 (0x00002517) x10 0x00000000800022b8
core   0: 0x00000000800002bc (0xe4850513) addi    a0, a0, -440
0 0x00000000800002bc (0xe4850513) x10 0x0000000080002100
core   0: 0x00000000800002c0 (0x00053007) fld     ft0, 0(a0)
0 0x00000000800002c0 (0x00053007) f 0 0x7ff0000000000001
core   0: 0x00000000800002c4 (0x00853087) fld     ft1, 8(a0)
0 0x00000000800002c4 (0x00853087) f 1 0x0000000000000000
core   0: 0x00000000800002c8 (0x01053107) fld     ft2, 16(a0)
0 0x00000000800002c8 (0x01053107) f 2 0x0000000000000000
core   0: 0x00000000800002cc (0x00006d14) c.ld    a3, 24(a0)
0 0x00000000800002cc (0x6d14) x13 0x0000000000000000 mem 0x0000000080002118
core   0: 0x00000000800002ce (0xa2102553) feq.d   a0, ft0, ft1
0 0x00000000800002ce (0xa2102553) x10 0x0000000000000000
core   0: 0x00000000800002d2 (0x001015f3) csrrw   a1, fflags, zero
0 0x00000000800002d2 (0x001015f3) x11 0x0000000000000010
core   0: 0x00000000800002d6 (0x00004641) c.li    a2, 16
0 0x00000000800002d6 (0x4641) x12 0x0000000000000010
core   0: 0x00000000800002d8 (0x14d51f63) bne     a0, a3, pc + 350
0 0x00000000800002d8 (0x14d51f63)
core   0: 0x00000000800002dc (0x14c59d63) bne     a1, a2, pc + 346
0 0x00000000800002dc (0x14c59d63)
core   0: 0x00000000800002e0 (0x000041ad) c.li    gp, 11
0 0x00000000800002e0 (0x41ad) x 3 0x000000000000000b
core   0: 0x00000000800002e2 (0x00002e17) auipc   t3, 0x2
0 0x00000000800002e2 (0x00002e17) x28 0x00000000800022e2
core   0: 0x00000000800002e6 (0xefee0e13) addi    t3, t3, -258
0 0x00000000800002e6 (0xefee0e13) x28 0x00000000800021e0
core   0: 0x00000000800002ea (0x023e2623) sw      gp, 44(t3)
0 0x00000000800002ea (0x023e2623) mem 0x000000008000220c 0x0000000000000000
core   0: 0x00000000800002ee (0x00002517) auipc   a0, 0x2
0 0x00000000800002ee (0x00002517) x10 0x00000000800022ee
core   0: 0x00000000800002f2 (0xe3250513) addi    a0, a0, -462
0 0x00000000800002f2 (0xe3250513) x10 0x0000000080002120
core   0: 0x00000000800002f6 (0x00053007) fld     ft0, 0(a0)
0 0x00000000800002f6 (0x00053007) f 0 0x7fffffffffffffff
core   0: 0x00000000800002fa (0x00853087) fld     ft1, 8(a0)
0 0x00000000800002fa (0x00853087) f 1 0x0000000000000000
core   0: 0x00000000800002fe (0x01053107) fld     ft2, 16(a0)
0 0x00000000800002fe (0x01053107) f 2 0x0000000000000000
core   0: 0x0000000080000302 (0x00006d14) c.ld    a3, 24(a0)
0 0x0000000080000302 (0x6d14) x13 0x0000000000000000 mem 0x0000000080002138
core   0: 0x0000000080000304 (0xa2101553) flt.d   a0, ft0, ft1
0 0x0000000080000304 (0xa2101553) x10 0x0000000000000000
core   0: 0x0000000080000308 (0x001015f3) csrrw   a1, fflags, zero
0 0x0000000080000308 (0x001015f3) x11 0x0000000000000010
core   0: 0x000000008000030c (0x00004641) c.li    a2, 16
0 0x000000008000030c (0x4641) x12 0x0000000000000010
core   0: 0x000000008000030e (0x12d51463) bne     a0, a3, pc + 296
0 0x000000008000030e (0x12d51463)
core   0: 0x0000000080000312 (0x12c59263) bne     a1, a2, pc + 292
0 0x0000000080000312 (0x12c59263)
core   0: 0x0000000080000316 (0x000041b1) c.li    gp, 12
0 0x0000000080000316 (0x41b1) x 3 0x000000000000000c
core   0: 0x0000000080000318 (0x00002e17) auipc   t3, 0x2
0 0x0000000080000318 (0x00002e17) x28 0x0000000080002318
core   0: 0x000000008000031c (0xec8e0e13) addi    t3, t3, -312
0 0x000000008000031c (0xec8e0e13) x28 0x00000000800021e0
core   0: 0x0000000080000320 (0x023e2823) sw      gp, 48(t3)
0 0x0000000080000320 (0x023e2823) mem 0x0000000080002210 0x0000000000000000
core   0: 0x0000000080000324 (0x00002517) auipc   a0, 0x2
0 0x0000000080000324 (0x00002517) x10 0x0000000080002324
core   0: 0x0000000080000328 (0xe1c50513) addi    a0, a0, -484
0 0x0000000080000328 (0xe1c50513) x10 0x0000000080002140
core   0: 0x000000008000032c (0x00053007) fld     ft0, 0(a0)
0 0x000000008000032c (0x00053007) f 0 0x7fffffffffffffff
core   0: 0x0000000080000330 (0x00853087) fld     ft1, 8(a0)
0 0x0000000080000330 (0x00853087) f 1 0x7fffffffffffffff
core   0: 0x0000000080000334 (0x01053107) fld     ft2, 16(a0)
0 0x0000000080000334 (0x01053107) f 2 0x0000000000000000
core   0: 0x0000000080000338 (0x00006d14) c.ld    a3, 24(a0)
0 0x0000000080000338 (0x6d14) x13 0x0000000000000000 mem 0x0000000080002158
core   0: 0x000000008000033a (0xa2101553) flt.d   a0, ft0, ft1
0 0x000000008000033a (0xa2101553) x10 0x0000000000000000
core   0: 0x000000008000033e (0x001015f3) csrrw   a1, fflags, zero
0 0x000000008000033e (0x001015f3) x11 0x0000000000000010
core   0: 0x0000000080000342 (0x00004641) c.li    a2, 16
0 0x0000000080000342 (0x4641) x12 0x0000000000000010
core   0: 0x0000000080000344 (0x0ed51963) bne     a0, a3, pc + 242
0 0x0000000080000344 (0x0ed51963)
core   0: 0x0000000080000348 (0x0ec59763) bne     a1, a2, pc + 238
0 0x0000000080000348 (0x0ec59763)
core   0: 0x000000008000034c (0x000041b5) c.li    gp, 13
0 0x000000008000034c (0x41b5) x 3 0x000000000000000d
core   0: 0x000000008000034e (0x00002e17) auipc   t3, 0x2
0 0x000000008000034e (0x00002e17) x28 0x000000008000234e
core   0: 0x0000000080000352 (0xe92e0e13) addi    t3, t3, -366
0 0x0000000080000352 (0xe92e0e13) x28 0x00000000800021e0
core   0: 0x0000000080000356 (0x023e2a23) sw      gp, 52(t3)
0 0x0000000080000356 (0x023e2a23) mem 0x0000000080002214 0x0000000000000000
core   0: 0x000000008000035a (0x00002517) auipc   a0, 0x2
0 0x000000008000035a (0x00002517) x10 0x000000008000235a
core   0: 0x000000008000035e (0xe0650513) addi    a0, a0, -506
0 0x000000008000035e (0xe0650513) x10 0x0000000080002160
core   0: 0x0000000080000362 (0x00053007) fld     ft0, 0(a0)
0 0x0000000080000362 (0x00053007) f 0 0x7ff0000000000001
core   0: 0x0000000080000366 (0x00853087) fld     ft1, 8(a0)
0 0x0000000080000366 (0x00853087) f 1 0x0000000000000000
core   0: 0x000000008000036a (0x01053107) fld     ft2, 16(a0)
0 0x000000008000036a (0x01053107) f 2 0x0000000000000000
core   0: 0x000000008000036e (0x00006d14) c.ld    a3, 24(a0)
0 0x000000008000036e (0x6d14) x13 0x0000000000000000 mem 0x0000000080002178
core   0: 0x0000000080000370 (0xa2101553) flt.d   a0, ft0, ft1
0 0x0000000080000370 (0xa2101553) x10 0x0000000000000000
core   0: 0x0000000080000374 (0x001015f3) csrrw   a1, fflags, zero
0 0x0000000080000374 (0x001015f3) x11 0x0000000000000010
core   0: 0x0000000080000378 (0x00004641) c.li    a2, 16
0 0x0000000080000378 (0x4641) x12 0x0000000000000010
core   0: 0x000000008000037a (0x0ad51e63) bne     a0, a3, pc + 188
0 0x000000008000037a (0x0ad51e63)
core   0: 0x000000008000037e (0x0ac59c63) bne     a1, a2, pc + 184
0 0x000000008000037e (0x0ac59c63)
core   0: 0x0000000080000382 (0x000041b9) c.li    gp, 14
0 0x0000000080000382 (0x41b9) x 3 0x000000000000000e
core   0: 0x0000000080000384 (0x00002e17) auipc   t3, 0x2
0 0x0000000080000384 (0x00002e17) x28 0x0000000080002384
core   0: 0x0000000080000388 (0xe5ce0e13) addi    t3, t3, -420
0 0x0000000080000388 (0xe5ce0e13) x28 0x00000000800021e0
core   0: 0x000000008000038c (0x023e2c23) sw      gp, 56(t3)
0 0x000000008000038c (0x023e2c23) mem 0x0000000080002218 0x0000000000000000
core   0: 0x0000000080000390 (0x00002517) auipc   a0, 0x2
0 0x0000000080000390 (0x00002517) x10 0x0000000080002390
core   0: 0x0000000080000394 (0xdf050513) addi    a0, a0, -528
0 0x0000000080000394 (0xdf050513) x10 0x0000000080002180
core   0: 0x0000000080000398 (0x00053007) fld     ft0, 0(a0)
0 0x0000000080000398 (0x00053007) f 0 0x7fffffffffffffff
core   0: 0x000000008000039c (0x00853087) fld     ft1, 8(a0)
0 0x000000008000039c (0x00853087) f 1 0x0000000000000000
core   0: 0x00000000800003a0 (0x01053107) fld     ft2, 16(a0)
0 0x00000000800003a0 (0x01053107) f 2 0x0000000000000000
core   0: 0x00000000800003a4 (0x00006d14) c.ld    a3, 24(a0)
0 0x00000000800003a4 (0x6d14) x13 0x0000000000000000 mem 0x0000000080002198
core   0: 0x00000000800003a6 (0xa2100553) fle.d   a0, ft0, ft1
0 0x00000000800003a6 (0xa2100553) x10 0x0000000000000000
core   0: 0x00000000800003aa (0x001015f3) csrrw   a1, fflags, zero
0 0x00000000800003aa (0x001015f3) x11 0x0000000000000010
core   0: 0x00000000800003ae (0x00004641) c.li    a2, 16
0 0x00000000800003ae (0x4641) x12 0x0000000000000010
core   0: 0x00000000800003b0 (0x08d51363) bne     a0, a3, pc + 134
0 0x00000000800003b0 (0x08d51363)
core   0: 0x00000000800003b4 (0x08c59163) bne     a1, a2, pc + 130
0 0x00000000800003b4 (0x08c59163)
core   0: 0x00000000800003b8 (0x000041bd) c.li    gp, 15
0 0x00000000800003b8 (0x41bd) x 3 0x000000000000000f
core   0: 0x00000000800003ba (0x00002e17) auipc   t3, 0x2
0 0x00000000800003ba (0x00002e17) x28 0x00000000800023ba
core   0: 0x00000000800003be (0xe26e0e13) addi    t3, t3, -474
0 0x00000000800003be (0xe26e0e13) x28 0x00000000800021e0
core   0: 0x00000000800003c2 (0x023e2e23) sw      gp, 60(t3)
0 0x00000000800003c2 (0x023e2e23) mem 0x000000008000221c 0x0000000000000000
core   0: 0x00000000800003c6 (0x00002517) auipc   a0, 0x2
0 0x00000000800003c6 (0x00002517) x10 0x00000000800023c6
core   0: 0x00000000800003ca (0xdda50513) addi    a0, a0, -550
0 0x00000000800003ca (0xdda50513) x10 0x00000000800021a0
core   0: 0x00000000800003ce (0x00053007) fld     ft0, 0(a0)
0 0x00000000800003ce (0x00053007) f 0 0x7fffffffffffffff
core   0: 0x00000000800003d2 (0x00853087) fld     ft1, 8(a0)
0 0x00000000800003d2 (0x00853087) f 1 0x7fffffffffffffff
core   0: 0x00000000800003d6 (0x01053107) fld     ft2, 16(a0)
0 0x00000000800003d6 (0x01053107) f 2 0x0000000000000000
core   0: 0x00000000800003da (0x00006d14) c.ld    a3, 24(a0)
0 0x00000000800003da (0x6d14) x13 0x0000000000000000 mem 0x00000000800021b8
core   0: 0x00000000800003dc (0xa2100553) fle.d   a0, ft0, ft1
0 0x00000000800003dc (0xa2100553) x10 0x0000000000000000
core   0: 0x00000000800003e0 (0x001015f3) csrrw   a1, fflags, zero
0 0x00000000800003e0 (0x001015f3) x11 0x0000000000000010
core   0: 0x00000000800003e4 (0x00004641) c.li    a2, 16
0 0x00000000800003e4 (0x4641) x12 0x0000000000000010
core   0: 0x00000000800003e6 (0x04d51863) bne     a0, a3, pc + 80
0 0x00000000800003e6 (0x04d51863)
core   0: 0x00000000800003ea (0x04c59663) bne     a1, a2, pc + 76
0 0x00000000800003ea (0x04c59663)
core   0: 0x00000000800003ee (0x000041c1) c.li    gp, 16
0 0x00000000800003ee (0x41c1) x 3 0x0000000000000010
core   0: 0x00000000800003f0 (0x00002e17) auipc   t3, 0x2
0 0x00000000800003f0 (0x00002e17) x28 0x00000000800023f0
core   0: 0x00000000800003f4 (0xdf0e0e13) addi    t3, t3, -528
0 0x00000000800003f4 (0xdf0e0e13) x28 0x00000000800021e0
core   0: 0x00000000800003f8 (0x043e2023) sw      gp, 64(t3)
0 0x00000000800003f8 (0x043e2023) mem 0x0000000080002220 0x0000000000000000
core   0: 0x00000000800003fc (0x00002517) auipc   a0, 0x2
0 0x00000000800003fc (0x00002517) x10 0x00000000800023fc
core   0: 0x0000000080000400 (0xdc450513) addi    a0, a0, -572
0 0x0000000080000400 (0xdc450513) x10 0x00000000800021c0
core   0: 0x0000000080000404 (0x00053007) fld     ft0, 0(a0)
0 0x0000000080000404 (0x00053007) f 0 0x7ff0000000000001
core   0: 0x0000000080000408 (0x00853087) fld     ft1, 8(a0)
0 0x0000000080000408 (0x00853087) f 1 0x0000000000000000
core   0: 0x000000008000040c (0x01053107) fld     ft2, 16(a0)
0 0x000000008000040c (0x01053107) f 2 0x0000000000000000
core   0: 0x0000000080000410 (0x00006d14) c.ld    a3, 24(a0)
0 0x0000000080000410 (0x6d14) x13 0x0000000000000000 mem 0x00000000800021d8
core   0: 0x0000000080000412 (0xa2100553) fle.d   a0, ft0, ft1
0 0x0000000080000412 (0xa2100553) x10 0x0000000000000000
core   0: 0x0000000080000416 (0x001015f3) csrrw   a1, fflags, zero
0 0x0000000080000416 (0x001015f3) x11 0x0000000000000010
core   0: 0x000000008000041a (0x00004641) c.li    a2, 16
0 0x000000008000041a (0x4641) x12 0x0000000000000010
core   0: 0x000000008000041c (0x00d51d63) bne     a0, a3, pc + 26
0 0x000000008000041c (0x00d51d63)
core   0: 0x0000000080000420 (0x00c59b63) bne     a1, a2, pc + 22
0 0x0000000080000420 (0x00c59b63)
core   0: 0x0000000080000424 (0x000041c5) c.li    gp, 17
0 0x0000000080000424 (0x41c5) x 3 0x0000000000000011
core   0: 0x0000000080000426 (0x00002e17) auipc   t3, 0x2
0 0x0000000080000426 (0x00002e17) x28 0x0000000080002426
core   0: 0x000000008000042a (0xdbae0e13) addi    t3, t3, -582
0 0x000000008000042a (0xdbae0e13) x28 0x00000000800021e0
core   0: 0x000000008000042e (0x043e2223) sw      gp, 68(t3)
0 0x000000008000042e (0x043e2223) mem 0x0000000080002224 0x0000000000000000
core   0: 0x0000000080000432 (0x00301d63) bne     zero, gp, pc + 26
0 0x0000000080000432 (0x00301d63)
core   0: 0x000000008000044c (0x0ff0000f) fence   iorw,iorw
0 0x000000008000044c (0x0ff0000f)
core   0: 0x0000000080000450 (0x00004185) c.li    gp, 1
0 0x0000000080000450 (0x4185) x 3 0x0000000000000001
core   0: 0x0000000080000452 (0x00002e17) auipc   t3, 0x2
0 0x0000000080000452 (0x00002e17) x28 0x0000000080002452
core   0: 0x0000000080000456 (0xd8ee0e13) addi    t3, t3, -626
0 0x0000000080000456 (0xd8ee0e13) x28 0x00000000800021e0
core   0: 0x000000008000045a (0x003e2023) sw      gp, 0(t3)
0 0x000000008000045a (0x003e2023) mem 0x00000000800021e0 0x0000000000000000
core   0: 0x000000008000045e (0x00000073) ecall
0 0x000000008000045e (0x00000073)
