core   0: 0x0000000000010000 (0x00100413) li      s0, 1
3 0x0000000000010000 (0x00100413) x 8 0x0000000000000001
core   0: 0x0000000000010004 (0x01f41413) slli    s0, s0, 31
3 0x0000000000010004 (0x01f41413) x 8 0x0000000080000000
core   0: 0x0000000000010008 (0xf1402573) csrr    a0, mhartid
3 0x0000000000010008 (0xf1402573) x10 0x0000000000000000
core   0: 0x000000000001000c (0x00000597) auipc   a1, 0x0
3 0x000000000001000c (0x00000597) x11 0x000000000001000c
core   0: 0x0000000000010010 (0x07458593) addi    a1, a1, 116
3 0x0000000000010010 (0x07458593) x11 0x0000000000010080
core   0: 0x0000000000010014 (0x00040067) jr      s0
3 0x0000000000010014 (0x00040067)
core   0: 0x0000000080000000 (0x0000a081) c.j     pc + 64
3 0x0000000080000000 (0xa081)
core   0: 0x0000000080000040 (0xf1402573) csrr    a0, mhartid
3 0x0000000080000040 (0xf1402573) x10 0x0000000000000000
core   0: 0x0000000080000044 (0x0000e101) c.bnez  a0, pc + 0
3 0x0000000080000044 (0xe101)
core   0: 0x0000000080000046 (0x00000297) auipc   t0, 0x0
3 0x0000000080000046 (0x00000297) x 5 0x0000000080000046
core   0: 0x000000008000004a (0x01228293) addi    t0, t0, 18
3 0x000000008000004a (0x01228293) x 5 0x0000000080000058
core   0: 0x000000008000004e (0x30529073) csrw    mtvec, t0
3 0x000000008000004e (0x30529073)
core   0: 0x0000000080000052 (0x18005073) csrwi   satp, 0
3 0x0000000080000052 (0x18005073)
core   0: 0x0000000080000056 (0x00000001) c.nop
3 0x0000000080000056 (0x0001)
core   0: 0x0000000080000058 (0x00000297) auipc   t0, 0x0
3 0x0000000080000058 (0x00000297) x 5 0x0000000080000058
core   0: 0x000000008000005c (0x01828293) addi    t0, t0, 24
3 0x000000008000005c (0x01828293) x 5 0x0000000080000070
core   0: 0x0000000080000060 (0x30529073) csrw    mtvec, t0
3 0x0000000080000060 (0x30529073)
core   0: 0x0000000080000064 (0x000052fd) c.li    t0, -1
3 0x0000000080000064 (0x52fd) x 5 0xffffffffffffffff
core   0: 0x0000000080000066 (0x3b029073) csrw    pmpaddr0, t0
3 0x0000000080000066 (0x3b029073)
core   0: 0x000000008000006a (0x000042fd) c.li    t0, 31
3 0x000000008000006a (0x42fd) x 5 0x000000000000001f
core   0: 0x000000008000006c (0x3a029073) csrw    pmpcfg0, t0
3 0x000000008000006c (0x3a029073)
core   0: 0x0000000080000070 (0x00000297) auipc   t0, 0x0
3 0x0000000080000070 (0x00000297) x 5 0x0000000080000070
core   0: 0x0000000080000074 (0x01828293) addi    t0, t0, 24
3 0x0000000080000074 (0x01828293) x 5 0x0000000080000088
core   0: 0x0000000080000078 (0x30529073) csrw    mtvec, t0
3 0x0000000080000078 (0x30529073)
core   0: 0x000000008000007c (0x30205073) csrwi   medeleg, 0
3 0x000000008000007c (0x30205073)
core   0: 0x0000000080000080 (0x30305073) csrwi   mideleg, 0
3 0x0000000080000080 (0x30305073)
core   0: 0x0000000080000084 (0x30405073) csrwi   mie, 0
3 0x0000000080000084 (0x30405073)
core   0: 0x0000000080000088 (0x00004181) c.li    gp, 0
3 0x0000000080000088 (0x4181) x 3 0x0000000000000000
core   0: 0x000000008000008a (0x00000297) auipc   t0, 0x0
3 0x000000008000008a (0x00000297) x 5 0x000000008000008a
core   0: 0x000000008000008e (0xf7a28293) addi    t0, t0, -134
3 0x000000008000008e (0xf7a28293) x 5 0x0000000080000004
core   0: 0x0000000080000092 (0x30529073) csrw    mtvec, t0
3 0x0000000080000092 (0x30529073)
core   0: 0x0000000080000096 (0x00004505) c.li    a0, 1
3 0x0000000080000096 (0x4505) x10 0x0000000000000001
core   0: 0x0000000080000098 (0x0000057e) c.slli  a0, 31
3 0x0000000080000098 (0x057e) x10 0x0000000080000000
core   0: 0x000000008000009a (0x00055d63) bgez    a0, pc + 26
3 0x000000008000009a (0x00055d63)
core   0: 0x00000000800000b4 (0x80000297) auipc   t0, 0x80000
3 0x00000000800000b4 (0x80000297) x 5 0x00000000000000b4
core   0: 0x00000000800000b8 (0xf4c28293) addi    t0, t0, -180
3 0x00000000800000b8 (0xf4c28293) x 5 0x0000000000000000
core   0: 0x00000000800000bc (0x00028e63) beqz    t0, pc + 28
3 0x00000000800000bc (0x00028e63)
core   0: 0x00000000800000d8 (0x30005073) csrwi   mstatus, 0
3 0x00000000800000d8 (0x30005073)
core   0: 0x00000000800000dc (0x00006509) c.lui   a0, 0x2
3 0x00000000800000dc (0x6509) x10 0x0000000000002000
core   0: 0x00000000800000de (0x30052073) csrs    mstatus, a0
3 0x00000000800000de (0x30052073)
core   0: 0x00000000800000e2 (0x00305073) csrwi   fcsr, 0
3 0x00000000800000e2 (0x00305073)
core   0: 0x00000000800000e6 (0x00000297) auipc   t0, 0x0
3 0x00000000800000e6 (0x00000297) x 5 0x00000000800000e6
core   0: 0x00000000800000ea (0x01428293) addi    t0, t0, 20
3 0x00000000800000ea (0x01428293) x 5 0x00000000800000fa
core   0: 0x00000000800000ee (0x34129073) csrw    mepc, t0
3 0x00000000800000ee (0x34129073)
core   0: 0x00000000800000f2 (0xf1402573) csrr    a0, mhartid
3 0x00000000800000f2 (0xf1402573) x10 0x0000000000000000
core   0: 0x00000000800000f6 (0x30200073) mret
3 0x00000000800000f6 (0x30200073)
core   0: 0x00000000800000fa (0x00004189) c.li    gp, 2
0 0x00000000800000fa (0x4189) x 3 0x0000000000000002
core   0: 0x00000000800000fc (0x00002e17) auipc   t3, 0x2
0 0x00000000800000fc (0x00002e17) x28 0x00000000800020fc
core   0: 0x0000000080000100 (0x004e0e13) addi    t3, t3, 4
0 0x0000000080000100 (0x004e0e13) x28 0x0000000080002100
core   0: 0x0000000080000104 (0x003e2423) sw      gp, 8(t3)
0 0x0000000080000104 (0x003e2423) mem 0x0000000080002108 0x0000000000000000
core   0: 0x0000000080000108 (0x00002517) auipc   a0, 0x2
0 0x0000000080000108 (0x00002517) x10 0x0000000080002108
core   0: 0x000000008000010c (0xef850513) addi    a0, a0, -264
0 0x000000008000010c (0xef850513) x10 0x0000000080002000
core   0: 0x0000000080000110 (0x00053007) fld     ft0, 0(a0)
0 0x0000000080000110 (0x00053007) f 0 0x400921fb53c8d4f1
core   0: 0x0000000080000114 (0x00853087) fld     ft1, 8(a0)
0 0x0000000080000114 (0x00853087) f 1 0x4005bf0a89f1b0dd
core   0: 0x0000000080000118 (0x01053107) fld     ft2, 16(a0)
0 0x0000000080000118 (0x01053107) f 2 0x0000000000000000
core   0: 0x000000008000011c (0x00006d14) c.ld    a3, 24(a0)
0 0x000000008000011c (0x6d14) x13 0x3ff27ddbf6c383ec mem 0x0000000080002018
core   0: 0x000000008000011e (0x1a1071d3) fdiv.d  ft3, ft0, ft1
0 0x000000008000011e (0x1a1071d3) f 3 0x3ff27ddbf6c383ec
core   0: 0x0000000080000122 (0xe2018553) fmv.x.d a0, ft3
0 0x0000000080000122 (0xe2018553) x10 0x3ff27ddbf6c383ec
core   0: 0x0000000080000126 (0x001015f3) csrrw   a1, fflags, zero
0 0x0000000080000126 (0x001015f3) x11 0x0000000000000001
core   0: 0x000000008000012a (0x00004605) c.li    a2, 1
0 0x000000008000012a (0x4605) x12 0x0000000000000001
core   0: 0x000000008000012c (0x1ad51863) bne     a0, a3, pc + 432
0 0x000000008000012c (0x1ad51863)
core   0: 0x0000000080000130 (0x1ac59663) bne     a1, a2, pc + 428
0 0x0000000080000130 (0x1ac59663)
core   0: 0x0000000080000134 (0x0000418d) c.li    gp, 3
0 0x0000000080000134 (0x418d) x 3 0x0000000000000003
core   0: 0x0000000080000136 (0x00002e17) auipc   t3, 0x2
0 0x0000000080000136 (0x00002e17) x28 0x0000000080002136
core   0: 0x000000008000013a (0xfcae0e13) addi    t3, t3, -54
0 0x000000008000013a (0xfcae0e13) x28 0x0000000080002100
core   0: 0x000000008000013e (0x003e2623) sw      gp, 12(t3)
0 0x000000008000013e (0x003e2623) mem 0x000000008000210c 0x0000000000000000
core   0: 0x0000000080000142 (0x00002517) auipc   a0, 0x2
0 0x0000000080000142 (0x00002517) x10 0x0000000080002142
core   0: 0x0000000080000146 (0xede50513) addi    a0, a0, -290
0 0x0000000080000146 (0xede50513) x10 0x0000000080002020
core   0: 0x000000008000014a (0x00053007) fld     ft0, 0(a0)
0 0x000000008000014a (0x00053007) f 0 0xc093480000000000
core   0: 0x000000008000014e (0x00853087) fld     ft1, 8(a0)
0 0x000000008000014e (0x00853087) f 1 0x40934c6666666666
core   0: 0x0000000080000152 (0x01053107) fld     ft2, 16(a0)
0 0x0000000080000152 (0x01053107) f 2 0x0000000000000000
core   0: 0x0000000080000156 (0x00006d14) c.ld    a3, 24(a0)
0 0x0000000080000156 (0x6d14) x13 0xbfeff8b43e1929a5 mem 0x0000000080002038
core   0: 0x0000000080000158 (0x1a1071d3) fdiv.d  ft3, ft0, ft1
0 0x0000000080000158 (0x1a1071d3) f 3 0xbfeff8b43e1929a5
core   0: 0x000000008000015c (0xe2018553) fmv.x.d a0, ft3
0 0x000000008000015c (0xe2018553) x10 0xbfeff8b43e1929a5
core   0: 0x0000000080000160 (0x001015f3) csrrw   a1, fflags, zero
0 0x0000000080000160 (0x001015f3) x11 0x0000000000000001
core   0: 0x0000000080000164 (0x00004605) c.li    a2, 1
0 0x0000000080000164 (0x4605) x12 0x0000000000000001
core   0: 0x0000000080000166 (0x16d51b63) bne     a0, a3, pc + 374
0 0x0000000080000166 (0x16d51b63)
core   0: 0x000000008000016a (0x16c59963) bne     a1, a2, pc + 370
0 0x000000008000016a (0x16c59963)
core   0: 0x000000008000016e (0x00004191) c.li    gp, 4
0 0x000000008000016e (0x4191) x 3 0x0000000000000004
core   0: 0x0000000080000170 (0x00002e17) auipc   t3, 0x2
0 0x0000000080000170 (0x00002e17) x28 0x0000000080002170
core   0: 0x0000000080000174 (0xf90e0e13) addi    t3, t3, -112
0 0x0000000080000174 (0xf90e0e13) x28 0x0000000080002100
core   0: 0x0000000080000178 (0x003e2823) sw      gp, 16(t3)
0 0x0000000080000178 (0x003e2823) mem 0x0000000080002110 0x0000000000000000
core   0: 0x000000008000017c (0x00002517) auipc   a0, 0x2
0 0x000000008000017c (0x00002517) x10 0x000000008000217c
core   0: 0x0000000080000180 (0xec450513) addi    a0, a0, -316
0 0x0000000080000180 (0xec450513) x10 0x0000000080002040
core   0: 0x0000000080000184 (0x00053007) fld     ft0, 0(a0)
0 0x0000000080000184 (0x00053007) f 0 0x400921fb53c8d4f1
core   0: 0x0000000080000188 (0x00853087) fld     ft1, 8(a0)
0 0x0000000080000188 (0x00853087) f 1 0x3ff0000000000000
core   0: 0x000000008000018c (0x01053107) fld     ft2, 16(a0)
0 0x000000008000018c (0x01053107) f 2 0x0000000000000000
core   0: 0x0000000080000190 (0x00006d14) c.ld    a3, 24(a0)
0 0x0000000080000190 (0x6d14) x13 0x400921fb53c8d4f1 mem 0x0000000080002058
core   0: 0x0000000080000192 (0x1a1071d3) fdiv.d  ft3, ft0, ft1
0 0x0000000080000192 (0x1a1071d3) f 3 0x400921fb53c8d4f1
core   0: 0x0000000080000196 (0xe2018553) fmv.x.d a0, ft3
0 0x0000000080000196 (0xe2018553) x10 0x400921fb53c8d4f1
core   0: 0x000000008000019a (0x001015f3) csrrw   a1, fflags, zero
0 0x000000008000019a (0x001015f3) x11 0x0000000000000000
core   0: 0x000000008000019e (0x00004601) c.li    a2, 0
0 0x000000008000019e (0x4601) x12 0x0000000000000000
core   0: 0x00000000800001a0 (0x12d51e63) bne     a0, a3, pc + 316
0 0x00000000800001a0 (0x12d51e63)
core   0: 0x00000000800001a4 (0x12c59c63) bne     a1, a2, pc + 312
0 0x00000000800001a4 (0x12c59c63)
core   0: 0x00000000800001a8 (0x00004195) c.li    gp, 5
0 0x00000000800001a8 (0x4195) x 3 0x0000000000000005
core   0: 0x00000000800001aa (0x00002e17) auipc   t3, 0x2
0 0x00000000800001aa (0x00002e17) x28 0x00000000800021aa
core   0: 0x00000000800001ae (0xf56e0e13) addi    t3, t3, -170
0 0x00000000800001ae (0xf56e0e13) x28 0x0000000080002100
core   0: 0x00000000800001b2 (0x003e2a23) sw      gp, 20(t3)
0 0x00000000800001b2 (0x003e2a23) mem 0x0000000080002114 0x0000000000000000
core   0: 0x00000000800001b6 (0x00002517) auipc   a0, 0x2
0 0x00000000800001b6 (0x00002517) x10 0x00000000800021b6
core   0: 0x00000000800001ba (0xeaa50513) addi    a0, a0, -342
0 0x00000000800001ba (0xeaa50513) x10 0x0000000080002060
core   0: 0x00000000800001be (0x00053007) fld     ft0, 0(a0)
0 0x00000000800001be (0x00053007) f 0 0x400921fb53c8d4f1
core   0: 0x00000000800001c2 (0x00853087) fld     ft1, 8(a0)
0 0x00000000800001c2 (0x00853087) f 1 0x0000000000000000
core   0: 0x00000000800001c6 (0x01053107) fld     ft2, 16(a0)
0 0x00000000800001c6 (0x01053107) f 2 0x0000000000000000
core   0: 0x00000000800001ca (0x00006d14) c.ld    a3, 24(a0)
0 0x00000000800001ca (0x6d14) x13 0x3ffc5bf8916f587b mem 0x0000000080002078
core   0: 0x00000000800001cc (0x5a0071d3) fsqrt.d ft3, ft0
0 0x00000000800001cc (0x5a0071d3) f 3 0x3ffc5bf8916f587b
core   0: 0x00000000800001d0 (0xe2018553) fmv.x.d a0, ft3
0 0x00000000800001d0 (0xe2018553) x10 0x3ffc5bf8916f587b
core   0: 0x00000000800001d4 (0x001015f3) csrrw   a1, fflags, zero
0 0x00000000800001d4 (0x001015f3) x11 0x0000000000000001
core   0: 0x00000000800001d8 (0x00004605) c.li    a2, 1
0 0x00000000800001d8 (0x4605) x12 0x0000000000000001
core   0: 0x00000000800001da (0x10d51163) bne     a0, a3, pc + 258
0 0x00000000800001da (0x10d51163)
core   0: 0x00000000800001de (0x0ec59f63) bne     a1, a2, pc + 254
0 0x00000000800001de (0x0ec59f63)
core   0: 0x00000000800001e2 (0x00004199) c.li    gp, 6
0 0x00000000800001e2 (0x4199) x 3 0x0000000000000006
core   0: 0x00000000800001e4 (0x00002e17) auipc   t3, 0x2
0 0x00000000800001e4 (0x00002e17) x28 0x00000000800021e4
core   0: 0x00000000800001e8 (0xf1ce0e13) addi    t3, t3, -228
0 0x00000000800001e8 (0xf1ce0e13) x28 0x0000000080002100
core   0: 0x00000000800001ec (0x003e2c23) sw      gp, 24(t3)
0 0x00000000800001ec (0x003e2c23) mem 0x0000000080002118 0x0000000000000000
core   0: 0x00000000800001f0 (0x00002517) auipc   a0, 0x2
0 0x00000000800001f0 (0x00002517) x10 0x00000000800021f0
core   0: 0x00000000800001f4 (0xe9050513) addi    a0, a0, -368
0 0x00000000800001f4 (0xe9050513) x10 0x0000000080002080
core   0: 0x00000000800001f8 (0x00053007) fld     ft0, 0(a0)
0 0x00000000800001f8 (0x00053007) f 0 0x40c3880000000000
core   0: 0x00000000800001fc (0x00853087) fld     ft1, 8(a0)
0 0x00000000800001fc (0x00853087) f 1 0x0000000000000000
core   0: 0x0000000080000200 (0x01053107) fld     ft2, 16(a0)
0 0x0000000080000200 (0x01053107) f 2 0x0000000000000000
core   0: 0x0000000080000204 (0x00006d14) c.ld    a3, 24(a0)
0 0x0000000080000204 (0x6d14) x13 0x4059000000000000 mem 0x0000000080002098
core   0: 0x0000000080000206 (0x5a0071d3) fsqrt.d ft3, ft0
0 0x0000000080000206 (0x5a0071d3) f 3 0x4059000000000000
core   0: 0x000000008000020a (0xe2018553) fmv.x.d a0, ft3
0 0x000000008000020a (0xe2018553) x10 0x4059000000000000
core   0: 0x000000008000020e (0x001015f3) csrrw   a1, fflags, zero
0 0x000000008000020e (0x001015f3) x11 0x0000000000000000
core   0: 0x0000000080000212 (0x00004601) c.li    a2, 0
0 0x0000000080000212 (0x4601) x12 0x0000000000000000
core   0: 0x0000000080000214 (0x0cd51463) bne     a0, a3, pc + 200
0 0x0000000080000214 (0x0cd51463)
core   0: 0x0000000080000218 (0x0cc59263) bne     a1, a2, pc + 196
0 0x0000000080000218 (0x0cc59263)
core   0: 0x000000008000021c (0x000041c1) c.li    gp, 16
0 0x000000008000021c (0x41c1) x 3 0x0000000000000010
core   0: 0x000000008000021e (0x00002e17) auipc   t3, 0x2
0 0x000000008000021e (0x00002e17) x28 0x000000008000221e
core   0: 0x0000000080000222 (0xee2e0e13) addi    t3, t3, -286
0 0x0000000080000222 (0xee2e0e13) x28 0x0000000080002100
core   0: 0x0000000080000226 (0x043e2023) sw      gp, 64(t3)
0 0x0000000080000226 (0x043e2023) mem 0x0000000080002140 0x0000000000000000
core   0: 0x000000008000022a (0x00002517) auipc   a0, 0x2
0 0x000000008000022a (0x00002517) x10 0x000000008000222a
core   0: 0x000000008000022e (0xe7650513) addi    a0, a0, -394
0 0x000000008000022e (0xe7650513) x10 0x00000000800020a0
core   0: 0x0000000080000232 (0x00053007) fld     ft0, 0(a0)
0 0x0000000080000232 (0x00053007) f 0 0xbff0000000000000
core   0: 0x0000000080000236 (0x00853087) fld     ft1, 8(a0)
0 0x0000000080000236 (0x00853087) f 1 0x0000000000000000
core   0: 0x000000008000023a (0x01053107) fld     ft2, 16(a0)
0 0x000000008000023a (0x01053107) f 2 0x0000000000000000
core   0: 0x000000008000023e (0x00006d14) c.ld    a3, 24(a0)
0 0x000000008000023e (0x6d14) x13 0x7ff8000000000000 mem 0x00000000800020b8
core   0: 0x0000000080000240 (0x5a0071d3) fsqrt.d ft3, ft0
0 0x0000000080000240 (0x5a0071d3) f 3 0x7ff8000000000000
core   0: 0x0000000080000244 (0xe2018553) fmv.x.d a0, ft3
0 0x0000000080000244 (0xe2018553) x10 0x7ff8000000000000
core   0: 0x0000000080000248 (0x001015f3) csrrw   a1, fflags, zero
0 0x0000000080000248 (0x001015f3) x11 0x0000000000000010
core   0: 0x000000008000024c (0x00004641) c.li    a2, 16
0 0x000000008000024c (0x4641) x12 0x0000000000000010
core   0: 0x000000008000024e (0x08d51763) bne     a0, a3, pc + 142
0 0x000000008000024e (0x08d51763)
core   0: 0x0000000080000252 (0x08c59563) bne     a1, a2, pc + 138
0 0x0000000080000252 (0x08c59563)
core   0: 0x0000000080000256 (0x0000419d) c.li    gp, 7
0 0x0000000080000256 (0x419d) x 3 0x0000000000000007
core   0: 0x0000000080000258 (0x00002e17) auipc   t3, 0x2
0 0x0000000080000258 (0x00002e17) x28 0x0000000080002258
core   0: 0x000000008000025c (0xea8e0e13) addi    t3, t3, -344
0 0x000000008000025c (0xea8e0e13) x28 0x0000000080002100
core   0: 0x0000000080000260 (0x003e2e23) sw      gp, 28(t3)
0 0x0000000080000260 (0x003e2e23) mem 0x000000008000211c 0x0000000000000000
core   0: 0x0000000080000264 (0x00002517) auipc   a0, 0x2
0 0x0000000080000264 (0x00002517) x10 0x0000000080002264
core   0: 0x0000000080000268 (0xe5c50513) addi    a0, a0, -420
0 0x0000000080000268 (0xe5c50513) x10 0x00000000800020c0
core   0: 0x000000008000026c (0x00053007) fld     ft0, 0(a0)
0 0x000000008000026c (0x00053007) f 0 0x4065600000000000
core   0: 0x0000000080000270 (0x00853087) fld     ft1, 8(a0)
0 0x0000000080000270 (0x00853087) f 1 0x0000000000000000
core   0: 0x0000000080000274 (0x01053107) fld     ft2, 16(a0)
0 0x0000000080000274 (0x01053107) f 2 0x0000000000000000
core   0: 0x0000000080000278 (0x00006d14) c.ld    a3, 24(a0)
0 0x0000000080000278 (0x6d14) x13 0x402a2744ce9674f5 mem 0x00000000800020d8
core   0: 0x000000008000027a (0x5a0071d3) fsqrt.d ft3, ft0
0 0x000000008000027a (0x5a0071d3) f 3 0x402a2744ce9674f5
core   0: 0x000000008000027e (0xe2018553) fmv.x.d a0, ft3
0 0x000000008000027e (0xe2018553) x10 0x402a2744ce9674f5
core   0: 0x0000000080000282 (0x001015f3) csrrw   a1, fflags, zero
0 0x0000000080000282 (0x001015f3) x11 0x0000000000000001
core   0: 0x0000000080000286 (0x00004605) c.li    a2, 1
0 0x0000000080000286 (0x4605) x12 0x0000000000000001
core   0: 0x0000000080000288 (0x04d51a63) bne     a0, a3, pc + 84
0 0x0000000080000288 (0x04d51a63)
core   0: 0x000000008000028c (0x04c59863) bne     a1, a2, pc + 80
0 0x000000008000028c (0x04c59863)
core   0: 0x0000000080000290 (0x000041a1) c.li    gp, 8
0 0x0000000080000290 (0x41a1) x 3 0x0000000000000008
core   0: 0x0000000080000292 (0x00002e17) auipc   t3, 0x2
0 0x0000000080000292 (0x00002e17) x28 0x0000000080002292
core   0: 0x0000000080000296 (0xe6ee0e13) addi    t3, t3, -402
0 0x0000000080000296 (0xe6ee0e13) x28 0x0000000080002100
core   0: 0x000000008000029a (0x023e2023) sw      gp, 32(t3)
0 0x000000008000029a (0x023e2023) mem 0x0000000080002120 0x0000000000000000
core   0: 0x000000008000029e (0x00002517) auipc   a0, 0x2
0 0x000000008000029e (0x00002517) x10 0x000000008000229e
core   0: 0x00000000800002a2 (0xe4250513) addi    a0, a0, -446
0 0x00000000800002a2 (0xe4250513) x10 0x00000000800020e0
core   0: 0x00000000800002a6 (0x00053007) fld     ft0, 0(a0)
0 0x00000000800002a6 (0x00053007) f 0 0x3e8594dfc70aa105
core   0: 0x00000000800002aa (0x00853087) fld     ft1, 8(a0)
0 0x00000000800002aa (0x00853087) f 1 0x0000000000000000
core   0: 0x00000000800002ae (0x01053107) fld     ft2, 16(a0)
0 0x00000000800002ae (0x01053107) f 2 0x0000000000000000
core   0: 0x00000000800002b2 (0x00006d14) c.ld    a3, 24(a0)
0 0x00000000800002b2 (0x6d14) x13 0x3f3a4789c0e37f99 mem 0x00000000800020f8
core   0: 0x00000000800002b4 (0x5a0071d3) fsqrt.d ft3, ft0
0 0x00000000800002b4 (0x5a0071d3) f 3 0x3f3a4789c0e37f99
core   0: 0x00000000800002b8 (0xe2018553) fmv.x.d a0, ft3
0 0x00000000800002b8 (0xe2018553) x10 0x3f3a4789c0e37f99
core   0: 0x00000000800002bc (0x001015f3) csrrw   a1, fflags, zero
0 0x00000000800002bc (0x001015f3) x11 0x0000000000000001
core   0: 0x00000000800002c0 (0x00004605) c.li    a2, 1
0 0x00000000800002c0 (0x4605) x12 0x0000000000000001
core   0: 0x00000000800002c2 (0x00d51d63) bne     a0, a3, pc + 26
0 0x00000000800002c2 (0x00d51d63)
core   0: 0x00000000800002c6 (0x00c59b63) bne     a1, a2, pc + 22
0 0x00000000800002c6 (0x00c59b63)
core   0: 0x00000000800002ca (0x000041c5) c.li    gp, 17
0 0x00000000800002ca (0x41c5) x 3 0x0000000000000011
core   0: 0x00000000800002cc (0x00002e17) auipc   t3, 0x2
0 0x00000000800002cc (0x00002e17) x28 0x00000000800022cc
core   0: 0x00000000800002d0 (0xe34e0e13) addi    t3, t3, -460
0 0x00000000800002d0 (0xe34e0e13) x28 0x0000000080002100
core   0: 0x00000000800002d4 (0x043e2223) sw      gp, 68(t3)
0 0x00000000800002d4 (0x043e2223) mem 0x0000000080002144 0x0000000000000000
core   0: 0x00000000800002d8 (0x00301d63) bne     zero, gp, pc + 26
0 0x00000000800002d8 (0x00301d63)
core   0: 0x00000000800002f2 (0x0ff0000f) fence   iorw,iorw
0 0x00000000800002f2 (0x0ff0000f)
core   0: 0x00000000800002f6 (0x00004185) c.li    gp, 1
0 0x00000000800002f6 (0x4185) x 3 0x0000000000000001
core   0: 0x00000000800002f8 (0x00002e17) auipc   t3, 0x2
0 0x00000000800002f8 (0x00002e17) x28 0x00000000800022f8
core   0: 0x00000000800002fc (0xe08e0e13) addi    t3, t3, -504
0 0x00000000800002fc (0xe08e0e13) x28 0x0000000080002100
core   0: 0x0000000080000300 (0x003e2023) sw      gp, 0(t3)
0 0x0000000080000300 (0x003e2023) mem 0x0000000080002100 0x0000000000000000
core   0: 0x0000000080000304 (0x00000073) ecall
0 0x0000000080000304 (0x00000073)
