core   0: 0x0000000000010000 (0x00100413) li      s0, 1
3 0x0000000000010000 (0x00100413) x 8 0x0000000000000001
core   0: 0x0000000000010004 (0x01f41413) slli    s0, s0, 31
3 0x0000000000010004 (0x01f41413) x 8 0x0000000080000000
core   0: 0x0000000000010008 (0xf1402573) csrr    a0, mhartid
3 0x0000000000010008 (0xf1402573) x10 0x0000000000000000
core   0: 0x000000000001000c (0x00000597) auipc   a1, 0x0
3 0x000000000001000c (0x00000597) x11 0x000000000001000c
core   0: 0x0000000000010010 (0x07458593) addi    a1, a1, 116
3 0x0000000000010010 (0x07458593) x11 0x0000000000010080
core   0: 0x0000000000010014 (0x00040067) jr      s0
3 0x0000000000010014 (0x00040067)
core   0: 0x0000000080000000 (0x0000a081) c.j     pc + 64
3 0x0000000080000000 (0xa081)
core   0: 0x0000000080000040 (0xf1402573) csrr    a0, mhartid
3 0x0000000080000040 (0xf1402573) x10 0x0000000000000000
core   0: 0x0000000080000044 (0x0000e101) c.bnez  a0, pc + 0
3 0x0000000080000044 (0xe101)
core   0: 0x0000000080000046 (0x00000297) auipc   t0, 0x0
3 0x0000000080000046 (0x00000297) x 5 0x0000000080000046
core   0: 0x000000008000004a (0x01228293) addi    t0, t0, 18
3 0x000000008000004a (0x01228293) x 5 0x0000000080000058
core   0: 0x000000008000004e (0x30529073) csrw    mtvec, t0
3 0x000000008000004e (0x30529073)
core   0: 0x0000000080000052 (0x18005073) csrwi   satp, 0
3 0x0000000080000052 (0x18005073)
core   0: 0x0000000080000056 (0x00000001) c.nop
3 0x0000000080000056 (0x0001)
core   0: 0x0000000080000058 (0x00000297) auipc   t0, 0x0
3 0x0000000080000058 (0x00000297) x 5 0x0000000080000058
core   0: 0x000000008000005c (0x01828293) addi    t0, t0, 24
3 0x000000008000005c (0x01828293) x 5 0x0000000080000070
core   0: 0x0000000080000060 (0x30529073) csrw    mtvec, t0
3 0x0000000080000060 (0x30529073)
core   0: 0x0000000080000064 (0x000052fd) c.li    t0, -1
3 0x0000000080000064 (0x52fd) x 5 0xffffffffffffffff
core   0: 0x0000000080000066 (0x3b029073) csrw    pmpaddr0, t0
3 0x0000000080000066 (0x3b029073)
core   0: 0x000000008000006a (0x000042fd) c.li    t0, 31
3 0x000000008000006a (0x42fd) x 5 0x000000000000001f
core   0: 0x000000008000006c (0x3a029073) csrw    pmpcfg0, t0
3 0x000000008000006c (0x3a029073)
core   0: 0x0000000080000070 (0x00000297) auipc   t0, 0x0
3 0x0000000080000070 (0x00000297) x 5 0x0000000080000070
core   0: 0x0000000080000074 (0x01828293) addi    t0, t0, 24
3 0x0000000080000074 (0x01828293) x 5 0x0000000080000088
core   0: 0x0000000080000078 (0x30529073) csrw    mtvec, t0
3 0x0000000080000078 (0x30529073)
core   0: 0x000000008000007c (0x30205073) csrwi   medeleg, 0
3 0x000000008000007c (0x30205073)
core   0: 0x0000000080000080 (0x30305073) csrwi   mideleg, 0
3 0x0000000080000080 (0x30305073)
core   0: 0x0000000080000084 (0x30405073) csrwi   mie, 0
3 0x0000000080000084 (0x30405073)
core   0: 0x0000000080000088 (0x00004181) c.li    gp, 0
3 0x0000000080000088 (0x4181) x 3 0x0000000000000000
core   0: 0x000000008000008a (0x00000297) auipc   t0, 0x0
3 0x000000008000008a (0x00000297) x 5 0x000000008000008a
core   0: 0x000000008000008e (0xf7a28293) addi    t0, t0, -134
3 0x000000008000008e (0xf7a28293) x 5 0x0000000080000004
core   0: 0x0000000080000092 (0x30529073) csrw    mtvec, t0
3 0x0000000080000092 (0x30529073)
core   0: 0x0000000080000096 (0x00004505) c.li    a0, 1
3 0x0000000080000096 (0x4505) x10 0x0000000000000001
core   0: 0x0000000080000098 (0x0000057e) c.slli  a0, 31
3 0x0000000080000098 (0x057e) x10 0x0000000080000000
core   0: 0x000000008000009a (0x00055763) bgez    a0, pc + 14
3 0x000000008000009a (0x00055763)
core   0: 0x00000000800000a8 (0x80000297) auipc   t0, 0x80000
3 0x00000000800000a8 (0x80000297) x 5 0x00000000000000a8
core   0: 0x00000000800000ac (0xf5828293) addi    t0, t0, -168
3 0x00000000800000ac (0xf5828293) x 5 0x0000000000000000
core   0: 0x00000000800000b0 (0x00028e63) beqz    t0, pc + 28
3 0x00000000800000b0 (0x00028e63)
core   0: 0x00000000800000cc (0x30005073) csrwi   mstatus, 0
3 0x00000000800000cc (0x30005073)
core   0: 0x00000000800000d0 (0x00002537) lui     a0, 0x2
3 0x00000000800000d0 (0x00002537) x10 0x0000000000002000
core   0: 0x00000000800000d4 (0x8005051b) addiw   a0, a0, -2048
3 0x00000000800000d4 (0x8005051b) x10 0x0000000000001800
core   0: 0x00000000800000d8 (0x30052073) csrs    mstatus, a0
3 0x00000000800000d8 (0x30052073)
core   0: 0x00000000800000dc (0x00000297) auipc   t0, 0x0
3 0x00000000800000dc (0x00000297) x 5 0x00000000800000dc
core   0: 0x00000000800000e0 (0x01428293) addi    t0, t0, 20
3 0x00000000800000e0 (0x01428293) x 5 0x00000000800000f0
core   0: 0x00000000800000e4 (0x34129073) csrw    mepc, t0
3 0x00000000800000e4 (0x34129073)
core   0: 0x00000000800000e8 (0xf1402573) csrr    a0, mhartid
3 0x00000000800000e8 (0xf1402573) x10 0x0000000000000000
core   0: 0x00000000800000ec (0x30200073) mret
3 0x00000000800000ec (0x30200073)
core   0: 0x00000000800000f0 (0x00002297) auipc   t0, 0x2
3 0x00000000800000f0 (0x00002297) x 5 0x00000000800020f0
core   0: 0x00000000800000f4 (0xf1028293) addi    t0, t0, -240
3 0x00000000800000f4 (0xf1028293) x 5 0x0000000080002000
core   0: 0x00000000800000f8 (0x00000017) auipc   zero, 0x0
3 0x00000000800000f8 (0x00000017)
core   0: 0x00000000800000fc (0x00000397) auipc   t2, 0x0
3 0x00000000800000fc (0x00000397) x 7 0x00000000800000fc
core   0: 0x0000000080000100 (0xffc38393) addi    t2, t2, -4
3 0x0000000080000100 (0xffc38393) x 7 0x00000000800000f8
core   0: 0x0000000080000104 (0x40700033) sub     zero, zero, t2
3 0x0000000080000104 (0x40700033)
core   0: 0x0000000080000108 (0x0002a023) sw      zero, 0(t0)
3 0x0000000080000108 (0x0002a023) mem 0x0000000080002000 0x0000000000000000
core   0: 0x000000008000010c (0x00000097) auipc   ra, 0x0
3 0x000000008000010c (0x00000097) x 1 0x000000008000010c
core   0: 0x0000000080000110 (0x00000397) auipc   t2, 0x0
3 0x0000000080000110 (0x00000397) x 7 0x0000000080000110
core   0: 0x0000000080000114 (0xffc38393) addi    t2, t2, -4
3 0x0000000080000114 (0xffc38393) x 7 0x000000008000010c
core   0: 0x0000000080000118 (0x407080b3) sub     ra, ra, t2
3 0x0000000080000118 (0x407080b3) x 1 0x0000000000000000
core   0: 0x000000008000011c (0x0012a223) sw      ra, 4(t0)
3 0x000000008000011c (0x0012a223) mem 0x0000000080002004 0x0000000000000000
core   0: 0x0000000080000120 (0x007ff117) auipc   sp, 0x7ff
3 0x0000000080000120 (0x007ff117) x 2 0x00000000807ff120
core   0: 0x0000000080000124 (0x00000397) auipc   t2, 0x0
3 0x0000000080000124 (0x00000397) x 7 0x0000000080000124
core   0: 0x0000000080000128 (0xffc38393) addi    t2, t2, -4
3 0x0000000080000128 (0xffc38393) x 7 0x0000000080000120
core   0: 0x000000008000012c (0x40710133) sub     sp, sp, t2
3 0x000000008000012c (0x40710133) x 2 0x00000000007ff000
core   0: 0x0000000080000130 (0x0022a423) sw      sp, 8(t0)
3 0x0000000080000130 (0x0022a423) mem 0x0000000080002008 0x0000000000000000
core   0: 0x0000000080000134 (0x00001197) auipc   gp, 0x1
3 0x0000000080000134 (0x00001197) x 3 0x0000000080001134
core   0: 0x0000000080000138 (0x00000397) auipc   t2, 0x0
3 0x0000000080000138 (0x00000397) x 7 0x0000000080000138
core   0: 0x000000008000013c (0xffc38393) addi    t2, t2, -4
3 0x000000008000013c (0xffc38393) x 7 0x0000000080000134
core   0: 0x0000000080000140 (0x407181b3) sub     gp, gp, t2
3 0x0000000080000140 (0x407181b3) x 3 0x0000000000001000
core   0: 0x0000000080000144 (0x0032a623) sw      gp, 12(t0)
3 0x0000000080000144 (0x0032a623) mem 0x000000008000200c 0x0000000000000000
core   0: 0x0000000080000148 (0x01234217) auipc   tp, 0x1234
3 0x0000000080000148 (0x01234217) x 4 0x0000000081234148
core   0: 0x000000008000014c (0x00000397) auipc   t2, 0x0
3 0x000000008000014c (0x00000397) x 7 0x000000008000014c
core   0: 0x0000000080000150 (0xffc38393) addi    t2, t2, -4
3 0x0000000080000150 (0xffc38393) x 7 0x0000000080000148
core   0: 0x0000000080000154 (0x40720233) sub     tp, tp, t2
3 0x0000000080000154 (0x40720233) x 4 0x0000000001234000
core   0: 0x0000000080000158 (0x0042a823) sw      tp, 16(t0)
3 0x0000000080000158 (0x0042a823) mem 0x0000000080002010 0x0000000000000000
core   0: 0x000000008000015c (0x00002097) auipc   ra, 0x2
3 0x000000008000015c (0x00002097) x 1 0x000000008000215c
core   0: 0x0000000080000160 (0xeb808093) addi    ra, ra, -328
3 0x0000000080000160 (0xeb808093) x 1 0x0000000080002014
core   0: 0x0000000080000164 (0x80000297) auipc   t0, 0x80000
3 0x0000000080000164 (0x80000297) x 5 0x0000000000000164
core   0: 0x0000000080000168 (0x00000197) auipc   gp, 0x0
3 0x0000000080000168 (0x00000197) x 3 0x0000000080000168
core   0: 0x000000008000016c (0xffc18193) addi    gp, gp, -4
3 0x000000008000016c (0xffc18193) x 3 0x0000000080000164
core   0: 0x0000000080000170 (0x403282b3) sub     t0, t0, gp
3 0x0000000080000170 (0x403282b3) x 5 0xffffffff80000000
core   0: 0x0000000080000174 (0x0050a023) sw      t0, 0(ra)
3 0x0000000080000174 (0x0050a023) mem 0x0000000080002014 0x0000000000000000
core   0: 0x0000000080000178 (0x01234317) auipc   t1, 0x1234
3 0x0000000080000178 (0x01234317) x 6 0x0000000081234178
core   0: 0x000000008000017c (0x00000197) auipc   gp, 0x0
3 0x000000008000017c (0x00000197) x 3 0x000000008000017c
core   0: 0x0000000080000180 (0xffc18193) addi    gp, gp, -4
3 0x0000000080000180 (0xffc18193) x 3 0x0000000080000178
core   0: 0x0000000080000184 (0x40330333) sub     t1, t1, gp
3 0x0000000080000184 (0x40330333) x 6 0x0000000001234000
core   0: 0x0000000080000188 (0x0060a223) sw      t1, 4(ra)
3 0x0000000080000188 (0x0060a223) mem 0x0000000080002018 0x0000000000000000
core   0: 0x000000008000018c (0xfffff397) auipc   t2, 0xfffff
3 0x000000008000018c (0xfffff397) x 7 0x000000007ffff18c
core   0: 0x0000000080000190 (0x00000197) auipc   gp, 0x0
3 0x0000000080000190 (0x00000197) x 3 0x0000000080000190
core   0: 0x0000000080000194 (0xffc18193) addi    gp, gp, -4
3 0x0000000080000194 (0xffc18193) x 3 0x000000008000018c
core   0: 0x0000000080000198 (0x403383b3) sub     t2, t2, gp
3 0x0000000080000198 (0x403383b3) x 7 0xfffffffffffff000
core   0: 0x000000008000019c (0x0070a423) sw      t2, 8(ra)
3 0x000000008000019c (0x0070a423) mem 0x000000008000201c 0x0000000000000000
core   0: 0x00000000800001a0 (0x00001417) auipc   s0, 0x1
3 0x00000000800001a0 (0x00001417) x 8 0x00000000800011a0
core   0: 0x00000000800001a4 (0x00000197) auipc   gp, 0x0
3 0x00000000800001a4 (0x00000197) x 3 0x00000000800001a4
core   0: 0x00000000800001a8 (0xffc18193) addi    gp, gp, -4
3 0x00000000800001a8 (0xffc18193) x 3 0x00000000800001a0
core   0: 0x00000000800001ac (0x40340433) sub     s0, s0, gp
3 0x00000000800001ac (0x40340433) x 8 0x0000000000001000
core   0: 0x00000000800001b0 (0x0080a623) sw      s0, 12(ra)
3 0x00000000800001b0 (0x0080a623) mem 0x0000000080002020 0x0000000000000000
core   0: 0x00000000800001b4 (0x7ffff497) auipc   s1, 0x7ffff
3 0x00000000800001b4 (0x7ffff497) x 9 0x00000000fffff1b4
core   0: 0x00000000800001b8 (0x00000197) auipc   gp, 0x0
3 0x00000000800001b8 (0x00000197) x 3 0x00000000800001b8
core   0: 0x00000000800001bc (0xffc18193) addi    gp, gp, -4
3 0x00000000800001bc (0xffc18193) x 3 0x00000000800001b4
core   0: 0x00000000800001c0 (0x403484b3) sub     s1, s1, gp
3 0x00000000800001c0 (0x403484b3) x 9 0x000000007ffff000
core   0: 0x00000000800001c4 (0x0090a823) sw      s1, 16(ra)
3 0x00000000800001c4 (0x0090a823) mem 0x0000000080002024 0x0000000000000000
core   0: 0x00000000800001c8 (0x00002097) auipc   ra, 0x2
3 0x00000000800001c8 (0x00002097) x 1 0x00000000800021c8
core   0: 0x00000000800001cc (0xe6008093) addi    ra, ra, -416
3 0x00000000800001cc (0xe6008093) x 1 0x0000000080002028
core   0: 0x00000000800001d0 (0x54321517) auipc   a0, 0x54321
3 0x00000000800001d0 (0x54321517) x10 0x00000000d43211d0
core   0: 0x00000000800001d4 (0x00000417) auipc   s0, 0x0
3 0x00000000800001d4 (0x00000417) x 8 0x00000000800001d4
core   0: 0x00000000800001d8 (0xffc40413) addi    s0, s0, -4
3 0x00000000800001d8 (0xffc40413) x 8 0x00000000800001d0
core   0: 0x00000000800001dc (0x00008d01) c.sub   a0, s0
3 0x00000000800001dc (0x8d01) x10 0x0000000054321000
core   0: 0x00000000800001de (0x00a0a023) sw      a0, 0(ra)
3 0x00000000800001de (0x00a0a023) mem 0x0000000080002028 0x0000000000000000
core   0: 0x00000000800001e2 (0x00800597) auipc   a1, 0x800
3 0x00000000800001e2 (0x00800597) x11 0x00000000808001e2
core   0: 0x00000000800001e6 (0x00000417) auipc   s0, 0x0
3 0x00000000800001e6 (0x00000417) x 8 0x00000000800001e6
core   0: 0x00000000800001ea (0xffc40413) addi    s0, s0, -4
3 0x00000000800001ea (0xffc40413) x 8 0x00000000800001e2
core   0: 0x00000000800001ee (0x00008d81) c.sub   a1, s0
3 0x00000000800001ee (0x8d81) x11 0x0000000000800000
core   0: 0x00000000800001f0 (0x00b0a223) sw      a1, 4(ra)
3 0x00000000800001f0 (0x00b0a223) mem 0x000000008000202c 0x0000000000000000
core   0: 0x00000000800001f4 (0x00000617) auipc   a2, 0x0
3 0x00000000800001f4 (0x00000617) x12 0x00000000800001f4
core   0: 0x00000000800001f8 (0x00000417) auipc   s0, 0x0
3 0x00000000800001f8 (0x00000417) x 8 0x00000000800001f8
core   0: 0x00000000800001fc (0xffc40413) addi    s0, s0, -4
3 0x00000000800001fc (0xffc40413) x 8 0x00000000800001f4
core   0: 0x0000000080000200 (0x00008e01) c.sub   a2, s0
3 0x0000000080000200 (0x8e01) x12 0x0000000000000000
core   0: 0x0000000080000202 (0x00c0a423) sw      a2, 8(ra)
3 0x0000000080000202 (0x00c0a423) mem 0x0000000080002030 0x0000000000000000
core   0: 0x0000000080000206 (0x007ff697) auipc   a3, 0x7ff
3 0x0000000080000206 (0x007ff697) x13 0x00000000807ff206
core   0: 0x000000008000020a (0x00000417) auipc   s0, 0x0
3 0x000000008000020a (0x00000417) x 8 0x000000008000020a
core   0: 0x000000008000020e (0xffc40413) addi    s0, s0, -4
3 0x000000008000020e (0xffc40413) x 8 0x0000000080000206
core   0: 0x0000000080000212 (0x00008e81) c.sub   a3, s0
3 0x0000000080000212 (0x8e81) x13 0x00000000007ff000
core   0: 0x0000000080000214 (0x00d0a623) sw      a3, 12(ra)
3 0x0000000080000214 (0x00d0a623) mem 0x0000000080002034 0x0000000000000000
core   0: 0x0000000080000218 (0x00000717) auipc   a4, 0x0
3 0x0000000080000218 (0x00000717) x14 0x0000000080000218
core   0: 0x000000008000021c (0x00000417) auipc   s0, 0x0
3 0x000000008000021c (0x00000417) x 8 0x000000008000021c
core   0: 0x0000000080000220 (0xffc40413) addi    s0, s0, -4
3 0x0000000080000220 (0xffc40413) x 8 0x0000000080000218
core   0: 0x0000000080000224 (0x00008f01) c.sub   a4, s0
3 0x0000000080000224 (0x8f01) x14 0x0000000000000000
core   0: 0x0000000080000226 (0x00e0a823) sw      a4, 16(ra)
3 0x0000000080000226 (0x00e0a823) mem 0x0000000080002038 0x0000000000000000
core   0: 0x000000008000022a (0x00002117) auipc   sp, 0x2
3 0x000000008000022a (0x00002117) x 2 0x000000008000222a
core   0: 0x000000008000022e (0xe1210113) addi    sp, sp, -494
3 0x000000008000022e (0xe1210113) x 2 0x000000008000203c
core   0: 0x0000000080000232 (0x00001797) auipc   a5, 0x1
3 0x0000000080000232 (0x00001797) x15 0x0000000080001232
core   0: 0x0000000080000236 (0x00000217) auipc   tp, 0x0
3 0x0000000080000236 (0x00000217) x 4 0x0000000080000236
core   0: 0x000000008000023a (0xffc20213) addi    tp, tp, -4
3 0x000000008000023a (0xffc20213) x 4 0x0000000080000232
core   0: 0x000000008000023e (0x404787b3) sub     a5, a5, tp
3 0x000000008000023e (0x404787b3) x15 0x0000000000001000
core   0: 0x0000000080000242 (0x0000c03e) c.swsp  a5, 0(sp)
3 0x0000000080000242 (0xc03e) mem 0x000000008000203c 0x0000000000000000
core   0: 0x0000000080000244 (0x00000817) auipc   a6, 0x0
3 0x0000000080000244 (0x00000817) x16 0x0000000080000244
core   0: 0x0000000080000248 (0x00000217) auipc   tp, 0x0
3 0x0000000080000248 (0x00000217) x 4 0x0000000080000248
core   0: 0x000000008000024c (0xffc20213) addi    tp, tp, -4
3 0x000000008000024c (0xffc20213) x 4 0x0000000080000244
core   0: 0x0000000080000250 (0x40480833) sub     a6, a6, tp
3 0x0000000080000250 (0x40480833) x16 0x0000000000000000
core   0: 0x0000000080000254 (0x0000c242) c.swsp  a6, 4(sp)
3 0x0000000080000254 (0xc242) mem 0x0000000080002040 0x0000000000000000
core   0: 0x0000000080000256 (0x00000897) auipc   a7, 0x0
3 0x0000000080000256 (0x00000897) x17 0x0000000080000256
core   0: 0x000000008000025a (0x00000217) auipc   tp, 0x0
3 0x000000008000025a (0x00000217) x 4 0x000000008000025a
core   0: 0x000000008000025e (0xffc20213) addi    tp, tp, -4
3 0x000000008000025e (0xffc20213) x 4 0x0000000080000256
core   0: 0x0000000080000262 (0x404888b3) sub     a7, a7, tp
3 0x0000000080000262 (0x404888b3) x17 0x0000000000000000
core   0: 0x0000000080000266 (0x0000c446) c.swsp  a7, 8(sp)
3 0x0000000080000266 (0xc446) mem 0x0000000080002044 0x0000000000000000
core   0: 0x0000000080000268 (0x007ff917) auipc   s2, 0x7ff
3 0x0000000080000268 (0x007ff917) x18 0x00000000807ff268
core   0: 0x000000008000026c (0x00000217) auipc   tp, 0x0
3 0x000000008000026c (0x00000217) x 4 0x000000008000026c
core   0: 0x0000000080000270 (0xffc20213) addi    tp, tp, -4
3 0x0000000080000270 (0xffc20213) x 4 0x0000000080000268
core   0: 0x0000000080000274 (0x40490933) sub     s2, s2, tp
3 0x0000000080000274 (0x40490933) x18 0x00000000007ff000
core   0: 0x0000000080000278 (0x0000c64a) c.swsp  s2, 12(sp)
3 0x0000000080000278 (0xc64a) mem 0x0000000080002048 0x0000000000000000
core   0: 0x000000008000027a (0x00001997) auipc   s3, 0x1
3 0x000000008000027a (0x00001997) x19 0x000000008000127a
core   0: 0x000000008000027e (0x00000217) auipc   tp, 0x0
3 0x000000008000027e (0x00000217) x 4 0x000000008000027e
core   0: 0x0000000080000282 (0xffc20213) addi    tp, tp, -4
3 0x0000000080000282 (0xffc20213) x 4 0x000000008000027a
core   0: 0x0000000080000286 (0x404989b3) sub     s3, s3, tp
3 0x0000000080000286 (0x404989b3) x19 0x0000000000001000
core   0: 0x000000008000028a (0x0000c84e) c.swsp  s3, 16(sp)
3 0x000000008000028a (0xc84e) mem 0x000000008000204c 0x0000000000000000
core   0: 0x000000008000028c (0x00002097) auipc   ra, 0x2
3 0x000000008000028c (0x00002097) x 1 0x000000008000228c
core   0: 0x0000000080000290 (0xdc408093) addi    ra, ra, -572
3 0x0000000080000290 (0xdc408093) x 1 0x0000000080002050
core   0: 0x0000000080000294 (0x01234a17) auipc   s4, 0x1234
3 0x0000000080000294 (0x01234a17) x20 0x0000000081234294
core   0: 0x0000000080000298 (0x00000197) auipc   gp, 0x0
3 0x0000000080000298 (0x00000197) x 3 0x0000000080000298
core   0: 0x000000008000029c (0xffc18193) addi    gp, gp, -4
3 0x000000008000029c (0xffc18193) x 3 0x0000000080000294
core   0: 0x00000000800002a0 (0x403a0a33) sub     s4, s4, gp
3 0x00000000800002a0 (0x403a0a33) x20 0x0000000001234000
core   0: 0x00000000800002a4 (0x0140a023) sw      s4, 0(ra)
3 0x00000000800002a4 (0x0140a023) mem 0x0000000080002050 0x0000000000000000
core   0: 0x00000000800002a8 (0x80000a97) auipc   s5, 0x80000
3 0x00000000800002a8 (0x80000a97) x21 0x00000000000002a8
core   0: 0x00000000800002ac (0x00000197) auipc   gp, 0x0
3 0x00000000800002ac (0x00000197) x 3 0x00000000800002ac
core   0: 0x00000000800002b0 (0xffc18193) addi    gp, gp, -4
3 0x00000000800002b0 (0xffc18193) x 3 0x00000000800002a8
core   0: 0x00000000800002b4 (0x403a8ab3) sub     s5, s5, gp
3 0x00000000800002b4 (0x403a8ab3) x21 0xffffffff80000000
core   0: 0x00000000800002b8 (0x0150a223) sw      s5, 4(ra)
3 0x00000000800002b8 (0x0150a223) mem 0x0000000080002054 0x0000000000000000
core   0: 0x00000000800002bc (0x01234b17) auipc   s6, 0x1234
3 0x00000000800002bc (0x01234b17) x22 0x00000000812342bc
core   0: 0x00000000800002c0 (0x00000197) auipc   gp, 0x0
3 0x00000000800002c0 (0x00000197) x 3 0x00000000800002c0
core   0: 0x00000000800002c4 (0xffc18193) addi    gp, gp, -4
3 0x00000000800002c4 (0xffc18193) x 3 0x00000000800002bc
core   0: 0x00000000800002c8 (0x403b0b33) sub     s6, s6, gp
3 0x00000000800002c8 (0x403b0b33) x22 0x0000000001234000
core   0: 0x00000000800002cc (0x0160a423) sw      s6, 8(ra)
3 0x00000000800002cc (0x0160a423) mem 0x0000000080002058 0x0000000000000000
core   0: 0x00000000800002d0 (0xfffffb97) auipc   s7, 0xfffff
3 0x00000000800002d0 (0xfffffb97) x23 0x000000007ffff2d0
core   0: 0x00000000800002d4 (0x00000197) auipc   gp, 0x0
3 0x00000000800002d4 (0x00000197) x 3 0x00000000800002d4
core   0: 0x00000000800002d8 (0xffc18193) addi    gp, gp, -4
3 0x00000000800002d8 (0xffc18193) x 3 0x00000000800002d0
core   0: 0x00000000800002dc (0x403b8bb3) sub     s7, s7, gp
3 0x00000000800002dc (0x403b8bb3) x23 0xfffffffffffff000
core   0: 0x00000000800002e0 (0x0170a623) sw      s7, 12(ra)
3 0x00000000800002e0 (0x0170a623) mem 0x000000008000205c 0x0000000000000000
core   0: 0x00000000800002e4 (0x00001c17) auipc   s8, 0x1
3 0x00000000800002e4 (0x00001c17) x24 0x00000000800012e4
core   0: 0x00000000800002e8 (0x00000197) auipc   gp, 0x0
3 0x00000000800002e8 (0x00000197) x 3 0x00000000800002e8
core   0: 0x00000000800002ec (0xffc18193) addi    gp, gp, -4
3 0x00000000800002ec (0xffc18193) x 3 0x00000000800002e4
core   0: 0x00000000800002f0 (0x403c0c33) sub     s8, s8, gp
3 0x00000000800002f0 (0x403c0c33) x24 0x0000000000001000
core   0: 0x00000000800002f4 (0x0180a823) sw      s8, 16(ra)
3 0x00000000800002f4 (0x0180a823) mem 0x0000000080002060 0x0000000000000000
core   0: 0x00000000800002f8 (0x00002097) auipc   ra, 0x2
3 0x00000000800002f8 (0x00002097) x 1 0x00000000800022f8
core   0: 0x00000000800002fc (0xd6c08093) addi    ra, ra, -660
3 0x00000000800002fc (0xd6c08093) x 1 0x0000000080002064
core   0: 0x0000000080000300 (0x7ffffc97) auipc   s9, 0x7ffff
3 0x0000000080000300 (0x7ffffc97) x25 0x00000000fffff300
core   0: 0x0000000080000304 (0x00000417) auipc   s0, 0x0
3 0x0000000080000304 (0x00000417) x 8 0x0000000080000304
core   0: 0x0000000080000308 (0xffc40413) addi    s0, s0, -4
3 0x0000000080000308 (0xffc40413) x 8 0x0000000080000300
core   0: 0x000000008000030c (0x408c8cb3) sub     s9, s9, s0
3 0x000000008000030c (0x408c8cb3) x25 0x000000007ffff000
core   0: 0x0000000080000310 (0x0190a023) sw      s9, 0(ra)
3 0x0000000080000310 (0x0190a023) mem 0x0000000080002064 0x0000000000000000
core   0: 0x0000000080000314 (0x54321d17) auipc   s10, 0x54321
3 0x0000000080000314 (0x54321d17) x26 0x00000000d4321314
core   0: 0x0000000080000318 (0x00000417) auipc   s0, 0x0
3 0x0000000080000318 (0x00000417) x 8 0x0000000080000318
core   0: 0x000000008000031c (0xffc40413) addi    s0, s0, -4
3 0x000000008000031c (0xffc40413) x 8 0x0000000080000314
core   0: 0x0000000080000320 (0x408d0d33) sub     s10, s10, s0
3 0x0000000080000320 (0x408d0d33) x26 0x0000000054321000
core   0: 0x0000000080000324 (0x01a0a223) sw      s10, 4(ra)
3 0x0000000080000324 (0x01a0a223) mem 0x0000000080002068 0x0000000000000000
core   0: 0x0000000080000328 (0x00800d97) auipc   s11, 0x800
3 0x0000000080000328 (0x00800d97) x27 0x0000000080800328
core   0: 0x000000008000032c (0x00000417) auipc   s0, 0x0
3 0x000000008000032c (0x00000417) x 8 0x000000008000032c
core   0: 0x0000000080000330 (0xffc40413) addi    s0, s0, -4
3 0x0000000080000330 (0xffc40413) x 8 0x0000000080000328
core   0: 0x0000000080000334 (0x408d8db3) sub     s11, s11, s0
3 0x0000000080000334 (0x408d8db3) x27 0x0000000000800000
core   0: 0x0000000080000338 (0x01b0a423) sw      s11, 8(ra)
3 0x0000000080000338 (0x01b0a423) mem 0x000000008000206c 0x0000000000000000
core   0: 0x000000008000033c (0x00000e17) auipc   t3, 0x0
3 0x000000008000033c (0x00000e17) x28 0x000000008000033c
core   0: 0x0000000080000340 (0x00000417) auipc   s0, 0x0
3 0x0000000080000340 (0x00000417) x 8 0x0000000080000340
core   0: 0x0000000080000344 (0xffc40413) addi    s0, s0, -4
3 0x0000000080000344 (0xffc40413) x 8 0x000000008000033c
core   0: 0x0000000080000348 (0x408e0e33) sub     t3, t3, s0
3 0x0000000080000348 (0x408e0e33) x28 0x0000000000000000
core   0: 0x000000008000034c (0x01c0a623) sw      t3, 12(ra)
3 0x000000008000034c (0x01c0a623) mem 0x0000000080002070 0x0000000000000000
core   0: 0x0000000080000350 (0x007ffe97) auipc   t4, 0x7ff
3 0x0000000080000350 (0x007ffe97) x29 0x00000000807ff350
core   0: 0x0000000080000354 (0x00000417) auipc   s0, 0x0
3 0x0000000080000354 (0x00000417) x 8 0x0000000080000354
core   0: 0x0000000080000358 (0xffc40413) addi    s0, s0, -4
3 0x0000000080000358 (0xffc40413) x 8 0x0000000080000350
core   0: 0x000000008000035c (0x408e8eb3) sub     t4, t4, s0
3 0x000000008000035c (0x408e8eb3) x29 0x00000000007ff000
core   0: 0x0000000080000360 (0x01d0a823) sw      t4, 16(ra)
3 0x0000000080000360 (0x01d0a823) mem 0x0000000080002074 0x0000000000000000
core   0: 0x0000000080000364 (0x00002117) auipc   sp, 0x2
3 0x0000000080000364 (0x00002117) x 2 0x0000000080002364
core   0: 0x0000000080000368 (0xd1410113) addi    sp, sp, -748
3 0x0000000080000368 (0xd1410113) x 2 0x0000000080002078
core   0: 0x000000008000036c (0x00000f17) auipc   t5, 0x0
3 0x000000008000036c (0x00000f17) x30 0x000000008000036c
core   0: 0x0000000080000370 (0x00000217) auipc   tp, 0x0
3 0x0000000080000370 (0x00000217) x 4 0x0000000080000370
core   0: 0x0000000080000374 (0xffc20213) addi    tp, tp, -4
3 0x0000000080000374 (0xffc20213) x 4 0x000000008000036c
core   0: 0x0000000080000378 (0x404f0f33) sub     t5, t5, tp
3 0x0000000080000378 (0x404f0f33) x30 0x0000000000000000
core   0: 0x000000008000037c (0x0000c07a) c.swsp  t5, 0(sp)
3 0x000000008000037c (0xc07a) mem 0x0000000080002078 0x0000000000000000
core   0: 0x000000008000037e (0x00001f97) auipc   t6, 0x1
3 0x000000008000037e (0x00001f97) x31 0x000000008000137e
core   0: 0x0000000080000382 (0x00000217) auipc   tp, 0x0
3 0x0000000080000382 (0x00000217) x 4 0x0000000080000382
core   0: 0x0000000080000386 (0xffc20213) addi    tp, tp, -4
3 0x0000000080000386 (0xffc20213) x 4 0x000000008000037e
core   0: 0x000000008000038a (0x404f8fb3) sub     t6, t6, tp
3 0x000000008000038a (0x404f8fb3) x31 0x0000000000001000
core   0: 0x000000008000038e (0x0000c27e) c.swsp  t6, 4(sp)
3 0x000000008000038e (0xc27e) mem 0x000000008000207c 0x0000000000000000
core   0: 0x0000000080000390 (0x0ff0000f) fence   iorw,iorw
3 0x0000000080000390 (0x0ff0000f)
core   0: 0x0000000080000394 (0x00004185) c.li    gp, 1
3 0x0000000080000394 (0x4185) x 3 0x0000000000000001
core   0: 0x0000000080000396 (0x00000073) ecall
3 0x0000000080000396 (0x00000073)
