core   0: 0x0000000000010000 (0x00100413) li      s0, 1
3 0x0000000000010000 (0x00100413) x 8 0x0000000000000001
core   0: 0x0000000000010004 (0x01f41413) slli    s0, s0, 31
3 0x0000000000010004 (0x01f41413) x 8 0x0000000080000000
core   0: 0x0000000000010008 (0xf1402573) csrr    a0, mhartid
3 0x0000000000010008 (0xf1402573) x10 0x0000000000000000
core   0: 0x000000000001000c (0x00000597) auipc   a1, 0x0
3 0x000000000001000c (0x00000597) x11 0x000000000001000c
core   0: 0x0000000000010010 (0x07458593) addi    a1, a1, 116
3 0x0000000000010010 (0x07458593) x11 0x0000000000010080
core   0: 0x0000000000010014 (0x00040067) jr      s0
3 0x0000000000010014 (0x00040067)
core   0: 0x0000000080000000 (0x0000a081) c.j     pc + 64
3 0x0000000080000000 (0xa081)
core   0: 0x0000000080000040 (0xf1402573) csrr    a0, mhartid
3 0x0000000080000040 (0xf1402573) x10 0x0000000000000000
core   0: 0x0000000080000044 (0x0000e101) c.bnez  a0, pc + 0
3 0x0000000080000044 (0xe101)
core   0: 0x0000000080000046 (0x00000297) auipc   t0, 0x0
3 0x0000000080000046 (0x00000297) x 5 0x0000000080000046
core   0: 0x000000008000004a (0x01228293) addi    t0, t0, 18
3 0x000000008000004a (0x01228293) x 5 0x0000000080000058
core   0: 0x000000008000004e (0x30529073) csrw    mtvec, t0
3 0x000000008000004e (0x30529073)
core   0: 0x0000000080000052 (0x18005073) csrwi   satp, 0
3 0x0000000080000052 (0x18005073)
core   0: 0x0000000080000056 (0x00000001) c.nop
3 0x0000000080000056 (0x0001)
core   0: 0x0000000080000058 (0x00000297) auipc   t0, 0x0
3 0x0000000080000058 (0x00000297) x 5 0x0000000080000058
core   0: 0x000000008000005c (0x01828293) addi    t0, t0, 24
3 0x000000008000005c (0x01828293) x 5 0x0000000080000070
core   0: 0x0000000080000060 (0x30529073) csrw    mtvec, t0
3 0x0000000080000060 (0x30529073)
core   0: 0x0000000080000064 (0x000052fd) c.li    t0, -1
3 0x0000000080000064 (0x52fd) x 5 0xffffffffffffffff
core   0: 0x0000000080000066 (0x3b029073) csrw    pmpaddr0, t0
3 0x0000000080000066 (0x3b029073)
core   0: 0x000000008000006a (0x000042fd) c.li    t0, 31
3 0x000000008000006a (0x42fd) x 5 0x000000000000001f
core   0: 0x000000008000006c (0x3a029073) csrw    pmpcfg0, t0
3 0x000000008000006c (0x3a029073)
core   0: 0x0000000080000070 (0x00000297) auipc   t0, 0x0
3 0x0000000080000070 (0x00000297) x 5 0x0000000080000070
core   0: 0x0000000080000074 (0x01828293) addi    t0, t0, 24
3 0x0000000080000074 (0x01828293) x 5 0x0000000080000088
core   0: 0x0000000080000078 (0x30529073) csrw    mtvec, t0
3 0x0000000080000078 (0x30529073)
core   0: 0x000000008000007c (0x30205073) csrwi   medeleg, 0
3 0x000000008000007c (0x30205073)
core   0: 0x0000000080000080 (0x30305073) csrwi   mideleg, 0
3 0x0000000080000080 (0x30305073)
core   0: 0x0000000080000084 (0x30405073) csrwi   mie, 0
3 0x0000000080000084 (0x30405073)
core   0: 0x0000000080000088 (0x00004181) c.li    gp, 0
3 0x0000000080000088 (0x4181) x 3 0x0000000000000000
core   0: 0x000000008000008a (0x00000297) auipc   t0, 0x0
3 0x000000008000008a (0x00000297) x 5 0x000000008000008a
core   0: 0x000000008000008e (0xf7a28293) addi    t0, t0, -134
3 0x000000008000008e (0xf7a28293) x 5 0x0000000080000004
core   0: 0x0000000080000092 (0x30529073) csrw    mtvec, t0
3 0x0000000080000092 (0x30529073)
core   0: 0x0000000080000096 (0x00004505) c.li    a0, 1
3 0x0000000080000096 (0x4505) x10 0x0000000000000001
core   0: 0x0000000080000098 (0x0000057e) c.slli  a0, 31
3 0x0000000080000098 (0x057e) x10 0x0000000080000000
core   0: 0x000000008000009a (0x00055763) bgez    a0, pc + 14
3 0x000000008000009a (0x00055763)
core   0: 0x00000000800000a8 (0x80000297) auipc   t0, 0x80000
3 0x00000000800000a8 (0x80000297) x 5 0x00000000000000a8
core   0: 0x00000000800000ac (0xf5828293) addi    t0, t0, -168
3 0x00000000800000ac (0xf5828293) x 5 0x0000000000000000
core   0: 0x00000000800000b0 (0x00028e63) beqz    t0, pc + 28
3 0x00000000800000b0 (0x00028e63)
core   0: 0x00000000800000cc (0x30005073) csrwi   mstatus, 0
3 0x00000000800000cc (0x30005073)
core   0: 0x00000000800000d0 (0x00002537) lui     a0, 0x2
3 0x00000000800000d0 (0x00002537) x10 0x0000000000002000
core   0: 0x00000000800000d4 (0x8005051b) addiw   a0, a0, -2048
3 0x00000000800000d4 (0x8005051b) x10 0x0000000000001800
core   0: 0x00000000800000d8 (0x30052073) csrs    mstatus, a0
3 0x00000000800000d8 (0x30052073)
core   0: 0x00000000800000dc (0x00000297) auipc   t0, 0x0
3 0x00000000800000dc (0x00000297) x 5 0x00000000800000dc
core   0: 0x00000000800000e0 (0x01428293) addi    t0, t0, 20
3 0x00000000800000e0 (0x01428293) x 5 0x00000000800000f0
core   0: 0x00000000800000e4 (0x34129073) csrw    mepc, t0
3 0x00000000800000e4 (0x34129073)
core   0: 0x00000000800000e8 (0xf1402573) csrr    a0, mhartid
3 0x00000000800000e8 (0xf1402573) x10 0x0000000000000000
core   0: 0x00000000800000ec (0x30200073) mret
3 0x00000000800000ec (0x30200073)
core   0: 0x00000000800000f0 (0x00002797) auipc   a5, 0x2
3 0x00000000800000f0 (0x00002797) x15 0x00000000800020f0
core   0: 0x00000000800000f4 (0xf1078793) addi    a5, a5, -240
3 0x00000000800000f4 (0xf1078793) x15 0x0000000080002000
core   0: 0x00000000800000f8 (0x00004085) c.li    ra, 1
3 0x00000000800000f8 (0x4085) x 1 0x0000000000000001
core   0: 0x00000000800000fa (0x00004181) c.li    gp, 0
3 0x00000000800000fa (0x4181) x 3 0x0000000000000000
core   0: 0x00000000800000fc (0x000052fd) c.li    t0, -1
3 0x00000000800000fc (0x52fd) x 5 0xffffffffffffffff
core   0: 0x00000000800000fe (0x80000db7) lui     s11, 0x80000
3 0x00000000800000fe (0x80000db7) x27 0xffffffff80000000
core   0: 0x0000000080000102 (0xfffd8d9b) addiw   s11, s11, -1
3 0x0000000080000102 (0xfffd8d9b) x27 0x000000007fffffff
core   0: 0x0000000080000106 (0x00100e9b) addiw   t4, zero, 1
3 0x0000000080000106 (0x00100e9b) x29 0x0000000000000001
core   0: 0x000000008000010a (0x01fe9e93) slli    t4, t4, 31
3 0x000000008000010a (0x01fe9e93) x29 0x0000000080000000
core   0: 0x000000008000010e (0x34001073) csrw    mscratch, zero
3 0x000000008000010e (0x34001073)
core   0: 0x0000000080000112 (0x34009173) csrrw   sp, mscratch, ra
3 0x0000000080000112 (0x34009173) x 2 0x0000000000000000
core   0: 0x0000000080000116 (0x34019273) csrrw   tp, mscratch, gp
3 0x0000000080000116 (0x34019273) x 4 0x0000000000000001
core   0: 0x000000008000011a (0x34029373) csrrw   t1, mscratch, t0
3 0x000000008000011a (0x34029373) x 6 0x0000000000000000
core   0: 0x000000008000011e (0x340d9e73) csrrw   t3, mscratch, s11
3 0x000000008000011e (0x340d9e73) x28 0xffffffffffffffff
core   0: 0x0000000080000122 (0x340e9f73) csrrw   t5, mscratch, t4
3 0x0000000080000122 (0x340e9f73) x30 0x000000007fffffff
core   0: 0x0000000080000126 (0x34001ff3) csrrw   t6, mscratch, zero
3 0x0000000080000126 (0x34001ff3) x31 0x0000000080000000
core   0: 0x000000008000012a (0x0027a023) sw      sp, 0(a5)
3 0x000000008000012a (0x0027a023) mem 0x0000000080002000 0x0000000000000000
core   0: 0x000000008000012e (0x0047a223) sw      tp, 4(a5)
3 0x000000008000012e (0x0047a223) mem 0x0000000080002004 0x0000000000000000
core   0: 0x0000000080000132 (0x0067a423) sw      t1, 8(a5)
3 0x0000000080000132 (0x0067a423) mem 0x0000000080002008 0x0000000000000000
core   0: 0x0000000080000136 (0x01c7a623) sw      t3, 12(a5)
3 0x0000000080000136 (0x01c7a623) mem 0x000000008000200c 0x0000000000000000
core   0: 0x000000008000013a (0x01e7a823) sw      t5, 16(a5)
3 0x000000008000013a (0x01e7a823) mem 0x0000000080002010 0x0000000000000000
core   0: 0x000000008000013e (0x01f7aa23) sw      t6, 20(a5)
3 0x000000008000013e (0x01f7aa23) mem 0x0000000080002014 0x000000007fffffff
core   0: 0x0000000080000142 (0x00002d17) auipc   s10, 0x2
3 0x0000000080000142 (0x00002d17) x26 0x0000000080002142
core   0: 0x0000000080000146 (0xed6d0d13) addi    s10, s10, -298
3 0x0000000080000146 (0xed6d0d13) x26 0x0000000080002018
core   0: 0x000000008000014a (0x123450b7) lui     ra, 0x12345
3 0x000000008000014a (0x123450b7) x 1 0x0000000012345000
core   0: 0x000000008000014e (0x6780809b) addiw   ra, ra, 1656
3 0x000000008000014e (0x6780809b) x 1 0x0000000012345678
core   0: 0x0000000080000152 (0x0004d137) lui     sp, 0x4d
3 0x0000000080000152 (0x0004d137) x 2 0x000000000004d000
core   0: 0x0000000080000156 (0x5e71011b) addiw   sp, sp, 1511
3 0x0000000080000156 (0x5e71011b) x 2 0x000000000004d5e7
core   0: 0x000000008000015a (0x00d11113) slli    sp, sp, 13
3 0x000000008000015a (0x00d11113) x 2 0x000000009abce000
core   0: 0x000000008000015e (0xef010113) addi    sp, sp, -272
3 0x000000008000015e (0xef010113) x 2 0x000000009abcdef0
core   0: 0x0000000080000162 (0x34009073) csrw    mscratch, ra
3 0x0000000080000162 (0x34009073)
core   0: 0x0000000080000166 (0x340111f3) csrrw   gp, mscratch, sp
3 0x0000000080000166 (0x340111f3) x 3 0x0000000012345678
core   0: 0x000000008000016a (0x34019273) csrrw   tp, mscratch, gp
3 0x000000008000016a (0x34019273) x 4 0x000000009abcdef0
core   0: 0x000000008000016e (0x340212f3) csrrw   t0, mscratch, tp
3 0x000000008000016e (0x340212f3) x 5 0x0000000012345678
core   0: 0x0000000080000172 (0x34001373) csrrw   t1, mscratch, zero
3 0x0000000080000172 (0x34001373) x 6 0x000000009abcdef0
core   0: 0x0000000080000176 (0x003d2023) sw      gp, 0(s10)
3 0x0000000080000176 (0x003d2023) mem 0x0000000080002018 0x0000000000000000
core   0: 0x000000008000017a (0x004d2223) sw      tp, 4(s10)
3 0x000000008000017a (0x004d2223) mem 0x000000008000201c 0x0000000000000000
core   0: 0x000000008000017e (0x005d2423) sw      t0, 8(s10)
3 0x000000008000017e (0x005d2423) mem 0x0000000080002020 0x0000000000000000
core   0: 0x0000000080000182 (0x006d2623) sw      t1, 12(s10)
3 0x0000000080000182 (0x006d2623) mem 0x0000000080002024 0x9abcdef012345678
core   0: 0x0000000080000186 (0x00002097) auipc   ra, 0x2
3 0x0000000080000186 (0x00002097) x 1 0x0000000080002186
core   0: 0x000000008000018a (0xea208093) addi    ra, ra, -350
3 0x000000008000018a (0xea208093) x 1 0x0000000080002028
core   0: 0x000000008000018e (0x42727137) lui     sp, 0x42727
3 0x000000008000018e (0x42727137) x 2 0x0000000042727000
core   0: 0x0000000080000192 (0xe6f1011b) addiw   sp, sp, -401
3 0x0000000080000192 (0xe6f1011b) x 2 0x0000000042726e6f
core   0: 0x0000000080000196 (0x34011073) csrw    mscratch, sp
3 0x0000000080000196 (0x34011073)
core   0: 0x000000008000019a (0x34001073) csrw    mscratch, zero
3 0x000000008000019a (0x34001073)
core   0: 0x000000008000019e (0x0000a023) sw      zero, 0(ra)
3 0x000000008000019e (0x0000a023) mem 0x0000000080002028 0x0000000000000000
core   0: 0x00000000800001a2 (0x00002117) auipc   sp, 0x2
3 0x00000000800001a2 (0x00002117) x 2 0x00000000800021a2
core   0: 0x00000000800001a6 (0xe8a10113) addi    sp, sp, -374
3 0x00000000800001a6 (0xe8a10113) x 2 0x000000008000202c
core   0: 0x00000000800001aa (0x000f8db7) lui     s11, 0xf8
3 0x00000000800001aa (0x000f8db7) x27 0x00000000000f8000
core   0: 0x00000000800001ae (0xff9d8d9b) addiw   s11, s11, -7
3 0x00000000800001ae (0xff9d8d9b) x27 0x00000000000f7ff9
core   0: 0x00000000800001b2 (0x00cd9d93) slli    s11, s11, 12
3 0x00000000800001b2 (0x00cd9d93) x27 0x00000000f7ff9000
core   0: 0x00000000800001b6 (0x818d8d93) addi    s11, s11, -2024
3 0x00000000800001b6 (0x818d8d93) x27 0x00000000f7ff8818
core   0: 0x00000000800001ba (0x340d9073) csrw    mscratch, s11
3 0x00000000800001ba (0x340d9073)
core   0: 0x00000000800001be (0x34001073) csrw    mscratch, zero
3 0x00000000800001be (0x34001073)
core   0: 0x00000000800001c2 (0x34001073) csrw    mscratch, zero
3 0x00000000800001c2 (0x34001073)
core   0: 0x00000000800001c6 (0x340012f3) csrrw   t0, mscratch, zero
3 0x00000000800001c6 (0x340012f3) x 5 0x0000000000000000
core   0: 0x00000000800001ca (0x0000c002) c.swsp  zero, 0(sp)
3 0x00000000800001ca (0xc002) mem 0x000000008000202c 0x0000000000000000
core   0: 0x00000000800001cc (0x0000c216) c.swsp  t0, 4(sp)
3 0x00000000800001cc (0xc216) mem 0x0000000080002030 0x0000000000000000
core   0: 0x00000000800001ce (0x00002117) auipc   sp, 0x2
3 0x00000000800001ce (0x00002117) x 2 0x00000000800021ce
core   0: 0x00000000800001d2 (0xe6610113) addi    sp, sp, -410
3 0x00000000800001d2 (0xe6610113) x 2 0x0000000080002034
core   0: 0x00000000800001d6 (0x321653b7) lui     t2, 0x32165
3 0x00000000800001d6 (0x321653b7) x 7 0x0000000032165000
core   0: 0x00000000800001da (0x4983839b) addiw   t2, t2, 1176
3 0x00000000800001da (0x4983839b) x 7 0x0000000032165498
core   0: 0x00000000800001de (0x14726337) lui     t1, 0x14726
3 0x00000000800001de (0x14726337) x 6 0x0000000014726000
core   0: 0x00000000800001e2 (0x8363031b) addiw   t1, t1, -1994
3 0x00000000800001e2 (0x8363031b) x 6 0x0000000014725836
core   0: 0x00000000800001e6 (0x000962b7) lui     t0, 0x96
3 0x00000000800001e6 (0x000962b7) x 5 0x0000000000096000
core   0: 0x00000000800001ea (0x3852829b) addiw   t0, t0, 901
3 0x00000000800001ea (0x3852829b) x 5 0x0000000000096385
core   0: 0x00000000800001ee (0x00c29293) slli    t0, t0, 12
3 0x00000000800001ee (0x00c29293) x 5 0x0000000096385000
core   0: 0x00000000800001f2 (0x27428293) addi    t0, t0, 628
3 0x00000000800001f2 (0x27428293) x 5 0x0000000096385274
core   0: 0x00000000800001f6 (0x34031073) csrw    mscratch, t1
3 0x00000000800001f6 (0x34031073)
core   0: 0x00000000800001fa (0x340292f3) csrrw   t0, mscratch, t0
3 0x00000000800001fa (0x340292f3) x 5 0x0000000014725836
core   0: 0x00000000800001fe (0x340393f3) csrrw   t2, mscratch, t2
3 0x00000000800001fe (0x340393f3) x 7 0x0000000096385274
core   0: 0x0000000080000202 (0x34001473) csrrw   s0, mscratch, zero
3 0x0000000080000202 (0x34001473) x 8 0x0000000032165498
core   0: 0x0000000080000206 (0x0000c016) c.swsp  t0, 0(sp)
3 0x0000000080000206 (0xc016) mem 0x0000000080002034 0x0000000000000000
core   0: 0x0000000080000208 (0x0000c21e) c.swsp  t2, 4(sp)
3 0x0000000080000208 (0xc21e) mem 0x0000000080002038 0x0000000000000000
core   0: 0x000000008000020a (0x0000c422) c.swsp  s0, 8(sp)
3 0x000000008000020a (0xc422) mem 0x000000008000203c 0x0000000000000000
core   0: 0x000000008000020c (0x0ff0000f) fence   iorw,iorw
3 0x000000008000020c (0x0ff0000f)
core   0: 0x0000000080000210 (0x00004185) c.li    gp, 1
3 0x0000000080000210 (0x4185) x 3 0x0000000000000001
core   0: 0x0000000080000212 (0x00000073) ecall
3 0x0000000080000212 (0x00000073)
