core   0: 0x0000000000010000 (0x00100413) li      s0, 1
3 0x0000000000010000 (0x00100413) x 8 0x0000000000000001
core   0: 0x0000000000010004 (0x01f41413) slli    s0, s0, 31
3 0x0000000000010004 (0x01f41413) x 8 0x0000000080000000
core   0: 0x0000000000010008 (0xf1402573) csrr    a0, mhartid
3 0x0000000000010008 (0xf1402573) x10 0x0000000000000000
core   0: 0x000000000001000c (0x00000597) auipc   a1, 0x0
3 0x000000000001000c (0x00000597) x11 0x000000000001000c
core   0: 0x0000000000010010 (0x07458593) addi    a1, a1, 116
3 0x0000000000010010 (0x07458593) x11 0x0000000000010080
core   0: 0x0000000000010014 (0x00040067) jr      s0
3 0x0000000000010014 (0x00040067)
core   0: 0x0000000080000000 (0x0000a081) c.j     pc + 64
3 0x0000000080000000 (0xa081)
core   0: 0x0000000080000040 (0xf1402573) csrr    a0, mhartid
3 0x0000000080000040 (0xf1402573) x10 0x0000000000000000
core   0: 0x0000000080000044 (0x0000e101) c.bnez  a0, pc + 0
3 0x0000000080000044 (0xe101)
core   0: 0x0000000080000046 (0x00000297) auipc   t0, 0x0
3 0x0000000080000046 (0x00000297) x 5 0x0000000080000046
core   0: 0x000000008000004a (0x01228293) addi    t0, t0, 18
3 0x000000008000004a (0x01228293) x 5 0x0000000080000058
core   0: 0x000000008000004e (0x30529073) csrw    mtvec, t0
3 0x000000008000004e (0x30529073)
core   0: 0x0000000080000052 (0x18005073) csrwi   satp, 0
3 0x0000000080000052 (0x18005073)
core   0: 0x0000000080000056 (0x00000001) c.nop
3 0x0000000080000056 (0x0001)
core   0: 0x0000000080000058 (0x00000297) auipc   t0, 0x0
3 0x0000000080000058 (0x00000297) x 5 0x0000000080000058
core   0: 0x000000008000005c (0x01828293) addi    t0, t0, 24
3 0x000000008000005c (0x01828293) x 5 0x0000000080000070
core   0: 0x0000000080000060 (0x30529073) csrw    mtvec, t0
3 0x0000000080000060 (0x30529073)
core   0: 0x0000000080000064 (0x000052fd) c.li    t0, -1
3 0x0000000080000064 (0x52fd) x 5 0xffffffffffffffff
core   0: 0x0000000080000066 (0x3b029073) csrw    pmpaddr0, t0
3 0x0000000080000066 (0x3b029073)
core   0: 0x000000008000006a (0x000042fd) c.li    t0, 31
3 0x000000008000006a (0x42fd) x 5 0x000000000000001f
core   0: 0x000000008000006c (0x3a029073) csrw    pmpcfg0, t0
3 0x000000008000006c (0x3a029073)
core   0: 0x0000000080000070 (0x00000297) auipc   t0, 0x0
3 0x0000000080000070 (0x00000297) x 5 0x0000000080000070
core   0: 0x0000000080000074 (0x01828293) addi    t0, t0, 24
3 0x0000000080000074 (0x01828293) x 5 0x0000000080000088
core   0: 0x0000000080000078 (0x30529073) csrw    mtvec, t0
3 0x0000000080000078 (0x30529073)
core   0: 0x000000008000007c (0x30205073) csrwi   medeleg, 0
3 0x000000008000007c (0x30205073)
core   0: 0x0000000080000080 (0x30305073) csrwi   mideleg, 0
3 0x0000000080000080 (0x30305073)
core   0: 0x0000000080000084 (0x30405073) csrwi   mie, 0
3 0x0000000080000084 (0x30405073)
core   0: 0x0000000080000088 (0x00004181) c.li    gp, 0
3 0x0000000080000088 (0x4181) x 3 0x0000000000000000
core   0: 0x000000008000008a (0x00000297) auipc   t0, 0x0
3 0x000000008000008a (0x00000297) x 5 0x000000008000008a
core   0: 0x000000008000008e (0xf7a28293) addi    t0, t0, -134
3 0x000000008000008e (0xf7a28293) x 5 0x0000000080000004
core   0: 0x0000000080000092 (0x30529073) csrw    mtvec, t0
3 0x0000000080000092 (0x30529073)
core   0: 0x0000000080000096 (0x00004505) c.li    a0, 1
3 0x0000000080000096 (0x4505) x10 0x0000000000000001
core   0: 0x0000000080000098 (0x0000057e) c.slli  a0, 31
3 0x0000000080000098 (0x057e) x10 0x0000000080000000
core   0: 0x000000008000009a (0x00055763) bgez    a0, pc + 14
3 0x000000008000009a (0x00055763)
core   0: 0x00000000800000a8 (0x80000297) auipc   t0, 0x80000
3 0x00000000800000a8 (0x80000297) x 5 0x00000000000000a8
core   0: 0x00000000800000ac (0xf5828293) addi    t0, t0, -168
3 0x00000000800000ac (0xf5828293) x 5 0x0000000000000000
core   0: 0x00000000800000b0 (0x00028e63) beqz    t0, pc + 28
3 0x00000000800000b0 (0x00028e63)
core   0: 0x00000000800000cc (0x30005073) csrwi   mstatus, 0
3 0x00000000800000cc (0x30005073)
core   0: 0x00000000800000d0 (0x00002537) lui     a0, 0x2
3 0x00000000800000d0 (0x00002537) x10 0x0000000000002000
core   0: 0x00000000800000d4 (0x8005051b) addiw   a0, a0, -2048
3 0x00000000800000d4 (0x8005051b) x10 0x0000000000001800
core   0: 0x00000000800000d8 (0x30052073) csrs    mstatus, a0
3 0x00000000800000d8 (0x30052073)
core   0: 0x00000000800000dc (0x00000297) auipc   t0, 0x0
3 0x00000000800000dc (0x00000297) x 5 0x00000000800000dc
core   0: 0x00000000800000e0 (0x01428293) addi    t0, t0, 20
3 0x00000000800000e0 (0x01428293) x 5 0x00000000800000f0
core   0: 0x00000000800000e4 (0x34129073) csrw    mepc, t0
3 0x00000000800000e4 (0x34129073)
core   0: 0x00000000800000e8 (0xf1402573) csrr    a0, mhartid
3 0x00000000800000e8 (0xf1402573) x10 0x0000000000000000
core   0: 0x00000000800000ec (0x30200073) mret
3 0x00000000800000ec (0x30200073)
core   0: 0x00000000800000f0 (0x00002797) auipc   a5, 0x2
3 0x00000000800000f0 (0x00002797) x15 0x00000000800020f0
core   0: 0x00000000800000f4 (0xf1078793) addi    a5, a5, -240
3 0x00000000800000f4 (0xf1078793) x15 0x0000000080002000
core   0: 0x00000000800000f8 (0x00004085) c.li    ra, 1
3 0x00000000800000f8 (0x4085) x 1 0x0000000000000001
core   0: 0x00000000800000fa (0x00004101) c.li    sp, 0
3 0x00000000800000fa (0x4101) x 2 0x0000000000000000
core   0: 0x00000000800000fc (0x7ff101b7) lui     gp, 0x7ff10
3 0x00000000800000fc (0x7ff101b7) x 3 0x000000007ff10000
core   0: 0x0000000080000100 (0xfff1819b) addiw   gp, gp, -1
3 0x0000000080000100 (0xfff1819b) x 3 0x000000007ff0ffff
core   0: 0x0000000080000104 (0x0010021b) addiw   tp, zero, 1
3 0x0000000080000104 (0x0010021b) x 4 0x0000000000000001
core   0: 0x0000000080000108 (0x01f21213) slli    tp, tp, 31
3 0x0000000080000108 (0x01f21213) x 4 0x0000000080000000
core   0: 0x000000008000010c (0x000052fd) c.li    t0, -1
3 0x000000008000010c (0x52fd) x 5 0xffffffffffffffff
core   0: 0x000000008000010e (0x34001073) csrw    mscratch, zero
3 0x000000008000010e (0x34001073)
core   0: 0x0000000080000112 (0x3400a0f3) csrrs   ra, mscratch, ra
3 0x0000000080000112 (0x3400a0f3) x 1 0x0000000000000000
core   0: 0x0000000080000116 (0x340010f3) csrrw   ra, mscratch, zero
3 0x0000000080000116 (0x340010f3) x 1 0x0000000000000001
core   0: 0x000000008000011a (0x34012173) csrrs   sp, mscratch, sp
3 0x000000008000011a (0x34012173) x 2 0x0000000000000000
core   0: 0x000000008000011e (0x34001173) csrrw   sp, mscratch, zero
3 0x000000008000011e (0x34001173) x 2 0x0000000000000000
core   0: 0x0000000080000122 (0x3401a1f3) csrrs   gp, mscratch, gp
3 0x0000000080000122 (0x3401a1f3) x 3 0x0000000000000000
core   0: 0x0000000080000126 (0x340011f3) csrrw   gp, mscratch, zero
3 0x0000000080000126 (0x340011f3) x 3 0x000000007ff0ffff
core   0: 0x000000008000012a (0x34022273) csrrs   tp, mscratch, tp
3 0x000000008000012a (0x34022273) x 4 0x0000000000000000
core   0: 0x000000008000012e (0x34001273) csrrw   tp, mscratch, zero
3 0x000000008000012e (0x34001273) x 4 0x0000000080000000
core   0: 0x0000000080000132 (0x3402a2f3) csrrs   t0, mscratch, t0
3 0x0000000080000132 (0x3402a2f3) x 5 0x0000000000000000
core   0: 0x0000000080000136 (0x340012f3) csrrw   t0, mscratch, zero
3 0x0000000080000136 (0x340012f3) x 5 0xffffffffffffffff
core   0: 0x000000008000013a (0x0007a023) sw      zero, 0(a5)
3 0x000000008000013a (0x0007a023) mem 0x0000000080002000 0x0000000000000000
core   0: 0x000000008000013e (0x0017a223) sw      ra, 4(a5)
3 0x000000008000013e (0x0017a223) mem 0x0000000080002004 0x0000000000000000
core   0: 0x0000000080000142 (0x0027a423) sw      sp, 8(a5)
3 0x0000000080000142 (0x0027a423) mem 0x0000000080002008 0x0000000000000000
core   0: 0x0000000080000146 (0x0037a623) sw      gp, 12(a5)
3 0x0000000080000146 (0x0037a623) mem 0x000000008000200c 0x0000000000000000
core   0: 0x000000008000014a (0x0047a823) sw      tp, 16(a5)
3 0x000000008000014a (0x0047a823) mem 0x0000000080002010 0x0000000000000000
core   0: 0x000000008000014e (0x0057aa23) sw      t0, 20(a5)
3 0x000000008000014e (0x0057aa23) mem 0x0000000080002014 0x0000000080000000
core   0: 0x0000000080000152 (0x00002297) auipc   t0, 0x2
3 0x0000000080000152 (0x00002297) x 5 0x0000000080002152
core   0: 0x0000000080000156 (0xec628293) addi    t0, t0, -314
3 0x0000000080000156 (0xec628293) x 5 0x0000000080002018
core   0: 0x000000008000015a (0x00004585) c.li    a1, 1
3 0x000000008000015a (0x4585) x11 0x0000000000000001
core   0: 0x000000008000015c (0x00004601) c.li    a2, 0
3 0x000000008000015c (0x4601) x12 0x0000000000000000
core   0: 0x000000008000015e (0x7ff106b7) lui     a3, 0x7ff10
3 0x000000008000015e (0x7ff106b7) x13 0x000000007ff10000
core   0: 0x0000000080000162 (0xfff6869b) addiw   a3, a3, -1
3 0x0000000080000162 (0xfff6869b) x13 0x000000007ff0ffff
core   0: 0x0000000080000166 (0x0010071b) addiw   a4, zero, 1
3 0x0000000080000166 (0x0010071b) x14 0x0000000000000001
core   0: 0x000000008000016a (0x01f71713) slli    a4, a4, 31
3 0x000000008000016a (0x01f71713) x14 0x0000000080000000
core   0: 0x000000008000016e (0x000057fd) c.li    a5, -1
3 0x000000008000016e (0x57fd) x15 0xffffffffffffffff
core   0: 0x0000000080000170 (0x34001073) csrw    mscratch, zero
3 0x0000000080000170 (0x34001073)
core   0: 0x0000000080000174 (0x3405a5f3) csrrs   a1, mscratch, a1
3 0x0000000080000174 (0x3405a5f3) x11 0x0000000000000000
core   0: 0x0000000080000178 (0x34062673) csrrs   a2, mscratch, a2
3 0x0000000080000178 (0x34062673) x12 0x0000000000000001
core   0: 0x000000008000017c (0x3406a6f3) csrrs   a3, mscratch, a3
3 0x000000008000017c (0x3406a6f3) x13 0x0000000000000001
core   0: 0x0000000080000180 (0x34072773) csrrs   a4, mscratch, a4
3 0x0000000080000180 (0x34072773) x14 0x000000007ff0ffff
core   0: 0x0000000080000184 (0x3407a7f3) csrrs   a5, mscratch, a5
3 0x0000000080000184 (0x3407a7f3) x15 0x00000000fff0ffff
core   0: 0x0000000080000188 (0x34002873) csrr    a6, mscratch
3 0x0000000080000188 (0x34002873) x16 0xffffffffffffffff
core   0: 0x000000008000018c (0x00b2a023) sw      a1, 0(t0)
3 0x000000008000018c (0x00b2a023) mem 0x0000000080002018 0x0000000000000000
core   0: 0x0000000080000190 (0x00c2a223) sw      a2, 4(t0)
3 0x0000000080000190 (0x00c2a223) mem 0x000000008000201c 0x0000000000000000
core   0: 0x0000000080000194 (0x00d2a423) sw      a3, 8(t0)
3 0x0000000080000194 (0x00d2a423) mem 0x0000000080002020 0x0000000000000000
core   0: 0x0000000080000198 (0x00e2a623) sw      a4, 12(t0)
3 0x0000000080000198 (0x00e2a623) mem 0x0000000080002024 0x0000000000000000
core   0: 0x000000008000019c (0x00f2a823) sw      a5, 16(t0)
3 0x000000008000019c (0x00f2a823) mem 0x0000000080002028 0x0000000000000000
core   0: 0x00000000800001a0 (0x0102aa23) sw      a6, 20(t0)
3 0x00000000800001a0 (0x0102aa23) mem 0x000000008000202c 0x00000000fff0ffff
core   0: 0x00000000800001a4 (0x00002d17) auipc   s10, 0x2
3 0x00000000800001a4 (0x00002d17) x26 0x00000000800021a4
core   0: 0x00000000800001a8 (0xe8cd0d13) addi    s10, s10, -372
3 0x00000000800001a8 (0xe8cd0d13) x26 0x0000000080002030
core   0: 0x00000000800001ac (0x12345ab7) lui     s5, 0x12345
3 0x00000000800001ac (0x12345ab7) x21 0x0000000012345000
core   0: 0x00000000800001b0 (0x678a8a9b) addiw   s5, s5, 1656
3 0x00000000800001b0 (0x678a8a9b) x21 0x0000000012345678
core   0: 0x00000000800001b4 (0x34001073) csrw    mscratch, zero
3 0x00000000800001b4 (0x34001073)
core   0: 0x00000000800001b8 (0x340aab73) csrrs   s6, mscratch, s5
3 0x00000000800001b8 (0x340aab73) x22 0x0000000000000000
core   0: 0x00000000800001bc (0x340b2bf3) csrrs   s7, mscratch, s6
3 0x00000000800001bc (0x340b2bf3) x23 0x0000000012345678
core   0: 0x00000000800001c0 (0x34001bf3) csrrw   s7, mscratch, zero
3 0x00000000800001c0 (0x34001bf3) x23 0x0000000012345678
core   0: 0x00000000800001c4 (0x340bac73) csrrs   s8, mscratch, s7
3 0x00000000800001c4 (0x340bac73) x24 0x0000000000000000
core   0: 0x00000000800001c8 (0x34002cf3) csrr    s9, mscratch
3 0x00000000800001c8 (0x34002cf3) x25 0x0000000012345678
core   0: 0x00000000800001cc (0x015d2023) sw      s5, 0(s10)
3 0x00000000800001cc (0x015d2023) mem 0x0000000080002030 0x0000000000000000
core   0: 0x00000000800001d0 (0x016d2223) sw      s6, 4(s10)
3 0x00000000800001d0 (0x016d2223) mem 0x0000000080002034 0x0000000000000000
core   0: 0x00000000800001d4 (0x017d2423) sw      s7, 8(s10)
3 0x00000000800001d4 (0x017d2423) mem 0x0000000080002038 0x0000000000000000
core   0: 0x00000000800001d8 (0x018d2623) sw      s8, 12(s10)
3 0x00000000800001d8 (0x018d2623) mem 0x000000008000203c 0x0000000012345678
core   0: 0x00000000800001dc (0x019d2823) sw      s9, 16(s10)
3 0x00000000800001dc (0x019d2823) mem 0x0000000080002040 0x0000000012345678
core   0: 0x00000000800001e0 (0x00002097) auipc   ra, 0x2
3 0x00000000800001e0 (0x00002097) x 1 0x00000000800021e0
core   0: 0x00000000800001e4 (0xe6408093) addi    ra, ra, -412
3 0x00000000800001e4 (0xe6408093) x 1 0x0000000080002044
core   0: 0x00000000800001e8 (0x42727f37) lui     t5, 0x42727
3 0x00000000800001e8 (0x42727f37) x30 0x0000000042727000
core   0: 0x00000000800001ec (0xe6ff0f1b) addiw   t5, t5, -401
3 0x00000000800001ec (0xe6ff0f1b) x30 0x0000000042726e6f
core   0: 0x00000000800001f0 (0x340f1073) csrw    mscratch, t5
3 0x00000000800001f0 (0x340f1073)
core   0: 0x00000000800001f4 (0x340f2073) csrs    mscratch, t5
3 0x00000000800001f4 (0x340f2073)
core   0: 0x00000000800001f8 (0x0000a023) sw      zero, 0(ra)
3 0x00000000800001f8 (0x0000a023) mem 0x0000000080002044 0x0000000000000000
core   0: 0x00000000800001fc (0x01e0a223) sw      t5, 4(ra)
3 0x00000000800001fc (0x01e0a223) mem 0x0000000080002048 0x0000000000000000
core   0: 0x0000000080000200 (0x00002117) auipc   sp, 0x2
3 0x0000000080000200 (0x00002117) x 2 0x0000000080002200
core   0: 0x0000000080000204 (0xe4c10113) addi    sp, sp, -436
3 0x0000000080000204 (0xe4c10113) x 2 0x000000008000204c
core   0: 0x0000000080000208 (0x000f8fb7) lui     t6, 0xf8
3 0x0000000080000208 (0x000f8fb7) x31 0x00000000000f8000
core   0: 0x000000008000020c (0xff9f8f9b) addiw   t6, t6, -7
3 0x000000008000020c (0xff9f8f9b) x31 0x00000000000f7ff9
core   0: 0x0000000080000210 (0x00cf9f93) slli    t6, t6, 12
3 0x0000000080000210 (0x00cf9f93) x31 0x00000000f7ff9000
core   0: 0x0000000080000214 (0x818f8f93) addi    t6, t6, -2024
3 0x0000000080000214 (0x818f8f93) x31 0x00000000f7ff8818
core   0: 0x0000000080000218 (0x340f9073) csrw    mscratch, t6
3 0x0000000080000218 (0x340f9073)
core   0: 0x000000008000021c (0x34002073) csrr    zero, mscratch
3 0x000000008000021c (0x34002073)
core   0: 0x0000000080000220 (0x34002073) csrr    zero, mscratch
3 0x0000000080000220 (0x34002073)
core   0: 0x0000000080000224 (0x34002ff3) csrr    t6, mscratch
3 0x0000000080000224 (0x34002ff3) x31 0x00000000f7ff8818
core   0: 0x0000000080000228 (0x0000c002) c.swsp  zero, 0(sp)
3 0x0000000080000228 (0xc002) mem 0x000000008000204c 0x0000000000000000
core   0: 0x000000008000022a (0x0000c27e) c.swsp  t6, 4(sp)
3 0x000000008000022a (0xc27e) mem 0x0000000080002050 0x0000000000000000
core   0: 0x000000008000022c (0x00002117) auipc   sp, 0x2
3 0x000000008000022c (0x00002117) x 2 0x000000008000222c
core   0: 0x0000000080000230 (0xe2810113) addi    sp, sp, -472
3 0x0000000080000230 (0xe2810113) x 2 0x0000000080002054
core   0: 0x0000000080000234 (0x321653b7) lui     t2, 0x32165
3 0x0000000080000234 (0x321653b7) x 7 0x0000000032165000
core   0: 0x0000000080000238 (0x4983839b) addiw   t2, t2, 1176
3 0x0000000080000238 (0x4983839b) x 7 0x0000000032165498
core   0: 0x000000008000023c (0x000962b7) lui     t0, 0x96
3 0x000000008000023c (0x000962b7) x 5 0x0000000000096000
core   0: 0x0000000080000240 (0x3852829b) addiw   t0, t0, 901
3 0x0000000080000240 (0x3852829b) x 5 0x0000000000096385
core   0: 0x0000000080000244 (0x00c29293) slli    t0, t0, 12
3 0x0000000080000244 (0x00c29293) x 5 0x0000000096385000
core   0: 0x0000000080000248 (0x27428293) addi    t0, t0, 628
3 0x0000000080000248 (0x27428293) x 5 0x0000000096385274
core   0: 0x000000008000024c (0x34001073) csrw    mscratch, zero
3 0x000000008000024c (0x34001073)
core   0: 0x0000000080000250 (0x3402a2f3) csrrs   t0, mscratch, t0
3 0x0000000080000250 (0x3402a2f3) x 5 0x0000000000000000
core   0: 0x0000000080000254 (0x3403a3f3) csrrs   t2, mscratch, t2
3 0x0000000080000254 (0x3403a3f3) x 7 0x0000000096385274
core   0: 0x0000000080000258 (0x34042473) csrrs   s0, mscratch, s0
3 0x0000000080000258 (0x34042473) x 8 0x00000000b63e56fc
core   0: 0x000000008000025c (0x0000c016) c.swsp  t0, 0(sp)
3 0x000000008000025c (0xc016) mem 0x0000000080002054 0x0000000000000000
core   0: 0x000000008000025e (0x0000c21e) c.swsp  t2, 4(sp)
3 0x000000008000025e (0xc21e) mem 0x0000000080002058 0x0000000000000000
core   0: 0x0000000080000260 (0x0000c422) c.swsp  s0, 8(sp)
3 0x0000000080000260 (0xc422) mem 0x000000008000205c 0x0000000000000000
core   0: 0x0000000080000262 (0x0ff0000f) fence   iorw,iorw
3 0x0000000080000262 (0x0ff0000f)
core   0: 0x0000000080000266 (0x00004185) c.li    gp, 1
3 0x0000000080000266 (0x4185) x 3 0x0000000000000001
core   0: 0x0000000080000268 (0x00000073) ecall
3 0x0000000080000268 (0x00000073)
