core   0: 0x0000000000010000 (0x00100413) li      s0, 1
3 0x0000000000010000 (0x00100413) x 8 0x0000000000000001
core   0: 0x0000000000010004 (0x01f41413) slli    s0, s0, 31
3 0x0000000000010004 (0x01f41413) x 8 0x0000000080000000
core   0: 0x0000000000010008 (0xf1402573) csrr    a0, mhartid
3 0x0000000000010008 (0xf1402573) x10 0x0000000000000000
core   0: 0x000000000001000c (0x00000597) auipc   a1, 0x0
3 0x000000000001000c (0x00000597) x11 0x000000000001000c
core   0: 0x0000000000010010 (0x07458593) addi    a1, a1, 116
3 0x0000000000010010 (0x07458593) x11 0x0000000000010080
core   0: 0x0000000000010014 (0x00040067) jr      s0
3 0x0000000000010014 (0x00040067)
core   0: 0x0000000080000000 (0x0000a081) c.j     pc + 64
3 0x0000000080000000 (0xa081)
core   0: 0x0000000080000040 (0xf1402573) csrr    a0, mhartid
3 0x0000000080000040 (0xf1402573) x10 0x0000000000000000
core   0: 0x0000000080000044 (0x0000e101) c.bnez  a0, pc + 0
3 0x0000000080000044 (0xe101)
core   0: 0x0000000080000046 (0x00000297) auipc   t0, 0x0
3 0x0000000080000046 (0x00000297) x 5 0x0000000080000046
core   0: 0x000000008000004a (0x01228293) addi    t0, t0, 18
3 0x000000008000004a (0x01228293) x 5 0x0000000080000058
core   0: 0x000000008000004e (0x30529073) csrw    mtvec, t0
3 0x000000008000004e (0x30529073)
core   0: 0x0000000080000052 (0x18005073) csrwi   satp, 0
3 0x0000000080000052 (0x18005073)
core   0: 0x0000000080000056 (0x00000001) c.nop
3 0x0000000080000056 (0x0001)
core   0: 0x0000000080000058 (0x00000297) auipc   t0, 0x0
3 0x0000000080000058 (0x00000297) x 5 0x0000000080000058
core   0: 0x000000008000005c (0x01828293) addi    t0, t0, 24
3 0x000000008000005c (0x01828293) x 5 0x0000000080000070
core   0: 0x0000000080000060 (0x30529073) csrw    mtvec, t0
3 0x0000000080000060 (0x30529073)
core   0: 0x0000000080000064 (0x000052fd) c.li    t0, -1
3 0x0000000080000064 (0x52fd) x 5 0xffffffffffffffff
core   0: 0x0000000080000066 (0x3b029073) csrw    pmpaddr0, t0
3 0x0000000080000066 (0x3b029073)
core   0: 0x000000008000006a (0x000042fd) c.li    t0, 31
3 0x000000008000006a (0x42fd) x 5 0x000000000000001f
core   0: 0x000000008000006c (0x3a029073) csrw    pmpcfg0, t0
3 0x000000008000006c (0x3a029073)
core   0: 0x0000000080000070 (0x00000297) auipc   t0, 0x0
3 0x0000000080000070 (0x00000297) x 5 0x0000000080000070
core   0: 0x0000000080000074 (0x01828293) addi    t0, t0, 24
3 0x0000000080000074 (0x01828293) x 5 0x0000000080000088
core   0: 0x0000000080000078 (0x30529073) csrw    mtvec, t0
3 0x0000000080000078 (0x30529073)
core   0: 0x000000008000007c (0x30205073) csrwi   medeleg, 0
3 0x000000008000007c (0x30205073)
core   0: 0x0000000080000080 (0x30305073) csrwi   mideleg, 0
3 0x0000000080000080 (0x30305073)
core   0: 0x0000000080000084 (0x30405073) csrwi   mie, 0
3 0x0000000080000084 (0x30405073)
core   0: 0x0000000080000088 (0x00004181) c.li    gp, 0
3 0x0000000080000088 (0x4181) x 3 0x0000000000000000
core   0: 0x000000008000008a (0x00000297) auipc   t0, 0x0
3 0x000000008000008a (0x00000297) x 5 0x000000008000008a
core   0: 0x000000008000008e (0xf7a28293) addi    t0, t0, -134
3 0x000000008000008e (0xf7a28293) x 5 0x0000000080000004
core   0: 0x0000000080000092 (0x30529073) csrw    mtvec, t0
3 0x0000000080000092 (0x30529073)
core   0: 0x0000000080000096 (0x00004505) c.li    a0, 1
3 0x0000000080000096 (0x4505) x10 0x0000000000000001
core   0: 0x0000000080000098 (0x0000057e) c.slli  a0, 31
3 0x0000000080000098 (0x057e) x10 0x0000000080000000
core   0: 0x000000008000009a (0x00055763) bgez    a0, pc + 14
3 0x000000008000009a (0x00055763)
core   0: 0x00000000800000a8 (0x80000297) auipc   t0, 0x80000
3 0x00000000800000a8 (0x80000297) x 5 0x00000000000000a8
core   0: 0x00000000800000ac (0xf5828293) addi    t0, t0, -168
3 0x00000000800000ac (0xf5828293) x 5 0x0000000000000000
core   0: 0x00000000800000b0 (0x00028e63) beqz    t0, pc + 28
3 0x00000000800000b0 (0x00028e63)
core   0: 0x00000000800000cc (0x30005073) csrwi   mstatus, 0
3 0x00000000800000cc (0x30005073)
core   0: 0x00000000800000d0 (0x00002537) lui     a0, 0x2
3 0x00000000800000d0 (0x00002537) x10 0x0000000000002000
core   0: 0x00000000800000d4 (0x8005051b) addiw   a0, a0, -2048
3 0x00000000800000d4 (0x8005051b) x10 0x0000000000001800
core   0: 0x00000000800000d8 (0x30052073) csrs    mstatus, a0
3 0x00000000800000d8 (0x30052073)
core   0: 0x00000000800000dc (0x00000297) auipc   t0, 0x0
3 0x00000000800000dc (0x00000297) x 5 0x00000000800000dc
core   0: 0x00000000800000e0 (0x01428293) addi    t0, t0, 20
3 0x00000000800000e0 (0x01428293) x 5 0x00000000800000f0
core   0: 0x00000000800000e4 (0x34129073) csrw    mepc, t0
3 0x00000000800000e4 (0x34129073)
core   0: 0x00000000800000e8 (0xf1402573) csrr    a0, mhartid
3 0x00000000800000e8 (0xf1402573) x10 0x0000000000000000
core   0: 0x00000000800000ec (0x30200073) mret
3 0x00000000800000ec (0x30200073)
core   0: 0x00000000800000f0 (0x00002797) auipc   a5, 0x2
3 0x00000000800000f0 (0x00002797) x15 0x00000000800020f0
core   0: 0x00000000800000f4 (0xf1078793) addi    a5, a5, -240
3 0x00000000800000f4 (0xf1078793) x15 0x0000000080002000
core   0: 0x00000000800000f8 (0x0000547d) c.li    s0, -1
3 0x00000000800000f8 (0x547d) x 8 0xffffffffffffffff
core   0: 0x00000000800000fa (0x34041073) csrw    mscratch, s0
3 0x00000000800000fa (0x34041073)
core   0: 0x00000000800000fe (0x3400f0f3) csrrci  ra, mscratch, 1
3 0x00000000800000fe (0x3400f0f3) x 1 0xffffffffffffffff
core   0: 0x0000000080000102 (0x340410f3) csrrw   ra, mscratch, s0
3 0x0000000080000102 (0x340410f3) x 1 0xfffffffffffffffe
core   0: 0x0000000080000106 (0x34007173) csrrci  sp, mscratch, 0
3 0x0000000080000106 (0x34007173) x 2 0xffffffffffffffff
core   0: 0x000000008000010a (0x34041173) csrrw   sp, mscratch, s0
3 0x000000008000010a (0x34041173) x 2 0xffffffffffffffff
core   0: 0x000000008000010e (0x340ff1f3) csrrci  gp, mscratch, 31
3 0x000000008000010e (0x340ff1f3) x 3 0xffffffffffffffff
core   0: 0x0000000080000112 (0x340411f3) csrrw   gp, mscratch, s0
3 0x0000000080000112 (0x340411f3) x 3 0xffffffffffffffe0
core   0: 0x0000000080000116 (0x34087273) csrrci  tp, mscratch, 16
3 0x0000000080000116 (0x34087273) x 4 0xffffffffffffffff
core   0: 0x000000008000011a (0x34041273) csrrw   tp, mscratch, s0
3 0x000000008000011a (0x34041273) x 4 0xffffffffffffffef
core   0: 0x000000008000011e (0x3407f2f3) csrrci  t0, mscratch, 15
3 0x000000008000011e (0x3407f2f3) x 5 0xffffffffffffffff
core   0: 0x0000000080000122 (0x340412f3) csrrw   t0, mscratch, s0
3 0x0000000080000122 (0x340412f3) x 5 0xfffffffffffffff0
core   0: 0x0000000080000126 (0x0007a023) sw      zero, 0(a5)
3 0x0000000080000126 (0x0007a023) mem 0x0000000080002000 0x0000000000000000
core   0: 0x000000008000012a (0x0017a223) sw      ra, 4(a5)
3 0x000000008000012a (0x0017a223) mem 0x0000000080002004 0x0000000000000000
core   0: 0x000000008000012e (0x0027a423) sw      sp, 8(a5)
3 0x000000008000012e (0x0027a423) mem 0x0000000080002008 0xfffffffe00000000
core   0: 0x0000000080000132 (0x0037a623) sw      gp, 12(a5)
3 0x0000000080000132 (0x0037a623) mem 0x000000008000200c 0xfffffffe00000000
core   0: 0x0000000080000136 (0x0047a823) sw      tp, 16(a5)
3 0x0000000080000136 (0x0047a823) mem 0x0000000080002010 0x0000000000000000
core   0: 0x000000008000013a (0x0057aa23) sw      t0, 20(a5)
3 0x000000008000013a (0x0057aa23) mem 0x0000000080002014 0x0000000000000000
core   0: 0x000000008000013e (0x0000cf80) c.sw    s0, 24(a5)
3 0x000000008000013e (0xcf80) mem 0x0000000080002018 0x0000000000000000
core   0: 0x0000000080000140 (0x00002297) auipc   t0, 0x2
3 0x0000000080000140 (0x00002297) x 5 0x0000000080002140
core   0: 0x0000000080000144 (0xedc28293) addi    t0, t0, -292
3 0x0000000080000144 (0xedc28293) x 5 0x000000008000201c
core   0: 0x0000000080000148 (0x0000547d) c.li    s0, -1
3 0x0000000080000148 (0x547d) x 8 0xffffffffffffffff
core   0: 0x000000008000014a (0x34041073) csrw    mscratch, s0
3 0x000000008000014a (0x34041073)
core   0: 0x000000008000014e (0x3400f5f3) csrrci  a1, mscratch, 1
3 0x000000008000014e (0x3400f5f3) x11 0xffffffffffffffff
core   0: 0x0000000080000152 (0x34007673) csrrci  a2, mscratch, 0
3 0x0000000080000152 (0x34007673) x12 0xfffffffffffffffe
core   0: 0x0000000080000156 (0x340ff6f3) csrrci  a3, mscratch, 31
3 0x0000000080000156 (0x340ff6f3) x13 0xfffffffffffffffe
core   0: 0x000000008000015a (0x34087773) csrrci  a4, mscratch, 16
3 0x000000008000015a (0x34087773) x14 0xffffffffffffffe0
core   0: 0x000000008000015e (0x3407f7f3) csrrci  a5, mscratch, 15
3 0x000000008000015e (0x3407f7f3) x15 0xffffffffffffffe0
core   0: 0x0000000080000162 (0x34007873) csrrci  a6, mscratch, 0
3 0x0000000080000162 (0x34007873) x16 0xffffffffffffffe0
core   0: 0x0000000080000166 (0x00b2a023) sw      a1, 0(t0)
3 0x0000000080000166 (0x00b2a023) mem 0x000000008000201c 0x0000000000000000
core   0: 0x000000008000016a (0x00c2a223) sw      a2, 4(t0)
3 0x000000008000016a (0x00c2a223) mem 0x0000000080002020 0x0000000000000000
core   0: 0x000000008000016e (0x00d2a423) sw      a3, 8(t0)
3 0x000000008000016e (0x00d2a423) mem 0x0000000080002024 0xffffffff00000000
core   0: 0x0000000080000172 (0x00e2a623) sw      a4, 12(t0)
3 0x0000000080000172 (0x00e2a623) mem 0x0000000080002028 0x00000000fffffffe
core   0: 0x0000000080000176 (0x00f2a823) sw      a5, 16(t0)
3 0x0000000080000176 (0x00f2a823) mem 0x000000008000202c 0x00000000fffffffe
core   0: 0x000000008000017a (0x0102aa23) sw      a6, 20(t0)
3 0x000000008000017a (0x0102aa23) mem 0x0000000080002030 0x00000000fffffffe
core   0: 0x000000008000017e (0x0082ac23) sw      s0, 24(t0)
3 0x000000008000017e (0x0082ac23) mem 0x0000000080002034 0x00000000ffffffe0
core   0: 0x0000000080000182 (0x00002097) auipc   ra, 0x2
3 0x0000000080000182 (0x00002097) x 1 0x0000000080002182
core   0: 0x0000000080000186 (0xeb608093) addi    ra, ra, -330
3 0x0000000080000186 (0xeb608093) x 1 0x0000000080002038
core   0: 0x000000008000018a (0x32165a37) lui     s4, 0x32165
3 0x000000008000018a (0x32165a37) x20 0x0000000032165000
core   0: 0x000000008000018e (0x498a0a1b) addiw   s4, s4, 1176
3 0x000000008000018e (0x498a0a1b) x20 0x0000000032165498
core   0: 0x0000000080000192 (0x340a1073) csrw    mscratch, s4
3 0x0000000080000192 (0x340a1073)
core   0: 0x0000000080000196 (0x3407f073) csrci   mscratch, 15
3 0x0000000080000196 (0x3407f073)
core   0: 0x000000008000019a (0x340a1a73) csrrw   s4, mscratch, s4
3 0x000000008000019a (0x340a1a73) x20 0x0000000032165490
core   0: 0x000000008000019e (0x0000a023) sw      zero, 0(ra)
3 0x000000008000019e (0x0000a023) mem 0x0000000080002038 0x0000000000000000
core   0: 0x00000000800001a2 (0x0140a223) sw      s4, 4(ra)
3 0x00000000800001a2 (0x0140a223) mem 0x000000008000203c 0x0000000000000000
core   0: 0x00000000800001a6 (0x0ff0000f) fence   iorw,iorw
3 0x00000000800001a6 (0x0ff0000f)
core   0: 0x00000000800001aa (0x00004185) c.li    gp, 1
3 0x00000000800001aa (0x4185) x 3 0x0000000000000001
core   0: 0x00000000800001ac (0x00000073) ecall
3 0x00000000800001ac (0x00000073)
