core   0: 0x0000000000010000 (0x00100413) li      s0, 1
3 0x0000000000010000 (0x00100413) x 8 0x0000000000000001
core   0: 0x0000000000010004 (0x01f41413) slli    s0, s0, 31
3 0x0000000000010004 (0x01f41413) x 8 0x0000000080000000
core   0: 0x0000000000010008 (0xf1402573) csrr    a0, mhartid
3 0x0000000000010008 (0xf1402573) x10 0x0000000000000000
core   0: 0x000000000001000c (0x00000597) auipc   a1, 0x0
3 0x000000000001000c (0x00000597) x11 0x000000000001000c
core   0: 0x0000000000010010 (0x07458593) addi    a1, a1, 116
3 0x0000000000010010 (0x07458593) x11 0x0000000000010080
core   0: 0x0000000000010014 (0x00040067) jr      s0
3 0x0000000000010014 (0x00040067)
core   0: 0x0000000080000000 (0x0000a081) c.j     pc + 64
3 0x0000000080000000 (0xa081)
core   0: 0x0000000080000040 (0xf1402573) csrr    a0, mhartid
3 0x0000000080000040 (0xf1402573) x10 0x0000000000000000
core   0: 0x0000000080000044 (0x0000e101) c.bnez  a0, pc + 0
3 0x0000000080000044 (0xe101)
core   0: 0x0000000080000046 (0x00000297) auipc   t0, 0x0
3 0x0000000080000046 (0x00000297) x 5 0x0000000080000046
core   0: 0x000000008000004a (0x01228293) addi    t0, t0, 18
3 0x000000008000004a (0x01228293) x 5 0x0000000080000058
core   0: 0x000000008000004e (0x30529073) csrw    mtvec, t0
3 0x000000008000004e (0x30529073)
core   0: 0x0000000080000052 (0x18005073) csrwi   satp, 0
3 0x0000000080000052 (0x18005073)
core   0: 0x0000000080000056 (0x00000001) c.nop
3 0x0000000080000056 (0x0001)
core   0: 0x0000000080000058 (0x00000297) auipc   t0, 0x0
3 0x0000000080000058 (0x00000297) x 5 0x0000000080000058
core   0: 0x000000008000005c (0x01828293) addi    t0, t0, 24
3 0x000000008000005c (0x01828293) x 5 0x0000000080000070
core   0: 0x0000000080000060 (0x30529073) csrw    mtvec, t0
3 0x0000000080000060 (0x30529073)
core   0: 0x0000000080000064 (0x000052fd) c.li    t0, -1
3 0x0000000080000064 (0x52fd) x 5 0xffffffffffffffff
core   0: 0x0000000080000066 (0x3b029073) csrw    pmpaddr0, t0
3 0x0000000080000066 (0x3b029073)
core   0: 0x000000008000006a (0x000042fd) c.li    t0, 31
3 0x000000008000006a (0x42fd) x 5 0x000000000000001f
core   0: 0x000000008000006c (0x3a029073) csrw    pmpcfg0, t0
3 0x000000008000006c (0x3a029073)
core   0: 0x0000000080000070 (0x00000297) auipc   t0, 0x0
3 0x0000000080000070 (0x00000297) x 5 0x0000000080000070
core   0: 0x0000000080000074 (0x01828293) addi    t0, t0, 24
3 0x0000000080000074 (0x01828293) x 5 0x0000000080000088
core   0: 0x0000000080000078 (0x30529073) csrw    mtvec, t0
3 0x0000000080000078 (0x30529073)
core   0: 0x000000008000007c (0x30205073) csrwi   medeleg, 0
3 0x000000008000007c (0x30205073)
core   0: 0x0000000080000080 (0x30305073) csrwi   mideleg, 0
3 0x0000000080000080 (0x30305073)
core   0: 0x0000000080000084 (0x30405073) csrwi   mie, 0
3 0x0000000080000084 (0x30405073)
core   0: 0x0000000080000088 (0x00004181) c.li    gp, 0
3 0x0000000080000088 (0x4181) x 3 0x0000000000000000
core   0: 0x000000008000008a (0x00000297) auipc   t0, 0x0
3 0x000000008000008a (0x00000297) x 5 0x000000008000008a
core   0: 0x000000008000008e (0xf7a28293) addi    t0, t0, -134
3 0x000000008000008e (0xf7a28293) x 5 0x0000000080000004
core   0: 0x0000000080000092 (0x30529073) csrw    mtvec, t0
3 0x0000000080000092 (0x30529073)
core   0: 0x0000000080000096 (0x00004505) c.li    a0, 1
3 0x0000000080000096 (0x4505) x10 0x0000000000000001
core   0: 0x0000000080000098 (0x0000057e) c.slli  a0, 31
3 0x0000000080000098 (0x057e) x10 0x0000000080000000
core   0: 0x000000008000009a (0x00055763) bgez    a0, pc + 14
3 0x000000008000009a (0x00055763)
core   0: 0x00000000800000a8 (0x80000297) auipc   t0, 0x80000
3 0x00000000800000a8 (0x80000297) x 5 0x00000000000000a8
core   0: 0x00000000800000ac (0xf5828293) addi    t0, t0, -168
3 0x00000000800000ac (0xf5828293) x 5 0x0000000000000000
core   0: 0x00000000800000b0 (0x00028e63) beqz    t0, pc + 28
3 0x00000000800000b0 (0x00028e63)
core   0: 0x00000000800000cc (0x30005073) csrwi   mstatus, 0
3 0x00000000800000cc (0x30005073)
core   0: 0x00000000800000d0 (0x00002537) lui     a0, 0x2
3 0x00000000800000d0 (0x00002537) x10 0x0000000000002000
core   0: 0x00000000800000d4 (0x8005051b) addiw   a0, a0, -2048
3 0x00000000800000d4 (0x8005051b) x10 0x0000000000001800
core   0: 0x00000000800000d8 (0x30052073) csrs    mstatus, a0
3 0x00000000800000d8 (0x30052073)
core   0: 0x00000000800000dc (0x00000297) auipc   t0, 0x0
3 0x00000000800000dc (0x00000297) x 5 0x00000000800000dc
core   0: 0x00000000800000e0 (0x01428293) addi    t0, t0, 20
3 0x00000000800000e0 (0x01428293) x 5 0x00000000800000f0
core   0: 0x00000000800000e4 (0x34129073) csrw    mepc, t0
3 0x00000000800000e4 (0x34129073)
core   0: 0x00000000800000e8 (0xf1402573) csrr    a0, mhartid
3 0x00000000800000e8 (0xf1402573) x10 0x0000000000000000
core   0: 0x00000000800000ec (0x30200073) mret
3 0x00000000800000ec (0x30200073)
core   0: 0x00000000800000f0 (0x00002817) auipc   a6, 0x2
3 0x00000000800000f0 (0x00002817) x16 0x00000000800020f0
core   0: 0x00000000800000f4 (0xf1480813) addi    a6, a6, -236
3 0x00000000800000f4 (0xf1480813) x16 0x0000000080002004
core   0: 0x00000000800000f8 (0x00002897) auipc   a7, 0x2
3 0x00000000800000f8 (0x00002897) x17 0x00000000800020f8
core   0: 0x00000000800000fc (0xf1888893) addi    a7, a7, -232
3 0x00000000800000fc (0xf1888893) x17 0x0000000080002010
core   0: 0x0000000080000100 (0x00082083) lw      ra, 0(a6)
3 0x0000000080000100 (0x00082083) x 1 0x0000000001234567 mem 0x0000000080002004
core   0: 0x0000000080000104 (0x00085103) lhu     sp, 0(a6)
3 0x0000000080000104 (0x00085103) x 2 0x0000000000004567 mem 0x0000000080002004
core   0: 0x0000000080000108 (0x00285183) lhu     gp, 2(a6)
3 0x0000000080000108 (0x00285183) x 3 0x0000000000000123 mem 0x0000000080002006
core   0: 0x000000008000010c (0xfff84203) lbu     tp, -1(a6)
3 0x000000008000010c (0xfff84203) x 4 0x0000000000000089 mem 0x0000000080002003
core   0: 0x0000000080000110 (0x00084283) lbu     t0, 0(a6)
3 0x0000000080000110 (0x00084283) x 5 0x0000000000000067 mem 0x0000000080002004
core   0: 0x0000000080000114 (0x00184303) lbu     t1, 1(a6)
3 0x0000000080000114 (0x00184303) x 6 0x0000000000000045 mem 0x0000000080002005
core   0: 0x0000000080000118 (0x00284383) lbu     t2, 2(a6)
3 0x0000000080000118 (0x00284383) x 7 0x0000000000000023 mem 0x0000000080002006
core   0: 0x000000008000011c (0x00384403) lbu     s0, 3(a6)
3 0x000000008000011c (0x00384403) x 8 0x0000000000000001 mem 0x0000000080002007
core   0: 0x0000000080000120 (0x0018a023) sw      ra, 0(a7)
3 0x0000000080000120 (0x0018a023) mem 0x0000000080002010 0x0000000000000001
core   0: 0x0000000080000124 (0x0028a223) sw      sp, 4(a7)
3 0x0000000080000124 (0x0028a223) mem 0x0000000080002014 0x0000000000000000
core   0: 0x0000000080000128 (0x0038a423) sw      gp, 8(a7)
3 0x0000000080000128 (0x0038a423) mem 0x0000000080002018 0x0000000000000000
core   0: 0x000000008000012c (0x0048a623) sw      tp, 12(a7)
3 0x000000008000012c (0x0048a623) mem 0x000000008000201c 0x0000000000000000
core   0: 0x0000000080000130 (0x0058a823) sw      t0, 16(a7)
3 0x0000000080000130 (0x0058a823) mem 0x0000000080002020 0x0000000000000000
core   0: 0x0000000080000134 (0x0068aa23) sw      t1, 20(a7)
3 0x0000000080000134 (0x0068aa23) mem 0x0000000080002024 0x0000000000000000
core   0: 0x0000000080000138 (0x0078ac23) sw      t2, 24(a7)
3 0x0000000080000138 (0x0078ac23) mem 0x0000000080002028 0x0000000000000000
core   0: 0x000000008000013c (0x0088ae23) sw      s0, 28(a7)
3 0x000000008000013c (0x0088ae23) mem 0x000000008000202c 0x0000000000000000
core   0: 0x0000000080000140 (0x0ff0000f) fence   iorw,iorw
3 0x0000000080000140 (0x0ff0000f)
core   0: 0x0000000080000144 (0x00004185) c.li    gp, 1
3 0x0000000080000144 (0x4185) x 3 0x0000000000000001
core   0: 0x0000000080000146 (0x00000073) ecall
3 0x0000000080000146 (0x00000073)
