core   0: 0x0000000000010000 (0x00100413) li      s0, 1
3 0x0000000000010000 (0x00100413) x 8 0x0000000000000001
core   0: 0x0000000000010004 (0x01f41413) slli    s0, s0, 31
3 0x0000000000010004 (0x01f41413) x 8 0x0000000080000000
core   0: 0x0000000000010008 (0xf1402573) csrr    a0, mhartid
3 0x0000000000010008 (0xf1402573) x10 0x0000000000000000
core   0: 0x000000000001000c (0x00000597) auipc   a1, 0x0
3 0x000000000001000c (0x00000597) x11 0x000000000001000c
core   0: 0x0000000000010010 (0x07458593) addi    a1, a1, 116
3 0x0000000000010010 (0x07458593) x11 0x0000000000010080
core   0: 0x0000000000010014 (0x00040067) jr      s0
3 0x0000000000010014 (0x00040067)
core   0: 0x0000000080000000 (0x0000a081) c.j     pc + 64
3 0x0000000080000000 (0xa081)
core   0: 0x0000000080000040 (0xf1402573) csrr    a0, mhartid
3 0x0000000080000040 (0xf1402573) x10 0x0000000000000000
core   0: 0x0000000080000044 (0x0000e101) c.bnez  a0, pc + 0
3 0x0000000080000044 (0xe101)
core   0: 0x0000000080000046 (0x00000297) auipc   t0, 0x0
3 0x0000000080000046 (0x00000297) x 5 0x0000000080000046
core   0: 0x000000008000004a (0x01228293) addi    t0, t0, 18
3 0x000000008000004a (0x01228293) x 5 0x0000000080000058
core   0: 0x000000008000004e (0x30529073) csrw    mtvec, t0
3 0x000000008000004e (0x30529073)
core   0: 0x0000000080000052 (0x18005073) csrwi   satp, 0
3 0x0000000080000052 (0x18005073)
core   0: 0x0000000080000056 (0x00000001) c.nop
3 0x0000000080000056 (0x0001)
core   0: 0x0000000080000058 (0x00000297) auipc   t0, 0x0
3 0x0000000080000058 (0x00000297) x 5 0x0000000080000058
core   0: 0x000000008000005c (0x01828293) addi    t0, t0, 24
3 0x000000008000005c (0x01828293) x 5 0x0000000080000070
core   0: 0x0000000080000060 (0x30529073) csrw    mtvec, t0
3 0x0000000080000060 (0x30529073)
core   0: 0x0000000080000064 (0x000052fd) c.li    t0, -1
3 0x0000000080000064 (0x52fd) x 5 0xffffffffffffffff
core   0: 0x0000000080000066 (0x3b029073) csrw    pmpaddr0, t0
3 0x0000000080000066 (0x3b029073)
core   0: 0x000000008000006a (0x000042fd) c.li    t0, 31
3 0x000000008000006a (0x42fd) x 5 0x000000000000001f
core   0: 0x000000008000006c (0x3a029073) csrw    pmpcfg0, t0
3 0x000000008000006c (0x3a029073)
core   0: 0x0000000080000070 (0x00000297) auipc   t0, 0x0
3 0x0000000080000070 (0x00000297) x 5 0x0000000080000070
core   0: 0x0000000080000074 (0x01828293) addi    t0, t0, 24
3 0x0000000080000074 (0x01828293) x 5 0x0000000080000088
core   0: 0x0000000080000078 (0x30529073) csrw    mtvec, t0
3 0x0000000080000078 (0x30529073)
core   0: 0x000000008000007c (0x30205073) csrwi   medeleg, 0
3 0x000000008000007c (0x30205073)
core   0: 0x0000000080000080 (0x30305073) csrwi   mideleg, 0
3 0x0000000080000080 (0x30305073)
core   0: 0x0000000080000084 (0x30405073) csrwi   mie, 0
3 0x0000000080000084 (0x30405073)
core   0: 0x0000000080000088 (0x00004181) c.li    gp, 0
3 0x0000000080000088 (0x4181) x 3 0x0000000000000000
core   0: 0x000000008000008a (0x00000297) auipc   t0, 0x0
3 0x000000008000008a (0x00000297) x 5 0x000000008000008a
core   0: 0x000000008000008e (0xf7a28293) addi    t0, t0, -134
3 0x000000008000008e (0xf7a28293) x 5 0x0000000080000004
core   0: 0x0000000080000092 (0x30529073) csrw    mtvec, t0
3 0x0000000080000092 (0x30529073)
core   0: 0x0000000080000096 (0x00004505) c.li    a0, 1
3 0x0000000080000096 (0x4505) x10 0x0000000000000001
core   0: 0x0000000080000098 (0x0000057e) c.slli  a0, 31
3 0x0000000080000098 (0x057e) x10 0x0000000080000000
core   0: 0x000000008000009a (0x00055763) bgez    a0, pc + 14
3 0x000000008000009a (0x00055763)
core   0: 0x00000000800000a8 (0x80000297) auipc   t0, 0x80000
3 0x00000000800000a8 (0x80000297) x 5 0x00000000000000a8
core   0: 0x00000000800000ac (0xf5828293) addi    t0, t0, -168
3 0x00000000800000ac (0xf5828293) x 5 0x0000000000000000
core   0: 0x00000000800000b0 (0x00028e63) beqz    t0, pc + 28
3 0x00000000800000b0 (0x00028e63)
core   0: 0x00000000800000cc (0x30005073) csrwi   mstatus, 0
3 0x00000000800000cc (0x30005073)
core   0: 0x00000000800000d0 (0x00002537) lui     a0, 0x2
3 0x00000000800000d0 (0x00002537) x10 0x0000000000002000
core   0: 0x00000000800000d4 (0x8005051b) addiw   a0, a0, -2048
3 0x00000000800000d4 (0x8005051b) x10 0x0000000000001800
core   0: 0x00000000800000d8 (0x30052073) csrs    mstatus, a0
3 0x00000000800000d8 (0x30052073)
core   0: 0x00000000800000dc (0x00000297) auipc   t0, 0x0
3 0x00000000800000dc (0x00000297) x 5 0x00000000800000dc
core   0: 0x00000000800000e0 (0x01428293) addi    t0, t0, 20
3 0x00000000800000e0 (0x01428293) x 5 0x00000000800000f0
core   0: 0x00000000800000e4 (0x34129073) csrw    mepc, t0
3 0x00000000800000e4 (0x34129073)
core   0: 0x00000000800000e8 (0xf1402573) csrr    a0, mhartid
3 0x00000000800000e8 (0xf1402573) x10 0x0000000000000000
core   0: 0x00000000800000ec (0x30200073) mret
3 0x00000000800000ec (0x30200073)
core   0: 0x00000000800000f0 (0x00002297) auipc   t0, 0x2
3 0x00000000800000f0 (0x00002297) x 5 0x00000000800020f0
core   0: 0x00000000800000f4 (0xf1028293) addi    t0, t0, -240
3 0x00000000800000f4 (0xf1028293) x 5 0x0000000080002000
core   0: 0x00000000800000f8 (0x0000dfb7) lui     t6, 0xd
3 0x00000000800000f8 (0x0000dfb7) x31 0x000000000000d000
core   0: 0x00000000800000fc (0xcccf8f9b) addiw   t6, t6, -820
3 0x00000000800000fc (0xcccf8f9b) x31 0x000000000000cccc
core   0: 0x0000000080000100 (0x00000817) auipc   a6, 0x0
3 0x0000000080000100 (0x00000817) x16 0x0000000080000100
core   0: 0x0000000080000104 (0x01480813) addi    a6, a6, 20
3 0x0000000080000104 (0x01480813) x16 0x0000000080000114
core   0: 0x0000000080000108 (0x00080067) jr      a6
3 0x0000000080000108 (0x00080067)
core   0: 0x0000000080000114 (0x01f2a023) sw      t6, 0(t0)
3 0x0000000080000114 (0x01f2a023) mem 0x0000000080002000 0x0000000000000000
core   0: 0x0000000080000118 (0x0000df37) lui     t5, 0xd
3 0x0000000080000118 (0x0000df37) x30 0x000000000000d000
core   0: 0x000000008000011c (0xcccf0f1b) addiw   t5, t5, -820
3 0x000000008000011c (0xcccf0f1b) x30 0x000000000000cccc
core   0: 0x0000000080000120 (0x00000797) auipc   a5, 0x0
3 0x0000000080000120 (0x00000797) x15 0x0000000080000120
core   0: 0x0000000080000124 (0x01378793) addi    a5, a5, 19
3 0x0000000080000124 (0x01378793) x15 0x0000000080000133
core   0: 0x0000000080000128 (0x001780e7) jalr    ra, a5, 1
3 0x0000000080000128 (0x001780e7) x 1 0x000000008000012c
core   0: 0x0000000080000134 (0x01e2a223) sw      t5, 4(t0)
3 0x0000000080000134 (0x01e2a223) mem 0x0000000080002004 0x0000000000000000
core   0: 0x0000000080000138 (0x0080006f) j       pc + 0x8
3 0x0000000080000138 (0x0080006f)
core   0: 0x0000000080000140 (0x0000deb7) lui     t4, 0xd
3 0x0000000080000140 (0x0000deb7) x29 0x000000000000d000
core   0: 0x0000000080000144 (0xccce8e9b) addiw   t4, t4, -820
3 0x0000000080000144 (0xccce8e9b) x29 0x000000000000cccc
core   0: 0x0000000080000148 (0x00000717) auipc   a4, 0x0
3 0x0000000080000148 (0x00000717) x14 0x0000000080000148
core   0: 0x000000008000014c (0xff370713) addi    a4, a4, -13
3 0x000000008000014c (0xff370713) x14 0x000000008000013b
core   0: 0x0000000080000150 (0x00170167) jalr    sp, a4, 1
3 0x0000000080000150 (0x00170167) x 2 0x0000000080000154
core   0: 0x000000008000013c (0x0200006f) j       pc + 0x20
3 0x000000008000013c (0x0200006f)
core   0: 0x000000008000015c (0x01d2a423) sw      t4, 8(t0)
3 0x000000008000015c (0x01d2a423) mem 0x0000000080002008 0x0000000000000000
core   0: 0x0000000080000160 (0x0000de37) lui     t3, 0xd
3 0x0000000080000160 (0x0000de37) x28 0x000000000000d000
core   0: 0x0000000080000164 (0xccce0e1b) addiw   t3, t3, -820
3 0x0000000080000164 (0xccce0e1b) x28 0x000000000000cccc
core   0: 0x0000000080000168 (0x00000697) auipc   a3, 0x0
3 0x0000000080000168 (0x00000697) x13 0x0000000080000168
core   0: 0x000000008000016c (0x01068693) addi    a3, a3, 16
3 0x000000008000016c (0x01068693) x13 0x0000000080000178
core   0: 0x0000000080000170 (0x004681e7) jalr    gp, a3, 4
3 0x0000000080000170 (0x004681e7) x 3 0x0000000080000174
core   0: 0x000000008000017c (0x01c2a623) sw      t3, 12(t0)
3 0x000000008000017c (0x01c2a623) mem 0x000000008000200c 0x0000000000000000
core   0: 0x0000000080000180 (0x0000ddb7) lui     s11, 0xd
3 0x0000000080000180 (0x0000ddb7) x27 0x000000000000d000
core   0: 0x0000000080000184 (0xcccd8d9b) addiw   s11, s11, -820
3 0x0000000080000184 (0xcccd8d9b) x27 0x000000000000cccc
core   0: 0x0000000080000188 (0x00000617) auipc   a2, 0x0
3 0x0000000080000188 (0x00000617) x12 0x0000000080000188
core   0: 0x000000008000018c (0x01260613) addi    a2, a2, 18
3 0x000000008000018c (0x01260613) x12 0x000000008000019a
core   0: 0x0000000080000190 (0x00260267) jalr    tp, a2, 2
3 0x0000000080000190 (0x00260267) x 4 0x0000000080000194
core   0: 0x000000008000019c (0x01b2a823) sw      s11, 16(t0)
3 0x000000008000019c (0x01b2a823) mem 0x0000000080002010 0x0000000000000000
core   0: 0x00000000800001a0 (0x00002097) auipc   ra, 0x2
3 0x00000000800001a0 (0x00002097) x 1 0x00000000800021a0
core   0: 0x00000000800001a4 (0xe7408093) addi    ra, ra, -396
3 0x00000000800001a4 (0xe7408093) x 1 0x0000000080002014
core   0: 0x00000000800001a8 (0x0000dd37) lui     s10, 0xd
3 0x00000000800001a8 (0x0000dd37) x26 0x000000000000d000
core   0: 0x00000000800001ac (0xcccd0d1b) addiw   s10, s10, -820
3 0x00000000800001ac (0xcccd0d1b) x26 0x000000000000cccc
core   0: 0x00000000800001b0 (0x00000597) auipc   a1, 0x0
3 0x00000000800001b0 (0x00000597) x11 0x00000000800001b0
core   0: 0x00000000800001b4 (0x01058593) addi    a1, a1, 16
3 0x00000000800001b4 (0x01058593) x11 0x00000000800001c0
core   0: 0x00000000800001b8 (0x004582e7) jalr    t0, a1, 4
3 0x00000000800001b8 (0x004582e7) x 5 0x00000000800001bc
core   0: 0x00000000800001c4 (0x01a0a023) sw      s10, 0(ra)
3 0x00000000800001c4 (0x01a0a023) mem 0x0000000080002014 0x0000000000000000
core   0: 0x00000000800001c8 (0x0000dcb7) lui     s9, 0xd
3 0x00000000800001c8 (0x0000dcb7) x25 0x000000000000d000
core   0: 0x00000000800001cc (0xcccc8c9b) addiw   s9, s9, -820
3 0x00000000800001cc (0xcccc8c9b) x25 0x000000000000cccc
core   0: 0x00000000800001d0 (0x00000517) auipc   a0, 0x0
3 0x00000000800001d0 (0x00000517) x10 0x00000000800001d0
core   0: 0x00000000800001d4 (0x01150513) addi    a0, a0, 17
3 0x00000000800001d4 (0x01150513) x10 0x00000000800001e1
core   0: 0x00000000800001d8 (0x00350367) jalr    t1, a0, 3
3 0x00000000800001d8 (0x00350367) x 6 0x00000000800001dc
core   0: 0x00000000800001e4 (0x0190a223) sw      s9, 4(ra)
3 0x00000000800001e4 (0x0190a223) mem 0x0000000080002018 0x0000000000000000
core   0: 0x00000000800001e8 (0x0080006f) j       pc + 0x8
3 0x00000000800001e8 (0x0080006f)
core   0: 0x00000000800001f0 (0x0000dc37) lui     s8, 0xd
3 0x00000000800001f0 (0x0000dc37) x24 0x000000000000d000
core   0: 0x00000000800001f4 (0xcccc0c1b) addiw   s8, s8, -820
3 0x00000000800001f4 (0xcccc0c1b) x24 0x000000000000cccc
core   0: 0x00000000800001f8 (0x00000497) auipc   s1, 0x0
3 0x00000000800001f8 (0x00000497) x 9 0x00000000800001f8
core   0: 0x00000000800001fc (0xff248493) addi    s1, s1, -14
3 0x00000000800001fc (0xff248493) x 9 0x00000000800001ea
core   0: 0x0000000080000200 (0x002483e7) jalr    t2, s1, 2
3 0x0000000080000200 (0x002483e7) x 7 0x0000000080000204
core   0: 0x00000000800001ec (0x0200006f) j       pc + 0x20
3 0x00000000800001ec (0x0200006f)
core   0: 0x000000008000020c (0x0180a423) sw      s8, 8(ra)
3 0x000000008000020c (0x0180a423) mem 0x000000008000201c 0x0000000000000000
core   0: 0x0000000080000210 (0x0000dbb7) lui     s7, 0xd
3 0x0000000080000210 (0x0000dbb7) x23 0x000000000000d000
core   0: 0x0000000080000214 (0xcccb8b9b) addiw   s7, s7, -820
3 0x0000000080000214 (0xcccb8b9b) x23 0x000000000000cccc
core   0: 0x0000000080000218 (0x00000417) auipc   s0, 0x0
3 0x0000000080000218 (0x00000417) x 8 0x0000000080000218
core   0: 0x000000008000021c (0x01440413) addi    s0, s0, 20
3 0x000000008000021c (0x01440413) x 8 0x000000008000022c
core   0: 0x0000000080000220 (0x00040467) jalr    s0, s0, 0
3 0x0000000080000220 (0x00040467) x 8 0x0000000080000224
core   0: 0x000000008000022c (0x0170a623) sw      s7, 12(ra)
3 0x000000008000022c (0x0170a623) mem 0x0000000080002020 0x0000000000000000
core   0: 0x0000000080000230 (0x0000db37) lui     s6, 0xd
3 0x0000000080000230 (0x0000db37) x22 0x000000000000d000
core   0: 0x0000000080000234 (0xcccb0b1b) addiw   s6, s6, -820
3 0x0000000080000234 (0xcccb0b1b) x22 0x000000000000cccc
core   0: 0x0000000080000238 (0x00000397) auipc   t2, 0x0
3 0x0000000080000238 (0x00000397) x 7 0x0000000080000238
core   0: 0x000000008000023c (0x01338393) addi    t2, t2, 19
3 0x000000008000023c (0x01338393) x 7 0x000000008000024b
core   0: 0x0000000080000240 (0x001384e7) jalr    s1, t2, 1
3 0x0000000080000240 (0x001384e7) x 9 0x0000000080000244
core   0: 0x000000008000024c (0x0160a823) sw      s6, 16(ra)
3 0x000000008000024c (0x0160a823) mem 0x0000000080002024 0x0000000000000000
core   0: 0x0000000080000250 (0x00002097) auipc   ra, 0x2
3 0x0000000080000250 (0x00002097) x 1 0x0000000080002250
core   0: 0x0000000080000254 (0xdd808093) addi    ra, ra, -552
3 0x0000000080000254 (0xdd808093) x 1 0x0000000080002028
core   0: 0x0000000080000258 (0x0000dab7) lui     s5, 0xd
3 0x0000000080000258 (0x0000dab7) x21 0x000000000000d000
core   0: 0x000000008000025c (0xccca8a9b) addiw   s5, s5, -820
3 0x000000008000025c (0xccca8a9b) x21 0x000000000000cccc
core   0: 0x0000000080000260 (0x00000317) auipc   t1, 0x0
3 0x0000000080000260 (0x00000317) x 6 0x0000000080000260
core   0: 0x0000000080000264 (0x01330313) addi    t1, t1, 19
3 0x0000000080000264 (0x01330313) x 6 0x0000000080000273
core   0: 0x0000000080000268 (0x00130567) jalr    a0, t1, 1
3 0x0000000080000268 (0x00130567) x10 0x000000008000026c
core   0: 0x0000000080000274 (0x0150a023) sw      s5, 0(ra)
3 0x0000000080000274 (0x0150a023) mem 0x0000000080002028 0x0000000000000000
core   0: 0x0000000080000278 (0x0000da37) lui     s4, 0xd
3 0x0000000080000278 (0x0000da37) x20 0x000000000000d000
core   0: 0x000000008000027c (0xccca0a1b) addiw   s4, s4, -820
3 0x000000008000027c (0xccca0a1b) x20 0x000000000000cccc
core   0: 0x0000000080000280 (0x00000297) auipc   t0, 0x0
3 0x0000000080000280 (0x00000297) x 5 0x0000000080000280
core   0: 0x0000000080000284 (0x01028293) addi    t0, t0, 16
3 0x0000000080000284 (0x01028293) x 5 0x0000000080000290
core   0: 0x0000000080000288 (0x004285e7) jalr    a1, t0, 4
3 0x0000000080000288 (0x004285e7) x11 0x000000008000028c
core   0: 0x0000000080000294 (0x0140a223) sw      s4, 4(ra)
3 0x0000000080000294 (0x0140a223) mem 0x000000008000202c 0x0000000000000000
core   0: 0x0000000080000298 (0x0080006f) j       pc + 0x8
3 0x0000000080000298 (0x0080006f)
core   0: 0x00000000800002a0 (0x0000d9b7) lui     s3, 0xd
3 0x00000000800002a0 (0x0000d9b7) x19 0x000000000000d000
core   0: 0x00000000800002a4 (0xccc9899b) addiw   s3, s3, -820
3 0x00000000800002a4 (0xccc9899b) x19 0x000000000000cccc
core   0: 0x00000000800002a8 (0x00000217) auipc   tp, 0x0
3 0x00000000800002a8 (0x00000217) x 4 0x00000000800002a8
core   0: 0x00000000800002ac (0xff220213) addi    tp, tp, -14
3 0x00000000800002ac (0xff220213) x 4 0x000000008000029a
core   0: 0x00000000800002b0 (0x00220667) jalr    a2, tp, 2
3 0x00000000800002b0 (0x00220667) x12 0x00000000800002b4
core   0: 0x000000008000029c (0x0200006f) j       pc + 0x20
3 0x000000008000029c (0x0200006f)
core   0: 0x00000000800002bc (0x0130a423) sw      s3, 8(ra)
3 0x00000000800002bc (0x0130a423) mem 0x0000000080002030 0x0000000000000000
core   0: 0x00000000800002c0 (0x0000d937) lui     s2, 0xd
3 0x00000000800002c0 (0x0000d937) x18 0x000000000000d000
core   0: 0x00000000800002c4 (0xccc9091b) addiw   s2, s2, -820
3 0x00000000800002c4 (0xccc9091b) x18 0x000000000000cccc
core   0: 0x00000000800002c8 (0x00000197) auipc   gp, 0x0
3 0x00000000800002c8 (0x00000197) x 3 0x00000000800002c8
core   0: 0x00000000800002cc (0x01018193) addi    gp, gp, 16
3 0x00000000800002cc (0x01018193) x 3 0x00000000800002d8
core   0: 0x00000000800002d0 (0x004186e7) jalr    a3, gp, 4
3 0x00000000800002d0 (0x004186e7) x13 0x00000000800002d4
core   0: 0x00000000800002dc (0x0120a623) sw      s2, 12(ra)
3 0x00000000800002dc (0x0120a623) mem 0x0000000080002034 0x0000000000000000
core   0: 0x00000000800002e0 (0x0000d8b7) lui     a7, 0xd
3 0x00000000800002e0 (0x0000d8b7) x17 0x000000000000d000
core   0: 0x00000000800002e4 (0xccc8889b) addiw   a7, a7, -820
3 0x00000000800002e4 (0xccc8889b) x17 0x000000000000cccc
core   0: 0x00000000800002e8 (0x00000117) auipc   sp, 0x0
3 0x00000000800002e8 (0x00000117) x 2 0x00000000800002e8
core   0: 0x00000000800002ec (0x01110113) addi    sp, sp, 17
3 0x00000000800002ec (0x01110113) x 2 0x00000000800002f9
core   0: 0x00000000800002f0 (0x00310767) jalr    a4, sp, 3
3 0x00000000800002f0 (0x00310767) x14 0x00000000800002f4
core   0: 0x00000000800002fc (0x0110a823) sw      a7, 16(ra)
3 0x00000000800002fc (0x0110a823) mem 0x0000000080002038 0x0000000000000000
core   0: 0x0000000080000300 (0x00002117) auipc   sp, 0x2
3 0x0000000080000300 (0x00002117) x 2 0x0000000080002300
core   0: 0x0000000080000304 (0xd3c10113) addi    sp, sp, -708
3 0x0000000080000304 (0xd3c10113) x 2 0x000000008000203c
core   0: 0x0000000080000308 (0x0000d837) lui     a6, 0xd
3 0x0000000080000308 (0x0000d837) x16 0x000000000000d000
core   0: 0x000000008000030c (0xccc8081b) addiw   a6, a6, -820
3 0x000000008000030c (0xccc8081b) x16 0x000000000000cccc
core   0: 0x0000000080000310 (0x00000097) auipc   ra, 0x0
3 0x0000000080000310 (0x00000097) x 1 0x0000000080000310
core   0: 0x0000000080000314 (0x01208093) addi    ra, ra, 18
3 0x0000000080000314 (0x01208093) x 1 0x0000000080000322
core   0: 0x0000000080000318 (0x002087e7) jalr    a5, ra, 2
3 0x0000000080000318 (0x002087e7) x15 0x000000008000031c
core   0: 0x0000000080000324 (0x0000c042) c.swsp  a6, 0(sp)
3 0x0000000080000324 (0xc042) mem 0x000000008000203c 0x0000000000000000
core   0: 0x0000000080000326 (0x0000d7b7) lui     a5, 0xd
3 0x0000000080000326 (0x0000d7b7) x15 0x000000000000d000
core   0: 0x000000008000032a (0xccc7879b) addiw   a5, a5, -820
3 0x000000008000032a (0xccc7879b) x15 0x000000000000cccc
core   0: 0x000000008000032e (0x00000097) auipc   ra, 0x0
3 0x000000008000032e (0x00000097) x 1 0x000000008000032e
core   0: 0x0000000080000332 (0x01408093) addi    ra, ra, 20
3 0x0000000080000332 (0x01408093) x 1 0x0000000080000342
core   0: 0x0000000080000336 (0x00008867) jalr    a6, ra, 0
3 0x0000000080000336 (0x00008867) x16 0x000000008000033a
core   0: 0x0000000080000342 (0x0000c23e) c.swsp  a5, 4(sp)
3 0x0000000080000342 (0xc23e) mem 0x0000000080002040 0x0000000000000000
core   0: 0x0000000080000344 (0x0080006f) j       pc + 0x8
3 0x0000000080000344 (0x0080006f)
core   0: 0x000000008000034c (0x0000d737) lui     a4, 0xd
3 0x000000008000034c (0x0000d737) x14 0x000000000000d000
core   0: 0x0000000080000350 (0xccc7071b) addiw   a4, a4, -820
3 0x0000000080000350 (0xccc7071b) x14 0x000000000000cccc
core   0: 0x0000000080000354 (0x00000f97) auipc   t6, 0x0
3 0x0000000080000354 (0x00000f97) x31 0x0000000080000354
core   0: 0x0000000080000358 (0xff3f8f93) addi    t6, t6, -13
3 0x0000000080000358 (0xff3f8f93) x31 0x0000000080000347
core   0: 0x000000008000035c (0x001f88e7) jalr    a7, t6, 1
3 0x000000008000035c (0x001f88e7) x17 0x0000000080000360
core   0: 0x0000000080000348 (0x0200006f) j       pc + 0x20
3 0x0000000080000348 (0x0200006f)
core   0: 0x0000000080000368 (0x0000c43a) c.swsp  a4, 8(sp)
3 0x0000000080000368 (0xc43a) mem 0x0000000080002044 0x0000000000000000
core   0: 0x000000008000036a (0x0000d6b7) lui     a3, 0xd
3 0x000000008000036a (0x0000d6b7) x13 0x000000000000d000
core   0: 0x000000008000036e (0xccc6869b) addiw   a3, a3, -820
3 0x000000008000036e (0xccc6869b) x13 0x000000000000cccc
core   0: 0x0000000080000372 (0x00000f17) auipc   t5, 0x0
3 0x0000000080000372 (0x00000f17) x30 0x0000000080000372
core   0: 0x0000000080000376 (0x013f0f13) addi    t5, t5, 19
3 0x0000000080000376 (0x013f0f13) x30 0x0000000080000385
core   0: 0x000000008000037a (0x001f0967) jalr    s2, t5, 1
3 0x000000008000037a (0x001f0967) x18 0x000000008000037e
core   0: 0x0000000080000386 (0x0000c636) c.swsp  a3, 12(sp)
3 0x0000000080000386 (0xc636) mem 0x0000000080002048 0x0000000000000000
core   0: 0x0000000080000388 (0x0000d637) lui     a2, 0xd
3 0x0000000080000388 (0x0000d637) x12 0x000000000000d000
core   0: 0x000000008000038c (0xccc6061b) addiw   a2, a2, -820
3 0x000000008000038c (0xccc6061b) x12 0x000000000000cccc
core   0: 0x0000000080000390 (0x00000e97) auipc   t4, 0x0
3 0x0000000080000390 (0x00000e97) x29 0x0000000080000390
core   0: 0x0000000080000394 (0x010e8e93) addi    t4, t4, 16
3 0x0000000080000394 (0x010e8e93) x29 0x00000000800003a0
core   0: 0x0000000080000398 (0x004e89e7) jalr    s3, t4, 4
3 0x0000000080000398 (0x004e89e7) x19 0x000000008000039c
core   0: 0x00000000800003a4 (0x0000c832) c.swsp  a2, 16(sp)
3 0x00000000800003a4 (0xc832) mem 0x000000008000204c 0x0000000000000000
core   0: 0x00000000800003a6 (0x00002097) auipc   ra, 0x2
3 0x00000000800003a6 (0x00002097) x 1 0x00000000800023a6
core   0: 0x00000000800003aa (0xcaa08093) addi    ra, ra, -854
3 0x00000000800003aa (0xcaa08093) x 1 0x0000000080002050
core   0: 0x00000000800003ae (0x0000d5b7) lui     a1, 0xd
3 0x00000000800003ae (0x0000d5b7) x11 0x000000000000d000
core   0: 0x00000000800003b2 (0xccc5859b) addiw   a1, a1, -820
3 0x00000000800003b2 (0xccc5859b) x11 0x000000000000cccc
core   0: 0x00000000800003b6 (0x00000e17) auipc   t3, 0x0
3 0x00000000800003b6 (0x00000e17) x28 0x00000000800003b6
core   0: 0x00000000800003ba (0x012e0e13) addi    t3, t3, 18
3 0x00000000800003ba (0x012e0e13) x28 0x00000000800003c8
core   0: 0x00000000800003be (0x002e0a67) jalr    s4, t3, 2
3 0x00000000800003be (0x002e0a67) x20 0x00000000800003c2
core   0: 0x00000000800003ca (0x00b0a023) sw      a1, 0(ra)
3 0x00000000800003ca (0x00b0a023) mem 0x0000000080002050 0x0000000000000000
core   0: 0x00000000800003ce (0x0000d537) lui     a0, 0xd
3 0x00000000800003ce (0x0000d537) x10 0x000000000000d000
core   0: 0x00000000800003d2 (0xccc5051b) addiw   a0, a0, -820
3 0x00000000800003d2 (0xccc5051b) x10 0x000000000000cccc
core   0: 0x00000000800003d6 (0x00000d97) auipc   s11, 0x0
3 0x00000000800003d6 (0x00000d97) x27 0x00000000800003d6
core   0: 0x00000000800003da (0x010d8d93) addi    s11, s11, 16
3 0x00000000800003da (0x010d8d93) x27 0x00000000800003e6
core   0: 0x00000000800003de (0x004d8ae7) jalr    s5, s11, 4
3 0x00000000800003de (0x004d8ae7) x21 0x00000000800003e2
core   0: 0x00000000800003ea (0x00a0a223) sw      a0, 4(ra)
3 0x00000000800003ea (0x00a0a223) mem 0x0000000080002054 0x0000000000000000
core   0: 0x00000000800003ee (0x0080006f) j       pc + 0x8
3 0x00000000800003ee (0x0080006f)
core   0: 0x00000000800003f6 (0x0000d4b7) lui     s1, 0xd
3 0x00000000800003f6 (0x0000d4b7) x 9 0x000000000000d000
core   0: 0x00000000800003fa (0xccc4849b) addiw   s1, s1, -820
3 0x00000000800003fa (0xccc4849b) x 9 0x000000000000cccc
core   0: 0x00000000800003fe (0x00000d17) auipc   s10, 0x0
3 0x00000000800003fe (0x00000d17) x26 0x00000000800003fe
core   0: 0x0000000080000402 (0xff1d0d13) addi    s10, s10, -15
3 0x0000000080000402 (0xff1d0d13) x26 0x00000000800003ef
core   0: 0x0000000080000406 (0x003d0b67) jalr    s6, s10, 3
3 0x0000000080000406 (0x003d0b67) x22 0x000000008000040a
core   0: 0x00000000800003f2 (0x0200006f) j       pc + 0x20
3 0x00000000800003f2 (0x0200006f)
core   0: 0x0000000080000412 (0x0090a423) sw      s1, 8(ra)
3 0x0000000080000412 (0x0090a423) mem 0x0000000080002058 0x0000000000000000
core   0: 0x0000000080000416 (0x0000d437) lui     s0, 0xd
3 0x0000000080000416 (0x0000d437) x 8 0x000000000000d000
core   0: 0x000000008000041a (0xccc4041b) addiw   s0, s0, -820
3 0x000000008000041a (0xccc4041b) x 8 0x000000000000cccc
core   0: 0x000000008000041e (0x00000c97) auipc   s9, 0x0
3 0x000000008000041e (0x00000c97) x25 0x000000008000041e
core   0: 0x0000000080000422 (0x012c8c93) addi    s9, s9, 18
3 0x0000000080000422 (0x012c8c93) x25 0x0000000080000430
core   0: 0x0000000080000426 (0x002c8be7) jalr    s7, s9, 2
3 0x0000000080000426 (0x002c8be7) x23 0x000000008000042a
core   0: 0x0000000080000432 (0x0080a623) sw      s0, 12(ra)
3 0x0000000080000432 (0x0080a623) mem 0x000000008000205c 0x0000000000000000
core   0: 0x0000000080000436 (0x0000d3b7) lui     t2, 0xd
3 0x0000000080000436 (0x0000d3b7) x 7 0x000000000000d000
core   0: 0x000000008000043a (0xccc3839b) addiw   t2, t2, -820
3 0x000000008000043a (0xccc3839b) x 7 0x000000000000cccc
core   0: 0x000000008000043e (0x00000c17) auipc   s8, 0x0
3 0x000000008000043e (0x00000c17) x24 0x000000008000043e
core   0: 0x0000000080000442 (0x014c0c13) addi    s8, s8, 20
3 0x0000000080000442 (0x014c0c13) x24 0x0000000080000452
core   0: 0x0000000080000446 (0x000c0c67) jalr    s8, s8, 0
3 0x0000000080000446 (0x000c0c67) x24 0x000000008000044a
core   0: 0x0000000080000452 (0x0070a823) sw      t2, 16(ra)
3 0x0000000080000452 (0x0070a823) mem 0x0000000080002060 0x0000000000000000
core   0: 0x0000000080000456 (0x00002097) auipc   ra, 0x2
3 0x0000000080000456 (0x00002097) x 1 0x0000000080002456
core   0: 0x000000008000045a (0xc0e08093) addi    ra, ra, -1010
3 0x000000008000045a (0xc0e08093) x 1 0x0000000080002064
core   0: 0x000000008000045e (0x0000d337) lui     t1, 0xd
3 0x000000008000045e (0x0000d337) x 6 0x000000000000d000
core   0: 0x0000000080000462 (0xccc3031b) addiw   t1, t1, -820
3 0x0000000080000462 (0xccc3031b) x 6 0x000000000000cccc
core   0: 0x0000000080000466 (0x00000b97) auipc   s7, 0x0
3 0x0000000080000466 (0x00000b97) x23 0x0000000080000466
core   0: 0x000000008000046a (0x013b8b93) addi    s7, s7, 19
3 0x000000008000046a (0x013b8b93) x23 0x0000000080000479
core   0: 0x000000008000046e (0x001b8ce7) jalr    s9, s7, 1
3 0x000000008000046e (0x001b8ce7) x25 0x0000000080000472
core   0: 0x000000008000047a (0x0060a023) sw      t1, 0(ra)
3 0x000000008000047a (0x0060a023) mem 0x0000000080002064 0x0000000000000000
core   0: 0x000000008000047e (0x0000d2b7) lui     t0, 0xd
3 0x000000008000047e (0x0000d2b7) x 5 0x000000000000d000
core   0: 0x0000000080000482 (0xccc2829b) addiw   t0, t0, -820
3 0x0000000080000482 (0xccc2829b) x 5 0x000000000000cccc
core   0: 0x0000000080000486 (0x00000b17) auipc   s6, 0x0
3 0x0000000080000486 (0x00000b17) x22 0x0000000080000486
core   0: 0x000000008000048a (0x013b0b13) addi    s6, s6, 19
3 0x000000008000048a (0x013b0b13) x22 0x0000000080000499
core   0: 0x000000008000048e (0x001b0d67) jalr    s10, s6, 1
3 0x000000008000048e (0x001b0d67) x26 0x0000000080000492
core   0: 0x000000008000049a (0x0050a223) sw      t0, 4(ra)
3 0x000000008000049a (0x0050a223) mem 0x0000000080002068 0x0000000000000000
core   0: 0x000000008000049e (0x0080006f) j       pc + 0x8
3 0x000000008000049e (0x0080006f)
core   0: 0x00000000800004a6 (0x0000d237) lui     tp, 0xd
3 0x00000000800004a6 (0x0000d237) x 4 0x000000000000d000
core   0: 0x00000000800004aa (0xccc2021b) addiw   tp, tp, -820
3 0x00000000800004aa (0xccc2021b) x 4 0x000000000000cccc
core   0: 0x00000000800004ae (0x00000a97) auipc   s5, 0x0
3 0x00000000800004ae (0x00000a97) x21 0x00000000800004ae
core   0: 0x00000000800004b2 (0xff0a8a93) addi    s5, s5, -16
3 0x00000000800004b2 (0xff0a8a93) x21 0x000000008000049e
core   0: 0x00000000800004b6 (0x004a8de7) jalr    s11, s5, 4
3 0x00000000800004b6 (0x004a8de7) x27 0x00000000800004ba
core   0: 0x00000000800004a2 (0x0200006f) j       pc + 0x20
3 0x00000000800004a2 (0x0200006f)
core   0: 0x00000000800004c2 (0x0040a423) sw      tp, 8(ra)
3 0x00000000800004c2 (0x0040a423) mem 0x000000008000206c 0x0000000000000000
core   0: 0x00000000800004c6 (0x0000d1b7) lui     gp, 0xd
3 0x00000000800004c6 (0x0000d1b7) x 3 0x000000000000d000
core   0: 0x00000000800004ca (0xccc1819b) addiw   gp, gp, -820
3 0x00000000800004ca (0xccc1819b) x 3 0x000000000000cccc
core   0: 0x00000000800004ce (0x00000a17) auipc   s4, 0x0
3 0x00000000800004ce (0x00000a17) x20 0x00000000800004ce
core   0: 0x00000000800004d2 (0x012a0a13) addi    s4, s4, 18
3 0x00000000800004d2 (0x012a0a13) x20 0x00000000800004e0
core   0: 0x00000000800004d6 (0x002a0e67) jalr    t3, s4, 2
3 0x00000000800004d6 (0x002a0e67) x28 0x00000000800004da
core   0: 0x00000000800004e2 (0x0030a623) sw      gp, 12(ra)
3 0x00000000800004e2 (0x0030a623) mem 0x0000000080002070 0x0000000000000000
core   0: 0x00000000800004e6 (0x0000d137) lui     sp, 0xd
3 0x00000000800004e6 (0x0000d137) x 2 0x000000000000d000
core   0: 0x00000000800004ea (0xccc1011b) addiw   sp, sp, -820
3 0x00000000800004ea (0xccc1011b) x 2 0x000000000000cccc
core   0: 0x00000000800004ee (0x00000997) auipc   s3, 0x0
3 0x00000000800004ee (0x00000997) x19 0x00000000800004ee
core   0: 0x00000000800004f2 (0x01098993) addi    s3, s3, 16
3 0x00000000800004f2 (0x01098993) x19 0x00000000800004fe
core   0: 0x00000000800004f6 (0x00498ee7) jalr    t4, s3, 4
3 0x00000000800004f6 (0x00498ee7) x29 0x00000000800004fa
core   0: 0x0000000080000502 (0x0020a823) sw      sp, 16(ra)
3 0x0000000080000502 (0x0020a823) mem 0x0000000080002074 0x0000000000000000
core   0: 0x0000000080000506 (0x00002117) auipc   sp, 0x2
3 0x0000000080000506 (0x00002117) x 2 0x0000000080002506
core   0: 0x000000008000050a (0xb7210113) addi    sp, sp, -1166
3 0x000000008000050a (0xb7210113) x 2 0x0000000080002078
core   0: 0x000000008000050e (0x0000d0b7) lui     ra, 0xd
3 0x000000008000050e (0x0000d0b7) x 1 0x000000000000d000
core   0: 0x0000000080000512 (0xccc0809b) addiw   ra, ra, -820
3 0x0000000080000512 (0xccc0809b) x 1 0x000000000000cccc
core   0: 0x0000000080000516 (0x00000917) auipc   s2, 0x0
3 0x0000000080000516 (0x00000917) x18 0x0000000080000516
core   0: 0x000000008000051a (0x01190913) addi    s2, s2, 17
3 0x000000008000051a (0x01190913) x18 0x0000000080000527
core   0: 0x000000008000051e (0x00390f67) jalr    t5, s2, 3
3 0x000000008000051e (0x00390f67) x30 0x0000000080000522
core   0: 0x000000008000052a (0x0000c006) c.swsp  ra, 0(sp)
3 0x000000008000052a (0xc006) mem 0x0000000080002078 0x0000000000000000
core   0: 0x000000008000052c (0x0000d037) lui     zero, 0xd
3 0x000000008000052c (0x0000d037)
core   0: 0x0000000080000530 (0xccc0001b) addiw   zero, zero, -820
3 0x0000000080000530 (0xccc0001b)
core   0: 0x0000000080000534 (0x00000897) auipc   a7, 0x0
3 0x0000000080000534 (0x00000897) x17 0x0000000080000534
core   0: 0x0000000080000538 (0x01288893) addi    a7, a7, 18
3 0x0000000080000538 (0x01288893) x17 0x0000000080000546
core   0: 0x000000008000053c (0x00288fe7) jalr    t6, a7, 2
3 0x000000008000053c (0x00288fe7) x31 0x0000000080000540
core   0: 0x0000000080000548 (0x0000c202) c.swsp  zero, 4(sp)
3 0x0000000080000548 (0xc202) mem 0x000000008000207c 0x0000000000000000
core   0: 0x000000008000054a (0x0ff0000f) fence   iorw,iorw
3 0x000000008000054a (0x0ff0000f)
core   0: 0x000000008000054e (0x00004185) c.li    gp, 1
3 0x000000008000054e (0x4185) x 3 0x0000000000000001
core   0: 0x0000000080000550 (0x00000073) ecall
3 0x0000000080000550 (0x00000073)
