core   0: 0x0000000000010000 (0x00100413) li      s0, 1
3 0x0000000000010000 (0x00100413) x 8 0x0000000000000001
core   0: 0x0000000000010004 (0x01f41413) slli    s0, s0, 31
3 0x0000000000010004 (0x01f41413) x 8 0x0000000080000000
core   0: 0x0000000000010008 (0xf1402573) csrr    a0, mhartid
3 0x0000000000010008 (0xf1402573) x10 0x0000000000000000
core   0: 0x000000000001000c (0x00000597) auipc   a1, 0x0
3 0x000000000001000c (0x00000597) x11 0x000000000001000c
core   0: 0x0000000000010010 (0x07458593) addi    a1, a1, 116
3 0x0000000000010010 (0x07458593) x11 0x0000000000010080
core   0: 0x0000000000010014 (0x00040067) jr      s0
3 0x0000000000010014 (0x00040067)
core   0: 0x0000000080000000 (0x0000a081) c.j     pc + 64
3 0x0000000080000000 (0xa081)
core   0: 0x0000000080000040 (0xf1402573) csrr    a0, mhartid
3 0x0000000080000040 (0xf1402573) x10 0x0000000000000000
core   0: 0x0000000080000044 (0x0000e101) c.bnez  a0, pc + 0
3 0x0000000080000044 (0xe101)
core   0: 0x0000000080000046 (0x00000297) auipc   t0, 0x0
3 0x0000000080000046 (0x00000297) x 5 0x0000000080000046
core   0: 0x000000008000004a (0x01228293) addi    t0, t0, 18
3 0x000000008000004a (0x01228293) x 5 0x0000000080000058
core   0: 0x000000008000004e (0x30529073) csrw    mtvec, t0
3 0x000000008000004e (0x30529073)
core   0: 0x0000000080000052 (0x18005073) csrwi   satp, 0
3 0x0000000080000052 (0x18005073)
core   0: 0x0000000080000056 (0x00000001) c.nop
3 0x0000000080000056 (0x0001)
core   0: 0x0000000080000058 (0x00000297) auipc   t0, 0x0
3 0x0000000080000058 (0x00000297) x 5 0x0000000080000058
core   0: 0x000000008000005c (0x01828293) addi    t0, t0, 24
3 0x000000008000005c (0x01828293) x 5 0x0000000080000070
core   0: 0x0000000080000060 (0x30529073) csrw    mtvec, t0
3 0x0000000080000060 (0x30529073)
core   0: 0x0000000080000064 (0x000052fd) c.li    t0, -1
3 0x0000000080000064 (0x52fd) x 5 0xffffffffffffffff
core   0: 0x0000000080000066 (0x3b029073) csrw    pmpaddr0, t0
3 0x0000000080000066 (0x3b029073)
core   0: 0x000000008000006a (0x000042fd) c.li    t0, 31
3 0x000000008000006a (0x42fd) x 5 0x000000000000001f
core   0: 0x000000008000006c (0x3a029073) csrw    pmpcfg0, t0
3 0x000000008000006c (0x3a029073)
core   0: 0x0000000080000070 (0x00000297) auipc   t0, 0x0
3 0x0000000080000070 (0x00000297) x 5 0x0000000080000070
core   0: 0x0000000080000074 (0x01828293) addi    t0, t0, 24
3 0x0000000080000074 (0x01828293) x 5 0x0000000080000088
core   0: 0x0000000080000078 (0x30529073) csrw    mtvec, t0
3 0x0000000080000078 (0x30529073)
core   0: 0x000000008000007c (0x30205073) csrwi   medeleg, 0
3 0x000000008000007c (0x30205073)
core   0: 0x0000000080000080 (0x30305073) csrwi   mideleg, 0
3 0x0000000080000080 (0x30305073)
core   0: 0x0000000080000084 (0x30405073) csrwi   mie, 0
3 0x0000000080000084 (0x30405073)
core   0: 0x0000000080000088 (0x00004181) c.li    gp, 0
3 0x0000000080000088 (0x4181) x 3 0x0000000000000000
core   0: 0x000000008000008a (0x00000297) auipc   t0, 0x0
3 0x000000008000008a (0x00000297) x 5 0x000000008000008a
core   0: 0x000000008000008e (0xf7a28293) addi    t0, t0, -134
3 0x000000008000008e (0xf7a28293) x 5 0x0000000080000004
core   0: 0x0000000080000092 (0x30529073) csrw    mtvec, t0
3 0x0000000080000092 (0x30529073)
core   0: 0x0000000080000096 (0x00004505) c.li    a0, 1
3 0x0000000080000096 (0x4505) x10 0x0000000000000001
core   0: 0x0000000080000098 (0x0000057e) c.slli  a0, 31
3 0x0000000080000098 (0x057e) x10 0x0000000080000000
core   0: 0x000000008000009a (0x00055763) bgez    a0, pc + 14
3 0x000000008000009a (0x00055763)
core   0: 0x00000000800000a8 (0x80000297) auipc   t0, 0x80000
3 0x00000000800000a8 (0x80000297) x 5 0x00000000000000a8
core   0: 0x00000000800000ac (0xf5828293) addi    t0, t0, -168
3 0x00000000800000ac (0xf5828293) x 5 0x0000000000000000
core   0: 0x00000000800000b0 (0x00028e63) beqz    t0, pc + 28
3 0x00000000800000b0 (0x00028e63)
core   0: 0x00000000800000cc (0x30005073) csrwi   mstatus, 0
3 0x00000000800000cc (0x30005073)
core   0: 0x00000000800000d0 (0x00002537) lui     a0, 0x2
3 0x00000000800000d0 (0x00002537) x10 0x0000000000002000
core   0: 0x00000000800000d4 (0x8005051b) addiw   a0, a0, -2048
3 0x00000000800000d4 (0x8005051b) x10 0x0000000000001800
core   0: 0x00000000800000d8 (0x30052073) csrs    mstatus, a0
3 0x00000000800000d8 (0x30052073)
core   0: 0x00000000800000dc (0x00000297) auipc   t0, 0x0
3 0x00000000800000dc (0x00000297) x 5 0x00000000800000dc
core   0: 0x00000000800000e0 (0x01428293) addi    t0, t0, 20
3 0x00000000800000e0 (0x01428293) x 5 0x00000000800000f0
core   0: 0x00000000800000e4 (0x34129073) csrw    mepc, t0
3 0x00000000800000e4 (0x34129073)
core   0: 0x00000000800000e8 (0xf1402573) csrr    a0, mhartid
3 0x00000000800000e8 (0xf1402573) x10 0x0000000000000000
core   0: 0x00000000800000ec (0x30200073) mret
3 0x00000000800000ec (0x30200073)
core   0: 0x00000000800000f0 (0x00000097) auipc   ra, 0x0
3 0x00000000800000f0 (0x00000097) x 1 0x00000000800000f0
core   0: 0x00000000800000f4 (0x11408093) addi    ra, ra, 276
3 0x00000000800000f4 (0x11408093) x 1 0x0000000080000204
core   0: 0x00000000800000f8 (0x30509ff3) csrrw   t6, mtvec, ra
3 0x00000000800000f8 (0x30509ff3) x31 0x0000000080000004
core   0: 0x00000000800000fc (0x00002197) auipc   gp, 0x2
3 0x00000000800000fc (0x00002197) x 3 0x00000000800020fc
core   0: 0x0000000080000100 (0xf0418193) addi    gp, gp, -252
3 0x0000000080000100 (0xf0418193) x 3 0x0000000080002000
core   0: 0x0000000080000104 (0x00002117) auipc   sp, 0x2
3 0x0000000080000104 (0x00002117) x 2 0x0000000080002104
core   0: 0x0000000080000108 (0xf0c10113) addi    sp, sp, -244
3 0x0000000080000108 (0xf0c10113) x 2 0x0000000080002010
core   0: 0x000000008000010c (0x00002097) auipc   ra, 0x2
3 0x000000008000010c (0x00002097) x 1 0x000000008000210c
core   0: 0x0000000080000110 (0xf1408093) addi    ra, ra, -236
3 0x0000000080000110 (0xf1408093) x 1 0x0000000080002020
core   0: 0x0000000080000114 (0x00004295) c.li    t0, 5
3 0x0000000080000114 (0x4295) x 5 0x0000000000000005
core   0: 0x0000000080000116 (0x00004319) c.li    t1, 6
3 0x0000000080000116 (0x4319) x 6 0x0000000000000006
core   0: 0x0000000080000118 (0x0001a203) lw      tp, 0(gp)
3 0x0000000080000118 (0x0001a203) x 4 0xffffffff91a1b1c1 mem 0x0000000080002000
core   0: 0x000000008000011c (0x0000c012) c.swsp  tp, 0(sp)
3 0x000000008000011c (0xc012) mem 0x0000000080002010 0x0000000000000000
LD_ADDR_MISALIGNED exception @ 0x000000008000011e
core   0: 0x0000000080000204 (0x34102f73) csrr    t5, mepc
3 0x0000000080000204 (0x34102f73) x30 0x000000008000011e
core   0: 0x0000000080000208 (0x00000f11) c.addi  t5, 4
3 0x0000000080000208 (0x0f11) x30 0x0000000080000122
core   0: 0x000000008000020a (0x341f1073) csrw    mepc, t5
3 0x000000008000020a (0x341f1073)
core   0: 0x000000008000020e (0x34302f73) csrr    t5, mtval
3 0x000000008000020e (0x34302f73) x30 0x0000000080002001
core   0: 0x0000000080000212 (0x003f7f13) andi    t5, t5, 3
3 0x0000000080000212 (0x003f7f13) x30 0x0000000000000001
core   0: 0x0000000080000216 (0x01e0a023) sw      t5, 0(ra)
3 0x0000000080000216 (0x01e0a023) mem 0x0000000080002020 0x0000000000000000
core   0: 0x000000008000021a (0x34202f73) csrr    t5, mcause
3 0x000000008000021a (0x34202f73) x30 0x0000000000000004
core   0: 0x000000008000021e (0x01e0a223) sw      t5, 4(ra)
3 0x000000008000021e (0x01e0a223) mem 0x0000000080002024 0x0000000000000000
core   0: 0x0000000080000222 (0x000000a1) c.addi  ra, 8
3 0x0000000080000222 (0x00a1) x 1 0x0000000080002028
core   0: 0x0000000080000224 (0x30200073) mret
3 0x0000000080000224 (0x30200073)
core   0: 0x0000000080000122 (0x0000c212) c.swsp  tp, 4(sp)
3 0x0000000080000122 (0xc212) mem 0x0000000080002014 0x0000000000000000
LD_ADDR_MISALIGNED exception @ 0x0000000080000124
core   0: 0x0000000080000204 (0x34102f73) csrr    t5, mepc
3 0x0000000080000204 (0x34102f73) x30 0x0000000080000124
core   0: 0x0000000080000208 (0x00000f11) c.addi  t5, 4
3 0x0000000080000208 (0x0f11) x30 0x0000000080000128
core   0: 0x000000008000020a (0x341f1073) csrw    mepc, t5
3 0x000000008000020a (0x341f1073)
core   0: 0x000000008000020e (0x34302f73) csrr    t5, mtval
3 0x000000008000020e (0x34302f73) x30 0x0000000080002002
core   0: 0x0000000080000212 (0x003f7f13) andi    t5, t5, 3
3 0x0000000080000212 (0x003f7f13) x30 0x0000000000000002
core   0: 0x0000000080000216 (0x01e0a023) sw      t5, 0(ra)
3 0x0000000080000216 (0x01e0a023) mem 0x0000000080002028 0x0000000000000000
core   0: 0x000000008000021a (0x34202f73) csrr    t5, mcause
3 0x000000008000021a (0x34202f73) x30 0x0000000000000004
core   0: 0x000000008000021e (0x01e0a223) sw      t5, 4(ra)
3 0x000000008000021e (0x01e0a223) mem 0x000000008000202c 0x0000000000000000
core   0: 0x0000000080000222 (0x000000a1) c.addi  ra, 8
3 0x0000000080000222 (0x00a1) x 1 0x0000000080002030
core   0: 0x0000000080000224 (0x30200073) mret
3 0x0000000080000224 (0x30200073)
core   0: 0x0000000080000128 (0x0000c412) c.swsp  tp, 8(sp)
3 0x0000000080000128 (0xc412) mem 0x0000000080002018 0x0000000000000000
LD_ADDR_MISALIGNED exception @ 0x000000008000012a
core   0: 0x0000000080000204 (0x34102f73) csrr    t5, mepc
3 0x0000000080000204 (0x34102f73) x30 0x000000008000012a
core   0: 0x0000000080000208 (0x00000f11) c.addi  t5, 4
3 0x0000000080000208 (0x0f11) x30 0x000000008000012e
core   0: 0x000000008000020a (0x341f1073) csrw    mepc, t5
3 0x000000008000020a (0x341f1073)
core   0: 0x000000008000020e (0x34302f73) csrr    t5, mtval
3 0x000000008000020e (0x34302f73) x30 0x0000000080002003
core   0: 0x0000000080000212 (0x003f7f13) andi    t5, t5, 3
3 0x0000000080000212 (0x003f7f13) x30 0x0000000000000003
core   0: 0x0000000080000216 (0x01e0a023) sw      t5, 0(ra)
3 0x0000000080000216 (0x01e0a023) mem 0x0000000080002030 0x0000000000000000
core   0: 0x000000008000021a (0x34202f73) csrr    t5, mcause
3 0x000000008000021a (0x34202f73) x30 0x0000000000000004
core   0: 0x000000008000021e (0x01e0a223) sw      t5, 4(ra)
3 0x000000008000021e (0x01e0a223) mem 0x0000000080002034 0x0000000000000000
core   0: 0x0000000080000222 (0x000000a1) c.addi  ra, 8
3 0x0000000080000222 (0x00a1) x 1 0x0000000080002038
core   0: 0x0000000080000224 (0x30200073) mret
3 0x0000000080000224 (0x30200073)
core   0: 0x000000008000012e (0x0000c612) c.swsp  tp, 12(sp)
3 0x000000008000012e (0xc612) mem 0x000000008000201c 0x0000000000000000
core   0: 0x0000000080000130 (0x00002197) auipc   gp, 0x2
3 0x0000000080000130 (0x00002197) x 3 0x0000000080002130
core   0: 0x0000000080000134 (0xed418193) addi    gp, gp, -300
3 0x0000000080000134 (0xed418193) x 3 0x0000000080002004
core   0: 0x0000000080000138 (0x00002117) auipc   sp, 0x2
3 0x0000000080000138 (0x00002117) x 2 0x0000000080002138
core   0: 0x000000008000013c (0xf0010113) addi    sp, sp, -256
3 0x000000008000013c (0xf0010113) x 2 0x0000000080002038
core   0: 0x0000000080000140 (0x00002097) auipc   ra, 0x2
3 0x0000000080000140 (0x00002097) x 1 0x0000000080002140
core   0: 0x0000000080000144 (0xf1808093) addi    ra, ra, -232
3 0x0000000080000144 (0xf1808093) x 1 0x0000000080002058
core   0: 0x0000000080000148 (0x00004295) c.li    t0, 5
3 0x0000000080000148 (0x4295) x 5 0x0000000000000005
core   0: 0x000000008000014a (0x00004319) c.li    t1, 6
3 0x000000008000014a (0x4319) x 6 0x0000000000000006
core   0: 0x000000008000014c (0x00019203) lh      tp, 0(gp)
3 0x000000008000014c (0x00019203) x 4 0xfffffffffffff202 mem 0x0000000080002004
core   0: 0x0000000080000150 (0x0000c012) c.swsp  tp, 0(sp)
3 0x0000000080000150 (0xc012) mem 0x0000000080002038 0x0000000000000000
LD_ADDR_MISALIGNED exception @ 0x0000000080000152
core   0: 0x0000000080000204 (0x34102f73) csrr    t5, mepc
3 0x0000000080000204 (0x34102f73) x30 0x0000000080000152
core   0: 0x0000000080000208 (0x00000f11) c.addi  t5, 4
3 0x0000000080000208 (0x0f11) x30 0x0000000080000156
core   0: 0x000000008000020a (0x341f1073) csrw    mepc, t5
3 0x000000008000020a (0x341f1073)
core   0: 0x000000008000020e (0x34302f73) csrr    t5, mtval
3 0x000000008000020e (0x34302f73) x30 0x0000000080002005
core   0: 0x0000000080000212 (0x003f7f13) andi    t5, t5, 3
3 0x0000000080000212 (0x003f7f13) x30 0x0000000000000001
core   0: 0x0000000080000216 (0x01e0a023) sw      t5, 0(ra)
3 0x0000000080000216 (0x01e0a023) mem 0x0000000080002058 0x0000000000000000
core   0: 0x000000008000021a (0x34202f73) csrr    t5, mcause
3 0x000000008000021a (0x34202f73) x30 0x0000000000000004
core   0: 0x000000008000021e (0x01e0a223) sw      t5, 4(ra)
3 0x000000008000021e (0x01e0a223) mem 0x000000008000205c 0x0000000000000000
core   0: 0x0000000080000222 (0x000000a1) c.addi  ra, 8
3 0x0000000080000222 (0x00a1) x 1 0x0000000080002060
core   0: 0x0000000080000224 (0x30200073) mret
3 0x0000000080000224 (0x30200073)
core   0: 0x0000000080000156 (0x0000c212) c.swsp  tp, 4(sp)
3 0x0000000080000156 (0xc212) mem 0x000000008000203c 0x0000000000000000
core   0: 0x0000000080000158 (0x00219203) lh      tp, 2(gp)
3 0x0000000080000158 (0x00219203) x 4 0xffffffffffffd2e2 mem 0x0000000080002006
core   0: 0x000000008000015c (0x0000c412) c.swsp  tp, 8(sp)
3 0x000000008000015c (0xc412) mem 0x0000000080002040 0xffffffffffffd2e2
LD_ADDR_MISALIGNED exception @ 0x000000008000015e
core   0: 0x0000000080000204 (0x34102f73) csrr    t5, mepc
3 0x0000000080000204 (0x34102f73) x30 0x000000008000015e
core   0: 0x0000000080000208 (0x00000f11) c.addi  t5, 4
3 0x0000000080000208 (0x0f11) x30 0x0000000080000162
core   0: 0x000000008000020a (0x341f1073) csrw    mepc, t5
3 0x000000008000020a (0x341f1073)
core   0: 0x000000008000020e (0x34302f73) csrr    t5, mtval
3 0x000000008000020e (0x34302f73) x30 0x0000000080002007
core   0: 0x0000000080000212 (0x003f7f13) andi    t5, t5, 3
3 0x0000000080000212 (0x003f7f13) x30 0x0000000000000003
core   0: 0x0000000080000216 (0x01e0a023) sw      t5, 0(ra)
3 0x0000000080000216 (0x01e0a023) mem 0x0000000080002060 0x0000000000000000
core   0: 0x000000008000021a (0x34202f73) csrr    t5, mcause
3 0x000000008000021a (0x34202f73) x30 0x0000000000000004
core   0: 0x000000008000021e (0x01e0a223) sw      t5, 4(ra)
3 0x000000008000021e (0x01e0a223) mem 0x0000000080002064 0x0000000000000000
core   0: 0x0000000080000222 (0x000000a1) c.addi  ra, 8
3 0x0000000080000222 (0x00a1) x 1 0x0000000080002068
core   0: 0x0000000080000224 (0x30200073) mret
3 0x0000000080000224 (0x30200073)
core   0: 0x0000000080000162 (0x0000c612) c.swsp  tp, 12(sp)
3 0x0000000080000162 (0xc612) mem 0x0000000080002044 0x0000000000000000
core   0: 0x0000000080000164 (0x0001d203) lhu     tp, 0(gp)
3 0x0000000080000164 (0x0001d203) x 4 0x000000000000f202 mem 0x0000000080002004
core   0: 0x0000000080000168 (0x0000c812) c.swsp  tp, 16(sp)
3 0x0000000080000168 (0xc812) mem 0x0000000080002048 0x000000000000f202
LD_ADDR_MISALIGNED exception @ 0x000000008000016a
core   0: 0x0000000080000204 (0x34102f73) csrr    t5, mepc
3 0x0000000080000204 (0x34102f73) x30 0x000000008000016a
core   0: 0x0000000080000208 (0x00000f11) c.addi  t5, 4
3 0x0000000080000208 (0x0f11) x30 0x000000008000016e
core   0: 0x000000008000020a (0x341f1073) csrw    mepc, t5
3 0x000000008000020a (0x341f1073)
core   0: 0x000000008000020e (0x34302f73) csrr    t5, mtval
3 0x000000008000020e (0x34302f73) x30 0x0000000080002005
core   0: 0x0000000080000212 (0x003f7f13) andi    t5, t5, 3
3 0x0000000080000212 (0x003f7f13) x30 0x0000000000000001
core   0: 0x0000000080000216 (0x01e0a023) sw      t5, 0(ra)
3 0x0000000080000216 (0x01e0a023) mem 0x0000000080002068 0x0000000000000000
core   0: 0x000000008000021a (0x34202f73) csrr    t5, mcause
3 0x000000008000021a (0x34202f73) x30 0x0000000000000004
core   0: 0x000000008000021e (0x01e0a223) sw      t5, 4(ra)
3 0x000000008000021e (0x01e0a223) mem 0x000000008000206c 0x0000000000000000
core   0: 0x0000000080000222 (0x000000a1) c.addi  ra, 8
3 0x0000000080000222 (0x00a1) x 1 0x0000000080002070
core   0: 0x0000000080000224 (0x30200073) mret
3 0x0000000080000224 (0x30200073)
core   0: 0x000000008000016e (0x0000ca12) c.swsp  tp, 20(sp)
3 0x000000008000016e (0xca12) mem 0x000000008000204c 0x0000000000000000
core   0: 0x0000000080000170 (0x0021d203) lhu     tp, 2(gp)
3 0x0000000080000170 (0x0021d203) x 4 0x000000000000d2e2 mem 0x0000000080002006
core   0: 0x0000000080000174 (0x0000cc12) c.swsp  tp, 24(sp)
3 0x0000000080000174 (0xcc12) mem 0x0000000080002050 0x000000000000d2e2
LD_ADDR_MISALIGNED exception @ 0x0000000080000176
core   0: 0x0000000080000204 (0x34102f73) csrr    t5, mepc
3 0x0000000080000204 (0x34102f73) x30 0x0000000080000176
core   0: 0x0000000080000208 (0x00000f11) c.addi  t5, 4
3 0x0000000080000208 (0x0f11) x30 0x000000008000017a
core   0: 0x000000008000020a (0x341f1073) csrw    mepc, t5
3 0x000000008000020a (0x341f1073)
core   0: 0x000000008000020e (0x34302f73) csrr    t5, mtval
3 0x000000008000020e (0x34302f73) x30 0x0000000080002007
core   0: 0x0000000080000212 (0x003f7f13) andi    t5, t5, 3
3 0x0000000080000212 (0x003f7f13) x30 0x0000000000000003
core   0: 0x0000000080000216 (0x01e0a023) sw      t5, 0(ra)
3 0x0000000080000216 (0x01e0a023) mem 0x0000000080002070 0x0000000000000000
core   0: 0x000000008000021a (0x34202f73) csrr    t5, mcause
3 0x000000008000021a (0x34202f73) x30 0x0000000000000004
core   0: 0x000000008000021e (0x01e0a223) sw      t5, 4(ra)
3 0x000000008000021e (0x01e0a223) mem 0x0000000080002074 0x0000000000000000
core   0: 0x0000000080000222 (0x000000a1) c.addi  ra, 8
3 0x0000000080000222 (0x00a1) x 1 0x0000000080002078
core   0: 0x0000000080000224 (0x30200073) mret
3 0x0000000080000224 (0x30200073)
core   0: 0x000000008000017a (0x0000ce12) c.swsp  tp, 28(sp)
3 0x000000008000017a (0xce12) mem 0x0000000080002054 0x0000000000000000
core   0: 0x000000008000017c (0x00002117) auipc   sp, 0x2
3 0x000000008000017c (0x00002117) x 2 0x000000008000217c
core   0: 0x0000000080000180 (0xefc10113) addi    sp, sp, -260
3 0x0000000080000180 (0xefc10113) x 2 0x0000000080002078
core   0: 0x0000000080000184 (0x00002097) auipc   ra, 0x2
3 0x0000000080000184 (0x00002097) x 1 0x0000000080002184
core   0: 0x0000000080000188 (0xf0408093) addi    ra, ra, -252
3 0x0000000080000188 (0xf0408093) x 1 0x0000000080002088
core   0: 0x000000008000018c (0x00004301) c.li    t1, 0
3 0x000000008000018c (0x4301) x 6 0x0000000000000000
core   0: 0x000000008000018e (0x0004d2b7) lui     t0, 0x4d
3 0x000000008000018e (0x0004d2b7) x 5 0x000000000004d000
core   0: 0x0000000080000192 (0xccd2829b) addiw   t0, t0, -819
3 0x0000000080000192 (0xccd2829b) x 5 0x000000000004cccd
core   0: 0x0000000080000196 (0x00d29293) slli    t0, t0, 13
3 0x0000000080000196 (0x00d29293) x 5 0x000000009999a000
core   0: 0x000000008000019a (0x99928293) addi    t0, t0, -1639
3 0x000000008000019a (0x99928293) x 5 0x0000000099999999
core   0: 0x000000008000019e (0x0000c016) c.swsp  t0, 0(sp)
3 0x000000008000019e (0xc016) mem 0x0000000080002078 0x0000000000000000
core   0: 0x00000000800001a0 (0x0000c216) c.swsp  t0, 4(sp)
3 0x00000000800001a0 (0xc216) mem 0x000000008000207c 0x0000000000000000
core   0: 0x00000000800001a2 (0x0000c416) c.swsp  t0, 8(sp)
3 0x00000000800001a2 (0xc416) mem 0x0000000080002080 0x0000000000000000
core   0: 0x00000000800001a4 (0x0000c616) c.swsp  t0, 12(sp)
3 0x00000000800001a4 (0xc616) mem 0x0000000080002084 0x0000000000000000
core   0: 0x00000000800001a6 (0x0000c01a) c.swsp  t1, 0(sp)
3 0x00000000800001a6 (0xc01a) mem 0x0000000080002078 0x0000000000000000
core   0: 0x00000000800001a8 (0x00000111) c.addi  sp, 4
3 0x00000000800001a8 (0x0111) x 2 0x000000008000207c
ST_ADDR_MISALIGNED exception @ 0x00000000800001aa
ST_ADDR_MISALIGNED exception @ 0x00000000800001ae
core   0: 0x0000000080000204 (0x34102f73) csrr    t5, mepc
3 0x0000000080000204 (0x34102f73) x30 0x00000000800001aa
core   0: 0x0000000080000208 (0x00000f11) c.addi  t5, 4
3 0x0000000080000208 (0x0f11) x30 0x00000000800001ae
core   0: 0x000000008000020a (0x341f1073) csrw    mepc, t5
3 0x000000008000020a (0x341f1073)
core   0: 0x000000008000020e (0x34302f73) csrr    t5, mtval
3 0x000000008000020e (0x34302f73) x30 0x000000008000207d
core   0: 0x0000000080000212 (0x003f7f13) andi    t5, t5, 3
3 0x0000000080000212 (0x003f7f13) x30 0x0000000000000001
core   0: 0x0000000080000216 (0x01e0a023) sw      t5, 0(ra)
3 0x0000000080000216 (0x01e0a023) mem 0x0000000080002088 0x0000000000000000
core   0: 0x000000008000021a (0x34202f73) csrr    t5, mcause
3 0x000000008000021a (0x34202f73) x30 0x0000000000000006
core   0: 0x000000008000021e (0x01e0a223) sw      t5, 4(ra)
3 0x000000008000021e (0x01e0a223) mem 0x000000008000208c 0x0000000000000000
core   0: 0x0000000080000222 (0x000000a1) c.addi  ra, 8
3 0x0000000080000222 (0x00a1) x 1 0x0000000080002090
core   0: 0x0000000080000224 (0x30200073) mret
3 0x0000000080000224 (0x30200073)
core   0: 0x00000000800001ae (0x00000111) c.addi  sp, 4
3 0x00000000800001ae (0x0111) x 2 0x0000000080002080
ST_ADDR_MISALIGNED exception @ 0x00000000800001b0
ST_ADDR_MISALIGNED exception @ 0x00000000800001b4
core   0: 0x0000000080000204 (0x34102f73) csrr    t5, mepc
3 0x0000000080000204 (0x34102f73) x30 0x00000000800001b0
core   0: 0x0000000080000208 (0x00000f11) c.addi  t5, 4
3 0x0000000080000208 (0x0f11) x30 0x00000000800001b4
core   0: 0x000000008000020a (0x341f1073) csrw    mepc, t5
3 0x000000008000020a (0x341f1073)
core   0: 0x000000008000020e (0x34302f73) csrr    t5, mtval
3 0x000000008000020e (0x34302f73) x30 0x0000000080002082
core   0: 0x0000000080000212 (0x003f7f13) andi    t5, t5, 3
3 0x0000000080000212 (0x003f7f13) x30 0x0000000000000002
core   0: 0x0000000080000216 (0x01e0a023) sw      t5, 0(ra)
3 0x0000000080000216 (0x01e0a023) mem 0x0000000080002090 0x0000000000000000
core   0: 0x000000008000021a (0x34202f73) csrr    t5, mcause
3 0x000000008000021a (0x34202f73) x30 0x0000000000000006
core   0: 0x000000008000021e (0x01e0a223) sw      t5, 4(ra)
3 0x000000008000021e (0x01e0a223) mem 0x0000000080002094 0x0000000000000000
core   0: 0x0000000080000222 (0x000000a1) c.addi  ra, 8
3 0x0000000080000222 (0x00a1) x 1 0x0000000080002098
core   0: 0x0000000080000224 (0x30200073) mret
3 0x0000000080000224 (0x30200073)
core   0: 0x00000000800001b4 (0x00000111) c.addi  sp, 4
3 0x00000000800001b4 (0x0111) x 2 0x0000000080002084
ST_ADDR_MISALIGNED exception @ 0x00000000800001b6
ST_ADDR_MISALIGNED exception @ 0x00000000800001ba
core   0: 0x0000000080000204 (0x34102f73) csrr    t5, mepc
3 0x0000000080000204 (0x34102f73) x30 0x00000000800001b6
core   0: 0x0000000080000208 (0x00000f11) c.addi  t5, 4
3 0x0000000080000208 (0x0f11) x30 0x00000000800001ba
core   0: 0x000000008000020a (0x341f1073) csrw    mepc, t5
3 0x000000008000020a (0x341f1073)
core   0: 0x000000008000020e (0x34302f73) csrr    t5, mtval
3 0x000000008000020e (0x34302f73) x30 0x0000000080002087
core   0: 0x0000000080000212 (0x003f7f13) andi    t5, t5, 3
3 0x0000000080000212 (0x003f7f13) x30 0x0000000000000003
core   0: 0x0000000080000216 (0x01e0a023) sw      t5, 0(ra)
3 0x0000000080000216 (0x01e0a023) mem 0x0000000080002098 0x0000000000000000
core   0: 0x000000008000021a (0x34202f73) csrr    t5, mcause
3 0x000000008000021a (0x34202f73) x30 0x0000000000000006
core   0: 0x000000008000021e (0x01e0a223) sw      t5, 4(ra)
3 0x000000008000021e (0x01e0a223) mem 0x000000008000209c 0x0000000000000000
core   0: 0x0000000080000222 (0x000000a1) c.addi  ra, 8
3 0x0000000080000222 (0x00a1) x 1 0x00000000800020a0
core   0: 0x0000000080000224 (0x30200073) mret
3 0x0000000080000224 (0x30200073)
core   0: 0x00000000800001ba (0x00002117) auipc   sp, 0x2
3 0x00000000800001ba (0x00002117) x 2 0x00000000800021ba
core   0: 0x00000000800001be (0xee610113) addi    sp, sp, -282
3 0x00000000800001be (0xee610113) x 2 0x00000000800020a0
core   0: 0x00000000800001c2 (0x00002097) auipc   ra, 0x2
3 0x00000000800001c2 (0x00002097) x 1 0x00000000800021c2
core   0: 0x00000000800001c6 (0xeee08093) addi    ra, ra, -274
3 0x00000000800001c6 (0xeee08093) x 1 0x00000000800020b0
core   0: 0x00000000800001ca (0x00004301) c.li    t1, 0
3 0x00000000800001ca (0x4301) x 6 0x0000000000000000
core   0: 0x00000000800001cc (0x0004d2b7) lui     t0, 0x4d
3 0x00000000800001cc (0x0004d2b7) x 5 0x000000000004d000
core   0: 0x00000000800001d0 (0xccd2829b) addiw   t0, t0, -819
3 0x00000000800001d0 (0xccd2829b) x 5 0x000000000004cccd
core   0: 0x00000000800001d4 (0x00d29293) slli    t0, t0, 13
3 0x00000000800001d4 (0x00d29293) x 5 0x000000009999a000
core   0: 0x00000000800001d8 (0x99928293) addi    t0, t0, -1639
3 0x00000000800001d8 (0x99928293) x 5 0x0000000099999999
core   0: 0x00000000800001dc (0x0000c016) c.swsp  t0, 0(sp)
3 0x00000000800001dc (0xc016) mem 0x00000000800020a0 0x0000000000000000
core   0: 0x00000000800001de (0x0000c216) c.swsp  t0, 4(sp)
3 0x00000000800001de (0xc216) mem 0x00000000800020a4 0x0000000000000000
core   0: 0x00000000800001e0 (0x0000c416) c.swsp  t0, 8(sp)
3 0x00000000800001e0 (0xc416) mem 0x00000000800020a8 0x0000000000000000
core   0: 0x00000000800001e2 (0x0000c616) c.swsp  t0, 12(sp)
3 0x00000000800001e2 (0xc616) mem 0x00000000800020ac 0x0000000000000000
core   0: 0x00000000800001e4 (0x00611023) sh      t1, 0(sp)
3 0x00000000800001e4 (0x00611023) mem 0x00000000800020a0 0x0000000000000099
core   0: 0x00000000800001e8 (0x00000111) c.addi  sp, 4
3 0x00000000800001e8 (0x0111) x 2 0x00000000800020a4
ST_ADDR_MISALIGNED exception @ 0x00000000800001ea
ST_ADDR_MISALIGNED exception @ 0x00000000800001ee
core   0: 0x0000000080000204 (0x34102f73) csrr    t5, mepc
3 0x0000000080000204 (0x34102f73) x30 0x00000000800001ea
core   0: 0x0000000080000208 (0x00000f11) c.addi  t5, 4
3 0x0000000080000208 (0x0f11) x30 0x00000000800001ee
core   0: 0x000000008000020a (0x341f1073) csrw    mepc, t5
3 0x000000008000020a (0x341f1073)
core   0: 0x000000008000020e (0x34302f73) csrr    t5, mtval
3 0x000000008000020e (0x34302f73) x30 0x00000000800020a5
core   0: 0x0000000080000212 (0x003f7f13) andi    t5, t5, 3
3 0x0000000080000212 (0x003f7f13) x30 0x0000000000000001
core   0: 0x0000000080000216 (0x01e0a023) sw      t5, 0(ra)
3 0x0000000080000216 (0x01e0a023) mem 0x00000000800020b0 0x0000000000000000
core   0: 0x000000008000021a (0x34202f73) csrr    t5, mcause
3 0x000000008000021a (0x34202f73) x30 0x0000000000000006
core   0: 0x000000008000021e (0x01e0a223) sw      t5, 4(ra)
3 0x000000008000021e (0x01e0a223) mem 0x00000000800020b4 0x0000000000000000
core   0: 0x0000000080000222 (0x000000a1) c.addi  ra, 8
3 0x0000000080000222 (0x00a1) x 1 0x00000000800020b8
core   0: 0x0000000080000224 (0x30200073) mret
3 0x0000000080000224 (0x30200073)
core   0: 0x00000000800001ee (0x00000111) c.addi  sp, 4
3 0x00000000800001ee (0x0111) x 2 0x00000000800020a8
core   0: 0x00000000800001f0 (0x00611123) sh      t1, 2(sp)
3 0x00000000800001f0 (0x00611123) mem 0x00000000800020aa 0x0000000000000000
core   0: 0x00000000800001f4 (0x00000111) c.addi  sp, 4
3 0x00000000800001f4 (0x0111) x 2 0x00000000800020ac
ST_ADDR_MISALIGNED exception @ 0x00000000800001f6
ST_ADDR_MISALIGNED exception @ 0x00000000800001fa
core   0: 0x0000000080000204 (0x34102f73) csrr    t5, mepc
3 0x0000000080000204 (0x34102f73) x30 0x00000000800001f6
core   0: 0x0000000080000208 (0x00000f11) c.addi  t5, 4
3 0x0000000080000208 (0x0f11) x30 0x00000000800001fa
core   0: 0x000000008000020a (0x341f1073) csrw    mepc, t5
3 0x000000008000020a (0x341f1073)
core   0: 0x000000008000020e (0x34302f73) csrr    t5, mtval
3 0x000000008000020e (0x34302f73) x30 0x00000000800020af
core   0: 0x0000000080000212 (0x003f7f13) andi    t5, t5, 3
3 0x0000000080000212 (0x003f7f13) x30 0x0000000000000003
core   0: 0x0000000080000216 (0x01e0a023) sw      t5, 0(ra)
3 0x0000000080000216 (0x01e0a023) mem 0x00000000800020b8 0x0000000000000000
core   0: 0x000000008000021a (0x34202f73) csrr    t5, mcause
3 0x000000008000021a (0x34202f73) x30 0x0000000000000006
core   0: 0x000000008000021e (0x01e0a223) sw      t5, 4(ra)
3 0x000000008000021e (0x01e0a223) mem 0x00000000800020bc 0x0000000000000000
core   0: 0x0000000080000222 (0x000000a1) c.addi  ra, 8
3 0x0000000080000222 (0x00a1) x 1 0x00000000800020c0
core   0: 0x0000000080000224 (0x30200073) mret
3 0x0000000080000224 (0x30200073)
core   0: 0x00000000800001fa (0x305f9073) csrw    mtvec, t6
3 0x00000000800001fa (0x305f9073)
core   0: 0x00000000800001fe (0x02a0006f) j       pc + 0x2a
3 0x00000000800001fe (0x02a0006f)
core   0: 0x0000000080000228 (0x0ff0000f) fence   iorw,iorw
3 0x0000000080000228 (0x0ff0000f)
core   0: 0x000000008000022c (0x00004185) c.li    gp, 1
3 0x000000008000022c (0x4185) x 3 0x0000000000000001
core   0: 0x000000008000022e (0x00000073) ecall
3 0x000000008000022e (0x00000073)
