core   0: 0x0000000000010000 (0x00100413) li      s0, 1
3 0x0000000000010000 (0x00100413) x 8 0x0000000000000001
core   0: 0x0000000000010004 (0x01f41413) slli    s0, s0, 31
3 0x0000000000010004 (0x01f41413) x 8 0x0000000080000000
core   0: 0x0000000000010008 (0xf1402573) csrr    a0, mhartid
3 0x0000000000010008 (0xf1402573) x10 0x0000000000000000
core   0: 0x000000000001000c (0x00000597) auipc   a1, 0x0
3 0x000000000001000c (0x00000597) x11 0x000000000001000c
core   0: 0x0000000000010010 (0x07458593) addi    a1, a1, 116
3 0x0000000000010010 (0x07458593) x11 0x0000000000010080
core   0: 0x0000000000010014 (0x00040067) jr      s0
3 0x0000000000010014 (0x00040067)
core   0: 0x0000000080000000 (0x0000a081) c.j     pc + 64
3 0x0000000080000000 (0xa081)
core   0: 0x0000000080000040 (0xf1402573) csrr    a0, mhartid
3 0x0000000080000040 (0xf1402573) x10 0x0000000000000000
core   0: 0x0000000080000044 (0x0000e101) c.bnez  a0, pc + 0
3 0x0000000080000044 (0xe101)
core   0: 0x0000000080000046 (0x00000297) auipc   t0, 0x0
3 0x0000000080000046 (0x00000297) x 5 0x0000000080000046
core   0: 0x000000008000004a (0x01228293) addi    t0, t0, 18
3 0x000000008000004a (0x01228293) x 5 0x0000000080000058
core   0: 0x000000008000004e (0x30529073) csrw    mtvec, t0
3 0x000000008000004e (0x30529073)
core   0: 0x0000000080000052 (0x18005073) csrwi   satp, 0
3 0x0000000080000052 (0x18005073)
core   0: 0x0000000080000056 (0x00000001) c.nop
3 0x0000000080000056 (0x0001)
core   0: 0x0000000080000058 (0x00000297) auipc   t0, 0x0
3 0x0000000080000058 (0x00000297) x 5 0x0000000080000058
core   0: 0x000000008000005c (0x01828293) addi    t0, t0, 24
3 0x000000008000005c (0x01828293) x 5 0x0000000080000070
core   0: 0x0000000080000060 (0x30529073) csrw    mtvec, t0
3 0x0000000080000060 (0x30529073)
core   0: 0x0000000080000064 (0x000052fd) c.li    t0, -1
3 0x0000000080000064 (0x52fd) x 5 0xffffffffffffffff
core   0: 0x0000000080000066 (0x3b029073) csrw    pmpaddr0, t0
3 0x0000000080000066 (0x3b029073)
core   0: 0x000000008000006a (0x000042fd) c.li    t0, 31
3 0x000000008000006a (0x42fd) x 5 0x000000000000001f
core   0: 0x000000008000006c (0x3a029073) csrw    pmpcfg0, t0
3 0x000000008000006c (0x3a029073)
core   0: 0x0000000080000070 (0x00000297) auipc   t0, 0x0
3 0x0000000080000070 (0x00000297) x 5 0x0000000080000070
core   0: 0x0000000080000074 (0x01828293) addi    t0, t0, 24
3 0x0000000080000074 (0x01828293) x 5 0x0000000080000088
core   0: 0x0000000080000078 (0x30529073) csrw    mtvec, t0
3 0x0000000080000078 (0x30529073)
core   0: 0x000000008000007c (0x30205073) csrwi   medeleg, 0
3 0x000000008000007c (0x30205073)
core   0: 0x0000000080000080 (0x30305073) csrwi   mideleg, 0
3 0x0000000080000080 (0x30305073)
core   0: 0x0000000080000084 (0x30405073) csrwi   mie, 0
3 0x0000000080000084 (0x30405073)
core   0: 0x0000000080000088 (0x00004181) c.li    gp, 0
3 0x0000000080000088 (0x4181) x 3 0x0000000000000000
core   0: 0x000000008000008a (0x00000297) auipc   t0, 0x0
3 0x000000008000008a (0x00000297) x 5 0x000000008000008a
core   0: 0x000000008000008e (0xf7a28293) addi    t0, t0, -134
3 0x000000008000008e (0xf7a28293) x 5 0x0000000080000004
core   0: 0x0000000080000092 (0x30529073) csrw    mtvec, t0
3 0x0000000080000092 (0x30529073)
core   0: 0x0000000080000096 (0x00004505) c.li    a0, 1
3 0x0000000080000096 (0x4505) x10 0x0000000000000001
core   0: 0x0000000080000098 (0x0000057e) c.slli  a0, 31
3 0x0000000080000098 (0x057e) x10 0x0000000080000000
core   0: 0x000000008000009a (0x00055763) bgez    a0, pc + 14
3 0x000000008000009a (0x00055763)
core   0: 0x00000000800000a8 (0x80000297) auipc   t0, 0x80000
3 0x00000000800000a8 (0x80000297) x 5 0x00000000000000a8
core   0: 0x00000000800000ac (0xf5828293) addi    t0, t0, -168
3 0x00000000800000ac (0xf5828293) x 5 0x0000000000000000
core   0: 0x00000000800000b0 (0x00028e63) beqz    t0, pc + 28
3 0x00000000800000b0 (0x00028e63)
core   0: 0x00000000800000cc (0x30005073) csrwi   mstatus, 0
3 0x00000000800000cc (0x30005073)
core   0: 0x00000000800000d0 (0x00002537) lui     a0, 0x2
3 0x00000000800000d0 (0x00002537) x10 0x0000000000002000
core   0: 0x00000000800000d4 (0x8005051b) addiw   a0, a0, -2048
3 0x00000000800000d4 (0x8005051b) x10 0x0000000000001800
core   0: 0x00000000800000d8 (0x30052073) csrs    mstatus, a0
3 0x00000000800000d8 (0x30052073)
core   0: 0x00000000800000dc (0x00000297) auipc   t0, 0x0
3 0x00000000800000dc (0x00000297) x 5 0x00000000800000dc
core   0: 0x00000000800000e0 (0x01428293) addi    t0, t0, 20
3 0x00000000800000e0 (0x01428293) x 5 0x00000000800000f0
core   0: 0x00000000800000e4 (0x34129073) csrw    mepc, t0
3 0x00000000800000e4 (0x34129073)
core   0: 0x00000000800000e8 (0xf1402573) csrr    a0, mhartid
3 0x00000000800000e8 (0xf1402573) x10 0x0000000000000000
core   0: 0x00000000800000ec (0x30200073) mret
3 0x00000000800000ec (0x30200073)
core   0: 0x00000000800000f0 (0x00002097) auipc   ra, 0x2
3 0x00000000800000f0 (0x00002097) x 1 0x00000000800020f0
core   0: 0x00000000800000f4 (0xf1008093) addi    ra, ra, -240
3 0x00000000800000f4 (0xf1008093) x 1 0x0000000080002000
core   0: 0x00000000800000f8 (0x00004109) c.li    sp, 2
3 0x00000000800000f8 (0x4109) x 2 0x0000000000000002
core   0: 0x00000000800000fa (0x0000418d) c.li    gp, 3
3 0x00000000800000fa (0x418d) x 3 0x0000000000000003
core   0: 0x00000000800000fc (0x00004211) c.li    tp, 4
3 0x00000000800000fc (0x4211) x 4 0x0000000000000004
core   0: 0x00000000800000fe (0x00004295) c.li    t0, 5
3 0x00000000800000fe (0x4295) x 5 0x0000000000000005
core   0: 0x0000000080000100 (0x00004319) c.li    t1, 6
3 0x0000000080000100 (0x4319) x 6 0x0000000000000006
core   0: 0x0000000080000102 (0x0000439d) c.li    t2, 7
3 0x0000000080000102 (0x439d) x 7 0x0000000000000007
core   0: 0x0000000080000104 (0x00004421) c.li    s0, 8
3 0x0000000080000104 (0x4421) x 8 0x0000000000000008
core   0: 0x0000000080000106 (0x000044a5) c.li    s1, 9
3 0x0000000080000106 (0x44a5) x 9 0x0000000000000009
core   0: 0x0000000080000108 (0x00004529) c.li    a0, 10
3 0x0000000080000108 (0x4529) x10 0x000000000000000a
core   0: 0x000000008000010a (0x000045ad) c.li    a1, 11
3 0x000000008000010a (0x45ad) x11 0x000000000000000b
core   0: 0x000000008000010c (0x00004631) c.li    a2, 12
3 0x000000008000010c (0x4631) x12 0x000000000000000c
core   0: 0x000000008000010e (0x000046b5) c.li    a3, 13
3 0x000000008000010e (0x46b5) x13 0x000000000000000d
core   0: 0x0000000080000110 (0x00004739) c.li    a4, 14
3 0x0000000080000110 (0x4739) x14 0x000000000000000e
core   0: 0x0000000080000112 (0x000047bd) c.li    a5, 15
3 0x0000000080000112 (0x47bd) x15 0x000000000000000f
core   0: 0x0000000080000114 (0x00004841) c.li    a6, 16
3 0x0000000080000114 (0x4841) x16 0x0000000000000010
core   0: 0x0000000080000116 (0x000048c5) c.li    a7, 17
3 0x0000000080000116 (0x48c5) x17 0x0000000000000011
core   0: 0x0000000080000118 (0x00004949) c.li    s2, 18
3 0x0000000080000118 (0x4949) x18 0x0000000000000012
core   0: 0x000000008000011a (0x000049cd) c.li    s3, 19
3 0x000000008000011a (0x49cd) x19 0x0000000000000013
core   0: 0x000000008000011c (0x00004a51) c.li    s4, 20
3 0x000000008000011c (0x4a51) x20 0x0000000000000014
core   0: 0x000000008000011e (0x00004ad5) c.li    s5, 21
3 0x000000008000011e (0x4ad5) x21 0x0000000000000015
core   0: 0x0000000080000120 (0x00004b59) c.li    s6, 22
3 0x0000000080000120 (0x4b59) x22 0x0000000000000016
core   0: 0x0000000080000122 (0x00004bdd) c.li    s7, 23
3 0x0000000080000122 (0x4bdd) x23 0x0000000000000017
core   0: 0x0000000080000124 (0x00004c61) c.li    s8, 24
3 0x0000000080000124 (0x4c61) x24 0x0000000000000018
core   0: 0x0000000080000126 (0x00004ce5) c.li    s9, 25
3 0x0000000080000126 (0x4ce5) x25 0x0000000000000019
core   0: 0x0000000080000128 (0x00004d69) c.li    s10, 26
3 0x0000000080000128 (0x4d69) x26 0x000000000000001a
core   0: 0x000000008000012a (0x00004ded) c.li    s11, 27
3 0x000000008000012a (0x4ded) x27 0x000000000000001b
core   0: 0x000000008000012c (0x00004e71) c.li    t3, 28
3 0x000000008000012c (0x4e71) x28 0x000000000000001c
core   0: 0x000000008000012e (0x00004ef5) c.li    t4, 29
3 0x000000008000012e (0x4ef5) x29 0x000000000000001d
core   0: 0x0000000080000130 (0x00004f79) c.li    t5, 30
3 0x0000000080000130 (0x4f79) x30 0x000000000000001e
core   0: 0x0000000080000132 (0x00004ffd) c.li    t6, 31
3 0x0000000080000132 (0x4ffd) x31 0x000000000000001f
core   0: 0x0000000080000134 (0x00000001) c.nop
3 0x0000000080000134 (0x0001)
core   0: 0x0000000080000136 (0x00000001) c.nop
3 0x0000000080000136 (0x0001)
core   0: 0x0000000080000138 (0x00000001) c.nop
3 0x0000000080000138 (0x0001)
core   0: 0x000000008000013a (0x00000001) c.nop
3 0x000000008000013a (0x0001)
core   0: 0x000000008000013c (0x00000001) c.nop
3 0x000000008000013c (0x0001)
core   0: 0x000000008000013e (0x00000001) c.nop
3 0x000000008000013e (0x0001)
core   0: 0x0000000080000140 (0x0000a023) sw      zero, 0(ra)
3 0x0000000080000140 (0x0000a023) mem 0x0000000080002000 0x0000000000000000
core   0: 0x0000000080000144 (0x0020a223) sw      sp, 4(ra)
3 0x0000000080000144 (0x0020a223) mem 0x0000000080002004 0x0000000000000000
core   0: 0x0000000080000148 (0x0030a423) sw      gp, 8(ra)
3 0x0000000080000148 (0x0030a423) mem 0x0000000080002008 0x0000000000000000
core   0: 0x000000008000014c (0x0040a623) sw      tp, 12(ra)
3 0x000000008000014c (0x0040a623) mem 0x000000008000200c 0x0000000000000000
core   0: 0x0000000080000150 (0x0050a823) sw      t0, 16(ra)
3 0x0000000080000150 (0x0050a823) mem 0x0000000080002010 0x0000000400000003
core   0: 0x0000000080000154 (0x0060aa23) sw      t1, 20(ra)
3 0x0000000080000154 (0x0060aa23) mem 0x0000000080002014 0x0000000400000003
core   0: 0x0000000080000158 (0x0070ac23) sw      t2, 24(ra)
3 0x0000000080000158 (0x0070ac23) mem 0x0000000080002018 0x0000000000000000
core   0: 0x000000008000015c (0x0080ae23) sw      s0, 28(ra)
3 0x000000008000015c (0x0080ae23) mem 0x000000008000201c 0x0000000000000000
core   0: 0x0000000080000160 (0x0290a023) sw      s1, 32(ra)
3 0x0000000080000160 (0x0290a023) mem 0x0000000080002020 0x0000000000000000
core   0: 0x0000000080000164 (0x02a0a223) sw      a0, 36(ra)
3 0x0000000080000164 (0x02a0a223) mem 0x0000000080002024 0x0000000000000000
core   0: 0x0000000080000168 (0x02b0a423) sw      a1, 40(ra)
3 0x0000000080000168 (0x02b0a423) mem 0x0000000080002028 0x0000000000000000
core   0: 0x000000008000016c (0x02c0a623) sw      a2, 44(ra)
3 0x000000008000016c (0x02c0a623) mem 0x000000008000202c 0x0000000000000000
core   0: 0x0000000080000170 (0x02d0a823) sw      a3, 48(ra)
3 0x0000000080000170 (0x02d0a823) mem 0x0000000080002030 0x0000000000000000
core   0: 0x0000000080000174 (0x02e0aa23) sw      a4, 52(ra)
3 0x0000000080000174 (0x02e0aa23) mem 0x0000000080002034 0x0000000000000000
core   0: 0x0000000080000178 (0x02f0ac23) sw      a5, 56(ra)
3 0x0000000080000178 (0x02f0ac23) mem 0x0000000080002038 0x0000000000000000
core   0: 0x000000008000017c (0x0300ae23) sw      a6, 60(ra)
3 0x000000008000017c (0x0300ae23) mem 0x000000008000203c 0x0000000000000000
core   0: 0x0000000080000180 (0x0510a023) sw      a7, 64(ra)
3 0x0000000080000180 (0x0510a023) mem 0x0000000080002040 0x0000000000000000
core   0: 0x0000000080000184 (0x0520a223) sw      s2, 68(ra)
3 0x0000000080000184 (0x0520a223) mem 0x0000000080002044 0x0000000000000000
core   0: 0x0000000080000188 (0x0530a423) sw      s3, 72(ra)
3 0x0000000080000188 (0x0530a423) mem 0x0000000080002048 0x0000000000000000
core   0: 0x000000008000018c (0x0540a623) sw      s4, 76(ra)
3 0x000000008000018c (0x0540a623) mem 0x000000008000204c 0x0000000000000000
core   0: 0x0000000080000190 (0x0550a823) sw      s5, 80(ra)
3 0x0000000080000190 (0x0550a823) mem 0x0000000080002050 0x0000000000000000
core   0: 0x0000000080000194 (0x0560aa23) sw      s6, 84(ra)
3 0x0000000080000194 (0x0560aa23) mem 0x0000000080002054 0x0000000000000000
core   0: 0x0000000080000198 (0x0570ac23) sw      s7, 88(ra)
3 0x0000000080000198 (0x0570ac23) mem 0x0000000080002058 0x0000000000000000
core   0: 0x000000008000019c (0x0580ae23) sw      s8, 92(ra)
3 0x000000008000019c (0x0580ae23) mem 0x000000008000205c 0x0000000000000000
core   0: 0x00000000800001a0 (0x0790a023) sw      s9, 96(ra)
3 0x00000000800001a0 (0x0790a023) mem 0x0000000080002060 0x0000000000000000
core   0: 0x00000000800001a4 (0x07a0a223) sw      s10, 100(ra)
3 0x00000000800001a4 (0x07a0a223) mem 0x0000000080002064 0x0000000000000000
core   0: 0x00000000800001a8 (0x07b0a423) sw      s11, 104(ra)
3 0x00000000800001a8 (0x07b0a423) mem 0x0000000080002068 0x0000000000000000
core   0: 0x00000000800001ac (0x07c0a623) sw      t3, 108(ra)
3 0x00000000800001ac (0x07c0a623) mem 0x000000008000206c 0x0000000000000000
core   0: 0x00000000800001b0 (0x07d0a823) sw      t4, 112(ra)
3 0x00000000800001b0 (0x07d0a823) mem 0x0000000080002070 0x0000000000000000
core   0: 0x00000000800001b4 (0x07e0aa23) sw      t5, 116(ra)
3 0x00000000800001b4 (0x07e0aa23) mem 0x0000000080002074 0x0000000000000000
core   0: 0x00000000800001b8 (0x07f0ac23) sw      t6, 120(ra)
3 0x00000000800001b8 (0x07f0ac23) mem 0x0000000080002078 0x0000000000000000
core   0: 0x00000000800001bc (0x00002197) auipc   gp, 0x2
3 0x00000000800001bc (0x00002197) x 3 0x00000000800021bc
core   0: 0x00000000800001c0 (0xec018193) addi    gp, gp, -320
3 0x00000000800001c0 (0xec018193) x 3 0x000000008000207c
core   0: 0x00000000800001c4 (0x00000417) auipc   s0, 0x0
3 0x00000000800001c4 (0x00000417) x 8 0x00000000800001c4
core   0: 0x00000000800001c8 (0x00000001) c.nop
3 0x00000000800001c8 (0x0001)
core   0: 0x00000000800001ca (0x00000001) c.nop
3 0x00000000800001ca (0x0001)
core   0: 0x00000000800001cc (0x00000001) c.nop
3 0x00000000800001cc (0x0001)
core   0: 0x00000000800001ce (0x00000001) c.nop
3 0x00000000800001ce (0x0001)
core   0: 0x00000000800001d0 (0x00000001) c.nop
3 0x00000000800001d0 (0x0001)
core   0: 0x00000000800001d2 (0x00000497) auipc   s1, 0x0
3 0x00000000800001d2 (0x00000497) x 9 0x00000000800001d2
core   0: 0x00000000800001d6 (0x00008c81) c.sub   s1, s0
3 0x00000000800001d6 (0x8c81) x 9 0x000000000000000e
core   0: 0x00000000800001d8 (0x0091a023) sw      s1, 0(gp)
3 0x00000000800001d8 (0x0091a023) mem 0x000000008000207c 0x0000000000000000
core   0: 0x00000000800001dc (0x0ff0000f) fence   iorw,iorw
3 0x00000000800001dc (0x0ff0000f)
core   0: 0x00000000800001e0 (0x00004185) c.li    gp, 1
3 0x00000000800001e0 (0x4185) x 3 0x0000000000000001
core   0: 0x00000000800001e2 (0x00000073) ecall
3 0x00000000800001e2 (0x00000073)
