core   0: 0x0000000000010000 (0x00100413) li      s0, 1
3 0x0000000000010000 (0x00100413) x 8 0x0000000000000001
core   0: 0x0000000000010004 (0x01f41413) slli    s0, s0, 31
3 0x0000000000010004 (0x01f41413) x 8 0x0000000080000000
core   0: 0x0000000000010008 (0xf1402573) csrr    a0, mhartid
3 0x0000000000010008 (0xf1402573) x10 0x0000000000000000
core   0: 0x000000000001000c (0x00000597) auipc   a1, 0x0
3 0x000000000001000c (0x00000597) x11 0x000000000001000c
core   0: 0x0000000000010010 (0x07458593) addi    a1, a1, 116
3 0x0000000000010010 (0x07458593) x11 0x0000000000010080
core   0: 0x0000000000010014 (0x00040067) jr      s0
3 0x0000000000010014 (0x00040067)
core   0: 0x0000000080000000 (0x0000a081) c.j     pc + 64
3 0x0000000080000000 (0xa081)
core   0: 0x0000000080000040 (0xf1402573) csrr    a0, mhartid
3 0x0000000080000040 (0xf1402573) x10 0x0000000000000000
core   0: 0x0000000080000044 (0x0000e101) c.bnez  a0, pc + 0
3 0x0000000080000044 (0xe101)
core   0: 0x0000000080000046 (0x00000297) auipc   t0, 0x0
3 0x0000000080000046 (0x00000297) x 5 0x0000000080000046
core   0: 0x000000008000004a (0x01228293) addi    t0, t0, 18
3 0x000000008000004a (0x01228293) x 5 0x0000000080000058
core   0: 0x000000008000004e (0x30529073) csrw    mtvec, t0
3 0x000000008000004e (0x30529073)
core   0: 0x0000000080000052 (0x18005073) csrwi   satp, 0
3 0x0000000080000052 (0x18005073)
core   0: 0x0000000080000056 (0x00000001) c.nop
3 0x0000000080000056 (0x0001)
core   0: 0x0000000080000058 (0x00000297) auipc   t0, 0x0
3 0x0000000080000058 (0x00000297) x 5 0x0000000080000058
core   0: 0x000000008000005c (0x01828293) addi    t0, t0, 24
3 0x000000008000005c (0x01828293) x 5 0x0000000080000070
core   0: 0x0000000080000060 (0x30529073) csrw    mtvec, t0
3 0x0000000080000060 (0x30529073)
core   0: 0x0000000080000064 (0x000052fd) c.li    t0, -1
3 0x0000000080000064 (0x52fd) x 5 0xffffffffffffffff
core   0: 0x0000000080000066 (0x3b029073) csrw    pmpaddr0, t0
3 0x0000000080000066 (0x3b029073)
core   0: 0x000000008000006a (0x000042fd) c.li    t0, 31
3 0x000000008000006a (0x42fd) x 5 0x000000000000001f
core   0: 0x000000008000006c (0x3a029073) csrw    pmpcfg0, t0
3 0x000000008000006c (0x3a029073)
core   0: 0x0000000080000070 (0x00000297) auipc   t0, 0x0
3 0x0000000080000070 (0x00000297) x 5 0x0000000080000070
core   0: 0x0000000080000074 (0x01828293) addi    t0, t0, 24
3 0x0000000080000074 (0x01828293) x 5 0x0000000080000088
core   0: 0x0000000080000078 (0x30529073) csrw    mtvec, t0
3 0x0000000080000078 (0x30529073)
core   0: 0x000000008000007c (0x30205073) csrwi   medeleg, 0
3 0x000000008000007c (0x30205073)
core   0: 0x0000000080000080 (0x30305073) csrwi   mideleg, 0
3 0x0000000080000080 (0x30305073)
core   0: 0x0000000080000084 (0x30405073) csrwi   mie, 0
3 0x0000000080000084 (0x30405073)
core   0: 0x0000000080000088 (0x00004181) c.li    gp, 0
3 0x0000000080000088 (0x4181) x 3 0x0000000000000000
core   0: 0x000000008000008a (0x00000297) auipc   t0, 0x0
3 0x000000008000008a (0x00000297) x 5 0x000000008000008a
core   0: 0x000000008000008e (0xf7a28293) addi    t0, t0, -134
3 0x000000008000008e (0xf7a28293) x 5 0x0000000080000004
core   0: 0x0000000080000092 (0x30529073) csrw    mtvec, t0
3 0x0000000080000092 (0x30529073)
core   0: 0x0000000080000096 (0x00004505) c.li    a0, 1
3 0x0000000080000096 (0x4505) x10 0x0000000000000001
core   0: 0x0000000080000098 (0x0000057e) c.slli  a0, 31
3 0x0000000080000098 (0x057e) x10 0x0000000080000000
core   0: 0x000000008000009a (0x00055763) bgez    a0, pc + 14
3 0x000000008000009a (0x00055763)
core   0: 0x00000000800000a8 (0x80000297) auipc   t0, 0x80000
3 0x00000000800000a8 (0x80000297) x 5 0x00000000000000a8
core   0: 0x00000000800000ac (0xf5828293) addi    t0, t0, -168
3 0x00000000800000ac (0xf5828293) x 5 0x0000000000000000
core   0: 0x00000000800000b0 (0x00028e63) beqz    t0, pc + 28
3 0x00000000800000b0 (0x00028e63)
core   0: 0x00000000800000cc (0x30005073) csrwi   mstatus, 0
3 0x00000000800000cc (0x30005073)
core   0: 0x00000000800000d0 (0x00002537) lui     a0, 0x2
3 0x00000000800000d0 (0x00002537) x10 0x0000000000002000
core   0: 0x00000000800000d4 (0x8005051b) addiw   a0, a0, -2048
3 0x00000000800000d4 (0x8005051b) x10 0x0000000000001800
core   0: 0x00000000800000d8 (0x30052073) csrs    mstatus, a0
3 0x00000000800000d8 (0x30052073)
core   0: 0x00000000800000dc (0x00000297) auipc   t0, 0x0
3 0x00000000800000dc (0x00000297) x 5 0x00000000800000dc
core   0: 0x00000000800000e0 (0x01428293) addi    t0, t0, 20
3 0x00000000800000e0 (0x01428293) x 5 0x00000000800000f0
core   0: 0x00000000800000e4 (0x34129073) csrw    mepc, t0
3 0x00000000800000e4 (0x34129073)
core   0: 0x00000000800000e8 (0xf1402573) csrr    a0, mhartid
3 0x00000000800000e8 (0xf1402573) x10 0x0000000000000000
core   0: 0x00000000800000ec (0x30200073) mret
3 0x00000000800000ec (0x30200073)
core   0: 0x00000000800000f0 (0x00002297) auipc   t0, 0x2
3 0x00000000800000f0 (0x00002297) x 5 0x00000000800020f0
core   0: 0x00000000800000f4 (0xf1028293) addi    t0, t0, -240
3 0x00000000800000f4 (0xf1028293) x 5 0x0000000080002000
core   0: 0x00000000800000f8 (0x00005ffd) c.li    t6, -1
3 0x00000000800000f8 (0x5ffd) x31 0xffffffffffffffff
core   0: 0x00000000800000fa (0x00004801) c.li    a6, 0
3 0x00000000800000fa (0x4801) x16 0x0000000000000000
core   0: 0x00000000800000fc (0x010fb033) sltu    zero, t6, a6
3 0x00000000800000fc (0x010fb033)
core   0: 0x0000000080000100 (0x0002a023) sw      zero, 0(t0)
3 0x0000000080000100 (0x0002a023) mem 0x0000000080002000 0x0000000000000000
core   0: 0x0000000080000104 (0x00004f05) c.li    t5, 1
3 0x0000000080000104 (0x4f05) x30 0x0000000000000001
core   0: 0x0000000080000106 (0x80100793) li      a5, -2047
3 0x0000000080000106 (0x80100793) x15 0xfffffffffffff801
core   0: 0x000000008000010a (0x00ff30b3) sltu    ra, t5, a5
3 0x000000008000010a (0x00ff30b3) x 1 0x0000000000000001
core   0: 0x000000008000010e (0x0012a223) sw      ra, 4(t0)
3 0x000000008000010e (0x0012a223) mem 0x0000000080002004 0x0000000000000000
core   0: 0x0000000080000112 (0x00004e81) c.li    t4, 0
3 0x0000000080000112 (0x4e81) x29 0x0000000000000000
core   0: 0x0000000080000114 (0x0000577d) c.li    a4, -1
3 0x0000000080000114 (0x577d) x14 0xffffffffffffffff
core   0: 0x0000000080000116 (0x00eeb133) sltu    sp, t4, a4
3 0x0000000080000116 (0x00eeb133) x 2 0x0000000000000001
core   0: 0x000000008000011a (0x0022a423) sw      sp, 8(t0)
3 0x000000008000011a (0x0022a423) mem 0x0000000080002008 0x0000000000000000
core   0: 0x000000008000011e (0x7ff00e13) li      t3, 2047
3 0x000000008000011e (0x7ff00e13) x28 0x00000000000007ff
core   0: 0x0000000080000122 (0xfffff6b7) lui     a3, 0xfffff
3 0x0000000080000122 (0xfffff6b7) x13 0xfffffffffffff000
core   0: 0x0000000080000126 (0xdcc6869b) addiw   a3, a3, -564
3 0x0000000080000126 (0xdcc6869b) x13 0xffffffffffffedcc
core   0: 0x000000008000012a (0x00de31b3) sltu    gp, t3, a3
3 0x000000008000012a (0x00de31b3) x 3 0x0000000000000001
core   0: 0x000000008000012e (0x0032a623) sw      gp, 12(t0)
3 0x000000008000012e (0x0032a623) mem 0x000000008000200c 0x0000000000000000
core   0: 0x0000000080000132 (0x00004d81) c.li    s11, 0
3 0x0000000080000132 (0x4d81) x27 0x0000000000000000
core   0: 0x0000000080000134 (0x0010061b) addiw   a2, zero, 1
3 0x0000000080000134 (0x0010061b) x12 0x0000000000000001
core   0: 0x0000000080000138 (0x01f61613) slli    a2, a2, 31
3 0x0000000080000138 (0x01f61613) x12 0x0000000080000000
core   0: 0x000000008000013c (0x00cdb233) sltu    tp, s11, a2
3 0x000000008000013c (0x00cdb233) x 4 0x0000000000000001
core   0: 0x0000000080000140 (0x0042a823) sw      tp, 16(t0)
3 0x0000000080000140 (0x0042a823) mem 0x0000000080002010 0x0000000000000000
core   0: 0x0000000080000144 (0x00002097) auipc   ra, 0x2
3 0x0000000080000144 (0x00002097) x 1 0x0000000080002144
core   0: 0x0000000080000148 (0xed008093) addi    ra, ra, -304
3 0x0000000080000148 (0xed008093) x 1 0x0000000080002014
core   0: 0x000000008000014c (0x00001d37) lui     s10, 0x1
3 0x000000008000014c (0x00001d37) x26 0x0000000000001000
core   0: 0x0000000080000150 (0x800d0d1b) addiw   s10, s10, -2048
3 0x0000000080000150 (0x800d0d1b) x26 0x0000000000000800
core   0: 0x0000000080000154 (0x000015b7) lui     a1, 0x1
3 0x0000000080000154 (0x000015b7) x11 0x0000000000001000
core   0: 0x0000000080000158 (0x2345859b) addiw   a1, a1, 564
3 0x0000000080000158 (0x2345859b) x11 0x0000000000001234
core   0: 0x000000008000015c (0x00bd32b3) sltu    t0, s10, a1
3 0x000000008000015c (0x00bd32b3) x 5 0x0000000000000001
core   0: 0x0000000080000160 (0x0050a023) sw      t0, 0(ra)
3 0x0000000080000160 (0x0050a023) mem 0x0000000080002014 0x0000000000000000
core   0: 0x0000000080000164 (0x07654cb7) lui     s9, 0x7654
3 0x0000000080000164 (0x07654cb7) x25 0x0000000007654000
core   0: 0x0000000080000168 (0x321c8c9b) addiw   s9, s9, 801
3 0x0000000080000168 (0x321c8c9b) x25 0x0000000007654321
core   0: 0x000000008000016c (0x0010051b) addiw   a0, zero, 1
3 0x000000008000016c (0x0010051b) x10 0x0000000000000001
core   0: 0x0000000080000170 (0x02051513) slli    a0, a0, 32
3 0x0000000080000170 (0x02051513) x10 0x0000000100000000
core   0: 0x0000000080000174 (0xfff50513) addi    a0, a0, -1
3 0x0000000080000174 (0xfff50513) x10 0x00000000ffffffff
core   0: 0x0000000080000178 (0x00acb333) sltu    t1, s9, a0
3 0x0000000080000178 (0x00acb333) x 6 0x0000000000000001
core   0: 0x000000008000017c (0x0060a223) sw      t1, 4(ra)
3 0x000000008000017c (0x0060a223) mem 0x0000000080002018 0x0000000000000000
core   0: 0x0000000080000180 (0x80000c37) lui     s8, 0x80000
3 0x0000000080000180 (0x80000c37) x24 0xffffffff80000000
core   0: 0x0000000080000184 (0xfffc0c1b) addiw   s8, s8, -1
3 0x0000000080000184 (0xfffc0c1b) x24 0x000000007fffffff
core   0: 0x0000000080000188 (0x00004485) c.li    s1, 1
3 0x0000000080000188 (0x4485) x 9 0x0000000000000001
core   0: 0x000000008000018a (0x009c33b3) sltu    t2, s8, s1
3 0x000000008000018a (0x009c33b3) x 7 0x0000000000000000
core   0: 0x000000008000018e (0x0070a423) sw      t2, 8(ra)
3 0x000000008000018e (0x0070a423) mem 0x000000008000201c 0x0000000000000000
core   0: 0x0000000080000192 (0x00004b85) c.li    s7, 1
3 0x0000000080000192 (0x4b85) x23 0x0000000000000001
core   0: 0x0000000080000194 (0x80000437) lui     s0, 0x80000
3 0x0000000080000194 (0x80000437) x 8 0xffffffff80000000
core   0: 0x0000000080000198 (0xfff4041b) addiw   s0, s0, -1
3 0x0000000080000198 (0xfff4041b) x 8 0x000000007fffffff
core   0: 0x000000008000019c (0x008bb433) sltu    s0, s7, s0
3 0x000000008000019c (0x008bb433) x 8 0x0000000000000001
core   0: 0x00000000800001a0 (0x0080a623) sw      s0, 12(ra)
3 0x00000000800001a0 (0x0080a623) mem 0x0000000080002020 0x0000000000000000
core   0: 0x00000000800001a4 (0x00100b1b) addiw   s6, zero, 1
3 0x00000000800001a4 (0x00100b1b) x22 0x0000000000000001
core   0: 0x00000000800001a8 (0x020b1b13) slli    s6, s6, 32
3 0x00000000800001a8 (0x020b1b13) x22 0x0000000100000000
core   0: 0x00000000800001ac (0xfffb0b13) addi    s6, s6, -1
3 0x00000000800001ac (0xfffb0b13) x22 0x00000000ffffffff
core   0: 0x00000000800001b0 (0x076543b7) lui     t2, 0x7654
3 0x00000000800001b0 (0x076543b7) x 7 0x0000000007654000
core   0: 0x00000000800001b4 (0x3213839b) addiw   t2, t2, 801
3 0x00000000800001b4 (0x3213839b) x 7 0x0000000007654321
core   0: 0x00000000800001b8 (0x007b34b3) sltu    s1, s6, t2
3 0x00000000800001b8 (0x007b34b3) x 9 0x0000000000000000
core   0: 0x00000000800001bc (0x0090a823) sw      s1, 16(ra)
3 0x00000000800001bc (0x0090a823) mem 0x0000000080002024 0x0000000000000000
core   0: 0x00000000800001c0 (0x00002097) auipc   ra, 0x2
3 0x00000000800001c0 (0x00002097) x 1 0x00000000800021c0
core   0: 0x00000000800001c4 (0xe6808093) addi    ra, ra, -408
3 0x00000000800001c4 (0xe6808093) x 1 0x0000000080002028
core   0: 0x00000000800001c8 (0x00001ab7) lui     s5, 0x1
3 0x00000000800001c8 (0x00001ab7) x21 0x0000000000001000
core   0: 0x00000000800001cc (0x234a8a9b) addiw   s5, s5, 564
3 0x00000000800001cc (0x234a8a9b) x21 0x0000000000001234
core   0: 0x00000000800001d0 (0x00001337) lui     t1, 0x1
3 0x00000000800001d0 (0x00001337) x 6 0x0000000000001000
core   0: 0x00000000800001d4 (0x8003031b) addiw   t1, t1, -2048
3 0x00000000800001d4 (0x8003031b) x 6 0x0000000000000800
core   0: 0x00000000800001d8 (0x006ab533) sltu    a0, s5, t1
3 0x00000000800001d8 (0x006ab533) x10 0x0000000000000000
core   0: 0x00000000800001dc (0x00a0a023) sw      a0, 0(ra)
3 0x00000000800001dc (0x00a0a023) mem 0x0000000080002028 0x0000000000000000
core   0: 0x00000000800001e0 (0x00100a1b) addiw   s4, zero, 1
3 0x00000000800001e0 (0x00100a1b) x20 0x0000000000000001
core   0: 0x00000000800001e4 (0x01fa1a13) slli    s4, s4, 31
3 0x00000000800001e4 (0x01fa1a13) x20 0x0000000080000000
core   0: 0x00000000800001e8 (0x00004281) c.li    t0, 0
3 0x00000000800001e8 (0x4281) x 5 0x0000000000000000
core   0: 0x00000000800001ea (0x005a35b3) sltu    a1, s4, t0
3 0x00000000800001ea (0x005a35b3) x11 0x0000000000000000
core   0: 0x00000000800001ee (0x00b0a223) sw      a1, 4(ra)
3 0x00000000800001ee (0x00b0a223) mem 0x000000008000202c 0x0000000000000000
core   0: 0x00000000800001f2 (0xfffff9b7) lui     s3, 0xfffff
3 0x00000000800001f2 (0xfffff9b7) x19 0xfffffffffffff000
core   0: 0x00000000800001f6 (0xdcc9899b) addiw   s3, s3, -564
3 0x00000000800001f6 (0xdcc9899b) x19 0xffffffffffffedcc
core   0: 0x00000000800001fa (0x7ff00213) li      tp, 2047
3 0x00000000800001fa (0x7ff00213) x 4 0x00000000000007ff
core   0: 0x00000000800001fe (0x0049b633) sltu    a2, s3, tp
3 0x00000000800001fe (0x0049b633) x12 0x0000000000000000
core   0: 0x0000000080000202 (0x00c0a423) sw      a2, 8(ra)
3 0x0000000080000202 (0x00c0a423) mem 0x0000000080002030 0x0000000000000000
core   0: 0x0000000080000206 (0x0000597d) c.li    s2, -1
3 0x0000000080000206 (0x597d) x18 0xffffffffffffffff
core   0: 0x0000000080000208 (0x000051fd) c.li    gp, -1
3 0x0000000080000208 (0x51fd) x 3 0xffffffffffffffff
core   0: 0x000000008000020a (0x003936b3) sltu    a3, s2, gp
3 0x000000008000020a (0x003936b3) x13 0x0000000000000000
core   0: 0x000000008000020e (0x00d0a623) sw      a3, 12(ra)
3 0x000000008000020e (0x00d0a623) mem 0x0000000080002034 0x0000000000000000
core   0: 0x0000000080000212 (0x80100893) li      a7, -2047
3 0x0000000080000212 (0x80100893) x17 0xfffffffffffff801
core   0: 0x0000000080000216 (0x00004105) c.li    sp, 1
3 0x0000000080000216 (0x4105) x 2 0x0000000000000001
core   0: 0x0000000080000218 (0x0028b733) sltu    a4, a7, sp
3 0x0000000080000218 (0x0028b733) x14 0x0000000000000000
core   0: 0x000000008000021c (0x00e0a823) sw      a4, 16(ra)
3 0x000000008000021c (0x00e0a823) mem 0x0000000080002038 0x0000000000000000
core   0: 0x0000000080000220 (0x00002117) auipc   sp, 0x2
3 0x0000000080000220 (0x00002117) x 2 0x0000000080002220
core   0: 0x0000000080000224 (0xe1c10113) addi    sp, sp, -484
3 0x0000000080000224 (0xe1c10113) x 2 0x000000008000203c
core   0: 0x0000000080000228 (0x00004801) c.li    a6, 0
3 0x0000000080000228 (0x4801) x16 0x0000000000000000
core   0: 0x000000008000022a (0x00004081) c.li    ra, 0
3 0x000000008000022a (0x4081) x 1 0x0000000000000000
core   0: 0x000000008000022c (0x001837b3) sltu    a5, a6, ra
3 0x000000008000022c (0x001837b3) x15 0x0000000000000000
core   0: 0x0000000080000230 (0x0000c03e) c.swsp  a5, 0(sp)
3 0x0000000080000230 (0xc03e) mem 0x000000008000203c 0x0000000000000000
core   0: 0x0000000080000232 (0x000057fd) c.li    a5, -1
3 0x0000000080000232 (0x57fd) x15 0xffffffffffffffff
core   0: 0x0000000080000234 (0x00000013) nop
3 0x0000000080000234 (0x00000013)
core   0: 0x0000000080000238 (0x0007b833) sltu    a6, a5, zero
3 0x0000000080000238 (0x0007b833) x16 0x0000000000000000
core   0: 0x000000008000023c (0x0000c242) c.swsp  a6, 4(sp)
3 0x000000008000023c (0xc242) mem 0x0000000080002040 0x0000000000000000
core   0: 0x000000008000023e (0x00004705) c.li    a4, 1
3 0x000000008000023e (0x4705) x14 0x0000000000000001
core   0: 0x0000000080000240 (0x80100f93) li      t6, -2047
3 0x0000000080000240 (0x80100f93) x31 0xfffffffffffff801
core   0: 0x0000000080000244 (0x01f738b3) sltu    a7, a4, t6
3 0x0000000080000244 (0x01f738b3) x17 0x0000000000000001
core   0: 0x0000000080000248 (0x0000c446) c.swsp  a7, 8(sp)
3 0x0000000080000248 (0xc446) mem 0x0000000080002044 0x0000000000000000
core   0: 0x000000008000024a (0x00004681) c.li    a3, 0
3 0x000000008000024a (0x4681) x13 0x0000000000000000
core   0: 0x000000008000024c (0x00005f7d) c.li    t5, -1
3 0x000000008000024c (0x5f7d) x30 0xffffffffffffffff
core   0: 0x000000008000024e (0x01e6b933) sltu    s2, a3, t5
3 0x000000008000024e (0x01e6b933) x18 0x0000000000000001
core   0: 0x0000000080000252 (0x0000c64a) c.swsp  s2, 12(sp)
3 0x0000000080000252 (0xc64a) mem 0x0000000080002048 0x0000000100000000
core   0: 0x0000000080000254 (0x7ff00613) li      a2, 2047
3 0x0000000080000254 (0x7ff00613) x12 0x00000000000007ff
core   0: 0x0000000080000258 (0xfffffeb7) lui     t4, 0xfffff
3 0x0000000080000258 (0xfffffeb7) x29 0xfffffffffffff000
core   0: 0x000000008000025c (0xdcce8e9b) addiw   t4, t4, -564
3 0x000000008000025c (0xdcce8e9b) x29 0xffffffffffffedcc
core   0: 0x0000000080000260 (0x01d639b3) sltu    s3, a2, t4
3 0x0000000080000260 (0x01d639b3) x19 0x0000000000000001
core   0: 0x0000000080000264 (0x0000c84e) c.swsp  s3, 16(sp)
3 0x0000000080000264 (0xc84e) mem 0x000000008000204c 0x0000000000000000
core   0: 0x0000000080000266 (0x00002097) auipc   ra, 0x2
3 0x0000000080000266 (0x00002097) x 1 0x0000000080002266
core   0: 0x000000008000026a (0xdea08093) addi    ra, ra, -534
3 0x000000008000026a (0xdea08093) x 1 0x0000000080002050
core   0: 0x000000008000026e (0x00004581) c.li    a1, 0
3 0x000000008000026e (0x4581) x11 0x0000000000000000
core   0: 0x0000000080000270 (0x00100e1b) addiw   t3, zero, 1
3 0x0000000080000270 (0x00100e1b) x28 0x0000000000000001
core   0: 0x0000000080000274 (0x01fe1e13) slli    t3, t3, 31
3 0x0000000080000274 (0x01fe1e13) x28 0x0000000080000000
core   0: 0x0000000080000278 (0x01c5ba33) sltu    s4, a1, t3
3 0x0000000080000278 (0x01c5ba33) x20 0x0000000000000001
core   0: 0x000000008000027c (0x0140a023) sw      s4, 0(ra)
3 0x000000008000027c (0x0140a023) mem 0x0000000080002050 0x0000000000000000
core   0: 0x0000000080000280 (0x00001537) lui     a0, 0x1
3 0x0000000080000280 (0x00001537) x10 0x0000000000001000
core   0: 0x0000000080000284 (0x8005051b) addiw   a0, a0, -2048
3 0x0000000080000284 (0x8005051b) x10 0x0000000000000800
core   0: 0x0000000080000288 (0x00001db7) lui     s11, 0x1
3 0x0000000080000288 (0x00001db7) x27 0x0000000000001000
core   0: 0x000000008000028c (0x234d8d9b) addiw   s11, s11, 564
3 0x000000008000028c (0x234d8d9b) x27 0x0000000000001234
core   0: 0x0000000080000290 (0x01b53ab3) sltu    s5, a0, s11
3 0x0000000080000290 (0x01b53ab3) x21 0x0000000000000001
core   0: 0x0000000080000294 (0x0150a223) sw      s5, 4(ra)
3 0x0000000080000294 (0x0150a223) mem 0x0000000080002054 0x0000000000000000
core   0: 0x0000000080000298 (0x076544b7) lui     s1, 0x7654
3 0x0000000080000298 (0x076544b7) x 9 0x0000000007654000
core   0: 0x000000008000029c (0x3214849b) addiw   s1, s1, 801
3 0x000000008000029c (0x3214849b) x 9 0x0000000007654321
core   0: 0x00000000800002a0 (0x00100d1b) addiw   s10, zero, 1
3 0x00000000800002a0 (0x00100d1b) x26 0x0000000000000001
core   0: 0x00000000800002a4 (0x020d1d13) slli    s10, s10, 32
3 0x00000000800002a4 (0x020d1d13) x26 0x0000000100000000
core   0: 0x00000000800002a8 (0xfffd0d13) addi    s10, s10, -1
3 0x00000000800002a8 (0xfffd0d13) x26 0x00000000ffffffff
core   0: 0x00000000800002ac (0x01a4bb33) sltu    s6, s1, s10
3 0x00000000800002ac (0x01a4bb33) x22 0x0000000000000001
core   0: 0x00000000800002b0 (0x0160a423) sw      s6, 8(ra)
3 0x00000000800002b0 (0x0160a423) mem 0x0000000080002058 0x0000000000000000
core   0: 0x00000000800002b4 (0x80000437) lui     s0, 0x80000
3 0x00000000800002b4 (0x80000437) x 8 0xffffffff80000000
core   0: 0x00000000800002b8 (0xfff4041b) addiw   s0, s0, -1
3 0x00000000800002b8 (0xfff4041b) x 8 0x000000007fffffff
core   0: 0x00000000800002bc (0x00004c85) c.li    s9, 1
3 0x00000000800002bc (0x4c85) x25 0x0000000000000001
core   0: 0x00000000800002be (0x01943bb3) sltu    s7, s0, s9
3 0x00000000800002be (0x01943bb3) x23 0x0000000000000000
core   0: 0x00000000800002c2 (0x0170a623) sw      s7, 12(ra)
3 0x00000000800002c2 (0x0170a623) mem 0x000000008000205c 0x0000000000000000
core   0: 0x00000000800002c6 (0x00004385) c.li    t2, 1
3 0x00000000800002c6 (0x4385) x 7 0x0000000000000001
core   0: 0x00000000800002c8 (0x80000c37) lui     s8, 0x80000
3 0x00000000800002c8 (0x80000c37) x24 0xffffffff80000000
core   0: 0x00000000800002cc (0xfffc0c1b) addiw   s8, s8, -1
3 0x00000000800002cc (0xfffc0c1b) x24 0x000000007fffffff
core   0: 0x00000000800002d0 (0x0183bc33) sltu    s8, t2, s8
3 0x00000000800002d0 (0x0183bc33) x24 0x0000000000000001
core   0: 0x00000000800002d4 (0x0180a823) sw      s8, 16(ra)
3 0x00000000800002d4 (0x0180a823) mem 0x0000000080002060 0x0000000000000000
core   0: 0x00000000800002d8 (0x00002097) auipc   ra, 0x2
3 0x00000000800002d8 (0x00002097) x 1 0x00000000800022d8
core   0: 0x00000000800002dc (0xd8c08093) addi    ra, ra, -628
3 0x00000000800002dc (0xd8c08093) x 1 0x0000000080002064
core   0: 0x00000000800002e0 (0x0010031b) addiw   t1, zero, 1
3 0x00000000800002e0 (0x0010031b) x 6 0x0000000000000001
core   0: 0x00000000800002e4 (0x02031313) slli    t1, t1, 32
3 0x00000000800002e4 (0x02031313) x 6 0x0000000100000000
core   0: 0x00000000800002e8 (0xfff30313) addi    t1, t1, -1
3 0x00000000800002e8 (0xfff30313) x 6 0x00000000ffffffff
core   0: 0x00000000800002ec (0x07654bb7) lui     s7, 0x7654
3 0x00000000800002ec (0x07654bb7) x23 0x0000000007654000
core   0: 0x00000000800002f0 (0x321b8b9b) addiw   s7, s7, 801
3 0x00000000800002f0 (0x321b8b9b) x23 0x0000000007654321
core   0: 0x00000000800002f4 (0x01733cb3) sltu    s9, t1, s7
3 0x00000000800002f4 (0x01733cb3) x25 0x0000000000000000
core   0: 0x00000000800002f8 (0x0190a023) sw      s9, 0(ra)
3 0x00000000800002f8 (0x0190a023) mem 0x0000000080002064 0x0000000000000000
core   0: 0x00000000800002fc (0x000012b7) lui     t0, 0x1
3 0x00000000800002fc (0x000012b7) x 5 0x0000000000001000
core   0: 0x0000000080000300 (0x2342829b) addiw   t0, t0, 564
3 0x0000000080000300 (0x2342829b) x 5 0x0000000000001234
core   0: 0x0000000080000304 (0x00001b37) lui     s6, 0x1
3 0x0000000080000304 (0x00001b37) x22 0x0000000000001000
core   0: 0x0000000080000308 (0x800b0b1b) addiw   s6, s6, -2048
3 0x0000000080000308 (0x800b0b1b) x22 0x0000000000000800
core   0: 0x000000008000030c (0x0162bd33) sltu    s10, t0, s6
3 0x000000008000030c (0x0162bd33) x26 0x0000000000000000
core   0: 0x0000000080000310 (0x01a0a223) sw      s10, 4(ra)
3 0x0000000080000310 (0x01a0a223) mem 0x0000000080002068 0x0000000000000000
core   0: 0x0000000080000314 (0x0010021b) addiw   tp, zero, 1
3 0x0000000080000314 (0x0010021b) x 4 0x0000000000000001
core   0: 0x0000000080000318 (0x01f21213) slli    tp, tp, 31
3 0x0000000080000318 (0x01f21213) x 4 0x0000000080000000
core   0: 0x000000008000031c (0x00004a81) c.li    s5, 0
3 0x000000008000031c (0x4a81) x21 0x0000000000000000
core   0: 0x000000008000031e (0x01523db3) sltu    s11, tp, s5
3 0x000000008000031e (0x01523db3) x27 0x0000000000000000
core   0: 0x0000000080000322 (0x01b0a423) sw      s11, 8(ra)
3 0x0000000080000322 (0x01b0a423) mem 0x000000008000206c 0x0000000000000000
core   0: 0x0000000080000326 (0xfffff1b7) lui     gp, 0xfffff
3 0x0000000080000326 (0xfffff1b7) x 3 0xfffffffffffff000
core   0: 0x000000008000032a (0xdcc1819b) addiw   gp, gp, -564
3 0x000000008000032a (0xdcc1819b) x 3 0xffffffffffffedcc
core   0: 0x000000008000032e (0x7ff00a13) li      s4, 2047
3 0x000000008000032e (0x7ff00a13) x20 0x00000000000007ff
core   0: 0x0000000080000332 (0x0141be33) sltu    t3, gp, s4
3 0x0000000080000332 (0x0141be33) x28 0x0000000000000000
core   0: 0x0000000080000336 (0x01c0a623) sw      t3, 12(ra)
3 0x0000000080000336 (0x01c0a623) mem 0x0000000080002070 0x0000000000000000
core   0: 0x000000008000033a (0x0000517d) c.li    sp, -1
3 0x000000008000033a (0x517d) x 2 0xffffffffffffffff
core   0: 0x000000008000033c (0x000059fd) c.li    s3, -1
3 0x000000008000033c (0x59fd) x19 0xffffffffffffffff
core   0: 0x000000008000033e (0x01313eb3) sltu    t4, sp, s3
3 0x000000008000033e (0x01313eb3) x29 0x0000000000000000
core   0: 0x0000000080000342 (0x01d0a823) sw      t4, 16(ra)
3 0x0000000080000342 (0x01d0a823) mem 0x0000000080002074 0x0000000000000000
core   0: 0x0000000080000346 (0x00002117) auipc   sp, 0x2
3 0x0000000080000346 (0x00002117) x 2 0x0000000080002346
core   0: 0x000000008000034a (0xd3210113) addi    sp, sp, -718
3 0x000000008000034a (0xd3210113) x 2 0x0000000080002078
core   0: 0x000000008000034e (0x80100093) li      ra, -2047
3 0x000000008000034e (0x80100093) x 1 0xfffffffffffff801
core   0: 0x0000000080000352 (0x00004905) c.li    s2, 1
3 0x0000000080000352 (0x4905) x18 0x0000000000000001
core   0: 0x0000000080000354 (0x0120bf33) sltu    t5, ra, s2
3 0x0000000080000354 (0x0120bf33) x30 0x0000000000000000
core   0: 0x0000000080000358 (0x0000c07a) c.swsp  t5, 0(sp)
3 0x0000000080000358 (0xc07a) mem 0x0000000080002078 0x0000000000000000
core   0: 0x000000008000035a (0x00000013) nop
3 0x000000008000035a (0x00000013)
core   0: 0x000000008000035e (0x00004881) c.li    a7, 0
3 0x000000008000035e (0x4881) x17 0x0000000000000000
core   0: 0x0000000080000360 (0x01103fb3) snez    t6, a7
3 0x0000000080000360 (0x01103fb3) x31 0x0000000000000000
core   0: 0x0000000080000364 (0x0000c27e) c.swsp  t6, 4(sp)
3 0x0000000080000364 (0xc27e) mem 0x000000008000207c 0x0000000000000000
core   0: 0x0000000080000366 (0x0ff0000f) fence   iorw,iorw
3 0x0000000080000366 (0x0ff0000f)
core   0: 0x000000008000036a (0x00004185) c.li    gp, 1
3 0x000000008000036a (0x4185) x 3 0x0000000000000001
core   0: 0x000000008000036c (0x00000073) ecall
3 0x000000008000036c (0x00000073)
