core   0: 0x0000000000010000 (0x00100413) li      s0, 1
3 0x0000000000010000 (0x00100413) x 8 0x0000000000000001
core   0: 0x0000000000010004 (0x01f41413) slli    s0, s0, 31
3 0x0000000000010004 (0x01f41413) x 8 0x0000000080000000
core   0: 0x0000000000010008 (0xf1402573) csrr    a0, mhartid
3 0x0000000000010008 (0xf1402573) x10 0x0000000000000000
core   0: 0x000000000001000c (0x00000597) auipc   a1, 0x0
3 0x000000000001000c (0x00000597) x11 0x000000000001000c
core   0: 0x0000000000010010 (0x07458593) addi    a1, a1, 116
3 0x0000000000010010 (0x07458593) x11 0x0000000000010080
core   0: 0x0000000000010014 (0x00040067) jr      s0
3 0x0000000000010014 (0x00040067)
core   0: 0x0000000080000000 (0x0000a081) c.j     pc + 64
3 0x0000000080000000 (0xa081)
core   0: 0x0000000080000040 (0xf1402573) csrr    a0, mhartid
3 0x0000000080000040 (0xf1402573) x10 0x0000000000000000
core   0: 0x0000000080000044 (0x0000e101) c.bnez  a0, pc + 0
3 0x0000000080000044 (0xe101)
core   0: 0x0000000080000046 (0x00000297) auipc   t0, 0x0
3 0x0000000080000046 (0x00000297) x 5 0x0000000080000046
core   0: 0x000000008000004a (0x01228293) addi    t0, t0, 18
3 0x000000008000004a (0x01228293) x 5 0x0000000080000058
core   0: 0x000000008000004e (0x30529073) csrw    mtvec, t0
3 0x000000008000004e (0x30529073)
core   0: 0x0000000080000052 (0x18005073) csrwi   satp, 0
3 0x0000000080000052 (0x18005073)
core   0: 0x0000000080000056 (0x00000001) c.nop
3 0x0000000080000056 (0x0001)
core   0: 0x0000000080000058 (0x00000297) auipc   t0, 0x0
3 0x0000000080000058 (0x00000297) x 5 0x0000000080000058
core   0: 0x000000008000005c (0x01828293) addi    t0, t0, 24
3 0x000000008000005c (0x01828293) x 5 0x0000000080000070
core   0: 0x0000000080000060 (0x30529073) csrw    mtvec, t0
3 0x0000000080000060 (0x30529073)
core   0: 0x0000000080000064 (0x000052fd) c.li    t0, -1
3 0x0000000080000064 (0x52fd) x 5 0xffffffffffffffff
core   0: 0x0000000080000066 (0x3b029073) csrw    pmpaddr0, t0
3 0x0000000080000066 (0x3b029073)
core   0: 0x000000008000006a (0x000042fd) c.li    t0, 31
3 0x000000008000006a (0x42fd) x 5 0x000000000000001f
core   0: 0x000000008000006c (0x3a029073) csrw    pmpcfg0, t0
3 0x000000008000006c (0x3a029073)
core   0: 0x0000000080000070 (0x00000297) auipc   t0, 0x0
3 0x0000000080000070 (0x00000297) x 5 0x0000000080000070
core   0: 0x0000000080000074 (0x01828293) addi    t0, t0, 24
3 0x0000000080000074 (0x01828293) x 5 0x0000000080000088
core   0: 0x0000000080000078 (0x30529073) csrw    mtvec, t0
3 0x0000000080000078 (0x30529073)
core   0: 0x000000008000007c (0x30205073) csrwi   medeleg, 0
3 0x000000008000007c (0x30205073)
core   0: 0x0000000080000080 (0x30305073) csrwi   mideleg, 0
3 0x0000000080000080 (0x30305073)
core   0: 0x0000000080000084 (0x30405073) csrwi   mie, 0
3 0x0000000080000084 (0x30405073)
core   0: 0x0000000080000088 (0x00004181) c.li    gp, 0
3 0x0000000080000088 (0x4181) x 3 0x0000000000000000
core   0: 0x000000008000008a (0x00000297) auipc   t0, 0x0
3 0x000000008000008a (0x00000297) x 5 0x000000008000008a
core   0: 0x000000008000008e (0xf7a28293) addi    t0, t0, -134
3 0x000000008000008e (0xf7a28293) x 5 0x0000000080000004
core   0: 0x0000000080000092 (0x30529073) csrw    mtvec, t0
3 0x0000000080000092 (0x30529073)
core   0: 0x0000000080000096 (0x00004505) c.li    a0, 1
3 0x0000000080000096 (0x4505) x10 0x0000000000000001
core   0: 0x0000000080000098 (0x0000057e) c.slli  a0, 31
3 0x0000000080000098 (0x057e) x10 0x0000000080000000
core   0: 0x000000008000009a (0x00055763) bgez    a0, pc + 14
3 0x000000008000009a (0x00055763)
core   0: 0x00000000800000a8 (0x80000297) auipc   t0, 0x80000
3 0x00000000800000a8 (0x80000297) x 5 0x00000000000000a8
core   0: 0x00000000800000ac (0xf5828293) addi    t0, t0, -168
3 0x00000000800000ac (0xf5828293) x 5 0x0000000000000000
core   0: 0x00000000800000b0 (0x00028e63) beqz    t0, pc + 28
3 0x00000000800000b0 (0x00028e63)
core   0: 0x00000000800000cc (0x30005073) csrwi   mstatus, 0
3 0x00000000800000cc (0x30005073)
core   0: 0x00000000800000d0 (0x00002537) lui     a0, 0x2
3 0x00000000800000d0 (0x00002537) x10 0x0000000000002000
core   0: 0x00000000800000d4 (0x8005051b) addiw   a0, a0, -2048
3 0x00000000800000d4 (0x8005051b) x10 0x0000000000001800
core   0: 0x00000000800000d8 (0x30052073) csrs    mstatus, a0
3 0x00000000800000d8 (0x30052073)
core   0: 0x00000000800000dc (0x00000297) auipc   t0, 0x0
3 0x00000000800000dc (0x00000297) x 5 0x00000000800000dc
core   0: 0x00000000800000e0 (0x01428293) addi    t0, t0, 20
3 0x00000000800000e0 (0x01428293) x 5 0x00000000800000f0
core   0: 0x00000000800000e4 (0x34129073) csrw    mepc, t0
3 0x00000000800000e4 (0x34129073)
core   0: 0x00000000800000e8 (0xf1402573) csrr    a0, mhartid
3 0x00000000800000e8 (0xf1402573) x10 0x0000000000000000
core   0: 0x00000000800000ec (0x30200073) mret
3 0x00000000800000ec (0x30200073)
core   0: 0x00000000800000f0 (0x00002297) auipc   t0, 0x2
3 0x00000000800000f0 (0x00002297) x 5 0x00000000800020f0
core   0: 0x00000000800000f4 (0xf1028293) addi    t0, t0, -240
3 0x00000000800000f4 (0xf1028293) x 5 0x0000000080002000
core   0: 0x00000000800000f8 (0x00005ffd) c.li    t6, -1
3 0x00000000800000f8 (0x5ffd) x31 0xffffffffffffffff
core   0: 0x00000000800000fa (0x400fd013) srai    zero, t6, 0
3 0x00000000800000fa (0x400fd013)
core   0: 0x00000000800000fe (0x0002a023) sw      zero, 0(t0)
3 0x00000000800000fe (0x0002a023) mem 0x0000000080002000 0x0000000000000000
core   0: 0x0000000080000102 (0x00004f05) c.li    t5, 1
3 0x0000000080000102 (0x4f05) x30 0x0000000000000001
core   0: 0x0000000080000104 (0x400f5093) srai    ra, t5, 0
3 0x0000000080000104 (0x400f5093) x 1 0x0000000000000001
core   0: 0x0000000080000108 (0x0012a223) sw      ra, 4(t0)
3 0x0000000080000108 (0x0012a223) mem 0x0000000080002004 0x0000000000000000
core   0: 0x000000008000010c (0x00004e81) c.li    t4, 0
3 0x000000008000010c (0x4e81) x29 0x0000000000000000
core   0: 0x000000008000010e (0x401ed113) srai    sp, t4, 1
3 0x000000008000010e (0x401ed113) x 2 0x0000000000000000
core   0: 0x0000000080000112 (0x0022a423) sw      sp, 8(t0)
3 0x0000000080000112 (0x0022a423) mem 0x0000000080002008 0x0000000000000000
core   0: 0x0000000080000116 (0x7ff00e13) li      t3, 2047
3 0x0000000080000116 (0x7ff00e13) x28 0x00000000000007ff
core   0: 0x000000008000011a (0x404e5193) srai    gp, t3, 4
3 0x000000008000011a (0x404e5193) x 3 0x000000000000007f
core   0: 0x000000008000011e (0x0032a623) sw      gp, 12(t0)
3 0x000000008000011e (0x0032a623) mem 0x000000008000200c 0x0000000000000000
core   0: 0x0000000080000122 (0x00004d81) c.li    s11, 0
3 0x0000000080000122 (0x4d81) x27 0x0000000000000000
core   0: 0x0000000080000124 (0x408dd213) srai    tp, s11, 8
3 0x0000000080000124 (0x408dd213) x 4 0x0000000000000000
core   0: 0x0000000080000128 (0x0042a823) sw      tp, 16(t0)
3 0x0000000080000128 (0x0042a823) mem 0x0000000080002010 0x0000000000000000
core   0: 0x000000008000012c (0x00002097) auipc   ra, 0x2
3 0x000000008000012c (0x00002097) x 1 0x000000008000212c
core   0: 0x0000000080000130 (0xee808093) addi    ra, ra, -280
3 0x0000000080000130 (0xee808093) x 1 0x0000000080002014
core   0: 0x0000000080000134 (0x00001d37) lui     s10, 0x1
3 0x0000000080000134 (0x00001d37) x26 0x0000000000001000
core   0: 0x0000000080000138 (0x800d0d1b) addiw   s10, s10, -2048
3 0x0000000080000138 (0x800d0d1b) x26 0x0000000000000800
core   0: 0x000000008000013c (0x41fd5293) srai    t0, s10, 31
3 0x000000008000013c (0x41fd5293) x 5 0x0000000000000000
core   0: 0x0000000080000140 (0x0050a023) sw      t0, 0(ra)
3 0x0000000080000140 (0x0050a023) mem 0x0000000080002014 0x0000000000000000
core   0: 0x0000000080000144 (0x07654cb7) lui     s9, 0x7654
3 0x0000000080000144 (0x07654cb7) x25 0x0000000007654000
core   0: 0x0000000080000148 (0x321c8c9b) addiw   s9, s9, 801
3 0x0000000080000148 (0x321c8c9b) x25 0x0000000007654321
core   0: 0x000000008000014c (0x410cd313) srai    t1, s9, 16
3 0x000000008000014c (0x410cd313) x 6 0x0000000000000765
core   0: 0x0000000080000150 (0x0060a223) sw      t1, 4(ra)
3 0x0000000080000150 (0x0060a223) mem 0x0000000080002018 0x0000000000000000
core   0: 0x0000000080000154 (0x80000c37) lui     s8, 0x80000
3 0x0000000080000154 (0x80000c37) x24 0xffffffff80000000
core   0: 0x0000000080000158 (0xfffc0c1b) addiw   s8, s8, -1
3 0x0000000080000158 (0xfffc0c1b) x24 0x000000007fffffff
core   0: 0x000000008000015c (0x401c5393) srai    t2, s8, 1
3 0x000000008000015c (0x401c5393) x 7 0x000000003fffffff
core   0: 0x0000000080000160 (0x0070a423) sw      t2, 8(ra)
3 0x0000000080000160 (0x0070a423) mem 0x000000008000201c 0x0000000000000000
core   0: 0x0000000080000164 (0x00004b85) c.li    s7, 1
3 0x0000000080000164 (0x4b85) x23 0x0000000000000001
core   0: 0x0000000080000166 (0x400bd413) srai    s0, s7, 0
3 0x0000000080000166 (0x400bd413) x 8 0x0000000000000001
core   0: 0x000000008000016a (0x0080a623) sw      s0, 12(ra)
3 0x000000008000016a (0x0080a623) mem 0x0000000080002020 0x0000000000000000
core   0: 0x000000008000016e (0x00100b1b) addiw   s6, zero, 1
3 0x000000008000016e (0x00100b1b) x22 0x0000000000000001
core   0: 0x0000000080000172 (0x020b1b13) slli    s6, s6, 32
3 0x0000000080000172 (0x020b1b13) x22 0x0000000100000000
core   0: 0x0000000080000176 (0xfffb0b13) addi    s6, s6, -1
3 0x0000000080000176 (0xfffb0b13) x22 0x00000000ffffffff
core   0: 0x000000008000017a (0x400b5493) srai    s1, s6, 0
3 0x000000008000017a (0x400b5493) x 9 0x00000000ffffffff
core   0: 0x000000008000017e (0x0090a823) sw      s1, 16(ra)
3 0x000000008000017e (0x0090a823) mem 0x0000000080002024 0x0000000000000000
core   0: 0x0000000080000182 (0x00002097) auipc   ra, 0x2
3 0x0000000080000182 (0x00002097) x 1 0x0000000080002182
core   0: 0x0000000080000186 (0xea608093) addi    ra, ra, -346
3 0x0000000080000186 (0xea608093) x 1 0x0000000080002028
core   0: 0x000000008000018a (0x00001ab7) lui     s5, 0x1
3 0x000000008000018a (0x00001ab7) x21 0x0000000000001000
core   0: 0x000000008000018e (0x234a8a9b) addiw   s5, s5, 564
3 0x000000008000018e (0x234a8a9b) x21 0x0000000000001234
core   0: 0x0000000080000192 (0x401ad513) srai    a0, s5, 1
3 0x0000000080000192 (0x401ad513) x10 0x000000000000091a
core   0: 0x0000000080000196 (0x00a0a023) sw      a0, 0(ra)
3 0x0000000080000196 (0x00a0a023) mem 0x0000000080002028 0x0000000000000000
core   0: 0x000000008000019a (0x00100a1b) addiw   s4, zero, 1
3 0x000000008000019a (0x00100a1b) x20 0x0000000000000001
core   0: 0x000000008000019e (0x01fa1a13) slli    s4, s4, 31
3 0x000000008000019e (0x01fa1a13) x20 0x0000000080000000
core   0: 0x00000000800001a2 (0x404a5593) srai    a1, s4, 4
3 0x00000000800001a2 (0x404a5593) x11 0x0000000008000000
core   0: 0x00000000800001a6 (0x00b0a223) sw      a1, 4(ra)
3 0x00000000800001a6 (0x00b0a223) mem 0x000000008000202c 0x0000000000000000
core   0: 0x00000000800001aa (0xfffff9b7) lui     s3, 0xfffff
3 0x00000000800001aa (0xfffff9b7) x19 0xfffffffffffff000
core   0: 0x00000000800001ae (0xdcc9899b) addiw   s3, s3, -564
3 0x00000000800001ae (0xdcc9899b) x19 0xffffffffffffedcc
core   0: 0x00000000800001b2 (0x4089d613) srai    a2, s3, 8
3 0x00000000800001b2 (0x4089d613) x12 0xffffffffffffffed
core   0: 0x00000000800001b6 (0x00c0a423) sw      a2, 8(ra)
3 0x00000000800001b6 (0x00c0a423) mem 0x0000000080002030 0x0000000000000000
core   0: 0x00000000800001ba (0x0000597d) c.li    s2, -1
3 0x00000000800001ba (0x597d) x18 0xffffffffffffffff
core   0: 0x00000000800001bc (0x41f95693) srai    a3, s2, 31
3 0x00000000800001bc (0x41f95693) x13 0xffffffffffffffff
core   0: 0x00000000800001c0 (0x00d0a623) sw      a3, 12(ra)
3 0x00000000800001c0 (0x00d0a623) mem 0x0000000080002034 0x00000000ffffffed
core   0: 0x00000000800001c4 (0x80100893) li      a7, -2047
3 0x00000000800001c4 (0x80100893) x17 0xfffffffffffff801
core   0: 0x00000000800001c8 (0x4108d713) srai    a4, a7, 16
3 0x00000000800001c8 (0x4108d713) x14 0xffffffffffffffff
core   0: 0x00000000800001cc (0x00e0a823) sw      a4, 16(ra)
3 0x00000000800001cc (0x00e0a823) mem 0x0000000080002038 0x0000000000000000
core   0: 0x00000000800001d0 (0x00002117) auipc   sp, 0x2
3 0x00000000800001d0 (0x00002117) x 2 0x00000000800021d0
core   0: 0x00000000800001d4 (0xe6c10113) addi    sp, sp, -404
3 0x00000000800001d4 (0xe6c10113) x 2 0x000000008000203c
core   0: 0x00000000800001d8 (0x00004801) c.li    a6, 0
3 0x00000000800001d8 (0x4801) x16 0x0000000000000000
core   0: 0x00000000800001da (0x40185793) srai    a5, a6, 1
3 0x00000000800001da (0x40185793) x15 0x0000000000000000
core   0: 0x00000000800001de (0x0000c03e) c.swsp  a5, 0(sp)
3 0x00000000800001de (0xc03e) mem 0x000000008000203c 0x0000000000000000
core   0: 0x00000000800001e0 (0x000057fd) c.li    a5, -1
3 0x00000000800001e0 (0x57fd) x15 0xffffffffffffffff
core   0: 0x00000000800001e2 (0x4007d813) srai    a6, a5, 0
3 0x00000000800001e2 (0x4007d813) x16 0xffffffffffffffff
core   0: 0x00000000800001e6 (0x0000c242) c.swsp  a6, 4(sp)
3 0x00000000800001e6 (0xc242) mem 0x0000000080002040 0x0000000000000000
core   0: 0x00000000800001e8 (0x00004705) c.li    a4, 1
3 0x00000000800001e8 (0x4705) x14 0x0000000000000001
core   0: 0x00000000800001ea (0x40075893) srai    a7, a4, 0
3 0x00000000800001ea (0x40075893) x17 0x0000000000000001
core   0: 0x00000000800001ee (0x0000c446) c.swsp  a7, 8(sp)
3 0x00000000800001ee (0xc446) mem 0x0000000080002044 0x0000000000000000
core   0: 0x00000000800001f0 (0x00004681) c.li    a3, 0
3 0x00000000800001f0 (0x4681) x13 0x0000000000000000
core   0: 0x00000000800001f2 (0x4016d913) srai    s2, a3, 1
3 0x00000000800001f2 (0x4016d913) x18 0x0000000000000000
core   0: 0x00000000800001f6 (0x0000c64a) c.swsp  s2, 12(sp)
3 0x00000000800001f6 (0xc64a) mem 0x0000000080002048 0x0000000000000000
core   0: 0x00000000800001f8 (0x7ff00613) li      a2, 2047
3 0x00000000800001f8 (0x7ff00613) x12 0x00000000000007ff
core   0: 0x00000000800001fc (0x40465993) srai    s3, a2, 4
3 0x00000000800001fc (0x40465993) x19 0x000000000000007f
core   0: 0x0000000080000200 (0x0000c84e) c.swsp  s3, 16(sp)
3 0x0000000080000200 (0xc84e) mem 0x000000008000204c 0x0000000000000000
core   0: 0x0000000080000202 (0x00002097) auipc   ra, 0x2
3 0x0000000080000202 (0x00002097) x 1 0x0000000080002202
core   0: 0x0000000080000206 (0xe4e08093) addi    ra, ra, -434
3 0x0000000080000206 (0xe4e08093) x 1 0x0000000080002050
core   0: 0x000000008000020a (0x00004581) c.li    a1, 0
3 0x000000008000020a (0x4581) x11 0x0000000000000000
core   0: 0x000000008000020c (0x4085da13) srai    s4, a1, 8
3 0x000000008000020c (0x4085da13) x20 0x0000000000000000
core   0: 0x0000000080000210 (0x0140a023) sw      s4, 0(ra)
3 0x0000000080000210 (0x0140a023) mem 0x0000000080002050 0x0000000000000000
core   0: 0x0000000080000214 (0x00001537) lui     a0, 0x1
3 0x0000000080000214 (0x00001537) x10 0x0000000000001000
core   0: 0x0000000080000218 (0x8005051b) addiw   a0, a0, -2048
3 0x0000000080000218 (0x8005051b) x10 0x0000000000000800
core   0: 0x000000008000021c (0x41f55a93) srai    s5, a0, 31
3 0x000000008000021c (0x41f55a93) x21 0x0000000000000000
core   0: 0x0000000080000220 (0x0150a223) sw      s5, 4(ra)
3 0x0000000080000220 (0x0150a223) mem 0x0000000080002054 0x0000000000000000
core   0: 0x0000000080000224 (0x076544b7) lui     s1, 0x7654
3 0x0000000080000224 (0x076544b7) x 9 0x0000000007654000
core   0: 0x0000000080000228 (0x3214849b) addiw   s1, s1, 801
3 0x0000000080000228 (0x3214849b) x 9 0x0000000007654321
core   0: 0x000000008000022c (0x4104db13) srai    s6, s1, 16
3 0x000000008000022c (0x4104db13) x22 0x0000000000000765
core   0: 0x0000000080000230 (0x0160a423) sw      s6, 8(ra)
3 0x0000000080000230 (0x0160a423) mem 0x0000000080002058 0x0000000000000000
core   0: 0x0000000080000234 (0x80000437) lui     s0, 0x80000
3 0x0000000080000234 (0x80000437) x 8 0xffffffff80000000
core   0: 0x0000000080000238 (0xfff4041b) addiw   s0, s0, -1
3 0x0000000080000238 (0xfff4041b) x 8 0x000000007fffffff
core   0: 0x000000008000023c (0x40145b93) srai    s7, s0, 1
3 0x000000008000023c (0x40145b93) x23 0x000000003fffffff
core   0: 0x0000000080000240 (0x0170a623) sw      s7, 12(ra)
3 0x0000000080000240 (0x0170a623) mem 0x000000008000205c 0x0000000000000000
core   0: 0x0000000080000244 (0x00004385) c.li    t2, 1
3 0x0000000080000244 (0x4385) x 7 0x0000000000000001
core   0: 0x0000000080000246 (0x4003dc13) srai    s8, t2, 0
3 0x0000000080000246 (0x4003dc13) x24 0x0000000000000001
core   0: 0x000000008000024a (0x0180a823) sw      s8, 16(ra)
3 0x000000008000024a (0x0180a823) mem 0x0000000080002060 0x0000000000000000
core   0: 0x000000008000024e (0x00002097) auipc   ra, 0x2
3 0x000000008000024e (0x00002097) x 1 0x000000008000224e
core   0: 0x0000000080000252 (0xe1608093) addi    ra, ra, -490
3 0x0000000080000252 (0xe1608093) x 1 0x0000000080002064
core   0: 0x0000000080000256 (0x0010031b) addiw   t1, zero, 1
3 0x0000000080000256 (0x0010031b) x 6 0x0000000000000001
core   0: 0x000000008000025a (0x02031313) slli    t1, t1, 32
3 0x000000008000025a (0x02031313) x 6 0x0000000100000000
core   0: 0x000000008000025e (0xfff30313) addi    t1, t1, -1
3 0x000000008000025e (0xfff30313) x 6 0x00000000ffffffff
core   0: 0x0000000080000262 (0x40035c93) srai    s9, t1, 0
3 0x0000000080000262 (0x40035c93) x25 0x00000000ffffffff
core   0: 0x0000000080000266 (0x0190a023) sw      s9, 0(ra)
3 0x0000000080000266 (0x0190a023) mem 0x0000000080002064 0x0000000000000000
core   0: 0x000000008000026a (0x000012b7) lui     t0, 0x1
3 0x000000008000026a (0x000012b7) x 5 0x0000000000001000
core   0: 0x000000008000026e (0x2342829b) addiw   t0, t0, 564
3 0x000000008000026e (0x2342829b) x 5 0x0000000000001234
core   0: 0x0000000080000272 (0x4012dd13) srai    s10, t0, 1
3 0x0000000080000272 (0x4012dd13) x26 0x000000000000091a
core   0: 0x0000000080000276 (0x01a0a223) sw      s10, 4(ra)
3 0x0000000080000276 (0x01a0a223) mem 0x0000000080002068 0x0000000000000000
core   0: 0x000000008000027a (0x0010021b) addiw   tp, zero, 1
3 0x000000008000027a (0x0010021b) x 4 0x0000000000000001
core   0: 0x000000008000027e (0x01f21213) slli    tp, tp, 31
3 0x000000008000027e (0x01f21213) x 4 0x0000000080000000
core   0: 0x0000000080000282 (0x40425d93) srai    s11, tp, 4
3 0x0000000080000282 (0x40425d93) x27 0x0000000008000000
core   0: 0x0000000080000286 (0x01b0a423) sw      s11, 8(ra)
3 0x0000000080000286 (0x01b0a423) mem 0x000000008000206c 0x0000000000000000
core   0: 0x000000008000028a (0xfffff1b7) lui     gp, 0xfffff
3 0x000000008000028a (0xfffff1b7) x 3 0xfffffffffffff000
core   0: 0x000000008000028e (0xdcc1819b) addiw   gp, gp, -564
3 0x000000008000028e (0xdcc1819b) x 3 0xffffffffffffedcc
core   0: 0x0000000080000292 (0x4081de13) srai    t3, gp, 8
3 0x0000000080000292 (0x4081de13) x28 0xffffffffffffffed
core   0: 0x0000000080000296 (0x01c0a623) sw      t3, 12(ra)
3 0x0000000080000296 (0x01c0a623) mem 0x0000000080002070 0x0000000000000000
core   0: 0x000000008000029a (0x0000517d) c.li    sp, -1
3 0x000000008000029a (0x517d) x 2 0xffffffffffffffff
core   0: 0x000000008000029c (0x41f15e93) srai    t4, sp, 31
3 0x000000008000029c (0x41f15e93) x29 0xffffffffffffffff
core   0: 0x00000000800002a0 (0x01d0a823) sw      t4, 16(ra)
3 0x00000000800002a0 (0x01d0a823) mem 0x0000000080002074 0x00000000ffffffed
core   0: 0x00000000800002a4 (0x00002117) auipc   sp, 0x2
3 0x00000000800002a4 (0x00002117) x 2 0x00000000800022a4
core   0: 0x00000000800002a8 (0xdd410113) addi    sp, sp, -556
3 0x00000000800002a8 (0xdd410113) x 2 0x0000000080002078
core   0: 0x00000000800002ac (0x80100093) li      ra, -2047
3 0x00000000800002ac (0x80100093) x 1 0xfffffffffffff801
core   0: 0x00000000800002b0 (0x4100df13) srai    t5, ra, 16
3 0x00000000800002b0 (0x4100df13) x30 0xffffffffffffffff
core   0: 0x00000000800002b4 (0x0000c07a) c.swsp  t5, 0(sp)
3 0x00000000800002b4 (0xc07a) mem 0x0000000080002078 0x0000000000000000
core   0: 0x00000000800002b6 (0x00000013) nop
3 0x00000000800002b6 (0x00000013)
core   0: 0x00000000800002ba (0x40105f93) srai    t6, zero, 1
3 0x00000000800002ba (0x40105f93) x31 0x0000000000000000
core   0: 0x00000000800002be (0x0000c27e) c.swsp  t6, 4(sp)
3 0x00000000800002be (0xc27e) mem 0x000000008000207c 0x0000000000000000
core   0: 0x00000000800002c0 (0x0ff0000f) fence   iorw,iorw
3 0x00000000800002c0 (0x0ff0000f)
core   0: 0x00000000800002c4 (0x00004185) c.li    gp, 1
3 0x00000000800002c4 (0x4185) x 3 0x0000000000000001
core   0: 0x00000000800002c6 (0x00000073) ecall
3 0x00000000800002c6 (0x00000073)
