core   0: 0x0000000000010000 (0x00100413) li      s0, 1
3 0x0000000000010000 (0x00100413) x 8 0x0000000000000001
core   0: 0x0000000000010004 (0x01f41413) slli    s0, s0, 31
3 0x0000000000010004 (0x01f41413) x 8 0x0000000080000000
core   0: 0x0000000000010008 (0xf1402573) csrr    a0, mhartid
3 0x0000000000010008 (0xf1402573) x10 0x0000000000000000
core   0: 0x000000000001000c (0x00000597) auipc   a1, 0x0
3 0x000000000001000c (0x00000597) x11 0x000000000001000c
core   0: 0x0000000000010010 (0x07458593) addi    a1, a1, 116
3 0x0000000000010010 (0x07458593) x11 0x0000000000010080
core   0: 0x0000000000010014 (0x00040067) jr      s0
3 0x0000000000010014 (0x00040067)
core   0: 0x0000000080000000 (0x0000a081) c.j     pc + 64
3 0x0000000080000000 (0xa081)
core   0: 0x0000000080000040 (0xf1402573) csrr    a0, mhartid
3 0x0000000080000040 (0xf1402573) x10 0x0000000000000000
core   0: 0x0000000080000044 (0x0000e101) c.bnez  a0, pc + 0
3 0x0000000080000044 (0xe101)
core   0: 0x0000000080000046 (0x00000297) auipc   t0, 0x0
3 0x0000000080000046 (0x00000297) x 5 0x0000000080000046
core   0: 0x000000008000004a (0x01228293) addi    t0, t0, 18
3 0x000000008000004a (0x01228293) x 5 0x0000000080000058
core   0: 0x000000008000004e (0x30529073) csrw    mtvec, t0
3 0x000000008000004e (0x30529073)
core   0: 0x0000000080000052 (0x18005073) csrwi   satp, 0
3 0x0000000080000052 (0x18005073)
core   0: 0x0000000080000056 (0x00000001) c.nop
3 0x0000000080000056 (0x0001)
core   0: 0x0000000080000058 (0x00000297) auipc   t0, 0x0
3 0x0000000080000058 (0x00000297) x 5 0x0000000080000058
core   0: 0x000000008000005c (0x01828293) addi    t0, t0, 24
3 0x000000008000005c (0x01828293) x 5 0x0000000080000070
core   0: 0x0000000080000060 (0x30529073) csrw    mtvec, t0
3 0x0000000080000060 (0x30529073)
core   0: 0x0000000080000064 (0x000052fd) c.li    t0, -1
3 0x0000000080000064 (0x52fd) x 5 0xffffffffffffffff
core   0: 0x0000000080000066 (0x3b029073) csrw    pmpaddr0, t0
3 0x0000000080000066 (0x3b029073)
core   0: 0x000000008000006a (0x000042fd) c.li    t0, 31
3 0x000000008000006a (0x42fd) x 5 0x000000000000001f
core   0: 0x000000008000006c (0x3a029073) csrw    pmpcfg0, t0
3 0x000000008000006c (0x3a029073)
core   0: 0x0000000080000070 (0x00000297) auipc   t0, 0x0
3 0x0000000080000070 (0x00000297) x 5 0x0000000080000070
core   0: 0x0000000080000074 (0x01828293) addi    t0, t0, 24
3 0x0000000080000074 (0x01828293) x 5 0x0000000080000088
core   0: 0x0000000080000078 (0x30529073) csrw    mtvec, t0
3 0x0000000080000078 (0x30529073)
core   0: 0x000000008000007c (0x30205073) csrwi   medeleg, 0
3 0x000000008000007c (0x30205073)
core   0: 0x0000000080000080 (0x30305073) csrwi   mideleg, 0
3 0x0000000080000080 (0x30305073)
core   0: 0x0000000080000084 (0x30405073) csrwi   mie, 0
3 0x0000000080000084 (0x30405073)
core   0: 0x0000000080000088 (0x00004181) c.li    gp, 0
3 0x0000000080000088 (0x4181) x 3 0x0000000000000000
core   0: 0x000000008000008a (0x00000297) auipc   t0, 0x0
3 0x000000008000008a (0x00000297) x 5 0x000000008000008a
core   0: 0x000000008000008e (0xf7a28293) addi    t0, t0, -134
3 0x000000008000008e (0xf7a28293) x 5 0x0000000080000004
core   0: 0x0000000080000092 (0x30529073) csrw    mtvec, t0
3 0x0000000080000092 (0x30529073)
core   0: 0x0000000080000096 (0x00004505) c.li    a0, 1
3 0x0000000080000096 (0x4505) x10 0x0000000000000001
core   0: 0x0000000080000098 (0x0000057e) c.slli  a0, 31
3 0x0000000080000098 (0x057e) x10 0x0000000080000000
core   0: 0x000000008000009a (0x00055763) bgez    a0, pc + 14
3 0x000000008000009a (0x00055763)
core   0: 0x00000000800000a8 (0x80000297) auipc   t0, 0x80000
3 0x00000000800000a8 (0x80000297) x 5 0x00000000000000a8
core   0: 0x00000000800000ac (0xf5828293) addi    t0, t0, -168
3 0x00000000800000ac (0xf5828293) x 5 0x0000000000000000
core   0: 0x00000000800000b0 (0x00028e63) beqz    t0, pc + 28
3 0x00000000800000b0 (0x00028e63)
core   0: 0x00000000800000cc (0x30005073) csrwi   mstatus, 0
3 0x00000000800000cc (0x30005073)
core   0: 0x00000000800000d0 (0x00002537) lui     a0, 0x2
3 0x00000000800000d0 (0x00002537) x10 0x0000000000002000
core   0: 0x00000000800000d4 (0x8005051b) addiw   a0, a0, -2048
3 0x00000000800000d4 (0x8005051b) x10 0x0000000000001800
core   0: 0x00000000800000d8 (0x30052073) csrs    mstatus, a0
3 0x00000000800000d8 (0x30052073)
core   0: 0x00000000800000dc (0x00000297) auipc   t0, 0x0
3 0x00000000800000dc (0x00000297) x 5 0x00000000800000dc
core   0: 0x00000000800000e0 (0x01428293) addi    t0, t0, 20
3 0x00000000800000e0 (0x01428293) x 5 0x00000000800000f0
core   0: 0x00000000800000e4 (0x34129073) csrw    mepc, t0
3 0x00000000800000e4 (0x34129073)
core   0: 0x00000000800000e8 (0xf1402573) csrr    a0, mhartid
3 0x00000000800000e8 (0xf1402573) x10 0x0000000000000000
core   0: 0x00000000800000ec (0x30200073) mret
3 0x00000000800000ec (0x30200073)
core   0: 0x00000000800000f0 (0x00002297) auipc   t0, 0x2
3 0x00000000800000f0 (0x00002297) x 5 0x00000000800020f0
core   0: 0x00000000800000f4 (0xf1028293) addi    t0, t0, -240
3 0x00000000800000f4 (0xf1028293) x 5 0x0000000080002000
core   0: 0x00000000800000f8 (0x0002a023) sw      zero, 0(t0)
3 0x00000000800000f8 (0x0002a023) mem 0x0000000080002000 0x0000000000000000
core   0: 0x00000000800000fc (0x0000587d) c.li    a6, -1
3 0x00000000800000fc (0x587d) x16 0xffffffffffffffff
core   0: 0x00000000800000fe (0x00028f93) mv      t6, t0
3 0x00000000800000fe (0x00028f93) x31 0x0000000080002000
core   0: 0x0000000080000102 (0x7d0f8f93) addi    t6, t6, 2000
3 0x0000000080000102 (0x7d0f8f93) x31 0x00000000800027d0
core   0: 0x0000000080000106 (0x830fa823) sw      a6, -2000(t6)
3 0x0000000080000106 (0x830fa823) mem 0x0000000080002000 0x0000000000000000
core   0: 0x000000008000010a (0x0002a383) lw      t2, 0(t0)
3 0x000000008000010a (0x0002a383) x 7 0xffffffffffffffff mem 0x0000000080002000
core   0: 0x000000008000010e (0x0002a223) sw      zero, 4(t0)
3 0x000000008000010e (0x0002a223) mem 0x0000000080002004 0xffffffffffffffff
core   0: 0x0000000080000112 (0x00004785) c.li    a5, 1
3 0x0000000080000112 (0x4785) x15 0x0000000000000001
core   0: 0x0000000080000114 (0x00428f13) addi    t5, t0, 4
3 0x0000000080000114 (0x00428f13) x30 0x0000000080002004
core   0: 0x0000000080000118 (0x000f0f13) mv      t5, t5
3 0x0000000080000118 (0x000f0f13) x30 0x0000000080002004
core   0: 0x000000008000011c (0x00ff2023) sw      a5, 0(t5)
3 0x000000008000011c (0x00ff2023) mem 0x0000000080002004 0x0000000000000000
core   0: 0x0000000080000120 (0x0042a383) lw      t2, 4(t0)
3 0x0000000080000120 (0x0042a383) x 7 0x0000000000000001 mem 0x0000000080002004
core   0: 0x0000000080000124 (0x0002a423) sw      zero, 8(t0)
3 0x0000000080000124 (0x0002a423) mem 0x0000000080002008 0xffffffffffffffff
core   0: 0x0000000080000128 (0x00004701) c.li    a4, 0
3 0x0000000080000128 (0x4701) x14 0x0000000000000000
core   0: 0x000000008000012a (0x00828e93) addi    t4, t0, 8
3 0x000000008000012a (0x00828e93) x29 0x0000000080002008
core   0: 0x000000008000012e (0x00000e85) c.addi  t4, 1
3 0x000000008000012e (0x0e85) x29 0x0000000080002009
core   0: 0x0000000080000130 (0xfeeeafa3) sw      a4, -1(t4)
3 0x0000000080000130 (0xfeeeafa3) mem 0x0000000080002008 0x0000000000000000
core   0: 0x0000000080000134 (0x0082a383) lw      t2, 8(t0)
3 0x0000000080000134 (0x0082a383) x 7 0x0000000000000000 mem 0x0000000080002008
core   0: 0x0000000080000138 (0x0002a623) sw      zero, 12(t0)
3 0x0000000080000138 (0x0002a623) mem 0x000000008000200c 0xffffffffffffffff
core   0: 0x000000008000013c (0x7ff00693) li      a3, 2047
3 0x000000008000013c (0x7ff00693) x13 0x00000000000007ff
core   0: 0x0000000080000140 (0x00c28e13) addi    t3, t0, 12
3 0x0000000080000140 (0x00c28e13) x28 0x000000008000200c
core   0: 0x0000000080000144 (0x7d0e0e13) addi    t3, t3, 2000
3 0x0000000080000144 (0x7d0e0e13) x28 0x00000000800027dc
core   0: 0x0000000080000148 (0x82de2823) sw      a3, -2000(t3)
3 0x0000000080000148 (0x82de2823) mem 0x000000008000200c 0x0000000000000000
core   0: 0x000000008000014c (0x00c2a383) lw      t2, 12(t0)
3 0x000000008000014c (0x00c2a383) x 7 0x00000000000007ff mem 0x000000008000200c
core   0: 0x0000000080000150 (0x0002a823) sw      zero, 16(t0)
3 0x0000000080000150 (0x0002a823) mem 0x0000000080002010 0x0000000000000000
core   0: 0x0000000080000154 (0x00004601) c.li    a2, 0
3 0x0000000080000154 (0x4601) x12 0x0000000000000000
core   0: 0x0000000080000156 (0x01028d93) addi    s11, t0, 16
3 0x0000000080000156 (0x01028d93) x27 0x0000000080002010
core   0: 0x000000008000015a (0x830d8d93) addi    s11, s11, -2000
3 0x000000008000015a (0x830d8d93) x27 0x0000000080001840
core   0: 0x000000008000015e (0x7ccda823) sw      a2, 2000(s11)
3 0x000000008000015e (0x7ccda823) mem 0x0000000080002010 0x0000000000000000
core   0: 0x0000000080000162 (0x0102a383) lw      t2, 16(t0)
3 0x0000000080000162 (0x0102a383) x 7 0x0000000000000000 mem 0x0000000080002010
core   0: 0x0000000080000166 (0x00002097) auipc   ra, 0x2
3 0x0000000080000166 (0x00002097) x 1 0x0000000080002166
core   0: 0x000000008000016a (0xeae08093) addi    ra, ra, -338
3 0x000000008000016a (0xeae08093) x 1 0x0000000080002014
core   0: 0x000000008000016e (0x0000a023) sw      zero, 0(ra)
3 0x000000008000016e (0x0000a023) mem 0x0000000080002014 0x0000000000000000
core   0: 0x0000000080000172 (0x000015b7) lui     a1, 0x1
3 0x0000000080000172 (0x000015b7) x11 0x0000000000001000
core   0: 0x0000000080000176 (0x8005859b) addiw   a1, a1, -2048
3 0x0000000080000176 (0x8005859b) x11 0x0000000000000800
core   0: 0x000000008000017a (0x00008d13) mv      s10, ra
3 0x000000008000017a (0x00008d13) x26 0x0000000080002014
core   0: 0x000000008000017e (0x830d0d13) addi    s10, s10, -2000
3 0x000000008000017e (0x830d0d13) x26 0x0000000080001844
core   0: 0x0000000080000182 (0x7cbd2823) sw      a1, 2000(s10)
3 0x0000000080000182 (0x7cbd2823) mem 0x0000000080002014 0x0000000000000000
core   0: 0x0000000080000186 (0x0000a183) lw      gp, 0(ra)
3 0x0000000080000186 (0x0000a183) x 3 0x0000000000000800 mem 0x0000000080002014
core   0: 0x000000008000018a (0x0000a223) sw      zero, 4(ra)
3 0x000000008000018a (0x0000a223) mem 0x0000000080002018 0x0000000000000000
core   0: 0x000000008000018e (0x07654537) lui     a0, 0x7654
3 0x000000008000018e (0x07654537) x10 0x0000000007654000
core   0: 0x0000000080000192 (0x3215051b) addiw   a0, a0, 801
3 0x0000000080000192 (0x3215051b) x10 0x0000000007654321
core   0: 0x0000000080000196 (0x00408c93) addi    s9, ra, 4
3 0x0000000080000196 (0x00408c93) x25 0x0000000080002018
core   0: 0x000000008000019a (0x830c8c93) addi    s9, s9, -2000
3 0x000000008000019a (0x830c8c93) x25 0x0000000080001848
core   0: 0x000000008000019e (0x7caca823) sw      a0, 2000(s9)
3 0x000000008000019e (0x7caca823) mem 0x0000000080002018 0x00000000000007ff
core   0: 0x00000000800001a2 (0x0040a183) lw      gp, 4(ra)
3 0x00000000800001a2 (0x0040a183) x 3 0x0000000007654321 mem 0x0000000080002018
core   0: 0x00000000800001a6 (0x0000a423) sw      zero, 8(ra)
3 0x00000000800001a6 (0x0000a423) mem 0x000000008000201c 0x00000000000007ff
core   0: 0x00000000800001aa (0x800004b7) lui     s1, 0x80000
3 0x00000000800001aa (0x800004b7) x 9 0xffffffff80000000
core   0: 0x00000000800001ae (0xfff4849b) addiw   s1, s1, -1
3 0x00000000800001ae (0xfff4849b) x 9 0x000000007fffffff
core   0: 0x00000000800001b2 (0x00808c13) addi    s8, ra, 8
3 0x00000000800001b2 (0x00808c13) x24 0x000000008000201c
core   0: 0x00000000800001b6 (0x00001c7d) c.addi  s8, -1
3 0x00000000800001b6 (0x1c7d) x24 0x000000008000201b
core   0: 0x00000000800001b8 (0x009c20a3) sw      s1, 1(s8)
3 0x00000000800001b8 (0x009c20a3) mem 0x000000008000201c 0x0000000007654321
core   0: 0x00000000800001bc (0x0080a183) lw      gp, 8(ra)
3 0x00000000800001bc (0x0080a183) x 3 0x000000007fffffff mem 0x000000008000201c
core   0: 0x00000000800001c0 (0x0000a623) sw      zero, 12(ra)
3 0x00000000800001c0 (0x0000a623) mem 0x0000000080002020 0x000000007fffffff
core   0: 0x00000000800001c4 (0x00004405) c.li    s0, 1
3 0x00000000800001c4 (0x4405) x 8 0x0000000000000001
core   0: 0x00000000800001c6 (0x00c08b93) addi    s7, ra, 12
3 0x00000000800001c6 (0x00c08b93) x23 0x0000000080002020
core   0: 0x00000000800001ca (0x830b8b93) addi    s7, s7, -2000
3 0x00000000800001ca (0x830b8b93) x23 0x0000000080001850
core   0: 0x00000000800001ce (0x7c8ba823) sw      s0, 2000(s7)
3 0x00000000800001ce (0x7c8ba823) mem 0x0000000080002020 0x0000000000000000
core   0: 0x00000000800001d2 (0x00c0a183) lw      gp, 12(ra)
3 0x00000000800001d2 (0x00c0a183) x 3 0x0000000000000001 mem 0x0000000080002020
core   0: 0x00000000800001d6 (0x0000a823) sw      zero, 16(ra)
3 0x00000000800001d6 (0x0000a823) mem 0x0000000080002024 0x0000000000000000
core   0: 0x00000000800001da (0x0010039b) addiw   t2, zero, 1
3 0x00000000800001da (0x0010039b) x 7 0x0000000000000001
core   0: 0x00000000800001de (0x02039393) slli    t2, t2, 32
3 0x00000000800001de (0x02039393) x 7 0x0000000100000000
core   0: 0x00000000800001e2 (0xfff38393) addi    t2, t2, -1
3 0x00000000800001e2 (0xfff38393) x 7 0x00000000ffffffff
core   0: 0x00000000800001e6 (0x01008b13) addi    s6, ra, 16
3 0x00000000800001e6 (0x01008b13) x22 0x0000000080002024
core   0: 0x00000000800001ea (0x830b0b13) addi    s6, s6, -2000
3 0x00000000800001ea (0x830b0b13) x22 0x0000000080001854
core   0: 0x00000000800001ee (0x7c7b2823) sw      t2, 2000(s6)
3 0x00000000800001ee (0x7c7b2823) mem 0x0000000080002024 0x0000000000000000
core   0: 0x00000000800001f2 (0x0100a183) lw      gp, 16(ra)
3 0x00000000800001f2 (0x0100a183) x 3 0xffffffffffffffff mem 0x0000000080002024
core   0: 0x00000000800001f6 (0x00002097) auipc   ra, 0x2
3 0x00000000800001f6 (0x00002097) x 1 0x00000000800021f6
core   0: 0x00000000800001fa (0xe3208093) addi    ra, ra, -462
3 0x00000000800001fa (0xe3208093) x 1 0x0000000080002028
core   0: 0x00000000800001fe (0x0000a023) sw      zero, 0(ra)
3 0x00000000800001fe (0x0000a023) mem 0x0000000080002028 0x0000000000000000
core   0: 0x0000000080000202 (0x00001337) lui     t1, 0x1
3 0x0000000080000202 (0x00001337) x 6 0x0000000000001000
core   0: 0x0000000080000206 (0x2343031b) addiw   t1, t1, 564
3 0x0000000080000206 (0x2343031b) x 6 0x0000000000001234
core   0: 0x000000008000020a (0x00008a93) mv      s5, ra
3 0x000000008000020a (0x00008a93) x21 0x0000000080002028
core   0: 0x000000008000020e (0x830a8a93) addi    s5, s5, -2000
3 0x000000008000020e (0x830a8a93) x21 0x0000000080001858
core   0: 0x0000000080000212 (0x7c6aa823) sw      t1, 2000(s5)
3 0x0000000080000212 (0x7c6aa823) mem 0x0000000080002028 0x000000007fffffff
core   0: 0x0000000080000216 (0x0000a403) lw      s0, 0(ra)
3 0x0000000080000216 (0x0000a403) x 8 0x0000000000001234 mem 0x0000000080002028
core   0: 0x000000008000021a (0x0000a223) sw      zero, 4(ra)
3 0x000000008000021a (0x0000a223) mem 0x000000008000202c 0x000000007fffffff
core   0: 0x000000008000021e (0x0010029b) addiw   t0, zero, 1
3 0x000000008000021e (0x0010029b) x 5 0x0000000000000001
core   0: 0x0000000080000222 (0x01f29293) slli    t0, t0, 31
3 0x0000000080000222 (0x01f29293) x 5 0x0000000080000000
core   0: 0x0000000080000226 (0x00408a13) addi    s4, ra, 4
3 0x0000000080000226 (0x00408a13) x20 0x000000008000202c
core   0: 0x000000008000022a (0x000a0a13) mv      s4, s4
3 0x000000008000022a (0x000a0a13) x20 0x000000008000202c
core   0: 0x000000008000022e (0x005a2023) sw      t0, 0(s4)
3 0x000000008000022e (0x005a2023) mem 0x000000008000202c 0x0000000000000000
core   0: 0x0000000080000232 (0x0040a403) lw      s0, 4(ra)
3 0x0000000080000232 (0x0040a403) x 8 0xffffffff80000000 mem 0x000000008000202c
core   0: 0x0000000080000236 (0x0000a423) sw      zero, 8(ra)
3 0x0000000080000236 (0x0000a423) mem 0x0000000080002030 0x0000000000001234
core   0: 0x000000008000023a (0xfffff237) lui     tp, 0xfffff
3 0x000000008000023a (0xfffff237) x 4 0xfffffffffffff000
core   0: 0x000000008000023e (0xdcc2021b) addiw   tp, tp, -564
3 0x000000008000023e (0xdcc2021b) x 4 0xffffffffffffedcc
core   0: 0x0000000080000242 (0x00808993) addi    s3, ra, 8
3 0x0000000080000242 (0x00808993) x19 0x0000000080002030
core   0: 0x0000000080000246 (0x83098993) addi    s3, s3, -2000
3 0x0000000080000246 (0x83098993) x19 0x0000000080001860
core   0: 0x000000008000024a (0x7c49a823) sw      tp, 2000(s3)
3 0x000000008000024a (0x7c49a823) mem 0x0000000080002030 0x0000000000000000
core   0: 0x000000008000024e (0x0080a403) lw      s0, 8(ra)
3 0x000000008000024e (0x0080a403) x 8 0xffffffffffffedcc mem 0x0000000080002030
core   0: 0x0000000080000252 (0x0000a623) sw      zero, 12(ra)
3 0x0000000080000252 (0x0000a623) mem 0x0000000080002034 0xffffffffffffedcc
core   0: 0x0000000080000256 (0x000051fd) c.li    gp, -1
3 0x0000000080000256 (0x51fd) x 3 0xffffffffffffffff
core   0: 0x0000000080000258 (0x00c08913) addi    s2, ra, 12
3 0x0000000080000258 (0x00c08913) x18 0x0000000080002034
core   0: 0x000000008000025c (0x00000905) c.addi  s2, 1
3 0x000000008000025c (0x0905) x18 0x0000000080002035
core   0: 0x000000008000025e (0xfe392fa3) sw      gp, -1(s2)
3 0x000000008000025e (0xfe392fa3) mem 0x0000000080002034 0x0000000000000000
core   0: 0x0000000080000262 (0x00c0a403) lw      s0, 12(ra)
3 0x0000000080000262 (0x00c0a403) x 8 0xffffffffffffffff mem 0x0000000080002034
core   0: 0x0000000080000266 (0x0000a823) sw      zero, 16(ra)
3 0x0000000080000266 (0x0000a823) mem 0x0000000080002038 0xffffffffffffedcc
core   0: 0x000000008000026a (0x80100113) li      sp, -2047
3 0x000000008000026a (0x80100113) x 2 0xfffffffffffff801
core   0: 0x000000008000026e (0x01008893) addi    a7, ra, 16
3 0x000000008000026e (0x01008893) x17 0x0000000080002038
core   0: 0x0000000080000272 (0x00088893) mv      a7, a7
3 0x0000000080000272 (0x00088893) x17 0x0000000080002038
core   0: 0x0000000080000276 (0x0028a023) sw      sp, 0(a7)
3 0x0000000080000276 (0x0028a023) mem 0x0000000080002038 0x0000000000000000
core   0: 0x000000008000027a (0x0100a403) lw      s0, 16(ra)
3 0x000000008000027a (0x0100a403) x 8 0xfffffffffffff801 mem 0x0000000080002038
core   0: 0x000000008000027e (0x00002117) auipc   sp, 0x2
3 0x000000008000027e (0x00002117) x 2 0x000000008000227e
core   0: 0x0000000080000282 (0xdbe10113) addi    sp, sp, -578
3 0x0000000080000282 (0xdbe10113) x 2 0x000000008000203c
core   0: 0x0000000080000286 (0x0000c002) c.swsp  zero, 0(sp)
3 0x0000000080000286 (0xc002) mem 0x000000008000203c 0x0000000000000000
core   0: 0x0000000080000288 (0x000050f9) c.li    ra, -2
3 0x0000000080000288 (0x50f9) x 1 0xfffffffffffffffe
core   0: 0x000000008000028a (0x00010813) mv      a6, sp
3 0x000000008000028a (0x00010813) x16 0x000000008000203c
core   0: 0x000000008000028e (0x0000187d) c.addi  a6, -1
3 0x000000008000028e (0x187d) x16 0x000000008000203b
core   0: 0x0000000080000290 (0x001820a3) sw      ra, 1(a6)
3 0x0000000080000290 (0x001820a3) mem 0x000000008000203c 0x0000000000000000
core   0: 0x0000000080000294 (0x00004202) c.lwsp  tp, 0(sp)
3 0x0000000080000294 (0x4202) x 4 0xfffffffffffffffe mem 0x000000008000203c
core   0: 0x0000000080000296 (0x0000c202) c.swsp  zero, 4(sp)
3 0x0000000080000296 (0xc202) mem 0x0000000080002040 0xfffffffffffff801
core   0: 0x0000000080000298 (0xfff00013) li      zero, -1
3 0x0000000080000298 (0xfff00013)
core   0: 0x000000008000029c (0x0000005c) c.addi4spn a5, sp, 4
3 0x000000008000029c (0x005c) x15 0x0000000080002040
core   0: 0x000000008000029e (0x7d078793) addi    a5, a5, 2000
3 0x000000008000029e (0x7d078793) x15 0x0000000080002810
core   0: 0x00000000800002a2 (0x8207a823) sw      zero, -2000(a5)
3 0x00000000800002a2 (0x8207a823) mem 0x0000000080002040 0x0000000000000000
core   0: 0x00000000800002a6 (0x00004212) c.lwsp  tp, 4(sp)
3 0x00000000800002a6 (0x4212) x 4 0x0000000000000000 mem 0x0000000080002040
core   0: 0x00000000800002a8 (0x0000c402) c.swsp  zero, 8(sp)
3 0x00000000800002a8 (0xc402) mem 0x0000000080002044 0x0000000000000000
core   0: 0x00000000800002aa (0x00004f85) c.li    t6, 1
3 0x00000000800002aa (0x4f85) x31 0x0000000000000001
core   0: 0x00000000800002ac (0x00000038) c.addi4spn a4, sp, 8
3 0x00000000800002ac (0x0038) x14 0x0000000080002044
core   0: 0x00000000800002ae (0x00070713) mv      a4, a4
3 0x00000000800002ae (0x00070713) x14 0x0000000080002044
core   0: 0x00000000800002b2 (0x01f72023) sw      t6, 0(a4)
3 0x00000000800002b2 (0x01f72023) mem 0x0000000080002044 0x0000000000000000
core   0: 0x00000000800002b6 (0x00004222) c.lwsp  tp, 8(sp)
3 0x00000000800002b6 (0x4222) x 4 0x0000000000000001 mem 0x0000000080002044
core   0: 0x00000000800002b8 (0x0000c602) c.swsp  zero, 12(sp)
3 0x00000000800002b8 (0xc602) mem 0x0000000080002048 0x0000000000000000
core   0: 0x00000000800002ba (0x00004f01) c.li    t5, 0
3 0x00000000800002ba (0x4f01) x30 0x0000000000000000
core   0: 0x00000000800002bc (0x00000074) c.addi4spn a3, sp, 12
3 0x00000000800002bc (0x0074) x13 0x0000000080002048
core   0: 0x00000000800002be (0x00000685) c.addi  a3, 1
3 0x00000000800002be (0x0685) x13 0x0000000080002049
core   0: 0x00000000800002c0 (0xffe6afa3) sw      t5, -1(a3)
3 0x00000000800002c0 (0xffe6afa3) mem 0x0000000080002048 0x0000000000000000
core   0: 0x00000000800002c4 (0x00004232) c.lwsp  tp, 12(sp)
3 0x00000000800002c4 (0x4232) x 4 0x0000000000000000 mem 0x0000000080002048
core   0: 0x00000000800002c6 (0x0000c802) c.swsp  zero, 16(sp)
3 0x00000000800002c6 (0xc802) mem 0x000000008000204c 0xfffffffffffffffe
core   0: 0x00000000800002c8 (0x7ff00e93) li      t4, 2047
3 0x00000000800002c8 (0x7ff00e93) x29 0x00000000000007ff
core   0: 0x00000000800002cc (0x00000810) c.addi4spn a2, sp, 16
3 0x00000000800002cc (0x0810) x12 0x000000008000204c
core   0: 0x00000000800002ce (0x7d060613) addi    a2, a2, 2000
3 0x00000000800002ce (0x7d060613) x12 0x000000008000281c
core   0: 0x00000000800002d2 (0x83d62823) sw      t4, -2000(a2)
3 0x00000000800002d2 (0x83d62823) mem 0x000000008000204c 0x0000000000000000
core   0: 0x00000000800002d6 (0x00004242) c.lwsp  tp, 16(sp)
3 0x00000000800002d6 (0x4242) x 4 0x00000000000007ff mem 0x000000008000204c
core   0: 0x00000000800002d8 (0x00002097) auipc   ra, 0x2
3 0x00000000800002d8 (0x00002097) x 1 0x00000000800022d8
core   0: 0x00000000800002dc (0xd7808093) addi    ra, ra, -648
3 0x00000000800002dc (0xd7808093) x 1 0x0000000080002050
core   0: 0x00000000800002e0 (0x0000a023) sw      zero, 0(ra)
3 0x00000000800002e0 (0x0000a023) mem 0x0000000080002050 0x0000000000000000
core   0: 0x00000000800002e4 (0x00004e01) c.li    t3, 0
3 0x00000000800002e4 (0x4e01) x28 0x0000000000000000
core   0: 0x00000000800002e6 (0x00008593) mv      a1, ra
3 0x00000000800002e6 (0x00008593) x11 0x0000000080002050
core   0: 0x00000000800002ea (0x83058593) addi    a1, a1, -2000
3 0x00000000800002ea (0x83058593) x11 0x0000000080001880
core   0: 0x00000000800002ee (0x7dc5a823) sw      t3, 2000(a1)
3 0x00000000800002ee (0x7dc5a823) mem 0x0000000080002050 0x0000000000000000
core   0: 0x00000000800002f2 (0x0000a183) lw      gp, 0(ra)
3 0x00000000800002f2 (0x0000a183) x 3 0x0000000000000000 mem 0x0000000080002050
core   0: 0x00000000800002f6 (0x0000a223) sw      zero, 4(ra)
3 0x00000000800002f6 (0x0000a223) mem 0x0000000080002054 0x0000000000000000
core   0: 0x00000000800002fa (0x00001db7) lui     s11, 0x1
3 0x00000000800002fa (0x00001db7) x27 0x0000000000001000
core   0: 0x00000000800002fe (0x800d8d9b) addiw   s11, s11, -2048
3 0x00000000800002fe (0x800d8d9b) x27 0x0000000000000800
core   0: 0x0000000080000302 (0x00408513) addi    a0, ra, 4
3 0x0000000080000302 (0x00408513) x10 0x0000000080002054
core   0: 0x0000000080000306 (0x83050513) addi    a0, a0, -2000
3 0x0000000080000306 (0x83050513) x10 0x0000000080001884
core   0: 0x000000008000030a (0x7db52823) sw      s11, 2000(a0)
3 0x000000008000030a (0x7db52823) mem 0x0000000080002054 0x0000000000000000
core   0: 0x000000008000030e (0x0040a183) lw      gp, 4(ra)
3 0x000000008000030e (0x0040a183) x 3 0x0000000000000800 mem 0x0000000080002054
core   0: 0x0000000080000312 (0x0000a423) sw      zero, 8(ra)
3 0x0000000080000312 (0x0000a423) mem 0x0000000080002058 0x0000000000000000
core   0: 0x0000000080000316 (0x07654d37) lui     s10, 0x7654
3 0x0000000080000316 (0x07654d37) x26 0x0000000007654000
core   0: 0x000000008000031a (0x321d0d1b) addiw   s10, s10, 801
3 0x000000008000031a (0x321d0d1b) x26 0x0000000007654321
core   0: 0x000000008000031e (0x00808493) addi    s1, ra, 8
3 0x000000008000031e (0x00808493) x 9 0x0000000080002058
core   0: 0x0000000080000322 (0x83048493) addi    s1, s1, -2000
3 0x0000000080000322 (0x83048493) x 9 0x0000000080001888
core   0: 0x0000000080000326 (0x7da4a823) sw      s10, 2000(s1)
3 0x0000000080000326 (0x7da4a823) mem 0x0000000080002058 0x00000000000007ff
core   0: 0x000000008000032a (0x0080a183) lw      gp, 8(ra)
3 0x000000008000032a (0x0080a183) x 3 0x0000000007654321 mem 0x0000000080002058
core   0: 0x000000008000032e (0x0000a623) sw      zero, 12(ra)
3 0x000000008000032e (0x0000a623) mem 0x000000008000205c 0x00000000000007ff
core   0: 0x0000000080000332 (0x80000cb7) lui     s9, 0x80000
3 0x0000000080000332 (0x80000cb7) x25 0xffffffff80000000
core   0: 0x0000000080000336 (0xfffc8c9b) addiw   s9, s9, -1
3 0x0000000080000336 (0xfffc8c9b) x25 0x000000007fffffff
core   0: 0x000000008000033a (0x00c08413) addi    s0, ra, 12
3 0x000000008000033a (0x00c08413) x 8 0x000000008000205c
core   0: 0x000000008000033e (0x0000147d) c.addi  s0, -1
3 0x000000008000033e (0x147d) x 8 0x000000008000205b
core   0: 0x0000000080000340 (0x019420a3) sw      s9, 1(s0)
3 0x0000000080000340 (0x019420a3) mem 0x000000008000205c 0x0000000007654321
core   0: 0x0000000080000344 (0x00c0a183) lw      gp, 12(ra)
3 0x0000000080000344 (0x00c0a183) x 3 0x000000007fffffff mem 0x000000008000205c
core   0: 0x0000000080000348 (0x0000a823) sw      zero, 16(ra)
3 0x0000000080000348 (0x0000a823) mem 0x0000000080002060 0x0000000007654321
core   0: 0x000000008000034c (0x00004c05) c.li    s8, 1
3 0x000000008000034c (0x4c05) x24 0x0000000000000001
core   0: 0x000000008000034e (0x01008393) addi    t2, ra, 16
3 0x000000008000034e (0x01008393) x 7 0x0000000080002060
core   0: 0x0000000080000352 (0x83038393) addi    t2, t2, -2000
3 0x0000000080000352 (0x83038393) x 7 0x0000000080001890
core   0: 0x0000000080000356 (0x7d83a823) sw      s8, 2000(t2)
3 0x0000000080000356 (0x7d83a823) mem 0x0000000080002060 0x0000000000000000
core   0: 0x000000008000035a (0x0100a183) lw      gp, 16(ra)
3 0x000000008000035a (0x0100a183) x 3 0x0000000000000001 mem 0x0000000080002060
core   0: 0x000000008000035e (0x00002097) auipc   ra, 0x2
3 0x000000008000035e (0x00002097) x 1 0x000000008000235e
core   0: 0x0000000080000362 (0xd0608093) addi    ra, ra, -762
3 0x0000000080000362 (0xd0608093) x 1 0x0000000080002064
core   0: 0x0000000080000366 (0x0000a023) sw      zero, 0(ra)
3 0x0000000080000366 (0x0000a023) mem 0x0000000080002064 0x0000000000000001
core   0: 0x000000008000036a (0x00100b9b) addiw   s7, zero, 1
3 0x000000008000036a (0x00100b9b) x23 0x0000000000000001
core   0: 0x000000008000036e (0x020b9b93) slli    s7, s7, 32
3 0x000000008000036e (0x020b9b93) x23 0x0000000100000000
core   0: 0x0000000080000372 (0xfffb8b93) addi    s7, s7, -1
3 0x0000000080000372 (0xfffb8b93) x23 0x00000000ffffffff
core   0: 0x0000000080000376 (0x00008313) mv      t1, ra
3 0x0000000080000376 (0x00008313) x 6 0x0000000080002064
core   0: 0x000000008000037a (0x83030313) addi    t1, t1, -2000
3 0x000000008000037a (0x83030313) x 6 0x0000000080001894
core   0: 0x000000008000037e (0x7d732823) sw      s7, 2000(t1)
3 0x000000008000037e (0x7d732823) mem 0x0000000080002064 0x0000000000000000
core   0: 0x0000000080000382 (0x0000a403) lw      s0, 0(ra)
3 0x0000000080000382 (0x0000a403) x 8 0xffffffffffffffff mem 0x0000000080002064
core   0: 0x0000000080000386 (0x0000a223) sw      zero, 4(ra)
3 0x0000000080000386 (0x0000a223) mem 0x0000000080002068 0x0000000000000001
core   0: 0x000000008000038a (0x00001b37) lui     s6, 0x1
3 0x000000008000038a (0x00001b37) x22 0x0000000000001000
core   0: 0x000000008000038e (0x234b0b1b) addiw   s6, s6, 564
3 0x000000008000038e (0x234b0b1b) x22 0x0000000000001234
core   0: 0x0000000080000392 (0x00408293) addi    t0, ra, 4
3 0x0000000080000392 (0x00408293) x 5 0x0000000080002068
core   0: 0x0000000080000396 (0x83028293) addi    t0, t0, -2000
3 0x0000000080000396 (0x83028293) x 5 0x0000000080001898
core   0: 0x000000008000039a (0x7d62a823) sw      s6, 2000(t0)
3 0x000000008000039a (0x7d62a823) mem 0x0000000080002068 0x000000007fffffff
core   0: 0x000000008000039e (0x0040a403) lw      s0, 4(ra)
3 0x000000008000039e (0x0040a403) x 8 0x0000000000001234 mem 0x0000000080002068
core   0: 0x00000000800003a2 (0x0000a423) sw      zero, 8(ra)
3 0x00000000800003a2 (0x0000a423) mem 0x000000008000206c 0x0000000000001234
core   0: 0x00000000800003a6 (0x00100a9b) addiw   s5, zero, 1
3 0x00000000800003a6 (0x00100a9b) x21 0x0000000000000001
core   0: 0x00000000800003aa (0x01fa9a93) slli    s5, s5, 31
3 0x00000000800003aa (0x01fa9a93) x21 0x0000000080000000
core   0: 0x00000000800003ae (0x00808213) addi    tp, ra, 8
3 0x00000000800003ae (0x00808213) x 4 0x000000008000206c
core   0: 0x00000000800003b2 (0x00020213) mv      tp, tp
3 0x00000000800003b2 (0x00020213) x 4 0x000000008000206c
core   0: 0x00000000800003b6 (0x01522023) sw      s5, 0(tp)
3 0x00000000800003b6 (0x01522023) mem 0x000000008000206c 0x0000000000000000
core   0: 0x00000000800003ba (0x0080a403) lw      s0, 8(ra)
3 0x00000000800003ba (0x0080a403) x 8 0xffffffff80000000 mem 0x000000008000206c
core   0: 0x00000000800003be (0x0000a623) sw      zero, 12(ra)
3 0x00000000800003be (0x0000a623) mem 0x0000000080002070 0xffffffff80000000
core   0: 0x00000000800003c2 (0xfffffa37) lui     s4, 0xfffff
3 0x00000000800003c2 (0xfffffa37) x20 0xfffffffffffff000
core   0: 0x00000000800003c6 (0xdcca0a1b) addiw   s4, s4, -564
3 0x00000000800003c6 (0xdcca0a1b) x20 0xffffffffffffedcc
core   0: 0x00000000800003ca (0x00c08193) addi    gp, ra, 12
3 0x00000000800003ca (0x00c08193) x 3 0x0000000080002070
core   0: 0x00000000800003ce (0x83018193) addi    gp, gp, -2000
3 0x00000000800003ce (0x83018193) x 3 0x00000000800018a0
core   0: 0x00000000800003d2 (0x7d41a823) sw      s4, 2000(gp)
3 0x00000000800003d2 (0x7d41a823) mem 0x0000000080002070 0x0000000000000000
core   0: 0x00000000800003d6 (0x00c0a403) lw      s0, 12(ra)
3 0x00000000800003d6 (0x00c0a403) x 8 0xffffffffffffedcc mem 0x0000000080002070
core   0: 0x00000000800003da (0x0000a823) sw      zero, 16(ra)
3 0x00000000800003da (0x0000a823) mem 0x0000000080002074 0x0000000000000000
core   0: 0x00000000800003de (0x000059fd) c.li    s3, -1
3 0x00000000800003de (0x59fd) x19 0xffffffffffffffff
core   0: 0x00000000800003e0 (0x01008113) addi    sp, ra, 16
3 0x00000000800003e0 (0x01008113) x 2 0x0000000080002074
core   0: 0x00000000800003e4 (0x00000105) c.addi  sp, 1
3 0x00000000800003e4 (0x0105) x 2 0x0000000080002075
core   0: 0x00000000800003e6 (0xff312fa3) sw      s3, -1(sp)
3 0x00000000800003e6 (0xff312fa3) mem 0x0000000080002074 0x0000000000000000
core   0: 0x00000000800003ea (0x0100a403) lw      s0, 16(ra)
3 0x00000000800003ea (0x0100a403) x 8 0xffffffffffffffff mem 0x0000000080002074
core   0: 0x00000000800003ee (0x00002117) auipc   sp, 0x2
3 0x00000000800003ee (0x00002117) x 2 0x00000000800023ee
core   0: 0x00000000800003f2 (0xc8a10113) addi    sp, sp, -886
3 0x00000000800003f2 (0xc8a10113) x 2 0x0000000080002078
core   0: 0x00000000800003f6 (0x0000c002) c.swsp  zero, 0(sp)
3 0x00000000800003f6 (0xc002) mem 0x0000000080002078 0x0000000000000000
core   0: 0x00000000800003f8 (0x80100913) li      s2, -2047
3 0x00000000800003f8 (0x80100913) x18 0xfffffffffffff801
core   0: 0x00000000800003fc (0x00010093) mv      ra, sp
3 0x00000000800003fc (0x00010093) x 1 0x0000000080002078
core   0: 0x0000000080000400 (0x00008093) mv      ra, ra
3 0x0000000080000400 (0x00008093) x 1 0x0000000080002078
core   0: 0x0000000080000404 (0x0120a023) sw      s2, 0(ra)
3 0x0000000080000404 (0x0120a023) mem 0x0000000080002078 0x0000000000000000
core   0: 0x0000000080000408 (0x00004202) c.lwsp  tp, 0(sp)
3 0x0000000080000408 (0x4202) x 4 0xfffffffffffff801 mem 0x0000000080002078
core   0: 0x000000008000040a (0x0000c202) c.swsp  zero, 4(sp)
3 0x000000008000040a (0xc202) mem 0x000000008000207c 0xffffffff80000000
core   0: 0x000000008000040c (0x000058f9) c.li    a7, -2
3 0x000000008000040c (0x58f9) x17 0xfffffffffffffffe
core   0: 0x000000008000040e (0x00410093) addi    ra, sp, 4
3 0x000000008000040e (0x00410093) x 1 0x000000008000207c
core   0: 0x0000000080000412 (0x000010fd) c.addi  ra, -1
3 0x0000000080000412 (0x10fd) x 1 0x000000008000207b
core   0: 0x0000000080000414 (0x0110a0a3) sw      a7, 1(ra)
3 0x0000000080000414 (0x0110a0a3) mem 0x000000008000207c 0x0000000000000000
core   0: 0x0000000080000418 (0x00004212) c.lwsp  tp, 4(sp)
3 0x0000000080000418 (0x4212) x 4 0xfffffffffffffffe mem 0x000000008000207c
core   0: 0x000000008000041a (0x0ff0000f) fence   iorw,iorw
3 0x000000008000041a (0x0ff0000f)
core   0: 0x000000008000041e (0x00004185) c.li    gp, 1
3 0x000000008000041e (0x4185) x 3 0x0000000000000001
core   0: 0x0000000080000420 (0x00000073) ecall
3 0x0000000080000420 (0x00000073)
