core   0: 0x0000000000010000 (0x00100413) li      s0, 1
3 0x0000000000010000 (0x00100413) x 8 0x0000000000000001
core   0: 0x0000000000010004 (0x01f41413) slli    s0, s0, 31
3 0x0000000000010004 (0x01f41413) x 8 0x0000000080000000
core   0: 0x0000000000010008 (0xf1402573) csrr    a0, mhartid
3 0x0000000000010008 (0xf1402573) x10 0x0000000000000000
core   0: 0x000000000001000c (0x00000597) auipc   a1, 0x0
3 0x000000000001000c (0x00000597) x11 0x000000000001000c
core   0: 0x0000000000010010 (0x07458593) addi    a1, a1, 116
3 0x0000000000010010 (0x07458593) x11 0x0000000000010080
core   0: 0x0000000000010014 (0x00040067) jr      s0
3 0x0000000000010014 (0x00040067)
core   0: 0x0000000080000000 (0x0000a081) c.j     pc + 64
3 0x0000000080000000 (0xa081)
core   0: 0x0000000080000040 (0xf1402573) csrr    a0, mhartid
3 0x0000000080000040 (0xf1402573) x10 0x0000000000000000
core   0: 0x0000000080000044 (0x0000e101) c.bnez  a0, pc + 0
3 0x0000000080000044 (0xe101)
core   0: 0x0000000080000046 (0x00000297) auipc   t0, 0x0
3 0x0000000080000046 (0x00000297) x 5 0x0000000080000046
core   0: 0x000000008000004a (0x01228293) addi    t0, t0, 18
3 0x000000008000004a (0x01228293) x 5 0x0000000080000058
core   0: 0x000000008000004e (0x30529073) csrw    mtvec, t0
3 0x000000008000004e (0x30529073)
core   0: 0x0000000080000052 (0x18005073) csrwi   satp, 0
3 0x0000000080000052 (0x18005073)
core   0: 0x0000000080000056 (0x00000001) c.nop
3 0x0000000080000056 (0x0001)
core   0: 0x0000000080000058 (0x00000297) auipc   t0, 0x0
3 0x0000000080000058 (0x00000297) x 5 0x0000000080000058
core   0: 0x000000008000005c (0x01828293) addi    t0, t0, 24
3 0x000000008000005c (0x01828293) x 5 0x0000000080000070
core   0: 0x0000000080000060 (0x30529073) csrw    mtvec, t0
3 0x0000000080000060 (0x30529073)
core   0: 0x0000000080000064 (0x000052fd) c.li    t0, -1
3 0x0000000080000064 (0x52fd) x 5 0xffffffffffffffff
core   0: 0x0000000080000066 (0x3b029073) csrw    pmpaddr0, t0
3 0x0000000080000066 (0x3b029073)
core   0: 0x000000008000006a (0x000042fd) c.li    t0, 31
3 0x000000008000006a (0x42fd) x 5 0x000000000000001f
core   0: 0x000000008000006c (0x3a029073) csrw    pmpcfg0, t0
3 0x000000008000006c (0x3a029073)
core   0: 0x0000000080000070 (0x00000297) auipc   t0, 0x0
3 0x0000000080000070 (0x00000297) x 5 0x0000000080000070
core   0: 0x0000000080000074 (0x01828293) addi    t0, t0, 24
3 0x0000000080000074 (0x01828293) x 5 0x0000000080000088
core   0: 0x0000000080000078 (0x30529073) csrw    mtvec, t0
3 0x0000000080000078 (0x30529073)
core   0: 0x000000008000007c (0x30205073) csrwi   medeleg, 0
3 0x000000008000007c (0x30205073)
core   0: 0x0000000080000080 (0x30305073) csrwi   mideleg, 0
3 0x0000000080000080 (0x30305073)
core   0: 0x0000000080000084 (0x30405073) csrwi   mie, 0
3 0x0000000080000084 (0x30405073)
core   0: 0x0000000080000088 (0x00004181) c.li    gp, 0
3 0x0000000080000088 (0x4181) x 3 0x0000000000000000
core   0: 0x000000008000008a (0x00000297) auipc   t0, 0x0
3 0x000000008000008a (0x00000297) x 5 0x000000008000008a
core   0: 0x000000008000008e (0xf7a28293) addi    t0, t0, -134
3 0x000000008000008e (0xf7a28293) x 5 0x0000000080000004
core   0: 0x0000000080000092 (0x30529073) csrw    mtvec, t0
3 0x0000000080000092 (0x30529073)
core   0: 0x0000000080000096 (0x00004505) c.li    a0, 1
3 0x0000000080000096 (0x4505) x10 0x0000000000000001
core   0: 0x0000000080000098 (0x0000057e) c.slli  a0, 31
3 0x0000000080000098 (0x057e) x10 0x0000000080000000
core   0: 0x000000008000009a (0x00055d63) bgez    a0, pc + 26
3 0x000000008000009a (0x00055d63)
core   0: 0x00000000800000b4 (0x80000297) auipc   t0, 0x80000
3 0x00000000800000b4 (0x80000297) x 5 0x00000000000000b4
core   0: 0x00000000800000b8 (0xf4c28293) addi    t0, t0, -180
3 0x00000000800000b8 (0xf4c28293) x 5 0x0000000000000000
core   0: 0x00000000800000bc (0x00028e63) beqz    t0, pc + 28
3 0x00000000800000bc (0x00028e63)
core   0: 0x00000000800000d8 (0x30005073) csrwi   mstatus, 0
3 0x00000000800000d8 (0x30005073)
core   0: 0x00000000800000dc (0x00000297) auipc   t0, 0x0
3 0x00000000800000dc (0x00000297) x 5 0x00000000800000dc
core   0: 0x00000000800000e0 (0x01428293) addi    t0, t0, 20
3 0x00000000800000e0 (0x01428293) x 5 0x00000000800000f0
core   0: 0x00000000800000e4 (0x34129073) csrw    mepc, t0
3 0x00000000800000e4 (0x34129073)
core   0: 0x00000000800000e8 (0xf1402573) csrr    a0, mhartid
3 0x00000000800000e8 (0xf1402573) x10 0x0000000000000000
core   0: 0x00000000800000ec (0x30200073) mret
3 0x00000000800000ec (0x30200073)
core   0: 0x00000000800000f0 (0x00004189) c.li    gp, 2
0 0x00000000800000f0 (0x4189) x 3 0x0000000000000002
core   0: 0x00000000800000f2 (0x00004081) c.li    ra, 0
0 0x00000000800000f2 (0x4081) x 1 0x0000000000000000
core   0: 0x00000000800000f4 (0x00a0026f) jal     tp, pc + 0xa
0 0x00000000800000f4 (0x00a0026f) x 4 0x00000000800000f8
core   0: 0x00000000800000fe (0x00000117) auipc   sp, 0x0
0 0x00000000800000fe (0x00000117) x 2 0x00000000800000fe
core   0: 0x0000000080000102 (0xffa10113) addi    sp, sp, -6
0 0x0000000080000102 (0xffa10113) x 2 0x00000000800000f8
core   0: 0x0000000080000106 (0x02411763) bne     sp, tp, pc + 46
0 0x0000000080000106 (0x02411763)
core   0: 0x000000008000010a (0x00004085) c.li    ra, 1
0 0x000000008000010a (0x4085) x 1 0x0000000000000001
core   0: 0x000000008000010c (0x00c0006f) j       pc + 0xc
0 0x000000008000010c (0x00c0006f)
core   0: 0x0000000080000118 (0x00000085) c.addi  ra, 1
0 0x0000000080000118 (0x0085) x 1 0x0000000000000002
core   0: 0x000000008000011a (0x00000085) c.addi  ra, 1
0 0x000000008000011a (0x0085) x 1 0x0000000000000003
core   0: 0x000000008000011c (0x00004e8d) c.li    t4, 3
0 0x000000008000011c (0x4e8d) x29 0x0000000000000003
core   0: 0x000000008000011e (0x0000418d) c.li    gp, 3
0 0x000000008000011e (0x418d) x 3 0x0000000000000003
core   0: 0x0000000080000120 (0x00002e17) auipc   t3, 0x2
0 0x0000000080000120 (0x00002e17) x28 0x0000000080002120
core   0: 0x0000000080000124 (0xee0e0e13) addi    t3, t3, -288
0 0x0000000080000124 (0xee0e0e13) x28 0x0000000080002000
core   0: 0x0000000080000128 (0x001e2623) sw      ra, 12(t3)
0 0x0000000080000128 (0x001e2623) mem 0x000000008000200c 0x0000000000000000
core   0: 0x000000008000012c (0x01d09463) bne     ra, t4, pc + 8
0 0x000000008000012c (0x01d09463)
core   0: 0x0000000080000130 (0x00301d63) bne     zero, gp, pc + 26
0 0x0000000080000130 (0x00301d63)
core   0: 0x000000008000014a (0x0ff0000f) fence   iorw,iorw
0 0x000000008000014a (0x0ff0000f)
core   0: 0x000000008000014e (0x00004185) c.li    gp, 1
0 0x000000008000014e (0x4185) x 3 0x0000000000000001
core   0: 0x0000000080000150 (0x00002e17) auipc   t3, 0x2
0 0x0000000080000150 (0x00002e17) x28 0x0000000080002150
core   0: 0x0000000080000154 (0xeb0e0e13) addi    t3, t3, -336
0 0x0000000080000154 (0xeb0e0e13) x28 0x0000000080002000
core   0: 0x0000000080000158 (0x003e2023) sw      gp, 0(t3)
0 0x0000000080000158 (0x003e2023) mem 0x0000000080002000 0x0000000000000000
core   0: 0x000000008000015c (0x00000073) ecall
0 0x000000008000015c (0x00000073)
