core   0: 0x0000000000010000 (0x00100413) li      s0, 1
3 0x0000000000010000 (0x00100413) x 8 0x0000000000000001
core   0: 0x0000000000010004 (0x01f41413) slli    s0, s0, 31
3 0x0000000000010004 (0x01f41413) x 8 0x0000000080000000
core   0: 0x0000000000010008 (0xf1402573) csrr    a0, mhartid
3 0x0000000000010008 (0xf1402573) x10 0x0000000000000000
core   0: 0x000000000001000c (0x00000597) auipc   a1, 0x0
3 0x000000000001000c (0x00000597) x11 0x000000000001000c
core   0: 0x0000000000010010 (0x07458593) addi    a1, a1, 116
3 0x0000000000010010 (0x07458593) x11 0x0000000000010080
core   0: 0x0000000000010014 (0x00040067) jr      s0
3 0x0000000000010014 (0x00040067)
core   0: 0x0000000080000000 (0x0000a081) c.j     pc + 64
3 0x0000000080000000 (0xa081)
core   0: 0x0000000080000040 (0xf1402573) csrr    a0, mhartid
3 0x0000000080000040 (0xf1402573) x10 0x0000000000000000
core   0: 0x0000000080000044 (0x0000e101) c.bnez  a0, pc + 0
3 0x0000000080000044 (0xe101)
core   0: 0x0000000080000046 (0x00000297) auipc   t0, 0x0
3 0x0000000080000046 (0x00000297) x 5 0x0000000080000046
core   0: 0x000000008000004a (0x01228293) addi    t0, t0, 18
3 0x000000008000004a (0x01228293) x 5 0x0000000080000058
core   0: 0x000000008000004e (0x30529073) csrw    mtvec, t0
3 0x000000008000004e (0x30529073)
core   0: 0x0000000080000052 (0x18005073) csrwi   satp, 0
3 0x0000000080000052 (0x18005073)
core   0: 0x0000000080000056 (0x00000001) c.nop
3 0x0000000080000056 (0x0001)
core   0: 0x0000000080000058 (0x00000297) auipc   t0, 0x0
3 0x0000000080000058 (0x00000297) x 5 0x0000000080000058
core   0: 0x000000008000005c (0x01828293) addi    t0, t0, 24
3 0x000000008000005c (0x01828293) x 5 0x0000000080000070
core   0: 0x0000000080000060 (0x30529073) csrw    mtvec, t0
3 0x0000000080000060 (0x30529073)
core   0: 0x0000000080000064 (0x000052fd) c.li    t0, -1
3 0x0000000080000064 (0x52fd) x 5 0xffffffffffffffff
core   0: 0x0000000080000066 (0x3b029073) csrw    pmpaddr0, t0
3 0x0000000080000066 (0x3b029073)
core   0: 0x000000008000006a (0x000042fd) c.li    t0, 31
3 0x000000008000006a (0x42fd) x 5 0x000000000000001f
core   0: 0x000000008000006c (0x3a029073) csrw    pmpcfg0, t0
3 0x000000008000006c (0x3a029073)
core   0: 0x0000000080000070 (0x00000297) auipc   t0, 0x0
3 0x0000000080000070 (0x00000297) x 5 0x0000000080000070
core   0: 0x0000000080000074 (0x01828293) addi    t0, t0, 24
3 0x0000000080000074 (0x01828293) x 5 0x0000000080000088
core   0: 0x0000000080000078 (0x30529073) csrw    mtvec, t0
3 0x0000000080000078 (0x30529073)
core   0: 0x000000008000007c (0x30205073) csrwi   medeleg, 0
3 0x000000008000007c (0x30205073)
core   0: 0x0000000080000080 (0x30305073) csrwi   mideleg, 0
3 0x0000000080000080 (0x30305073)
core   0: 0x0000000080000084 (0x30405073) csrwi   mie, 0
3 0x0000000080000084 (0x30405073)
core   0: 0x0000000080000088 (0x00004181) c.li    gp, 0
3 0x0000000080000088 (0x4181) x 3 0x0000000000000000
core   0: 0x000000008000008a (0x00000297) auipc   t0, 0x0
3 0x000000008000008a (0x00000297) x 5 0x000000008000008a
core   0: 0x000000008000008e (0xf7a28293) addi    t0, t0, -134
3 0x000000008000008e (0xf7a28293) x 5 0x0000000080000004
core   0: 0x0000000080000092 (0x30529073) csrw    mtvec, t0
3 0x0000000080000092 (0x30529073)
core   0: 0x0000000080000096 (0x00004505) c.li    a0, 1
3 0x0000000080000096 (0x4505) x10 0x0000000000000001
core   0: 0x0000000080000098 (0x0000057e) c.slli  a0, 31
3 0x0000000080000098 (0x057e) x10 0x0000000080000000
core   0: 0x000000008000009a (0x00055d63) bgez    a0, pc + 26
3 0x000000008000009a (0x00055d63)
core   0: 0x00000000800000b4 (0x80000297) auipc   t0, 0x80000
3 0x00000000800000b4 (0x80000297) x 5 0x00000000000000b4
core   0: 0x00000000800000b8 (0xf4c28293) addi    t0, t0, -180
3 0x00000000800000b8 (0xf4c28293) x 5 0x0000000000000000
core   0: 0x00000000800000bc (0x00028e63) beqz    t0, pc + 28
3 0x00000000800000bc (0x00028e63)
core   0: 0x00000000800000d8 (0x30005073) csrwi   mstatus, 0
3 0x00000000800000d8 (0x30005073)
core   0: 0x00000000800000dc (0x00000297) auipc   t0, 0x0
3 0x00000000800000dc (0x00000297) x 5 0x00000000800000dc
core   0: 0x00000000800000e0 (0x01428293) addi    t0, t0, 20
3 0x00000000800000e0 (0x01428293) x 5 0x00000000800000f0
core   0: 0x00000000800000e4 (0x34129073) csrw    mepc, t0
3 0x00000000800000e4 (0x34129073)
core   0: 0x00000000800000e8 (0xf1402573) csrr    a0, mhartid
3 0x00000000800000e8 (0xf1402573) x10 0x0000000000000000
core   0: 0x00000000800000ec (0x30200073) mret
3 0x00000000800000ec (0x30200073)
core   0: 0x00000000800000f0 (0x00002097) auipc   ra, 0x2
0 0x00000000800000f0 (0x00002097) x 1 0x00000000800020f0
core   0: 0x00000000800000f4 (0xf1008093) addi    ra, ra, -240
0 0x00000000800000f4 (0xf1008093) x 1 0x0000000080002000
core   0: 0x00000000800000f8 (0x0000df03) lhu     t5, 0(ra)
0 0x00000000800000f8 (0x0000df03) x30 0x00000000000000ff mem 0x0000000080002000
core   0: 0x00000000800000fc (0x0ff00e93) li      t4, 255
0 0x00000000800000fc (0x0ff00e93) x29 0x00000000000000ff
core   0: 0x0000000080000100 (0x00004189) c.li    gp, 2
0 0x0000000080000100 (0x4189) x 3 0x0000000000000002
core   0: 0x0000000080000102 (0x00002e17) auipc   t3, 0x2
0 0x0000000080000102 (0x00002e17) x28 0x0000000080002102
core   0: 0x0000000080000106 (0xf0ee0e13) addi    t3, t3, -242
0 0x0000000080000106 (0xf0ee0e13) x28 0x0000000080002010
core   0: 0x000000008000010a (0x01ee2423) sw      t5, 8(t3)
0 0x000000008000010a (0x01ee2423) mem 0x0000000080002018 0x0000000000000000
core   0: 0x000000008000010e (0x2ddf1c63) bne     t5, t4, pc + 728
0 0x000000008000010e (0x2ddf1c63)
core   0: 0x0000000080000112 (0x00002097) auipc   ra, 0x2
0 0x0000000080000112 (0x00002097) x 1 0x0000000080002112
core   0: 0x0000000080000116 (0xeee08093) addi    ra, ra, -274
0 0x0000000080000116 (0xeee08093) x 1 0x0000000080002000
core   0: 0x000000008000011a (0x0020df03) lhu     t5, 2(ra)
0 0x000000008000011a (0x0020df03) x30 0x000000000000ff00 mem 0x0000000080002002
core   0: 0x000000008000011e (0x00010eb7) lui     t4, 0x10
0 0x000000008000011e (0x00010eb7) x29 0x0000000000010000
core   0: 0x0000000080000122 (0xf00e8e9b) addiw   t4, t4, -256
0 0x0000000080000122 (0xf00e8e9b) x29 0x000000000000ff00
core   0: 0x0000000080000126 (0x0000418d) c.li    gp, 3
0 0x0000000080000126 (0x418d) x 3 0x0000000000000003
core   0: 0x0000000080000128 (0x00002e17) auipc   t3, 0x2
0 0x0000000080000128 (0x00002e17) x28 0x0000000080002128
core   0: 0x000000008000012c (0xee8e0e13) addi    t3, t3, -280
0 0x000000008000012c (0xee8e0e13) x28 0x0000000080002010
core   0: 0x0000000080000130 (0x01ee2623) sw      t5, 12(t3)
0 0x0000000080000130 (0x01ee2623) mem 0x000000008000201c 0x0000000000000000
core   0: 0x0000000080000134 (0x2bdf1963) bne     t5, t4, pc + 690
0 0x0000000080000134 (0x2bdf1963)
core   0: 0x0000000080000138 (0x00002097) auipc   ra, 0x2
0 0x0000000080000138 (0x00002097) x 1 0x0000000080002138
core   0: 0x000000008000013c (0xec808093) addi    ra, ra, -312
0 0x000000008000013c (0xec808093) x 1 0x0000000080002000
core   0: 0x0000000080000140 (0x0040df03) lhu     t5, 4(ra)
0 0x0000000080000140 (0x0040df03) x30 0x0000000000000ff0 mem 0x0000000080002004
core   0: 0x0000000080000144 (0x00001eb7) lui     t4, 0x1
0 0x0000000080000144 (0x00001eb7) x29 0x0000000000001000
core   0: 0x0000000080000148 (0xff0e8e9b) addiw   t4, t4, -16
0 0x0000000080000148 (0xff0e8e9b) x29 0x0000000000000ff0
core   0: 0x000000008000014c (0x00004191) c.li    gp, 4
0 0x000000008000014c (0x4191) x 3 0x0000000000000004
core   0: 0x000000008000014e (0x00002e17) auipc   t3, 0x2
0 0x000000008000014e (0x00002e17) x28 0x000000008000214e
core   0: 0x0000000080000152 (0xec2e0e13) addi    t3, t3, -318
0 0x0000000080000152 (0xec2e0e13) x28 0x0000000080002010
core   0: 0x0000000080000156 (0x01ee2823) sw      t5, 16(t3)
0 0x0000000080000156 (0x01ee2823) mem 0x0000000080002020 0x0000000000000000
core   0: 0x000000008000015a (0x29df1663) bne     t5, t4, pc + 652
0 0x000000008000015a (0x29df1663)
core   0: 0x000000008000015e (0x00002097) auipc   ra, 0x2
0 0x000000008000015e (0x00002097) x 1 0x000000008000215e
core   0: 0x0000000080000162 (0xea208093) addi    ra, ra, -350
0 0x0000000080000162 (0xea208093) x 1 0x0000000080002000
core   0: 0x0000000080000166 (0x0060df03) lhu     t5, 6(ra)
0 0x0000000080000166 (0x0060df03) x30 0x000000000000f00f mem 0x0000000080002006
core   0: 0x000000008000016a (0x0000feb7) lui     t4, 0xf
0 0x000000008000016a (0x0000feb7) x29 0x000000000000f000
core   0: 0x000000008000016e (0x00fe8e9b) addiw   t4, t4, 15
0 0x000000008000016e (0x00fe8e9b) x29 0x000000000000f00f
core   0: 0x0000000080000172 (0x00004195) c.li    gp, 5
0 0x0000000080000172 (0x4195) x 3 0x0000000000000005
core   0: 0x0000000080000174 (0x00002e17) auipc   t3, 0x2
0 0x0000000080000174 (0x00002e17) x28 0x0000000080002174
core   0: 0x0000000080000178 (0xe9ce0e13) addi    t3, t3, -356
0 0x0000000080000178 (0xe9ce0e13) x28 0x0000000080002010
core   0: 0x000000008000017c (0x01ee2a23) sw      t5, 20(t3)
0 0x000000008000017c (0x01ee2a23) mem 0x0000000080002024 0x0000000000000000
core   0: 0x0000000080000180 (0x27df1363) bne     t5, t4, pc + 614
0 0x0000000080000180 (0x27df1363)
core   0: 0x0000000080000184 (0x00002097) auipc   ra, 0x2
0 0x0000000080000184 (0x00002097) x 1 0x0000000080002184
core   0: 0x0000000080000188 (0xe8208093) addi    ra, ra, -382
0 0x0000000080000188 (0xe8208093) x 1 0x0000000080002006
core   0: 0x000000008000018c (0xffa0df03) lhu     t5, -6(ra)
0 0x000000008000018c (0xffa0df03) x30 0x00000000000000ff mem 0x0000000080002000
core   0: 0x0000000080000190 (0x0ff00e93) li      t4, 255
0 0x0000000080000190 (0x0ff00e93) x29 0x00000000000000ff
core   0: 0x0000000080000194 (0x00004199) c.li    gp, 6
0 0x0000000080000194 (0x4199) x 3 0x0000000000000006
core   0: 0x0000000080000196 (0x00002e17) auipc   t3, 0x2
0 0x0000000080000196 (0x00002e17) x28 0x0000000080002196
core   0: 0x000000008000019a (0xe7ae0e13) addi    t3, t3, -390
0 0x000000008000019a (0xe7ae0e13) x28 0x0000000080002010
core   0: 0x000000008000019e (0x01ee2c23) sw      t5, 24(t3)
0 0x000000008000019e (0x01ee2c23) mem 0x0000000080002028 0x0000000000000000
core   0: 0x00000000800001a2 (0x25df1263) bne     t5, t4, pc + 580
0 0x00000000800001a2 (0x25df1263)
core   0: 0x00000000800001a6 (0x00002097) auipc   ra, 0x2
0 0x00000000800001a6 (0x00002097) x 1 0x00000000800021a6
core   0: 0x00000000800001aa (0xe6008093) addi    ra, ra, -416
0 0x00000000800001aa (0xe6008093) x 1 0x0000000080002006
core   0: 0x00000000800001ae (0xffc0df03) lhu     t5, -4(ra)
0 0x00000000800001ae (0xffc0df03) x30 0x000000000000ff00 mem 0x0000000080002002
core   0: 0x00000000800001b2 (0x00010eb7) lui     t4, 0x10
0 0x00000000800001b2 (0x00010eb7) x29 0x0000000000010000
core   0: 0x00000000800001b6 (0xf00e8e9b) addiw   t4, t4, -256
0 0x00000000800001b6 (0xf00e8e9b) x29 0x000000000000ff00
core   0: 0x00000000800001ba (0x0000419d) c.li    gp, 7
0 0x00000000800001ba (0x419d) x 3 0x0000000000000007
core   0: 0x00000000800001bc (0x00002e17) auipc   t3, 0x2
0 0x00000000800001bc (0x00002e17) x28 0x00000000800021bc
core   0: 0x00000000800001c0 (0xe54e0e13) addi    t3, t3, -428
0 0x00000000800001c0 (0xe54e0e13) x28 0x0000000080002010
core   0: 0x00000000800001c4 (0x01ee2e23) sw      t5, 28(t3)
0 0x00000000800001c4 (0x01ee2e23) mem 0x000000008000202c 0x0000000000000000
core   0: 0x00000000800001c8 (0x21df1f63) bne     t5, t4, pc + 542
0 0x00000000800001c8 (0x21df1f63)
core   0: 0x00000000800001cc (0x00002097) auipc   ra, 0x2
0 0x00000000800001cc (0x00002097) x 1 0x00000000800021cc
core   0: 0x00000000800001d0 (0xe3a08093) addi    ra, ra, -454
0 0x00000000800001d0 (0xe3a08093) x 1 0x0000000080002006
core   0: 0x00000000800001d4 (0xffe0df03) lhu     t5, -2(ra)
0 0x00000000800001d4 (0xffe0df03) x30 0x0000000000000ff0 mem 0x0000000080002004
core   0: 0x00000000800001d8 (0x00001eb7) lui     t4, 0x1
0 0x00000000800001d8 (0x00001eb7) x29 0x0000000000001000
core   0: 0x00000000800001dc (0xff0e8e9b) addiw   t4, t4, -16
0 0x00000000800001dc (0xff0e8e9b) x29 0x0000000000000ff0
core   0: 0x00000000800001e0 (0x000041a1) c.li    gp, 8
0 0x00000000800001e0 (0x41a1) x 3 0x0000000000000008
core   0: 0x00000000800001e2 (0x00002e17) auipc   t3, 0x2
0 0x00000000800001e2 (0x00002e17) x28 0x00000000800021e2
core   0: 0x00000000800001e6 (0xe2ee0e13) addi    t3, t3, -466
0 0x00000000800001e6 (0xe2ee0e13) x28 0x0000000080002010
core   0: 0x00000000800001ea (0x03ee2023) sw      t5, 32(t3)
0 0x00000000800001ea (0x03ee2023) mem 0x0000000080002030 0x0000000000000000
core   0: 0x00000000800001ee (0x1fdf1c63) bne     t5, t4, pc + 504
0 0x00000000800001ee (0x1fdf1c63)
core   0: 0x00000000800001f2 (0x00002097) auipc   ra, 0x2
0 0x00000000800001f2 (0x00002097) x 1 0x00000000800021f2
core   0: 0x00000000800001f6 (0xe1408093) addi    ra, ra, -492
0 0x00000000800001f6 (0xe1408093) x 1 0x0000000080002006
core   0: 0x00000000800001fa (0x0000df03) lhu     t5, 0(ra)
0 0x00000000800001fa (0x0000df03) x30 0x000000000000f00f mem 0x0000000080002006
core   0: 0x00000000800001fe (0x0000feb7) lui     t4, 0xf
0 0x00000000800001fe (0x0000feb7) x29 0x000000000000f000
core   0: 0x0000000080000202 (0x00fe8e9b) addiw   t4, t4, 15
0 0x0000000080000202 (0x00fe8e9b) x29 0x000000000000f00f
core   0: 0x0000000080000206 (0x000041a5) c.li    gp, 9
0 0x0000000080000206 (0x41a5) x 3 0x0000000000000009
core   0: 0x0000000080000208 (0x00002e17) auipc   t3, 0x2
0 0x0000000080000208 (0x00002e17) x28 0x0000000080002208
core   0: 0x000000008000020c (0xe08e0e13) addi    t3, t3, -504
0 0x000000008000020c (0xe08e0e13) x28 0x0000000080002010
core   0: 0x0000000080000210 (0x03ee2223) sw      t5, 36(t3)
0 0x0000000080000210 (0x03ee2223) mem 0x0000000080002034 0x0000000000000000
core   0: 0x0000000080000214 (0x1ddf1963) bne     t5, t4, pc + 466
0 0x0000000080000214 (0x1ddf1963)
core   0: 0x0000000080000218 (0x00002097) auipc   ra, 0x2
0 0x0000000080000218 (0x00002097) x 1 0x0000000080002218
core   0: 0x000000008000021c (0xde808093) addi    ra, ra, -536
0 0x000000008000021c (0xde808093) x 1 0x0000000080002000
core   0: 0x0000000080000220 (0x00001081) c.addi  ra, -32
0 0x0000000080000220 (0x1081) x 1 0x0000000080001fe0
core   0: 0x0000000080000222 (0x0200d283) lhu     t0, 32(ra)
0 0x0000000080000222 (0x0200d283) x 5 0x00000000000000ff mem 0x0000000080002000
core   0: 0x0000000080000226 (0x0ff00e93) li      t4, 255
0 0x0000000080000226 (0x0ff00e93) x29 0x00000000000000ff
core   0: 0x000000008000022a (0x000041a9) c.li    gp, 10
0 0x000000008000022a (0x41a9) x 3 0x000000000000000a
core   0: 0x000000008000022c (0x00002e17) auipc   t3, 0x2
0 0x000000008000022c (0x00002e17) x28 0x000000008000222c
core   0: 0x0000000080000230 (0xde4e0e13) addi    t3, t3, -540
0 0x0000000080000230 (0xde4e0e13) x28 0x0000000080002010
core   0: 0x0000000080000234 (0x025e2423) sw      t0, 40(t3)
0 0x0000000080000234 (0x025e2423) mem 0x0000000080002038 0x0000000000000000
core   0: 0x0000000080000238 (0x1bd29763) bne     t0, t4, pc + 430
0 0x0000000080000238 (0x1bd29763)
core   0: 0x000000008000023c (0x00002097) auipc   ra, 0x2
0 0x000000008000023c (0x00002097) x 1 0x000000008000223c
core   0: 0x0000000080000240 (0xdc408093) addi    ra, ra, -572
0 0x0000000080000240 (0xdc408093) x 1 0x0000000080002000
core   0: 0x0000000080000244 (0x000010ed) c.addi  ra, -5
0 0x0000000080000244 (0x10ed) x 1 0x0000000080001ffb
core   0: 0x0000000080000246 (0x0070d283) lhu     t0, 7(ra)
0 0x0000000080000246 (0x0070d283) x 5 0x000000000000ff00 mem 0x0000000080002002
core   0: 0x000000008000024a (0x00010eb7) lui     t4, 0x10
0 0x000000008000024a (0x00010eb7) x29 0x0000000000010000
core   0: 0x000000008000024e (0xf00e8e9b) addiw   t4, t4, -256
0 0x000000008000024e (0xf00e8e9b) x29 0x000000000000ff00
core   0: 0x0000000080000252 (0x000041ad) c.li    gp, 11
0 0x0000000080000252 (0x41ad) x 3 0x000000000000000b
core   0: 0x0000000080000254 (0x00002e17) auipc   t3, 0x2
0 0x0000000080000254 (0x00002e17) x28 0x0000000080002254
core   0: 0x0000000080000258 (0xdbce0e13) addi    t3, t3, -580
0 0x0000000080000258 (0xdbce0e13) x28 0x0000000080002010
core   0: 0x000000008000025c (0x025e2623) sw      t0, 44(t3)
0 0x000000008000025c (0x025e2623) mem 0x000000008000203c 0x0000000000000000
core   0: 0x0000000080000260 (0x19d29363) bne     t0, t4, pc + 390
0 0x0000000080000260 (0x19d29363)
core   0: 0x0000000080000264 (0x000041b1) c.li    gp, 12
0 0x0000000080000264 (0x41b1) x 3 0x000000000000000c
core   0: 0x0000000080000266 (0x00002e17) auipc   t3, 0x2
0 0x0000000080000266 (0x00002e17) x28 0x0000000080002266
core   0: 0x000000008000026a (0xdaae0e13) addi    t3, t3, -598
0 0x000000008000026a (0xdaae0e13) x28 0x0000000080002010
core   0: 0x000000008000026e (0x023e2823) sw      gp, 48(t3)
0 0x000000008000026e (0x023e2823) mem 0x0000000080002040 0x0000000000000000
core   0: 0x0000000080000272 (0x00004201) c.li    tp, 0
0 0x0000000080000272 (0x4201) x 4 0x0000000000000000
core   0: 0x0000000080000274 (0x00002097) auipc   ra, 0x2
0 0x0000000080000274 (0x00002097) x 1 0x0000000080002274
core   0: 0x0000000080000278 (0xd8e08093) addi    ra, ra, -626
0 0x0000000080000278 (0xd8e08093) x 1 0x0000000080002002
core   0: 0x000000008000027c (0x0020df03) lhu     t5, 2(ra)
0 0x000000008000027c (0x0020df03) x30 0x0000000000000ff0 mem 0x0000000080002004
core   0: 0x0000000080000280 (0x000f0313) mv      t1, t5
0 0x0000000080000280 (0x000f0313) x 6 0x0000000000000ff0
core   0: 0x0000000080000284 (0x00001eb7) lui     t4, 0x1
0 0x0000000080000284 (0x00001eb7) x29 0x0000000000001000
core   0: 0x0000000080000288 (0xff0e8e9b) addiw   t4, t4, -16
0 0x0000000080000288 (0xff0e8e9b) x29 0x0000000000000ff0
core   0: 0x000000008000028c (0x15d31d63) bne     t1, t4, pc + 346
0 0x000000008000028c (0x15d31d63)
core   0: 0x0000000080000290 (0x00000205) c.addi  tp, 1
0 0x0000000080000290 (0x0205) x 4 0x0000000000000001
core   0: 0x0000000080000292 (0x00004289) c.li    t0, 2
0 0x0000000080000292 (0x4289) x 5 0x0000000000000002
core   0: 0x0000000080000294 (0xfe5210e3) bne     tp, t0, pc - 32
0 0x0000000080000294 (0xfe5210e3)
core   0: 0x0000000080000274 (0x00002097) auipc   ra, 0x2
0 0x0000000080000274 (0x00002097) x 1 0x0000000080002274
core   0: 0x0000000080000278 (0xd8e08093) addi    ra, ra, -626
0 0x0000000080000278 (0xd8e08093) x 1 0x0000000080002002
core   0: 0x000000008000027c (0x0020df03) lhu     t5, 2(ra)
0 0x000000008000027c (0x0020df03) x30 0x0000000000000ff0 mem 0x0000000080002004
core   0: 0x0000000080000280 (0x000f0313) mv      t1, t5
0 0x0000000080000280 (0x000f0313) x 6 0x0000000000000ff0
core   0: 0x0000000080000284 (0x00001eb7) lui     t4, 0x1
0 0x0000000080000284 (0x00001eb7) x29 0x0000000000001000
core   0: 0x0000000080000288 (0xff0e8e9b) addiw   t4, t4, -16
0 0x0000000080000288 (0xff0e8e9b) x29 0x0000000000000ff0
core   0: 0x000000008000028c (0x15d31d63) bne     t1, t4, pc + 346
0 0x000000008000028c (0x15d31d63)
core   0: 0x0000000080000290 (0x00000205) c.addi  tp, 1
0 0x0000000080000290 (0x0205) x 4 0x0000000000000002
core   0: 0x0000000080000292 (0x00004289) c.li    t0, 2
0 0x0000000080000292 (0x4289) x 5 0x0000000000000002
core   0: 0x0000000080000294 (0xfe5210e3) bne     tp, t0, pc - 32
0 0x0000000080000294 (0xfe5210e3)
core   0: 0x0000000080000298 (0x000041b5) c.li    gp, 13
0 0x0000000080000298 (0x41b5) x 3 0x000000000000000d
core   0: 0x000000008000029a (0x00002e17) auipc   t3, 0x2
0 0x000000008000029a (0x00002e17) x28 0x000000008000229a
core   0: 0x000000008000029e (0xd76e0e13) addi    t3, t3, -650
0 0x000000008000029e (0xd76e0e13) x28 0x0000000080002010
core   0: 0x00000000800002a2 (0x023e2a23) sw      gp, 52(t3)
0 0x00000000800002a2 (0x023e2a23) mem 0x0000000080002044 0x0000000000000000
core   0: 0x00000000800002a6 (0x00004201) c.li    tp, 0
0 0x00000000800002a6 (0x4201) x 4 0x0000000000000000
core   0: 0x00000000800002a8 (0x00002097) auipc   ra, 0x2
0 0x00000000800002a8 (0x00002097) x 1 0x00000000800022a8
core   0: 0x00000000800002ac (0xd5c08093) addi    ra, ra, -676
0 0x00000000800002ac (0xd5c08093) x 1 0x0000000080002004
core   0: 0x00000000800002b0 (0x0020df03) lhu     t5, 2(ra)
0 0x00000000800002b0 (0x0020df03) x30 0x000000000000f00f mem 0x0000000080002006
core   0: 0x00000000800002b4 (0x00000001) c.nop
0 0x00000000800002b4 (0x0001)
core   0: 0x00000000800002b6 (0x000f0313) mv      t1, t5
0 0x00000000800002b6 (0x000f0313) x 6 0x000000000000f00f
core   0: 0x00000000800002ba (0x0000feb7) lui     t4, 0xf
0 0x00000000800002ba (0x0000feb7) x29 0x000000000000f000
core   0: 0x00000000800002be (0x00fe8e9b) addiw   t4, t4, 15
0 0x00000000800002be (0x00fe8e9b) x29 0x000000000000f00f
core   0: 0x00000000800002c2 (0x13d31263) bne     t1, t4, pc + 292
0 0x00000000800002c2 (0x13d31263)
core   0: 0x00000000800002c6 (0x00000205) c.addi  tp, 1
0 0x00000000800002c6 (0x0205) x 4 0x0000000000000001
core   0: 0x00000000800002c8 (0x00004289) c.li    t0, 2
0 0x00000000800002c8 (0x4289) x 5 0x0000000000000002
core   0: 0x00000000800002ca (0xfc521fe3) bne     tp, t0, pc - 34
0 0x00000000800002ca (0xfc521fe3)
core   0: 0x00000000800002a8 (0x00002097) auipc   ra, 0x2
0 0x00000000800002a8 (0x00002097) x 1 0x00000000800022a8
core   0: 0x00000000800002ac (0xd5c08093) addi    ra, ra, -676
0 0x00000000800002ac (0xd5c08093) x 1 0x0000000080002004
core   0: 0x00000000800002b0 (0x0020df03) lhu     t5, 2(ra)
0 0x00000000800002b0 (0x0020df03) x30 0x000000000000f00f mem 0x0000000080002006
core   0: 0x00000000800002b4 (0x00000001) c.nop
0 0x00000000800002b4 (0x0001)
core   0: 0x00000000800002b6 (0x000f0313) mv      t1, t5
0 0x00000000800002b6 (0x000f0313) x 6 0x000000000000f00f
core   0: 0x00000000800002ba (0x0000feb7) lui     t4, 0xf
0 0x00000000800002ba (0x0000feb7) x29 0x000000000000f000
core   0: 0x00000000800002be (0x00fe8e9b) addiw   t4, t4, 15
0 0x00000000800002be (0x00fe8e9b) x29 0x000000000000f00f
core   0: 0x00000000800002c2 (0x13d31263) bne     t1, t4, pc + 292
0 0x00000000800002c2 (0x13d31263)
core   0: 0x00000000800002c6 (0x00000205) c.addi  tp, 1
0 0x00000000800002c6 (0x0205) x 4 0x0000000000000002
core   0: 0x00000000800002c8 (0x00004289) c.li    t0, 2
0 0x00000000800002c8 (0x4289) x 5 0x0000000000000002
core   0: 0x00000000800002ca (0xfc521fe3) bne     tp, t0, pc - 34
0 0x00000000800002ca (0xfc521fe3)
core   0: 0x00000000800002ce (0x000041b9) c.li    gp, 14
0 0x00000000800002ce (0x41b9) x 3 0x000000000000000e
core   0: 0x00000000800002d0 (0x00002e17) auipc   t3, 0x2
0 0x00000000800002d0 (0x00002e17) x28 0x00000000800022d0
core   0: 0x00000000800002d4 (0xd40e0e13) addi    t3, t3, -704
0 0x00000000800002d4 (0xd40e0e13) x28 0x0000000080002010
core   0: 0x00000000800002d8 (0x023e2c23) sw      gp, 56(t3)
0 0x00000000800002d8 (0x023e2c23) mem 0x0000000080002048 0x0000000000000000
core   0: 0x00000000800002dc (0x00004201) c.li    tp, 0
0 0x00000000800002dc (0x4201) x 4 0x0000000000000000
core   0: 0x00000000800002de (0x00002097) auipc   ra, 0x2
0 0x00000000800002de (0x00002097) x 1 0x00000000800022de
core   0: 0x00000000800002e2 (0xd2208093) addi    ra, ra, -734
0 0x00000000800002e2 (0xd2208093) x 1 0x0000000080002000
core   0: 0x00000000800002e6 (0x0020df03) lhu     t5, 2(ra)
0 0x00000000800002e6 (0x0020df03) x30 0x000000000000ff00 mem 0x0000000080002002
core   0: 0x00000000800002ea (0x00000001) c.nop
0 0x00000000800002ea (0x0001)
core   0: 0x00000000800002ec (0x00000001) c.nop
0 0x00000000800002ec (0x0001)
core   0: 0x00000000800002ee (0x000f0313) mv      t1, t5
0 0x00000000800002ee (0x000f0313) x 6 0x000000000000ff00
core   0: 0x00000000800002f2 (0x00010eb7) lui     t4, 0x10
0 0x00000000800002f2 (0x00010eb7) x29 0x0000000000010000
core   0: 0x00000000800002f6 (0xf00e8e9b) addiw   t4, t4, -256
0 0x00000000800002f6 (0xf00e8e9b) x29 0x000000000000ff00
core   0: 0x00000000800002fa (0x0fd31663) bne     t1, t4, pc + 236
0 0x00000000800002fa (0x0fd31663)
core   0: 0x00000000800002fe (0x00000205) c.addi  tp, 1
0 0x00000000800002fe (0x0205) x 4 0x0000000000000001
core   0: 0x0000000080000300 (0x00004289) c.li    t0, 2
0 0x0000000080000300 (0x4289) x 5 0x0000000000000002
core   0: 0x0000000080000302 (0xfc521ee3) bne     tp, t0, pc - 36
0 0x0000000080000302 (0xfc521ee3)
core   0: 0x00000000800002de (0x00002097) auipc   ra, 0x2
0 0x00000000800002de (0x00002097) x 1 0x00000000800022de
core   0: 0x00000000800002e2 (0xd2208093) addi    ra, ra, -734
0 0x00000000800002e2 (0xd2208093) x 1 0x0000000080002000
core   0: 0x00000000800002e6 (0x0020df03) lhu     t5, 2(ra)
0 0x00000000800002e6 (0x0020df03) x30 0x000000000000ff00 mem 0x0000000080002002
core   0: 0x00000000800002ea (0x00000001) c.nop
0 0x00000000800002ea (0x0001)
core   0: 0x00000000800002ec (0x00000001) c.nop
0 0x00000000800002ec (0x0001)
core   0: 0x00000000800002ee (0x000f0313) mv      t1, t5
0 0x00000000800002ee (0x000f0313) x 6 0x000000000000ff00
core   0: 0x00000000800002f2 (0x00010eb7) lui     t4, 0x10
0 0x00000000800002f2 (0x00010eb7) x29 0x0000000000010000
core   0: 0x00000000800002f6 (0xf00e8e9b) addiw   t4, t4, -256
0 0x00000000800002f6 (0xf00e8e9b) x29 0x000000000000ff00
core   0: 0x00000000800002fa (0x0fd31663) bne     t1, t4, pc + 236
0 0x00000000800002fa (0x0fd31663)
core   0: 0x00000000800002fe (0x00000205) c.addi  tp, 1
0 0x00000000800002fe (0x0205) x 4 0x0000000000000002
core   0: 0x0000000080000300 (0x00004289) c.li    t0, 2
0 0x0000000080000300 (0x4289) x 5 0x0000000000000002
core   0: 0x0000000080000302 (0xfc521ee3) bne     tp, t0, pc - 36
0 0x0000000080000302 (0xfc521ee3)
core   0: 0x0000000080000306 (0x000041bd) c.li    gp, 15
0 0x0000000080000306 (0x41bd) x 3 0x000000000000000f
core   0: 0x0000000080000308 (0x00002e17) auipc   t3, 0x2
0 0x0000000080000308 (0x00002e17) x28 0x0000000080002308
core   0: 0x000000008000030c (0xd08e0e13) addi    t3, t3, -760
0 0x000000008000030c (0xd08e0e13) x28 0x0000000080002010
core   0: 0x0000000080000310 (0x023e2e23) sw      gp, 60(t3)
0 0x0000000080000310 (0x023e2e23) mem 0x000000008000204c 0x0000000000000000
core   0: 0x0000000080000314 (0x00004201) c.li    tp, 0
0 0x0000000080000314 (0x4201) x 4 0x0000000000000000
core   0: 0x0000000080000316 (0x00002097) auipc   ra, 0x2
0 0x0000000080000316 (0x00002097) x 1 0x0000000080002316
core   0: 0x000000008000031a (0xcec08093) addi    ra, ra, -788
0 0x000000008000031a (0xcec08093) x 1 0x0000000080002002
core   0: 0x000000008000031e (0x0020df03) lhu     t5, 2(ra)
0 0x000000008000031e (0x0020df03) x30 0x0000000000000ff0 mem 0x0000000080002004
core   0: 0x0000000080000322 (0x00001eb7) lui     t4, 0x1
0 0x0000000080000322 (0x00001eb7) x29 0x0000000000001000
core   0: 0x0000000080000326 (0xff0e8e9b) addiw   t4, t4, -16
0 0x0000000080000326 (0xff0e8e9b) x29 0x0000000000000ff0
core   0: 0x000000008000032a (0x0bdf1e63) bne     t5, t4, pc + 188
0 0x000000008000032a (0x0bdf1e63)
core   0: 0x000000008000032e (0x00000205) c.addi  tp, 1
0 0x000000008000032e (0x0205) x 4 0x0000000000000001
core   0: 0x0000000080000330 (0x00004289) c.li    t0, 2
0 0x0000000080000330 (0x4289) x 5 0x0000000000000002
core   0: 0x0000000080000332 (0xfe5212e3) bne     tp, t0, pc - 28
0 0x0000000080000332 (0xfe5212e3)
core   0: 0x0000000080000316 (0x00002097) auipc   ra, 0x2
0 0x0000000080000316 (0x00002097) x 1 0x0000000080002316
core   0: 0x000000008000031a (0xcec08093) addi    ra, ra, -788
0 0x000000008000031a (0xcec08093) x 1 0x0000000080002002
core   0: 0x000000008000031e (0x0020df03) lhu     t5, 2(ra)
0 0x000000008000031e (0x0020df03) x30 0x0000000000000ff0 mem 0x0000000080002004
core   0: 0x0000000080000322 (0x00001eb7) lui     t4, 0x1
0 0x0000000080000322 (0x00001eb7) x29 0x0000000000001000
core   0: 0x0000000080000326 (0xff0e8e9b) addiw   t4, t4, -16
0 0x0000000080000326 (0xff0e8e9b) x29 0x0000000000000ff0
core   0: 0x000000008000032a (0x0bdf1e63) bne     t5, t4, pc + 188
0 0x000000008000032a (0x0bdf1e63)
core   0: 0x000000008000032e (0x00000205) c.addi  tp, 1
0 0x000000008000032e (0x0205) x 4 0x0000000000000002
core   0: 0x0000000080000330 (0x00004289) c.li    t0, 2
0 0x0000000080000330 (0x4289) x 5 0x0000000000000002
core   0: 0x0000000080000332 (0xfe5212e3) bne     tp, t0, pc - 28
0 0x0000000080000332 (0xfe5212e3)
core   0: 0x0000000080000336 (0x000041c1) c.li    gp, 16
0 0x0000000080000336 (0x41c1) x 3 0x0000000000000010
core   0: 0x0000000080000338 (0x00002e17) auipc   t3, 0x2
0 0x0000000080000338 (0x00002e17) x28 0x0000000080002338
core   0: 0x000000008000033c (0xcd8e0e13) addi    t3, t3, -808
0 0x000000008000033c (0xcd8e0e13) x28 0x0000000080002010
core   0: 0x0000000080000340 (0x043e2023) sw      gp, 64(t3)
0 0x0000000080000340 (0x043e2023) mem 0x0000000080002050 0x0000000000000000
core   0: 0x0000000080000344 (0x00004201) c.li    tp, 0
0 0x0000000080000344 (0x4201) x 4 0x0000000000000000
core   0: 0x0000000080000346 (0x00002097) auipc   ra, 0x2
0 0x0000000080000346 (0x00002097) x 1 0x0000000080002346
core   0: 0x000000008000034a (0xcbe08093) addi    ra, ra, -834
0 0x000000008000034a (0xcbe08093) x 1 0x0000000080002004
core   0: 0x000000008000034e (0x00000001) c.nop
0 0x000000008000034e (0x0001)
core   0: 0x0000000080000350 (0x0020df03) lhu     t5, 2(ra)
0 0x0000000080000350 (0x0020df03) x30 0x000000000000f00f mem 0x0000000080002006
core   0: 0x0000000080000354 (0x0000feb7) lui     t4, 0xf
0 0x0000000080000354 (0x0000feb7) x29 0x000000000000f000
core   0: 0x0000000080000358 (0x00fe8e9b) addiw   t4, t4, 15
0 0x0000000080000358 (0x00fe8e9b) x29 0x000000000000f00f
core   0: 0x000000008000035c (0x09df1563) bne     t5, t4, pc + 138
0 0x000000008000035c (0x09df1563)
core   0: 0x0000000080000360 (0x00000205) c.addi  tp, 1
0 0x0000000080000360 (0x0205) x 4 0x0000000000000001
core   0: 0x0000000080000362 (0x00004289) c.li    t0, 2
0 0x0000000080000362 (0x4289) x 5 0x0000000000000002
core   0: 0x0000000080000364 (0xfe5211e3) bne     tp, t0, pc - 30
0 0x0000000080000364 (0xfe5211e3)
core   0: 0x0000000080000346 (0x00002097) auipc   ra, 0x2
0 0x0000000080000346 (0x00002097) x 1 0x0000000080002346
core   0: 0x000000008000034a (0xcbe08093) addi    ra, ra, -834
0 0x000000008000034a (0xcbe08093) x 1 0x0000000080002004
core   0: 0x000000008000034e (0x00000001) c.nop
0 0x000000008000034e (0x0001)
core   0: 0x0000000080000350 (0x0020df03) lhu     t5, 2(ra)
0 0x0000000080000350 (0x0020df03) x30 0x000000000000f00f mem 0x0000000080002006
core   0: 0x0000000080000354 (0x0000feb7) lui     t4, 0xf
0 0x0000000080000354 (0x0000feb7) x29 0x000000000000f000
core   0: 0x0000000080000358 (0x00fe8e9b) addiw   t4, t4, 15
0 0x0000000080000358 (0x00fe8e9b) x29 0x000000000000f00f
core   0: 0x000000008000035c (0x09df1563) bne     t5, t4, pc + 138
0 0x000000008000035c (0x09df1563)
core   0: 0x0000000080000360 (0x00000205) c.addi  tp, 1
0 0x0000000080000360 (0x0205) x 4 0x0000000000000002
core   0: 0x0000000080000362 (0x00004289) c.li    t0, 2
0 0x0000000080000362 (0x4289) x 5 0x0000000000000002
core   0: 0x0000000080000364 (0xfe5211e3) bne     tp, t0, pc - 30
0 0x0000000080000364 (0xfe5211e3)
core   0: 0x0000000080000368 (0x000041c5) c.li    gp, 17
0 0x0000000080000368 (0x41c5) x 3 0x0000000000000011
core   0: 0x000000008000036a (0x00002e17) auipc   t3, 0x2
0 0x000000008000036a (0x00002e17) x28 0x000000008000236a
core   0: 0x000000008000036e (0xca6e0e13) addi    t3, t3, -858
0 0x000000008000036e (0xca6e0e13) x28 0x0000000080002010
core   0: 0x0000000080000372 (0x043e2223) sw      gp, 68(t3)
0 0x0000000080000372 (0x043e2223) mem 0x0000000080002054 0x0000000000000000
core   0: 0x0000000080000376 (0x00004201) c.li    tp, 0
0 0x0000000080000376 (0x4201) x 4 0x0000000000000000
core   0: 0x0000000080000378 (0x00002097) auipc   ra, 0x2
0 0x0000000080000378 (0x00002097) x 1 0x0000000080002378
core   0: 0x000000008000037c (0xc8808093) addi    ra, ra, -888
0 0x000000008000037c (0xc8808093) x 1 0x0000000080002000
core   0: 0x0000000080000380 (0x00000001) c.nop
0 0x0000000080000380 (0x0001)
core   0: 0x0000000080000382 (0x00000001) c.nop
0 0x0000000080000382 (0x0001)
core   0: 0x0000000080000384 (0x0020df03) lhu     t5, 2(ra)
0 0x0000000080000384 (0x0020df03) x30 0x000000000000ff00 mem 0x0000000080002002
core   0: 0x0000000080000388 (0x00010eb7) lui     t4, 0x10
0 0x0000000080000388 (0x00010eb7) x29 0x0000000000010000
core   0: 0x000000008000038c (0xf00e8e9b) addiw   t4, t4, -256
0 0x000000008000038c (0xf00e8e9b) x29 0x000000000000ff00
core   0: 0x0000000080000390 (0x05df1b63) bne     t5, t4, pc + 86
0 0x0000000080000390 (0x05df1b63)
core   0: 0x0000000080000394 (0x00000205) c.addi  tp, 1
0 0x0000000080000394 (0x0205) x 4 0x0000000000000001
core   0: 0x0000000080000396 (0x00004289) c.li    t0, 2
0 0x0000000080000396 (0x4289) x 5 0x0000000000000002
core   0: 0x0000000080000398 (0xfe5210e3) bne     tp, t0, pc - 32
0 0x0000000080000398 (0xfe5210e3)
core   0: 0x0000000080000378 (0x00002097) auipc   ra, 0x2
0 0x0000000080000378 (0x00002097) x 1 0x0000000080002378
core   0: 0x000000008000037c (0xc8808093) addi    ra, ra, -888
0 0x000000008000037c (0xc8808093) x 1 0x0000000080002000
core   0: 0x0000000080000380 (0x00000001) c.nop
0 0x0000000080000380 (0x0001)
core   0: 0x0000000080000382 (0x00000001) c.nop
0 0x0000000080000382 (0x0001)
core   0: 0x0000000080000384 (0x0020df03) lhu     t5, 2(ra)
0 0x0000000080000384 (0x0020df03) x30 0x000000000000ff00 mem 0x0000000080002002
core   0: 0x0000000080000388 (0x00010eb7) lui     t4, 0x10
0 0x0000000080000388 (0x00010eb7) x29 0x0000000000010000
core   0: 0x000000008000038c (0xf00e8e9b) addiw   t4, t4, -256
0 0x000000008000038c (0xf00e8e9b) x29 0x000000000000ff00
core   0: 0x0000000080000390 (0x05df1b63) bne     t5, t4, pc + 86
0 0x0000000080000390 (0x05df1b63)
core   0: 0x0000000080000394 (0x00000205) c.addi  tp, 1
0 0x0000000080000394 (0x0205) x 4 0x0000000000000002
core   0: 0x0000000080000396 (0x00004289) c.li    t0, 2
0 0x0000000080000396 (0x4289) x 5 0x0000000000000002
core   0: 0x0000000080000398 (0xfe5210e3) bne     tp, t0, pc - 32
0 0x0000000080000398 (0xfe5210e3)
core   0: 0x000000008000039c (0x00002297) auipc   t0, 0x2
0 0x000000008000039c (0x00002297) x 5 0x000000008000239c
core   0: 0x00000000800003a0 (0xc6428293) addi    t0, t0, -924
0 0x00000000800003a0 (0xc6428293) x 5 0x0000000080002000
core   0: 0x00000000800003a4 (0x0002d103) lhu     sp, 0(t0)
0 0x00000000800003a4 (0x0002d103) x 2 0x00000000000000ff mem 0x0000000080002000
core   0: 0x00000000800003a8 (0x00004109) c.li    sp, 2
0 0x00000000800003a8 (0x4109) x 2 0x0000000000000002
core   0: 0x00000000800003aa (0x00004e89) c.li    t4, 2
0 0x00000000800003aa (0x4e89) x29 0x0000000000000002
core   0: 0x00000000800003ac (0x000041c9) c.li    gp, 18
0 0x00000000800003ac (0x41c9) x 3 0x0000000000000012
core   0: 0x00000000800003ae (0x00002e17) auipc   t3, 0x2
0 0x00000000800003ae (0x00002e17) x28 0x00000000800023ae
core   0: 0x00000000800003b2 (0xc62e0e13) addi    t3, t3, -926
0 0x00000000800003b2 (0xc62e0e13) x28 0x0000000080002010
core   0: 0x00000000800003b6 (0x042e2423) sw      sp, 72(t3)
0 0x00000000800003b6 (0x042e2423) mem 0x0000000080002058 0x0000000000000000
core   0: 0x00000000800003ba (0x03d11663) bne     sp, t4, pc + 44
0 0x00000000800003ba (0x03d11663)
core   0: 0x00000000800003be (0x00002297) auipc   t0, 0x2
0 0x00000000800003be (0x00002297) x 5 0x00000000800023be
core   0: 0x00000000800003c2 (0xc4228293) addi    t0, t0, -958
0 0x00000000800003c2 (0xc4228293) x 5 0x0000000080002000
core   0: 0x00000000800003c6 (0x0002d103) lhu     sp, 0(t0)
0 0x00000000800003c6 (0x0002d103) x 2 0x00000000000000ff mem 0x0000000080002000
core   0: 0x00000000800003ca (0x00000001) c.nop
0 0x00000000800003ca (0x0001)
core   0: 0x00000000800003cc (0x00004109) c.li    sp, 2
0 0x00000000800003cc (0x4109) x 2 0x0000000000000002
core   0: 0x00000000800003ce (0x00004e89) c.li    t4, 2
0 0x00000000800003ce (0x4e89) x29 0x0000000000000002
core   0: 0x00000000800003d0 (0x000041cd) c.li    gp, 19
0 0x00000000800003d0 (0x41cd) x 3 0x0000000000000013
core   0: 0x00000000800003d2 (0x00002e17) auipc   t3, 0x2
0 0x00000000800003d2 (0x00002e17) x28 0x00000000800023d2
core   0: 0x00000000800003d6 (0xc3ee0e13) addi    t3, t3, -962
0 0x00000000800003d6 (0xc3ee0e13) x28 0x0000000080002010
core   0: 0x00000000800003da (0x042e2623) sw      sp, 76(t3)
0 0x00000000800003da (0x042e2623) mem 0x000000008000205c 0x0000000000000000
core   0: 0x00000000800003de (0x01d11463) bne     sp, t4, pc + 8
0 0x00000000800003de (0x01d11463)
core   0: 0x00000000800003e2 (0x00301d63) bne     zero, gp, pc + 26
0 0x00000000800003e2 (0x00301d63)
core   0: 0x00000000800003fc (0x0ff0000f) fence   iorw,iorw
0 0x00000000800003fc (0x0ff0000f)
core   0: 0x0000000080000400 (0x00004185) c.li    gp, 1
0 0x0000000080000400 (0x4185) x 3 0x0000000000000001
core   0: 0x0000000080000402 (0x00002e17) auipc   t3, 0x2
0 0x0000000080000402 (0x00002e17) x28 0x0000000080002402
core   0: 0x0000000080000406 (0xc0ee0e13) addi    t3, t3, -1010
0 0x0000000080000406 (0xc0ee0e13) x28 0x0000000080002010
core   0: 0x000000008000040a (0x003e2023) sw      gp, 0(t3)
0 0x000000008000040a (0x003e2023) mem 0x0000000080002010 0x0000000000000000
core   0: 0x000000008000040e (0x00000073) ecall
0 0x000000008000040e (0x00000073)
