core   0: 0x0000000000010000 (0x00100413) li      s0, 1
3 0x0000000000010000 (0x00100413) x 8 0x0000000000000001
core   0: 0x0000000000010004 (0x01f41413) slli    s0, s0, 31
3 0x0000000000010004 (0x01f41413) x 8 0x0000000080000000
core   0: 0x0000000000010008 (0xf1402573) csrr    a0, mhartid
3 0x0000000000010008 (0xf1402573) x10 0x0000000000000000
core   0: 0x000000000001000c (0x00000597) auipc   a1, 0x0
3 0x000000000001000c (0x00000597) x11 0x000000000001000c
core   0: 0x0000000000010010 (0x07458593) addi    a1, a1, 116
3 0x0000000000010010 (0x07458593) x11 0x0000000000010080
core   0: 0x0000000000010014 (0x00040067) jr      s0
3 0x0000000000010014 (0x00040067)
core   0: 0x0000000080000000 (0x0000a081) c.j     pc + 64
3 0x0000000080000000 (0xa081)
core   0: 0x0000000080000040 (0xf1402573) csrr    a0, mhartid
3 0x0000000080000040 (0xf1402573) x10 0x0000000000000000
core   0: 0x0000000080000044 (0x0000e101) c.bnez  a0, pc + 0
3 0x0000000080000044 (0xe101)
core   0: 0x0000000080000046 (0x00000297) auipc   t0, 0x0
3 0x0000000080000046 (0x00000297) x 5 0x0000000080000046
core   0: 0x000000008000004a (0x01228293) addi    t0, t0, 18
3 0x000000008000004a (0x01228293) x 5 0x0000000080000058
core   0: 0x000000008000004e (0x30529073) csrw    mtvec, t0
3 0x000000008000004e (0x30529073)
core   0: 0x0000000080000052 (0x18005073) csrwi   satp, 0
3 0x0000000080000052 (0x18005073)
core   0: 0x0000000080000056 (0x00000001) c.nop
3 0x0000000080000056 (0x0001)
core   0: 0x0000000080000058 (0x00000297) auipc   t0, 0x0
3 0x0000000080000058 (0x00000297) x 5 0x0000000080000058
core   0: 0x000000008000005c (0x01828293) addi    t0, t0, 24
3 0x000000008000005c (0x01828293) x 5 0x0000000080000070
core   0: 0x0000000080000060 (0x30529073) csrw    mtvec, t0
3 0x0000000080000060 (0x30529073)
core   0: 0x0000000080000064 (0x000052fd) c.li    t0, -1
3 0x0000000080000064 (0x52fd) x 5 0xffffffffffffffff
core   0: 0x0000000080000066 (0x3b029073) csrw    pmpaddr0, t0
3 0x0000000080000066 (0x3b029073)
core   0: 0x000000008000006a (0x000042fd) c.li    t0, 31
3 0x000000008000006a (0x42fd) x 5 0x000000000000001f
core   0: 0x000000008000006c (0x3a029073) csrw    pmpcfg0, t0
3 0x000000008000006c (0x3a029073)
core   0: 0x0000000080000070 (0x00000297) auipc   t0, 0x0
3 0x0000000080000070 (0x00000297) x 5 0x0000000080000070
core   0: 0x0000000080000074 (0x01828293) addi    t0, t0, 24
3 0x0000000080000074 (0x01828293) x 5 0x0000000080000088
core   0: 0x0000000080000078 (0x30529073) csrw    mtvec, t0
3 0x0000000080000078 (0x30529073)
core   0: 0x000000008000007c (0x30205073) csrwi   medeleg, 0
3 0x000000008000007c (0x30205073)
core   0: 0x0000000080000080 (0x30305073) csrwi   mideleg, 0
3 0x0000000080000080 (0x30305073)
core   0: 0x0000000080000084 (0x30405073) csrwi   mie, 0
3 0x0000000080000084 (0x30405073)
core   0: 0x0000000080000088 (0x00004181) c.li    gp, 0
3 0x0000000080000088 (0x4181) x 3 0x0000000000000000
core   0: 0x000000008000008a (0x00000297) auipc   t0, 0x0
3 0x000000008000008a (0x00000297) x 5 0x000000008000008a
core   0: 0x000000008000008e (0xf7a28293) addi    t0, t0, -134
3 0x000000008000008e (0xf7a28293) x 5 0x0000000080000004
core   0: 0x0000000080000092 (0x30529073) csrw    mtvec, t0
3 0x0000000080000092 (0x30529073)
core   0: 0x0000000080000096 (0x00004505) c.li    a0, 1
3 0x0000000080000096 (0x4505) x10 0x0000000000000001
core   0: 0x0000000080000098 (0x0000057e) c.slli  a0, 31
3 0x0000000080000098 (0x057e) x10 0x0000000080000000
core   0: 0x000000008000009a (0x00055d63) bgez    a0, pc + 26
3 0x000000008000009a (0x00055d63)
core   0: 0x00000000800000b4 (0x80000297) auipc   t0, 0x80000
3 0x00000000800000b4 (0x80000297) x 5 0x00000000000000b4
core   0: 0x00000000800000b8 (0xf4c28293) addi    t0, t0, -180
3 0x00000000800000b8 (0xf4c28293) x 5 0x0000000000000000
core   0: 0x00000000800000bc (0x00028e63) beqz    t0, pc + 28
3 0x00000000800000bc (0x00028e63)
core   0: 0x00000000800000d8 (0x30005073) csrwi   mstatus, 0
3 0x00000000800000d8 (0x30005073)
core   0: 0x00000000800000dc (0x00002537) lui     a0, 0x2
3 0x00000000800000dc (0x00002537) x10 0x0000000000002000
core   0: 0x00000000800000e0 (0x8005051b) addiw   a0, a0, -2048
3 0x00000000800000e0 (0x8005051b) x10 0x0000000000001800
core   0: 0x00000000800000e4 (0x30052073) csrs    mstatus, a0
3 0x00000000800000e4 (0x30052073)
core   0: 0x00000000800000e8 (0x00000297) auipc   t0, 0x0
3 0x00000000800000e8 (0x00000297) x 5 0x00000000800000e8
core   0: 0x00000000800000ec (0x01428293) addi    t0, t0, 20
3 0x00000000800000ec (0x01428293) x 5 0x00000000800000fc
core   0: 0x00000000800000f0 (0x34129073) csrw    mepc, t0
3 0x00000000800000f0 (0x34129073)
core   0: 0x00000000800000f4 (0xf1402573) csrr    a0, mhartid
3 0x00000000800000f4 (0xf1402573) x10 0x0000000000000000
core   0: 0x00000000800000f8 (0x30200073) mret
3 0x00000000800000f8 (0x30200073)
core   0: 0x00000000800000fc (0x00002417) auipc   s0, 0x2
3 0x00000000800000fc (0x00002417) x 8 0x00000000800020fc
core   0: 0x0000000080000100 (0xf0440413) addi    s0, s0, -252
3 0x0000000080000100 (0xf0440413) x 8 0x0000000080002000
core   0: 0x0000000080000104 (0x00400493) li      s1, 4
3 0x0000000080000104 (0x00400493) x 9 0x0000000000000004
core   0: 0x0000000080000108 (0x00200193) li      gp, 2
3 0x0000000080000108 (0x00200193) x 3 0x0000000000000002
core   0: 0x000000008000010c (0x00002e17) auipc   t3, 0x2
3 0x000000008000010c (0x00002e17) x28 0x000000008000210c
core   0: 0x0000000080000110 (0x004e0e13) addi    t3, t3, 4
3 0x0000000080000110 (0x004e0e13) x28 0x0000000080002110
core   0: 0x0000000080000114 (0x003e2423) sw      gp, 8(t3)
3 0x0000000080000114 (0x003e2423) mem 0x0000000080002118 0x0000000000000000
core   0: 0x0000000080000118 (0x00000397) auipc   t2, 0x0
3 0x0000000080000118 (0x00000397) x 7 0x0000000080000118
core   0: 0x000000008000011c (0x01c38393) addi    t2, t2, 28
3 0x000000008000011c (0x01c38393) x 7 0x0000000080000134
core   0: 0x0000000080000120 (0x00140313) addi    t1, s0, 1
3 0x0000000080000120 (0x00140313) x 6 0x0000000080002001
LD_ADDR_MISALIGNED exception @ 0x0000000080000124
LD_ADDR_MISALIGNED exception @ 0x0000000080000128
core   0: 0x0000000080000004 (0x34202f73) csrr    t5, mcause
3 0x0000000080000004 (0x34202f73) x30 0x0000000000000004
core   0: 0x0000000080000008 (0x00004fa1) c.li    t6, 8
3 0x0000000080000008 (0x4fa1) x31 0x0000000000000008
core   0: 0x000000008000000a (0x03ff0663) beq     t5, t6, pc + 44
3 0x000000008000000a (0x03ff0663)
core   0: 0x000000008000000e (0x00004fa5) c.li    t6, 9
3 0x000000008000000e (0x4fa5) x31 0x0000000000000009
core   0: 0x0000000080000010 (0x03ff0363) beq     t5, t6, pc + 38
3 0x0000000080000010 (0x03ff0363)
core   0: 0x0000000080000014 (0x00004fad) c.li    t6, 11
3 0x0000000080000014 (0x4fad) x31 0x000000000000000b
core   0: 0x0000000080000016 (0x03ff0063) beq     t5, t6, pc + 32
3 0x0000000080000016 (0x03ff0063)
core   0: 0x000000008000001a (0x00000f17) auipc   t5, 0x0
3 0x000000008000001a (0x00000f17) x30 0x000000008000001a
core   0: 0x000000008000001e (0x6a6f0f13) addi    t5, t5, 1702
3 0x000000008000001e (0x6a6f0f13) x30 0x00000000800006c0
core   0: 0x0000000080000022 (0x000f0363) beqz    t5, pc + 6
3 0x0000000080000022 (0x000f0363)
core   0: 0x0000000080000026 (0x00008f02) c.jr    t5
3 0x0000000080000026 (0x8f02)
core   0: 0x00000000800006c0 (0x342022f3) csrr    t0, mcause
3 0x00000000800006c0 (0x342022f3) x 5 0x0000000000000004
core   0: 0x00000000800006c4 (0xfc9296e3) bne     t0, s1, pc - 52
3 0x00000000800006c4 (0xfc9296e3)
core   0: 0x00000000800006c8 (0x343022f3) csrr    t0, mtval
3 0x00000000800006c8 (0x343022f3) x 5 0x0000000080002001
core   0: 0x00000000800006cc (0xfc6292e3) bne     t0, t1, pc - 60
3 0x00000000800006cc (0xfc6292e3)
core   0: 0x00000000800006d0 (0x00028283) lb      t0, 0(t0)
3 0x00000000800006d0 (0x00028283) x 5 0xffffffffffffffcc mem 0x0000000080002001
core   0: 0x00000000800006d4 (0xfa028ee3) beqz    t0, pc - 68
3 0x00000000800006d4 (0xfa028ee3)
core   0: 0x00000000800006d8 (0x34139073) csrw    mepc, t2
3 0x00000000800006d8 (0x34139073)
core   0: 0x00000000800006dc (0x30200073) mret
3 0x00000000800006dc (0x30200073)
core   0: 0x0000000080000134 (0x00300193) li      gp, 3
3 0x0000000080000134 (0x00300193) x 3 0x0000000000000003
core   0: 0x0000000080000138 (0x00002e17) auipc   t3, 0x2
3 0x0000000080000138 (0x00002e17) x28 0x0000000080002138
core   0: 0x000000008000013c (0xfd8e0e13) addi    t3, t3, -40
3 0x000000008000013c (0xfd8e0e13) x28 0x0000000080002110
core   0: 0x0000000080000140 (0x003e2623) sw      gp, 12(t3)
3 0x0000000080000140 (0x003e2623) mem 0x000000008000211c 0x0000000000000000
core   0: 0x0000000080000144 (0x00000397) auipc   t2, 0x0
3 0x0000000080000144 (0x00000397) x 7 0x0000000080000144
core   0: 0x0000000080000148 (0x01c38393) addi    t2, t2, 28
3 0x0000000080000148 (0x01c38393) x 7 0x0000000080000160
core   0: 0x000000008000014c (0x00140313) addi    t1, s0, 1
3 0x000000008000014c (0x00140313) x 6 0x0000000080002001
LD_ADDR_MISALIGNED exception @ 0x0000000080000150
LD_ADDR_MISALIGNED exception @ 0x0000000080000154
core   0: 0x0000000080000004 (0x34202f73) csrr    t5, mcause
3 0x0000000080000004 (0x34202f73) x30 0x0000000000000004
core   0: 0x0000000080000008 (0x00004fa1) c.li    t6, 8
3 0x0000000080000008 (0x4fa1) x31 0x0000000000000008
core   0: 0x000000008000000a (0x03ff0663) beq     t5, t6, pc + 44
3 0x000000008000000a (0x03ff0663)
core   0: 0x000000008000000e (0x00004fa5) c.li    t6, 9
3 0x000000008000000e (0x4fa5) x31 0x0000000000000009
core   0: 0x0000000080000010 (0x03ff0363) beq     t5, t6, pc + 38
3 0x0000000080000010 (0x03ff0363)
core   0: 0x0000000080000014 (0x00004fad) c.li    t6, 11
3 0x0000000080000014 (0x4fad) x31 0x000000000000000b
core   0: 0x0000000080000016 (0x03ff0063) beq     t5, t6, pc + 32
3 0x0000000080000016 (0x03ff0063)
core   0: 0x000000008000001a (0x00000f17) auipc   t5, 0x0
3 0x000000008000001a (0x00000f17) x30 0x000000008000001a
core   0: 0x000000008000001e (0x6a6f0f13) addi    t5, t5, 1702
3 0x000000008000001e (0x6a6f0f13) x30 0x00000000800006c0
core   0: 0x0000000080000022 (0x000f0363) beqz    t5, pc + 6
3 0x0000000080000022 (0x000f0363)
core   0: 0x0000000080000026 (0x00008f02) c.jr    t5
3 0x0000000080000026 (0x8f02)
core   0: 0x00000000800006c0 (0x342022f3) csrr    t0, mcause
3 0x00000000800006c0 (0x342022f3) x 5 0x0000000000000004
core   0: 0x00000000800006c4 (0xfc9296e3) bne     t0, s1, pc - 52
3 0x00000000800006c4 (0xfc9296e3)
core   0: 0x00000000800006c8 (0x343022f3) csrr    t0, mtval
3 0x00000000800006c8 (0x343022f3) x 5 0x0000000080002001
core   0: 0x00000000800006cc (0xfc6292e3) bne     t0, t1, pc - 60
3 0x00000000800006cc (0xfc6292e3)
core   0: 0x00000000800006d0 (0x00028283) lb      t0, 0(t0)
3 0x00000000800006d0 (0x00028283) x 5 0xffffffffffffffcc mem 0x0000000080002001
core   0: 0x00000000800006d4 (0xfa028ee3) beqz    t0, pc - 68
3 0x00000000800006d4 (0xfa028ee3)
core   0: 0x00000000800006d8 (0x34139073) csrw    mepc, t2
3 0x00000000800006d8 (0x34139073)
core   0: 0x00000000800006dc (0x30200073) mret
3 0x00000000800006dc (0x30200073)
core   0: 0x0000000080000160 (0x00400193) li      gp, 4
3 0x0000000080000160 (0x00400193) x 3 0x0000000000000004
core   0: 0x0000000080000164 (0x00002e17) auipc   t3, 0x2
3 0x0000000080000164 (0x00002e17) x28 0x0000000080002164
core   0: 0x0000000080000168 (0xface0e13) addi    t3, t3, -84
3 0x0000000080000168 (0xface0e13) x28 0x0000000080002110
core   0: 0x000000008000016c (0x003e2823) sw      gp, 16(t3)
3 0x000000008000016c (0x003e2823) mem 0x0000000080002120 0x0000000000000000
core   0: 0x0000000080000170 (0x00000397) auipc   t2, 0x0
3 0x0000000080000170 (0x00000397) x 7 0x0000000080000170
core   0: 0x0000000080000174 (0x01c38393) addi    t2, t2, 28
3 0x0000000080000174 (0x01c38393) x 7 0x000000008000018c
core   0: 0x0000000080000178 (0x00140313) addi    t1, s0, 1
3 0x0000000080000178 (0x00140313) x 6 0x0000000080002001
LD_ADDR_MISALIGNED exception @ 0x000000008000017c
core   0: 0x0000000080000004 (0x34202f73) csrr    t5, mcause
3 0x0000000080000004 (0x34202f73) x30 0x0000000000000004
core   0: 0x0000000080000008 (0x00004fa1) c.li    t6, 8
3 0x0000000080000008 (0x4fa1) x31 0x0000000000000008
core   0: 0x000000008000000a (0x03ff0663) beq     t5, t6, pc + 44
3 0x000000008000000a (0x03ff0663)
core   0: 0x000000008000000e (0x00004fa5) c.li    t6, 9
3 0x000000008000000e (0x4fa5) x31 0x0000000000000009
core   0: 0x0000000080000010 (0x03ff0363) beq     t5, t6, pc + 38
3 0x0000000080000010 (0x03ff0363)
core   0: 0x0000000080000014 (0x00004fad) c.li    t6, 11
3 0x0000000080000014 (0x4fad) x31 0x000000000000000b
core   0: 0x0000000080000016 (0x03ff0063) beq     t5, t6, pc + 32
3 0x0000000080000016 (0x03ff0063)
core   0: 0x000000008000001a (0x00000f17) auipc   t5, 0x0
3 0x000000008000001a (0x00000f17) x30 0x000000008000001a
core   0: 0x000000008000001e (0x6a6f0f13) addi    t5, t5, 1702
3 0x000000008000001e (0x6a6f0f13) x30 0x00000000800006c0
core   0: 0x0000000080000022 (0x000f0363) beqz    t5, pc + 6
3 0x0000000080000022 (0x000f0363)
core   0: 0x0000000080000026 (0x00008f02) c.jr    t5
3 0x0000000080000026 (0x8f02)
core   0: 0x00000000800006c0 (0x342022f3) csrr    t0, mcause
3 0x00000000800006c0 (0x342022f3) x 5 0x0000000000000004
core   0: 0x00000000800006c4 (0xfc9296e3) bne     t0, s1, pc - 52
3 0x00000000800006c4 (0xfc9296e3)
core   0: 0x00000000800006c8 (0x343022f3) csrr    t0, mtval
3 0x00000000800006c8 (0x343022f3) x 5 0x0000000080002001
core   0: 0x00000000800006cc (0xfc6292e3) bne     t0, t1, pc - 60
3 0x00000000800006cc (0xfc6292e3)
core   0: 0x00000000800006d0 (0x00028283) lb      t0, 0(t0)
3 0x00000000800006d0 (0x00028283) x 5 0xffffffffffffffcc mem 0x0000000080002001
core   0: 0x00000000800006d4 (0xfa028ee3) beqz    t0, pc - 68
3 0x00000000800006d4 (0xfa028ee3)
core   0: 0x00000000800006d8 (0x34139073) csrw    mepc, t2
3 0x00000000800006d8 (0x34139073)
core   0: 0x00000000800006dc (0x30200073) mret
3 0x00000000800006dc (0x30200073)
core   0: 0x000000008000018c (0x00500193) li      gp, 5
3 0x000000008000018c (0x00500193) x 3 0x0000000000000005
core   0: 0x0000000080000190 (0x00002e17) auipc   t3, 0x2
3 0x0000000080000190 (0x00002e17) x28 0x0000000080002190
core   0: 0x0000000080000194 (0xf80e0e13) addi    t3, t3, -128
3 0x0000000080000194 (0xf80e0e13) x28 0x0000000080002110
core   0: 0x0000000080000198 (0x003e2a23) sw      gp, 20(t3)
3 0x0000000080000198 (0x003e2a23) mem 0x0000000080002124 0x0000000000000000
core   0: 0x000000008000019c (0x00000397) auipc   t2, 0x0
3 0x000000008000019c (0x00000397) x 7 0x000000008000019c
core   0: 0x00000000800001a0 (0x01c38393) addi    t2, t2, 28
3 0x00000000800001a0 (0x01c38393) x 7 0x00000000800001b8
core   0: 0x00000000800001a4 (0x00240313) addi    t1, s0, 2
3 0x00000000800001a4 (0x00240313) x 6 0x0000000080002002
LD_ADDR_MISALIGNED exception @ 0x00000000800001a8
LD_ADDR_MISALIGNED exception @ 0x00000000800001ac
core   0: 0x0000000080000004 (0x34202f73) csrr    t5, mcause
3 0x0000000080000004 (0x34202f73) x30 0x0000000000000004
core   0: 0x0000000080000008 (0x00004fa1) c.li    t6, 8
3 0x0000000080000008 (0x4fa1) x31 0x0000000000000008
core   0: 0x000000008000000a (0x03ff0663) beq     t5, t6, pc + 44
3 0x000000008000000a (0x03ff0663)
core   0: 0x000000008000000e (0x00004fa5) c.li    t6, 9
3 0x000000008000000e (0x4fa5) x31 0x0000000000000009
core   0: 0x0000000080000010 (0x03ff0363) beq     t5, t6, pc + 38
3 0x0000000080000010 (0x03ff0363)
core   0: 0x0000000080000014 (0x00004fad) c.li    t6, 11
3 0x0000000080000014 (0x4fad) x31 0x000000000000000b
core   0: 0x0000000080000016 (0x03ff0063) beq     t5, t6, pc + 32
3 0x0000000080000016 (0x03ff0063)
core   0: 0x000000008000001a (0x00000f17) auipc   t5, 0x0
3 0x000000008000001a (0x00000f17) x30 0x000000008000001a
core   0: 0x000000008000001e (0x6a6f0f13) addi    t5, t5, 1702
3 0x000000008000001e (0x6a6f0f13) x30 0x00000000800006c0
core   0: 0x0000000080000022 (0x000f0363) beqz    t5, pc + 6
3 0x0000000080000022 (0x000f0363)
core   0: 0x0000000080000026 (0x00008f02) c.jr    t5
3 0x0000000080000026 (0x8f02)
core   0: 0x00000000800006c0 (0x342022f3) csrr    t0, mcause
3 0x00000000800006c0 (0x342022f3) x 5 0x0000000000000004
core   0: 0x00000000800006c4 (0xfc9296e3) bne     t0, s1, pc - 52
3 0x00000000800006c4 (0xfc9296e3)
core   0: 0x00000000800006c8 (0x343022f3) csrr    t0, mtval
3 0x00000000800006c8 (0x343022f3) x 5 0x0000000080002002
core   0: 0x00000000800006cc (0xfc6292e3) bne     t0, t1, pc - 60
3 0x00000000800006cc (0xfc6292e3)
core   0: 0x00000000800006d0 (0x00028283) lb      t0, 0(t0)
3 0x00000000800006d0 (0x00028283) x 5 0xffffffffffffffbb mem 0x0000000080002002
core   0: 0x00000000800006d4 (0xfa028ee3) beqz    t0, pc - 68
3 0x00000000800006d4 (0xfa028ee3)
core   0: 0x00000000800006d8 (0x34139073) csrw    mepc, t2
3 0x00000000800006d8 (0x34139073)
core   0: 0x00000000800006dc (0x30200073) mret
3 0x00000000800006dc (0x30200073)
core   0: 0x00000000800001b8 (0x00600193) li      gp, 6
3 0x00000000800001b8 (0x00600193) x 3 0x0000000000000006
core   0: 0x00000000800001bc (0x00002e17) auipc   t3, 0x2
3 0x00000000800001bc (0x00002e17) x28 0x00000000800021bc
core   0: 0x00000000800001c0 (0xf54e0e13) addi    t3, t3, -172
3 0x00000000800001c0 (0xf54e0e13) x28 0x0000000080002110
core   0: 0x00000000800001c4 (0x003e2c23) sw      gp, 24(t3)
3 0x00000000800001c4 (0x003e2c23) mem 0x0000000080002128 0x0000000000000000
core   0: 0x00000000800001c8 (0x00000397) auipc   t2, 0x0
3 0x00000000800001c8 (0x00000397) x 7 0x00000000800001c8
core   0: 0x00000000800001cc (0x01c38393) addi    t2, t2, 28
3 0x00000000800001cc (0x01c38393) x 7 0x00000000800001e4
core   0: 0x00000000800001d0 (0x00340313) addi    t1, s0, 3
3 0x00000000800001d0 (0x00340313) x 6 0x0000000080002003
LD_ADDR_MISALIGNED exception @ 0x00000000800001d4
LD_ADDR_MISALIGNED exception @ 0x00000000800001d8
core   0: 0x0000000080000004 (0x34202f73) csrr    t5, mcause
3 0x0000000080000004 (0x34202f73) x30 0x0000000000000004
core   0: 0x0000000080000008 (0x00004fa1) c.li    t6, 8
3 0x0000000080000008 (0x4fa1) x31 0x0000000000000008
core   0: 0x000000008000000a (0x03ff0663) beq     t5, t6, pc + 44
3 0x000000008000000a (0x03ff0663)
core   0: 0x000000008000000e (0x00004fa5) c.li    t6, 9
3 0x000000008000000e (0x4fa5) x31 0x0000000000000009
core   0: 0x0000000080000010 (0x03ff0363) beq     t5, t6, pc + 38
3 0x0000000080000010 (0x03ff0363)
core   0: 0x0000000080000014 (0x00004fad) c.li    t6, 11
3 0x0000000080000014 (0x4fad) x31 0x000000000000000b
core   0: 0x0000000080000016 (0x03ff0063) beq     t5, t6, pc + 32
3 0x0000000080000016 (0x03ff0063)
core   0: 0x000000008000001a (0x00000f17) auipc   t5, 0x0
3 0x000000008000001a (0x00000f17) x30 0x000000008000001a
core   0: 0x000000008000001e (0x6a6f0f13) addi    t5, t5, 1702
3 0x000000008000001e (0x6a6f0f13) x30 0x00000000800006c0
core   0: 0x0000000080000022 (0x000f0363) beqz    t5, pc + 6
3 0x0000000080000022 (0x000f0363)
core   0: 0x0000000080000026 (0x00008f02) c.jr    t5
3 0x0000000080000026 (0x8f02)
core   0: 0x00000000800006c0 (0x342022f3) csrr    t0, mcause
3 0x00000000800006c0 (0x342022f3) x 5 0x0000000000000004
core   0: 0x00000000800006c4 (0xfc9296e3) bne     t0, s1, pc - 52
3 0x00000000800006c4 (0xfc9296e3)
core   0: 0x00000000800006c8 (0x343022f3) csrr    t0, mtval
3 0x00000000800006c8 (0x343022f3) x 5 0x0000000080002003
core   0: 0x00000000800006cc (0xfc6292e3) bne     t0, t1, pc - 60
3 0x00000000800006cc (0xfc6292e3)
core   0: 0x00000000800006d0 (0x00028283) lb      t0, 0(t0)
3 0x00000000800006d0 (0x00028283) x 5 0xffffffffffffffaa mem 0x0000000080002003
core   0: 0x00000000800006d4 (0xfa028ee3) beqz    t0, pc - 68
3 0x00000000800006d4 (0xfa028ee3)
core   0: 0x00000000800006d8 (0x34139073) csrw    mepc, t2
3 0x00000000800006d8 (0x34139073)
core   0: 0x00000000800006dc (0x30200073) mret
3 0x00000000800006dc (0x30200073)
core   0: 0x00000000800001e4 (0x00700193) li      gp, 7
3 0x00000000800001e4 (0x00700193) x 3 0x0000000000000007
core   0: 0x00000000800001e8 (0x00002e17) auipc   t3, 0x2
3 0x00000000800001e8 (0x00002e17) x28 0x00000000800021e8
core   0: 0x00000000800001ec (0xf28e0e13) addi    t3, t3, -216
3 0x00000000800001ec (0xf28e0e13) x28 0x0000000080002110
core   0: 0x00000000800001f0 (0x003e2e23) sw      gp, 28(t3)
3 0x00000000800001f0 (0x003e2e23) mem 0x000000008000212c 0x0000000000000000
core   0: 0x00000000800001f4 (0x00000397) auipc   t2, 0x0
3 0x00000000800001f4 (0x00000397) x 7 0x00000000800001f4
core   0: 0x00000000800001f8 (0x02438393) addi    t2, t2, 36
3 0x00000000800001f8 (0x02438393) x 7 0x0000000080000218
core   0: 0x00000000800001fc (0x00140313) addi    t1, s0, 1
3 0x00000000800001fc (0x00140313) x 6 0x0000000080002001
LD_ADDR_MISALIGNED exception @ 0x0000000080000200
LD_ADDR_MISALIGNED exception @ 0x0000000080000204
core   0: 0x0000000080000004 (0x34202f73) csrr    t5, mcause
3 0x0000000080000004 (0x34202f73) x30 0x0000000000000004
core   0: 0x0000000080000008 (0x00004fa1) c.li    t6, 8
3 0x0000000080000008 (0x4fa1) x31 0x0000000000000008
core   0: 0x000000008000000a (0x03ff0663) beq     t5, t6, pc + 44
3 0x000000008000000a (0x03ff0663)
core   0: 0x000000008000000e (0x00004fa5) c.li    t6, 9
3 0x000000008000000e (0x4fa5) x31 0x0000000000000009
core   0: 0x0000000080000010 (0x03ff0363) beq     t5, t6, pc + 38
3 0x0000000080000010 (0x03ff0363)
core   0: 0x0000000080000014 (0x00004fad) c.li    t6, 11
3 0x0000000080000014 (0x4fad) x31 0x000000000000000b
core   0: 0x0000000080000016 (0x03ff0063) beq     t5, t6, pc + 32
3 0x0000000080000016 (0x03ff0063)
core   0: 0x000000008000001a (0x00000f17) auipc   t5, 0x0
3 0x000000008000001a (0x00000f17) x30 0x000000008000001a
core   0: 0x000000008000001e (0x6a6f0f13) addi    t5, t5, 1702
3 0x000000008000001e (0x6a6f0f13) x30 0x00000000800006c0
core   0: 0x0000000080000022 (0x000f0363) beqz    t5, pc + 6
3 0x0000000080000022 (0x000f0363)
core   0: 0x0000000080000026 (0x00008f02) c.jr    t5
3 0x0000000080000026 (0x8f02)
core   0: 0x00000000800006c0 (0x342022f3) csrr    t0, mcause
3 0x00000000800006c0 (0x342022f3) x 5 0x0000000000000004
core   0: 0x00000000800006c4 (0xfc9296e3) bne     t0, s1, pc - 52
3 0x00000000800006c4 (0xfc9296e3)
core   0: 0x00000000800006c8 (0x343022f3) csrr    t0, mtval
3 0x00000000800006c8 (0x343022f3) x 5 0x0000000080002001
core   0: 0x00000000800006cc (0xfc6292e3) bne     t0, t1, pc - 60
3 0x00000000800006cc (0xfc6292e3)
core   0: 0x00000000800006d0 (0x00028283) lb      t0, 0(t0)
3 0x00000000800006d0 (0x00028283) x 5 0xffffffffffffffcc mem 0x0000000080002001
core   0: 0x00000000800006d4 (0xfa028ee3) beqz    t0, pc - 68
3 0x00000000800006d4 (0xfa028ee3)
core   0: 0x00000000800006d8 (0x34139073) csrw    mepc, t2
3 0x00000000800006d8 (0x34139073)
core   0: 0x00000000800006dc (0x30200073) mret
3 0x00000000800006dc (0x30200073)
core   0: 0x0000000080000218 (0x00800193) li      gp, 8
3 0x0000000080000218 (0x00800193) x 3 0x0000000000000008
core   0: 0x000000008000021c (0x00002e17) auipc   t3, 0x2
3 0x000000008000021c (0x00002e17) x28 0x000000008000221c
core   0: 0x0000000080000220 (0xef4e0e13) addi    t3, t3, -268
3 0x0000000080000220 (0xef4e0e13) x28 0x0000000080002110
core   0: 0x0000000080000224 (0x023e2023) sw      gp, 32(t3)
3 0x0000000080000224 (0x023e2023) mem 0x0000000080002130 0x0000000000000000
core   0: 0x0000000080000228 (0x00000397) auipc   t2, 0x0
3 0x0000000080000228 (0x00000397) x 7 0x0000000080000228
core   0: 0x000000008000022c (0x02438393) addi    t2, t2, 36
3 0x000000008000022c (0x02438393) x 7 0x000000008000024c
core   0: 0x0000000080000230 (0x00240313) addi    t1, s0, 2
3 0x0000000080000230 (0x00240313) x 6 0x0000000080002002
LD_ADDR_MISALIGNED exception @ 0x0000000080000234
LD_ADDR_MISALIGNED exception @ 0x0000000080000238
core   0: 0x0000000080000004 (0x34202f73) csrr    t5, mcause
3 0x0000000080000004 (0x34202f73) x30 0x0000000000000004
core   0: 0x0000000080000008 (0x00004fa1) c.li    t6, 8
3 0x0000000080000008 (0x4fa1) x31 0x0000000000000008
core   0: 0x000000008000000a (0x03ff0663) beq     t5, t6, pc + 44
3 0x000000008000000a (0x03ff0663)
core   0: 0x000000008000000e (0x00004fa5) c.li    t6, 9
3 0x000000008000000e (0x4fa5) x31 0x0000000000000009
core   0: 0x0000000080000010 (0x03ff0363) beq     t5, t6, pc + 38
3 0x0000000080000010 (0x03ff0363)
core   0: 0x0000000080000014 (0x00004fad) c.li    t6, 11
3 0x0000000080000014 (0x4fad) x31 0x000000000000000b
core   0: 0x0000000080000016 (0x03ff0063) beq     t5, t6, pc + 32
3 0x0000000080000016 (0x03ff0063)
core   0: 0x000000008000001a (0x00000f17) auipc   t5, 0x0
3 0x000000008000001a (0x00000f17) x30 0x000000008000001a
core   0: 0x000000008000001e (0x6a6f0f13) addi    t5, t5, 1702
3 0x000000008000001e (0x6a6f0f13) x30 0x00000000800006c0
core   0: 0x0000000080000022 (0x000f0363) beqz    t5, pc + 6
3 0x0000000080000022 (0x000f0363)
core   0: 0x0000000080000026 (0x00008f02) c.jr    t5
3 0x0000000080000026 (0x8f02)
core   0: 0x00000000800006c0 (0x342022f3) csrr    t0, mcause
3 0x00000000800006c0 (0x342022f3) x 5 0x0000000000000004
core   0: 0x00000000800006c4 (0xfc9296e3) bne     t0, s1, pc - 52
3 0x00000000800006c4 (0xfc9296e3)
core   0: 0x00000000800006c8 (0x343022f3) csrr    t0, mtval
3 0x00000000800006c8 (0x343022f3) x 5 0x0000000080002002
core   0: 0x00000000800006cc (0xfc6292e3) bne     t0, t1, pc - 60
3 0x00000000800006cc (0xfc6292e3)
core   0: 0x00000000800006d0 (0x00028283) lb      t0, 0(t0)
3 0x00000000800006d0 (0x00028283) x 5 0xffffffffffffffbb mem 0x0000000080002002
core   0: 0x00000000800006d4 (0xfa028ee3) beqz    t0, pc - 68
3 0x00000000800006d4 (0xfa028ee3)
core   0: 0x00000000800006d8 (0x34139073) csrw    mepc, t2
3 0x00000000800006d8 (0x34139073)
core   0: 0x00000000800006dc (0x30200073) mret
3 0x00000000800006dc (0x30200073)
core   0: 0x000000008000024c (0x00900193) li      gp, 9
3 0x000000008000024c (0x00900193) x 3 0x0000000000000009
core   0: 0x0000000080000250 (0x00002e17) auipc   t3, 0x2
3 0x0000000080000250 (0x00002e17) x28 0x0000000080002250
core   0: 0x0000000080000254 (0xec0e0e13) addi    t3, t3, -320
3 0x0000000080000254 (0xec0e0e13) x28 0x0000000080002110
core   0: 0x0000000080000258 (0x023e2223) sw      gp, 36(t3)
3 0x0000000080000258 (0x023e2223) mem 0x0000000080002134 0x0000000000000000
core   0: 0x000000008000025c (0x00000397) auipc   t2, 0x0
3 0x000000008000025c (0x00000397) x 7 0x000000008000025c
core   0: 0x0000000080000260 (0x01c38393) addi    t2, t2, 28
3 0x0000000080000260 (0x01c38393) x 7 0x0000000080000278
core   0: 0x0000000080000264 (0x00340313) addi    t1, s0, 3
3 0x0000000080000264 (0x00340313) x 6 0x0000000080002003
LD_ADDR_MISALIGNED exception @ 0x0000000080000268
LD_ADDR_MISALIGNED exception @ 0x000000008000026c
core   0: 0x0000000080000004 (0x34202f73) csrr    t5, mcause
3 0x0000000080000004 (0x34202f73) x30 0x0000000000000004
core   0: 0x0000000080000008 (0x00004fa1) c.li    t6, 8
3 0x0000000080000008 (0x4fa1) x31 0x0000000000000008
core   0: 0x000000008000000a (0x03ff0663) beq     t5, t6, pc + 44
3 0x000000008000000a (0x03ff0663)
core   0: 0x000000008000000e (0x00004fa5) c.li    t6, 9
3 0x000000008000000e (0x4fa5) x31 0x0000000000000009
core   0: 0x0000000080000010 (0x03ff0363) beq     t5, t6, pc + 38
3 0x0000000080000010 (0x03ff0363)
core   0: 0x0000000080000014 (0x00004fad) c.li    t6, 11
3 0x0000000080000014 (0x4fad) x31 0x000000000000000b
core   0: 0x0000000080000016 (0x03ff0063) beq     t5, t6, pc + 32
3 0x0000000080000016 (0x03ff0063)
core   0: 0x000000008000001a (0x00000f17) auipc   t5, 0x0
3 0x000000008000001a (0x00000f17) x30 0x000000008000001a
core   0: 0x000000008000001e (0x6a6f0f13) addi    t5, t5, 1702
3 0x000000008000001e (0x6a6f0f13) x30 0x00000000800006c0
core   0: 0x0000000080000022 (0x000f0363) beqz    t5, pc + 6
3 0x0000000080000022 (0x000f0363)
core   0: 0x0000000080000026 (0x00008f02) c.jr    t5
3 0x0000000080000026 (0x8f02)
core   0: 0x00000000800006c0 (0x342022f3) csrr    t0, mcause
3 0x00000000800006c0 (0x342022f3) x 5 0x0000000000000004
core   0: 0x00000000800006c4 (0xfc9296e3) bne     t0, s1, pc - 52
3 0x00000000800006c4 (0xfc9296e3)
core   0: 0x00000000800006c8 (0x343022f3) csrr    t0, mtval
3 0x00000000800006c8 (0x343022f3) x 5 0x0000000080002003
core   0: 0x00000000800006cc (0xfc6292e3) bne     t0, t1, pc - 60
3 0x00000000800006cc (0xfc6292e3)
core   0: 0x00000000800006d0 (0x00028283) lb      t0, 0(t0)
3 0x00000000800006d0 (0x00028283) x 5 0xffffffffffffffaa mem 0x0000000080002003
core   0: 0x00000000800006d4 (0xfa028ee3) beqz    t0, pc - 68
3 0x00000000800006d4 (0xfa028ee3)
core   0: 0x00000000800006d8 (0x34139073) csrw    mepc, t2
3 0x00000000800006d8 (0x34139073)
core   0: 0x00000000800006dc (0x30200073) mret
3 0x00000000800006dc (0x30200073)
core   0: 0x0000000080000278 (0x00a00193) li      gp, 10
3 0x0000000080000278 (0x00a00193) x 3 0x000000000000000a
core   0: 0x000000008000027c (0x00002e17) auipc   t3, 0x2
3 0x000000008000027c (0x00002e17) x28 0x000000008000227c
core   0: 0x0000000080000280 (0xe94e0e13) addi    t3, t3, -364
3 0x0000000080000280 (0xe94e0e13) x28 0x0000000080002110
core   0: 0x0000000080000284 (0x023e2423) sw      gp, 40(t3)
3 0x0000000080000284 (0x023e2423) mem 0x0000000080002138 0x0000000000000000
core   0: 0x0000000080000288 (0x00000397) auipc   t2, 0x0
3 0x0000000080000288 (0x00000397) x 7 0x0000000080000288
core   0: 0x000000008000028c (0x03438393) addi    t2, t2, 52
3 0x000000008000028c (0x03438393) x 7 0x00000000800002bc
core   0: 0x0000000080000290 (0x00140313) addi    t1, s0, 1
3 0x0000000080000290 (0x00140313) x 6 0x0000000080002001
LD_ADDR_MISALIGNED exception @ 0x0000000080000294
LD_ADDR_MISALIGNED exception @ 0x0000000080000298
core   0: 0x0000000080000004 (0x34202f73) csrr    t5, mcause
3 0x0000000080000004 (0x34202f73) x30 0x0000000000000004
core   0: 0x0000000080000008 (0x00004fa1) c.li    t6, 8
3 0x0000000080000008 (0x4fa1) x31 0x0000000000000008
core   0: 0x000000008000000a (0x03ff0663) beq     t5, t6, pc + 44
3 0x000000008000000a (0x03ff0663)
core   0: 0x000000008000000e (0x00004fa5) c.li    t6, 9
3 0x000000008000000e (0x4fa5) x31 0x0000000000000009
core   0: 0x0000000080000010 (0x03ff0363) beq     t5, t6, pc + 38
3 0x0000000080000010 (0x03ff0363)
core   0: 0x0000000080000014 (0x00004fad) c.li    t6, 11
3 0x0000000080000014 (0x4fad) x31 0x000000000000000b
core   0: 0x0000000080000016 (0x03ff0063) beq     t5, t6, pc + 32
3 0x0000000080000016 (0x03ff0063)
core   0: 0x000000008000001a (0x00000f17) auipc   t5, 0x0
3 0x000000008000001a (0x00000f17) x30 0x000000008000001a
core   0: 0x000000008000001e (0x6a6f0f13) addi    t5, t5, 1702
3 0x000000008000001e (0x6a6f0f13) x30 0x00000000800006c0
core   0: 0x0000000080000022 (0x000f0363) beqz    t5, pc + 6
3 0x0000000080000022 (0x000f0363)
core   0: 0x0000000080000026 (0x00008f02) c.jr    t5
3 0x0000000080000026 (0x8f02)
core   0: 0x00000000800006c0 (0x342022f3) csrr    t0, mcause
3 0x00000000800006c0 (0x342022f3) x 5 0x0000000000000004
core   0: 0x00000000800006c4 (0xfc9296e3) bne     t0, s1, pc - 52
3 0x00000000800006c4 (0xfc9296e3)
core   0: 0x00000000800006c8 (0x343022f3) csrr    t0, mtval
3 0x00000000800006c8 (0x343022f3) x 5 0x0000000080002001
core   0: 0x00000000800006cc (0xfc6292e3) bne     t0, t1, pc - 60
3 0x00000000800006cc (0xfc6292e3)
core   0: 0x00000000800006d0 (0x00028283) lb      t0, 0(t0)
3 0x00000000800006d0 (0x00028283) x 5 0xffffffffffffffcc mem 0x0000000080002001
core   0: 0x00000000800006d4 (0xfa028ee3) beqz    t0, pc - 68
3 0x00000000800006d4 (0xfa028ee3)
core   0: 0x00000000800006d8 (0x34139073) csrw    mepc, t2
3 0x00000000800006d8 (0x34139073)
core   0: 0x00000000800006dc (0x30200073) mret
3 0x00000000800006dc (0x30200073)
core   0: 0x00000000800002bc (0x00b00193) li      gp, 11
3 0x00000000800002bc (0x00b00193) x 3 0x000000000000000b
core   0: 0x00000000800002c0 (0x00002e17) auipc   t3, 0x2
3 0x00000000800002c0 (0x00002e17) x28 0x00000000800022c0
core   0: 0x00000000800002c4 (0xe50e0e13) addi    t3, t3, -432
3 0x00000000800002c4 (0xe50e0e13) x28 0x0000000080002110
core   0: 0x00000000800002c8 (0x023e2623) sw      gp, 44(t3)
3 0x00000000800002c8 (0x023e2623) mem 0x000000008000213c 0x0000000000000000
core   0: 0x00000000800002cc (0x00000397) auipc   t2, 0x0
3 0x00000000800002cc (0x00000397) x 7 0x00000000800002cc
core   0: 0x00000000800002d0 (0x03438393) addi    t2, t2, 52
3 0x00000000800002d0 (0x03438393) x 7 0x0000000080000300
core   0: 0x00000000800002d4 (0x00240313) addi    t1, s0, 2
3 0x00000000800002d4 (0x00240313) x 6 0x0000000080002002
LD_ADDR_MISALIGNED exception @ 0x00000000800002d8
LD_ADDR_MISALIGNED exception @ 0x00000000800002dc
core   0: 0x0000000080000004 (0x34202f73) csrr    t5, mcause
3 0x0000000080000004 (0x34202f73) x30 0x0000000000000004
core   0: 0x0000000080000008 (0x00004fa1) c.li    t6, 8
3 0x0000000080000008 (0x4fa1) x31 0x0000000000000008
core   0: 0x000000008000000a (0x03ff0663) beq     t5, t6, pc + 44
3 0x000000008000000a (0x03ff0663)
core   0: 0x000000008000000e (0x00004fa5) c.li    t6, 9
3 0x000000008000000e (0x4fa5) x31 0x0000000000000009
core   0: 0x0000000080000010 (0x03ff0363) beq     t5, t6, pc + 38
3 0x0000000080000010 (0x03ff0363)
core   0: 0x0000000080000014 (0x00004fad) c.li    t6, 11
3 0x0000000080000014 (0x4fad) x31 0x000000000000000b
core   0: 0x0000000080000016 (0x03ff0063) beq     t5, t6, pc + 32
3 0x0000000080000016 (0x03ff0063)
core   0: 0x000000008000001a (0x00000f17) auipc   t5, 0x0
3 0x000000008000001a (0x00000f17) x30 0x000000008000001a
core   0: 0x000000008000001e (0x6a6f0f13) addi    t5, t5, 1702
3 0x000000008000001e (0x6a6f0f13) x30 0x00000000800006c0
core   0: 0x0000000080000022 (0x000f0363) beqz    t5, pc + 6
3 0x0000000080000022 (0x000f0363)
core   0: 0x0000000080000026 (0x00008f02) c.jr    t5
3 0x0000000080000026 (0x8f02)
core   0: 0x00000000800006c0 (0x342022f3) csrr    t0, mcause
3 0x00000000800006c0 (0x342022f3) x 5 0x0000000000000004
core   0: 0x00000000800006c4 (0xfc9296e3) bne     t0, s1, pc - 52
3 0x00000000800006c4 (0xfc9296e3)
core   0: 0x00000000800006c8 (0x343022f3) csrr    t0, mtval
3 0x00000000800006c8 (0x343022f3) x 5 0x0000000080002002
core   0: 0x00000000800006cc (0xfc6292e3) bne     t0, t1, pc - 60
3 0x00000000800006cc (0xfc6292e3)
core   0: 0x00000000800006d0 (0x00028283) lb      t0, 0(t0)
3 0x00000000800006d0 (0x00028283) x 5 0xffffffffffffffbb mem 0x0000000080002002
core   0: 0x00000000800006d4 (0xfa028ee3) beqz    t0, pc - 68
3 0x00000000800006d4 (0xfa028ee3)
core   0: 0x00000000800006d8 (0x34139073) csrw    mepc, t2
3 0x00000000800006d8 (0x34139073)
core   0: 0x00000000800006dc (0x30200073) mret
3 0x00000000800006dc (0x30200073)
core   0: 0x0000000080000300 (0x00c00193) li      gp, 12
3 0x0000000080000300 (0x00c00193) x 3 0x000000000000000c
core   0: 0x0000000080000304 (0x00002e17) auipc   t3, 0x2
3 0x0000000080000304 (0x00002e17) x28 0x0000000080002304
core   0: 0x0000000080000308 (0xe0ce0e13) addi    t3, t3, -500
3 0x0000000080000308 (0xe0ce0e13) x28 0x0000000080002110
core   0: 0x000000008000030c (0x023e2823) sw      gp, 48(t3)
3 0x000000008000030c (0x023e2823) mem 0x0000000080002140 0x0000000000000000
core   0: 0x0000000080000310 (0x00000397) auipc   t2, 0x0
3 0x0000000080000310 (0x00000397) x 7 0x0000000080000310
core   0: 0x0000000080000314 (0x03438393) addi    t2, t2, 52
3 0x0000000080000314 (0x03438393) x 7 0x0000000080000344
core   0: 0x0000000080000318 (0x00340313) addi    t1, s0, 3
3 0x0000000080000318 (0x00340313) x 6 0x0000000080002003
LD_ADDR_MISALIGNED exception @ 0x000000008000031c
core   0: 0x0000000080000004 (0x34202f73) csrr    t5, mcause
3 0x0000000080000004 (0x34202f73) x30 0x0000000000000004
core   0: 0x0000000080000008 (0x00004fa1) c.li    t6, 8
3 0x0000000080000008 (0x4fa1) x31 0x0000000000000008
core   0: 0x000000008000000a (0x03ff0663) beq     t5, t6, pc + 44
3 0x000000008000000a (0x03ff0663)
core   0: 0x000000008000000e (0x00004fa5) c.li    t6, 9
3 0x000000008000000e (0x4fa5) x31 0x0000000000000009
core   0: 0x0000000080000010 (0x03ff0363) beq     t5, t6, pc + 38
3 0x0000000080000010 (0x03ff0363)
core   0: 0x0000000080000014 (0x00004fad) c.li    t6, 11
3 0x0000000080000014 (0x4fad) x31 0x000000000000000b
core   0: 0x0000000080000016 (0x03ff0063) beq     t5, t6, pc + 32
3 0x0000000080000016 (0x03ff0063)
core   0: 0x000000008000001a (0x00000f17) auipc   t5, 0x0
3 0x000000008000001a (0x00000f17) x30 0x000000008000001a
core   0: 0x000000008000001e (0x6a6f0f13) addi    t5, t5, 1702
3 0x000000008000001e (0x6a6f0f13) x30 0x00000000800006c0
core   0: 0x0000000080000022 (0x000f0363) beqz    t5, pc + 6
3 0x0000000080000022 (0x000f0363)
core   0: 0x0000000080000026 (0x00008f02) c.jr    t5
3 0x0000000080000026 (0x8f02)
core   0: 0x00000000800006c0 (0x342022f3) csrr    t0, mcause
3 0x00000000800006c0 (0x342022f3) x 5 0x0000000000000004
core   0: 0x00000000800006c4 (0xfc9296e3) bne     t0, s1, pc - 52
3 0x00000000800006c4 (0xfc9296e3)
core   0: 0x00000000800006c8 (0x343022f3) csrr    t0, mtval
3 0x00000000800006c8 (0x343022f3) x 5 0x0000000080002003
core   0: 0x00000000800006cc (0xfc6292e3) bne     t0, t1, pc - 60
3 0x00000000800006cc (0xfc6292e3)
core   0: 0x00000000800006d0 (0x00028283) lb      t0, 0(t0)
3 0x00000000800006d0 (0x00028283) x 5 0xffffffffffffffaa mem 0x0000000080002003
core   0: 0x00000000800006d4 (0xfa028ee3) beqz    t0, pc - 68
3 0x00000000800006d4 (0xfa028ee3)
core   0: 0x00000000800006d8 (0x34139073) csrw    mepc, t2
3 0x00000000800006d8 (0x34139073)
core   0: 0x00000000800006dc (0x30200073) mret
3 0x00000000800006dc (0x30200073)
core   0: 0x0000000080000344 (0x00d00193) li      gp, 13
3 0x0000000080000344 (0x00d00193) x 3 0x000000000000000d
core   0: 0x0000000080000348 (0x00002e17) auipc   t3, 0x2
3 0x0000000080000348 (0x00002e17) x28 0x0000000080002348
core   0: 0x000000008000034c (0xdc8e0e13) addi    t3, t3, -568
3 0x000000008000034c (0xdc8e0e13) x28 0x0000000080002110
core   0: 0x0000000080000350 (0x023e2a23) sw      gp, 52(t3)
3 0x0000000080000350 (0x023e2a23) mem 0x0000000080002144 0x0000000000000000
core   0: 0x0000000080000354 (0x00000397) auipc   t2, 0x0
3 0x0000000080000354 (0x00000397) x 7 0x0000000080000354
core   0: 0x0000000080000358 (0x03438393) addi    t2, t2, 52
3 0x0000000080000358 (0x03438393) x 7 0x0000000080000388
core   0: 0x000000008000035c (0x00440313) addi    t1, s0, 4
3 0x000000008000035c (0x00440313) x 6 0x0000000080002004
LD_ADDR_MISALIGNED exception @ 0x0000000080000360
LD_ADDR_MISALIGNED exception @ 0x0000000080000364
core   0: 0x0000000080000004 (0x34202f73) csrr    t5, mcause
3 0x0000000080000004 (0x34202f73) x30 0x0000000000000004
core   0: 0x0000000080000008 (0x00004fa1) c.li    t6, 8
3 0x0000000080000008 (0x4fa1) x31 0x0000000000000008
core   0: 0x000000008000000a (0x03ff0663) beq     t5, t6, pc + 44
3 0x000000008000000a (0x03ff0663)
core   0: 0x000000008000000e (0x00004fa5) c.li    t6, 9
3 0x000000008000000e (0x4fa5) x31 0x0000000000000009
core   0: 0x0000000080000010 (0x03ff0363) beq     t5, t6, pc + 38
3 0x0000000080000010 (0x03ff0363)
core   0: 0x0000000080000014 (0x00004fad) c.li    t6, 11
3 0x0000000080000014 (0x4fad) x31 0x000000000000000b
core   0: 0x0000000080000016 (0x03ff0063) beq     t5, t6, pc + 32
3 0x0000000080000016 (0x03ff0063)
core   0: 0x000000008000001a (0x00000f17) auipc   t5, 0x0
3 0x000000008000001a (0x00000f17) x30 0x000000008000001a
core   0: 0x000000008000001e (0x6a6f0f13) addi    t5, t5, 1702
3 0x000000008000001e (0x6a6f0f13) x30 0x00000000800006c0
core   0: 0x0000000080000022 (0x000f0363) beqz    t5, pc + 6
3 0x0000000080000022 (0x000f0363)
core   0: 0x0000000080000026 (0x00008f02) c.jr    t5
3 0x0000000080000026 (0x8f02)
core   0: 0x00000000800006c0 (0x342022f3) csrr    t0, mcause
3 0x00000000800006c0 (0x342022f3) x 5 0x0000000000000004
core   0: 0x00000000800006c4 (0xfc9296e3) bne     t0, s1, pc - 52
3 0x00000000800006c4 (0xfc9296e3)
core   0: 0x00000000800006c8 (0x343022f3) csrr    t0, mtval
3 0x00000000800006c8 (0x343022f3) x 5 0x0000000080002004
core   0: 0x00000000800006cc (0xfc6292e3) bne     t0, t1, pc - 60
3 0x00000000800006cc (0xfc6292e3)
core   0: 0x00000000800006d0 (0x00028283) lb      t0, 0(t0)
3 0x00000000800006d0 (0x00028283) x 5 0xffffffffffffff99 mem 0x0000000080002004
core   0: 0x00000000800006d4 (0xfa028ee3) beqz    t0, pc - 68
3 0x00000000800006d4 (0xfa028ee3)
core   0: 0x00000000800006d8 (0x34139073) csrw    mepc, t2
3 0x00000000800006d8 (0x34139073)
core   0: 0x00000000800006dc (0x30200073) mret
3 0x00000000800006dc (0x30200073)
core   0: 0x0000000080000388 (0x00e00193) li      gp, 14
3 0x0000000080000388 (0x00e00193) x 3 0x000000000000000e
core   0: 0x000000008000038c (0x00002e17) auipc   t3, 0x2
3 0x000000008000038c (0x00002e17) x28 0x000000008000238c
core   0: 0x0000000080000390 (0xd84e0e13) addi    t3, t3, -636
3 0x0000000080000390 (0xd84e0e13) x28 0x0000000080002110
core   0: 0x0000000080000394 (0x023e2c23) sw      gp, 56(t3)
3 0x0000000080000394 (0x023e2c23) mem 0x0000000080002148 0x0000000000000000
core   0: 0x0000000080000398 (0x00000397) auipc   t2, 0x0
3 0x0000000080000398 (0x00000397) x 7 0x0000000080000398
core   0: 0x000000008000039c (0x03438393) addi    t2, t2, 52
3 0x000000008000039c (0x03438393) x 7 0x00000000800003cc
core   0: 0x00000000800003a0 (0x00540313) addi    t1, s0, 5
3 0x00000000800003a0 (0x00540313) x 6 0x0000000080002005
LD_ADDR_MISALIGNED exception @ 0x00000000800003a4
LD_ADDR_MISALIGNED exception @ 0x00000000800003a8
core   0: 0x0000000080000004 (0x34202f73) csrr    t5, mcause
3 0x0000000080000004 (0x34202f73) x30 0x0000000000000004
core   0: 0x0000000080000008 (0x00004fa1) c.li    t6, 8
3 0x0000000080000008 (0x4fa1) x31 0x0000000000000008
core   0: 0x000000008000000a (0x03ff0663) beq     t5, t6, pc + 44
3 0x000000008000000a (0x03ff0663)
core   0: 0x000000008000000e (0x00004fa5) c.li    t6, 9
3 0x000000008000000e (0x4fa5) x31 0x0000000000000009
core   0: 0x0000000080000010 (0x03ff0363) beq     t5, t6, pc + 38
3 0x0000000080000010 (0x03ff0363)
core   0: 0x0000000080000014 (0x00004fad) c.li    t6, 11
3 0x0000000080000014 (0x4fad) x31 0x000000000000000b
core   0: 0x0000000080000016 (0x03ff0063) beq     t5, t6, pc + 32
3 0x0000000080000016 (0x03ff0063)
core   0: 0x000000008000001a (0x00000f17) auipc   t5, 0x0
3 0x000000008000001a (0x00000f17) x30 0x000000008000001a
core   0: 0x000000008000001e (0x6a6f0f13) addi    t5, t5, 1702
3 0x000000008000001e (0x6a6f0f13) x30 0x00000000800006c0
core   0: 0x0000000080000022 (0x000f0363) beqz    t5, pc + 6
3 0x0000000080000022 (0x000f0363)
core   0: 0x0000000080000026 (0x00008f02) c.jr    t5
3 0x0000000080000026 (0x8f02)
core   0: 0x00000000800006c0 (0x342022f3) csrr    t0, mcause
3 0x00000000800006c0 (0x342022f3) x 5 0x0000000000000004
core   0: 0x00000000800006c4 (0xfc9296e3) bne     t0, s1, pc - 52
3 0x00000000800006c4 (0xfc9296e3)
core   0: 0x00000000800006c8 (0x343022f3) csrr    t0, mtval
3 0x00000000800006c8 (0x343022f3) x 5 0x0000000080002005
core   0: 0x00000000800006cc (0xfc6292e3) bne     t0, t1, pc - 60
3 0x00000000800006cc (0xfc6292e3)
core   0: 0x00000000800006d0 (0x00028283) lb      t0, 0(t0)
3 0x00000000800006d0 (0x00028283) x 5 0xffffffffffffff88 mem 0x0000000080002005
core   0: 0x00000000800006d4 (0xfa028ee3) beqz    t0, pc - 68
3 0x00000000800006d4 (0xfa028ee3)
core   0: 0x00000000800006d8 (0x34139073) csrw    mepc, t2
3 0x00000000800006d8 (0x34139073)
core   0: 0x00000000800006dc (0x30200073) mret
3 0x00000000800006dc (0x30200073)
core   0: 0x00000000800003cc (0x00f00193) li      gp, 15
3 0x00000000800003cc (0x00f00193) x 3 0x000000000000000f
core   0: 0x00000000800003d0 (0x00002e17) auipc   t3, 0x2
3 0x00000000800003d0 (0x00002e17) x28 0x00000000800023d0
core   0: 0x00000000800003d4 (0xd40e0e13) addi    t3, t3, -704
3 0x00000000800003d4 (0xd40e0e13) x28 0x0000000080002110
core   0: 0x00000000800003d8 (0x023e2e23) sw      gp, 60(t3)
3 0x00000000800003d8 (0x023e2e23) mem 0x000000008000214c 0x0000000000000000
core   0: 0x00000000800003dc (0x00000397) auipc   t2, 0x0
3 0x00000000800003dc (0x00000397) x 7 0x00000000800003dc
core   0: 0x00000000800003e0 (0x03438393) addi    t2, t2, 52
3 0x00000000800003e0 (0x03438393) x 7 0x0000000080000410
core   0: 0x00000000800003e4 (0x00640313) addi    t1, s0, 6
3 0x00000000800003e4 (0x00640313) x 6 0x0000000080002006
LD_ADDR_MISALIGNED exception @ 0x00000000800003e8
LD_ADDR_MISALIGNED exception @ 0x00000000800003ec
core   0: 0x0000000080000004 (0x34202f73) csrr    t5, mcause
3 0x0000000080000004 (0x34202f73) x30 0x0000000000000004
core   0: 0x0000000080000008 (0x00004fa1) c.li    t6, 8
3 0x0000000080000008 (0x4fa1) x31 0x0000000000000008
core   0: 0x000000008000000a (0x03ff0663) beq     t5, t6, pc + 44
3 0x000000008000000a (0x03ff0663)
core   0: 0x000000008000000e (0x00004fa5) c.li    t6, 9
3 0x000000008000000e (0x4fa5) x31 0x0000000000000009
core   0: 0x0000000080000010 (0x03ff0363) beq     t5, t6, pc + 38
3 0x0000000080000010 (0x03ff0363)
core   0: 0x0000000080000014 (0x00004fad) c.li    t6, 11
3 0x0000000080000014 (0x4fad) x31 0x000000000000000b
core   0: 0x0000000080000016 (0x03ff0063) beq     t5, t6, pc + 32
3 0x0000000080000016 (0x03ff0063)
core   0: 0x000000008000001a (0x00000f17) auipc   t5, 0x0
3 0x000000008000001a (0x00000f17) x30 0x000000008000001a
core   0: 0x000000008000001e (0x6a6f0f13) addi    t5, t5, 1702
3 0x000000008000001e (0x6a6f0f13) x30 0x00000000800006c0
core   0: 0x0000000080000022 (0x000f0363) beqz    t5, pc + 6
3 0x0000000080000022 (0x000f0363)
core   0: 0x0000000080000026 (0x00008f02) c.jr    t5
3 0x0000000080000026 (0x8f02)
core   0: 0x00000000800006c0 (0x342022f3) csrr    t0, mcause
3 0x00000000800006c0 (0x342022f3) x 5 0x0000000000000004
core   0: 0x00000000800006c4 (0xfc9296e3) bne     t0, s1, pc - 52
3 0x00000000800006c4 (0xfc9296e3)
core   0: 0x00000000800006c8 (0x343022f3) csrr    t0, mtval
3 0x00000000800006c8 (0x343022f3) x 5 0x0000000080002006
core   0: 0x00000000800006cc (0xfc6292e3) bne     t0, t1, pc - 60
3 0x00000000800006cc (0xfc6292e3)
core   0: 0x00000000800006d0 (0x00028283) lb      t0, 0(t0)
3 0x00000000800006d0 (0x00028283) x 5 0x0000000000000077 mem 0x0000000080002006
core   0: 0x00000000800006d4 (0xfa028ee3) beqz    t0, pc - 68
3 0x00000000800006d4 (0xfa028ee3)
core   0: 0x00000000800006d8 (0x34139073) csrw    mepc, t2
3 0x00000000800006d8 (0x34139073)
core   0: 0x00000000800006dc (0x30200073) mret
3 0x00000000800006dc (0x30200073)
core   0: 0x0000000080000410 (0x01000193) li      gp, 16
3 0x0000000080000410 (0x01000193) x 3 0x0000000000000010
core   0: 0x0000000080000414 (0x00002e17) auipc   t3, 0x2
3 0x0000000080000414 (0x00002e17) x28 0x0000000080002414
core   0: 0x0000000080000418 (0xcfce0e13) addi    t3, t3, -772
3 0x0000000080000418 (0xcfce0e13) x28 0x0000000080002110
core   0: 0x000000008000041c (0x043e2023) sw      gp, 64(t3)
3 0x000000008000041c (0x043e2023) mem 0x0000000080002150 0x0000000000000000
core   0: 0x0000000080000420 (0x00000397) auipc   t2, 0x0
3 0x0000000080000420 (0x00000397) x 7 0x0000000080000420
core   0: 0x0000000080000424 (0x02c38393) addi    t2, t2, 44
3 0x0000000080000424 (0x02c38393) x 7 0x000000008000044c
core   0: 0x0000000080000428 (0x00740313) addi    t1, s0, 7
3 0x0000000080000428 (0x00740313) x 6 0x0000000080002007
LD_ADDR_MISALIGNED exception @ 0x000000008000042c
core   0: 0x0000000080000004 (0x34202f73) csrr    t5, mcause
3 0x0000000080000004 (0x34202f73) x30 0x0000000000000004
core   0: 0x0000000080000008 (0x00004fa1) c.li    t6, 8
3 0x0000000080000008 (0x4fa1) x31 0x0000000000000008
core   0: 0x000000008000000a (0x03ff0663) beq     t5, t6, pc + 44
3 0x000000008000000a (0x03ff0663)
core   0: 0x000000008000000e (0x00004fa5) c.li    t6, 9
3 0x000000008000000e (0x4fa5) x31 0x0000000000000009
core   0: 0x0000000080000010 (0x03ff0363) beq     t5, t6, pc + 38
3 0x0000000080000010 (0x03ff0363)
core   0: 0x0000000080000014 (0x00004fad) c.li    t6, 11
3 0x0000000080000014 (0x4fad) x31 0x000000000000000b
core   0: 0x0000000080000016 (0x03ff0063) beq     t5, t6, pc + 32
3 0x0000000080000016 (0x03ff0063)
core   0: 0x000000008000001a (0x00000f17) auipc   t5, 0x0
3 0x000000008000001a (0x00000f17) x30 0x000000008000001a
core   0: 0x000000008000001e (0x6a6f0f13) addi    t5, t5, 1702
3 0x000000008000001e (0x6a6f0f13) x30 0x00000000800006c0
core   0: 0x0000000080000022 (0x000f0363) beqz    t5, pc + 6
3 0x0000000080000022 (0x000f0363)
core   0: 0x0000000080000026 (0x00008f02) c.jr    t5
3 0x0000000080000026 (0x8f02)
core   0: 0x00000000800006c0 (0x342022f3) csrr    t0, mcause
3 0x00000000800006c0 (0x342022f3) x 5 0x0000000000000004
core   0: 0x00000000800006c4 (0xfc9296e3) bne     t0, s1, pc - 52
3 0x00000000800006c4 (0xfc9296e3)
core   0: 0x00000000800006c8 (0x343022f3) csrr    t0, mtval
3 0x00000000800006c8 (0x343022f3) x 5 0x0000000080002007
core   0: 0x00000000800006cc (0xfc6292e3) bne     t0, t1, pc - 60
3 0x00000000800006cc (0xfc6292e3)
core   0: 0x00000000800006d0 (0x00028283) lb      t0, 0(t0)
3 0x00000000800006d0 (0x00028283) x 5 0x0000000000000066 mem 0x0000000080002007
core   0: 0x00000000800006d4 (0xfa028ee3) beqz    t0, pc - 68
3 0x00000000800006d4 (0xfa028ee3)
core   0: 0x00000000800006d8 (0x34139073) csrw    mepc, t2
3 0x00000000800006d8 (0x34139073)
core   0: 0x00000000800006dc (0x30200073) mret
3 0x00000000800006dc (0x30200073)
core   0: 0x000000008000044c (0x00600493) li      s1, 6
3 0x000000008000044c (0x00600493) x 9 0x0000000000000006
core   0: 0x0000000080000450 (0x01600193) li      gp, 22
3 0x0000000080000450 (0x01600193) x 3 0x0000000000000016
core   0: 0x0000000080000454 (0x00000397) auipc   t2, 0x0
3 0x0000000080000454 (0x00000397) x 7 0x0000000080000454
core   0: 0x0000000080000458 (0x03038393) addi    t2, t2, 48
3 0x0000000080000458 (0x03038393) x 7 0x0000000080000484
core   0: 0x000000008000045c (0x00140313) addi    t1, s0, 1
3 0x000000008000045c (0x00140313) x 6 0x0000000080002001
ST_ADDR_MISALIGNED exception @ 0x0000000080000460
core   0: 0x0000000080000004 (0x34202f73) csrr    t5, mcause
3 0x0000000080000004 (0x34202f73) x30 0x0000000000000006
core   0: 0x0000000080000008 (0x00004fa1) c.li    t6, 8
3 0x0000000080000008 (0x4fa1) x31 0x0000000000000008
core   0: 0x000000008000000a (0x03ff0663) beq     t5, t6, pc + 44
3 0x000000008000000a (0x03ff0663)
core   0: 0x000000008000000e (0x00004fa5) c.li    t6, 9
3 0x000000008000000e (0x4fa5) x31 0x0000000000000009
core   0: 0x0000000080000010 (0x03ff0363) beq     t5, t6, pc + 38
3 0x0000000080000010 (0x03ff0363)
core   0: 0x0000000080000014 (0x00004fad) c.li    t6, 11
3 0x0000000080000014 (0x4fad) x31 0x000000000000000b
core   0: 0x0000000080000016 (0x03ff0063) beq     t5, t6, pc + 32
3 0x0000000080000016 (0x03ff0063)
core   0: 0x000000008000001a (0x00000f17) auipc   t5, 0x0
3 0x000000008000001a (0x00000f17) x30 0x000000008000001a
core   0: 0x000000008000001e (0x6a6f0f13) addi    t5, t5, 1702
3 0x000000008000001e (0x6a6f0f13) x30 0x00000000800006c0
core   0: 0x0000000080000022 (0x000f0363) beqz    t5, pc + 6
3 0x0000000080000022 (0x000f0363)
core   0: 0x0000000080000026 (0x00008f02) c.jr    t5
3 0x0000000080000026 (0x8f02)
core   0: 0x00000000800006c0 (0x342022f3) csrr    t0, mcause
3 0x00000000800006c0 (0x342022f3) x 5 0x0000000000000006
core   0: 0x00000000800006c4 (0xfc9296e3) bne     t0, s1, pc - 52
3 0x00000000800006c4 (0xfc9296e3)
core   0: 0x00000000800006c8 (0x343022f3) csrr    t0, mtval
3 0x00000000800006c8 (0x343022f3) x 5 0x0000000080002001
core   0: 0x00000000800006cc (0xfc6292e3) bne     t0, t1, pc - 60
3 0x00000000800006cc (0xfc6292e3)
core   0: 0x00000000800006d0 (0x00028283) lb      t0, 0(t0)
3 0x00000000800006d0 (0x00028283) x 5 0xffffffffffffffcc mem 0x0000000080002001
core   0: 0x00000000800006d4 (0xfa028ee3) beqz    t0, pc - 68
3 0x00000000800006d4 (0xfa028ee3)
core   0: 0x00000000800006d8 (0x34139073) csrw    mepc, t2
3 0x00000000800006d8 (0x34139073)
core   0: 0x00000000800006dc (0x30200073) mret
3 0x00000000800006dc (0x30200073)
core   0: 0x0000000080000484 (0x01700193) li      gp, 23
3 0x0000000080000484 (0x01700193) x 3 0x0000000000000017
core   0: 0x0000000080000488 (0x00000397) auipc   t2, 0x0
3 0x0000000080000488 (0x00000397) x 7 0x0000000080000488
core   0: 0x000000008000048c (0x03038393) addi    t2, t2, 48
3 0x000000008000048c (0x03038393) x 7 0x00000000800004b8
core   0: 0x0000000080000490 (0x00540313) addi    t1, s0, 5
3 0x0000000080000490 (0x00540313) x 6 0x0000000080002005
ST_ADDR_MISALIGNED exception @ 0x0000000080000494
core   0: 0x0000000080000004 (0x34202f73) csrr    t5, mcause
3 0x0000000080000004 (0x34202f73) x30 0x0000000000000006
core   0: 0x0000000080000008 (0x00004fa1) c.li    t6, 8
3 0x0000000080000008 (0x4fa1) x31 0x0000000000000008
core   0: 0x000000008000000a (0x03ff0663) beq     t5, t6, pc + 44
3 0x000000008000000a (0x03ff0663)
core   0: 0x000000008000000e (0x00004fa5) c.li    t6, 9
3 0x000000008000000e (0x4fa5) x31 0x0000000000000009
core   0: 0x0000000080000010 (0x03ff0363) beq     t5, t6, pc + 38
3 0x0000000080000010 (0x03ff0363)
core   0: 0x0000000080000014 (0x00004fad) c.li    t6, 11
3 0x0000000080000014 (0x4fad) x31 0x000000000000000b
core   0: 0x0000000080000016 (0x03ff0063) beq     t5, t6, pc + 32
3 0x0000000080000016 (0x03ff0063)
core   0: 0x000000008000001a (0x00000f17) auipc   t5, 0x0
3 0x000000008000001a (0x00000f17) x30 0x000000008000001a
core   0: 0x000000008000001e (0x6a6f0f13) addi    t5, t5, 1702
3 0x000000008000001e (0x6a6f0f13) x30 0x00000000800006c0
core   0: 0x0000000080000022 (0x000f0363) beqz    t5, pc + 6
3 0x0000000080000022 (0x000f0363)
core   0: 0x0000000080000026 (0x00008f02) c.jr    t5
3 0x0000000080000026 (0x8f02)
core   0: 0x00000000800006c0 (0x342022f3) csrr    t0, mcause
3 0x00000000800006c0 (0x342022f3) x 5 0x0000000000000006
core   0: 0x00000000800006c4 (0xfc9296e3) bne     t0, s1, pc - 52
3 0x00000000800006c4 (0xfc9296e3)
core   0: 0x00000000800006c8 (0x343022f3) csrr    t0, mtval
3 0x00000000800006c8 (0x343022f3) x 5 0x0000000080002005
core   0: 0x00000000800006cc (0xfc6292e3) bne     t0, t1, pc - 60
3 0x00000000800006cc (0xfc6292e3)
core   0: 0x00000000800006d0 (0x00028283) lb      t0, 0(t0)
3 0x00000000800006d0 (0x00028283) x 5 0xffffffffffffff88 mem 0x0000000080002005
core   0: 0x00000000800006d4 (0xfa028ee3) beqz    t0, pc - 68
3 0x00000000800006d4 (0xfa028ee3)
core   0: 0x00000000800006d8 (0x34139073) csrw    mepc, t2
3 0x00000000800006d8 (0x34139073)
core   0: 0x00000000800006dc (0x30200073) mret
3 0x00000000800006dc (0x30200073)
core   0: 0x00000000800004b8 (0x01800193) li      gp, 24
3 0x00000000800004b8 (0x01800193) x 3 0x0000000000000018
core   0: 0x00000000800004bc (0x00000397) auipc   t2, 0x0
3 0x00000000800004bc (0x00000397) x 7 0x00000000800004bc
core   0: 0x00000000800004c0 (0x03038393) addi    t2, t2, 48
3 0x00000000800004c0 (0x03038393) x 7 0x00000000800004ec
core   0: 0x00000000800004c4 (0x00a40313) addi    t1, s0, 10
3 0x00000000800004c4 (0x00a40313) x 6 0x000000008000200a
ST_ADDR_MISALIGNED exception @ 0x00000000800004c8
core   0: 0x0000000080000004 (0x34202f73) csrr    t5, mcause
3 0x0000000080000004 (0x34202f73) x30 0x0000000000000006
core   0: 0x0000000080000008 (0x00004fa1) c.li    t6, 8
3 0x0000000080000008 (0x4fa1) x31 0x0000000000000008
core   0: 0x000000008000000a (0x03ff0663) beq     t5, t6, pc + 44
3 0x000000008000000a (0x03ff0663)
core   0: 0x000000008000000e (0x00004fa5) c.li    t6, 9
3 0x000000008000000e (0x4fa5) x31 0x0000000000000009
core   0: 0x0000000080000010 (0x03ff0363) beq     t5, t6, pc + 38
3 0x0000000080000010 (0x03ff0363)
core   0: 0x0000000080000014 (0x00004fad) c.li    t6, 11
3 0x0000000080000014 (0x4fad) x31 0x000000000000000b
core   0: 0x0000000080000016 (0x03ff0063) beq     t5, t6, pc + 32
3 0x0000000080000016 (0x03ff0063)
core   0: 0x000000008000001a (0x00000f17) auipc   t5, 0x0
3 0x000000008000001a (0x00000f17) x30 0x000000008000001a
core   0: 0x000000008000001e (0x6a6f0f13) addi    t5, t5, 1702
3 0x000000008000001e (0x6a6f0f13) x30 0x00000000800006c0
core   0: 0x0000000080000022 (0x000f0363) beqz    t5, pc + 6
3 0x0000000080000022 (0x000f0363)
core   0: 0x0000000080000026 (0x00008f02) c.jr    t5
3 0x0000000080000026 (0x8f02)
core   0: 0x00000000800006c0 (0x342022f3) csrr    t0, mcause
3 0x00000000800006c0 (0x342022f3) x 5 0x0000000000000006
core   0: 0x00000000800006c4 (0xfc9296e3) bne     t0, s1, pc - 52
3 0x00000000800006c4 (0xfc9296e3)
core   0: 0x00000000800006c8 (0x343022f3) csrr    t0, mtval
3 0x00000000800006c8 (0x343022f3) x 5 0x000000008000200a
core   0: 0x00000000800006cc (0xfc6292e3) bne     t0, t1, pc - 60
3 0x00000000800006cc (0xfc6292e3)
core   0: 0x00000000800006d0 (0x00028283) lb      t0, 0(t0)
3 0x00000000800006d0 (0x00028283) x 5 0x0000000000000033 mem 0x000000008000200a
core   0: 0x00000000800006d4 (0xfa028ee3) beqz    t0, pc - 68
3 0x00000000800006d4 (0xfa028ee3)
core   0: 0x00000000800006d8 (0x34139073) csrw    mepc, t2
3 0x00000000800006d8 (0x34139073)
core   0: 0x00000000800006dc (0x30200073) mret
3 0x00000000800006dc (0x30200073)
core   0: 0x00000000800004ec (0x01900193) li      gp, 25
3 0x00000000800004ec (0x01900193) x 3 0x0000000000000019
core   0: 0x00000000800004f0 (0x00000397) auipc   t2, 0x0
3 0x00000000800004f0 (0x00000397) x 7 0x00000000800004f0
core   0: 0x00000000800004f4 (0x03038393) addi    t2, t2, 48
3 0x00000000800004f4 (0x03038393) x 7 0x0000000080000520
core   0: 0x00000000800004f8 (0x00f40313) addi    t1, s0, 15
3 0x00000000800004f8 (0x00f40313) x 6 0x000000008000200f
ST_ADDR_MISALIGNED exception @ 0x00000000800004fc
core   0: 0x0000000080000004 (0x34202f73) csrr    t5, mcause
3 0x0000000080000004 (0x34202f73) x30 0x0000000000000006
core   0: 0x0000000080000008 (0x00004fa1) c.li    t6, 8
3 0x0000000080000008 (0x4fa1) x31 0x0000000000000008
core   0: 0x000000008000000a (0x03ff0663) beq     t5, t6, pc + 44
3 0x000000008000000a (0x03ff0663)
core   0: 0x000000008000000e (0x00004fa5) c.li    t6, 9
3 0x000000008000000e (0x4fa5) x31 0x0000000000000009
core   0: 0x0000000080000010 (0x03ff0363) beq     t5, t6, pc + 38
3 0x0000000080000010 (0x03ff0363)
core   0: 0x0000000080000014 (0x00004fad) c.li    t6, 11
3 0x0000000080000014 (0x4fad) x31 0x000000000000000b
core   0: 0x0000000080000016 (0x03ff0063) beq     t5, t6, pc + 32
3 0x0000000080000016 (0x03ff0063)
core   0: 0x000000008000001a (0x00000f17) auipc   t5, 0x0
3 0x000000008000001a (0x00000f17) x30 0x000000008000001a
core   0: 0x000000008000001e (0x6a6f0f13) addi    t5, t5, 1702
3 0x000000008000001e (0x6a6f0f13) x30 0x00000000800006c0
core   0: 0x0000000080000022 (0x000f0363) beqz    t5, pc + 6
3 0x0000000080000022 (0x000f0363)
core   0: 0x0000000080000026 (0x00008f02) c.jr    t5
3 0x0000000080000026 (0x8f02)
core   0: 0x00000000800006c0 (0x342022f3) csrr    t0, mcause
3 0x00000000800006c0 (0x342022f3) x 5 0x0000000000000006
core   0: 0x00000000800006c4 (0xfc9296e3) bne     t0, s1, pc - 52
3 0x00000000800006c4 (0xfc9296e3)
core   0: 0x00000000800006c8 (0x343022f3) csrr    t0, mtval
3 0x00000000800006c8 (0x343022f3) x 5 0x000000008000200f
core   0: 0x00000000800006cc (0xfc6292e3) bne     t0, t1, pc - 60
3 0x00000000800006cc (0xfc6292e3)
core   0: 0x00000000800006d0 (0x00028283) lb      t0, 0(t0)
3 0x00000000800006d0 (0x00028283) x 5 0xffffffffffffffee mem 0x000000008000200f
core   0: 0x00000000800006d4 (0xfa028ee3) beqz    t0, pc - 68
3 0x00000000800006d4 (0xfa028ee3)
core   0: 0x00000000800006d8 (0x34139073) csrw    mepc, t2
3 0x00000000800006d8 (0x34139073)
core   0: 0x00000000800006dc (0x30200073) mret
3 0x00000000800006dc (0x30200073)
core   0: 0x0000000080000520 (0x01a00193) li      gp, 26
3 0x0000000080000520 (0x01a00193) x 3 0x000000000000001a
core   0: 0x0000000080000524 (0x00000397) auipc   t2, 0x0
3 0x0000000080000524 (0x00000397) x 7 0x0000000080000524
core   0: 0x0000000080000528 (0x03038393) addi    t2, t2, 48
3 0x0000000080000528 (0x03038393) x 7 0x0000000080000554
core   0: 0x000000008000052c (0x01940313) addi    t1, s0, 25
3 0x000000008000052c (0x01940313) x 6 0x0000000080002019
ST_ADDR_MISALIGNED exception @ 0x0000000080000530
core   0: 0x0000000080000004 (0x34202f73) csrr    t5, mcause
3 0x0000000080000004 (0x34202f73) x30 0x0000000000000006
core   0: 0x0000000080000008 (0x00004fa1) c.li    t6, 8
3 0x0000000080000008 (0x4fa1) x31 0x0000000000000008
core   0: 0x000000008000000a (0x03ff0663) beq     t5, t6, pc + 44
3 0x000000008000000a (0x03ff0663)
core   0: 0x000000008000000e (0x00004fa5) c.li    t6, 9
3 0x000000008000000e (0x4fa5) x31 0x0000000000000009
core   0: 0x0000000080000010 (0x03ff0363) beq     t5, t6, pc + 38
3 0x0000000080000010 (0x03ff0363)
core   0: 0x0000000080000014 (0x00004fad) c.li    t6, 11
3 0x0000000080000014 (0x4fad) x31 0x000000000000000b
core   0: 0x0000000080000016 (0x03ff0063) beq     t5, t6, pc + 32
3 0x0000000080000016 (0x03ff0063)
core   0: 0x000000008000001a (0x00000f17) auipc   t5, 0x0
3 0x000000008000001a (0x00000f17) x30 0x000000008000001a
core   0: 0x000000008000001e (0x6a6f0f13) addi    t5, t5, 1702
3 0x000000008000001e (0x6a6f0f13) x30 0x00000000800006c0
core   0: 0x0000000080000022 (0x000f0363) beqz    t5, pc + 6
3 0x0000000080000022 (0x000f0363)
core   0: 0x0000000080000026 (0x00008f02) c.jr    t5
3 0x0000000080000026 (0x8f02)
core   0: 0x00000000800006c0 (0x342022f3) csrr    t0, mcause
3 0x00000000800006c0 (0x342022f3) x 5 0x0000000000000006
core   0: 0x00000000800006c4 (0xfc9296e3) bne     t0, s1, pc - 52
3 0x00000000800006c4 (0xfc9296e3)
core   0: 0x00000000800006c8 (0x343022f3) csrr    t0, mtval
3 0x00000000800006c8 (0x343022f3) x 5 0x0000000080002019
core   0: 0x00000000800006cc (0xfc6292e3) bne     t0, t1, pc - 60
3 0x00000000800006cc (0xfc6292e3)
core   0: 0x00000000800006d0 (0x00028283) lb      t0, 0(t0)
3 0x00000000800006d0 (0x00028283) x 5 0x0000000000000050 mem 0x0000000080002019
core   0: 0x00000000800006d4 (0xfa028ee3) beqz    t0, pc - 68
3 0x00000000800006d4 (0xfa028ee3)
core   0: 0x00000000800006d8 (0x34139073) csrw    mepc, t2
3 0x00000000800006d8 (0x34139073)
core   0: 0x00000000800006dc (0x30200073) mret
3 0x00000000800006dc (0x30200073)
core   0: 0x0000000080000554 (0x01b00193) li      gp, 27
3 0x0000000080000554 (0x01b00193) x 3 0x000000000000001b
core   0: 0x0000000080000558 (0x00000397) auipc   t2, 0x0
3 0x0000000080000558 (0x00000397) x 7 0x0000000080000558
core   0: 0x000000008000055c (0x03038393) addi    t2, t2, 48
3 0x000000008000055c (0x03038393) x 7 0x0000000080000588
core   0: 0x0000000080000560 (0x02240313) addi    t1, s0, 34
3 0x0000000080000560 (0x02240313) x 6 0x0000000080002022
ST_ADDR_MISALIGNED exception @ 0x0000000080000564
core   0: 0x0000000080000004 (0x34202f73) csrr    t5, mcause
3 0x0000000080000004 (0x34202f73) x30 0x0000000000000006
core   0: 0x0000000080000008 (0x00004fa1) c.li    t6, 8
3 0x0000000080000008 (0x4fa1) x31 0x0000000000000008
core   0: 0x000000008000000a (0x03ff0663) beq     t5, t6, pc + 44
3 0x000000008000000a (0x03ff0663)
core   0: 0x000000008000000e (0x00004fa5) c.li    t6, 9
3 0x000000008000000e (0x4fa5) x31 0x0000000000000009
core   0: 0x0000000080000010 (0x03ff0363) beq     t5, t6, pc + 38
3 0x0000000080000010 (0x03ff0363)
core   0: 0x0000000080000014 (0x00004fad) c.li    t6, 11
3 0x0000000080000014 (0x4fad) x31 0x000000000000000b
core   0: 0x0000000080000016 (0x03ff0063) beq     t5, t6, pc + 32
3 0x0000000080000016 (0x03ff0063)
core   0: 0x000000008000001a (0x00000f17) auipc   t5, 0x0
3 0x000000008000001a (0x00000f17) x30 0x000000008000001a
core   0: 0x000000008000001e (0x6a6f0f13) addi    t5, t5, 1702
3 0x000000008000001e (0x6a6f0f13) x30 0x00000000800006c0
core   0: 0x0000000080000022 (0x000f0363) beqz    t5, pc + 6
3 0x0000000080000022 (0x000f0363)
core   0: 0x0000000080000026 (0x00008f02) c.jr    t5
3 0x0000000080000026 (0x8f02)
core   0: 0x00000000800006c0 (0x342022f3) csrr    t0, mcause
3 0x00000000800006c0 (0x342022f3) x 5 0x0000000000000006
core   0: 0x00000000800006c4 (0xfc9296e3) bne     t0, s1, pc - 52
3 0x00000000800006c4 (0xfc9296e3)
core   0: 0x00000000800006c8 (0x343022f3) csrr    t0, mtval
3 0x00000000800006c8 (0x343022f3) x 5 0x0000000080002022
core   0: 0x00000000800006cc (0xfc6292e3) bne     t0, t1, pc - 60
3 0x00000000800006cc (0xfc6292e3)
core   0: 0x00000000800006d0 (0x00028283) lb      t0, 0(t0)
3 0x00000000800006d0 (0x00028283) x 5 0x0000000000000050 mem 0x0000000080002022
core   0: 0x00000000800006d4 (0xfa028ee3) beqz    t0, pc - 68
3 0x00000000800006d4 (0xfa028ee3)
core   0: 0x00000000800006d8 (0x34139073) csrw    mepc, t2
3 0x00000000800006d8 (0x34139073)
core   0: 0x00000000800006dc (0x30200073) mret
3 0x00000000800006dc (0x30200073)
core   0: 0x0000000080000588 (0x01c00193) li      gp, 28
3 0x0000000080000588 (0x01c00193) x 3 0x000000000000001c
core   0: 0x000000008000058c (0x00000397) auipc   t2, 0x0
3 0x000000008000058c (0x00000397) x 7 0x000000008000058c
core   0: 0x0000000080000590 (0x03038393) addi    t2, t2, 48
3 0x0000000080000590 (0x03038393) x 7 0x00000000800005bc
core   0: 0x0000000080000594 (0x02b40313) addi    t1, s0, 43
3 0x0000000080000594 (0x02b40313) x 6 0x000000008000202b
ST_ADDR_MISALIGNED exception @ 0x0000000080000598
core   0: 0x0000000080000004 (0x34202f73) csrr    t5, mcause
3 0x0000000080000004 (0x34202f73) x30 0x0000000000000006
core   0: 0x0000000080000008 (0x00004fa1) c.li    t6, 8
3 0x0000000080000008 (0x4fa1) x31 0x0000000000000008
core   0: 0x000000008000000a (0x03ff0663) beq     t5, t6, pc + 44
3 0x000000008000000a (0x03ff0663)
core   0: 0x000000008000000e (0x00004fa5) c.li    t6, 9
3 0x000000008000000e (0x4fa5) x31 0x0000000000000009
core   0: 0x0000000080000010 (0x03ff0363) beq     t5, t6, pc + 38
3 0x0000000080000010 (0x03ff0363)
core   0: 0x0000000080000014 (0x00004fad) c.li    t6, 11
3 0x0000000080000014 (0x4fad) x31 0x000000000000000b
core   0: 0x0000000080000016 (0x03ff0063) beq     t5, t6, pc + 32
3 0x0000000080000016 (0x03ff0063)
core   0: 0x000000008000001a (0x00000f17) auipc   t5, 0x0
3 0x000000008000001a (0x00000f17) x30 0x000000008000001a
core   0: 0x000000008000001e (0x6a6f0f13) addi    t5, t5, 1702
3 0x000000008000001e (0x6a6f0f13) x30 0x00000000800006c0
core   0: 0x0000000080000022 (0x000f0363) beqz    t5, pc + 6
3 0x0000000080000022 (0x000f0363)
core   0: 0x0000000080000026 (0x00008f02) c.jr    t5
3 0x0000000080000026 (0x8f02)
core   0: 0x00000000800006c0 (0x342022f3) csrr    t0, mcause
3 0x00000000800006c0 (0x342022f3) x 5 0x0000000000000006
core   0: 0x00000000800006c4 (0xfc9296e3) bne     t0, s1, pc - 52
3 0x00000000800006c4 (0xfc9296e3)
core   0: 0x00000000800006c8 (0x343022f3) csrr    t0, mtval
3 0x00000000800006c8 (0x343022f3) x 5 0x000000008000202b
core   0: 0x00000000800006cc (0xfc6292e3) bne     t0, t1, pc - 60
3 0x00000000800006cc (0xfc6292e3)
core   0: 0x00000000800006d0 (0x00028283) lb      t0, 0(t0)
3 0x00000000800006d0 (0x00028283) x 5 0x0000000000000050 mem 0x000000008000202b
core   0: 0x00000000800006d4 (0xfa028ee3) beqz    t0, pc - 68
3 0x00000000800006d4 (0xfa028ee3)
core   0: 0x00000000800006d8 (0x34139073) csrw    mepc, t2
3 0x00000000800006d8 (0x34139073)
core   0: 0x00000000800006dc (0x30200073) mret
3 0x00000000800006dc (0x30200073)
core   0: 0x00000000800005bc (0x01d00193) li      gp, 29
3 0x00000000800005bc (0x01d00193) x 3 0x000000000000001d
core   0: 0x00000000800005c0 (0x00000397) auipc   t2, 0x0
3 0x00000000800005c0 (0x00000397) x 7 0x00000000800005c0
core   0: 0x00000000800005c4 (0x03038393) addi    t2, t2, 48
3 0x00000000800005c4 (0x03038393) x 7 0x00000000800005f0
core   0: 0x00000000800005c8 (0x03440313) addi    t1, s0, 52
3 0x00000000800005c8 (0x03440313) x 6 0x0000000080002034
ST_ADDR_MISALIGNED exception @ 0x00000000800005cc
core   0: 0x0000000080000004 (0x34202f73) csrr    t5, mcause
3 0x0000000080000004 (0x34202f73) x30 0x0000000000000006
core   0: 0x0000000080000008 (0x00004fa1) c.li    t6, 8
3 0x0000000080000008 (0x4fa1) x31 0x0000000000000008
core   0: 0x000000008000000a (0x03ff0663) beq     t5, t6, pc + 44
3 0x000000008000000a (0x03ff0663)
core   0: 0x000000008000000e (0x00004fa5) c.li    t6, 9
3 0x000000008000000e (0x4fa5) x31 0x0000000000000009
core   0: 0x0000000080000010 (0x03ff0363) beq     t5, t6, pc + 38
3 0x0000000080000010 (0x03ff0363)
core   0: 0x0000000080000014 (0x00004fad) c.li    t6, 11
3 0x0000000080000014 (0x4fad) x31 0x000000000000000b
core   0: 0x0000000080000016 (0x03ff0063) beq     t5, t6, pc + 32
3 0x0000000080000016 (0x03ff0063)
core   0: 0x000000008000001a (0x00000f17) auipc   t5, 0x0
3 0x000000008000001a (0x00000f17) x30 0x000000008000001a
core   0: 0x000000008000001e (0x6a6f0f13) addi    t5, t5, 1702
3 0x000000008000001e (0x6a6f0f13) x30 0x00000000800006c0
core   0: 0x0000000080000022 (0x000f0363) beqz    t5, pc + 6
3 0x0000000080000022 (0x000f0363)
core   0: 0x0000000080000026 (0x00008f02) c.jr    t5
3 0x0000000080000026 (0x8f02)
core   0: 0x00000000800006c0 (0x342022f3) csrr    t0, mcause
3 0x00000000800006c0 (0x342022f3) x 5 0x0000000000000006
core   0: 0x00000000800006c4 (0xfc9296e3) bne     t0, s1, pc - 52
3 0x00000000800006c4 (0xfc9296e3)
core   0: 0x00000000800006c8 (0x343022f3) csrr    t0, mtval
3 0x00000000800006c8 (0x343022f3) x 5 0x0000000080002034
core   0: 0x00000000800006cc (0xfc6292e3) bne     t0, t1, pc - 60
3 0x00000000800006cc (0xfc6292e3)
core   0: 0x00000000800006d0 (0x00028283) lb      t0, 0(t0)
3 0x00000000800006d0 (0x00028283) x 5 0x0000000000000050 mem 0x0000000080002034
core   0: 0x00000000800006d4 (0xfa028ee3) beqz    t0, pc - 68
3 0x00000000800006d4 (0xfa028ee3)
core   0: 0x00000000800006d8 (0x34139073) csrw    mepc, t2
3 0x00000000800006d8 (0x34139073)
core   0: 0x00000000800006dc (0x30200073) mret
3 0x00000000800006dc (0x30200073)
core   0: 0x00000000800005f0 (0x01e00193) li      gp, 30
3 0x00000000800005f0 (0x01e00193) x 3 0x000000000000001e
core   0: 0x00000000800005f4 (0x00000397) auipc   t2, 0x0
3 0x00000000800005f4 (0x00000397) x 7 0x00000000800005f4
core   0: 0x00000000800005f8 (0x03038393) addi    t2, t2, 48
3 0x00000000800005f8 (0x03038393) x 7 0x0000000080000624
core   0: 0x00000000800005fc (0x03d40313) addi    t1, s0, 61
3 0x00000000800005fc (0x03d40313) x 6 0x000000008000203d
ST_ADDR_MISALIGNED exception @ 0x0000000080000600
core   0: 0x0000000080000004 (0x34202f73) csrr    t5, mcause
3 0x0000000080000004 (0x34202f73) x30 0x0000000000000006
core   0: 0x0000000080000008 (0x00004fa1) c.li    t6, 8
3 0x0000000080000008 (0x4fa1) x31 0x0000000000000008
core   0: 0x000000008000000a (0x03ff0663) beq     t5, t6, pc + 44
3 0x000000008000000a (0x03ff0663)
core   0: 0x000000008000000e (0x00004fa5) c.li    t6, 9
3 0x000000008000000e (0x4fa5) x31 0x0000000000000009
core   0: 0x0000000080000010 (0x03ff0363) beq     t5, t6, pc + 38
3 0x0000000080000010 (0x03ff0363)
core   0: 0x0000000080000014 (0x00004fad) c.li    t6, 11
3 0x0000000080000014 (0x4fad) x31 0x000000000000000b
core   0: 0x0000000080000016 (0x03ff0063) beq     t5, t6, pc + 32
3 0x0000000080000016 (0x03ff0063)
core   0: 0x000000008000001a (0x00000f17) auipc   t5, 0x0
3 0x000000008000001a (0x00000f17) x30 0x000000008000001a
core   0: 0x000000008000001e (0x6a6f0f13) addi    t5, t5, 1702
3 0x000000008000001e (0x6a6f0f13) x30 0x00000000800006c0
core   0: 0x0000000080000022 (0x000f0363) beqz    t5, pc + 6
3 0x0000000080000022 (0x000f0363)
core   0: 0x0000000080000026 (0x00008f02) c.jr    t5
3 0x0000000080000026 (0x8f02)
core   0: 0x00000000800006c0 (0x342022f3) csrr    t0, mcause
3 0x00000000800006c0 (0x342022f3) x 5 0x0000000000000006
core   0: 0x00000000800006c4 (0xfc9296e3) bne     t0, s1, pc - 52
3 0x00000000800006c4 (0xfc9296e3)
core   0: 0x00000000800006c8 (0x343022f3) csrr    t0, mtval
3 0x00000000800006c8 (0x343022f3) x 5 0x000000008000203d
core   0: 0x00000000800006cc (0xfc6292e3) bne     t0, t1, pc - 60
3 0x00000000800006cc (0xfc6292e3)
core   0: 0x00000000800006d0 (0x00028283) lb      t0, 0(t0)
3 0x00000000800006d0 (0x00028283) x 5 0x0000000000000050 mem 0x000000008000203d
core   0: 0x00000000800006d4 (0xfa028ee3) beqz    t0, pc - 68
3 0x00000000800006d4 (0xfa028ee3)
core   0: 0x00000000800006d8 (0x34139073) csrw    mepc, t2
3 0x00000000800006d8 (0x34139073)
core   0: 0x00000000800006dc (0x30200073) mret
3 0x00000000800006dc (0x30200073)
core   0: 0x0000000080000624 (0x01f00193) li      gp, 31
3 0x0000000080000624 (0x01f00193) x 3 0x000000000000001f
core   0: 0x0000000080000628 (0x00000397) auipc   t2, 0x0
3 0x0000000080000628 (0x00000397) x 7 0x0000000080000628
core   0: 0x000000008000062c (0x03038393) addi    t2, t2, 48
3 0x000000008000062c (0x03038393) x 7 0x0000000080000658
core   0: 0x0000000080000630 (0x04640313) addi    t1, s0, 70
3 0x0000000080000630 (0x04640313) x 6 0x0000000080002046
ST_ADDR_MISALIGNED exception @ 0x0000000080000634
core   0: 0x0000000080000004 (0x34202f73) csrr    t5, mcause
3 0x0000000080000004 (0x34202f73) x30 0x0000000000000006
core   0: 0x0000000080000008 (0x00004fa1) c.li    t6, 8
3 0x0000000080000008 (0x4fa1) x31 0x0000000000000008
core   0: 0x000000008000000a (0x03ff0663) beq     t5, t6, pc + 44
3 0x000000008000000a (0x03ff0663)
core   0: 0x000000008000000e (0x00004fa5) c.li    t6, 9
3 0x000000008000000e (0x4fa5) x31 0x0000000000000009
core   0: 0x0000000080000010 (0x03ff0363) beq     t5, t6, pc + 38
3 0x0000000080000010 (0x03ff0363)
core   0: 0x0000000080000014 (0x00004fad) c.li    t6, 11
3 0x0000000080000014 (0x4fad) x31 0x000000000000000b
core   0: 0x0000000080000016 (0x03ff0063) beq     t5, t6, pc + 32
3 0x0000000080000016 (0x03ff0063)
core   0: 0x000000008000001a (0x00000f17) auipc   t5, 0x0
3 0x000000008000001a (0x00000f17) x30 0x000000008000001a
core   0: 0x000000008000001e (0x6a6f0f13) addi    t5, t5, 1702
3 0x000000008000001e (0x6a6f0f13) x30 0x00000000800006c0
core   0: 0x0000000080000022 (0x000f0363) beqz    t5, pc + 6
3 0x0000000080000022 (0x000f0363)
core   0: 0x0000000080000026 (0x00008f02) c.jr    t5
3 0x0000000080000026 (0x8f02)
core   0: 0x00000000800006c0 (0x342022f3) csrr    t0, mcause
3 0x00000000800006c0 (0x342022f3) x 5 0x0000000000000006
core   0: 0x00000000800006c4 (0xfc9296e3) bne     t0, s1, pc - 52
3 0x00000000800006c4 (0xfc9296e3)
core   0: 0x00000000800006c8 (0x343022f3) csrr    t0, mtval
3 0x00000000800006c8 (0x343022f3) x 5 0x0000000080002046
core   0: 0x00000000800006cc (0xfc6292e3) bne     t0, t1, pc - 60
3 0x00000000800006cc (0xfc6292e3)
core   0: 0x00000000800006d0 (0x00028283) lb      t0, 0(t0)
3 0x00000000800006d0 (0x00028283) x 5 0x0000000000000050 mem 0x0000000080002046
core   0: 0x00000000800006d4 (0xfa028ee3) beqz    t0, pc - 68
3 0x00000000800006d4 (0xfa028ee3)
core   0: 0x00000000800006d8 (0x34139073) csrw    mepc, t2
3 0x00000000800006d8 (0x34139073)
core   0: 0x00000000800006dc (0x30200073) mret
3 0x00000000800006dc (0x30200073)
core   0: 0x0000000080000658 (0x02000193) li      gp, 32
3 0x0000000080000658 (0x02000193) x 3 0x0000000000000020
core   0: 0x000000008000065c (0x00000397) auipc   t2, 0x0
3 0x000000008000065c (0x00000397) x 7 0x000000008000065c
core   0: 0x0000000080000660 (0x03038393) addi    t2, t2, 48
3 0x0000000080000660 (0x03038393) x 7 0x000000008000068c
core   0: 0x0000000080000664 (0x04f40313) addi    t1, s0, 79
3 0x0000000080000664 (0x04f40313) x 6 0x000000008000204f
ST_ADDR_MISALIGNED exception @ 0x0000000080000668
core   0: 0x0000000080000004 (0x34202f73) csrr    t5, mcause
3 0x0000000080000004 (0x34202f73) x30 0x0000000000000006
core   0: 0x0000000080000008 (0x00004fa1) c.li    t6, 8
3 0x0000000080000008 (0x4fa1) x31 0x0000000000000008
core   0: 0x000000008000000a (0x03ff0663) beq     t5, t6, pc + 44
3 0x000000008000000a (0x03ff0663)
core   0: 0x000000008000000e (0x00004fa5) c.li    t6, 9
3 0x000000008000000e (0x4fa5) x31 0x0000000000000009
core   0: 0x0000000080000010 (0x03ff0363) beq     t5, t6, pc + 38
3 0x0000000080000010 (0x03ff0363)
core   0: 0x0000000080000014 (0x00004fad) c.li    t6, 11
3 0x0000000080000014 (0x4fad) x31 0x000000000000000b
core   0: 0x0000000080000016 (0x03ff0063) beq     t5, t6, pc + 32
3 0x0000000080000016 (0x03ff0063)
core   0: 0x000000008000001a (0x00000f17) auipc   t5, 0x0
3 0x000000008000001a (0x00000f17) x30 0x000000008000001a
core   0: 0x000000008000001e (0x6a6f0f13) addi    t5, t5, 1702
3 0x000000008000001e (0x6a6f0f13) x30 0x00000000800006c0
core   0: 0x0000000080000022 (0x000f0363) beqz    t5, pc + 6
3 0x0000000080000022 (0x000f0363)
core   0: 0x0000000080000026 (0x00008f02) c.jr    t5
3 0x0000000080000026 (0x8f02)
core   0: 0x00000000800006c0 (0x342022f3) csrr    t0, mcause
3 0x00000000800006c0 (0x342022f3) x 5 0x0000000000000006
core   0: 0x00000000800006c4 (0xfc9296e3) bne     t0, s1, pc - 52
3 0x00000000800006c4 (0xfc9296e3)
core   0: 0x00000000800006c8 (0x343022f3) csrr    t0, mtval
3 0x00000000800006c8 (0x343022f3) x 5 0x000000008000204f
core   0: 0x00000000800006cc (0xfc6292e3) bne     t0, t1, pc - 60
3 0x00000000800006cc (0xfc6292e3)
core   0: 0x00000000800006d0 (0x00028283) lb      t0, 0(t0)
3 0x00000000800006d0 (0x00028283) x 5 0x0000000000000050 mem 0x000000008000204f
core   0: 0x00000000800006d4 (0xfa028ee3) beqz    t0, pc - 68
3 0x00000000800006d4 (0xfa028ee3)
core   0: 0x00000000800006d8 (0x34139073) csrw    mepc, t2
3 0x00000000800006d8 (0x34139073)
core   0: 0x00000000800006dc (0x30200073) mret
3 0x00000000800006dc (0x30200073)
core   0: 0x000000008000068c (0x00301e63) bne     zero, gp, pc + 28
3 0x000000008000068c (0x00301e63)
core   0: 0x00000000800006a8 (0x0ff0000f) fence   iorw,iorw
3 0x00000000800006a8 (0x0ff0000f)
core   0: 0x00000000800006ac (0x00100193) li      gp, 1
3 0x00000000800006ac (0x00100193) x 3 0x0000000000000001
core   0: 0x00000000800006b0 (0x00002e17) auipc   t3, 0x2
3 0x00000000800006b0 (0x00002e17) x28 0x00000000800026b0
core   0: 0x00000000800006b4 (0xa60e0e13) addi    t3, t3, -1440
3 0x00000000800006b4 (0xa60e0e13) x28 0x0000000080002110
core   0: 0x00000000800006b8 (0x003e2023) sw      gp, 0(t3)
3 0x00000000800006b8 (0x003e2023) mem 0x0000000080002110 0x0000000000000000
core   0: 0x00000000800006bc (0x00000073) ecall
3 0x00000000800006bc (0x00000073)
