core   0: 0x0000000000010000 (0x00100413) li      s0, 1
3 0x0000000000010000 (0x00100413) x 8 0x0000000000000001
core   0: 0x0000000000010004 (0x01f41413) slli    s0, s0, 31
3 0x0000000000010004 (0x01f41413) x 8 0x0000000080000000
core   0: 0x0000000000010008 (0xf1402573) csrr    a0, mhartid
3 0x0000000000010008 (0xf1402573) x10 0x0000000000000000
core   0: 0x000000000001000c (0x00000597) auipc   a1, 0x0
3 0x000000000001000c (0x00000597) x11 0x000000000001000c
core   0: 0x0000000000010010 (0x07458593) addi    a1, a1, 116
3 0x0000000000010010 (0x07458593) x11 0x0000000000010080
core   0: 0x0000000000010014 (0x00040067) jr      s0
3 0x0000000000010014 (0x00040067)
core   0: 0x0000000080000000 (0x0000a081) c.j     pc + 64
3 0x0000000080000000 (0xa081)
core   0: 0x0000000080000040 (0xf1402573) csrr    a0, mhartid
3 0x0000000080000040 (0xf1402573) x10 0x0000000000000000
core   0: 0x0000000080000044 (0x0000e101) c.bnez  a0, pc + 0
3 0x0000000080000044 (0xe101)
core   0: 0x0000000080000046 (0x00000297) auipc   t0, 0x0
3 0x0000000080000046 (0x00000297) x 5 0x0000000080000046
core   0: 0x000000008000004a (0x01228293) addi    t0, t0, 18
3 0x000000008000004a (0x01228293) x 5 0x0000000080000058
core   0: 0x000000008000004e (0x30529073) csrw    mtvec, t0
3 0x000000008000004e (0x30529073)
core   0: 0x0000000080000052 (0x18005073) csrwi   satp, 0
3 0x0000000080000052 (0x18005073)
core   0: 0x0000000080000056 (0x00000001) c.nop
3 0x0000000080000056 (0x0001)
core   0: 0x0000000080000058 (0x00000297) auipc   t0, 0x0
3 0x0000000080000058 (0x00000297) x 5 0x0000000080000058
core   0: 0x000000008000005c (0x01828293) addi    t0, t0, 24
3 0x000000008000005c (0x01828293) x 5 0x0000000080000070
core   0: 0x0000000080000060 (0x30529073) csrw    mtvec, t0
3 0x0000000080000060 (0x30529073)
core   0: 0x0000000080000064 (0x000052fd) c.li    t0, -1
3 0x0000000080000064 (0x52fd) x 5 0xffffffffffffffff
core   0: 0x0000000080000066 (0x3b029073) csrw    pmpaddr0, t0
3 0x0000000080000066 (0x3b029073)
core   0: 0x000000008000006a (0x000042fd) c.li    t0, 31
3 0x000000008000006a (0x42fd) x 5 0x000000000000001f
core   0: 0x000000008000006c (0x3a029073) csrw    pmpcfg0, t0
3 0x000000008000006c (0x3a029073)
core   0: 0x0000000080000070 (0x00000297) auipc   t0, 0x0
3 0x0000000080000070 (0x00000297) x 5 0x0000000080000070
core   0: 0x0000000080000074 (0x01828293) addi    t0, t0, 24
3 0x0000000080000074 (0x01828293) x 5 0x0000000080000088
core   0: 0x0000000080000078 (0x30529073) csrw    mtvec, t0
3 0x0000000080000078 (0x30529073)
core   0: 0x000000008000007c (0x30205073) csrwi   medeleg, 0
3 0x000000008000007c (0x30205073)
core   0: 0x0000000080000080 (0x30305073) csrwi   mideleg, 0
3 0x0000000080000080 (0x30305073)
core   0: 0x0000000080000084 (0x30405073) csrwi   mie, 0
3 0x0000000080000084 (0x30405073)
core   0: 0x0000000080000088 (0x00004181) c.li    gp, 0
3 0x0000000080000088 (0x4181) x 3 0x0000000000000000
core   0: 0x000000008000008a (0x00000297) auipc   t0, 0x0
3 0x000000008000008a (0x00000297) x 5 0x000000008000008a
core   0: 0x000000008000008e (0xf7a28293) addi    t0, t0, -134
3 0x000000008000008e (0xf7a28293) x 5 0x0000000080000004
core   0: 0x0000000080000092 (0x30529073) csrw    mtvec, t0
3 0x0000000080000092 (0x30529073)
core   0: 0x0000000080000096 (0x00004505) c.li    a0, 1
3 0x0000000080000096 (0x4505) x10 0x0000000000000001
core   0: 0x0000000080000098 (0x0000057e) c.slli  a0, 31
3 0x0000000080000098 (0x057e) x10 0x0000000080000000
core   0: 0x000000008000009a (0x00055d63) bgez    a0, pc + 26
3 0x000000008000009a (0x00055d63)
core   0: 0x00000000800000b4 (0x80000297) auipc   t0, 0x80000
3 0x00000000800000b4 (0x80000297) x 5 0x00000000000000b4
core   0: 0x00000000800000b8 (0xf4c28293) addi    t0, t0, -180
3 0x00000000800000b8 (0xf4c28293) x 5 0x0000000000000000
core   0: 0x00000000800000bc (0x00028e63) beqz    t0, pc + 28
3 0x00000000800000bc (0x00028e63)
core   0: 0x00000000800000d8 (0x30005073) csrwi   mstatus, 0
3 0x00000000800000d8 (0x30005073)
core   0: 0x00000000800000dc (0x00006509) c.lui   a0, 0x2
3 0x00000000800000dc (0x6509) x10 0x0000000000002000
core   0: 0x00000000800000de (0x30052073) csrs    mstatus, a0
3 0x00000000800000de (0x30052073)
core   0: 0x00000000800000e2 (0x00305073) csrwi   fcsr, 0
3 0x00000000800000e2 (0x00305073)
core   0: 0x00000000800000e6 (0x00000297) auipc   t0, 0x0
3 0x00000000800000e6 (0x00000297) x 5 0x00000000800000e6
core   0: 0x00000000800000ea (0x01428293) addi    t0, t0, 20
3 0x00000000800000ea (0x01428293) x 5 0x00000000800000fa
core   0: 0x00000000800000ee (0x34129073) csrw    mepc, t0
3 0x00000000800000ee (0x34129073)
core   0: 0x00000000800000f2 (0xf1402573) csrr    a0, mhartid
3 0x00000000800000f2 (0xf1402573) x10 0x0000000000000000
core   0: 0x00000000800000f6 (0x30200073) mret
3 0x00000000800000f6 (0x30200073)
core   0: 0x00000000800000fa (0x0030d073) csrwi   fcsr, 1
0 0x00000000800000fa (0x0030d073)
core   0: 0x00000000800000fe (0x00001537) lui     a0, 0x1
0 0x00000000800000fe (0x00001537) x10 0x0000000000001000
core   0: 0x0000000080000102 (0x2345051b) addiw   a0, a0, 564
0 0x0000000080000102 (0x2345051b) x10 0x0000000000001234
core   0: 0x0000000080000106 (0x003515f3) csrrw   a1, fcsr, a0
0 0x0000000080000106 (0x003515f3) x11 0x0000000000000001
core   0: 0x000000008000010a (0x00004e85) c.li    t4, 1
0 0x000000008000010a (0x4e85) x29 0x0000000000000001
core   0: 0x000000008000010c (0x00004189) c.li    gp, 2
0 0x000000008000010c (0x4189) x 3 0x0000000000000002
core   0: 0x000000008000010e (0x00002e17) auipc   t3, 0x2
0 0x000000008000010e (0x00002e17) x28 0x000000008000210e
core   0: 0x0000000080000112 (0xef2e0e13) addi    t3, t3, -270
0 0x0000000080000112 (0xef2e0e13) x28 0x0000000080002000
core   0: 0x0000000080000116 (0x00be2423) sw      a1, 8(t3)
0 0x0000000080000116 (0x00be2423) mem 0x0000000080002008 0x0000000000000000
core   0: 0x000000008000011a (0x35d59163) bne     a1, t4, pc + 834
0 0x000000008000011a (0x35d59163)
core   0: 0x000000008000011e (0x00302573) csrr    a0, fcsr
0 0x000000008000011e (0x00302573) x10 0x0000000000000034
core   0: 0x0000000080000122 (0x03400e93) li      t4, 52
0 0x0000000080000122 (0x03400e93) x29 0x0000000000000034
core   0: 0x0000000080000126 (0x0000418d) c.li    gp, 3
0 0x0000000080000126 (0x418d) x 3 0x0000000000000003
core   0: 0x0000000080000128 (0x00002e17) auipc   t3, 0x2
0 0x0000000080000128 (0x00002e17) x28 0x0000000080002128
core   0: 0x000000008000012c (0xed8e0e13) addi    t3, t3, -296
0 0x000000008000012c (0xed8e0e13) x28 0x0000000080002000
core   0: 0x0000000080000130 (0x00ae2623) sw      a0, 12(t3)
0 0x0000000080000130 (0x00ae2623) mem 0x000000008000200c 0x0000000000000000
core   0: 0x0000000080000134 (0x33d51463) bne     a0, t4, pc + 808
0 0x0000000080000134 (0x33d51463)
core   0: 0x0000000080000138 (0x00102573) csrr    a0, fflags
0 0x0000000080000138 (0x00102573) x10 0x0000000000000014
core   0: 0x000000008000013c (0x00004ed1) c.li    t4, 20
0 0x000000008000013c (0x4ed1) x29 0x0000000000000014
core   0: 0x000000008000013e (0x00004191) c.li    gp, 4
0 0x000000008000013e (0x4191) x 3 0x0000000000000004
core   0: 0x0000000080000140 (0x00002e17) auipc   t3, 0x2
0 0x0000000080000140 (0x00002e17) x28 0x0000000080002140
core   0: 0x0000000080000144 (0xec0e0e13) addi    t3, t3, -320
0 0x0000000080000144 (0xec0e0e13) x28 0x0000000080002000
core   0: 0x0000000080000148 (0x00ae2823) sw      a0, 16(t3)
0 0x0000000080000148 (0x00ae2823) mem 0x0000000080002010 0x0000000000000000
core   0: 0x000000008000014c (0x31d51863) bne     a0, t4, pc + 784
0 0x000000008000014c (0x31d51863)
core   0: 0x0000000080000150 (0x00215573) csrrwi  a0, frm, 2
0 0x0000000080000150 (0x00215573) x10 0x0000000000000001
core   0: 0x0000000080000154 (0x00004e85) c.li    t4, 1
0 0x0000000080000154 (0x4e85) x29 0x0000000000000001
core   0: 0x0000000080000156 (0x00004195) c.li    gp, 5
0 0x0000000080000156 (0x4195) x 3 0x0000000000000005
core   0: 0x0000000080000158 (0x00002e17) auipc   t3, 0x2
0 0x0000000080000158 (0x00002e17) x28 0x0000000080002158
core   0: 0x000000008000015c (0xea8e0e13) addi    t3, t3, -344
0 0x000000008000015c (0xea8e0e13) x28 0x0000000080002000
core   0: 0x0000000080000160 (0x00ae2a23) sw      a0, 20(t3)
0 0x0000000080000160 (0x00ae2a23) mem 0x0000000080002014 0x0000000000000000
core   0: 0x0000000080000164 (0x2fd51c63) bne     a0, t4, pc + 760
0 0x0000000080000164 (0x2fd51c63)
core   0: 0x0000000080000168 (0x00302573) csrr    a0, fcsr
0 0x0000000080000168 (0x00302573) x10 0x0000000000000054
core   0: 0x000000008000016c (0x05400e93) li      t4, 84
0 0x000000008000016c (0x05400e93) x29 0x0000000000000054
core   0: 0x0000000080000170 (0x00004199) c.li    gp, 6
0 0x0000000080000170 (0x4199) x 3 0x0000000000000006
core   0: 0x0000000080000172 (0x00002e17) auipc   t3, 0x2
0 0x0000000080000172 (0x00002e17) x28 0x0000000080002172
core   0: 0x0000000080000176 (0xe8ee0e13) addi    t3, t3, -370
0 0x0000000080000176 (0xe8ee0e13) x28 0x0000000080002000
core   0: 0x000000008000017a (0x00ae2c23) sw      a0, 24(t3)
0 0x000000008000017a (0x00ae2c23) mem 0x0000000080002018 0x0000000000000000
core   0: 0x000000008000017e (0x2dd51f63) bne     a0, t4, pc + 734
0 0x000000008000017e (0x2dd51f63)
core   0: 0x0000000080000182 (0x00127573) csrrci  a0, fflags, 4
0 0x0000000080000182 (0x00127573) x10 0x0000000000000014
core   0: 0x0000000080000186 (0x00004ed1) c.li    t4, 20
0 0x0000000080000186 (0x4ed1) x29 0x0000000000000014
core   0: 0x0000000080000188 (0x0000419d) c.li    gp, 7
0 0x0000000080000188 (0x419d) x 3 0x0000000000000007
core   0: 0x000000008000018a (0x00002e17) auipc   t3, 0x2
0 0x000000008000018a (0x00002e17) x28 0x000000008000218a
core   0: 0x000000008000018e (0xe76e0e13) addi    t3, t3, -394
0 0x000000008000018e (0xe76e0e13) x28 0x0000000080002000
core   0: 0x0000000080000192 (0x00ae2e23) sw      a0, 28(t3)
0 0x0000000080000192 (0x00ae2e23) mem 0x000000008000201c 0x0000000000000000
core   0: 0x0000000080000196 (0x2dd51363) bne     a0, t4, pc + 710
0 0x0000000080000196 (0x2dd51363)
core   0: 0x000000008000019a (0x00302573) csrr    a0, fcsr
0 0x000000008000019a (0x00302573) x10 0x0000000000000050
core   0: 0x000000008000019e (0x05000e93) li      t4, 80
0 0x000000008000019e (0x05000e93) x29 0x0000000000000050
core   0: 0x00000000800001a2 (0x000041a1) c.li    gp, 8
0 0x00000000800001a2 (0x41a1) x 3 0x0000000000000008
core   0: 0x00000000800001a4 (0x00002e17) auipc   t3, 0x2
0 0x00000000800001a4 (0x00002e17) x28 0x00000000800021a4
core   0: 0x00000000800001a8 (0xe5ce0e13) addi    t3, t3, -420
0 0x00000000800001a8 (0xe5ce0e13) x28 0x0000000080002000
core   0: 0x00000000800001ac (0x02ae2023) sw      a0, 32(t3)
0 0x00000000800001ac (0x02ae2023) mem 0x0000000080002020 0x0000000000000000
core   0: 0x00000000800001b0 (0x2bd51663) bne     a0, t4, pc + 684
0 0x00000000800001b0 (0x2bd51663)
core   0: 0x00000000800001b4 (0x123455b7) lui     a1, 0x12345
0 0x00000000800001b4 (0x123455b7) x11 0x0000000012345000
core   0: 0x00000000800001b8 (0x6785859b) addiw   a1, a1, 1656
0 0x00000000800001b8 (0x6785859b) x11 0x0000000012345678
core   0: 0x00000000800001bc (0x00004601) c.li    a2, 0
0 0x00000000800001bc (0x4601) x12 0x0000000000000000
core   0: 0x00000000800001be (0xf00580d3) fmv.w.x ft1, a1
0 0x00000000800001be (0xf00580d3) f 1 0xffffffff12345678
core   0: 0x00000000800001c2 (0xf0060153) fmv.w.x ft2, a2
0 0x00000000800001c2 (0xf0060153) f 2 0xffffffff00000000
core   0: 0x00000000800001c6 (0x20208053) fsgnj.s ft0, ft1, ft2
0 0x00000000800001c6 (0x20208053) f 0 0xffffffff12345678
core   0: 0x00000000800001ca (0xe0000553) fmv.x.w a0, ft0
0 0x00000000800001ca (0xe0000553) x10 0x0000000012345678
core   0: 0x00000000800001ce (0x12345eb7) lui     t4, 0x12345
0 0x00000000800001ce (0x12345eb7) x29 0x0000000012345000
core   0: 0x00000000800001d2 (0x678e8e9b) addiw   t4, t4, 1656
0 0x00000000800001d2 (0x678e8e9b) x29 0x0000000012345678
core   0: 0x00000000800001d6 (0x000041a9) c.li    gp, 10
0 0x00000000800001d6 (0x41a9) x 3 0x000000000000000a
core   0: 0x00000000800001d8 (0x00002e17) auipc   t3, 0x2
0 0x00000000800001d8 (0x00002e17) x28 0x00000000800021d8
core   0: 0x00000000800001dc (0xe28e0e13) addi    t3, t3, -472
0 0x00000000800001dc (0xe28e0e13) x28 0x0000000080002000
core   0: 0x00000000800001e0 (0x02ae2423) sw      a0, 40(t3)
0 0x00000000800001e0 (0x02ae2423) mem 0x0000000080002028 0x0000000000000000
core   0: 0x00000000800001e4 (0x27d51c63) bne     a0, t4, pc + 632
0 0x00000000800001e4 (0x27d51c63)
core   0: 0x00000000800001e8 (0x123455b7) lui     a1, 0x12345
0 0x00000000800001e8 (0x123455b7) x11 0x0000000012345000
core   0: 0x00000000800001ec (0x6785859b) addiw   a1, a1, 1656
0 0x00000000800001ec (0x6785859b) x11 0x0000000012345678
core   0: 0x00000000800001f0 (0x0000567d) c.li    a2, -1
0 0x00000000800001f0 (0x567d) x12 0xffffffffffffffff
core   0: 0x00000000800001f2 (0xf00580d3) fmv.w.x ft1, a1
0 0x00000000800001f2 (0xf00580d3) f 1 0xffffffff12345678
core   0: 0x00000000800001f6 (0xf0060153) fmv.w.x ft2, a2
0 0x00000000800001f6 (0xf0060153) f 2 0xffffffffffffffff
core   0: 0x00000000800001fa (0x20208053) fsgnj.s ft0, ft1, ft2
0 0x00000000800001fa (0x20208053) f 0 0xffffffff92345678
core   0: 0x00000000800001fe (0xe0000553) fmv.x.w a0, ft0
0 0x00000000800001fe (0xe0000553) x10 0xffffffff92345678
core   0: 0x0000000080000202 (0x92345eb7) lui     t4, 0x92345
0 0x0000000080000202 (0x92345eb7) x29 0xffffffff92345000
core   0: 0x0000000080000206 (0x678e8e9b) addiw   t4, t4, 1656
0 0x0000000080000206 (0x678e8e9b) x29 0xffffffff92345678
core   0: 0x000000008000020a (0x000041ad) c.li    gp, 11
0 0x000000008000020a (0x41ad) x 3 0x000000000000000b
core   0: 0x000000008000020c (0x00002e17) auipc   t3, 0x2
0 0x000000008000020c (0x00002e17) x28 0x000000008000220c
core   0: 0x0000000080000210 (0xdf4e0e13) addi    t3, t3, -524
0 0x0000000080000210 (0xdf4e0e13) x28 0x0000000080002000
core   0: 0x0000000080000214 (0x02ae2623) sw      a0, 44(t3)
0 0x0000000080000214 (0x02ae2623) mem 0x000000008000202c 0x0000000000000000
core   0: 0x0000000080000218 (0x25d51263) bne     a0, t4, pc + 580
0 0x0000000080000218 (0x25d51263)
core   0: 0x000000008000021c (0x000925b7) lui     a1, 0x92
0 0x000000008000021c (0x000925b7) x11 0x0000000000092000
core   0: 0x0000000080000220 (0x3455859b) addiw   a1, a1, 837
0 0x0000000080000220 (0x3455859b) x11 0x0000000000092345
core   0: 0x0000000080000224 (0x00c59593) slli    a1, a1, 12
0 0x0000000080000224 (0x00c59593) x11 0x0000000092345000
core   0: 0x0000000080000228 (0x67858593) addi    a1, a1, 1656
0 0x0000000080000228 (0x67858593) x11 0x0000000092345678
core   0: 0x000000008000022c (0x00004601) c.li    a2, 0
0 0x000000008000022c (0x4601) x12 0x0000000000000000
core   0: 0x000000008000022e (0xf00580d3) fmv.w.x ft1, a1
0 0x000000008000022e (0xf00580d3) f 1 0xffffffff92345678
core   0: 0x0000000080000232 (0xf0060153) fmv.w.x ft2, a2
0 0x0000000080000232 (0xf0060153) f 2 0xffffffff00000000
core   0: 0x0000000080000236 (0x20208053) fsgnj.s ft0, ft1, ft2
0 0x0000000080000236 (0x20208053) f 0 0xffffffff12345678
core   0: 0x000000008000023a (0xe0000553) fmv.x.w a0, ft0
0 0x000000008000023a (0xe0000553) x10 0x0000000012345678
core   0: 0x000000008000023e (0x12345eb7) lui     t4, 0x12345
0 0x000000008000023e (0x12345eb7) x29 0x0000000012345000
core   0: 0x0000000080000242 (0x678e8e9b) addiw   t4, t4, 1656
0 0x0000000080000242 (0x678e8e9b) x29 0x0000000012345678
core   0: 0x0000000080000246 (0x000041b1) c.li    gp, 12
0 0x0000000080000246 (0x41b1) x 3 0x000000000000000c
core   0: 0x0000000080000248 (0x00002e17) auipc   t3, 0x2
0 0x0000000080000248 (0x00002e17) x28 0x0000000080002248
core   0: 0x000000008000024c (0xdb8e0e13) addi    t3, t3, -584
0 0x000000008000024c (0xdb8e0e13) x28 0x0000000080002000
core   0: 0x0000000080000250 (0x02ae2823) sw      a0, 48(t3)
0 0x0000000080000250 (0x02ae2823) mem 0x0000000080002030 0x0000000000000000
core   0: 0x0000000080000254 (0x21d51463) bne     a0, t4, pc + 520
0 0x0000000080000254 (0x21d51463)
core   0: 0x0000000080000258 (0x000925b7) lui     a1, 0x92
0 0x0000000080000258 (0x000925b7) x11 0x0000000000092000
core   0: 0x000000008000025c (0x3455859b) addiw   a1, a1, 837
0 0x000000008000025c (0x3455859b) x11 0x0000000000092345
core   0: 0x0000000080000260 (0x00c59593) slli    a1, a1, 12
0 0x0000000080000260 (0x00c59593) x11 0x0000000092345000
core   0: 0x0000000080000264 (0x67858593) addi    a1, a1, 1656
0 0x0000000080000264 (0x67858593) x11 0x0000000092345678
core   0: 0x0000000080000268 (0x0000567d) c.li    a2, -1
0 0x0000000080000268 (0x567d) x12 0xffffffffffffffff
core   0: 0x000000008000026a (0xf00580d3) fmv.w.x ft1, a1
0 0x000000008000026a (0xf00580d3) f 1 0xffffffff92345678
core   0: 0x000000008000026e (0xf0060153) fmv.w.x ft2, a2
0 0x000000008000026e (0xf0060153) f 2 0xffffffffffffffff
core   0: 0x0000000080000272 (0x20208053) fsgnj.s ft0, ft1, ft2
0 0x0000000080000272 (0x20208053) f 0 0xffffffff92345678
core   0: 0x0000000080000276 (0xe0000553) fmv.x.w a0, ft0
0 0x0000000080000276 (0xe0000553) x10 0xffffffff92345678
core   0: 0x000000008000027a (0x92345eb7) lui     t4, 0x92345
0 0x000000008000027a (0x92345eb7) x29 0xffffffff92345000
core   0: 0x000000008000027e (0x678e8e9b) addiw   t4, t4, 1656
0 0x000000008000027e (0x678e8e9b) x29 0xffffffff92345678
core   0: 0x0000000080000282 (0x000041b5) c.li    gp, 13
0 0x0000000080000282 (0x41b5) x 3 0x000000000000000d
core   0: 0x0000000080000284 (0x00002e17) auipc   t3, 0x2
0 0x0000000080000284 (0x00002e17) x28 0x0000000080002284
core   0: 0x0000000080000288 (0xd7ce0e13) addi    t3, t3, -644
0 0x0000000080000288 (0xd7ce0e13) x28 0x0000000080002000
core   0: 0x000000008000028c (0x02ae2a23) sw      a0, 52(t3)
0 0x000000008000028c (0x02ae2a23) mem 0x0000000080002034 0x0000000000000000
core   0: 0x0000000080000290 (0x1dd51663) bne     a0, t4, pc + 460
0 0x0000000080000290 (0x1dd51663)
core   0: 0x0000000080000294 (0x123455b7) lui     a1, 0x12345
0 0x0000000080000294 (0x123455b7) x11 0x0000000012345000
core   0: 0x0000000080000298 (0x6785859b) addiw   a1, a1, 1656
0 0x0000000080000298 (0x6785859b) x11 0x0000000012345678
core   0: 0x000000008000029c (0x00004601) c.li    a2, 0
0 0x000000008000029c (0x4601) x12 0x0000000000000000
core   0: 0x000000008000029e (0xf00580d3) fmv.w.x ft1, a1
0 0x000000008000029e (0xf00580d3) f 1 0xffffffff12345678
core   0: 0x00000000800002a2 (0xf0060153) fmv.w.x ft2, a2
0 0x00000000800002a2 (0xf0060153) f 2 0xffffffff00000000
core   0: 0x00000000800002a6 (0x20209053) fsgnjn.s ft0, ft1, ft2
0 0x00000000800002a6 (0x20209053) f 0 0xffffffff92345678
core   0: 0x00000000800002aa (0xe0000553) fmv.x.w a0, ft0
0 0x00000000800002aa (0xe0000553) x10 0xffffffff92345678
core   0: 0x00000000800002ae (0x92345eb7) lui     t4, 0x92345
0 0x00000000800002ae (0x92345eb7) x29 0xffffffff92345000
core   0: 0x00000000800002b2 (0x678e8e9b) addiw   t4, t4, 1656
0 0x00000000800002b2 (0x678e8e9b) x29 0xffffffff92345678
core   0: 0x00000000800002b6 (0x000041d1) c.li    gp, 20
0 0x00000000800002b6 (0x41d1) x 3 0x0000000000000014
core   0: 0x00000000800002b8 (0x00002e17) auipc   t3, 0x2
0 0x00000000800002b8 (0x00002e17) x28 0x00000000800022b8
core   0: 0x00000000800002bc (0xd48e0e13) addi    t3, t3, -696
0 0x00000000800002bc (0xd48e0e13) x28 0x0000000080002000
core   0: 0x00000000800002c0 (0x04ae2823) sw      a0, 80(t3)
0 0x00000000800002c0 (0x04ae2823) mem 0x0000000080002050 0x0000000000000000
core   0: 0x00000000800002c4 (0x19d51c63) bne     a0, t4, pc + 408
0 0x00000000800002c4 (0x19d51c63)
core   0: 0x00000000800002c8 (0x123455b7) lui     a1, 0x12345
0 0x00000000800002c8 (0x123455b7) x11 0x0000000012345000
core   0: 0x00000000800002cc (0x6785859b) addiw   a1, a1, 1656
0 0x00000000800002cc (0x6785859b) x11 0x0000000012345678
core   0: 0x00000000800002d0 (0x0000567d) c.li    a2, -1
0 0x00000000800002d0 (0x567d) x12 0xffffffffffffffff
core   0: 0x00000000800002d2 (0xf00580d3) fmv.w.x ft1, a1
0 0x00000000800002d2 (0xf00580d3) f 1 0xffffffff12345678
core   0: 0x00000000800002d6 (0xf0060153) fmv.w.x ft2, a2
0 0x00000000800002d6 (0xf0060153) f 2 0xffffffffffffffff
core   0: 0x00000000800002da (0x20209053) fsgnjn.s ft0, ft1, ft2
0 0x00000000800002da (0x20209053) f 0 0xffffffff12345678
core   0: 0x00000000800002de (0xe0000553) fmv.x.w a0, ft0
0 0x00000000800002de (0xe0000553) x10 0x0000000012345678
core   0: 0x00000000800002e2 (0x12345eb7) lui     t4, 0x12345
0 0x00000000800002e2 (0x12345eb7) x29 0x0000000012345000
core   0: 0x00000000800002e6 (0x678e8e9b) addiw   t4, t4, 1656
0 0x00000000800002e6 (0x678e8e9b) x29 0x0000000012345678
core   0: 0x00000000800002ea (0x000041d5) c.li    gp, 21
0 0x00000000800002ea (0x41d5) x 3 0x0000000000000015
core   0: 0x00000000800002ec (0x00002e17) auipc   t3, 0x2
0 0x00000000800002ec (0x00002e17) x28 0x00000000800022ec
core   0: 0x00000000800002f0 (0xd14e0e13) addi    t3, t3, -748
0 0x00000000800002f0 (0xd14e0e13) x28 0x0000000080002000
core   0: 0x00000000800002f4 (0x04ae2a23) sw      a0, 84(t3)
0 0x00000000800002f4 (0x04ae2a23) mem 0x0000000080002054 0x0000000000000000
core   0: 0x00000000800002f8 (0x17d51263) bne     a0, t4, pc + 356
0 0x00000000800002f8 (0x17d51263)
core   0: 0x00000000800002fc (0x000925b7) lui     a1, 0x92
0 0x00000000800002fc (0x000925b7) x11 0x0000000000092000
core   0: 0x0000000080000300 (0x3455859b) addiw   a1, a1, 837
0 0x0000000080000300 (0x3455859b) x11 0x0000000000092345
core   0: 0x0000000080000304 (0x00c59593) slli    a1, a1, 12
0 0x0000000080000304 (0x00c59593) x11 0x0000000092345000
core   0: 0x0000000080000308 (0x67858593) addi    a1, a1, 1656
0 0x0000000080000308 (0x67858593) x11 0x0000000092345678
core   0: 0x000000008000030c (0x00004601) c.li    a2, 0
0 0x000000008000030c (0x4601) x12 0x0000000000000000
core   0: 0x000000008000030e (0xf00580d3) fmv.w.x ft1, a1
0 0x000000008000030e (0xf00580d3) f 1 0xffffffff92345678
core   0: 0x0000000080000312 (0xf0060153) fmv.w.x ft2, a2
0 0x0000000080000312 (0xf0060153) f 2 0xffffffff00000000
core   0: 0x0000000080000316 (0x20209053) fsgnjn.s ft0, ft1, ft2
0 0x0000000080000316 (0x20209053) f 0 0xffffffff92345678
core   0: 0x000000008000031a (0xe0000553) fmv.x.w a0, ft0
0 0x000000008000031a (0xe0000553) x10 0xffffffff92345678
core   0: 0x000000008000031e (0x92345eb7) lui     t4, 0x92345
0 0x000000008000031e (0x92345eb7) x29 0xffffffff92345000
core   0: 0x0000000080000322 (0x678e8e9b) addiw   t4, t4, 1656
0 0x0000000080000322 (0x678e8e9b) x29 0xffffffff92345678
core   0: 0x0000000080000326 (0x000041d9) c.li    gp, 22
0 0x0000000080000326 (0x41d9) x 3 0x0000000000000016
core   0: 0x0000000080000328 (0x00002e17) auipc   t3, 0x2
0 0x0000000080000328 (0x00002e17) x28 0x0000000080002328
core   0: 0x000000008000032c (0xcd8e0e13) addi    t3, t3, -808
0 0x000000008000032c (0xcd8e0e13) x28 0x0000000080002000
core   0: 0x0000000080000330 (0x04ae2c23) sw      a0, 88(t3)
0 0x0000000080000330 (0x04ae2c23) mem 0x0000000080002058 0x0000000000000000
core   0: 0x0000000080000334 (0x13d51463) bne     a0, t4, pc + 296
0 0x0000000080000334 (0x13d51463)
core   0: 0x0000000080000338 (0x000925b7) lui     a1, 0x92
0 0x0000000080000338 (0x000925b7) x11 0x0000000000092000
core   0: 0x000000008000033c (0x3455859b) addiw   a1, a1, 837
0 0x000000008000033c (0x3455859b) x11 0x0000000000092345
core   0: 0x0000000080000340 (0x00c59593) slli    a1, a1, 12
0 0x0000000080000340 (0x00c59593) x11 0x0000000092345000
core   0: 0x0000000080000344 (0x67858593) addi    a1, a1, 1656
0 0x0000000080000344 (0x67858593) x11 0x0000000092345678
core   0: 0x0000000080000348 (0x0000567d) c.li    a2, -1
0 0x0000000080000348 (0x567d) x12 0xffffffffffffffff
core   0: 0x000000008000034a (0xf00580d3) fmv.w.x ft1, a1
0 0x000000008000034a (0xf00580d3) f 1 0xffffffff92345678
core   0: 0x000000008000034e (0xf0060153) fmv.w.x ft2, a2
0 0x000000008000034e (0xf0060153) f 2 0xffffffffffffffff
core   0: 0x0000000080000352 (0x20209053) fsgnjn.s ft0, ft1, ft2
0 0x0000000080000352 (0x20209053) f 0 0xffffffff12345678
core   0: 0x0000000080000356 (0xe0000553) fmv.x.w a0, ft0
0 0x0000000080000356 (0xe0000553) x10 0x0000000012345678
core   0: 0x000000008000035a (0x12345eb7) lui     t4, 0x12345
0 0x000000008000035a (0x12345eb7) x29 0x0000000012345000
core   0: 0x000000008000035e (0x678e8e9b) addiw   t4, t4, 1656
0 0x000000008000035e (0x678e8e9b) x29 0x0000000012345678
core   0: 0x0000000080000362 (0x000041dd) c.li    gp, 23
0 0x0000000080000362 (0x41dd) x 3 0x0000000000000017
core   0: 0x0000000080000364 (0x00002e17) auipc   t3, 0x2
0 0x0000000080000364 (0x00002e17) x28 0x0000000080002364
core   0: 0x0000000080000368 (0xc9ce0e13) addi    t3, t3, -868
0 0x0000000080000368 (0xc9ce0e13) x28 0x0000000080002000
core   0: 0x000000008000036c (0x04ae2e23) sw      a0, 92(t3)
0 0x000000008000036c (0x04ae2e23) mem 0x000000008000205c 0x0000000000000000
core   0: 0x0000000080000370 (0x0fd51663) bne     a0, t4, pc + 236
0 0x0000000080000370 (0x0fd51663)
core   0: 0x0000000080000374 (0x123455b7) lui     a1, 0x12345
0 0x0000000080000374 (0x123455b7) x11 0x0000000012345000
core   0: 0x0000000080000378 (0x6785859b) addiw   a1, a1, 1656
0 0x0000000080000378 (0x6785859b) x11 0x0000000012345678
core   0: 0x000000008000037c (0x00004601) c.li    a2, 0
0 0x000000008000037c (0x4601) x12 0x0000000000000000
core   0: 0x000000008000037e (0xf00580d3) fmv.w.x ft1, a1
0 0x000000008000037e (0xf00580d3) f 1 0xffffffff12345678
core   0: 0x0000000080000382 (0xf0060153) fmv.w.x ft2, a2
0 0x0000000080000382 (0xf0060153) f 2 0xffffffff00000000
core   0: 0x0000000080000386 (0x2020a053) fsgnjx.s ft0, ft1, ft2
0 0x0000000080000386 (0x2020a053) f 0 0xffffffff12345678
core   0: 0x000000008000038a (0xe0000553) fmv.x.w a0, ft0
0 0x000000008000038a (0xe0000553) x10 0x0000000012345678
core   0: 0x000000008000038e (0x12345eb7) lui     t4, 0x12345
0 0x000000008000038e (0x12345eb7) x29 0x0000000012345000
core   0: 0x0000000080000392 (0x678e8e9b) addiw   t4, t4, 1656
0 0x0000000080000392 (0x678e8e9b) x29 0x0000000012345678
core   0: 0x0000000080000396 (0x000041f9) c.li    gp, 30
0 0x0000000080000396 (0x41f9) x 3 0x000000000000001e
core   0: 0x0000000080000398 (0x00002e17) auipc   t3, 0x2
0 0x0000000080000398 (0x00002e17) x28 0x0000000080002398
core   0: 0x000000008000039c (0xc68e0e13) addi    t3, t3, -920
0 0x000000008000039c (0xc68e0e13) x28 0x0000000080002000
core   0: 0x00000000800003a0 (0x06ae2c23) sw      a0, 120(t3)
0 0x00000000800003a0 (0x06ae2c23) mem 0x0000000080002078 0x0000000000000000
core   0: 0x00000000800003a4 (0x0bd51c63) bne     a0, t4, pc + 184
0 0x00000000800003a4 (0x0bd51c63)
core   0: 0x00000000800003a8 (0x123455b7) lui     a1, 0x12345
0 0x00000000800003a8 (0x123455b7) x11 0x0000000012345000
core   0: 0x00000000800003ac (0x6785859b) addiw   a1, a1, 1656
0 0x00000000800003ac (0x6785859b) x11 0x0000000012345678
core   0: 0x00000000800003b0 (0x0000567d) c.li    a2, -1
0 0x00000000800003b0 (0x567d) x12 0xffffffffffffffff
core   0: 0x00000000800003b2 (0xf00580d3) fmv.w.x ft1, a1
0 0x00000000800003b2 (0xf00580d3) f 1 0xffffffff12345678
core   0: 0x00000000800003b6 (0xf0060153) fmv.w.x ft2, a2
0 0x00000000800003b6 (0xf0060153) f 2 0xffffffffffffffff
core   0: 0x00000000800003ba (0x2020a053) fsgnjx.s ft0, ft1, ft2
0 0x00000000800003ba (0x2020a053) f 0 0xffffffff92345678
core   0: 0x00000000800003be (0xe0000553) fmv.x.w a0, ft0
0 0x00000000800003be (0xe0000553) x10 0xffffffff92345678
core   0: 0x00000000800003c2 (0x92345eb7) lui     t4, 0x92345
0 0x00000000800003c2 (0x92345eb7) x29 0xffffffff92345000
core   0: 0x00000000800003c6 (0x678e8e9b) addiw   t4, t4, 1656
0 0x00000000800003c6 (0x678e8e9b) x29 0xffffffff92345678
core   0: 0x00000000800003ca (0x000041fd) c.li    gp, 31
0 0x00000000800003ca (0x41fd) x 3 0x000000000000001f
core   0: 0x00000000800003cc (0x00002e17) auipc   t3, 0x2
0 0x00000000800003cc (0x00002e17) x28 0x00000000800023cc
core   0: 0x00000000800003d0 (0xc34e0e13) addi    t3, t3, -972
0 0x00000000800003d0 (0xc34e0e13) x28 0x0000000080002000
core   0: 0x00000000800003d4 (0x06ae2e23) sw      a0, 124(t3)
0 0x00000000800003d4 (0x06ae2e23) mem 0x000000008000207c 0x0000000000000000
core   0: 0x00000000800003d8 (0x09d51263) bne     a0, t4, pc + 132
0 0x00000000800003d8 (0x09d51263)
core   0: 0x00000000800003dc (0x000925b7) lui     a1, 0x92
0 0x00000000800003dc (0x000925b7) x11 0x0000000000092000
core   0: 0x00000000800003e0 (0x3455859b) addiw   a1, a1, 837
0 0x00000000800003e0 (0x3455859b) x11 0x0000000000092345
core   0: 0x00000000800003e4 (0x00c59593) slli    a1, a1, 12
0 0x00000000800003e4 (0x00c59593) x11 0x0000000092345000
core   0: 0x00000000800003e8 (0x67858593) addi    a1, a1, 1656
0 0x00000000800003e8 (0x67858593) x11 0x0000000092345678
core   0: 0x00000000800003ec (0x00004601) c.li    a2, 0
0 0x00000000800003ec (0x4601) x12 0x0000000000000000
core   0: 0x00000000800003ee (0xf00580d3) fmv.w.x ft1, a1
0 0x00000000800003ee (0xf00580d3) f 1 0xffffffff92345678
core   0: 0x00000000800003f2 (0xf0060153) fmv.w.x ft2, a2
0 0x00000000800003f2 (0xf0060153) f 2 0xffffffff00000000
core   0: 0x00000000800003f6 (0x2020a053) fsgnjx.s ft0, ft1, ft2
0 0x00000000800003f6 (0x2020a053) f 0 0xffffffff92345678
core   0: 0x00000000800003fa (0xe0000553) fmv.x.w a0, ft0
0 0x00000000800003fa (0xe0000553) x10 0xffffffff92345678
core   0: 0x00000000800003fe (0x92345eb7) lui     t4, 0x92345
0 0x00000000800003fe (0x92345eb7) x29 0xffffffff92345000
core   0: 0x0000000080000402 (0x678e8e9b) addiw   t4, t4, 1656
0 0x0000000080000402 (0x678e8e9b) x29 0xffffffff92345678
core   0: 0x0000000080000406 (0x02000193) li      gp, 32
0 0x0000000080000406 (0x02000193) x 3 0x0000000000000020
core   0: 0x000000008000040a (0x00002e17) auipc   t3, 0x2
0 0x000000008000040a (0x00002e17) x28 0x000000008000240a
core   0: 0x000000008000040e (0xbf6e0e13) addi    t3, t3, -1034
0 0x000000008000040e (0xbf6e0e13) x28 0x0000000080002000
core   0: 0x0000000080000412 (0x08ae2023) sw      a0, 128(t3)
0 0x0000000080000412 (0x08ae2023) mem 0x0000000080002080 0x0000000000000000
core   0: 0x0000000080000416 (0x05d51363) bne     a0, t4, pc + 70
0 0x0000000080000416 (0x05d51363)
core   0: 0x000000008000041a (0x000925b7) lui     a1, 0x92
0 0x000000008000041a (0x000925b7) x11 0x0000000000092000
core   0: 0x000000008000041e (0x3455859b) addiw   a1, a1, 837
0 0x000000008000041e (0x3455859b) x11 0x0000000000092345
core   0: 0x0000000080000422 (0x00c59593) slli    a1, a1, 12
0 0x0000000080000422 (0x00c59593) x11 0x0000000092345000
core   0: 0x0000000080000426 (0x67858593) addi    a1, a1, 1656
0 0x0000000080000426 (0x67858593) x11 0x0000000092345678
core   0: 0x000000008000042a (0x0000567d) c.li    a2, -1
0 0x000000008000042a (0x567d) x12 0xffffffffffffffff
core   0: 0x000000008000042c (0xf00580d3) fmv.w.x ft1, a1
0 0x000000008000042c (0xf00580d3) f 1 0xffffffff92345678
core   0: 0x0000000080000430 (0xf0060153) fmv.w.x ft2, a2
0 0x0000000080000430 (0xf0060153) f 2 0xffffffffffffffff
core   0: 0x0000000080000434 (0x2020a053) fsgnjx.s ft0, ft1, ft2
0 0x0000000080000434 (0x2020a053) f 0 0xffffffff12345678
core   0: 0x0000000080000438 (0xe0000553) fmv.x.w a0, ft0
0 0x0000000080000438 (0xe0000553) x10 0x0000000012345678
core   0: 0x000000008000043c (0x12345eb7) lui     t4, 0x12345
0 0x000000008000043c (0x12345eb7) x29 0x0000000012345000
core   0: 0x0000000080000440 (0x678e8e9b) addiw   t4, t4, 1656
0 0x0000000080000440 (0x678e8e9b) x29 0x0000000012345678
core   0: 0x0000000080000444 (0x02100193) li      gp, 33
0 0x0000000080000444 (0x02100193) x 3 0x0000000000000021
core   0: 0x0000000080000448 (0x00002e17) auipc   t3, 0x2
0 0x0000000080000448 (0x00002e17) x28 0x0000000080002448
core   0: 0x000000008000044c (0xbb8e0e13) addi    t3, t3, -1096
0 0x000000008000044c (0xbb8e0e13) x28 0x0000000080002000
core   0: 0x0000000080000450 (0x08ae2223) sw      a0, 132(t3)
0 0x0000000080000450 (0x08ae2223) mem 0x0000000080002084 0x0000000000000000
core   0: 0x0000000080000454 (0x01d51463) bne     a0, t4, pc + 8
0 0x0000000080000454 (0x01d51463)
core   0: 0x0000000080000458 (0x00301d63) bne     zero, gp, pc + 26
0 0x0000000080000458 (0x00301d63)
core   0: 0x0000000080000472 (0x0ff0000f) fence   iorw,iorw
0 0x0000000080000472 (0x0ff0000f)
core   0: 0x0000000080000476 (0x00004185) c.li    gp, 1
0 0x0000000080000476 (0x4185) x 3 0x0000000000000001
core   0: 0x0000000080000478 (0x00002e17) auipc   t3, 0x2
0 0x0000000080000478 (0x00002e17) x28 0x0000000080002478
core   0: 0x000000008000047c (0xb88e0e13) addi    t3, t3, -1144
0 0x000000008000047c (0xb88e0e13) x28 0x0000000080002000
core   0: 0x0000000080000480 (0x003e2023) sw      gp, 0(t3)
0 0x0000000080000480 (0x003e2023) mem 0x0000000080002000 0x0000000000000000
core   0: 0x0000000080000484 (0x00000073) ecall
0 0x0000000080000484 (0x00000073)
