core   0: 0x0000000000010000 (0x00100413) li      s0, 1
3 0x0000000000010000 (0x00100413) x 8 0x0000000000000001
core   0: 0x0000000000010004 (0x01f41413) slli    s0, s0, 31
3 0x0000000000010004 (0x01f41413) x 8 0x0000000080000000
core   0: 0x0000000000010008 (0xf1402573) csrr    a0, mhartid
3 0x0000000000010008 (0xf1402573) x10 0x0000000000000000
core   0: 0x000000000001000c (0x00000597) auipc   a1, 0x0
3 0x000000000001000c (0x00000597) x11 0x000000000001000c
core   0: 0x0000000000010010 (0x07458593) addi    a1, a1, 116
3 0x0000000000010010 (0x07458593) x11 0x0000000000010080
core   0: 0x0000000000010014 (0x00040067) jr      s0
3 0x0000000000010014 (0x00040067)
core   0: 0x0000000080000000 (0x0000a081) c.j     pc + 64
3 0x0000000080000000 (0xa081)
core   0: 0x0000000080000040 (0xf1402573) csrr    a0, mhartid
3 0x0000000080000040 (0xf1402573) x10 0x0000000000000000
core   0: 0x0000000080000044 (0x0000e101) c.bnez  a0, pc + 0
3 0x0000000080000044 (0xe101)
core   0: 0x0000000080000046 (0x00000297) auipc   t0, 0x0
3 0x0000000080000046 (0x00000297) x 5 0x0000000080000046
core   0: 0x000000008000004a (0x01228293) addi    t0, t0, 18
3 0x000000008000004a (0x01228293) x 5 0x0000000080000058
core   0: 0x000000008000004e (0x30529073) csrw    mtvec, t0
3 0x000000008000004e (0x30529073)
core   0: 0x0000000080000052 (0x18005073) csrwi   satp, 0
3 0x0000000080000052 (0x18005073)
core   0: 0x0000000080000056 (0x00000001) c.nop
3 0x0000000080000056 (0x0001)
core   0: 0x0000000080000058 (0x00000297) auipc   t0, 0x0
3 0x0000000080000058 (0x00000297) x 5 0x0000000080000058
core   0: 0x000000008000005c (0x01828293) addi    t0, t0, 24
3 0x000000008000005c (0x01828293) x 5 0x0000000080000070
core   0: 0x0000000080000060 (0x30529073) csrw    mtvec, t0
3 0x0000000080000060 (0x30529073)
core   0: 0x0000000080000064 (0x000052fd) c.li    t0, -1
3 0x0000000080000064 (0x52fd) x 5 0xffffffffffffffff
core   0: 0x0000000080000066 (0x3b029073) csrw    pmpaddr0, t0
3 0x0000000080000066 (0x3b029073)
core   0: 0x000000008000006a (0x000042fd) c.li    t0, 31
3 0x000000008000006a (0x42fd) x 5 0x000000000000001f
core   0: 0x000000008000006c (0x3a029073) csrw    pmpcfg0, t0
3 0x000000008000006c (0x3a029073)
core   0: 0x0000000080000070 (0x00000297) auipc   t0, 0x0
3 0x0000000080000070 (0x00000297) x 5 0x0000000080000070
core   0: 0x0000000080000074 (0x01828293) addi    t0, t0, 24
3 0x0000000080000074 (0x01828293) x 5 0x0000000080000088
core   0: 0x0000000080000078 (0x30529073) csrw    mtvec, t0
3 0x0000000080000078 (0x30529073)
core   0: 0x000000008000007c (0x30205073) csrwi   medeleg, 0
3 0x000000008000007c (0x30205073)
core   0: 0x0000000080000080 (0x30305073) csrwi   mideleg, 0
3 0x0000000080000080 (0x30305073)
core   0: 0x0000000080000084 (0x30405073) csrwi   mie, 0
3 0x0000000080000084 (0x30405073)
core   0: 0x0000000080000088 (0x00004181) c.li    gp, 0
3 0x0000000080000088 (0x4181) x 3 0x0000000000000000
core   0: 0x000000008000008a (0x00000297) auipc   t0, 0x0
3 0x000000008000008a (0x00000297) x 5 0x000000008000008a
core   0: 0x000000008000008e (0xf7a28293) addi    t0, t0, -134
3 0x000000008000008e (0xf7a28293) x 5 0x0000000080000004
core   0: 0x0000000080000092 (0x30529073) csrw    mtvec, t0
3 0x0000000080000092 (0x30529073)
core   0: 0x0000000080000096 (0x00004505) c.li    a0, 1
3 0x0000000080000096 (0x4505) x10 0x0000000000000001
core   0: 0x0000000080000098 (0x0000057e) c.slli  a0, 31
3 0x0000000080000098 (0x057e) x10 0x0000000080000000
core   0: 0x000000008000009a (0x00055d63) bgez    a0, pc + 26
3 0x000000008000009a (0x00055d63)
core   0: 0x00000000800000b4 (0x80000297) auipc   t0, 0x80000
3 0x00000000800000b4 (0x80000297) x 5 0x00000000000000b4
core   0: 0x00000000800000b8 (0xf4c28293) addi    t0, t0, -180
3 0x00000000800000b8 (0xf4c28293) x 5 0x0000000000000000
core   0: 0x00000000800000bc (0x00028e63) beqz    t0, pc + 28
3 0x00000000800000bc (0x00028e63)
core   0: 0x00000000800000d8 (0x30005073) csrwi   mstatus, 0
3 0x00000000800000d8 (0x30005073)
core   0: 0x00000000800000dc (0x00000297) auipc   t0, 0x0
3 0x00000000800000dc (0x00000297) x 5 0x00000000800000dc
core   0: 0x00000000800000e0 (0x01428293) addi    t0, t0, 20
3 0x00000000800000e0 (0x01428293) x 5 0x00000000800000f0
core   0: 0x00000000800000e4 (0x34129073) csrw    mepc, t0
3 0x00000000800000e4 (0x34129073)
core   0: 0x00000000800000e8 (0xf1402573) csrr    a0, mhartid
3 0x00000000800000e8 (0xf1402573) x10 0x0000000000000000
core   0: 0x00000000800000ec (0x30200073) mret
3 0x00000000800000ec (0x30200073)
core   0: 0x00000000800000f0 (0x00004085) c.li    ra, 1
0 0x00000000800000f0 (0x4085) x 1 0x0000000000000001
core   0: 0x00000000800000f2 (0x00009f13) slli    t5, ra, 0
0 0x00000000800000f2 (0x00009f13) x30 0x0000000000000001
core   0: 0x00000000800000f6 (0x00004e85) c.li    t4, 1
0 0x00000000800000f6 (0x4e85) x29 0x0000000000000001
core   0: 0x00000000800000f8 (0x00004189) c.li    gp, 2
0 0x00000000800000f8 (0x4189) x 3 0x0000000000000002
core   0: 0x00000000800000fa (0x00002e17) auipc   t3, 0x2
0 0x00000000800000fa (0x00002e17) x28 0x00000000800020fa
core   0: 0x00000000800000fe (0xf06e0e13) addi    t3, t3, -250
0 0x00000000800000fe (0xf06e0e13) x28 0x0000000080002000
core   0: 0x0000000080000102 (0x01ee2423) sw      t5, 8(t3)
0 0x0000000080000102 (0x01ee2423) mem 0x0000000080002008 0x0000000000000000
core   0: 0x0000000080000106 (0x39df1563) bne     t5, t4, pc + 906
0 0x0000000080000106 (0x39df1563)
core   0: 0x000000008000010a (0x00004085) c.li    ra, 1
0 0x000000008000010a (0x4085) x 1 0x0000000000000001
core   0: 0x000000008000010c (0x00109f13) slli    t5, ra, 1
0 0x000000008000010c (0x00109f13) x30 0x0000000000000002
core   0: 0x0000000080000110 (0x00004e89) c.li    t4, 2
0 0x0000000080000110 (0x4e89) x29 0x0000000000000002
core   0: 0x0000000080000112 (0x0000418d) c.li    gp, 3
0 0x0000000080000112 (0x418d) x 3 0x0000000000000003
core   0: 0x0000000080000114 (0x00002e17) auipc   t3, 0x2
0 0x0000000080000114 (0x00002e17) x28 0x0000000080002114
core   0: 0x0000000080000118 (0xeece0e13) addi    t3, t3, -276
0 0x0000000080000118 (0xeece0e13) x28 0x0000000080002000
core   0: 0x000000008000011c (0x01ee2623) sw      t5, 12(t3)
0 0x000000008000011c (0x01ee2623) mem 0x000000008000200c 0x0000000000000000
core   0: 0x0000000080000120 (0x37df1863) bne     t5, t4, pc + 880
0 0x0000000080000120 (0x37df1863)
core   0: 0x0000000080000124 (0x00004085) c.li    ra, 1
0 0x0000000080000124 (0x4085) x 1 0x0000000000000001
core   0: 0x0000000080000126 (0x00709f13) slli    t5, ra, 7
0 0x0000000080000126 (0x00709f13) x30 0x0000000000000080
core   0: 0x000000008000012a (0x08000e93) li      t4, 128
0 0x000000008000012a (0x08000e93) x29 0x0000000000000080
core   0: 0x000000008000012e (0x00004191) c.li    gp, 4
0 0x000000008000012e (0x4191) x 3 0x0000000000000004
core   0: 0x0000000080000130 (0x00002e17) auipc   t3, 0x2
0 0x0000000080000130 (0x00002e17) x28 0x0000000080002130
core   0: 0x0000000080000134 (0xed0e0e13) addi    t3, t3, -304
0 0x0000000080000134 (0xed0e0e13) x28 0x0000000080002000
core   0: 0x0000000080000138 (0x01ee2823) sw      t5, 16(t3)
0 0x0000000080000138 (0x01ee2823) mem 0x0000000080002010 0x0000000000000000
core   0: 0x000000008000013c (0x35df1a63) bne     t5, t4, pc + 852
0 0x000000008000013c (0x35df1a63)
core   0: 0x0000000080000140 (0x00004085) c.li    ra, 1
0 0x0000000080000140 (0x4085) x 1 0x0000000000000001
core   0: 0x0000000080000142 (0x00e09f13) slli    t5, ra, 14
0 0x0000000080000142 (0x00e09f13) x30 0x0000000000004000
core   0: 0x0000000080000146 (0x00006e91) c.lui   t4, 0x4
0 0x0000000080000146 (0x6e91) x29 0x0000000000004000
core   0: 0x0000000080000148 (0x00004195) c.li    gp, 5
0 0x0000000080000148 (0x4195) x 3 0x0000000000000005
core   0: 0x000000008000014a (0x00002e17) auipc   t3, 0x2
0 0x000000008000014a (0x00002e17) x28 0x000000008000214a
core   0: 0x000000008000014e (0xeb6e0e13) addi    t3, t3, -330
0 0x000000008000014e (0xeb6e0e13) x28 0x0000000080002000
core   0: 0x0000000080000152 (0x01ee2a23) sw      t5, 20(t3)
0 0x0000000080000152 (0x01ee2a23) mem 0x0000000080002014 0x0000000000000000
core   0: 0x0000000080000156 (0x33df1d63) bne     t5, t4, pc + 826
0 0x0000000080000156 (0x33df1d63)
core   0: 0x000000008000015a (0x00004085) c.li    ra, 1
0 0x000000008000015a (0x4085) x 1 0x0000000000000001
core   0: 0x000000008000015c (0x01f09f13) slli    t5, ra, 31
0 0x000000008000015c (0x01f09f13) x30 0x0000000080000000
core   0: 0x0000000080000160 (0x00100e9b) addiw   t4, zero, 1
0 0x0000000080000160 (0x00100e9b) x29 0x0000000000000001
core   0: 0x0000000080000164 (0x01fe9e93) slli    t4, t4, 31
0 0x0000000080000164 (0x01fe9e93) x29 0x0000000080000000
core   0: 0x0000000080000168 (0x00004199) c.li    gp, 6
0 0x0000000080000168 (0x4199) x 3 0x0000000000000006
core   0: 0x000000008000016a (0x00002e17) auipc   t3, 0x2
0 0x000000008000016a (0x00002e17) x28 0x000000008000216a
core   0: 0x000000008000016e (0xe96e0e13) addi    t3, t3, -362
0 0x000000008000016e (0xe96e0e13) x28 0x0000000080002000
core   0: 0x0000000080000172 (0x01ee2c23) sw      t5, 24(t3)
0 0x0000000080000172 (0x01ee2c23) mem 0x0000000080002018 0x0000000000000000
core   0: 0x0000000080000176 (0x31df1d63) bne     t5, t4, pc + 794
0 0x0000000080000176 (0x31df1d63)
core   0: 0x000000008000017a (0x000050fd) c.li    ra, -1
0 0x000000008000017a (0x50fd) x 1 0xffffffffffffffff
core   0: 0x000000008000017c (0x00009f13) slli    t5, ra, 0
0 0x000000008000017c (0x00009f13) x30 0xffffffffffffffff
core   0: 0x0000000080000180 (0x00005efd) c.li    t4, -1
0 0x0000000080000180 (0x5efd) x29 0xffffffffffffffff
core   0: 0x0000000080000182 (0x0000419d) c.li    gp, 7
0 0x0000000080000182 (0x419d) x 3 0x0000000000000007
core   0: 0x0000000080000184 (0x00002e17) auipc   t3, 0x2
0 0x0000000080000184 (0x00002e17) x28 0x0000000080002184
core   0: 0x0000000080000188 (0xe7ce0e13) addi    t3, t3, -388
0 0x0000000080000188 (0xe7ce0e13) x28 0x0000000080002000
core   0: 0x000000008000018c (0x01ee2e23) sw      t5, 28(t3)
0 0x000000008000018c (0x01ee2e23) mem 0x000000008000201c 0x0000000000000000
core   0: 0x0000000080000190 (0x31df1063) bne     t5, t4, pc + 768
0 0x0000000080000190 (0x31df1063)
core   0: 0x0000000080000194 (0x000050fd) c.li    ra, -1
0 0x0000000080000194 (0x50fd) x 1 0xffffffffffffffff
core   0: 0x0000000080000196 (0x00109f13) slli    t5, ra, 1
0 0x0000000080000196 (0x00109f13) x30 0xfffffffffffffffe
core   0: 0x000000008000019a (0x00005ef9) c.li    t4, -2
0 0x000000008000019a (0x5ef9) x29 0xfffffffffffffffe
core   0: 0x000000008000019c (0x000041a1) c.li    gp, 8
0 0x000000008000019c (0x41a1) x 3 0x0000000000000008
core   0: 0x000000008000019e (0x00002e17) auipc   t3, 0x2
0 0x000000008000019e (0x00002e17) x28 0x000000008000219e
core   0: 0x00000000800001a2 (0xe62e0e13) addi    t3, t3, -414
0 0x00000000800001a2 (0xe62e0e13) x28 0x0000000080002000
core   0: 0x00000000800001a6 (0x03ee2023) sw      t5, 32(t3)
0 0x00000000800001a6 (0x03ee2023) mem 0x0000000080002020 0x0000000000000000
core   0: 0x00000000800001aa (0x2fdf1363) bne     t5, t4, pc + 742
0 0x00000000800001aa (0x2fdf1363)
core   0: 0x00000000800001ae (0x000050fd) c.li    ra, -1
0 0x00000000800001ae (0x50fd) x 1 0xffffffffffffffff
core   0: 0x00000000800001b0 (0x00709f13) slli    t5, ra, 7
0 0x00000000800001b0 (0x00709f13) x30 0xffffffffffffff80
core   0: 0x00000000800001b4 (0xf8000e93) li      t4, -128
0 0x00000000800001b4 (0xf8000e93) x29 0xffffffffffffff80
core   0: 0x00000000800001b8 (0x000041a5) c.li    gp, 9
0 0x00000000800001b8 (0x41a5) x 3 0x0000000000000009
core   0: 0x00000000800001ba (0x00002e17) auipc   t3, 0x2
0 0x00000000800001ba (0x00002e17) x28 0x00000000800021ba
core   0: 0x00000000800001be (0xe46e0e13) addi    t3, t3, -442
0 0x00000000800001be (0xe46e0e13) x28 0x0000000080002000
core   0: 0x00000000800001c2 (0x03ee2223) sw      t5, 36(t3)
0 0x00000000800001c2 (0x03ee2223) mem 0x0000000080002024 0x0000000000000000
core   0: 0x00000000800001c6 (0x2ddf1563) bne     t5, t4, pc + 714
0 0x00000000800001c6 (0x2ddf1563)
core   0: 0x00000000800001ca (0x000050fd) c.li    ra, -1
0 0x00000000800001ca (0x50fd) x 1 0xffffffffffffffff
core   0: 0x00000000800001cc (0x00e09f13) slli    t5, ra, 14
0 0x00000000800001cc (0x00e09f13) x30 0xffffffffffffc000
core   0: 0x00000000800001d0 (0x00007ef1) c.lui   t4, 0xffffc
0 0x00000000800001d0 (0x7ef1) x29 0xffffffffffffc000
core   0: 0x00000000800001d2 (0x000041a9) c.li    gp, 10
0 0x00000000800001d2 (0x41a9) x 3 0x000000000000000a
core   0: 0x00000000800001d4 (0x00002e17) auipc   t3, 0x2
0 0x00000000800001d4 (0x00002e17) x28 0x00000000800021d4
core   0: 0x00000000800001d8 (0xe2ce0e13) addi    t3, t3, -468
0 0x00000000800001d8 (0xe2ce0e13) x28 0x0000000080002000
core   0: 0x00000000800001dc (0x03ee2423) sw      t5, 40(t3)
0 0x00000000800001dc (0x03ee2423) mem 0x0000000080002028 0x0000000000000000
core   0: 0x00000000800001e0 (0x2bdf1863) bne     t5, t4, pc + 688
0 0x00000000800001e0 (0x2bdf1863)
core   0: 0x00000000800001e4 (0x000050fd) c.li    ra, -1
0 0x00000000800001e4 (0x50fd) x 1 0xffffffffffffffff
core   0: 0x00000000800001e6 (0x01f09f13) slli    t5, ra, 31
0 0x00000000800001e6 (0x01f09f13) x30 0xffffffff80000000
core   0: 0x00000000800001ea (0x80000eb7) lui     t4, 0x80000
0 0x00000000800001ea (0x80000eb7) x29 0xffffffff80000000
core   0: 0x00000000800001ee (0x000041ad) c.li    gp, 11
0 0x00000000800001ee (0x41ad) x 3 0x000000000000000b
core   0: 0x00000000800001f0 (0x00002e17) auipc   t3, 0x2
0 0x00000000800001f0 (0x00002e17) x28 0x00000000800021f0
core   0: 0x00000000800001f4 (0xe10e0e13) addi    t3, t3, -496
0 0x00000000800001f4 (0xe10e0e13) x28 0x0000000080002000
core   0: 0x00000000800001f8 (0x03ee2623) sw      t5, 44(t3)
0 0x00000000800001f8 (0x03ee2623) mem 0x000000008000202c 0x0000000000000000
core   0: 0x00000000800001fc (0x29df1a63) bne     t5, t4, pc + 660
0 0x00000000800001fc (0x29df1a63)
core   0: 0x0000000080000200 (0x212120b7) lui     ra, 0x21212
0 0x0000000080000200 (0x212120b7) x 1 0x0000000021212000
core   0: 0x0000000080000204 (0x1210809b) addiw   ra, ra, 289
0 0x0000000080000204 (0x1210809b) x 1 0x0000000021212121
core   0: 0x0000000080000208 (0x00009f13) slli    t5, ra, 0
0 0x0000000080000208 (0x00009f13) x30 0x0000000021212121
core   0: 0x000000008000020c (0x21212eb7) lui     t4, 0x21212
0 0x000000008000020c (0x21212eb7) x29 0x0000000021212000
core   0: 0x0000000080000210 (0x121e8e9b) addiw   t4, t4, 289
0 0x0000000080000210 (0x121e8e9b) x29 0x0000000021212121
core   0: 0x0000000080000214 (0x000041b1) c.li    gp, 12
0 0x0000000080000214 (0x41b1) x 3 0x000000000000000c
core   0: 0x0000000080000216 (0x00002e17) auipc   t3, 0x2
0 0x0000000080000216 (0x00002e17) x28 0x0000000080002216
core   0: 0x000000008000021a (0xdeae0e13) addi    t3, t3, -534
0 0x000000008000021a (0xdeae0e13) x28 0x0000000080002000
core   0: 0x000000008000021e (0x03ee2823) sw      t5, 48(t3)
0 0x000000008000021e (0x03ee2823) mem 0x0000000080002030 0x0000000000000000
core   0: 0x0000000080000222 (0x27df1763) bne     t5, t4, pc + 622
0 0x0000000080000222 (0x27df1763)
core   0: 0x0000000080000226 (0x212120b7) lui     ra, 0x21212
0 0x0000000080000226 (0x212120b7) x 1 0x0000000021212000
core   0: 0x000000008000022a (0x1210809b) addiw   ra, ra, 289
0 0x000000008000022a (0x1210809b) x 1 0x0000000021212121
core   0: 0x000000008000022e (0x00109f13) slli    t5, ra, 1
0 0x000000008000022e (0x00109f13) x30 0x0000000042424242
core   0: 0x0000000080000232 (0x42424eb7) lui     t4, 0x42424
0 0x0000000080000232 (0x42424eb7) x29 0x0000000042424000
core   0: 0x0000000080000236 (0x242e8e9b) addiw   t4, t4, 578
0 0x0000000080000236 (0x242e8e9b) x29 0x0000000042424242
core   0: 0x000000008000023a (0x000041b5) c.li    gp, 13
0 0x000000008000023a (0x41b5) x 3 0x000000000000000d
core   0: 0x000000008000023c (0x00002e17) auipc   t3, 0x2
0 0x000000008000023c (0x00002e17) x28 0x000000008000223c
core   0: 0x0000000080000240 (0xdc4e0e13) addi    t3, t3, -572
0 0x0000000080000240 (0xdc4e0e13) x28 0x0000000080002000
core   0: 0x0000000080000244 (0x03ee2a23) sw      t5, 52(t3)
0 0x0000000080000244 (0x03ee2a23) mem 0x0000000080002034 0x0000000000000000
core   0: 0x0000000080000248 (0x25df1463) bne     t5, t4, pc + 584
0 0x0000000080000248 (0x25df1463)
core   0: 0x000000008000024c (0x212120b7) lui     ra, 0x21212
0 0x000000008000024c (0x212120b7) x 1 0x0000000021212000
core   0: 0x0000000080000250 (0x1210809b) addiw   ra, ra, 289
0 0x0000000080000250 (0x1210809b) x 1 0x0000000021212121
core   0: 0x0000000080000254 (0x00709f13) slli    t5, ra, 7
0 0x0000000080000254 (0x00709f13) x30 0x0000001090909080
core   0: 0x0000000080000258 (0x01091eb7) lui     t4, 0x1091
0 0x0000000080000258 (0x01091eb7) x29 0x0000000001091000
core   0: 0x000000008000025c (0x909e8e9b) addiw   t4, t4, -1783
0 0x000000008000025c (0x909e8e9b) x29 0x0000000001090909
core   0: 0x0000000080000260 (0x00ce9e93) slli    t4, t4, 12
0 0x0000000080000260 (0x00ce9e93) x29 0x0000001090909000
core   0: 0x0000000080000264 (0x080e8e93) addi    t4, t4, 128
0 0x0000000080000264 (0x080e8e93) x29 0x0000001090909080
core   0: 0x0000000080000268 (0x000041b9) c.li    gp, 14
0 0x0000000080000268 (0x41b9) x 3 0x000000000000000e
core   0: 0x000000008000026a (0x00002e17) auipc   t3, 0x2
0 0x000000008000026a (0x00002e17) x28 0x000000008000226a
core   0: 0x000000008000026e (0xd96e0e13) addi    t3, t3, -618
0 0x000000008000026e (0xd96e0e13) x28 0x0000000080002000
core   0: 0x0000000080000272 (0x03ee2c23) sw      t5, 56(t3)
0 0x0000000080000272 (0x03ee2c23) mem 0x0000000080002038 0x0000000000000000
core   0: 0x0000000080000276 (0x21df1d63) bne     t5, t4, pc + 538
0 0x0000000080000276 (0x21df1d63)
core   0: 0x000000008000027a (0x212120b7) lui     ra, 0x21212
0 0x000000008000027a (0x212120b7) x 1 0x0000000021212000
core   0: 0x000000008000027e (0x1210809b) addiw   ra, ra, 289
0 0x000000008000027e (0x1210809b) x 1 0x0000000021212121
core   0: 0x0000000080000282 (0x00e09f13) slli    t5, ra, 14
0 0x0000000080000282 (0x00e09f13) x30 0x0000084848484000
core   0: 0x0000000080000286 (0x21212eb7) lui     t4, 0x21212
0 0x0000000080000286 (0x21212eb7) x29 0x0000000021212000
core   0: 0x000000008000028a (0x121e8e9b) addiw   t4, t4, 289
0 0x000000008000028a (0x121e8e9b) x29 0x0000000021212121
core   0: 0x000000008000028e (0x00ee9e93) slli    t4, t4, 14
0 0x000000008000028e (0x00ee9e93) x29 0x0000084848484000
core   0: 0x0000000080000292 (0x000041bd) c.li    gp, 15
0 0x0000000080000292 (0x41bd) x 3 0x000000000000000f
core   0: 0x0000000080000294 (0x00002e17) auipc   t3, 0x2
0 0x0000000080000294 (0x00002e17) x28 0x0000000080002294
core   0: 0x0000000080000298 (0xd6ce0e13) addi    t3, t3, -660
0 0x0000000080000298 (0xd6ce0e13) x28 0x0000000080002000
core   0: 0x000000008000029c (0x03ee2e23) sw      t5, 60(t3)
0 0x000000008000029c (0x03ee2e23) mem 0x000000008000203c 0x0000000000000000
core   0: 0x00000000800002a0 (0x1fdf1863) bne     t5, t4, pc + 496
0 0x00000000800002a0 (0x1fdf1863)
core   0: 0x00000000800002a4 (0x212120b7) lui     ra, 0x21212
0 0x00000000800002a4 (0x212120b7) x 1 0x0000000021212000
core   0: 0x00000000800002a8 (0x1210809b) addiw   ra, ra, 289
0 0x00000000800002a8 (0x1210809b) x 1 0x0000000021212121
core   0: 0x00000000800002ac (0x01f09f13) slli    t5, ra, 31
0 0x00000000800002ac (0x01f09f13) x30 0x1090909080000000
core   0: 0x00000000800002b0 (0x21212eb7) lui     t4, 0x21212
0 0x00000000800002b0 (0x21212eb7) x29 0x0000000021212000
core   0: 0x00000000800002b4 (0x121e8e9b) addiw   t4, t4, 289
0 0x00000000800002b4 (0x121e8e9b) x29 0x0000000021212121
core   0: 0x00000000800002b8 (0x01fe9e93) slli    t4, t4, 31
0 0x00000000800002b8 (0x01fe9e93) x29 0x1090909080000000
core   0: 0x00000000800002bc (0x000041c1) c.li    gp, 16
0 0x00000000800002bc (0x41c1) x 3 0x0000000000000010
core   0: 0x00000000800002be (0x00002e17) auipc   t3, 0x2
0 0x00000000800002be (0x00002e17) x28 0x00000000800022be
core   0: 0x00000000800002c2 (0xd42e0e13) addi    t3, t3, -702
0 0x00000000800002c2 (0xd42e0e13) x28 0x0000000080002000
core   0: 0x00000000800002c6 (0x05ee2023) sw      t5, 64(t3)
0 0x00000000800002c6 (0x05ee2023) mem 0x0000000080002040 0x0000000000000000
core   0: 0x00000000800002ca (0x1ddf1363) bne     t5, t4, pc + 454
0 0x00000000800002ca (0x1ddf1363)
core   0: 0x00000000800002ce (0x00004085) c.li    ra, 1
0 0x00000000800002ce (0x4085) x 1 0x0000000000000001
core   0: 0x00000000800002d0 (0x03f09f13) slli    t5, ra, 63
0 0x00000000800002d0 (0x03f09f13) x30 0x8000000000000000
core   0: 0x00000000800002d4 (0xfff00e9b) addiw   t4, zero, -1
0 0x00000000800002d4 (0xfff00e9b) x29 0xffffffffffffffff
core   0: 0x00000000800002d8 (0x03fe9e93) slli    t4, t4, 63
0 0x00000000800002d8 (0x03fe9e93) x29 0x8000000000000000
core   0: 0x00000000800002dc (0x03200193) li      gp, 50
0 0x00000000800002dc (0x03200193) x 3 0x0000000000000032
core   0: 0x00000000800002e0 (0x00002e17) auipc   t3, 0x2
0 0x00000000800002e0 (0x00002e17) x28 0x00000000800022e0
core   0: 0x00000000800002e4 (0xd20e0e13) addi    t3, t3, -736
0 0x00000000800002e4 (0xd20e0e13) x28 0x0000000080002000
core   0: 0x00000000800002e8 (0x0dee2423) sw      t5, 200(t3)
0 0x00000000800002e8 (0x0dee2423) mem 0x00000000800020c8 0x0000000000000000
core   0: 0x00000000800002ec (0x1bdf1263) bne     t5, t4, pc + 420
0 0x00000000800002ec (0x1bdf1263)
core   0: 0x00000000800002f0 (0x000050fd) c.li    ra, -1
0 0x00000000800002f0 (0x50fd) x 1 0xffffffffffffffff
core   0: 0x00000000800002f2 (0x02709f13) slli    t5, ra, 39
0 0x00000000800002f2 (0x02709f13) x30 0xffffff8000000000
core   0: 0x00000000800002f6 (0xfff00e9b) addiw   t4, zero, -1
0 0x00000000800002f6 (0xfff00e9b) x29 0xffffffffffffffff
core   0: 0x00000000800002fa (0x027e9e93) slli    t4, t4, 39
0 0x00000000800002fa (0x027e9e93) x29 0xffffff8000000000
core   0: 0x00000000800002fe (0x03300193) li      gp, 51
0 0x00000000800002fe (0x03300193) x 3 0x0000000000000033
core   0: 0x0000000080000302 (0x00002e17) auipc   t3, 0x2
0 0x0000000080000302 (0x00002e17) x28 0x0000000080002302
core   0: 0x0000000080000306 (0xcfee0e13) addi    t3, t3, -770
0 0x0000000080000306 (0xcfee0e13) x28 0x0000000080002000
core   0: 0x000000008000030a (0x0dee2623) sw      t5, 204(t3)
0 0x000000008000030a (0x0dee2623) mem 0x00000000800020cc 0x0000000000000000
core   0: 0x000000008000030e (0x19df1163) bne     t5, t4, pc + 386
0 0x000000008000030e (0x19df1163)
core   0: 0x0000000080000312 (0x212120b7) lui     ra, 0x21212
0 0x0000000080000312 (0x212120b7) x 1 0x0000000021212000
core   0: 0x0000000080000316 (0x1210809b) addiw   ra, ra, 289
0 0x0000000080000316 (0x1210809b) x 1 0x0000000021212121
core   0: 0x000000008000031a (0x02b09f13) slli    t5, ra, 43
0 0x000000008000031a (0x02b09f13) x30 0x0909080000000000
core   0: 0x000000008000031e (0x00012eb7) lui     t4, 0x12
0 0x000000008000031e (0x00012eb7) x29 0x0000000000012000
core   0: 0x0000000080000322 (0x121e8e9b) addiw   t4, t4, 289
0 0x0000000080000322 (0x121e8e9b) x29 0x0000000000012121
core   0: 0x0000000080000326 (0x02be9e93) slli    t4, t4, 43
0 0x0000000080000326 (0x02be9e93) x29 0x0909080000000000
core   0: 0x000000008000032a (0x03400193) li      gp, 52
0 0x000000008000032a (0x03400193) x 3 0x0000000000000034
core   0: 0x000000008000032e (0x00002e17) auipc   t3, 0x2
0 0x000000008000032e (0x00002e17) x28 0x000000008000232e
core   0: 0x0000000080000332 (0xcd2e0e13) addi    t3, t3, -814
0 0x0000000080000332 (0xcd2e0e13) x28 0x0000000080002000
core   0: 0x0000000080000336 (0x0dee2823) sw      t5, 208(t3)
0 0x0000000080000336 (0x0dee2823) mem 0x00000000800020d0 0x0000000000000000
core   0: 0x000000008000033a (0x15df1b63) bne     t5, t4, pc + 342
0 0x000000008000033a (0x15df1b63)
core   0: 0x000000008000033e (0x00004085) c.li    ra, 1
0 0x000000008000033e (0x4085) x 1 0x0000000000000001
core   0: 0x0000000080000340 (0x0000009e) c.slli  ra, 7
0 0x0000000080000340 (0x009e) x 1 0x0000000000000080
core   0: 0x0000000080000342 (0x08000e93) li      t4, 128
0 0x0000000080000342 (0x08000e93) x29 0x0000000000000080
core   0: 0x0000000080000346 (0x000041c5) c.li    gp, 17
0 0x0000000080000346 (0x41c5) x 3 0x0000000000000011
core   0: 0x0000000080000348 (0x00002e17) auipc   t3, 0x2
0 0x0000000080000348 (0x00002e17) x28 0x0000000080002348
core   0: 0x000000008000034c (0xcb8e0e13) addi    t3, t3, -840
0 0x000000008000034c (0xcb8e0e13) x28 0x0000000080002000
core   0: 0x0000000080000350 (0x041e2223) sw      ra, 68(t3)
0 0x0000000080000350 (0x041e2223) mem 0x0000000080002044 0x0000000000000000
core   0: 0x0000000080000354 (0x13d09e63) bne     ra, t4, pc + 316
0 0x0000000080000354 (0x13d09e63)
core   0: 0x0000000080000358 (0x00004201) c.li    tp, 0
0 0x0000000080000358 (0x4201) x 4 0x0000000000000000
core   0: 0x000000008000035a (0x00004085) c.li    ra, 1
0 0x000000008000035a (0x4085) x 1 0x0000000000000001
core   0: 0x000000008000035c (0x00709f13) slli    t5, ra, 7
0 0x000000008000035c (0x00709f13) x30 0x0000000000000080
core   0: 0x0000000080000360 (0x000f0313) mv      t1, t5
0 0x0000000080000360 (0x000f0313) x 6 0x0000000000000080
core   0: 0x0000000080000364 (0x00000205) c.addi  tp, 1
0 0x0000000080000364 (0x0205) x 4 0x0000000000000001
core   0: 0x0000000080000366 (0x00004289) c.li    t0, 2
0 0x0000000080000366 (0x4289) x 5 0x0000000000000002
core   0: 0x0000000080000368 (0xfe5219e3) bne     tp, t0, pc - 14
0 0x0000000080000368 (0xfe5219e3)
core   0: 0x000000008000035a (0x00004085) c.li    ra, 1
0 0x000000008000035a (0x4085) x 1 0x0000000000000001
core   0: 0x000000008000035c (0x00709f13) slli    t5, ra, 7
0 0x000000008000035c (0x00709f13) x30 0x0000000000000080
core   0: 0x0000000080000360 (0x000f0313) mv      t1, t5
0 0x0000000080000360 (0x000f0313) x 6 0x0000000000000080
core   0: 0x0000000080000364 (0x00000205) c.addi  tp, 1
0 0x0000000080000364 (0x0205) x 4 0x0000000000000002
core   0: 0x0000000080000366 (0x00004289) c.li    t0, 2
0 0x0000000080000366 (0x4289) x 5 0x0000000000000002
core   0: 0x0000000080000368 (0xfe5219e3) bne     tp, t0, pc - 14
0 0x0000000080000368 (0xfe5219e3)
core   0: 0x000000008000036c (0x08000e93) li      t4, 128
0 0x000000008000036c (0x08000e93) x29 0x0000000000000080
core   0: 0x0000000080000370 (0x000041c9) c.li    gp, 18
0 0x0000000080000370 (0x41c9) x 3 0x0000000000000012
core   0: 0x0000000080000372 (0x00002e17) auipc   t3, 0x2
0 0x0000000080000372 (0x00002e17) x28 0x0000000080002372
core   0: 0x0000000080000376 (0xc8ee0e13) addi    t3, t3, -882
0 0x0000000080000376 (0xc8ee0e13) x28 0x0000000080002000
core   0: 0x000000008000037a (0x046e2423) sw      t1, 72(t3)
0 0x000000008000037a (0x046e2423) mem 0x0000000080002048 0x0000000000000000
core   0: 0x000000008000037e (0x11d31963) bne     t1, t4, pc + 274
0 0x000000008000037e (0x11d31963)
core   0: 0x0000000080000382 (0x00004201) c.li    tp, 0
0 0x0000000080000382 (0x4201) x 4 0x0000000000000000
core   0: 0x0000000080000384 (0x00004085) c.li    ra, 1
0 0x0000000080000384 (0x4085) x 1 0x0000000000000001
core   0: 0x0000000080000386 (0x00e09f13) slli    t5, ra, 14
0 0x0000000080000386 (0x00e09f13) x30 0x0000000000004000
core   0: 0x000000008000038a (0x00000001) c.nop
0 0x000000008000038a (0x0001)
core   0: 0x000000008000038c (0x000f0313) mv      t1, t5
0 0x000000008000038c (0x000f0313) x 6 0x0000000000004000
core   0: 0x0000000080000390 (0x00000205) c.addi  tp, 1
0 0x0000000080000390 (0x0205) x 4 0x0000000000000001
core   0: 0x0000000080000392 (0x00004289) c.li    t0, 2
0 0x0000000080000392 (0x4289) x 5 0x0000000000000002
core   0: 0x0000000080000394 (0xfe5218e3) bne     tp, t0, pc - 16
0 0x0000000080000394 (0xfe5218e3)
core   0: 0x0000000080000384 (0x00004085) c.li    ra, 1
0 0x0000000080000384 (0x4085) x 1 0x0000000000000001
core   0: 0x0000000080000386 (0x00e09f13) slli    t5, ra, 14
0 0x0000000080000386 (0x00e09f13) x30 0x0000000000004000
core   0: 0x000000008000038a (0x00000001) c.nop
0 0x000000008000038a (0x0001)
core   0: 0x000000008000038c (0x000f0313) mv      t1, t5
0 0x000000008000038c (0x000f0313) x 6 0x0000000000004000
core   0: 0x0000000080000390 (0x00000205) c.addi  tp, 1
0 0x0000000080000390 (0x0205) x 4 0x0000000000000002
core   0: 0x0000000080000392 (0x00004289) c.li    t0, 2
0 0x0000000080000392 (0x4289) x 5 0x0000000000000002
core   0: 0x0000000080000394 (0xfe5218e3) bne     tp, t0, pc - 16
0 0x0000000080000394 (0xfe5218e3)
core   0: 0x0000000080000398 (0x00006e91) c.lui   t4, 0x4
0 0x0000000080000398 (0x6e91) x29 0x0000000000004000
core   0: 0x000000008000039a (0x000041cd) c.li    gp, 19
0 0x000000008000039a (0x41cd) x 3 0x0000000000000013
core   0: 0x000000008000039c (0x00002e17) auipc   t3, 0x2
0 0x000000008000039c (0x00002e17) x28 0x000000008000239c
core   0: 0x00000000800003a0 (0xc64e0e13) addi    t3, t3, -924
0 0x00000000800003a0 (0xc64e0e13) x28 0x0000000080002000
core   0: 0x00000000800003a4 (0x046e2623) sw      t1, 76(t3)
0 0x00000000800003a4 (0x046e2623) mem 0x000000008000204c 0x0000000000000000
core   0: 0x00000000800003a8 (0x0fd31463) bne     t1, t4, pc + 232
0 0x00000000800003a8 (0x0fd31463)
core   0: 0x00000000800003ac (0x00004201) c.li    tp, 0
0 0x00000000800003ac (0x4201) x 4 0x0000000000000000
core   0: 0x00000000800003ae (0x00004085) c.li    ra, 1
0 0x00000000800003ae (0x4085) x 1 0x0000000000000001
core   0: 0x00000000800003b0 (0x01f09f13) slli    t5, ra, 31
0 0x00000000800003b0 (0x01f09f13) x30 0x0000000080000000
core   0: 0x00000000800003b4 (0x00000001) c.nop
0 0x00000000800003b4 (0x0001)
core   0: 0x00000000800003b6 (0x00000001) c.nop
0 0x00000000800003b6 (0x0001)
core   0: 0x00000000800003b8 (0x000f0313) mv      t1, t5
0 0x00000000800003b8 (0x000f0313) x 6 0x0000000080000000
core   0: 0x00000000800003bc (0x00000205) c.addi  tp, 1
0 0x00000000800003bc (0x0205) x 4 0x0000000000000001
core   0: 0x00000000800003be (0x00004289) c.li    t0, 2
0 0x00000000800003be (0x4289) x 5 0x0000000000000002
core   0: 0x00000000800003c0 (0xfe5217e3) bne     tp, t0, pc - 18
0 0x00000000800003c0 (0xfe5217e3)
core   0: 0x00000000800003ae (0x00004085) c.li    ra, 1
0 0x00000000800003ae (0x4085) x 1 0x0000000000000001
core   0: 0x00000000800003b0 (0x01f09f13) slli    t5, ra, 31
0 0x00000000800003b0 (0x01f09f13) x30 0x0000000080000000
core   0: 0x00000000800003b4 (0x00000001) c.nop
0 0x00000000800003b4 (0x0001)
core   0: 0x00000000800003b6 (0x00000001) c.nop
0 0x00000000800003b6 (0x0001)
core   0: 0x00000000800003b8 (0x000f0313) mv      t1, t5
0 0x00000000800003b8 (0x000f0313) x 6 0x0000000080000000
core   0: 0x00000000800003bc (0x00000205) c.addi  tp, 1
0 0x00000000800003bc (0x0205) x 4 0x0000000000000002
core   0: 0x00000000800003be (0x00004289) c.li    t0, 2
0 0x00000000800003be (0x4289) x 5 0x0000000000000002
core   0: 0x00000000800003c0 (0xfe5217e3) bne     tp, t0, pc - 18
0 0x00000000800003c0 (0xfe5217e3)
core   0: 0x00000000800003c4 (0x00100e9b) addiw   t4, zero, 1
0 0x00000000800003c4 (0x00100e9b) x29 0x0000000000000001
core   0: 0x00000000800003c8 (0x01fe9e93) slli    t4, t4, 31
0 0x00000000800003c8 (0x01fe9e93) x29 0x0000000080000000
core   0: 0x00000000800003cc (0x000041d1) c.li    gp, 20
0 0x00000000800003cc (0x41d1) x 3 0x0000000000000014
core   0: 0x00000000800003ce (0x00002e17) auipc   t3, 0x2
0 0x00000000800003ce (0x00002e17) x28 0x00000000800023ce
core   0: 0x00000000800003d2 (0xc32e0e13) addi    t3, t3, -974
0 0x00000000800003d2 (0xc32e0e13) x28 0x0000000080002000
core   0: 0x00000000800003d6 (0x046e2823) sw      t1, 80(t3)
0 0x00000000800003d6 (0x046e2823) mem 0x0000000080002050 0x0000000000000000
core   0: 0x00000000800003da (0x0bd31b63) bne     t1, t4, pc + 182
0 0x00000000800003da (0x0bd31b63)
core   0: 0x00000000800003de (0x00004201) c.li    tp, 0
0 0x00000000800003de (0x4201) x 4 0x0000000000000000
core   0: 0x00000000800003e0 (0x00004085) c.li    ra, 1
0 0x00000000800003e0 (0x4085) x 1 0x0000000000000001
core   0: 0x00000000800003e2 (0x00709f13) slli    t5, ra, 7
0 0x00000000800003e2 (0x00709f13) x30 0x0000000000000080
core   0: 0x00000000800003e6 (0x00000205) c.addi  tp, 1
0 0x00000000800003e6 (0x0205) x 4 0x0000000000000001
core   0: 0x00000000800003e8 (0x00004289) c.li    t0, 2
0 0x00000000800003e8 (0x4289) x 5 0x0000000000000002
core   0: 0x00000000800003ea (0xfe521be3) bne     tp, t0, pc - 10
0 0x00000000800003ea (0xfe521be3)
core   0: 0x00000000800003e0 (0x00004085) c.li    ra, 1
0 0x00000000800003e0 (0x4085) x 1 0x0000000000000001
core   0: 0x00000000800003e2 (0x00709f13) slli    t5, ra, 7
0 0x00000000800003e2 (0x00709f13) x30 0x0000000000000080
core   0: 0x00000000800003e6 (0x00000205) c.addi  tp, 1
0 0x00000000800003e6 (0x0205) x 4 0x0000000000000002
core   0: 0x00000000800003e8 (0x00004289) c.li    t0, 2
0 0x00000000800003e8 (0x4289) x 5 0x0000000000000002
core   0: 0x00000000800003ea (0xfe521be3) bne     tp, t0, pc - 10
0 0x00000000800003ea (0xfe521be3)
core   0: 0x00000000800003ee (0x08000e93) li      t4, 128
0 0x00000000800003ee (0x08000e93) x29 0x0000000000000080
core   0: 0x00000000800003f2 (0x000041d5) c.li    gp, 21
0 0x00000000800003f2 (0x41d5) x 3 0x0000000000000015
core   0: 0x00000000800003f4 (0x00002e17) auipc   t3, 0x2
0 0x00000000800003f4 (0x00002e17) x28 0x00000000800023f4
core   0: 0x00000000800003f8 (0xc0ce0e13) addi    t3, t3, -1012
0 0x00000000800003f8 (0xc0ce0e13) x28 0x0000000080002000
core   0: 0x00000000800003fc (0x05ee2a23) sw      t5, 84(t3)
0 0x00000000800003fc (0x05ee2a23) mem 0x0000000080002054 0x0000000000000000
core   0: 0x0000000080000400 (0x09df1863) bne     t5, t4, pc + 144
0 0x0000000080000400 (0x09df1863)
core   0: 0x0000000080000404 (0x00004201) c.li    tp, 0
0 0x0000000080000404 (0x4201) x 4 0x0000000000000000
core   0: 0x0000000080000406 (0x00004085) c.li    ra, 1
0 0x0000000080000406 (0x4085) x 1 0x0000000000000001
core   0: 0x0000000080000408 (0x00000001) c.nop
0 0x0000000080000408 (0x0001)
core   0: 0x000000008000040a (0x00e09f13) slli    t5, ra, 14
0 0x000000008000040a (0x00e09f13) x30 0x0000000000004000
core   0: 0x000000008000040e (0x00000205) c.addi  tp, 1
0 0x000000008000040e (0x0205) x 4 0x0000000000000001
core   0: 0x0000000080000410 (0x00004289) c.li    t0, 2
0 0x0000000080000410 (0x4289) x 5 0x0000000000000002
core   0: 0x0000000080000412 (0xfe521ae3) bne     tp, t0, pc - 12
0 0x0000000080000412 (0xfe521ae3)
core   0: 0x0000000080000406 (0x00004085) c.li    ra, 1
0 0x0000000080000406 (0x4085) x 1 0x0000000000000001
core   0: 0x0000000080000408 (0x00000001) c.nop
0 0x0000000080000408 (0x0001)
core   0: 0x000000008000040a (0x00e09f13) slli    t5, ra, 14
0 0x000000008000040a (0x00e09f13) x30 0x0000000000004000
core   0: 0x000000008000040e (0x00000205) c.addi  tp, 1
0 0x000000008000040e (0x0205) x 4 0x0000000000000002
core   0: 0x0000000080000410 (0x00004289) c.li    t0, 2
0 0x0000000080000410 (0x4289) x 5 0x0000000000000002
core   0: 0x0000000080000412 (0xfe521ae3) bne     tp, t0, pc - 12
0 0x0000000080000412 (0xfe521ae3)
core   0: 0x0000000080000416 (0x00006e91) c.lui   t4, 0x4
0 0x0000000080000416 (0x6e91) x29 0x0000000000004000
core   0: 0x0000000080000418 (0x000041d9) c.li    gp, 22
0 0x0000000080000418 (0x41d9) x 3 0x0000000000000016
core   0: 0x000000008000041a (0x00002e17) auipc   t3, 0x2
0 0x000000008000041a (0x00002e17) x28 0x000000008000241a
core   0: 0x000000008000041e (0xbe6e0e13) addi    t3, t3, -1050
0 0x000000008000041e (0xbe6e0e13) x28 0x0000000080002000
core   0: 0x0000000080000422 (0x05ee2c23) sw      t5, 88(t3)
0 0x0000000080000422 (0x05ee2c23) mem 0x0000000080002058 0x0000000000000000
core   0: 0x0000000080000426 (0x07df1563) bne     t5, t4, pc + 106
0 0x0000000080000426 (0x07df1563)
core   0: 0x000000008000042a (0x00004201) c.li    tp, 0
0 0x000000008000042a (0x4201) x 4 0x0000000000000000
core   0: 0x000000008000042c (0x00004085) c.li    ra, 1
0 0x000000008000042c (0x4085) x 1 0x0000000000000001
core   0: 0x000000008000042e (0x00000001) c.nop
0 0x000000008000042e (0x0001)
core   0: 0x0000000080000430 (0x00000001) c.nop
0 0x0000000080000430 (0x0001)
core   0: 0x0000000080000432 (0x01f09f13) slli    t5, ra, 31
0 0x0000000080000432 (0x01f09f13) x30 0x0000000080000000
core   0: 0x0000000080000436 (0x00000205) c.addi  tp, 1
0 0x0000000080000436 (0x0205) x 4 0x0000000000000001
core   0: 0x0000000080000438 (0x00004289) c.li    t0, 2
0 0x0000000080000438 (0x4289) x 5 0x0000000000000002
core   0: 0x000000008000043a (0xfe5219e3) bne     tp, t0, pc - 14
0 0x000000008000043a (0xfe5219e3)
core   0: 0x000000008000042c (0x00004085) c.li    ra, 1
0 0x000000008000042c (0x4085) x 1 0x0000000000000001
core   0: 0x000000008000042e (0x00000001) c.nop
0 0x000000008000042e (0x0001)
core   0: 0x0000000080000430 (0x00000001) c.nop
0 0x0000000080000430 (0x0001)
core   0: 0x0000000080000432 (0x01f09f13) slli    t5, ra, 31
0 0x0000000080000432 (0x01f09f13) x30 0x0000000080000000
core   0: 0x0000000080000436 (0x00000205) c.addi  tp, 1
0 0x0000000080000436 (0x0205) x 4 0x0000000000000002
core   0: 0x0000000080000438 (0x00004289) c.li    t0, 2
0 0x0000000080000438 (0x4289) x 5 0x0000000000000002
core   0: 0x000000008000043a (0xfe5219e3) bne     tp, t0, pc - 14
0 0x000000008000043a (0xfe5219e3)
core   0: 0x000000008000043e (0x00100e9b) addiw   t4, zero, 1
0 0x000000008000043e (0x00100e9b) x29 0x0000000000000001
core   0: 0x0000000080000442 (0x01fe9e93) slli    t4, t4, 31
0 0x0000000080000442 (0x01fe9e93) x29 0x0000000080000000
core   0: 0x0000000080000446 (0x000041dd) c.li    gp, 23
0 0x0000000080000446 (0x41dd) x 3 0x0000000000000017
core   0: 0x0000000080000448 (0x00002e17) auipc   t3, 0x2
0 0x0000000080000448 (0x00002e17) x28 0x0000000080002448
core   0: 0x000000008000044c (0xbb8e0e13) addi    t3, t3, -1096
0 0x000000008000044c (0xbb8e0e13) x28 0x0000000080002000
core   0: 0x0000000080000450 (0x05ee2e23) sw      t5, 92(t3)
0 0x0000000080000450 (0x05ee2e23) mem 0x000000008000205c 0x0000000000000000
core   0: 0x0000000080000454 (0x03df1e63) bne     t5, t4, pc + 60
0 0x0000000080000454 (0x03df1e63)
core   0: 0x0000000080000458 (0x01f01093) slli    ra, zero, 31
0 0x0000000080000458 (0x01f01093) x 1 0x0000000000000000
core   0: 0x000000008000045c (0x00004e81) c.li    t4, 0
0 0x000000008000045c (0x4e81) x29 0x0000000000000000
core   0: 0x000000008000045e (0x000041e1) c.li    gp, 24
0 0x000000008000045e (0x41e1) x 3 0x0000000000000018
core   0: 0x0000000080000460 (0x00002e17) auipc   t3, 0x2
0 0x0000000080000460 (0x00002e17) x28 0x0000000080002460
core   0: 0x0000000080000464 (0xba0e0e13) addi    t3, t3, -1120
0 0x0000000080000464 (0xba0e0e13) x28 0x0000000080002000
core   0: 0x0000000080000468 (0x061e2023) sw      ra, 96(t3)
0 0x0000000080000468 (0x061e2023) mem 0x0000000080002060 0x0000000000000000
core   0: 0x000000008000046c (0x03d09263) bne     ra, t4, pc + 36
0 0x000000008000046c (0x03d09263)
core   0: 0x0000000080000470 (0x02100093) li      ra, 33
0 0x0000000080000470 (0x02100093) x 1 0x0000000000000021
core   0: 0x0000000080000474 (0x01409013) slli    zero, ra, 20
0 0x0000000080000474 (0x01409013)
core   0: 0x0000000080000478 (0x00004e81) c.li    t4, 0
0 0x0000000080000478 (0x4e81) x29 0x0000000000000000
core   0: 0x000000008000047a (0x000041e5) c.li    gp, 25
0 0x000000008000047a (0x41e5) x 3 0x0000000000000019
core   0: 0x000000008000047c (0x00002e17) auipc   t3, 0x2
0 0x000000008000047c (0x00002e17) x28 0x000000008000247c
core   0: 0x0000000080000480 (0xb84e0e13) addi    t3, t3, -1148
0 0x0000000080000480 (0xb84e0e13) x28 0x0000000080002000
core   0: 0x0000000080000484 (0x060e2223) sw      zero, 100(t3)
0 0x0000000080000484 (0x060e2223) mem 0x0000000080002064 0x0000000000000000
core   0: 0x0000000080000488 (0x01d01463) bne     zero, t4, pc + 8
0 0x0000000080000488 (0x01d01463)
core   0: 0x000000008000048c (0x00301d63) bne     zero, gp, pc + 26
0 0x000000008000048c (0x00301d63)
core   0: 0x00000000800004a6 (0x0ff0000f) fence   iorw,iorw
0 0x00000000800004a6 (0x0ff0000f)
core   0: 0x00000000800004aa (0x00004185) c.li    gp, 1
0 0x00000000800004aa (0x4185) x 3 0x0000000000000001
core   0: 0x00000000800004ac (0x00002e17) auipc   t3, 0x2
0 0x00000000800004ac (0x00002e17) x28 0x00000000800024ac
core   0: 0x00000000800004b0 (0xb54e0e13) addi    t3, t3, -1196
0 0x00000000800004b0 (0xb54e0e13) x28 0x0000000080002000
core   0: 0x00000000800004b4 (0x003e2023) sw      gp, 0(t3)
0 0x00000000800004b4 (0x003e2023) mem 0x0000000080002000 0x0000000000000000
core   0: 0x00000000800004b8 (0x00000073) ecall
0 0x00000000800004b8 (0x00000073)
