core   0: 0x0000000000010000 (0x00100413) li      s0, 1
3 0x0000000000010000 (0x00100413) x 8 0x0000000000000001
core   0: 0x0000000000010004 (0x01f41413) slli    s0, s0, 31
3 0x0000000000010004 (0x01f41413) x 8 0x0000000080000000
core   0: 0x0000000000010008 (0xf1402573) csrr    a0, mhartid
3 0x0000000000010008 (0xf1402573) x10 0x0000000000000000
core   0: 0x000000000001000c (0x00000597) auipc   a1, 0x0
3 0x000000000001000c (0x00000597) x11 0x000000000001000c
core   0: 0x0000000000010010 (0x07458593) addi    a1, a1, 116
3 0x0000000000010010 (0x07458593) x11 0x0000000000010080
core   0: 0x0000000000010014 (0x00040067) jr      s0
3 0x0000000000010014 (0x00040067)
core   0: 0x0000000080000000 (0x0000a081) c.j     pc + 64
3 0x0000000080000000 (0xa081)
core   0: 0x0000000080000040 (0xf1402573) csrr    a0, mhartid
3 0x0000000080000040 (0xf1402573) x10 0x0000000000000000
core   0: 0x0000000080000044 (0x0000e101) c.bnez  a0, pc + 0
3 0x0000000080000044 (0xe101)
core   0: 0x0000000080000046 (0x00000297) auipc   t0, 0x0
3 0x0000000080000046 (0x00000297) x 5 0x0000000080000046
core   0: 0x000000008000004a (0x01228293) addi    t0, t0, 18
3 0x000000008000004a (0x01228293) x 5 0x0000000080000058
core   0: 0x000000008000004e (0x30529073) csrw    mtvec, t0
3 0x000000008000004e (0x30529073)
core   0: 0x0000000080000052 (0x18005073) csrwi   satp, 0
3 0x0000000080000052 (0x18005073)
core   0: 0x0000000080000056 (0x00000001) c.nop
3 0x0000000080000056 (0x0001)
core   0: 0x0000000080000058 (0x00000297) auipc   t0, 0x0
3 0x0000000080000058 (0x00000297) x 5 0x0000000080000058
core   0: 0x000000008000005c (0x01828293) addi    t0, t0, 24
3 0x000000008000005c (0x01828293) x 5 0x0000000080000070
core   0: 0x0000000080000060 (0x30529073) csrw    mtvec, t0
3 0x0000000080000060 (0x30529073)
core   0: 0x0000000080000064 (0x000052fd) c.li    t0, -1
3 0x0000000080000064 (0x52fd) x 5 0xffffffffffffffff
core   0: 0x0000000080000066 (0x3b029073) csrw    pmpaddr0, t0
3 0x0000000080000066 (0x3b029073)
core   0: 0x000000008000006a (0x000042fd) c.li    t0, 31
3 0x000000008000006a (0x42fd) x 5 0x000000000000001f
core   0: 0x000000008000006c (0x3a029073) csrw    pmpcfg0, t0
3 0x000000008000006c (0x3a029073)
core   0: 0x0000000080000070 (0x00000297) auipc   t0, 0x0
3 0x0000000080000070 (0x00000297) x 5 0x0000000080000070
core   0: 0x0000000080000074 (0x01828293) addi    t0, t0, 24
3 0x0000000080000074 (0x01828293) x 5 0x0000000080000088
core   0: 0x0000000080000078 (0x30529073) csrw    mtvec, t0
3 0x0000000080000078 (0x30529073)
core   0: 0x000000008000007c (0x30205073) csrwi   medeleg, 0
3 0x000000008000007c (0x30205073)
core   0: 0x0000000080000080 (0x30305073) csrwi   mideleg, 0
3 0x0000000080000080 (0x30305073)
core   0: 0x0000000080000084 (0x30405073) csrwi   mie, 0
3 0x0000000080000084 (0x30405073)
core   0: 0x0000000080000088 (0x00004181) c.li    gp, 0
3 0x0000000080000088 (0x4181) x 3 0x0000000000000000
core   0: 0x000000008000008a (0x00000297) auipc   t0, 0x0
3 0x000000008000008a (0x00000297) x 5 0x000000008000008a
core   0: 0x000000008000008e (0xf7a28293) addi    t0, t0, -134
3 0x000000008000008e (0xf7a28293) x 5 0x0000000080000004
core   0: 0x0000000080000092 (0x30529073) csrw    mtvec, t0
3 0x0000000080000092 (0x30529073)
core   0: 0x0000000080000096 (0x00004505) c.li    a0, 1
3 0x0000000080000096 (0x4505) x10 0x0000000000000001
core   0: 0x0000000080000098 (0x0000057e) c.slli  a0, 31
3 0x0000000080000098 (0x057e) x10 0x0000000080000000
core   0: 0x000000008000009a (0x00055d63) bgez    a0, pc + 26
3 0x000000008000009a (0x00055d63)
core   0: 0x00000000800000b4 (0x80000297) auipc   t0, 0x80000
3 0x00000000800000b4 (0x80000297) x 5 0x00000000000000b4
core   0: 0x00000000800000b8 (0xf4c28293) addi    t0, t0, -180
3 0x00000000800000b8 (0xf4c28293) x 5 0x0000000000000000
core   0: 0x00000000800000bc (0x00028e63) beqz    t0, pc + 28
3 0x00000000800000bc (0x00028e63)
core   0: 0x00000000800000d8 (0x30005073) csrwi   mstatus, 0
3 0x00000000800000d8 (0x30005073)
core   0: 0x00000000800000dc (0x00000297) auipc   t0, 0x0
3 0x00000000800000dc (0x00000297) x 5 0x00000000800000dc
core   0: 0x00000000800000e0 (0x01428293) addi    t0, t0, 20
3 0x00000000800000e0 (0x01428293) x 5 0x00000000800000f0
core   0: 0x00000000800000e4 (0x34129073) csrw    mepc, t0
3 0x00000000800000e4 (0x34129073)
core   0: 0x00000000800000e8 (0xf1402573) csrr    a0, mhartid
3 0x00000000800000e8 (0xf1402573) x10 0x0000000000000000
core   0: 0x00000000800000ec (0x30200073) mret
3 0x00000000800000ec (0x30200073)
core   0: 0x00000000800000f0 (0x800000b7) lui     ra, 0x80000
0 0x00000000800000f0 (0x800000b7) x 1 0xffffffff80000000
core   0: 0x00000000800000f4 (0x00004101) c.li    sp, 0
0 0x00000000800000f4 (0x4101) x 2 0x0000000000000000
core   0: 0x00000000800000f6 (0x4020df33) sra     t5, ra, sp
0 0x00000000800000f6 (0x4020df33) x30 0xffffffff80000000
core   0: 0x00000000800000fa (0x80000eb7) lui     t4, 0x80000
0 0x00000000800000fa (0x80000eb7) x29 0xffffffff80000000
core   0: 0x00000000800000fe (0x00004189) c.li    gp, 2
0 0x00000000800000fe (0x4189) x 3 0x0000000000000002
core   0: 0x0000000080000100 (0x00002e17) auipc   t3, 0x2
0 0x0000000080000100 (0x00002e17) x28 0x0000000080002100
core   0: 0x0000000080000104 (0xf00e0e13) addi    t3, t3, -256
0 0x0000000080000104 (0xf00e0e13) x28 0x0000000080002000
core   0: 0x0000000080000108 (0x01ee2423) sw      t5, 8(t3)
0 0x0000000080000108 (0x01ee2423) mem 0x0000000080002008 0x0000000000000000
core   0: 0x000000008000010c (0x65df1763) bne     t5, t4, pc + 1614
0 0x000000008000010c (0x65df1763)
core   0: 0x0000000080000110 (0x800000b7) lui     ra, 0x80000
0 0x0000000080000110 (0x800000b7) x 1 0xffffffff80000000
core   0: 0x0000000080000114 (0x00004105) c.li    sp, 1
0 0x0000000080000114 (0x4105) x 2 0x0000000000000001
core   0: 0x0000000080000116 (0x4020df33) sra     t5, ra, sp
0 0x0000000080000116 (0x4020df33) x30 0xffffffffc0000000
core   0: 0x000000008000011a (0xc0000eb7) lui     t4, 0xc0000
0 0x000000008000011a (0xc0000eb7) x29 0xffffffffc0000000
core   0: 0x000000008000011e (0x0000418d) c.li    gp, 3
0 0x000000008000011e (0x418d) x 3 0x0000000000000003
core   0: 0x0000000080000120 (0x00002e17) auipc   t3, 0x2
0 0x0000000080000120 (0x00002e17) x28 0x0000000080002120
core   0: 0x0000000080000124 (0xee0e0e13) addi    t3, t3, -288
0 0x0000000080000124 (0xee0e0e13) x28 0x0000000080002000
core   0: 0x0000000080000128 (0x01ee2623) sw      t5, 12(t3)
0 0x0000000080000128 (0x01ee2623) mem 0x000000008000200c 0x0000000000000000
core   0: 0x000000008000012c (0x63df1763) bne     t5, t4, pc + 1582
0 0x000000008000012c (0x63df1763)
core   0: 0x0000000080000130 (0x800000b7) lui     ra, 0x80000
0 0x0000000080000130 (0x800000b7) x 1 0xffffffff80000000
core   0: 0x0000000080000134 (0x0000411d) c.li    sp, 7
0 0x0000000080000134 (0x411d) x 2 0x0000000000000007
core   0: 0x0000000080000136 (0x4020df33) sra     t5, ra, sp
0 0x0000000080000136 (0x4020df33) x30 0xffffffffff000000
core   0: 0x000000008000013a (0xff000eb7) lui     t4, 0xff000
0 0x000000008000013a (0xff000eb7) x29 0xffffffffff000000
core   0: 0x000000008000013e (0x00004191) c.li    gp, 4
0 0x000000008000013e (0x4191) x 3 0x0000000000000004
core   0: 0x0000000080000140 (0x00002e17) auipc   t3, 0x2
0 0x0000000080000140 (0x00002e17) x28 0x0000000080002140
core   0: 0x0000000080000144 (0xec0e0e13) addi    t3, t3, -320
0 0x0000000080000144 (0xec0e0e13) x28 0x0000000080002000
core   0: 0x0000000080000148 (0x01ee2823) sw      t5, 16(t3)
0 0x0000000080000148 (0x01ee2823) mem 0x0000000080002010 0x0000000000000000
core   0: 0x000000008000014c (0x61df1763) bne     t5, t4, pc + 1550
0 0x000000008000014c (0x61df1763)
core   0: 0x0000000080000150 (0x800000b7) lui     ra, 0x80000
0 0x0000000080000150 (0x800000b7) x 1 0xffffffff80000000
core   0: 0x0000000080000154 (0x00004139) c.li    sp, 14
0 0x0000000080000154 (0x4139) x 2 0x000000000000000e
core   0: 0x0000000080000156 (0x4020df33) sra     t5, ra, sp
0 0x0000000080000156 (0x4020df33) x30 0xfffffffffffe0000
core   0: 0x000000008000015a (0x00007e81) c.lui   t4, 0xfffe0
0 0x000000008000015a (0x7e81) x29 0xfffffffffffe0000
core   0: 0x000000008000015c (0x00004195) c.li    gp, 5
0 0x000000008000015c (0x4195) x 3 0x0000000000000005
core   0: 0x000000008000015e (0x00002e17) auipc   t3, 0x2
0 0x000000008000015e (0x00002e17) x28 0x000000008000215e
core   0: 0x0000000080000162 (0xea2e0e13) addi    t3, t3, -350
0 0x0000000080000162 (0xea2e0e13) x28 0x0000000080002000
core   0: 0x0000000080000166 (0x01ee2a23) sw      t5, 20(t3)
0 0x0000000080000166 (0x01ee2a23) mem 0x0000000080002014 0x0000000000000000
core   0: 0x000000008000016a (0x5fdf1863) bne     t5, t4, pc + 1520
0 0x000000008000016a (0x5fdf1863)
core   0: 0x000000008000016e (0x800000b7) lui     ra, 0x80000
0 0x000000008000016e (0x800000b7) x 1 0xffffffff80000000
core   0: 0x0000000080000172 (0x0010809b) addiw   ra, ra, 1
0 0x0000000080000172 (0x0010809b) x 1 0xffffffff80000001
core   0: 0x0000000080000176 (0x0000417d) c.li    sp, 31
0 0x0000000080000176 (0x417d) x 2 0x000000000000001f
core   0: 0x0000000080000178 (0x4020df33) sra     t5, ra, sp
0 0x0000000080000178 (0x4020df33) x30 0xffffffffffffffff
core   0: 0x000000008000017c (0x00005efd) c.li    t4, -1
0 0x000000008000017c (0x5efd) x29 0xffffffffffffffff
core   0: 0x000000008000017e (0x00004199) c.li    gp, 6
0 0x000000008000017e (0x4199) x 3 0x0000000000000006
core   0: 0x0000000080000180 (0x00002e17) auipc   t3, 0x2
0 0x0000000080000180 (0x00002e17) x28 0x0000000080002180
core   0: 0x0000000080000184 (0xe80e0e13) addi    t3, t3, -384
0 0x0000000080000184 (0xe80e0e13) x28 0x0000000080002000
core   0: 0x0000000080000188 (0x01ee2c23) sw      t5, 24(t3)
0 0x0000000080000188 (0x01ee2c23) mem 0x0000000080002018 0x0000000000000000
core   0: 0x000000008000018c (0x5ddf1763) bne     t5, t4, pc + 1486
0 0x000000008000018c (0x5ddf1763)
core   0: 0x0000000080000190 (0x800000b7) lui     ra, 0x80000
0 0x0000000080000190 (0x800000b7) x 1 0xffffffff80000000
core   0: 0x0000000080000194 (0xfff0809b) addiw   ra, ra, -1
0 0x0000000080000194 (0xfff0809b) x 1 0x000000007fffffff
core   0: 0x0000000080000198 (0x00004101) c.li    sp, 0
0 0x0000000080000198 (0x4101) x 2 0x0000000000000000
core   0: 0x000000008000019a (0x4020df33) sra     t5, ra, sp
0 0x000000008000019a (0x4020df33) x30 0x000000007fffffff
core   0: 0x000000008000019e (0x80000eb7) lui     t4, 0x80000
0 0x000000008000019e (0x80000eb7) x29 0xffffffff80000000
core   0: 0x00000000800001a2 (0xfffe8e9b) addiw   t4, t4, -1
0 0x00000000800001a2 (0xfffe8e9b) x29 0x000000007fffffff
core   0: 0x00000000800001a6 (0x0000419d) c.li    gp, 7
0 0x00000000800001a6 (0x419d) x 3 0x0000000000000007
core   0: 0x00000000800001a8 (0x00002e17) auipc   t3, 0x2
0 0x00000000800001a8 (0x00002e17) x28 0x00000000800021a8
core   0: 0x00000000800001ac (0xe58e0e13) addi    t3, t3, -424
0 0x00000000800001ac (0xe58e0e13) x28 0x0000000080002000
core   0: 0x00000000800001b0 (0x01ee2e23) sw      t5, 28(t3)
0 0x00000000800001b0 (0x01ee2e23) mem 0x000000008000201c 0x0000000000000000
core   0: 0x00000000800001b4 (0x5bdf1363) bne     t5, t4, pc + 1446
0 0x00000000800001b4 (0x5bdf1363)
core   0: 0x00000000800001b8 (0x800000b7) lui     ra, 0x80000
0 0x00000000800001b8 (0x800000b7) x 1 0xffffffff80000000
core   0: 0x00000000800001bc (0xfff0809b) addiw   ra, ra, -1
0 0x00000000800001bc (0xfff0809b) x 1 0x000000007fffffff
core   0: 0x00000000800001c0 (0x00004105) c.li    sp, 1
0 0x00000000800001c0 (0x4105) x 2 0x0000000000000001
core   0: 0x00000000800001c2 (0x4020df33) sra     t5, ra, sp
0 0x00000000800001c2 (0x4020df33) x30 0x000000003fffffff
core   0: 0x00000000800001c6 (0x40000eb7) lui     t4, 0x40000
0 0x00000000800001c6 (0x40000eb7) x29 0x0000000040000000
core   0: 0x00000000800001ca (0xfffe8e9b) addiw   t4, t4, -1
0 0x00000000800001ca (0xfffe8e9b) x29 0x000000003fffffff
core   0: 0x00000000800001ce (0x000041a1) c.li    gp, 8
0 0x00000000800001ce (0x41a1) x 3 0x0000000000000008
core   0: 0x00000000800001d0 (0x00002e17) auipc   t3, 0x2
0 0x00000000800001d0 (0x00002e17) x28 0x00000000800021d0
core   0: 0x00000000800001d4 (0xe30e0e13) addi    t3, t3, -464
0 0x00000000800001d4 (0xe30e0e13) x28 0x0000000080002000
core   0: 0x00000000800001d8 (0x03ee2023) sw      t5, 32(t3)
0 0x00000000800001d8 (0x03ee2023) mem 0x0000000080002020 0x0000000000000000
core   0: 0x00000000800001dc (0x57df1f63) bne     t5, t4, pc + 1406
0 0x00000000800001dc (0x57df1f63)
core   0: 0x00000000800001e0 (0x800000b7) lui     ra, 0x80000
0 0x00000000800001e0 (0x800000b7) x 1 0xffffffff80000000
core   0: 0x00000000800001e4 (0xfff0809b) addiw   ra, ra, -1
0 0x00000000800001e4 (0xfff0809b) x 1 0x000000007fffffff
core   0: 0x00000000800001e8 (0x0000411d) c.li    sp, 7
0 0x00000000800001e8 (0x411d) x 2 0x0000000000000007
core   0: 0x00000000800001ea (0x4020df33) sra     t5, ra, sp
0 0x00000000800001ea (0x4020df33) x30 0x0000000000ffffff
core   0: 0x00000000800001ee (0x01000eb7) lui     t4, 0x1000
0 0x00000000800001ee (0x01000eb7) x29 0x0000000001000000
core   0: 0x00000000800001f2 (0xfffe8e9b) addiw   t4, t4, -1
0 0x00000000800001f2 (0xfffe8e9b) x29 0x0000000000ffffff
core   0: 0x00000000800001f6 (0x000041a5) c.li    gp, 9
0 0x00000000800001f6 (0x41a5) x 3 0x0000000000000009
core   0: 0x00000000800001f8 (0x00002e17) auipc   t3, 0x2
0 0x00000000800001f8 (0x00002e17) x28 0x00000000800021f8
core   0: 0x00000000800001fc (0xe08e0e13) addi    t3, t3, -504
0 0x00000000800001fc (0xe08e0e13) x28 0x0000000080002000
core   0: 0x0000000080000200 (0x03ee2223) sw      t5, 36(t3)
0 0x0000000080000200 (0x03ee2223) mem 0x0000000080002024 0x0000000000000000
core   0: 0x0000000080000204 (0x55df1b63) bne     t5, t4, pc + 1366
0 0x0000000080000204 (0x55df1b63)
core   0: 0x0000000080000208 (0x800000b7) lui     ra, 0x80000
0 0x0000000080000208 (0x800000b7) x 1 0xffffffff80000000
core   0: 0x000000008000020c (0xfff0809b) addiw   ra, ra, -1
0 0x000000008000020c (0xfff0809b) x 1 0x000000007fffffff
core   0: 0x0000000080000210 (0x00004139) c.li    sp, 14
0 0x0000000080000210 (0x4139) x 2 0x000000000000000e
core   0: 0x0000000080000212 (0x4020df33) sra     t5, ra, sp
0 0x0000000080000212 (0x4020df33) x30 0x000000000001ffff
core   0: 0x0000000080000216 (0x00020eb7) lui     t4, 0x20
0 0x0000000080000216 (0x00020eb7) x29 0x0000000000020000
core   0: 0x000000008000021a (0xfffe8e9b) addiw   t4, t4, -1
0 0x000000008000021a (0xfffe8e9b) x29 0x000000000001ffff
core   0: 0x000000008000021e (0x000041a9) c.li    gp, 10
0 0x000000008000021e (0x41a9) x 3 0x000000000000000a
core   0: 0x0000000080000220 (0x00002e17) auipc   t3, 0x2
0 0x0000000080000220 (0x00002e17) x28 0x0000000080002220
core   0: 0x0000000080000224 (0xde0e0e13) addi    t3, t3, -544
0 0x0000000080000224 (0xde0e0e13) x28 0x0000000080002000
core   0: 0x0000000080000228 (0x03ee2423) sw      t5, 40(t3)
0 0x0000000080000228 (0x03ee2423) mem 0x0000000080002028 0x0000000000000000
core   0: 0x000000008000022c (0x53df1763) bne     t5, t4, pc + 1326
0 0x000000008000022c (0x53df1763)
core   0: 0x0000000080000230 (0x800000b7) lui     ra, 0x80000
0 0x0000000080000230 (0x800000b7) x 1 0xffffffff80000000
core   0: 0x0000000080000234 (0xfff0809b) addiw   ra, ra, -1
0 0x0000000080000234 (0xfff0809b) x 1 0x000000007fffffff
core   0: 0x0000000080000238 (0x0000417d) c.li    sp, 31
0 0x0000000080000238 (0x417d) x 2 0x000000000000001f
core   0: 0x000000008000023a (0x4020df33) sra     t5, ra, sp
0 0x000000008000023a (0x4020df33) x30 0x0000000000000000
core   0: 0x000000008000023e (0x00004e81) c.li    t4, 0
0 0x000000008000023e (0x4e81) x29 0x0000000000000000
core   0: 0x0000000080000240 (0x000041ad) c.li    gp, 11
0 0x0000000080000240 (0x41ad) x 3 0x000000000000000b
core   0: 0x0000000080000242 (0x00002e17) auipc   t3, 0x2
0 0x0000000080000242 (0x00002e17) x28 0x0000000080002242
core   0: 0x0000000080000246 (0xdbee0e13) addi    t3, t3, -578
0 0x0000000080000246 (0xdbee0e13) x28 0x0000000080002000
core   0: 0x000000008000024a (0x03ee2623) sw      t5, 44(t3)
0 0x000000008000024a (0x03ee2623) mem 0x000000008000202c 0x0000000000000000
core   0: 0x000000008000024e (0x51df1663) bne     t5, t4, pc + 1292
0 0x000000008000024e (0x51df1663)
core   0: 0x0000000080000252 (0x818180b7) lui     ra, 0x81818
0 0x0000000080000252 (0x818180b7) x 1 0xffffffff81818000
core   0: 0x0000000080000256 (0x1810809b) addiw   ra, ra, 385
0 0x0000000080000256 (0x1810809b) x 1 0xffffffff81818181
core   0: 0x000000008000025a (0x00004101) c.li    sp, 0
0 0x000000008000025a (0x4101) x 2 0x0000000000000000
core   0: 0x000000008000025c (0x4020df33) sra     t5, ra, sp
0 0x000000008000025c (0x4020df33) x30 0xffffffff81818181
core   0: 0x0000000080000260 (0x81818eb7) lui     t4, 0x81818
0 0x0000000080000260 (0x81818eb7) x29 0xffffffff81818000
core   0: 0x0000000080000264 (0x181e8e9b) addiw   t4, t4, 385
0 0x0000000080000264 (0x181e8e9b) x29 0xffffffff81818181
core   0: 0x0000000080000268 (0x000041b1) c.li    gp, 12
0 0x0000000080000268 (0x41b1) x 3 0x000000000000000c
core   0: 0x000000008000026a (0x00002e17) auipc   t3, 0x2
0 0x000000008000026a (0x00002e17) x28 0x000000008000226a
core   0: 0x000000008000026e (0xd96e0e13) addi    t3, t3, -618
0 0x000000008000026e (0xd96e0e13) x28 0x0000000080002000
core   0: 0x0000000080000272 (0x03ee2823) sw      t5, 48(t3)
0 0x0000000080000272 (0x03ee2823) mem 0x0000000080002030 0x0000000000000000
core   0: 0x0000000080000276 (0x4fdf1263) bne     t5, t4, pc + 1252
0 0x0000000080000276 (0x4fdf1263)
core   0: 0x000000008000027a (0x818180b7) lui     ra, 0x81818
0 0x000000008000027a (0x818180b7) x 1 0xffffffff81818000
core   0: 0x000000008000027e (0x1810809b) addiw   ra, ra, 385
0 0x000000008000027e (0x1810809b) x 1 0xffffffff81818181
core   0: 0x0000000080000282 (0x00004105) c.li    sp, 1
0 0x0000000080000282 (0x4105) x 2 0x0000000000000001
core   0: 0x0000000080000284 (0x4020df33) sra     t5, ra, sp
0 0x0000000080000284 (0x4020df33) x30 0xffffffffc0c0c0c0
core   0: 0x0000000080000288 (0xc0c0ceb7) lui     t4, 0xc0c0c
0 0x0000000080000288 (0xc0c0ceb7) x29 0xffffffffc0c0c000
core   0: 0x000000008000028c (0x0c0e8e9b) addiw   t4, t4, 192
0 0x000000008000028c (0x0c0e8e9b) x29 0xffffffffc0c0c0c0
core   0: 0x0000000080000290 (0x000041b5) c.li    gp, 13
0 0x0000000080000290 (0x41b5) x 3 0x000000000000000d
core   0: 0x0000000080000292 (0x00002e17) auipc   t3, 0x2
0 0x0000000080000292 (0x00002e17) x28 0x0000000080002292
core   0: 0x0000000080000296 (0xd6ee0e13) addi    t3, t3, -658
0 0x0000000080000296 (0xd6ee0e13) x28 0x0000000080002000
core   0: 0x000000008000029a (0x03ee2a23) sw      t5, 52(t3)
0 0x000000008000029a (0x03ee2a23) mem 0x0000000080002034 0x0000000000000000
core   0: 0x000000008000029e (0x4bdf1e63) bne     t5, t4, pc + 1212
0 0x000000008000029e (0x4bdf1e63)
core   0: 0x00000000800002a2 (0x818180b7) lui     ra, 0x81818
0 0x00000000800002a2 (0x818180b7) x 1 0xffffffff81818000
core   0: 0x00000000800002a6 (0x1810809b) addiw   ra, ra, 385
0 0x00000000800002a6 (0x1810809b) x 1 0xffffffff81818181
core   0: 0x00000000800002aa (0x0000411d) c.li    sp, 7
0 0x00000000800002aa (0x411d) x 2 0x0000000000000007
core   0: 0x00000000800002ac (0x4020df33) sra     t5, ra, sp
0 0x00000000800002ac (0x4020df33) x30 0xffffffffff030303
core   0: 0x00000000800002b0 (0xff030eb7) lui     t4, 0xff030
0 0x00000000800002b0 (0xff030eb7) x29 0xffffffffff030000
core   0: 0x00000000800002b4 (0x303e8e9b) addiw   t4, t4, 771
0 0x00000000800002b4 (0x303e8e9b) x29 0xffffffffff030303
core   0: 0x00000000800002b8 (0x000041b9) c.li    gp, 14
0 0x00000000800002b8 (0x41b9) x 3 0x000000000000000e
core   0: 0x00000000800002ba (0x00002e17) auipc   t3, 0x2
0 0x00000000800002ba (0x00002e17) x28 0x00000000800022ba
core   0: 0x00000000800002be (0xd46e0e13) addi    t3, t3, -698
0 0x00000000800002be (0xd46e0e13) x28 0x0000000080002000
core   0: 0x00000000800002c2 (0x03ee2c23) sw      t5, 56(t3)
0 0x00000000800002c2 (0x03ee2c23) mem 0x0000000080002038 0x0000000000000000
core   0: 0x00000000800002c6 (0x49df1a63) bne     t5, t4, pc + 1172
0 0x00000000800002c6 (0x49df1a63)
core   0: 0x00000000800002ca (0x818180b7) lui     ra, 0x81818
0 0x00000000800002ca (0x818180b7) x 1 0xffffffff81818000
core   0: 0x00000000800002ce (0x1810809b) addiw   ra, ra, 385
0 0x00000000800002ce (0x1810809b) x 1 0xffffffff81818181
core   0: 0x00000000800002d2 (0x00004139) c.li    sp, 14
0 0x00000000800002d2 (0x4139) x 2 0x000000000000000e
core   0: 0x00000000800002d4 (0x4020df33) sra     t5, ra, sp
0 0x00000000800002d4 (0x4020df33) x30 0xfffffffffffe0606
core   0: 0x00000000800002d8 (0xfffe0eb7) lui     t4, 0xfffe0
0 0x00000000800002d8 (0xfffe0eb7) x29 0xfffffffffffe0000
core   0: 0x00000000800002dc (0x606e8e9b) addiw   t4, t4, 1542
0 0x00000000800002dc (0x606e8e9b) x29 0xfffffffffffe0606
core   0: 0x00000000800002e0 (0x000041bd) c.li    gp, 15
0 0x00000000800002e0 (0x41bd) x 3 0x000000000000000f
core   0: 0x00000000800002e2 (0x00002e17) auipc   t3, 0x2
0 0x00000000800002e2 (0x00002e17) x28 0x00000000800022e2
core   0: 0x00000000800002e6 (0xd1ee0e13) addi    t3, t3, -738
0 0x00000000800002e6 (0xd1ee0e13) x28 0x0000000080002000
core   0: 0x00000000800002ea (0x03ee2e23) sw      t5, 60(t3)
0 0x00000000800002ea (0x03ee2e23) mem 0x000000008000203c 0x0000000000000000
core   0: 0x00000000800002ee (0x47df1663) bne     t5, t4, pc + 1132
0 0x00000000800002ee (0x47df1663)
core   0: 0x00000000800002f2 (0x818180b7) lui     ra, 0x81818
0 0x00000000800002f2 (0x818180b7) x 1 0xffffffff81818000
core   0: 0x00000000800002f6 (0x1810809b) addiw   ra, ra, 385
0 0x00000000800002f6 (0x1810809b) x 1 0xffffffff81818181
core   0: 0x00000000800002fa (0x0000417d) c.li    sp, 31
0 0x00000000800002fa (0x417d) x 2 0x000000000000001f
core   0: 0x00000000800002fc (0x4020df33) sra     t5, ra, sp
0 0x00000000800002fc (0x4020df33) x30 0xffffffffffffffff
core   0: 0x0000000080000300 (0x00005efd) c.li    t4, -1
0 0x0000000080000300 (0x5efd) x29 0xffffffffffffffff
core   0: 0x0000000080000302 (0x000041c1) c.li    gp, 16
0 0x0000000080000302 (0x41c1) x 3 0x0000000000000010
core   0: 0x0000000080000304 (0x00002e17) auipc   t3, 0x2
0 0x0000000080000304 (0x00002e17) x28 0x0000000080002304
core   0: 0x0000000080000308 (0xcfce0e13) addi    t3, t3, -772
0 0x0000000080000308 (0xcfce0e13) x28 0x0000000080002000
core   0: 0x000000008000030c (0x05ee2023) sw      t5, 64(t3)
0 0x000000008000030c (0x05ee2023) mem 0x0000000080002040 0x0000000000000000
core   0: 0x0000000080000310 (0x45df1563) bne     t5, t4, pc + 1098
0 0x0000000080000310 (0x45df1563)
core   0: 0x0000000080000314 (0x818180b7) lui     ra, 0x81818
0 0x0000000080000314 (0x818180b7) x 1 0xffffffff81818000
core   0: 0x0000000080000318 (0x1810809b) addiw   ra, ra, 385
0 0x0000000080000318 (0x1810809b) x 1 0xffffffff81818181
core   0: 0x000000008000031c (0xfc000113) li      sp, -64
0 0x000000008000031c (0xfc000113) x 2 0xffffffffffffffc0
core   0: 0x0000000080000320 (0x4020df33) sra     t5, ra, sp
0 0x0000000080000320 (0x4020df33) x30 0xffffffff81818181
core   0: 0x0000000080000324 (0x81818eb7) lui     t4, 0x81818
0 0x0000000080000324 (0x81818eb7) x29 0xffffffff81818000
core   0: 0x0000000080000328 (0x181e8e9b) addiw   t4, t4, 385
0 0x0000000080000328 (0x181e8e9b) x29 0xffffffff81818181
core   0: 0x000000008000032c (0x000041c5) c.li    gp, 17
0 0x000000008000032c (0x41c5) x 3 0x0000000000000011
core   0: 0x000000008000032e (0x00002e17) auipc   t3, 0x2
0 0x000000008000032e (0x00002e17) x28 0x000000008000232e
core   0: 0x0000000080000332 (0xcd2e0e13) addi    t3, t3, -814
0 0x0000000080000332 (0xcd2e0e13) x28 0x0000000080002000
core   0: 0x0000000080000336 (0x05ee2223) sw      t5, 68(t3)
0 0x0000000080000336 (0x05ee2223) mem 0x0000000080002044 0x0000000000000000
core   0: 0x000000008000033a (0x43df1063) bne     t5, t4, pc + 1056
0 0x000000008000033a (0x43df1063)
core   0: 0x000000008000033e (0x818180b7) lui     ra, 0x81818
0 0x000000008000033e (0x818180b7) x 1 0xffffffff81818000
core   0: 0x0000000080000342 (0x1810809b) addiw   ra, ra, 385
0 0x0000000080000342 (0x1810809b) x 1 0xffffffff81818181
core   0: 0x0000000080000346 (0xfc100113) li      sp, -63
0 0x0000000080000346 (0xfc100113) x 2 0xffffffffffffffc1
core   0: 0x000000008000034a (0x4020df33) sra     t5, ra, sp
0 0x000000008000034a (0x4020df33) x30 0xffffffffc0c0c0c0
core   0: 0x000000008000034e (0xc0c0ceb7) lui     t4, 0xc0c0c
0 0x000000008000034e (0xc0c0ceb7) x29 0xffffffffc0c0c000
core   0: 0x0000000080000352 (0x0c0e8e9b) addiw   t4, t4, 192
0 0x0000000080000352 (0x0c0e8e9b) x29 0xffffffffc0c0c0c0
core   0: 0x0000000080000356 (0x000041c9) c.li    gp, 18
0 0x0000000080000356 (0x41c9) x 3 0x0000000000000012
core   0: 0x0000000080000358 (0x00002e17) auipc   t3, 0x2
0 0x0000000080000358 (0x00002e17) x28 0x0000000080002358
core   0: 0x000000008000035c (0xca8e0e13) addi    t3, t3, -856
0 0x000000008000035c (0xca8e0e13) x28 0x0000000080002000
core   0: 0x0000000080000360 (0x05ee2423) sw      t5, 72(t3)
0 0x0000000080000360 (0x05ee2423) mem 0x0000000080002048 0x0000000000000000
core   0: 0x0000000080000364 (0x3fdf1b63) bne     t5, t4, pc + 1014
0 0x0000000080000364 (0x3fdf1b63)
core   0: 0x0000000080000368 (0x818180b7) lui     ra, 0x81818
0 0x0000000080000368 (0x818180b7) x 1 0xffffffff81818000
core   0: 0x000000008000036c (0x1810809b) addiw   ra, ra, 385
0 0x000000008000036c (0x1810809b) x 1 0xffffffff81818181
core   0: 0x0000000080000370 (0xfc700113) li      sp, -57
0 0x0000000080000370 (0xfc700113) x 2 0xffffffffffffffc7
core   0: 0x0000000080000374 (0x4020df33) sra     t5, ra, sp
0 0x0000000080000374 (0x4020df33) x30 0xffffffffff030303
core   0: 0x0000000080000378 (0xff030eb7) lui     t4, 0xff030
0 0x0000000080000378 (0xff030eb7) x29 0xffffffffff030000
core   0: 0x000000008000037c (0x303e8e9b) addiw   t4, t4, 771
0 0x000000008000037c (0x303e8e9b) x29 0xffffffffff030303
core   0: 0x0000000080000380 (0x000041cd) c.li    gp, 19
0 0x0000000080000380 (0x41cd) x 3 0x0000000000000013
core   0: 0x0000000080000382 (0x00002e17) auipc   t3, 0x2
0 0x0000000080000382 (0x00002e17) x28 0x0000000080002382
core   0: 0x0000000080000386 (0xc7ee0e13) addi    t3, t3, -898
0 0x0000000080000386 (0xc7ee0e13) x28 0x0000000080002000
core   0: 0x000000008000038a (0x05ee2623) sw      t5, 76(t3)
0 0x000000008000038a (0x05ee2623) mem 0x000000008000204c 0x0000000000000000
core   0: 0x000000008000038e (0x3ddf1663) bne     t5, t4, pc + 972
0 0x000000008000038e (0x3ddf1663)
core   0: 0x0000000080000392 (0x818180b7) lui     ra, 0x81818
0 0x0000000080000392 (0x818180b7) x 1 0xffffffff81818000
core   0: 0x0000000080000396 (0x1810809b) addiw   ra, ra, 385
0 0x0000000080000396 (0x1810809b) x 1 0xffffffff81818181
core   0: 0x000000008000039a (0xfce00113) li      sp, -50
0 0x000000008000039a (0xfce00113) x 2 0xffffffffffffffce
core   0: 0x000000008000039e (0x4020df33) sra     t5, ra, sp
0 0x000000008000039e (0x4020df33) x30 0xfffffffffffe0606
core   0: 0x00000000800003a2 (0xfffe0eb7) lui     t4, 0xfffe0
0 0x00000000800003a2 (0xfffe0eb7) x29 0xfffffffffffe0000
core   0: 0x00000000800003a6 (0x606e8e9b) addiw   t4, t4, 1542
0 0x00000000800003a6 (0x606e8e9b) x29 0xfffffffffffe0606
core   0: 0x00000000800003aa (0x000041d1) c.li    gp, 20
0 0x00000000800003aa (0x41d1) x 3 0x0000000000000014
core   0: 0x00000000800003ac (0x00002e17) auipc   t3, 0x2
0 0x00000000800003ac (0x00002e17) x28 0x00000000800023ac
core   0: 0x00000000800003b0 (0xc54e0e13) addi    t3, t3, -940
0 0x00000000800003b0 (0xc54e0e13) x28 0x0000000080002000
core   0: 0x00000000800003b4 (0x05ee2823) sw      t5, 80(t3)
0 0x00000000800003b4 (0x05ee2823) mem 0x0000000080002050 0x0000000000000000
core   0: 0x00000000800003b8 (0x3bdf1163) bne     t5, t4, pc + 930
0 0x00000000800003b8 (0x3bdf1163)
core   0: 0x00000000800003bc (0x818180b7) lui     ra, 0x81818
0 0x00000000800003bc (0x818180b7) x 1 0xffffffff81818000
core   0: 0x00000000800003c0 (0x1810809b) addiw   ra, ra, 385
0 0x00000000800003c0 (0x1810809b) x 1 0xffffffff81818181
core   0: 0x00000000800003c4 (0x0000517d) c.li    sp, -1
0 0x00000000800003c4 (0x517d) x 2 0xffffffffffffffff
core   0: 0x00000000800003c6 (0x4020df33) sra     t5, ra, sp
0 0x00000000800003c6 (0x4020df33) x30 0xffffffffffffffff
core   0: 0x00000000800003ca (0x00005efd) c.li    t4, -1
0 0x00000000800003ca (0x5efd) x29 0xffffffffffffffff
core   0: 0x00000000800003cc (0x000041d5) c.li    gp, 21
0 0x00000000800003cc (0x41d5) x 3 0x0000000000000015
core   0: 0x00000000800003ce (0x00002e17) auipc   t3, 0x2
0 0x00000000800003ce (0x00002e17) x28 0x00000000800023ce
core   0: 0x00000000800003d2 (0xc32e0e13) addi    t3, t3, -974
0 0x00000000800003d2 (0xc32e0e13) x28 0x0000000080002000
core   0: 0x00000000800003d6 (0x05ee2a23) sw      t5, 84(t3)
0 0x00000000800003d6 (0x05ee2a23) mem 0x0000000080002054 0x0000000000000000
core   0: 0x00000000800003da (0x39df1063) bne     t5, t4, pc + 896
0 0x00000000800003da (0x39df1063)
core   0: 0x00000000800003de (0x800000b7) lui     ra, 0x80000
0 0x00000000800003de (0x800000b7) x 1 0xffffffff80000000
core   0: 0x00000000800003e2 (0x0000411d) c.li    sp, 7
0 0x00000000800003e2 (0x411d) x 2 0x0000000000000007
core   0: 0x00000000800003e4 (0x4020d0b3) sra     ra, ra, sp
0 0x00000000800003e4 (0x4020d0b3) x 1 0xffffffffff000000
core   0: 0x00000000800003e8 (0xff000eb7) lui     t4, 0xff000
0 0x00000000800003e8 (0xff000eb7) x29 0xffffffffff000000
core   0: 0x00000000800003ec (0x000041d9) c.li    gp, 22
0 0x00000000800003ec (0x41d9) x 3 0x0000000000000016
core   0: 0x00000000800003ee (0x00002e17) auipc   t3, 0x2
0 0x00000000800003ee (0x00002e17) x28 0x00000000800023ee
core   0: 0x00000000800003f2 (0xc12e0e13) addi    t3, t3, -1006
0 0x00000000800003f2 (0xc12e0e13) x28 0x0000000080002000
core   0: 0x00000000800003f6 (0x041e2c23) sw      ra, 88(t3)
0 0x00000000800003f6 (0x041e2c23) mem 0x0000000080002058 0x0000000000000000
core   0: 0x00000000800003fa (0x37d09063) bne     ra, t4, pc + 864
0 0x00000000800003fa (0x37d09063)
core   0: 0x00000000800003fe (0x800000b7) lui     ra, 0x80000
0 0x00000000800003fe (0x800000b7) x 1 0xffffffff80000000
core   0: 0x0000000080000402 (0x00004139) c.li    sp, 14
0 0x0000000080000402 (0x4139) x 2 0x000000000000000e
core   0: 0x0000000080000404 (0x4020d133) sra     sp, ra, sp
0 0x0000000080000404 (0x4020d133) x 2 0xfffffffffffe0000
core   0: 0x0000000080000408 (0x00007e81) c.lui   t4, 0xfffe0
0 0x0000000080000408 (0x7e81) x29 0xfffffffffffe0000
core   0: 0x000000008000040a (0x000041dd) c.li    gp, 23
0 0x000000008000040a (0x41dd) x 3 0x0000000000000017
core   0: 0x000000008000040c (0x00002e17) auipc   t3, 0x2
0 0x000000008000040c (0x00002e17) x28 0x000000008000240c
core   0: 0x0000000080000410 (0xbf4e0e13) addi    t3, t3, -1036
0 0x0000000080000410 (0xbf4e0e13) x28 0x0000000080002000
core   0: 0x0000000080000414 (0x042e2e23) sw      sp, 92(t3)
0 0x0000000080000414 (0x042e2e23) mem 0x000000008000205c 0x0000000000000000
core   0: 0x0000000080000418 (0x35d11163) bne     sp, t4, pc + 834
0 0x0000000080000418 (0x35d11163)
core   0: 0x000000008000041c (0x0000409d) c.li    ra, 7
0 0x000000008000041c (0x409d) x 1 0x0000000000000007
core   0: 0x000000008000041e (0x4010d0b3) sra     ra, ra, ra
0 0x000000008000041e (0x4010d0b3) x 1 0x0000000000000000
core   0: 0x0000000080000422 (0x00004e81) c.li    t4, 0
0 0x0000000080000422 (0x4e81) x29 0x0000000000000000
core   0: 0x0000000080000424 (0x000041e1) c.li    gp, 24
0 0x0000000080000424 (0x41e1) x 3 0x0000000000000018
core   0: 0x0000000080000426 (0x00002e17) auipc   t3, 0x2
0 0x0000000080000426 (0x00002e17) x28 0x0000000080002426
core   0: 0x000000008000042a (0xbdae0e13) addi    t3, t3, -1062
0 0x000000008000042a (0xbdae0e13) x28 0x0000000080002000
core   0: 0x000000008000042e (0x061e2023) sw      ra, 96(t3)
0 0x000000008000042e (0x061e2023) mem 0x0000000080002060 0x0000000000000000
core   0: 0x0000000080000432 (0x33d09463) bne     ra, t4, pc + 808
0 0x0000000080000432 (0x33d09463)
core   0: 0x0000000080000436 (0x00004201) c.li    tp, 0
0 0x0000000080000436 (0x4201) x 4 0x0000000000000000
core   0: 0x0000000080000438 (0x800000b7) lui     ra, 0x80000
0 0x0000000080000438 (0x800000b7) x 1 0xffffffff80000000
core   0: 0x000000008000043c (0x0000411d) c.li    sp, 7
0 0x000000008000043c (0x411d) x 2 0x0000000000000007
core   0: 0x000000008000043e (0x4020df33) sra     t5, ra, sp
0 0x000000008000043e (0x4020df33) x30 0xffffffffff000000
core   0: 0x0000000080000442 (0x000f0313) mv      t1, t5
0 0x0000000080000442 (0x000f0313) x 6 0xffffffffff000000
core   0: 0x0000000080000446 (0x00000205) c.addi  tp, 1
0 0x0000000080000446 (0x0205) x 4 0x0000000000000001
core   0: 0x0000000080000448 (0x00004289) c.li    t0, 2
0 0x0000000080000448 (0x4289) x 5 0x0000000000000002
core   0: 0x000000008000044a (0xfe5217e3) bne     tp, t0, pc - 18
0 0x000000008000044a (0xfe5217e3)
core   0: 0x0000000080000438 (0x800000b7) lui     ra, 0x80000
0 0x0000000080000438 (0x800000b7) x 1 0xffffffff80000000
core   0: 0x000000008000043c (0x0000411d) c.li    sp, 7
0 0x000000008000043c (0x411d) x 2 0x0000000000000007
core   0: 0x000000008000043e (0x4020df33) sra     t5, ra, sp
0 0x000000008000043e (0x4020df33) x30 0xffffffffff000000
core   0: 0x0000000080000442 (0x000f0313) mv      t1, t5
0 0x0000000080000442 (0x000f0313) x 6 0xffffffffff000000
core   0: 0x0000000080000446 (0x00000205) c.addi  tp, 1
0 0x0000000080000446 (0x0205) x 4 0x0000000000000002
core   0: 0x0000000080000448 (0x00004289) c.li    t0, 2
0 0x0000000080000448 (0x4289) x 5 0x0000000000000002
core   0: 0x000000008000044a (0xfe5217e3) bne     tp, t0, pc - 18
0 0x000000008000044a (0xfe5217e3)
core   0: 0x000000008000044e (0xff000eb7) lui     t4, 0xff000
0 0x000000008000044e (0xff000eb7) x29 0xffffffffff000000
core   0: 0x0000000080000452 (0x000041e5) c.li    gp, 25
0 0x0000000080000452 (0x41e5) x 3 0x0000000000000019
core   0: 0x0000000080000454 (0x00002e17) auipc   t3, 0x2
0 0x0000000080000454 (0x00002e17) x28 0x0000000080002454
core   0: 0x0000000080000458 (0xbace0e13) addi    t3, t3, -1108
0 0x0000000080000458 (0xbace0e13) x28 0x0000000080002000
core   0: 0x000000008000045c (0x066e2223) sw      t1, 100(t3)
0 0x000000008000045c (0x066e2223) mem 0x0000000080002064 0x0000000000000000
core   0: 0x0000000080000460 (0x2fd31d63) bne     t1, t4, pc + 762
0 0x0000000080000460 (0x2fd31d63)
core   0: 0x0000000080000464 (0x00004201) c.li    tp, 0
0 0x0000000080000464 (0x4201) x 4 0x0000000000000000
core   0: 0x0000000080000466 (0x800000b7) lui     ra, 0x80000
0 0x0000000080000466 (0x800000b7) x 1 0xffffffff80000000
core   0: 0x000000008000046a (0x00004139) c.li    sp, 14
0 0x000000008000046a (0x4139) x 2 0x000000000000000e
core   0: 0x000000008000046c (0x4020df33) sra     t5, ra, sp
0 0x000000008000046c (0x4020df33) x30 0xfffffffffffe0000
core   0: 0x0000000080000470 (0x00000001) c.nop
0 0x0000000080000470 (0x0001)
core   0: 0x0000000080000472 (0x000f0313) mv      t1, t5
0 0x0000000080000472 (0x000f0313) x 6 0xfffffffffffe0000
core   0: 0x0000000080000476 (0x00000205) c.addi  tp, 1
0 0x0000000080000476 (0x0205) x 4 0x0000000000000001
core   0: 0x0000000080000478 (0x00004289) c.li    t0, 2
0 0x0000000080000478 (0x4289) x 5 0x0000000000000002
core   0: 0x000000008000047a (0xfe5216e3) bne     tp, t0, pc - 20
0 0x000000008000047a (0xfe5216e3)
core   0: 0x0000000080000466 (0x800000b7) lui     ra, 0x80000
0 0x0000000080000466 (0x800000b7) x 1 0xffffffff80000000
core   0: 0x000000008000046a (0x00004139) c.li    sp, 14
0 0x000000008000046a (0x4139) x 2 0x000000000000000e
core   0: 0x000000008000046c (0x4020df33) sra     t5, ra, sp
0 0x000000008000046c (0x4020df33) x30 0xfffffffffffe0000
core   0: 0x0000000080000470 (0x00000001) c.nop
0 0x0000000080000470 (0x0001)
core   0: 0x0000000080000472 (0x000f0313) mv      t1, t5
0 0x0000000080000472 (0x000f0313) x 6 0xfffffffffffe0000
core   0: 0x0000000080000476 (0x00000205) c.addi  tp, 1
0 0x0000000080000476 (0x0205) x 4 0x0000000000000002
core   0: 0x0000000080000478 (0x00004289) c.li    t0, 2
0 0x0000000080000478 (0x4289) x 5 0x0000000000000002
core   0: 0x000000008000047a (0xfe5216e3) bne     tp, t0, pc - 20
0 0x000000008000047a (0xfe5216e3)
core   0: 0x000000008000047e (0x00007e81) c.lui   t4, 0xfffe0
0 0x000000008000047e (0x7e81) x29 0xfffffffffffe0000
core   0: 0x0000000080000480 (0x000041e9) c.li    gp, 26
0 0x0000000080000480 (0x41e9) x 3 0x000000000000001a
core   0: 0x0000000080000482 (0x00002e17) auipc   t3, 0x2
0 0x0000000080000482 (0x00002e17) x28 0x0000000080002482
core   0: 0x0000000080000486 (0xb7ee0e13) addi    t3, t3, -1154
0 0x0000000080000486 (0xb7ee0e13) x28 0x0000000080002000
core   0: 0x000000008000048a (0x066e2423) sw      t1, 104(t3)
0 0x000000008000048a (0x066e2423) mem 0x0000000080002068 0x0000000000000000
core   0: 0x000000008000048e (0x2dd31663) bne     t1, t4, pc + 716
0 0x000000008000048e (0x2dd31663)
core   0: 0x0000000080000492 (0x00004201) c.li    tp, 0
0 0x0000000080000492 (0x4201) x 4 0x0000000000000000
core   0: 0x0000000080000494 (0x800000b7) lui     ra, 0x80000
0 0x0000000080000494 (0x800000b7) x 1 0xffffffff80000000
core   0: 0x0000000080000498 (0x0000417d) c.li    sp, 31
0 0x0000000080000498 (0x417d) x 2 0x000000000000001f
core   0: 0x000000008000049a (0x4020df33) sra     t5, ra, sp
0 0x000000008000049a (0x4020df33) x30 0xffffffffffffffff
core   0: 0x000000008000049e (0x00000001) c.nop
0 0x000000008000049e (0x0001)
core   0: 0x00000000800004a0 (0x00000001) c.nop
0 0x00000000800004a0 (0x0001)
core   0: 0x00000000800004a2 (0x000f0313) mv      t1, t5
0 0x00000000800004a2 (0x000f0313) x 6 0xffffffffffffffff
core   0: 0x00000000800004a6 (0x00000205) c.addi  tp, 1
0 0x00000000800004a6 (0x0205) x 4 0x0000000000000001
core   0: 0x00000000800004a8 (0x00004289) c.li    t0, 2
0 0x00000000800004a8 (0x4289) x 5 0x0000000000000002
core   0: 0x00000000800004aa (0xfe5215e3) bne     tp, t0, pc - 22
0 0x00000000800004aa (0xfe5215e3)
core   0: 0x0000000080000494 (0x800000b7) lui     ra, 0x80000
0 0x0000000080000494 (0x800000b7) x 1 0xffffffff80000000
core   0: 0x0000000080000498 (0x0000417d) c.li    sp, 31
0 0x0000000080000498 (0x417d) x 2 0x000000000000001f
core   0: 0x000000008000049a (0x4020df33) sra     t5, ra, sp
0 0x000000008000049a (0x4020df33) x30 0xffffffffffffffff
core   0: 0x000000008000049e (0x00000001) c.nop
0 0x000000008000049e (0x0001)
core   0: 0x00000000800004a0 (0x00000001) c.nop
0 0x00000000800004a0 (0x0001)
core   0: 0x00000000800004a2 (0x000f0313) mv      t1, t5
0 0x00000000800004a2 (0x000f0313) x 6 0xffffffffffffffff
core   0: 0x00000000800004a6 (0x00000205) c.addi  tp, 1
0 0x00000000800004a6 (0x0205) x 4 0x0000000000000002
core   0: 0x00000000800004a8 (0x00004289) c.li    t0, 2
0 0x00000000800004a8 (0x4289) x 5 0x0000000000000002
core   0: 0x00000000800004aa (0xfe5215e3) bne     tp, t0, pc - 22
0 0x00000000800004aa (0xfe5215e3)
core   0: 0x00000000800004ae (0x00005efd) c.li    t4, -1
0 0x00000000800004ae (0x5efd) x29 0xffffffffffffffff
core   0: 0x00000000800004b0 (0x000041ed) c.li    gp, 27
0 0x00000000800004b0 (0x41ed) x 3 0x000000000000001b
core   0: 0x00000000800004b2 (0x00002e17) auipc   t3, 0x2
0 0x00000000800004b2 (0x00002e17) x28 0x00000000800024b2
core   0: 0x00000000800004b6 (0xb4ee0e13) addi    t3, t3, -1202
0 0x00000000800004b6 (0xb4ee0e13) x28 0x0000000080002000
core   0: 0x00000000800004ba (0x066e2623) sw      t1, 108(t3)
0 0x00000000800004ba (0x066e2623) mem 0x000000008000206c 0x0000000000000000
core   0: 0x00000000800004be (0x29d31e63) bne     t1, t4, pc + 668
0 0x00000000800004be (0x29d31e63)
core   0: 0x00000000800004c2 (0x00004201) c.li    tp, 0
0 0x00000000800004c2 (0x4201) x 4 0x0000000000000000
core   0: 0x00000000800004c4 (0x800000b7) lui     ra, 0x80000
0 0x00000000800004c4 (0x800000b7) x 1 0xffffffff80000000
core   0: 0x00000000800004c8 (0x0000411d) c.li    sp, 7
0 0x00000000800004c8 (0x411d) x 2 0x0000000000000007
core   0: 0x00000000800004ca (0x4020df33) sra     t5, ra, sp
0 0x00000000800004ca (0x4020df33) x30 0xffffffffff000000
core   0: 0x00000000800004ce (0x00000205) c.addi  tp, 1
0 0x00000000800004ce (0x0205) x 4 0x0000000000000001
core   0: 0x00000000800004d0 (0x00004289) c.li    t0, 2
0 0x00000000800004d0 (0x4289) x 5 0x0000000000000002
core   0: 0x00000000800004d2 (0xfe5219e3) bne     tp, t0, pc - 14
0 0x00000000800004d2 (0xfe5219e3)
core   0: 0x00000000800004c4 (0x800000b7) lui     ra, 0x80000
0 0x00000000800004c4 (0x800000b7) x 1 0xffffffff80000000
core   0: 0x00000000800004c8 (0x0000411d) c.li    sp, 7
0 0x00000000800004c8 (0x411d) x 2 0x0000000000000007
core   0: 0x00000000800004ca (0x4020df33) sra     t5, ra, sp
0 0x00000000800004ca (0x4020df33) x30 0xffffffffff000000
core   0: 0x00000000800004ce (0x00000205) c.addi  tp, 1
0 0x00000000800004ce (0x0205) x 4 0x0000000000000002
core   0: 0x00000000800004d0 (0x00004289) c.li    t0, 2
0 0x00000000800004d0 (0x4289) x 5 0x0000000000000002
core   0: 0x00000000800004d2 (0xfe5219e3) bne     tp, t0, pc - 14
0 0x00000000800004d2 (0xfe5219e3)
core   0: 0x00000000800004d6 (0xff000eb7) lui     t4, 0xff000
0 0x00000000800004d6 (0xff000eb7) x29 0xffffffffff000000
core   0: 0x00000000800004da (0x000041f1) c.li    gp, 28
0 0x00000000800004da (0x41f1) x 3 0x000000000000001c
core   0: 0x00000000800004dc (0x00002e17) auipc   t3, 0x2
0 0x00000000800004dc (0x00002e17) x28 0x00000000800024dc
core   0: 0x00000000800004e0 (0xb24e0e13) addi    t3, t3, -1244
0 0x00000000800004e0 (0xb24e0e13) x28 0x0000000080002000
core   0: 0x00000000800004e4 (0x07ee2823) sw      t5, 112(t3)
0 0x00000000800004e4 (0x07ee2823) mem 0x0000000080002070 0x0000000000000000
core   0: 0x00000000800004e8 (0x27df1963) bne     t5, t4, pc + 626
0 0x00000000800004e8 (0x27df1963)
core   0: 0x00000000800004ec (0x00004201) c.li    tp, 0
0 0x00000000800004ec (0x4201) x 4 0x0000000000000000
core   0: 0x00000000800004ee (0x800000b7) lui     ra, 0x80000
0 0x00000000800004ee (0x800000b7) x 1 0xffffffff80000000
core   0: 0x00000000800004f2 (0x00004139) c.li    sp, 14
0 0x00000000800004f2 (0x4139) x 2 0x000000000000000e
core   0: 0x00000000800004f4 (0x00000001) c.nop
0 0x00000000800004f4 (0x0001)
core   0: 0x00000000800004f6 (0x4020df33) sra     t5, ra, sp
0 0x00000000800004f6 (0x4020df33) x30 0xfffffffffffe0000
core   0: 0x00000000800004fa (0x00000205) c.addi  tp, 1
0 0x00000000800004fa (0x0205) x 4 0x0000000000000001
core   0: 0x00000000800004fc (0x00004289) c.li    t0, 2
0 0x00000000800004fc (0x4289) x 5 0x0000000000000002
core   0: 0x00000000800004fe (0xfe5218e3) bne     tp, t0, pc - 16
0 0x00000000800004fe (0xfe5218e3)
core   0: 0x00000000800004ee (0x800000b7) lui     ra, 0x80000
0 0x00000000800004ee (0x800000b7) x 1 0xffffffff80000000
core   0: 0x00000000800004f2 (0x00004139) c.li    sp, 14
0 0x00000000800004f2 (0x4139) x 2 0x000000000000000e
core   0: 0x00000000800004f4 (0x00000001) c.nop
0 0x00000000800004f4 (0x0001)
core   0: 0x00000000800004f6 (0x4020df33) sra     t5, ra, sp
0 0x00000000800004f6 (0x4020df33) x30 0xfffffffffffe0000
core   0: 0x00000000800004fa (0x00000205) c.addi  tp, 1
0 0x00000000800004fa (0x0205) x 4 0x0000000000000002
core   0: 0x00000000800004fc (0x00004289) c.li    t0, 2
0 0x00000000800004fc (0x4289) x 5 0x0000000000000002
core   0: 0x00000000800004fe (0xfe5218e3) bne     tp, t0, pc - 16
0 0x00000000800004fe (0xfe5218e3)
core   0: 0x0000000080000502 (0x00007e81) c.lui   t4, 0xfffe0
0 0x0000000080000502 (0x7e81) x29 0xfffffffffffe0000
core   0: 0x0000000080000504 (0x000041f5) c.li    gp, 29
0 0x0000000080000504 (0x41f5) x 3 0x000000000000001d
core   0: 0x0000000080000506 (0x00002e17) auipc   t3, 0x2
0 0x0000000080000506 (0x00002e17) x28 0x0000000080002506
core   0: 0x000000008000050a (0xafae0e13) addi    t3, t3, -1286
0 0x000000008000050a (0xafae0e13) x28 0x0000000080002000
core   0: 0x000000008000050e (0x07ee2a23) sw      t5, 116(t3)
0 0x000000008000050e (0x07ee2a23) mem 0x0000000080002074 0x0000000000000000
core   0: 0x0000000080000512 (0x25df1463) bne     t5, t4, pc + 584
0 0x0000000080000512 (0x25df1463)
core   0: 0x0000000080000516 (0x00004201) c.li    tp, 0
0 0x0000000080000516 (0x4201) x 4 0x0000000000000000
core   0: 0x0000000080000518 (0x800000b7) lui     ra, 0x80000
0 0x0000000080000518 (0x800000b7) x 1 0xffffffff80000000
core   0: 0x000000008000051c (0x0000417d) c.li    sp, 31
0 0x000000008000051c (0x417d) x 2 0x000000000000001f
core   0: 0x000000008000051e (0x00000001) c.nop
0 0x000000008000051e (0x0001)
core   0: 0x0000000080000520 (0x00000001) c.nop
0 0x0000000080000520 (0x0001)
core   0: 0x0000000080000522 (0x4020df33) sra     t5, ra, sp
0 0x0000000080000522 (0x4020df33) x30 0xffffffffffffffff
core   0: 0x0000000080000526 (0x00000205) c.addi  tp, 1
0 0x0000000080000526 (0x0205) x 4 0x0000000000000001
core   0: 0x0000000080000528 (0x00004289) c.li    t0, 2
0 0x0000000080000528 (0x4289) x 5 0x0000000000000002
core   0: 0x000000008000052a (0xfe5217e3) bne     tp, t0, pc - 18
0 0x000000008000052a (0xfe5217e3)
core   0: 0x0000000080000518 (0x800000b7) lui     ra, 0x80000
0 0x0000000080000518 (0x800000b7) x 1 0xffffffff80000000
core   0: 0x000000008000051c (0x0000417d) c.li    sp, 31
0 0x000000008000051c (0x417d) x 2 0x000000000000001f
core   0: 0x000000008000051e (0x00000001) c.nop
0 0x000000008000051e (0x0001)
core   0: 0x0000000080000520 (0x00000001) c.nop
0 0x0000000080000520 (0x0001)
core   0: 0x0000000080000522 (0x4020df33) sra     t5, ra, sp
0 0x0000000080000522 (0x4020df33) x30 0xffffffffffffffff
core   0: 0x0000000080000526 (0x00000205) c.addi  tp, 1
0 0x0000000080000526 (0x0205) x 4 0x0000000000000002
core   0: 0x0000000080000528 (0x00004289) c.li    t0, 2
0 0x0000000080000528 (0x4289) x 5 0x0000000000000002
core   0: 0x000000008000052a (0xfe5217e3) bne     tp, t0, pc - 18
0 0x000000008000052a (0xfe5217e3)
core   0: 0x000000008000052e (0x00005efd) c.li    t4, -1
0 0x000000008000052e (0x5efd) x29 0xffffffffffffffff
core   0: 0x0000000080000530 (0x000041f9) c.li    gp, 30
0 0x0000000080000530 (0x41f9) x 3 0x000000000000001e
core   0: 0x0000000080000532 (0x00002e17) auipc   t3, 0x2
0 0x0000000080000532 (0x00002e17) x28 0x0000000080002532
core   0: 0x0000000080000536 (0xacee0e13) addi    t3, t3, -1330
0 0x0000000080000536 (0xacee0e13) x28 0x0000000080002000
core   0: 0x000000008000053a (0x07ee2c23) sw      t5, 120(t3)
0 0x000000008000053a (0x07ee2c23) mem 0x0000000080002078 0x0000000000000000
core   0: 0x000000008000053e (0x21df1e63) bne     t5, t4, pc + 540
0 0x000000008000053e (0x21df1e63)
core   0: 0x0000000080000542 (0x00004201) c.li    tp, 0
0 0x0000000080000542 (0x4201) x 4 0x0000000000000000
core   0: 0x0000000080000544 (0x800000b7) lui     ra, 0x80000
0 0x0000000080000544 (0x800000b7) x 1 0xffffffff80000000
core   0: 0x0000000080000548 (0x00000001) c.nop
0 0x0000000080000548 (0x0001)
core   0: 0x000000008000054a (0x0000411d) c.li    sp, 7
0 0x000000008000054a (0x411d) x 2 0x0000000000000007
core   0: 0x000000008000054c (0x4020df33) sra     t5, ra, sp
0 0x000000008000054c (0x4020df33) x30 0xffffffffff000000
core   0: 0x0000000080000550 (0x00000205) c.addi  tp, 1
0 0x0000000080000550 (0x0205) x 4 0x0000000000000001
core   0: 0x0000000080000552 (0x00004289) c.li    t0, 2
0 0x0000000080000552 (0x4289) x 5 0x0000000000000002
core   0: 0x0000000080000554 (0xfe5218e3) bne     tp, t0, pc - 16
0 0x0000000080000554 (0xfe5218e3)
core   0: 0x0000000080000544 (0x800000b7) lui     ra, 0x80000
0 0x0000000080000544 (0x800000b7) x 1 0xffffffff80000000
core   0: 0x0000000080000548 (0x00000001) c.nop
0 0x0000000080000548 (0x0001)
core   0: 0x000000008000054a (0x0000411d) c.li    sp, 7
0 0x000000008000054a (0x411d) x 2 0x0000000000000007
core   0: 0x000000008000054c (0x4020df33) sra     t5, ra, sp
0 0x000000008000054c (0x4020df33) x30 0xffffffffff000000
core   0: 0x0000000080000550 (0x00000205) c.addi  tp, 1
0 0x0000000080000550 (0x0205) x 4 0x0000000000000002
core   0: 0x0000000080000552 (0x00004289) c.li    t0, 2
0 0x0000000080000552 (0x4289) x 5 0x0000000000000002
core   0: 0x0000000080000554 (0xfe5218e3) bne     tp, t0, pc - 16
0 0x0000000080000554 (0xfe5218e3)
core   0: 0x0000000080000558 (0xff000eb7) lui     t4, 0xff000
0 0x0000000080000558 (0xff000eb7) x29 0xffffffffff000000
core   0: 0x000000008000055c (0x000041fd) c.li    gp, 31
0 0x000000008000055c (0x41fd) x 3 0x000000000000001f
core   0: 0x000000008000055e (0x00002e17) auipc   t3, 0x2
0 0x000000008000055e (0x00002e17) x28 0x000000008000255e
core   0: 0x0000000080000562 (0xaa2e0e13) addi    t3, t3, -1374
0 0x0000000080000562 (0xaa2e0e13) x28 0x0000000080002000
core   0: 0x0000000080000566 (0x07ee2e23) sw      t5, 124(t3)
0 0x0000000080000566 (0x07ee2e23) mem 0x000000008000207c 0x0000000000000000
core   0: 0x000000008000056a (0x1fdf1863) bne     t5, t4, pc + 496
0 0x000000008000056a (0x1fdf1863)
core   0: 0x000000008000056e (0x00004201) c.li    tp, 0
0 0x000000008000056e (0x4201) x 4 0x0000000000000000
core   0: 0x0000000080000570 (0x800000b7) lui     ra, 0x80000
0 0x0000000080000570 (0x800000b7) x 1 0xffffffff80000000
core   0: 0x0000000080000574 (0x00000001) c.nop
0 0x0000000080000574 (0x0001)
core   0: 0x0000000080000576 (0x00004139) c.li    sp, 14
0 0x0000000080000576 (0x4139) x 2 0x000000000000000e
core   0: 0x0000000080000578 (0x00000001) c.nop
0 0x0000000080000578 (0x0001)
core   0: 0x000000008000057a (0x4020df33) sra     t5, ra, sp
0 0x000000008000057a (0x4020df33) x30 0xfffffffffffe0000
core   0: 0x000000008000057e (0x00000205) c.addi  tp, 1
0 0x000000008000057e (0x0205) x 4 0x0000000000000001
core   0: 0x0000000080000580 (0x00004289) c.li    t0, 2
0 0x0000000080000580 (0x4289) x 5 0x0000000000000002
core   0: 0x0000000080000582 (0xfe5217e3) bne     tp, t0, pc - 18
0 0x0000000080000582 (0xfe5217e3)
core   0: 0x0000000080000570 (0x800000b7) lui     ra, 0x80000
0 0x0000000080000570 (0x800000b7) x 1 0xffffffff80000000
core   0: 0x0000000080000574 (0x00000001) c.nop
0 0x0000000080000574 (0x0001)
core   0: 0x0000000080000576 (0x00004139) c.li    sp, 14
0 0x0000000080000576 (0x4139) x 2 0x000000000000000e
core   0: 0x0000000080000578 (0x00000001) c.nop
0 0x0000000080000578 (0x0001)
core   0: 0x000000008000057a (0x4020df33) sra     t5, ra, sp
0 0x000000008000057a (0x4020df33) x30 0xfffffffffffe0000
core   0: 0x000000008000057e (0x00000205) c.addi  tp, 1
0 0x000000008000057e (0x0205) x 4 0x0000000000000002
core   0: 0x0000000080000580 (0x00004289) c.li    t0, 2
0 0x0000000080000580 (0x4289) x 5 0x0000000000000002
core   0: 0x0000000080000582 (0xfe5217e3) bne     tp, t0, pc - 18
0 0x0000000080000582 (0xfe5217e3)
core   0: 0x0000000080000586 (0x00007e81) c.lui   t4, 0xfffe0
0 0x0000000080000586 (0x7e81) x29 0xfffffffffffe0000
core   0: 0x0000000080000588 (0x02000193) li      gp, 32
0 0x0000000080000588 (0x02000193) x 3 0x0000000000000020
core   0: 0x000000008000058c (0x00002e17) auipc   t3, 0x2
0 0x000000008000058c (0x00002e17) x28 0x000000008000258c
core   0: 0x0000000080000590 (0xa74e0e13) addi    t3, t3, -1420
0 0x0000000080000590 (0xa74e0e13) x28 0x0000000080002000
core   0: 0x0000000080000594 (0x09ee2023) sw      t5, 128(t3)
0 0x0000000080000594 (0x09ee2023) mem 0x0000000080002080 0x0000000000000000
core   0: 0x0000000080000598 (0x1ddf1163) bne     t5, t4, pc + 450
0 0x0000000080000598 (0x1ddf1163)
core   0: 0x000000008000059c (0x00004201) c.li    tp, 0
0 0x000000008000059c (0x4201) x 4 0x0000000000000000
core   0: 0x000000008000059e (0x800000b7) lui     ra, 0x80000
0 0x000000008000059e (0x800000b7) x 1 0xffffffff80000000
core   0: 0x00000000800005a2 (0x00000001) c.nop
0 0x00000000800005a2 (0x0001)
core   0: 0x00000000800005a4 (0x00000001) c.nop
0 0x00000000800005a4 (0x0001)
core   0: 0x00000000800005a6 (0x0000417d) c.li    sp, 31
0 0x00000000800005a6 (0x417d) x 2 0x000000000000001f
core   0: 0x00000000800005a8 (0x4020df33) sra     t5, ra, sp
0 0x00000000800005a8 (0x4020df33) x30 0xffffffffffffffff
core   0: 0x00000000800005ac (0x00000205) c.addi  tp, 1
0 0x00000000800005ac (0x0205) x 4 0x0000000000000001
core   0: 0x00000000800005ae (0x00004289) c.li    t0, 2
0 0x00000000800005ae (0x4289) x 5 0x0000000000000002
core   0: 0x00000000800005b0 (0xfe5217e3) bne     tp, t0, pc - 18
0 0x00000000800005b0 (0xfe5217e3)
core   0: 0x000000008000059e (0x800000b7) lui     ra, 0x80000
0 0x000000008000059e (0x800000b7) x 1 0xffffffff80000000
core   0: 0x00000000800005a2 (0x00000001) c.nop
0 0x00000000800005a2 (0x0001)
core   0: 0x00000000800005a4 (0x00000001) c.nop
0 0x00000000800005a4 (0x0001)
core   0: 0x00000000800005a6 (0x0000417d) c.li    sp, 31
0 0x00000000800005a6 (0x417d) x 2 0x000000000000001f
core   0: 0x00000000800005a8 (0x4020df33) sra     t5, ra, sp
0 0x00000000800005a8 (0x4020df33) x30 0xffffffffffffffff
core   0: 0x00000000800005ac (0x00000205) c.addi  tp, 1
0 0x00000000800005ac (0x0205) x 4 0x0000000000000002
core   0: 0x00000000800005ae (0x00004289) c.li    t0, 2
0 0x00000000800005ae (0x4289) x 5 0x0000000000000002
core   0: 0x00000000800005b0 (0xfe5217e3) bne     tp, t0, pc - 18
0 0x00000000800005b0 (0xfe5217e3)
core   0: 0x00000000800005b4 (0x00005efd) c.li    t4, -1
0 0x00000000800005b4 (0x5efd) x29 0xffffffffffffffff
core   0: 0x00000000800005b6 (0x02100193) li      gp, 33
0 0x00000000800005b6 (0x02100193) x 3 0x0000000000000021
core   0: 0x00000000800005ba (0x00002e17) auipc   t3, 0x2
0 0x00000000800005ba (0x00002e17) x28 0x00000000800025ba
core   0: 0x00000000800005be (0xa46e0e13) addi    t3, t3, -1466
0 0x00000000800005be (0xa46e0e13) x28 0x0000000080002000
core   0: 0x00000000800005c2 (0x09ee2223) sw      t5, 132(t3)
0 0x00000000800005c2 (0x09ee2223) mem 0x0000000080002084 0x0000000000000000
core   0: 0x00000000800005c6 (0x19df1a63) bne     t5, t4, pc + 404
0 0x00000000800005c6 (0x19df1a63)
core   0: 0x00000000800005ca (0x00004201) c.li    tp, 0
0 0x00000000800005ca (0x4201) x 4 0x0000000000000000
core   0: 0x00000000800005cc (0x0000411d) c.li    sp, 7
0 0x00000000800005cc (0x411d) x 2 0x0000000000000007
core   0: 0x00000000800005ce (0x800000b7) lui     ra, 0x80000
0 0x00000000800005ce (0x800000b7) x 1 0xffffffff80000000
core   0: 0x00000000800005d2 (0x4020df33) sra     t5, ra, sp
0 0x00000000800005d2 (0x4020df33) x30 0xffffffffff000000
core   0: 0x00000000800005d6 (0x00000205) c.addi  tp, 1
0 0x00000000800005d6 (0x0205) x 4 0x0000000000000001
core   0: 0x00000000800005d8 (0x00004289) c.li    t0, 2
0 0x00000000800005d8 (0x4289) x 5 0x0000000000000002
core   0: 0x00000000800005da (0xfe5219e3) bne     tp, t0, pc - 14
0 0x00000000800005da (0xfe5219e3)
core   0: 0x00000000800005cc (0x0000411d) c.li    sp, 7
0 0x00000000800005cc (0x411d) x 2 0x0000000000000007
core   0: 0x00000000800005ce (0x800000b7) lui     ra, 0x80000
0 0x00000000800005ce (0x800000b7) x 1 0xffffffff80000000
core   0: 0x00000000800005d2 (0x4020df33) sra     t5, ra, sp
0 0x00000000800005d2 (0x4020df33) x30 0xffffffffff000000
core   0: 0x00000000800005d6 (0x00000205) c.addi  tp, 1
0 0x00000000800005d6 (0x0205) x 4 0x0000000000000002
core   0: 0x00000000800005d8 (0x00004289) c.li    t0, 2
0 0x00000000800005d8 (0x4289) x 5 0x0000000000000002
core   0: 0x00000000800005da (0xfe5219e3) bne     tp, t0, pc - 14
0 0x00000000800005da (0xfe5219e3)
core   0: 0x00000000800005de (0xff000eb7) lui     t4, 0xff000
0 0x00000000800005de (0xff000eb7) x29 0xffffffffff000000
core   0: 0x00000000800005e2 (0x02200193) li      gp, 34
0 0x00000000800005e2 (0x02200193) x 3 0x0000000000000022
core   0: 0x00000000800005e6 (0x00002e17) auipc   t3, 0x2
0 0x00000000800005e6 (0x00002e17) x28 0x00000000800025e6
core   0: 0x00000000800005ea (0xa1ae0e13) addi    t3, t3, -1510
0 0x00000000800005ea (0xa1ae0e13) x28 0x0000000080002000
core   0: 0x00000000800005ee (0x09ee2423) sw      t5, 136(t3)
0 0x00000000800005ee (0x09ee2423) mem 0x0000000080002088 0x0000000000000000
core   0: 0x00000000800005f2 (0x17df1463) bne     t5, t4, pc + 360
0 0x00000000800005f2 (0x17df1463)
core   0: 0x00000000800005f6 (0x00004201) c.li    tp, 0
0 0x00000000800005f6 (0x4201) x 4 0x0000000000000000
core   0: 0x00000000800005f8 (0x00004139) c.li    sp, 14
0 0x00000000800005f8 (0x4139) x 2 0x000000000000000e
core   0: 0x00000000800005fa (0x800000b7) lui     ra, 0x80000
0 0x00000000800005fa (0x800000b7) x 1 0xffffffff80000000
core   0: 0x00000000800005fe (0x00000001) c.nop
0 0x00000000800005fe (0x0001)
core   0: 0x0000000080000600 (0x4020df33) sra     t5, ra, sp
0 0x0000000080000600 (0x4020df33) x30 0xfffffffffffe0000
core   0: 0x0000000080000604 (0x00000205) c.addi  tp, 1
0 0x0000000080000604 (0x0205) x 4 0x0000000000000001
core   0: 0x0000000080000606 (0x00004289) c.li    t0, 2
0 0x0000000080000606 (0x4289) x 5 0x0000000000000002
core   0: 0x0000000080000608 (0xfe5218e3) bne     tp, t0, pc - 16
0 0x0000000080000608 (0xfe5218e3)
core   0: 0x00000000800005f8 (0x00004139) c.li    sp, 14
0 0x00000000800005f8 (0x4139) x 2 0x000000000000000e
core   0: 0x00000000800005fa (0x800000b7) lui     ra, 0x80000
0 0x00000000800005fa (0x800000b7) x 1 0xffffffff80000000
core   0: 0x00000000800005fe (0x00000001) c.nop
0 0x00000000800005fe (0x0001)
core   0: 0x0000000080000600 (0x4020df33) sra     t5, ra, sp
0 0x0000000080000600 (0x4020df33) x30 0xfffffffffffe0000
core   0: 0x0000000080000604 (0x00000205) c.addi  tp, 1
0 0x0000000080000604 (0x0205) x 4 0x0000000000000002
core   0: 0x0000000080000606 (0x00004289) c.li    t0, 2
0 0x0000000080000606 (0x4289) x 5 0x0000000000000002
core   0: 0x0000000080000608 (0xfe5218e3) bne     tp, t0, pc - 16
0 0x0000000080000608 (0xfe5218e3)
core   0: 0x000000008000060c (0x00007e81) c.lui   t4, 0xfffe0
0 0x000000008000060c (0x7e81) x29 0xfffffffffffe0000
core   0: 0x000000008000060e (0x02300193) li      gp, 35
0 0x000000008000060e (0x02300193) x 3 0x0000000000000023
core   0: 0x0000000080000612 (0x00002e17) auipc   t3, 0x2
0 0x0000000080000612 (0x00002e17) x28 0x0000000080002612
core   0: 0x0000000080000616 (0x9eee0e13) addi    t3, t3, -1554
0 0x0000000080000616 (0x9eee0e13) x28 0x0000000080002000
core   0: 0x000000008000061a (0x09ee2623) sw      t5, 140(t3)
0 0x000000008000061a (0x09ee2623) mem 0x000000008000208c 0x0000000000000000
core   0: 0x000000008000061e (0x13df1e63) bne     t5, t4, pc + 316
0 0x000000008000061e (0x13df1e63)
core   0: 0x0000000080000622 (0x00004201) c.li    tp, 0
0 0x0000000080000622 (0x4201) x 4 0x0000000000000000
core   0: 0x0000000080000624 (0x0000417d) c.li    sp, 31
0 0x0000000080000624 (0x417d) x 2 0x000000000000001f
core   0: 0x0000000080000626 (0x800000b7) lui     ra, 0x80000
0 0x0000000080000626 (0x800000b7) x 1 0xffffffff80000000
core   0: 0x000000008000062a (0x00000001) c.nop
0 0x000000008000062a (0x0001)
core   0: 0x000000008000062c (0x00000001) c.nop
0 0x000000008000062c (0x0001)
core   0: 0x000000008000062e (0x4020df33) sra     t5, ra, sp
0 0x000000008000062e (0x4020df33) x30 0xffffffffffffffff
core   0: 0x0000000080000632 (0x00000205) c.addi  tp, 1
0 0x0000000080000632 (0x0205) x 4 0x0000000000000001
core   0: 0x0000000080000634 (0x00004289) c.li    t0, 2
0 0x0000000080000634 (0x4289) x 5 0x0000000000000002
core   0: 0x0000000080000636 (0xfe5217e3) bne     tp, t0, pc - 18
0 0x0000000080000636 (0xfe5217e3)
core   0: 0x0000000080000624 (0x0000417d) c.li    sp, 31
0 0x0000000080000624 (0x417d) x 2 0x000000000000001f
core   0: 0x0000000080000626 (0x800000b7) lui     ra, 0x80000
0 0x0000000080000626 (0x800000b7) x 1 0xffffffff80000000
core   0: 0x000000008000062a (0x00000001) c.nop
0 0x000000008000062a (0x0001)
core   0: 0x000000008000062c (0x00000001) c.nop
0 0x000000008000062c (0x0001)
core   0: 0x000000008000062e (0x4020df33) sra     t5, ra, sp
0 0x000000008000062e (0x4020df33) x30 0xffffffffffffffff
core   0: 0x0000000080000632 (0x00000205) c.addi  tp, 1
0 0x0000000080000632 (0x0205) x 4 0x0000000000000002
core   0: 0x0000000080000634 (0x00004289) c.li    t0, 2
0 0x0000000080000634 (0x4289) x 5 0x0000000000000002
core   0: 0x0000000080000636 (0xfe5217e3) bne     tp, t0, pc - 18
0 0x0000000080000636 (0xfe5217e3)
core   0: 0x000000008000063a (0x00005efd) c.li    t4, -1
0 0x000000008000063a (0x5efd) x29 0xffffffffffffffff
core   0: 0x000000008000063c (0x02400193) li      gp, 36
0 0x000000008000063c (0x02400193) x 3 0x0000000000000024
core   0: 0x0000000080000640 (0x00002e17) auipc   t3, 0x2
0 0x0000000080000640 (0x00002e17) x28 0x0000000080002640
core   0: 0x0000000080000644 (0x9c0e0e13) addi    t3, t3, -1600
0 0x0000000080000644 (0x9c0e0e13) x28 0x0000000080002000
core   0: 0x0000000080000648 (0x09ee2823) sw      t5, 144(t3)
0 0x0000000080000648 (0x09ee2823) mem 0x0000000080002090 0x0000000000000000
core   0: 0x000000008000064c (0x11df1763) bne     t5, t4, pc + 270
0 0x000000008000064c (0x11df1763)
core   0: 0x0000000080000650 (0x00004201) c.li    tp, 0
0 0x0000000080000650 (0x4201) x 4 0x0000000000000000
core   0: 0x0000000080000652 (0x0000411d) c.li    sp, 7
0 0x0000000080000652 (0x411d) x 2 0x0000000000000007
core   0: 0x0000000080000654 (0x00000001) c.nop
0 0x0000000080000654 (0x0001)
core   0: 0x0000000080000656 (0x800000b7) lui     ra, 0x80000
0 0x0000000080000656 (0x800000b7) x 1 0xffffffff80000000
core   0: 0x000000008000065a (0x4020df33) sra     t5, ra, sp
0 0x000000008000065a (0x4020df33) x30 0xffffffffff000000
core   0: 0x000000008000065e (0x00000205) c.addi  tp, 1
0 0x000000008000065e (0x0205) x 4 0x0000000000000001
core   0: 0x0000000080000660 (0x00004289) c.li    t0, 2
0 0x0000000080000660 (0x4289) x 5 0x0000000000000002
core   0: 0x0000000080000662 (0xfe5218e3) bne     tp, t0, pc - 16
0 0x0000000080000662 (0xfe5218e3)
core   0: 0x0000000080000652 (0x0000411d) c.li    sp, 7
0 0x0000000080000652 (0x411d) x 2 0x0000000000000007
core   0: 0x0000000080000654 (0x00000001) c.nop
0 0x0000000080000654 (0x0001)
core   0: 0x0000000080000656 (0x800000b7) lui     ra, 0x80000
0 0x0000000080000656 (0x800000b7) x 1 0xffffffff80000000
core   0: 0x000000008000065a (0x4020df33) sra     t5, ra, sp
0 0x000000008000065a (0x4020df33) x30 0xffffffffff000000
core   0: 0x000000008000065e (0x00000205) c.addi  tp, 1
0 0x000000008000065e (0x0205) x 4 0x0000000000000002
core   0: 0x0000000080000660 (0x00004289) c.li    t0, 2
0 0x0000000080000660 (0x4289) x 5 0x0000000000000002
core   0: 0x0000000080000662 (0xfe5218e3) bne     tp, t0, pc - 16
0 0x0000000080000662 (0xfe5218e3)
core   0: 0x0000000080000666 (0xff000eb7) lui     t4, 0xff000
0 0x0000000080000666 (0xff000eb7) x29 0xffffffffff000000
core   0: 0x000000008000066a (0x02500193) li      gp, 37
0 0x000000008000066a (0x02500193) x 3 0x0000000000000025
core   0: 0x000000008000066e (0x00002e17) auipc   t3, 0x2
0 0x000000008000066e (0x00002e17) x28 0x000000008000266e
core   0: 0x0000000080000672 (0x992e0e13) addi    t3, t3, -1646
0 0x0000000080000672 (0x992e0e13) x28 0x0000000080002000
core   0: 0x0000000080000676 (0x09ee2a23) sw      t5, 148(t3)
0 0x0000000080000676 (0x09ee2a23) mem 0x0000000080002094 0x0000000000000000
core   0: 0x000000008000067a (0x0fdf1063) bne     t5, t4, pc + 224
0 0x000000008000067a (0x0fdf1063)
core   0: 0x000000008000067e (0x00004201) c.li    tp, 0
0 0x000000008000067e (0x4201) x 4 0x0000000000000000
core   0: 0x0000000080000680 (0x00004139) c.li    sp, 14
0 0x0000000080000680 (0x4139) x 2 0x000000000000000e
core   0: 0x0000000080000682 (0x00000001) c.nop
0 0x0000000080000682 (0x0001)
core   0: 0x0000000080000684 (0x800000b7) lui     ra, 0x80000
0 0x0000000080000684 (0x800000b7) x 1 0xffffffff80000000
core   0: 0x0000000080000688 (0x00000001) c.nop
0 0x0000000080000688 (0x0001)
core   0: 0x000000008000068a (0x4020df33) sra     t5, ra, sp
0 0x000000008000068a (0x4020df33) x30 0xfffffffffffe0000
core   0: 0x000000008000068e (0x00000205) c.addi  tp, 1
0 0x000000008000068e (0x0205) x 4 0x0000000000000001
core   0: 0x0000000080000690 (0x00004289) c.li    t0, 2
0 0x0000000080000690 (0x4289) x 5 0x0000000000000002
core   0: 0x0000000080000692 (0xfe5217e3) bne     tp, t0, pc - 18
0 0x0000000080000692 (0xfe5217e3)
core   0: 0x0000000080000680 (0x00004139) c.li    sp, 14
0 0x0000000080000680 (0x4139) x 2 0x000000000000000e
core   0: 0x0000000080000682 (0x00000001) c.nop
0 0x0000000080000682 (0x0001)
core   0: 0x0000000080000684 (0x800000b7) lui     ra, 0x80000
0 0x0000000080000684 (0x800000b7) x 1 0xffffffff80000000
core   0: 0x0000000080000688 (0x00000001) c.nop
0 0x0000000080000688 (0x0001)
core   0: 0x000000008000068a (0x4020df33) sra     t5, ra, sp
0 0x000000008000068a (0x4020df33) x30 0xfffffffffffe0000
core   0: 0x000000008000068e (0x00000205) c.addi  tp, 1
0 0x000000008000068e (0x0205) x 4 0x0000000000000002
core   0: 0x0000000080000690 (0x00004289) c.li    t0, 2
0 0x0000000080000690 (0x4289) x 5 0x0000000000000002
core   0: 0x0000000080000692 (0xfe5217e3) bne     tp, t0, pc - 18
0 0x0000000080000692 (0xfe5217e3)
core   0: 0x0000000080000696 (0x00007e81) c.lui   t4, 0xfffe0
0 0x0000000080000696 (0x7e81) x29 0xfffffffffffe0000
core   0: 0x0000000080000698 (0x02600193) li      gp, 38
0 0x0000000080000698 (0x02600193) x 3 0x0000000000000026
core   0: 0x000000008000069c (0x00002e17) auipc   t3, 0x2
0 0x000000008000069c (0x00002e17) x28 0x000000008000269c
core   0: 0x00000000800006a0 (0x964e0e13) addi    t3, t3, -1692
0 0x00000000800006a0 (0x964e0e13) x28 0x0000000080002000
core   0: 0x00000000800006a4 (0x09ee2c23) sw      t5, 152(t3)
0 0x00000000800006a4 (0x09ee2c23) mem 0x0000000080002098 0x0000000000000000
core   0: 0x00000000800006a8 (0x0bdf1963) bne     t5, t4, pc + 178
0 0x00000000800006a8 (0x0bdf1963)
core   0: 0x00000000800006ac (0x00004201) c.li    tp, 0
0 0x00000000800006ac (0x4201) x 4 0x0000000000000000
core   0: 0x00000000800006ae (0x0000417d) c.li    sp, 31
0 0x00000000800006ae (0x417d) x 2 0x000000000000001f
core   0: 0x00000000800006b0 (0x00000001) c.nop
0 0x00000000800006b0 (0x0001)
core   0: 0x00000000800006b2 (0x00000001) c.nop
0 0x00000000800006b2 (0x0001)
core   0: 0x00000000800006b4 (0x800000b7) lui     ra, 0x80000
0 0x00000000800006b4 (0x800000b7) x 1 0xffffffff80000000
core   0: 0x00000000800006b8 (0x4020df33) sra     t5, ra, sp
0 0x00000000800006b8 (0x4020df33) x30 0xffffffffffffffff
core   0: 0x00000000800006bc (0x00000205) c.addi  tp, 1
0 0x00000000800006bc (0x0205) x 4 0x0000000000000001
core   0: 0x00000000800006be (0x00004289) c.li    t0, 2
0 0x00000000800006be (0x4289) x 5 0x0000000000000002
core   0: 0x00000000800006c0 (0xfe5217e3) bne     tp, t0, pc - 18
0 0x00000000800006c0 (0xfe5217e3)
core   0: 0x00000000800006ae (0x0000417d) c.li    sp, 31
0 0x00000000800006ae (0x417d) x 2 0x000000000000001f
core   0: 0x00000000800006b0 (0x00000001) c.nop
0 0x00000000800006b0 (0x0001)
core   0: 0x00000000800006b2 (0x00000001) c.nop
0 0x00000000800006b2 (0x0001)
core   0: 0x00000000800006b4 (0x800000b7) lui     ra, 0x80000
0 0x00000000800006b4 (0x800000b7) x 1 0xffffffff80000000
core   0: 0x00000000800006b8 (0x4020df33) sra     t5, ra, sp
0 0x00000000800006b8 (0x4020df33) x30 0xffffffffffffffff
core   0: 0x00000000800006bc (0x00000205) c.addi  tp, 1
0 0x00000000800006bc (0x0205) x 4 0x0000000000000002
core   0: 0x00000000800006be (0x00004289) c.li    t0, 2
0 0x00000000800006be (0x4289) x 5 0x0000000000000002
core   0: 0x00000000800006c0 (0xfe5217e3) bne     tp, t0, pc - 18
0 0x00000000800006c0 (0xfe5217e3)
core   0: 0x00000000800006c4 (0x00005efd) c.li    t4, -1
0 0x00000000800006c4 (0x5efd) x29 0xffffffffffffffff
core   0: 0x00000000800006c6 (0x02700193) li      gp, 39
0 0x00000000800006c6 (0x02700193) x 3 0x0000000000000027
core   0: 0x00000000800006ca (0x00002e17) auipc   t3, 0x2
0 0x00000000800006ca (0x00002e17) x28 0x00000000800026ca
core   0: 0x00000000800006ce (0x936e0e13) addi    t3, t3, -1738
0 0x00000000800006ce (0x936e0e13) x28 0x0000000080002000
core   0: 0x00000000800006d2 (0x09ee2e23) sw      t5, 156(t3)
0 0x00000000800006d2 (0x09ee2e23) mem 0x000000008000209c 0x0000000000000000
core   0: 0x00000000800006d6 (0x09df1263) bne     t5, t4, pc + 132
0 0x00000000800006d6 (0x09df1263)
core   0: 0x00000000800006da (0x000040bd) c.li    ra, 15
0 0x00000000800006da (0x40bd) x 1 0x000000000000000f
core   0: 0x00000000800006dc (0x40105133) sra     sp, zero, ra
0 0x00000000800006dc (0x40105133) x 2 0x0000000000000000
core   0: 0x00000000800006e0 (0x00004e81) c.li    t4, 0
0 0x00000000800006e0 (0x4e81) x29 0x0000000000000000
core   0: 0x00000000800006e2 (0x02800193) li      gp, 40
0 0x00000000800006e2 (0x02800193) x 3 0x0000000000000028
core   0: 0x00000000800006e6 (0x00002e17) auipc   t3, 0x2
0 0x00000000800006e6 (0x00002e17) x28 0x00000000800026e6
core   0: 0x00000000800006ea (0x91ae0e13) addi    t3, t3, -1766
0 0x00000000800006ea (0x91ae0e13) x28 0x0000000080002000
core   0: 0x00000000800006ee (0x0a2e2023) sw      sp, 160(t3)
0 0x00000000800006ee (0x0a2e2023) mem 0x00000000800020a0 0x0000000000000000
core   0: 0x00000000800006f2 (0x07d11463) bne     sp, t4, pc + 104
0 0x00000000800006f2 (0x07d11463)
core   0: 0x00000000800006f6 (0x02000093) li      ra, 32
0 0x00000000800006f6 (0x02000093) x 1 0x0000000000000020
core   0: 0x00000000800006fa (0x4000d133) sra     sp, ra, zero
0 0x00000000800006fa (0x4000d133) x 2 0x0000000000000020
core   0: 0x00000000800006fe (0x02000e93) li      t4, 32
0 0x00000000800006fe (0x02000e93) x29 0x0000000000000020
core   0: 0x0000000080000702 (0x02900193) li      gp, 41
0 0x0000000080000702 (0x02900193) x 3 0x0000000000000029
core   0: 0x0000000080000706 (0x00002e17) auipc   t3, 0x2
0 0x0000000080000706 (0x00002e17) x28 0x0000000080002706
core   0: 0x000000008000070a (0x8fae0e13) addi    t3, t3, -1798
0 0x000000008000070a (0x8fae0e13) x28 0x0000000080002000
core   0: 0x000000008000070e (0x0a2e2223) sw      sp, 164(t3)
0 0x000000008000070e (0x0a2e2223) mem 0x00000000800020a4 0x0000000000000000
core   0: 0x0000000080000712 (0x05d11463) bne     sp, t4, pc + 72
0 0x0000000080000712 (0x05d11463)
core   0: 0x0000000080000716 (0x400050b3) sra     ra, zero, zero
0 0x0000000080000716 (0x400050b3) x 1 0x0000000000000000
core   0: 0x000000008000071a (0x00004e81) c.li    t4, 0
0 0x000000008000071a (0x4e81) x29 0x0000000000000000
core   0: 0x000000008000071c (0x02a00193) li      gp, 42
0 0x000000008000071c (0x02a00193) x 3 0x000000000000002a
core   0: 0x0000000080000720 (0x00002e17) auipc   t3, 0x2
0 0x0000000080000720 (0x00002e17) x28 0x0000000080002720
core   0: 0x0000000080000724 (0x8e0e0e13) addi    t3, t3, -1824
0 0x0000000080000724 (0x8e0e0e13) x28 0x0000000080002000
core   0: 0x0000000080000728 (0x0a1e2423) sw      ra, 168(t3)
0 0x0000000080000728 (0x0a1e2423) mem 0x00000000800020a8 0x0000000000000000
core   0: 0x000000008000072c (0x03d09763) bne     ra, t4, pc + 46
0 0x000000008000072c (0x03d09763)
core   0: 0x0000000080000730 (0x40000093) li      ra, 1024
0 0x0000000080000730 (0x40000093) x 1 0x0000000000000400
core   0: 0x0000000080000734 (0x00001137) lui     sp, 0x1
0 0x0000000080000734 (0x00001137) x 2 0x0000000000001000
core   0: 0x0000000080000738 (0x8001011b) addiw   sp, sp, -2048
0 0x0000000080000738 (0x8001011b) x 2 0x0000000000000800
core   0: 0x000000008000073c (0x4020d033) sra     zero, ra, sp
0 0x000000008000073c (0x4020d033)
core   0: 0x0000000080000740 (0x00004e81) c.li    t4, 0
0 0x0000000080000740 (0x4e81) x29 0x0000000000000000
core   0: 0x0000000080000742 (0x02b00193) li      gp, 43
0 0x0000000080000742 (0x02b00193) x 3 0x000000000000002b
core   0: 0x0000000080000746 (0x00002e17) auipc   t3, 0x2
0 0x0000000080000746 (0x00002e17) x28 0x0000000080002746
core   0: 0x000000008000074a (0x8bae0e13) addi    t3, t3, -1862
0 0x000000008000074a (0x8bae0e13) x28 0x0000000080002000
core   0: 0x000000008000074e (0x0a0e2623) sw      zero, 172(t3)
0 0x000000008000074e (0x0a0e2623) mem 0x00000000800020ac 0x0000000000000000
core   0: 0x0000000080000752 (0x01d01463) bne     zero, t4, pc + 8
0 0x0000000080000752 (0x01d01463)
core   0: 0x0000000080000756 (0x00301d63) bne     zero, gp, pc + 26
0 0x0000000080000756 (0x00301d63)
core   0: 0x0000000080000770 (0x0ff0000f) fence   iorw,iorw
0 0x0000000080000770 (0x0ff0000f)
core   0: 0x0000000080000774 (0x00004185) c.li    gp, 1
0 0x0000000080000774 (0x4185) x 3 0x0000000000000001
core   0: 0x0000000080000776 (0x00002e17) auipc   t3, 0x2
0 0x0000000080000776 (0x00002e17) x28 0x0000000080002776
core   0: 0x000000008000077a (0x88ae0e13) addi    t3, t3, -1910
0 0x000000008000077a (0x88ae0e13) x28 0x0000000080002000
core   0: 0x000000008000077e (0x003e2023) sw      gp, 0(t3)
0 0x000000008000077e (0x003e2023) mem 0x0000000080002000 0x0000000000000000
core   0: 0x0000000080000782 (0x00000073) ecall
0 0x0000000080000782 (0x00000073)
