core   0: 0x0000000000010000 (0x00100413) li      s0, 1
3 0x0000000000010000 (0x00100413) x 8 0x0000000000000001
core   0: 0x0000000000010004 (0x01f41413) slli    s0, s0, 31
3 0x0000000000010004 (0x01f41413) x 8 0x0000000080000000
core   0: 0x0000000000010008 (0xf1402573) csrr    a0, mhartid
3 0x0000000000010008 (0xf1402573) x10 0x0000000000000000
core   0: 0x000000000001000c (0x00000597) auipc   a1, 0x0
3 0x000000000001000c (0x00000597) x11 0x000000000001000c
core   0: 0x0000000000010010 (0x07458593) addi    a1, a1, 116
3 0x0000000000010010 (0x07458593) x11 0x0000000000010080
core   0: 0x0000000000010014 (0x00040067) jr      s0
3 0x0000000000010014 (0x00040067)
core   0: 0x0000000080000000 (0x0000a081) c.j     pc + 64
3 0x0000000080000000 (0xa081)
core   0: 0x0000000080000040 (0xf1402573) csrr    a0, mhartid
3 0x0000000080000040 (0xf1402573) x10 0x0000000000000000
core   0: 0x0000000080000044 (0x0000e101) c.bnez  a0, pc + 0
3 0x0000000080000044 (0xe101)
core   0: 0x0000000080000046 (0x00000297) auipc   t0, 0x0
3 0x0000000080000046 (0x00000297) x 5 0x0000000080000046
core   0: 0x000000008000004a (0x01228293) addi    t0, t0, 18
3 0x000000008000004a (0x01228293) x 5 0x0000000080000058
core   0: 0x000000008000004e (0x30529073) csrw    mtvec, t0
3 0x000000008000004e (0x30529073)
core   0: 0x0000000080000052 (0x18005073) csrwi   satp, 0
3 0x0000000080000052 (0x18005073)
core   0: 0x0000000080000056 (0x00000001) c.nop
3 0x0000000080000056 (0x0001)
core   0: 0x0000000080000058 (0x00000297) auipc   t0, 0x0
3 0x0000000080000058 (0x00000297) x 5 0x0000000080000058
core   0: 0x000000008000005c (0x01828293) addi    t0, t0, 24
3 0x000000008000005c (0x01828293) x 5 0x0000000080000070
core   0: 0x0000000080000060 (0x30529073) csrw    mtvec, t0
3 0x0000000080000060 (0x30529073)
core   0: 0x0000000080000064 (0x000052fd) c.li    t0, -1
3 0x0000000080000064 (0x52fd) x 5 0xffffffffffffffff
core   0: 0x0000000080000066 (0x3b029073) csrw    pmpaddr0, t0
3 0x0000000080000066 (0x3b029073)
core   0: 0x000000008000006a (0x000042fd) c.li    t0, 31
3 0x000000008000006a (0x42fd) x 5 0x000000000000001f
core   0: 0x000000008000006c (0x3a029073) csrw    pmpcfg0, t0
3 0x000000008000006c (0x3a029073)
core   0: 0x0000000080000070 (0x00000297) auipc   t0, 0x0
3 0x0000000080000070 (0x00000297) x 5 0x0000000080000070
core   0: 0x0000000080000074 (0x01828293) addi    t0, t0, 24
3 0x0000000080000074 (0x01828293) x 5 0x0000000080000088
core   0: 0x0000000080000078 (0x30529073) csrw    mtvec, t0
3 0x0000000080000078 (0x30529073)
core   0: 0x000000008000007c (0x30205073) csrwi   medeleg, 0
3 0x000000008000007c (0x30205073)
core   0: 0x0000000080000080 (0x30305073) csrwi   mideleg, 0
3 0x0000000080000080 (0x30305073)
core   0: 0x0000000080000084 (0x30405073) csrwi   mie, 0
3 0x0000000080000084 (0x30405073)
core   0: 0x0000000080000088 (0x00004181) c.li    gp, 0
3 0x0000000080000088 (0x4181) x 3 0x0000000000000000
core   0: 0x000000008000008a (0x00000297) auipc   t0, 0x0
3 0x000000008000008a (0x00000297) x 5 0x000000008000008a
core   0: 0x000000008000008e (0xf7a28293) addi    t0, t0, -134
3 0x000000008000008e (0xf7a28293) x 5 0x0000000080000004
core   0: 0x0000000080000092 (0x30529073) csrw    mtvec, t0
3 0x0000000080000092 (0x30529073)
core   0: 0x0000000080000096 (0x00004505) c.li    a0, 1
3 0x0000000080000096 (0x4505) x10 0x0000000000000001
core   0: 0x0000000080000098 (0x0000057e) c.slli  a0, 31
3 0x0000000080000098 (0x057e) x10 0x0000000080000000
core   0: 0x000000008000009a (0x00055d63) bgez    a0, pc + 26
3 0x000000008000009a (0x00055d63)
core   0: 0x00000000800000b4 (0x80000297) auipc   t0, 0x80000
3 0x00000000800000b4 (0x80000297) x 5 0x00000000000000b4
core   0: 0x00000000800000b8 (0xf4c28293) addi    t0, t0, -180
3 0x00000000800000b8 (0xf4c28293) x 5 0x0000000000000000
core   0: 0x00000000800000bc (0x00028e63) beqz    t0, pc + 28
3 0x00000000800000bc (0x00028e63)
core   0: 0x00000000800000d8 (0x30005073) csrwi   mstatus, 0
3 0x00000000800000d8 (0x30005073)
core   0: 0x00000000800000dc (0x00000297) auipc   t0, 0x0
3 0x00000000800000dc (0x00000297) x 5 0x00000000800000dc
core   0: 0x00000000800000e0 (0x01428293) addi    t0, t0, 20
3 0x00000000800000e0 (0x01428293) x 5 0x00000000800000f0
core   0: 0x00000000800000e4 (0x34129073) csrw    mepc, t0
3 0x00000000800000e4 (0x34129073)
core   0: 0x00000000800000e8 (0xf1402573) csrr    a0, mhartid
3 0x00000000800000e8 (0xf1402573) x10 0x0000000000000000
core   0: 0x00000000800000ec (0x30200073) mret
3 0x00000000800000ec (0x30200073)
core   0: 0x00000000800000f0 (0xfff0009b) addiw   ra, zero, -1
0 0x00000000800000f0 (0xfff0009b) x 1 0xffffffffffffffff
core   0: 0x00000000800000f4 (0x02709093) slli    ra, ra, 39
0 0x00000000800000f4 (0x02709093) x 1 0xffffff8000000000
core   0: 0x00000000800000f8 (0x4000df13) srai    t5, ra, 0
0 0x00000000800000f8 (0x4000df13) x30 0xffffff8000000000
core   0: 0x00000000800000fc (0xfff00e9b) addiw   t4, zero, -1
0 0x00000000800000fc (0xfff00e9b) x29 0xffffffffffffffff
core   0: 0x0000000080000100 (0x027e9e93) slli    t4, t4, 39
0 0x0000000080000100 (0x027e9e93) x29 0xffffff8000000000
core   0: 0x0000000080000104 (0x00004189) c.li    gp, 2
0 0x0000000080000104 (0x4189) x 3 0x0000000000000002
core   0: 0x0000000080000106 (0x00002e17) auipc   t3, 0x2
0 0x0000000080000106 (0x00002e17) x28 0x0000000080002106
core   0: 0x000000008000010a (0xefae0e13) addi    t3, t3, -262
0 0x000000008000010a (0xefae0e13) x28 0x0000000080002000
core   0: 0x000000008000010e (0x01ee2423) sw      t5, 8(t3)
0 0x000000008000010e (0x01ee2423) mem 0x0000000080002008 0x0000000000000000
core   0: 0x0000000080000112 (0x35df1563) bne     t5, t4, pc + 842
0 0x0000000080000112 (0x35df1563)
core   0: 0x0000000080000116 (0x800000b7) lui     ra, 0x80000
0 0x0000000080000116 (0x800000b7) x 1 0xffffffff80000000
core   0: 0x000000008000011a (0x4010df13) srai    t5, ra, 1
0 0x000000008000011a (0x4010df13) x30 0xffffffffc0000000
core   0: 0x000000008000011e (0xc0000eb7) lui     t4, 0xc0000
0 0x000000008000011e (0xc0000eb7) x29 0xffffffffc0000000
core   0: 0x0000000080000122 (0x0000418d) c.li    gp, 3
0 0x0000000080000122 (0x418d) x 3 0x0000000000000003
core   0: 0x0000000080000124 (0x00002e17) auipc   t3, 0x2
0 0x0000000080000124 (0x00002e17) x28 0x0000000080002124
core   0: 0x0000000080000128 (0xedce0e13) addi    t3, t3, -292
0 0x0000000080000128 (0xedce0e13) x28 0x0000000080002000
core   0: 0x000000008000012c (0x01ee2623) sw      t5, 12(t3)
0 0x000000008000012c (0x01ee2623) mem 0x000000008000200c 0x0000000000000000
core   0: 0x0000000080000130 (0x33df1663) bne     t5, t4, pc + 812
0 0x0000000080000130 (0x33df1663)
core   0: 0x0000000080000134 (0x800000b7) lui     ra, 0x80000
0 0x0000000080000134 (0x800000b7) x 1 0xffffffff80000000
core   0: 0x0000000080000138 (0x4070df13) srai    t5, ra, 7
0 0x0000000080000138 (0x4070df13) x30 0xffffffffff000000
core   0: 0x000000008000013c (0xff000eb7) lui     t4, 0xff000
0 0x000000008000013c (0xff000eb7) x29 0xffffffffff000000
core   0: 0x0000000080000140 (0x00004191) c.li    gp, 4
0 0x0000000080000140 (0x4191) x 3 0x0000000000000004
core   0: 0x0000000080000142 (0x00002e17) auipc   t3, 0x2
0 0x0000000080000142 (0x00002e17) x28 0x0000000080002142
core   0: 0x0000000080000146 (0xebee0e13) addi    t3, t3, -322
0 0x0000000080000146 (0xebee0e13) x28 0x0000000080002000
core   0: 0x000000008000014a (0x01ee2823) sw      t5, 16(t3)
0 0x000000008000014a (0x01ee2823) mem 0x0000000080002010 0x0000000000000000
core   0: 0x000000008000014e (0x31df1763) bne     t5, t4, pc + 782
0 0x000000008000014e (0x31df1763)
core   0: 0x0000000080000152 (0x800000b7) lui     ra, 0x80000
0 0x0000000080000152 (0x800000b7) x 1 0xffffffff80000000
core   0: 0x0000000080000156 (0x40e0df13) srai    t5, ra, 14
0 0x0000000080000156 (0x40e0df13) x30 0xfffffffffffe0000
core   0: 0x000000008000015a (0x00007e81) c.lui   t4, 0xfffe0
0 0x000000008000015a (0x7e81) x29 0xfffffffffffe0000
core   0: 0x000000008000015c (0x00004195) c.li    gp, 5
0 0x000000008000015c (0x4195) x 3 0x0000000000000005
core   0: 0x000000008000015e (0x00002e17) auipc   t3, 0x2
0 0x000000008000015e (0x00002e17) x28 0x000000008000215e
core   0: 0x0000000080000162 (0xea2e0e13) addi    t3, t3, -350
0 0x0000000080000162 (0xea2e0e13) x28 0x0000000080002000
core   0: 0x0000000080000166 (0x01ee2a23) sw      t5, 20(t3)
0 0x0000000080000166 (0x01ee2a23) mem 0x0000000080002014 0x0000000000000000
core   0: 0x000000008000016a (0x2fdf1963) bne     t5, t4, pc + 754
0 0x000000008000016a (0x2fdf1963)
core   0: 0x000000008000016e (0x800000b7) lui     ra, 0x80000
0 0x000000008000016e (0x800000b7) x 1 0xffffffff80000000
core   0: 0x0000000080000172 (0x0010809b) addiw   ra, ra, 1
0 0x0000000080000172 (0x0010809b) x 1 0xffffffff80000001
core   0: 0x0000000080000176 (0x41f0df13) srai    t5, ra, 31
0 0x0000000080000176 (0x41f0df13) x30 0xffffffffffffffff
core   0: 0x000000008000017a (0x00005efd) c.li    t4, -1
0 0x000000008000017a (0x5efd) x29 0xffffffffffffffff
core   0: 0x000000008000017c (0x00004199) c.li    gp, 6
0 0x000000008000017c (0x4199) x 3 0x0000000000000006
core   0: 0x000000008000017e (0x00002e17) auipc   t3, 0x2
0 0x000000008000017e (0x00002e17) x28 0x000000008000217e
core   0: 0x0000000080000182 (0xe82e0e13) addi    t3, t3, -382
0 0x0000000080000182 (0xe82e0e13) x28 0x0000000080002000
core   0: 0x0000000080000186 (0x01ee2c23) sw      t5, 24(t3)
0 0x0000000080000186 (0x01ee2c23) mem 0x0000000080002018 0x0000000000000000
core   0: 0x000000008000018a (0x2ddf1963) bne     t5, t4, pc + 722
0 0x000000008000018a (0x2ddf1963)
core   0: 0x000000008000018e (0x800000b7) lui     ra, 0x80000
0 0x000000008000018e (0x800000b7) x 1 0xffffffff80000000
core   0: 0x0000000080000192 (0xfff0809b) addiw   ra, ra, -1
0 0x0000000080000192 (0xfff0809b) x 1 0x000000007fffffff
core   0: 0x0000000080000196 (0x4000df13) srai    t5, ra, 0
0 0x0000000080000196 (0x4000df13) x30 0x000000007fffffff
core   0: 0x000000008000019a (0x80000eb7) lui     t4, 0x80000
0 0x000000008000019a (0x80000eb7) x29 0xffffffff80000000
core   0: 0x000000008000019e (0xfffe8e9b) addiw   t4, t4, -1
0 0x000000008000019e (0xfffe8e9b) x29 0x000000007fffffff
core   0: 0x00000000800001a2 (0x0000419d) c.li    gp, 7
0 0x00000000800001a2 (0x419d) x 3 0x0000000000000007
core   0: 0x00000000800001a4 (0x00002e17) auipc   t3, 0x2
0 0x00000000800001a4 (0x00002e17) x28 0x00000000800021a4
core   0: 0x00000000800001a8 (0xe5ce0e13) addi    t3, t3, -420
0 0x00000000800001a8 (0xe5ce0e13) x28 0x0000000080002000
core   0: 0x00000000800001ac (0x01ee2e23) sw      t5, 28(t3)
0 0x00000000800001ac (0x01ee2e23) mem 0x000000008000201c 0x0000000000000000
core   0: 0x00000000800001b0 (0x2bdf1663) bne     t5, t4, pc + 684
0 0x00000000800001b0 (0x2bdf1663)
core   0: 0x00000000800001b4 (0x800000b7) lui     ra, 0x80000
0 0x00000000800001b4 (0x800000b7) x 1 0xffffffff80000000
core   0: 0x00000000800001b8 (0xfff0809b) addiw   ra, ra, -1
0 0x00000000800001b8 (0xfff0809b) x 1 0x000000007fffffff
core   0: 0x00000000800001bc (0x4010df13) srai    t5, ra, 1
0 0x00000000800001bc (0x4010df13) x30 0x000000003fffffff
core   0: 0x00000000800001c0 (0x40000eb7) lui     t4, 0x40000
0 0x00000000800001c0 (0x40000eb7) x29 0x0000000040000000
core   0: 0x00000000800001c4 (0xfffe8e9b) addiw   t4, t4, -1
0 0x00000000800001c4 (0xfffe8e9b) x29 0x000000003fffffff
core   0: 0x00000000800001c8 (0x000041a1) c.li    gp, 8
0 0x00000000800001c8 (0x41a1) x 3 0x0000000000000008
core   0: 0x00000000800001ca (0x00002e17) auipc   t3, 0x2
0 0x00000000800001ca (0x00002e17) x28 0x00000000800021ca
core   0: 0x00000000800001ce (0xe36e0e13) addi    t3, t3, -458
0 0x00000000800001ce (0xe36e0e13) x28 0x0000000080002000
core   0: 0x00000000800001d2 (0x03ee2023) sw      t5, 32(t3)
0 0x00000000800001d2 (0x03ee2023) mem 0x0000000080002020 0x0000000000000000
core   0: 0x00000000800001d6 (0x29df1363) bne     t5, t4, pc + 646
0 0x00000000800001d6 (0x29df1363)
core   0: 0x00000000800001da (0x800000b7) lui     ra, 0x80000
0 0x00000000800001da (0x800000b7) x 1 0xffffffff80000000
core   0: 0x00000000800001de (0xfff0809b) addiw   ra, ra, -1
0 0x00000000800001de (0xfff0809b) x 1 0x000000007fffffff
core   0: 0x00000000800001e2 (0x4070df13) srai    t5, ra, 7
0 0x00000000800001e2 (0x4070df13) x30 0x0000000000ffffff
core   0: 0x00000000800001e6 (0x01000eb7) lui     t4, 0x1000
0 0x00000000800001e6 (0x01000eb7) x29 0x0000000001000000
core   0: 0x00000000800001ea (0xfffe8e9b) addiw   t4, t4, -1
0 0x00000000800001ea (0xfffe8e9b) x29 0x0000000000ffffff
core   0: 0x00000000800001ee (0x000041a5) c.li    gp, 9
0 0x00000000800001ee (0x41a5) x 3 0x0000000000000009
core   0: 0x00000000800001f0 (0x00002e17) auipc   t3, 0x2
0 0x00000000800001f0 (0x00002e17) x28 0x00000000800021f0
core   0: 0x00000000800001f4 (0xe10e0e13) addi    t3, t3, -496
0 0x00000000800001f4 (0xe10e0e13) x28 0x0000000080002000
core   0: 0x00000000800001f8 (0x03ee2223) sw      t5, 36(t3)
0 0x00000000800001f8 (0x03ee2223) mem 0x0000000080002024 0x0000000000000000
core   0: 0x00000000800001fc (0x27df1063) bne     t5, t4, pc + 608
0 0x00000000800001fc (0x27df1063)
core   0: 0x0000000080000200 (0x800000b7) lui     ra, 0x80000
0 0x0000000080000200 (0x800000b7) x 1 0xffffffff80000000
core   0: 0x0000000080000204 (0xfff0809b) addiw   ra, ra, -1
0 0x0000000080000204 (0xfff0809b) x 1 0x000000007fffffff
core   0: 0x0000000080000208 (0x40e0df13) srai    t5, ra, 14
0 0x0000000080000208 (0x40e0df13) x30 0x000000000001ffff
core   0: 0x000000008000020c (0x00020eb7) lui     t4, 0x20
0 0x000000008000020c (0x00020eb7) x29 0x0000000000020000
core   0: 0x0000000080000210 (0xfffe8e9b) addiw   t4, t4, -1
0 0x0000000080000210 (0xfffe8e9b) x29 0x000000000001ffff
core   0: 0x0000000080000214 (0x000041a9) c.li    gp, 10
0 0x0000000080000214 (0x41a9) x 3 0x000000000000000a
core   0: 0x0000000080000216 (0x00002e17) auipc   t3, 0x2
0 0x0000000080000216 (0x00002e17) x28 0x0000000080002216
core   0: 0x000000008000021a (0xdeae0e13) addi    t3, t3, -534
0 0x000000008000021a (0xdeae0e13) x28 0x0000000080002000
core   0: 0x000000008000021e (0x03ee2423) sw      t5, 40(t3)
0 0x000000008000021e (0x03ee2423) mem 0x0000000080002028 0x0000000000000000
core   0: 0x0000000080000222 (0x23df1d63) bne     t5, t4, pc + 570
0 0x0000000080000222 (0x23df1d63)
core   0: 0x0000000080000226 (0x800000b7) lui     ra, 0x80000
0 0x0000000080000226 (0x800000b7) x 1 0xffffffff80000000
core   0: 0x000000008000022a (0xfff0809b) addiw   ra, ra, -1
0 0x000000008000022a (0xfff0809b) x 1 0x000000007fffffff
core   0: 0x000000008000022e (0x41f0df13) srai    t5, ra, 31
0 0x000000008000022e (0x41f0df13) x30 0x0000000000000000
core   0: 0x0000000080000232 (0x00004e81) c.li    t4, 0
0 0x0000000080000232 (0x4e81) x29 0x0000000000000000
core   0: 0x0000000080000234 (0x000041ad) c.li    gp, 11
0 0x0000000080000234 (0x41ad) x 3 0x000000000000000b
core   0: 0x0000000080000236 (0x00002e17) auipc   t3, 0x2
0 0x0000000080000236 (0x00002e17) x28 0x0000000080002236
core   0: 0x000000008000023a (0xdcae0e13) addi    t3, t3, -566
0 0x000000008000023a (0xdcae0e13) x28 0x0000000080002000
core   0: 0x000000008000023e (0x03ee2623) sw      t5, 44(t3)
0 0x000000008000023e (0x03ee2623) mem 0x000000008000202c 0x0000000000000000
core   0: 0x0000000080000242 (0x21df1d63) bne     t5, t4, pc + 538
0 0x0000000080000242 (0x21df1d63)
core   0: 0x0000000080000246 (0x818180b7) lui     ra, 0x81818
0 0x0000000080000246 (0x818180b7) x 1 0xffffffff81818000
core   0: 0x000000008000024a (0x1810809b) addiw   ra, ra, 385
0 0x000000008000024a (0x1810809b) x 1 0xffffffff81818181
core   0: 0x000000008000024e (0x4000df13) srai    t5, ra, 0
0 0x000000008000024e (0x4000df13) x30 0xffffffff81818181
core   0: 0x0000000080000252 (0x81818eb7) lui     t4, 0x81818
0 0x0000000080000252 (0x81818eb7) x29 0xffffffff81818000
core   0: 0x0000000080000256 (0x181e8e9b) addiw   t4, t4, 385
0 0x0000000080000256 (0x181e8e9b) x29 0xffffffff81818181
core   0: 0x000000008000025a (0x000041b1) c.li    gp, 12
0 0x000000008000025a (0x41b1) x 3 0x000000000000000c
core   0: 0x000000008000025c (0x00002e17) auipc   t3, 0x2
0 0x000000008000025c (0x00002e17) x28 0x000000008000225c
core   0: 0x0000000080000260 (0xda4e0e13) addi    t3, t3, -604
0 0x0000000080000260 (0xda4e0e13) x28 0x0000000080002000
core   0: 0x0000000080000264 (0x03ee2823) sw      t5, 48(t3)
0 0x0000000080000264 (0x03ee2823) mem 0x0000000080002030 0x0000000000000000
core   0: 0x0000000080000268 (0x1fdf1a63) bne     t5, t4, pc + 500
0 0x0000000080000268 (0x1fdf1a63)
core   0: 0x000000008000026c (0x818180b7) lui     ra, 0x81818
0 0x000000008000026c (0x818180b7) x 1 0xffffffff81818000
core   0: 0x0000000080000270 (0x1810809b) addiw   ra, ra, 385
0 0x0000000080000270 (0x1810809b) x 1 0xffffffff81818181
core   0: 0x0000000080000274 (0x4010df13) srai    t5, ra, 1
0 0x0000000080000274 (0x4010df13) x30 0xffffffffc0c0c0c0
core   0: 0x0000000080000278 (0xc0c0ceb7) lui     t4, 0xc0c0c
0 0x0000000080000278 (0xc0c0ceb7) x29 0xffffffffc0c0c000
core   0: 0x000000008000027c (0x0c0e8e9b) addiw   t4, t4, 192
0 0x000000008000027c (0x0c0e8e9b) x29 0xffffffffc0c0c0c0
core   0: 0x0000000080000280 (0x000041b5) c.li    gp, 13
0 0x0000000080000280 (0x41b5) x 3 0x000000000000000d
core   0: 0x0000000080000282 (0x00002e17) auipc   t3, 0x2
0 0x0000000080000282 (0x00002e17) x28 0x0000000080002282
core   0: 0x0000000080000286 (0xd7ee0e13) addi    t3, t3, -642
0 0x0000000080000286 (0xd7ee0e13) x28 0x0000000080002000
core   0: 0x000000008000028a (0x03ee2a23) sw      t5, 52(t3)
0 0x000000008000028a (0x03ee2a23) mem 0x0000000080002034 0x0000000000000000
core   0: 0x000000008000028e (0x1ddf1763) bne     t5, t4, pc + 462
0 0x000000008000028e (0x1ddf1763)
core   0: 0x0000000080000292 (0x818180b7) lui     ra, 0x81818
0 0x0000000080000292 (0x818180b7) x 1 0xffffffff81818000
core   0: 0x0000000080000296 (0x1810809b) addiw   ra, ra, 385
0 0x0000000080000296 (0x1810809b) x 1 0xffffffff81818181
core   0: 0x000000008000029a (0x4070df13) srai    t5, ra, 7
0 0x000000008000029a (0x4070df13) x30 0xffffffffff030303
core   0: 0x000000008000029e (0xff030eb7) lui     t4, 0xff030
0 0x000000008000029e (0xff030eb7) x29 0xffffffffff030000
core   0: 0x00000000800002a2 (0x303e8e9b) addiw   t4, t4, 771
0 0x00000000800002a2 (0x303e8e9b) x29 0xffffffffff030303
core   0: 0x00000000800002a6 (0x000041b9) c.li    gp, 14
0 0x00000000800002a6 (0x41b9) x 3 0x000000000000000e
core   0: 0x00000000800002a8 (0x00002e17) auipc   t3, 0x2
0 0x00000000800002a8 (0x00002e17) x28 0x00000000800022a8
core   0: 0x00000000800002ac (0xd58e0e13) addi    t3, t3, -680
0 0x00000000800002ac (0xd58e0e13) x28 0x0000000080002000
core   0: 0x00000000800002b0 (0x03ee2c23) sw      t5, 56(t3)
0 0x00000000800002b0 (0x03ee2c23) mem 0x0000000080002038 0x0000000000000000
core   0: 0x00000000800002b4 (0x1bdf1463) bne     t5, t4, pc + 424
0 0x00000000800002b4 (0x1bdf1463)
core   0: 0x00000000800002b8 (0x818180b7) lui     ra, 0x81818
0 0x00000000800002b8 (0x818180b7) x 1 0xffffffff81818000
core   0: 0x00000000800002bc (0x1810809b) addiw   ra, ra, 385
0 0x00000000800002bc (0x1810809b) x 1 0xffffffff81818181
core   0: 0x00000000800002c0 (0x40e0df13) srai    t5, ra, 14
0 0x00000000800002c0 (0x40e0df13) x30 0xfffffffffffe0606
core   0: 0x00000000800002c4 (0xfffe0eb7) lui     t4, 0xfffe0
0 0x00000000800002c4 (0xfffe0eb7) x29 0xfffffffffffe0000
core   0: 0x00000000800002c8 (0x606e8e9b) addiw   t4, t4, 1542
0 0x00000000800002c8 (0x606e8e9b) x29 0xfffffffffffe0606
core   0: 0x00000000800002cc (0x000041bd) c.li    gp, 15
0 0x00000000800002cc (0x41bd) x 3 0x000000000000000f
core   0: 0x00000000800002ce (0x00002e17) auipc   t3, 0x2
0 0x00000000800002ce (0x00002e17) x28 0x00000000800022ce
core   0: 0x00000000800002d2 (0xd32e0e13) addi    t3, t3, -718
0 0x00000000800002d2 (0xd32e0e13) x28 0x0000000080002000
core   0: 0x00000000800002d6 (0x03ee2e23) sw      t5, 60(t3)
0 0x00000000800002d6 (0x03ee2e23) mem 0x000000008000203c 0x0000000000000000
core   0: 0x00000000800002da (0x19df1163) bne     t5, t4, pc + 386
0 0x00000000800002da (0x19df1163)
core   0: 0x00000000800002de (0x818180b7) lui     ra, 0x81818
0 0x00000000800002de (0x818180b7) x 1 0xffffffff81818000
core   0: 0x00000000800002e2 (0x1810809b) addiw   ra, ra, 385
0 0x00000000800002e2 (0x1810809b) x 1 0xffffffff81818181
core   0: 0x00000000800002e6 (0x41f0df13) srai    t5, ra, 31
0 0x00000000800002e6 (0x41f0df13) x30 0xffffffffffffffff
core   0: 0x00000000800002ea (0x00005efd) c.li    t4, -1
0 0x00000000800002ea (0x5efd) x29 0xffffffffffffffff
core   0: 0x00000000800002ec (0x000041c1) c.li    gp, 16
0 0x00000000800002ec (0x41c1) x 3 0x0000000000000010
core   0: 0x00000000800002ee (0x00002e17) auipc   t3, 0x2
0 0x00000000800002ee (0x00002e17) x28 0x00000000800022ee
core   0: 0x00000000800002f2 (0xd12e0e13) addi    t3, t3, -750
0 0x00000000800002f2 (0xd12e0e13) x28 0x0000000080002000
core   0: 0x00000000800002f6 (0x05ee2023) sw      t5, 64(t3)
0 0x00000000800002f6 (0x05ee2023) mem 0x0000000080002040 0x0000000000000000
core   0: 0x00000000800002fa (0x17df1163) bne     t5, t4, pc + 354
0 0x00000000800002fa (0x17df1163)
core   0: 0x00000000800002fe (0x800000b7) lui     ra, 0x80000
0 0x00000000800002fe (0x800000b7) x 1 0xffffffff80000000
core   0: 0x0000000080000302 (0x4070d093) srai    ra, ra, 7
0 0x0000000080000302 (0x4070d093) x 1 0xffffffffff000000
core   0: 0x0000000080000306 (0xff000eb7) lui     t4, 0xff000
0 0x0000000080000306 (0xff000eb7) x29 0xffffffffff000000
core   0: 0x000000008000030a (0x000041c5) c.li    gp, 17
0 0x000000008000030a (0x41c5) x 3 0x0000000000000011
core   0: 0x000000008000030c (0x00002e17) auipc   t3, 0x2
0 0x000000008000030c (0x00002e17) x28 0x000000008000230c
core   0: 0x0000000080000310 (0xcf4e0e13) addi    t3, t3, -780
0 0x0000000080000310 (0xcf4e0e13) x28 0x0000000080002000
core   0: 0x0000000080000314 (0x041e2223) sw      ra, 68(t3)
0 0x0000000080000314 (0x041e2223) mem 0x0000000080002044 0x0000000000000000
core   0: 0x0000000080000318 (0x15d09263) bne     ra, t4, pc + 324
0 0x0000000080000318 (0x15d09263)
core   0: 0x000000008000031c (0x00004201) c.li    tp, 0
0 0x000000008000031c (0x4201) x 4 0x0000000000000000
core   0: 0x000000008000031e (0x800000b7) lui     ra, 0x80000
0 0x000000008000031e (0x800000b7) x 1 0xffffffff80000000
core   0: 0x0000000080000322 (0x4070df13) srai    t5, ra, 7
0 0x0000000080000322 (0x4070df13) x30 0xffffffffff000000
core   0: 0x0000000080000326 (0x000f0313) mv      t1, t5
0 0x0000000080000326 (0x000f0313) x 6 0xffffffffff000000
core   0: 0x000000008000032a (0x00000205) c.addi  tp, 1
0 0x000000008000032a (0x0205) x 4 0x0000000000000001
core   0: 0x000000008000032c (0x00004289) c.li    t0, 2
0 0x000000008000032c (0x4289) x 5 0x0000000000000002
core   0: 0x000000008000032e (0xfe5218e3) bne     tp, t0, pc - 16
0 0x000000008000032e (0xfe5218e3)
core   0: 0x000000008000031e (0x800000b7) lui     ra, 0x80000
0 0x000000008000031e (0x800000b7) x 1 0xffffffff80000000
core   0: 0x0000000080000322 (0x4070df13) srai    t5, ra, 7
0 0x0000000080000322 (0x4070df13) x30 0xffffffffff000000
core   0: 0x0000000080000326 (0x000f0313) mv      t1, t5
0 0x0000000080000326 (0x000f0313) x 6 0xffffffffff000000
core   0: 0x000000008000032a (0x00000205) c.addi  tp, 1
0 0x000000008000032a (0x0205) x 4 0x0000000000000002
core   0: 0x000000008000032c (0x00004289) c.li    t0, 2
0 0x000000008000032c (0x4289) x 5 0x0000000000000002
core   0: 0x000000008000032e (0xfe5218e3) bne     tp, t0, pc - 16
0 0x000000008000032e (0xfe5218e3)
core   0: 0x0000000080000332 (0xff000eb7) lui     t4, 0xff000
0 0x0000000080000332 (0xff000eb7) x29 0xffffffffff000000
core   0: 0x0000000080000336 (0x000041c9) c.li    gp, 18
0 0x0000000080000336 (0x41c9) x 3 0x0000000000000012
core   0: 0x0000000080000338 (0x00002e17) auipc   t3, 0x2
0 0x0000000080000338 (0x00002e17) x28 0x0000000080002338
core   0: 0x000000008000033c (0xcc8e0e13) addi    t3, t3, -824
0 0x000000008000033c (0xcc8e0e13) x28 0x0000000080002000
core   0: 0x0000000080000340 (0x046e2423) sw      t1, 72(t3)
0 0x0000000080000340 (0x046e2423) mem 0x0000000080002048 0x0000000000000000
core   0: 0x0000000080000344 (0x11d31c63) bne     t1, t4, pc + 280
0 0x0000000080000344 (0x11d31c63)
core   0: 0x0000000080000348 (0x00004201) c.li    tp, 0
0 0x0000000080000348 (0x4201) x 4 0x0000000000000000
core   0: 0x000000008000034a (0x800000b7) lui     ra, 0x80000
0 0x000000008000034a (0x800000b7) x 1 0xffffffff80000000
core   0: 0x000000008000034e (0x40e0df13) srai    t5, ra, 14
0 0x000000008000034e (0x40e0df13) x30 0xfffffffffffe0000
core   0: 0x0000000080000352 (0x00000001) c.nop
0 0x0000000080000352 (0x0001)
core   0: 0x0000000080000354 (0x000f0313) mv      t1, t5
0 0x0000000080000354 (0x000f0313) x 6 0xfffffffffffe0000
core   0: 0x0000000080000358 (0x00000205) c.addi  tp, 1
0 0x0000000080000358 (0x0205) x 4 0x0000000000000001
core   0: 0x000000008000035a (0x00004289) c.li    t0, 2
0 0x000000008000035a (0x4289) x 5 0x0000000000000002
core   0: 0x000000008000035c (0xfe5217e3) bne     tp, t0, pc - 18
0 0x000000008000035c (0xfe5217e3)
core   0: 0x000000008000034a (0x800000b7) lui     ra, 0x80000
0 0x000000008000034a (0x800000b7) x 1 0xffffffff80000000
core   0: 0x000000008000034e (0x40e0df13) srai    t5, ra, 14
0 0x000000008000034e (0x40e0df13) x30 0xfffffffffffe0000
core   0: 0x0000000080000352 (0x00000001) c.nop
0 0x0000000080000352 (0x0001)
core   0: 0x0000000080000354 (0x000f0313) mv      t1, t5
0 0x0000000080000354 (0x000f0313) x 6 0xfffffffffffe0000
core   0: 0x0000000080000358 (0x00000205) c.addi  tp, 1
0 0x0000000080000358 (0x0205) x 4 0x0000000000000002
core   0: 0x000000008000035a (0x00004289) c.li    t0, 2
0 0x000000008000035a (0x4289) x 5 0x0000000000000002
core   0: 0x000000008000035c (0xfe5217e3) bne     tp, t0, pc - 18
0 0x000000008000035c (0xfe5217e3)
core   0: 0x0000000080000360 (0x00007e81) c.lui   t4, 0xfffe0
0 0x0000000080000360 (0x7e81) x29 0xfffffffffffe0000
core   0: 0x0000000080000362 (0x000041cd) c.li    gp, 19
0 0x0000000080000362 (0x41cd) x 3 0x0000000000000013
core   0: 0x0000000080000364 (0x00002e17) auipc   t3, 0x2
0 0x0000000080000364 (0x00002e17) x28 0x0000000080002364
core   0: 0x0000000080000368 (0xc9ce0e13) addi    t3, t3, -868
0 0x0000000080000368 (0xc9ce0e13) x28 0x0000000080002000
core   0: 0x000000008000036c (0x046e2623) sw      t1, 76(t3)
0 0x000000008000036c (0x046e2623) mem 0x000000008000204c 0x0000000000000000
core   0: 0x0000000080000370 (0x0fd31663) bne     t1, t4, pc + 236
0 0x0000000080000370 (0x0fd31663)
core   0: 0x0000000080000374 (0x00004201) c.li    tp, 0
0 0x0000000080000374 (0x4201) x 4 0x0000000000000000
core   0: 0x0000000080000376 (0x800000b7) lui     ra, 0x80000
0 0x0000000080000376 (0x800000b7) x 1 0xffffffff80000000
core   0: 0x000000008000037a (0x0010809b) addiw   ra, ra, 1
0 0x000000008000037a (0x0010809b) x 1 0xffffffff80000001
core   0: 0x000000008000037e (0x41f0df13) srai    t5, ra, 31
0 0x000000008000037e (0x41f0df13) x30 0xffffffffffffffff
core   0: 0x0000000080000382 (0x00000001) c.nop
0 0x0000000080000382 (0x0001)
core   0: 0x0000000080000384 (0x00000001) c.nop
0 0x0000000080000384 (0x0001)
core   0: 0x0000000080000386 (0x000f0313) mv      t1, t5
0 0x0000000080000386 (0x000f0313) x 6 0xffffffffffffffff
core   0: 0x000000008000038a (0x00000205) c.addi  tp, 1
0 0x000000008000038a (0x0205) x 4 0x0000000000000001
core   0: 0x000000008000038c (0x00004289) c.li    t0, 2
0 0x000000008000038c (0x4289) x 5 0x0000000000000002
core   0: 0x000000008000038e (0xfe5214e3) bne     tp, t0, pc - 24
0 0x000000008000038e (0xfe5214e3)
core   0: 0x0000000080000376 (0x800000b7) lui     ra, 0x80000
0 0x0000000080000376 (0x800000b7) x 1 0xffffffff80000000
core   0: 0x000000008000037a (0x0010809b) addiw   ra, ra, 1
0 0x000000008000037a (0x0010809b) x 1 0xffffffff80000001
core   0: 0x000000008000037e (0x41f0df13) srai    t5, ra, 31
0 0x000000008000037e (0x41f0df13) x30 0xffffffffffffffff
core   0: 0x0000000080000382 (0x00000001) c.nop
0 0x0000000080000382 (0x0001)
core   0: 0x0000000080000384 (0x00000001) c.nop
0 0x0000000080000384 (0x0001)
core   0: 0x0000000080000386 (0x000f0313) mv      t1, t5
0 0x0000000080000386 (0x000f0313) x 6 0xffffffffffffffff
core   0: 0x000000008000038a (0x00000205) c.addi  tp, 1
0 0x000000008000038a (0x0205) x 4 0x0000000000000002
core   0: 0x000000008000038c (0x00004289) c.li    t0, 2
0 0x000000008000038c (0x4289) x 5 0x0000000000000002
core   0: 0x000000008000038e (0xfe5214e3) bne     tp, t0, pc - 24
0 0x000000008000038e (0xfe5214e3)
core   0: 0x0000000080000392 (0x00005efd) c.li    t4, -1
0 0x0000000080000392 (0x5efd) x29 0xffffffffffffffff
core   0: 0x0000000080000394 (0x000041d1) c.li    gp, 20
0 0x0000000080000394 (0x41d1) x 3 0x0000000000000014
core   0: 0x0000000080000396 (0x00002e17) auipc   t3, 0x2
0 0x0000000080000396 (0x00002e17) x28 0x0000000080002396
core   0: 0x000000008000039a (0xc6ae0e13) addi    t3, t3, -918
0 0x000000008000039a (0xc6ae0e13) x28 0x0000000080002000
core   0: 0x000000008000039e (0x046e2823) sw      t1, 80(t3)
0 0x000000008000039e (0x046e2823) mem 0x0000000080002050 0x0000000000000000
core   0: 0x00000000800003a2 (0x0bd31d63) bne     t1, t4, pc + 186
0 0x00000000800003a2 (0x0bd31d63)
core   0: 0x00000000800003a6 (0x00004201) c.li    tp, 0
0 0x00000000800003a6 (0x4201) x 4 0x0000000000000000
core   0: 0x00000000800003a8 (0x800000b7) lui     ra, 0x80000
0 0x00000000800003a8 (0x800000b7) x 1 0xffffffff80000000
core   0: 0x00000000800003ac (0x4070df13) srai    t5, ra, 7
0 0x00000000800003ac (0x4070df13) x30 0xffffffffff000000
core   0: 0x00000000800003b0 (0x00000205) c.addi  tp, 1
0 0x00000000800003b0 (0x0205) x 4 0x0000000000000001
core   0: 0x00000000800003b2 (0x00004289) c.li    t0, 2
0 0x00000000800003b2 (0x4289) x 5 0x0000000000000002
core   0: 0x00000000800003b4 (0xfe521ae3) bne     tp, t0, pc - 12
0 0x00000000800003b4 (0xfe521ae3)
core   0: 0x00000000800003a8 (0x800000b7) lui     ra, 0x80000
0 0x00000000800003a8 (0x800000b7) x 1 0xffffffff80000000
core   0: 0x00000000800003ac (0x4070df13) srai    t5, ra, 7
0 0x00000000800003ac (0x4070df13) x30 0xffffffffff000000
core   0: 0x00000000800003b0 (0x00000205) c.addi  tp, 1
0 0x00000000800003b0 (0x0205) x 4 0x0000000000000002
core   0: 0x00000000800003b2 (0x00004289) c.li    t0, 2
0 0x00000000800003b2 (0x4289) x 5 0x0000000000000002
core   0: 0x00000000800003b4 (0xfe521ae3) bne     tp, t0, pc - 12
0 0x00000000800003b4 (0xfe521ae3)
core   0: 0x00000000800003b8 (0xff000eb7) lui     t4, 0xff000
0 0x00000000800003b8 (0xff000eb7) x29 0xffffffffff000000
core   0: 0x00000000800003bc (0x000041d5) c.li    gp, 21
0 0x00000000800003bc (0x41d5) x 3 0x0000000000000015
core   0: 0x00000000800003be (0x00002e17) auipc   t3, 0x2
0 0x00000000800003be (0x00002e17) x28 0x00000000800023be
core   0: 0x00000000800003c2 (0xc42e0e13) addi    t3, t3, -958
0 0x00000000800003c2 (0xc42e0e13) x28 0x0000000080002000
core   0: 0x00000000800003c6 (0x05ee2a23) sw      t5, 84(t3)
0 0x00000000800003c6 (0x05ee2a23) mem 0x0000000080002054 0x0000000000000000
core   0: 0x00000000800003ca (0x09df1963) bne     t5, t4, pc + 146
0 0x00000000800003ca (0x09df1963)
core   0: 0x00000000800003ce (0x00004201) c.li    tp, 0
0 0x00000000800003ce (0x4201) x 4 0x0000000000000000
core   0: 0x00000000800003d0 (0x800000b7) lui     ra, 0x80000
0 0x00000000800003d0 (0x800000b7) x 1 0xffffffff80000000
core   0: 0x00000000800003d4 (0x00000001) c.nop
0 0x00000000800003d4 (0x0001)
core   0: 0x00000000800003d6 (0x40e0df13) srai    t5, ra, 14
0 0x00000000800003d6 (0x40e0df13) x30 0xfffffffffffe0000
core   0: 0x00000000800003da (0x00000205) c.addi  tp, 1
0 0x00000000800003da (0x0205) x 4 0x0000000000000001
core   0: 0x00000000800003dc (0x00004289) c.li    t0, 2
0 0x00000000800003dc (0x4289) x 5 0x0000000000000002
core   0: 0x00000000800003de (0xfe5219e3) bne     tp, t0, pc - 14
0 0x00000000800003de (0xfe5219e3)
core   0: 0x00000000800003d0 (0x800000b7) lui     ra, 0x80000
0 0x00000000800003d0 (0x800000b7) x 1 0xffffffff80000000
core   0: 0x00000000800003d4 (0x00000001) c.nop
0 0x00000000800003d4 (0x0001)
core   0: 0x00000000800003d6 (0x40e0df13) srai    t5, ra, 14
0 0x00000000800003d6 (0x40e0df13) x30 0xfffffffffffe0000
core   0: 0x00000000800003da (0x00000205) c.addi  tp, 1
0 0x00000000800003da (0x0205) x 4 0x0000000000000002
core   0: 0x00000000800003dc (0x00004289) c.li    t0, 2
0 0x00000000800003dc (0x4289) x 5 0x0000000000000002
core   0: 0x00000000800003de (0xfe5219e3) bne     tp, t0, pc - 14
0 0x00000000800003de (0xfe5219e3)
core   0: 0x00000000800003e2 (0x00007e81) c.lui   t4, 0xfffe0
0 0x00000000800003e2 (0x7e81) x29 0xfffffffffffe0000
core   0: 0x00000000800003e4 (0x000041d9) c.li    gp, 22
0 0x00000000800003e4 (0x41d9) x 3 0x0000000000000016
core   0: 0x00000000800003e6 (0x00002e17) auipc   t3, 0x2
0 0x00000000800003e6 (0x00002e17) x28 0x00000000800023e6
core   0: 0x00000000800003ea (0xc1ae0e13) addi    t3, t3, -998
0 0x00000000800003ea (0xc1ae0e13) x28 0x0000000080002000
core   0: 0x00000000800003ee (0x05ee2c23) sw      t5, 88(t3)
0 0x00000000800003ee (0x05ee2c23) mem 0x0000000080002058 0x0000000000000000
core   0: 0x00000000800003f2 (0x07df1563) bne     t5, t4, pc + 106
0 0x00000000800003f2 (0x07df1563)
core   0: 0x00000000800003f6 (0x00004201) c.li    tp, 0
0 0x00000000800003f6 (0x4201) x 4 0x0000000000000000
core   0: 0x00000000800003f8 (0x800000b7) lui     ra, 0x80000
0 0x00000000800003f8 (0x800000b7) x 1 0xffffffff80000000
core   0: 0x00000000800003fc (0x0010809b) addiw   ra, ra, 1
0 0x00000000800003fc (0x0010809b) x 1 0xffffffff80000001
core   0: 0x0000000080000400 (0x00000001) c.nop
0 0x0000000080000400 (0x0001)
core   0: 0x0000000080000402 (0x00000001) c.nop
0 0x0000000080000402 (0x0001)
core   0: 0x0000000080000404 (0x41f0df13) srai    t5, ra, 31
0 0x0000000080000404 (0x41f0df13) x30 0xffffffffffffffff
core   0: 0x0000000080000408 (0x00000205) c.addi  tp, 1
0 0x0000000080000408 (0x0205) x 4 0x0000000000000001
core   0: 0x000000008000040a (0x00004289) c.li    t0, 2
0 0x000000008000040a (0x4289) x 5 0x0000000000000002
core   0: 0x000000008000040c (0xfe5216e3) bne     tp, t0, pc - 20
0 0x000000008000040c (0xfe5216e3)
core   0: 0x00000000800003f8 (0x800000b7) lui     ra, 0x80000
0 0x00000000800003f8 (0x800000b7) x 1 0xffffffff80000000
core   0: 0x00000000800003fc (0x0010809b) addiw   ra, ra, 1
0 0x00000000800003fc (0x0010809b) x 1 0xffffffff80000001
core   0: 0x0000000080000400 (0x00000001) c.nop
0 0x0000000080000400 (0x0001)
core   0: 0x0000000080000402 (0x00000001) c.nop
0 0x0000000080000402 (0x0001)
core   0: 0x0000000080000404 (0x41f0df13) srai    t5, ra, 31
0 0x0000000080000404 (0x41f0df13) x30 0xffffffffffffffff
core   0: 0x0000000080000408 (0x00000205) c.addi  tp, 1
0 0x0000000080000408 (0x0205) x 4 0x0000000000000002
core   0: 0x000000008000040a (0x00004289) c.li    t0, 2
0 0x000000008000040a (0x4289) x 5 0x0000000000000002
core   0: 0x000000008000040c (0xfe5216e3) bne     tp, t0, pc - 20
0 0x000000008000040c (0xfe5216e3)
core   0: 0x0000000080000410 (0x00005efd) c.li    t4, -1
0 0x0000000080000410 (0x5efd) x29 0xffffffffffffffff
core   0: 0x0000000080000412 (0x000041dd) c.li    gp, 23
0 0x0000000080000412 (0x41dd) x 3 0x0000000000000017
core   0: 0x0000000080000414 (0x00002e17) auipc   t3, 0x2
0 0x0000000080000414 (0x00002e17) x28 0x0000000080002414
core   0: 0x0000000080000418 (0xbece0e13) addi    t3, t3, -1044
0 0x0000000080000418 (0xbece0e13) x28 0x0000000080002000
core   0: 0x000000008000041c (0x05ee2e23) sw      t5, 92(t3)
0 0x000000008000041c (0x05ee2e23) mem 0x000000008000205c 0x0000000000000000
core   0: 0x0000000080000420 (0x03df1e63) bne     t5, t4, pc + 60
0 0x0000000080000420 (0x03df1e63)
core   0: 0x0000000080000424 (0x40405093) srai    ra, zero, 4
0 0x0000000080000424 (0x40405093) x 1 0x0000000000000000
core   0: 0x0000000080000428 (0x00004e81) c.li    t4, 0
0 0x0000000080000428 (0x4e81) x29 0x0000000000000000
core   0: 0x000000008000042a (0x000041e1) c.li    gp, 24
0 0x000000008000042a (0x41e1) x 3 0x0000000000000018
core   0: 0x000000008000042c (0x00002e17) auipc   t3, 0x2
0 0x000000008000042c (0x00002e17) x28 0x000000008000242c
core   0: 0x0000000080000430 (0xbd4e0e13) addi    t3, t3, -1068
0 0x0000000080000430 (0xbd4e0e13) x28 0x0000000080002000
core   0: 0x0000000080000434 (0x061e2023) sw      ra, 96(t3)
0 0x0000000080000434 (0x061e2023) mem 0x0000000080002060 0x0000000000000000
core   0: 0x0000000080000438 (0x03d09263) bne     ra, t4, pc + 36
0 0x0000000080000438 (0x03d09263)
core   0: 0x000000008000043c (0x02100093) li      ra, 33
0 0x000000008000043c (0x02100093) x 1 0x0000000000000021
core   0: 0x0000000080000440 (0x40a0d013) srai    zero, ra, 10
0 0x0000000080000440 (0x40a0d013)
core   0: 0x0000000080000444 (0x00004e81) c.li    t4, 0
0 0x0000000080000444 (0x4e81) x29 0x0000000000000000
core   0: 0x0000000080000446 (0x000041e5) c.li    gp, 25
0 0x0000000080000446 (0x41e5) x 3 0x0000000000000019
core   0: 0x0000000080000448 (0x00002e17) auipc   t3, 0x2
0 0x0000000080000448 (0x00002e17) x28 0x0000000080002448
core   0: 0x000000008000044c (0xbb8e0e13) addi    t3, t3, -1096
0 0x000000008000044c (0xbb8e0e13) x28 0x0000000080002000
core   0: 0x0000000080000450 (0x060e2223) sw      zero, 100(t3)
0 0x0000000080000450 (0x060e2223) mem 0x0000000080002064 0x0000000000000000
core   0: 0x0000000080000454 (0x01d01463) bne     zero, t4, pc + 8
0 0x0000000080000454 (0x01d01463)
core   0: 0x0000000080000458 (0x00301d63) bne     zero, gp, pc + 26
0 0x0000000080000458 (0x00301d63)
core   0: 0x0000000080000472 (0x0ff0000f) fence   iorw,iorw
0 0x0000000080000472 (0x0ff0000f)
core   0: 0x0000000080000476 (0x00004185) c.li    gp, 1
0 0x0000000080000476 (0x4185) x 3 0x0000000000000001
core   0: 0x0000000080000478 (0x00002e17) auipc   t3, 0x2
0 0x0000000080000478 (0x00002e17) x28 0x0000000080002478
core   0: 0x000000008000047c (0xb88e0e13) addi    t3, t3, -1144
0 0x000000008000047c (0xb88e0e13) x28 0x0000000080002000
core   0: 0x0000000080000480 (0x003e2023) sw      gp, 0(t3)
0 0x0000000080000480 (0x003e2023) mem 0x0000000080002000 0x0000000000000000
core   0: 0x0000000080000484 (0x00000073) ecall
0 0x0000000080000484 (0x00000073)
