core   0: 0x0000000000010000 (0x00100413) li      s0, 1
3 0x0000000000010000 (0x00100413) x 8 0x0000000000000001
core   0: 0x0000000000010004 (0x01f41413) slli    s0, s0, 31
3 0x0000000000010004 (0x01f41413) x 8 0x0000000080000000
core   0: 0x0000000000010008 (0xf1402573) csrr    a0, mhartid
3 0x0000000000010008 (0xf1402573) x10 0x0000000000000000
core   0: 0x000000000001000c (0x00000597) auipc   a1, 0x0
3 0x000000000001000c (0x00000597) x11 0x000000000001000c
core   0: 0x0000000000010010 (0x07458593) addi    a1, a1, 116
3 0x0000000000010010 (0x07458593) x11 0x0000000000010080
core   0: 0x0000000000010014 (0x00040067) jr      s0
3 0x0000000000010014 (0x00040067)
core   0: 0x0000000080000000 (0x0000a081) c.j     pc + 64
3 0x0000000080000000 (0xa081)
core   0: 0x0000000080000040 (0xf1402573) csrr    a0, mhartid
3 0x0000000080000040 (0xf1402573) x10 0x0000000000000000
core   0: 0x0000000080000044 (0x0000e101) c.bnez  a0, pc + 0
3 0x0000000080000044 (0xe101)
core   0: 0x0000000080000046 (0x00000297) auipc   t0, 0x0
3 0x0000000080000046 (0x00000297) x 5 0x0000000080000046
core   0: 0x000000008000004a (0x01228293) addi    t0, t0, 18
3 0x000000008000004a (0x01228293) x 5 0x0000000080000058
core   0: 0x000000008000004e (0x30529073) csrw    mtvec, t0
3 0x000000008000004e (0x30529073)
core   0: 0x0000000080000052 (0x18005073) csrwi   satp, 0
3 0x0000000080000052 (0x18005073)
core   0: 0x0000000080000056 (0x00000001) c.nop
3 0x0000000080000056 (0x0001)
core   0: 0x0000000080000058 (0x00000297) auipc   t0, 0x0
3 0x0000000080000058 (0x00000297) x 5 0x0000000080000058
core   0: 0x000000008000005c (0x01828293) addi    t0, t0, 24
3 0x000000008000005c (0x01828293) x 5 0x0000000080000070
core   0: 0x0000000080000060 (0x30529073) csrw    mtvec, t0
3 0x0000000080000060 (0x30529073)
core   0: 0x0000000080000064 (0x000052fd) c.li    t0, -1
3 0x0000000080000064 (0x52fd) x 5 0xffffffffffffffff
core   0: 0x0000000080000066 (0x3b029073) csrw    pmpaddr0, t0
3 0x0000000080000066 (0x3b029073)
core   0: 0x000000008000006a (0x000042fd) c.li    t0, 31
3 0x000000008000006a (0x42fd) x 5 0x000000000000001f
core   0: 0x000000008000006c (0x3a029073) csrw    pmpcfg0, t0
3 0x000000008000006c (0x3a029073)
core   0: 0x0000000080000070 (0x00000297) auipc   t0, 0x0
3 0x0000000080000070 (0x00000297) x 5 0x0000000080000070
core   0: 0x0000000080000074 (0x01828293) addi    t0, t0, 24
3 0x0000000080000074 (0x01828293) x 5 0x0000000080000088
core   0: 0x0000000080000078 (0x30529073) csrw    mtvec, t0
3 0x0000000080000078 (0x30529073)
core   0: 0x000000008000007c (0x30205073) csrwi   medeleg, 0
3 0x000000008000007c (0x30205073)
core   0: 0x0000000080000080 (0x30305073) csrwi   mideleg, 0
3 0x0000000080000080 (0x30305073)
core   0: 0x0000000080000084 (0x30405073) csrwi   mie, 0
3 0x0000000080000084 (0x30405073)
core   0: 0x0000000080000088 (0x00004181) c.li    gp, 0
3 0x0000000080000088 (0x4181) x 3 0x0000000000000000
core   0: 0x000000008000008a (0x00000297) auipc   t0, 0x0
3 0x000000008000008a (0x00000297) x 5 0x000000008000008a
core   0: 0x000000008000008e (0xf7a28293) addi    t0, t0, -134
3 0x000000008000008e (0xf7a28293) x 5 0x0000000080000004
core   0: 0x0000000080000092 (0x30529073) csrw    mtvec, t0
3 0x0000000080000092 (0x30529073)
core   0: 0x0000000080000096 (0x00004505) c.li    a0, 1
3 0x0000000080000096 (0x4505) x10 0x0000000000000001
core   0: 0x0000000080000098 (0x0000057e) c.slli  a0, 31
3 0x0000000080000098 (0x057e) x10 0x0000000080000000
core   0: 0x000000008000009a (0x00055d63) bgez    a0, pc + 26
3 0x000000008000009a (0x00055d63)
core   0: 0x00000000800000b4 (0x80000297) auipc   t0, 0x80000
3 0x00000000800000b4 (0x80000297) x 5 0x00000000000000b4
core   0: 0x00000000800000b8 (0xf4c28293) addi    t0, t0, -180
3 0x00000000800000b8 (0xf4c28293) x 5 0x0000000000000000
core   0: 0x00000000800000bc (0x00028e63) beqz    t0, pc + 28
3 0x00000000800000bc (0x00028e63)
core   0: 0x00000000800000d8 (0x30005073) csrwi   mstatus, 0
3 0x00000000800000d8 (0x30005073)
core   0: 0x00000000800000dc (0x00000297) auipc   t0, 0x0
3 0x00000000800000dc (0x00000297) x 5 0x00000000800000dc
core   0: 0x00000000800000e0 (0x01428293) addi    t0, t0, 20
3 0x00000000800000e0 (0x01428293) x 5 0x00000000800000f0
core   0: 0x00000000800000e4 (0x34129073) csrw    mepc, t0
3 0x00000000800000e4 (0x34129073)
core   0: 0x00000000800000e8 (0xf1402573) csrr    a0, mhartid
3 0x00000000800000e8 (0xf1402573) x10 0x0000000000000000
core   0: 0x00000000800000ec (0x30200073) mret
3 0x00000000800000ec (0x30200073)
core   0: 0x00000000800000f0 (0x800000b7) lui     ra, 0x80000
0 0x00000000800000f0 (0x800000b7) x 1 0xffffffff80000000
core   0: 0x00000000800000f4 (0x0000df13) srli    t5, ra, 0
0 0x00000000800000f4 (0x0000df13) x30 0xffffffff80000000
core   0: 0x00000000800000f8 (0x80000eb7) lui     t4, 0x80000
0 0x00000000800000f8 (0x80000eb7) x29 0xffffffff80000000
core   0: 0x00000000800000fc (0x00004189) c.li    gp, 2
0 0x00000000800000fc (0x4189) x 3 0x0000000000000002
core   0: 0x00000000800000fe (0x00002e17) auipc   t3, 0x2
0 0x00000000800000fe (0x00002e17) x28 0x00000000800020fe
core   0: 0x0000000080000102 (0xf02e0e13) addi    t3, t3, -254
0 0x0000000080000102 (0xf02e0e13) x28 0x0000000080002000
core   0: 0x0000000080000106 (0x01ee2423) sw      t5, 8(t3)
0 0x0000000080000106 (0x01ee2423) mem 0x0000000080002008 0x0000000000000000
core   0: 0x000000008000010a (0x39df1663) bne     t5, t4, pc + 908
0 0x000000008000010a (0x39df1663)
core   0: 0x000000008000010e (0x800000b7) lui     ra, 0x80000
0 0x000000008000010e (0x800000b7) x 1 0xffffffff80000000
core   0: 0x0000000080000112 (0x0010df13) srli    t5, ra, 1
0 0x0000000080000112 (0x0010df13) x30 0x7fffffffc0000000
core   0: 0x0000000080000116 (0x00100e9b) addiw   t4, zero, 1
0 0x0000000080000116 (0x00100e9b) x29 0x0000000000000001
core   0: 0x000000008000011a (0x021e9e93) slli    t4, t4, 33
0 0x000000008000011a (0x021e9e93) x29 0x0000000200000000
core   0: 0x000000008000011e (0xfffe8e93) addi    t4, t4, -1
0 0x000000008000011e (0xfffe8e93) x29 0x00000001ffffffff
core   0: 0x0000000080000122 (0x01ee9e93) slli    t4, t4, 30
0 0x0000000080000122 (0x01ee9e93) x29 0x7fffffffc0000000
core   0: 0x0000000080000126 (0x0000418d) c.li    gp, 3
0 0x0000000080000126 (0x418d) x 3 0x0000000000000003
core   0: 0x0000000080000128 (0x00002e17) auipc   t3, 0x2
0 0x0000000080000128 (0x00002e17) x28 0x0000000080002128
core   0: 0x000000008000012c (0xed8e0e13) addi    t3, t3, -296
0 0x000000008000012c (0xed8e0e13) x28 0x0000000080002000
core   0: 0x0000000080000130 (0x01ee2623) sw      t5, 12(t3)
0 0x0000000080000130 (0x01ee2623) mem 0x000000008000200c 0x0000000000000000
core   0: 0x0000000080000134 (0x37df1163) bne     t5, t4, pc + 866
0 0x0000000080000134 (0x37df1163)
core   0: 0x0000000080000138 (0x800000b7) lui     ra, 0x80000
0 0x0000000080000138 (0x800000b7) x 1 0xffffffff80000000
core   0: 0x000000008000013c (0x0070df13) srli    t5, ra, 7
0 0x000000008000013c (0x0070df13) x30 0x01ffffffff000000
core   0: 0x0000000080000140 (0x00100e9b) addiw   t4, zero, 1
0 0x0000000080000140 (0x00100e9b) x29 0x0000000000000001
core   0: 0x0000000080000144 (0x021e9e93) slli    t4, t4, 33
0 0x0000000080000144 (0x021e9e93) x29 0x0000000200000000
core   0: 0x0000000080000148 (0xfffe8e93) addi    t4, t4, -1
0 0x0000000080000148 (0xfffe8e93) x29 0x00000001ffffffff
core   0: 0x000000008000014c (0x018e9e93) slli    t4, t4, 24
0 0x000000008000014c (0x018e9e93) x29 0x01ffffffff000000
core   0: 0x0000000080000150 (0x00004191) c.li    gp, 4
0 0x0000000080000150 (0x4191) x 3 0x0000000000000004
core   0: 0x0000000080000152 (0x00002e17) auipc   t3, 0x2
0 0x0000000080000152 (0x00002e17) x28 0x0000000080002152
core   0: 0x0000000080000156 (0xeaee0e13) addi    t3, t3, -338
0 0x0000000080000156 (0xeaee0e13) x28 0x0000000080002000
core   0: 0x000000008000015a (0x01ee2823) sw      t5, 16(t3)
0 0x000000008000015a (0x01ee2823) mem 0x0000000080002010 0x0000000000000000
core   0: 0x000000008000015e (0x33df1c63) bne     t5, t4, pc + 824
0 0x000000008000015e (0x33df1c63)
core   0: 0x0000000080000162 (0x800000b7) lui     ra, 0x80000
0 0x0000000080000162 (0x800000b7) x 1 0xffffffff80000000
core   0: 0x0000000080000166 (0x00e0df13) srli    t5, ra, 14
0 0x0000000080000166 (0x00e0df13) x30 0x0003fffffffe0000
core   0: 0x000000008000016a (0x00100e9b) addiw   t4, zero, 1
0 0x000000008000016a (0x00100e9b) x29 0x0000000000000001
core   0: 0x000000008000016e (0x021e9e93) slli    t4, t4, 33
0 0x000000008000016e (0x021e9e93) x29 0x0000000200000000
core   0: 0x0000000080000172 (0xfffe8e93) addi    t4, t4, -1
0 0x0000000080000172 (0xfffe8e93) x29 0x00000001ffffffff
core   0: 0x0000000080000176 (0x011e9e93) slli    t4, t4, 17
0 0x0000000080000176 (0x011e9e93) x29 0x0003fffffffe0000
core   0: 0x000000008000017a (0x00004195) c.li    gp, 5
0 0x000000008000017a (0x4195) x 3 0x0000000000000005
core   0: 0x000000008000017c (0x00002e17) auipc   t3, 0x2
0 0x000000008000017c (0x00002e17) x28 0x000000008000217c
core   0: 0x0000000080000180 (0xe84e0e13) addi    t3, t3, -380
0 0x0000000080000180 (0xe84e0e13) x28 0x0000000080002000
core   0: 0x0000000080000184 (0x01ee2a23) sw      t5, 20(t3)
0 0x0000000080000184 (0x01ee2a23) mem 0x0000000080002014 0x0000000000000000
core   0: 0x0000000080000188 (0x31df1763) bne     t5, t4, pc + 782
0 0x0000000080000188 (0x31df1763)
core   0: 0x000000008000018c (0x800000b7) lui     ra, 0x80000
0 0x000000008000018c (0x800000b7) x 1 0xffffffff80000000
core   0: 0x0000000080000190 (0x0010809b) addiw   ra, ra, 1
0 0x0000000080000190 (0x0010809b) x 1 0xffffffff80000001
core   0: 0x0000000080000194 (0x01f0df13) srli    t5, ra, 31
0 0x0000000080000194 (0x01f0df13) x30 0x00000001ffffffff
core   0: 0x0000000080000198 (0x00100e9b) addiw   t4, zero, 1
0 0x0000000080000198 (0x00100e9b) x29 0x0000000000000001
core   0: 0x000000008000019c (0x021e9e93) slli    t4, t4, 33
0 0x000000008000019c (0x021e9e93) x29 0x0000000200000000
core   0: 0x00000000800001a0 (0xfffe8e93) addi    t4, t4, -1
0 0x00000000800001a0 (0xfffe8e93) x29 0x00000001ffffffff
core   0: 0x00000000800001a4 (0x00004199) c.li    gp, 6
0 0x00000000800001a4 (0x4199) x 3 0x0000000000000006
core   0: 0x00000000800001a6 (0x00002e17) auipc   t3, 0x2
0 0x00000000800001a6 (0x00002e17) x28 0x00000000800021a6
core   0: 0x00000000800001aa (0xe5ae0e13) addi    t3, t3, -422
0 0x00000000800001aa (0xe5ae0e13) x28 0x0000000080002000
core   0: 0x00000000800001ae (0x01ee2c23) sw      t5, 24(t3)
0 0x00000000800001ae (0x01ee2c23) mem 0x0000000080002018 0x0000000000000000
core   0: 0x00000000800001b2 (0x2fdf1263) bne     t5, t4, pc + 740
0 0x00000000800001b2 (0x2fdf1263)
core   0: 0x00000000800001b6 (0x000050fd) c.li    ra, -1
0 0x00000000800001b6 (0x50fd) x 1 0xffffffffffffffff
core   0: 0x00000000800001b8 (0x0000df13) srli    t5, ra, 0
0 0x00000000800001b8 (0x0000df13) x30 0xffffffffffffffff
core   0: 0x00000000800001bc (0x00005efd) c.li    t4, -1
0 0x00000000800001bc (0x5efd) x29 0xffffffffffffffff
core   0: 0x00000000800001be (0x0000419d) c.li    gp, 7
0 0x00000000800001be (0x419d) x 3 0x0000000000000007
core   0: 0x00000000800001c0 (0x00002e17) auipc   t3, 0x2
0 0x00000000800001c0 (0x00002e17) x28 0x00000000800021c0
core   0: 0x00000000800001c4 (0xe40e0e13) addi    t3, t3, -448
0 0x00000000800001c4 (0xe40e0e13) x28 0x0000000080002000
core   0: 0x00000000800001c8 (0x01ee2e23) sw      t5, 28(t3)
0 0x00000000800001c8 (0x01ee2e23) mem 0x000000008000201c 0x0000000000000000
core   0: 0x00000000800001cc (0x2ddf1563) bne     t5, t4, pc + 714
0 0x00000000800001cc (0x2ddf1563)
core   0: 0x00000000800001d0 (0x000050fd) c.li    ra, -1
0 0x00000000800001d0 (0x50fd) x 1 0xffffffffffffffff
core   0: 0x00000000800001d2 (0x0010df13) srli    t5, ra, 1
0 0x00000000800001d2 (0x0010df13) x30 0x7fffffffffffffff
core   0: 0x00000000800001d6 (0xfff00e9b) addiw   t4, zero, -1
0 0x00000000800001d6 (0xfff00e9b) x29 0xffffffffffffffff
core   0: 0x00000000800001da (0x03fe9e93) slli    t4, t4, 63
0 0x00000000800001da (0x03fe9e93) x29 0x8000000000000000
core   0: 0x00000000800001de (0xfffe8e93) addi    t4, t4, -1
0 0x00000000800001de (0xfffe8e93) x29 0x7fffffffffffffff
core   0: 0x00000000800001e2 (0x000041a1) c.li    gp, 8
0 0x00000000800001e2 (0x41a1) x 3 0x0000000000000008
core   0: 0x00000000800001e4 (0x00002e17) auipc   t3, 0x2
0 0x00000000800001e4 (0x00002e17) x28 0x00000000800021e4
core   0: 0x00000000800001e8 (0xe1ce0e13) addi    t3, t3, -484
0 0x00000000800001e8 (0xe1ce0e13) x28 0x0000000080002000
core   0: 0x00000000800001ec (0x03ee2023) sw      t5, 32(t3)
0 0x00000000800001ec (0x03ee2023) mem 0x0000000080002020 0x0000000000000000
core   0: 0x00000000800001f0 (0x2bdf1363) bne     t5, t4, pc + 678
0 0x00000000800001f0 (0x2bdf1363)
core   0: 0x00000000800001f4 (0x000050fd) c.li    ra, -1
0 0x00000000800001f4 (0x50fd) x 1 0xffffffffffffffff
core   0: 0x00000000800001f6 (0x0070df13) srli    t5, ra, 7
0 0x00000000800001f6 (0x0070df13) x30 0x01ffffffffffffff
core   0: 0x00000000800001fa (0x00100e9b) addiw   t4, zero, 1
0 0x00000000800001fa (0x00100e9b) x29 0x0000000000000001
core   0: 0x00000000800001fe (0x039e9e93) slli    t4, t4, 57
0 0x00000000800001fe (0x039e9e93) x29 0x0200000000000000
core   0: 0x0000000080000202 (0xfffe8e93) addi    t4, t4, -1
0 0x0000000080000202 (0xfffe8e93) x29 0x01ffffffffffffff
core   0: 0x0000000080000206 (0x000041a5) c.li    gp, 9
0 0x0000000080000206 (0x41a5) x 3 0x0000000000000009
core   0: 0x0000000080000208 (0x00002e17) auipc   t3, 0x2
0 0x0000000080000208 (0x00002e17) x28 0x0000000080002208
core   0: 0x000000008000020c (0xdf8e0e13) addi    t3, t3, -520
0 0x000000008000020c (0xdf8e0e13) x28 0x0000000080002000
core   0: 0x0000000080000210 (0x03ee2223) sw      t5, 36(t3)
0 0x0000000080000210 (0x03ee2223) mem 0x0000000080002024 0x0000000000000000
core   0: 0x0000000080000214 (0x29df1163) bne     t5, t4, pc + 642
0 0x0000000080000214 (0x29df1163)
core   0: 0x0000000080000218 (0x000050fd) c.li    ra, -1
0 0x0000000080000218 (0x50fd) x 1 0xffffffffffffffff
core   0: 0x000000008000021a (0x00e0df13) srli    t5, ra, 14
0 0x000000008000021a (0x00e0df13) x30 0x0003ffffffffffff
core   0: 0x000000008000021e (0x00100e9b) addiw   t4, zero, 1
0 0x000000008000021e (0x00100e9b) x29 0x0000000000000001
core   0: 0x0000000080000222 (0x032e9e93) slli    t4, t4, 50
0 0x0000000080000222 (0x032e9e93) x29 0x0004000000000000
core   0: 0x0000000080000226 (0xfffe8e93) addi    t4, t4, -1
0 0x0000000080000226 (0xfffe8e93) x29 0x0003ffffffffffff
core   0: 0x000000008000022a (0x000041a9) c.li    gp, 10
0 0x000000008000022a (0x41a9) x 3 0x000000000000000a
core   0: 0x000000008000022c (0x00002e17) auipc   t3, 0x2
0 0x000000008000022c (0x00002e17) x28 0x000000008000222c
core   0: 0x0000000080000230 (0xdd4e0e13) addi    t3, t3, -556
0 0x0000000080000230 (0xdd4e0e13) x28 0x0000000080002000
core   0: 0x0000000080000234 (0x03ee2423) sw      t5, 40(t3)
0 0x0000000080000234 (0x03ee2423) mem 0x0000000080002028 0x0000000000000000
core   0: 0x0000000080000238 (0x25df1f63) bne     t5, t4, pc + 606
0 0x0000000080000238 (0x25df1f63)
core   0: 0x000000008000023c (0x000050fd) c.li    ra, -1
0 0x000000008000023c (0x50fd) x 1 0xffffffffffffffff
core   0: 0x000000008000023e (0x01f0df13) srli    t5, ra, 31
0 0x000000008000023e (0x01f0df13) x30 0x00000001ffffffff
core   0: 0x0000000080000242 (0x00100e9b) addiw   t4, zero, 1
0 0x0000000080000242 (0x00100e9b) x29 0x0000000000000001
core   0: 0x0000000080000246 (0x021e9e93) slli    t4, t4, 33
0 0x0000000080000246 (0x021e9e93) x29 0x0000000200000000
core   0: 0x000000008000024a (0xfffe8e93) addi    t4, t4, -1
0 0x000000008000024a (0xfffe8e93) x29 0x00000001ffffffff
core   0: 0x000000008000024e (0x000041ad) c.li    gp, 11
0 0x000000008000024e (0x41ad) x 3 0x000000000000000b
core   0: 0x0000000080000250 (0x00002e17) auipc   t3, 0x2
0 0x0000000080000250 (0x00002e17) x28 0x0000000080002250
core   0: 0x0000000080000254 (0xdb0e0e13) addi    t3, t3, -592
0 0x0000000080000254 (0xdb0e0e13) x28 0x0000000080002000
core   0: 0x0000000080000258 (0x03ee2623) sw      t5, 44(t3)
0 0x0000000080000258 (0x03ee2623) mem 0x000000008000202c 0x0000000000000000
core   0: 0x000000008000025c (0x23df1d63) bne     t5, t4, pc + 570
0 0x000000008000025c (0x23df1d63)
core   0: 0x0000000080000260 (0x212120b7) lui     ra, 0x21212
0 0x0000000080000260 (0x212120b7) x 1 0x0000000021212000
core   0: 0x0000000080000264 (0x1210809b) addiw   ra, ra, 289
0 0x0000000080000264 (0x1210809b) x 1 0x0000000021212121
core   0: 0x0000000080000268 (0x0000df13) srli    t5, ra, 0
0 0x0000000080000268 (0x0000df13) x30 0x0000000021212121
core   0: 0x000000008000026c (0x21212eb7) lui     t4, 0x21212
0 0x000000008000026c (0x21212eb7) x29 0x0000000021212000
core   0: 0x0000000080000270 (0x121e8e9b) addiw   t4, t4, 289
0 0x0000000080000270 (0x121e8e9b) x29 0x0000000021212121
core   0: 0x0000000080000274 (0x000041b1) c.li    gp, 12
0 0x0000000080000274 (0x41b1) x 3 0x000000000000000c
core   0: 0x0000000080000276 (0x00002e17) auipc   t3, 0x2
0 0x0000000080000276 (0x00002e17) x28 0x0000000080002276
core   0: 0x000000008000027a (0xd8ae0e13) addi    t3, t3, -630
0 0x000000008000027a (0xd8ae0e13) x28 0x0000000080002000
core   0: 0x000000008000027e (0x03ee2823) sw      t5, 48(t3)
0 0x000000008000027e (0x03ee2823) mem 0x0000000080002030 0x0000000000000000
core   0: 0x0000000080000282 (0x21df1a63) bne     t5, t4, pc + 532
0 0x0000000080000282 (0x21df1a63)
core   0: 0x0000000080000286 (0x212120b7) lui     ra, 0x21212
0 0x0000000080000286 (0x212120b7) x 1 0x0000000021212000
core   0: 0x000000008000028a (0x1210809b) addiw   ra, ra, 289
0 0x000000008000028a (0x1210809b) x 1 0x0000000021212121
core   0: 0x000000008000028e (0x0010df13) srli    t5, ra, 1
0 0x000000008000028e (0x0010df13) x30 0x0000000010909090
core   0: 0x0000000080000292 (0x10909eb7) lui     t4, 0x10909
0 0x0000000080000292 (0x10909eb7) x29 0x0000000010909000
core   0: 0x0000000080000296 (0x090e8e9b) addiw   t4, t4, 144
0 0x0000000080000296 (0x090e8e9b) x29 0x0000000010909090
core   0: 0x000000008000029a (0x000041b5) c.li    gp, 13
0 0x000000008000029a (0x41b5) x 3 0x000000000000000d
core   0: 0x000000008000029c (0x00002e17) auipc   t3, 0x2
0 0x000000008000029c (0x00002e17) x28 0x000000008000229c
core   0: 0x00000000800002a0 (0xd64e0e13) addi    t3, t3, -668
0 0x00000000800002a0 (0xd64e0e13) x28 0x0000000080002000
core   0: 0x00000000800002a4 (0x03ee2a23) sw      t5, 52(t3)
0 0x00000000800002a4 (0x03ee2a23) mem 0x0000000080002034 0x0000000000000000
core   0: 0x00000000800002a8 (0x1fdf1763) bne     t5, t4, pc + 494
0 0x00000000800002a8 (0x1fdf1763)
core   0: 0x00000000800002ac (0x212120b7) lui     ra, 0x21212
0 0x00000000800002ac (0x212120b7) x 1 0x0000000021212000
core   0: 0x00000000800002b0 (0x1210809b) addiw   ra, ra, 289
0 0x00000000800002b0 (0x1210809b) x 1 0x0000000021212121
core   0: 0x00000000800002b4 (0x0070df13) srli    t5, ra, 7
0 0x00000000800002b4 (0x0070df13) x30 0x0000000000424242
core   0: 0x00000000800002b8 (0x00424eb7) lui     t4, 0x424
0 0x00000000800002b8 (0x00424eb7) x29 0x0000000000424000
core   0: 0x00000000800002bc (0x242e8e9b) addiw   t4, t4, 578
0 0x00000000800002bc (0x242e8e9b) x29 0x0000000000424242
core   0: 0x00000000800002c0 (0x000041b9) c.li    gp, 14
0 0x00000000800002c0 (0x41b9) x 3 0x000000000000000e
core   0: 0x00000000800002c2 (0x00002e17) auipc   t3, 0x2
0 0x00000000800002c2 (0x00002e17) x28 0x00000000800022c2
core   0: 0x00000000800002c6 (0xd3ee0e13) addi    t3, t3, -706
0 0x00000000800002c6 (0xd3ee0e13) x28 0x0000000080002000
core   0: 0x00000000800002ca (0x03ee2c23) sw      t5, 56(t3)
0 0x00000000800002ca (0x03ee2c23) mem 0x0000000080002038 0x0000000000000000
core   0: 0x00000000800002ce (0x1ddf1463) bne     t5, t4, pc + 456
0 0x00000000800002ce (0x1ddf1463)
core   0: 0x00000000800002d2 (0x212120b7) lui     ra, 0x21212
0 0x00000000800002d2 (0x212120b7) x 1 0x0000000021212000
core   0: 0x00000000800002d6 (0x1210809b) addiw   ra, ra, 289
0 0x00000000800002d6 (0x1210809b) x 1 0x0000000021212121
core   0: 0x00000000800002da (0x00e0df13) srli    t5, ra, 14
0 0x00000000800002da (0x00e0df13) x30 0x0000000000008484
core   0: 0x00000000800002de (0x00008eb7) lui     t4, 0x8
0 0x00000000800002de (0x00008eb7) x29 0x0000000000008000
core   0: 0x00000000800002e2 (0x484e8e9b) addiw   t4, t4, 1156
0 0x00000000800002e2 (0x484e8e9b) x29 0x0000000000008484
core   0: 0x00000000800002e6 (0x000041bd) c.li    gp, 15
0 0x00000000800002e6 (0x41bd) x 3 0x000000000000000f
core   0: 0x00000000800002e8 (0x00002e17) auipc   t3, 0x2
0 0x00000000800002e8 (0x00002e17) x28 0x00000000800022e8
core   0: 0x00000000800002ec (0xd18e0e13) addi    t3, t3, -744
0 0x00000000800002ec (0xd18e0e13) x28 0x0000000080002000
core   0: 0x00000000800002f0 (0x03ee2e23) sw      t5, 60(t3)
0 0x00000000800002f0 (0x03ee2e23) mem 0x000000008000203c 0x0000000000000000
core   0: 0x00000000800002f4 (0x1bdf1163) bne     t5, t4, pc + 418
0 0x00000000800002f4 (0x1bdf1163)
core   0: 0x00000000800002f8 (0x212120b7) lui     ra, 0x21212
0 0x00000000800002f8 (0x212120b7) x 1 0x0000000021212000
core   0: 0x00000000800002fc (0x1210809b) addiw   ra, ra, 289
0 0x00000000800002fc (0x1210809b) x 1 0x0000000021212121
core   0: 0x0000000080000300 (0x01f0df13) srli    t5, ra, 31
0 0x0000000080000300 (0x01f0df13) x30 0x0000000000000000
core   0: 0x0000000080000304 (0x00004e81) c.li    t4, 0
0 0x0000000080000304 (0x4e81) x29 0x0000000000000000
core   0: 0x0000000080000306 (0x000041c1) c.li    gp, 16
0 0x0000000080000306 (0x41c1) x 3 0x0000000000000010
core   0: 0x0000000080000308 (0x00002e17) auipc   t3, 0x2
0 0x0000000080000308 (0x00002e17) x28 0x0000000080002308
core   0: 0x000000008000030c (0xcf8e0e13) addi    t3, t3, -776
0 0x000000008000030c (0xcf8e0e13) x28 0x0000000080002000
core   0: 0x0000000080000310 (0x05ee2023) sw      t5, 64(t3)
0 0x0000000080000310 (0x05ee2023) mem 0x0000000080002040 0x0000000000000000
core   0: 0x0000000080000314 (0x19df1163) bne     t5, t4, pc + 386
0 0x0000000080000314 (0x19df1163)
core   0: 0x0000000080000318 (0x0010009b) addiw   ra, zero, 1
0 0x0000000080000318 (0x0010009b) x 1 0x0000000000000001
core   0: 0x000000008000031c (0x01f09093) slli    ra, ra, 31
0 0x000000008000031c (0x01f09093) x 1 0x0000000080000000
core   0: 0x0000000080000320 (0x0070d093) srli    ra, ra, 7
0 0x0000000080000320 (0x0070d093) x 1 0x0000000001000000
core   0: 0x0000000080000324 (0x01000eb7) lui     t4, 0x1000
0 0x0000000080000324 (0x01000eb7) x29 0x0000000001000000
core   0: 0x0000000080000328 (0x000041c5) c.li    gp, 17
0 0x0000000080000328 (0x41c5) x 3 0x0000000000000011
core   0: 0x000000008000032a (0x00002e17) auipc   t3, 0x2
0 0x000000008000032a (0x00002e17) x28 0x000000008000232a
core   0: 0x000000008000032e (0xcd6e0e13) addi    t3, t3, -810
0 0x000000008000032e (0xcd6e0e13) x28 0x0000000080002000
core   0: 0x0000000080000332 (0x041e2223) sw      ra, 68(t3)
0 0x0000000080000332 (0x041e2223) mem 0x0000000080002044 0x0000000000000000
core   0: 0x0000000080000336 (0x17d09063) bne     ra, t4, pc + 352
0 0x0000000080000336 (0x17d09063)
core   0: 0x000000008000033a (0x00004201) c.li    tp, 0
0 0x000000008000033a (0x4201) x 4 0x0000000000000000
core   0: 0x000000008000033c (0x0010009b) addiw   ra, zero, 1
0 0x000000008000033c (0x0010009b) x 1 0x0000000000000001
core   0: 0x0000000080000340 (0x01f09093) slli    ra, ra, 31
0 0x0000000080000340 (0x01f09093) x 1 0x0000000080000000
core   0: 0x0000000080000344 (0x0070df13) srli    t5, ra, 7
0 0x0000000080000344 (0x0070df13) x30 0x0000000001000000
core   0: 0x0000000080000348 (0x000f0313) mv      t1, t5
0 0x0000000080000348 (0x000f0313) x 6 0x0000000001000000
core   0: 0x000000008000034c (0x00000205) c.addi  tp, 1
0 0x000000008000034c (0x0205) x 4 0x0000000000000001
core   0: 0x000000008000034e (0x00004289) c.li    t0, 2
0 0x000000008000034e (0x4289) x 5 0x0000000000000002
core   0: 0x0000000080000350 (0xfe5216e3) bne     tp, t0, pc - 20
0 0x0000000080000350 (0xfe5216e3)
core   0: 0x000000008000033c (0x0010009b) addiw   ra, zero, 1
0 0x000000008000033c (0x0010009b) x 1 0x0000000000000001
core   0: 0x0000000080000340 (0x01f09093) slli    ra, ra, 31
0 0x0000000080000340 (0x01f09093) x 1 0x0000000080000000
core   0: 0x0000000080000344 (0x0070df13) srli    t5, ra, 7
0 0x0000000080000344 (0x0070df13) x30 0x0000000001000000
core   0: 0x0000000080000348 (0x000f0313) mv      t1, t5
0 0x0000000080000348 (0x000f0313) x 6 0x0000000001000000
core   0: 0x000000008000034c (0x00000205) c.addi  tp, 1
0 0x000000008000034c (0x0205) x 4 0x0000000000000002
core   0: 0x000000008000034e (0x00004289) c.li    t0, 2
0 0x000000008000034e (0x4289) x 5 0x0000000000000002
core   0: 0x0000000080000350 (0xfe5216e3) bne     tp, t0, pc - 20
0 0x0000000080000350 (0xfe5216e3)
core   0: 0x0000000080000354 (0x01000eb7) lui     t4, 0x1000
0 0x0000000080000354 (0x01000eb7) x29 0x0000000001000000
core   0: 0x0000000080000358 (0x000041c9) c.li    gp, 18
0 0x0000000080000358 (0x41c9) x 3 0x0000000000000012
core   0: 0x000000008000035a (0x00002e17) auipc   t3, 0x2
0 0x000000008000035a (0x00002e17) x28 0x000000008000235a
core   0: 0x000000008000035e (0xca6e0e13) addi    t3, t3, -858
0 0x000000008000035e (0xca6e0e13) x28 0x0000000080002000
core   0: 0x0000000080000362 (0x046e2423) sw      t1, 72(t3)
0 0x0000000080000362 (0x046e2423) mem 0x0000000080002048 0x0000000000000000
core   0: 0x0000000080000366 (0x13d31863) bne     t1, t4, pc + 304
0 0x0000000080000366 (0x13d31863)
core   0: 0x000000008000036a (0x00004201) c.li    tp, 0
0 0x000000008000036a (0x4201) x 4 0x0000000000000000
core   0: 0x000000008000036c (0x0010009b) addiw   ra, zero, 1
0 0x000000008000036c (0x0010009b) x 1 0x0000000000000001
core   0: 0x0000000080000370 (0x01f09093) slli    ra, ra, 31
0 0x0000000080000370 (0x01f09093) x 1 0x0000000080000000
core   0: 0x0000000080000374 (0x00e0df13) srli    t5, ra, 14
0 0x0000000080000374 (0x00e0df13) x30 0x0000000000020000
core   0: 0x0000000080000378 (0x00000001) c.nop
0 0x0000000080000378 (0x0001)
core   0: 0x000000008000037a (0x000f0313) mv      t1, t5
0 0x000000008000037a (0x000f0313) x 6 0x0000000000020000
core   0: 0x000000008000037e (0x00000205) c.addi  tp, 1
0 0x000000008000037e (0x0205) x 4 0x0000000000000001
core   0: 0x0000000080000380 (0x00004289) c.li    t0, 2
0 0x0000000080000380 (0x4289) x 5 0x0000000000000002
core   0: 0x0000000080000382 (0xfe5215e3) bne     tp, t0, pc - 22
0 0x0000000080000382 (0xfe5215e3)
core   0: 0x000000008000036c (0x0010009b) addiw   ra, zero, 1
0 0x000000008000036c (0x0010009b) x 1 0x0000000000000001
core   0: 0x0000000080000370 (0x01f09093) slli    ra, ra, 31
0 0x0000000080000370 (0x01f09093) x 1 0x0000000080000000
core   0: 0x0000000080000374 (0x00e0df13) srli    t5, ra, 14
0 0x0000000080000374 (0x00e0df13) x30 0x0000000000020000
core   0: 0x0000000080000378 (0x00000001) c.nop
0 0x0000000080000378 (0x0001)
core   0: 0x000000008000037a (0x000f0313) mv      t1, t5
0 0x000000008000037a (0x000f0313) x 6 0x0000000000020000
core   0: 0x000000008000037e (0x00000205) c.addi  tp, 1
0 0x000000008000037e (0x0205) x 4 0x0000000000000002
core   0: 0x0000000080000380 (0x00004289) c.li    t0, 2
0 0x0000000080000380 (0x4289) x 5 0x0000000000000002
core   0: 0x0000000080000382 (0xfe5215e3) bne     tp, t0, pc - 22
0 0x0000000080000382 (0xfe5215e3)
core   0: 0x0000000080000386 (0x00020eb7) lui     t4, 0x20
0 0x0000000080000386 (0x00020eb7) x29 0x0000000000020000
core   0: 0x000000008000038a (0x000041cd) c.li    gp, 19
0 0x000000008000038a (0x41cd) x 3 0x0000000000000013
core   0: 0x000000008000038c (0x00002e17) auipc   t3, 0x2
0 0x000000008000038c (0x00002e17) x28 0x000000008000238c
core   0: 0x0000000080000390 (0xc74e0e13) addi    t3, t3, -908
0 0x0000000080000390 (0xc74e0e13) x28 0x0000000080002000
core   0: 0x0000000080000394 (0x046e2623) sw      t1, 76(t3)
0 0x0000000080000394 (0x046e2623) mem 0x000000008000204c 0x0000000000000000
core   0: 0x0000000080000398 (0x0fd31f63) bne     t1, t4, pc + 254
0 0x0000000080000398 (0x0fd31f63)
core   0: 0x000000008000039c (0x00004201) c.li    tp, 0
0 0x000000008000039c (0x4201) x 4 0x0000000000000000
core   0: 0x000000008000039e (0x0010009b) addiw   ra, zero, 1
0 0x000000008000039e (0x0010009b) x 1 0x0000000000000001
core   0: 0x00000000800003a2 (0x01f09093) slli    ra, ra, 31
0 0x00000000800003a2 (0x01f09093) x 1 0x0000000080000000
core   0: 0x00000000800003a6 (0x00108093) addi    ra, ra, 1
0 0x00000000800003a6 (0x00108093) x 1 0x0000000080000001
core   0: 0x00000000800003aa (0x01f0df13) srli    t5, ra, 31
0 0x00000000800003aa (0x01f0df13) x30 0x0000000000000001
core   0: 0x00000000800003ae (0x00000001) c.nop
0 0x00000000800003ae (0x0001)
core   0: 0x00000000800003b0 (0x00000001) c.nop
0 0x00000000800003b0 (0x0001)
core   0: 0x00000000800003b2 (0x000f0313) mv      t1, t5
0 0x00000000800003b2 (0x000f0313) x 6 0x0000000000000001
core   0: 0x00000000800003b6 (0x00000205) c.addi  tp, 1
0 0x00000000800003b6 (0x0205) x 4 0x0000000000000001
core   0: 0x00000000800003b8 (0x00004289) c.li    t0, 2
0 0x00000000800003b8 (0x4289) x 5 0x0000000000000002
core   0: 0x00000000800003ba (0xfe5212e3) bne     tp, t0, pc - 28
0 0x00000000800003ba (0xfe5212e3)
core   0: 0x000000008000039e (0x0010009b) addiw   ra, zero, 1
0 0x000000008000039e (0x0010009b) x 1 0x0000000000000001
core   0: 0x00000000800003a2 (0x01f09093) slli    ra, ra, 31
0 0x00000000800003a2 (0x01f09093) x 1 0x0000000080000000
core   0: 0x00000000800003a6 (0x00108093) addi    ra, ra, 1
0 0x00000000800003a6 (0x00108093) x 1 0x0000000080000001
core   0: 0x00000000800003aa (0x01f0df13) srli    t5, ra, 31
0 0x00000000800003aa (0x01f0df13) x30 0x0000000000000001
core   0: 0x00000000800003ae (0x00000001) c.nop
0 0x00000000800003ae (0x0001)
core   0: 0x00000000800003b0 (0x00000001) c.nop
0 0x00000000800003b0 (0x0001)
core   0: 0x00000000800003b2 (0x000f0313) mv      t1, t5
0 0x00000000800003b2 (0x000f0313) x 6 0x0000000000000001
core   0: 0x00000000800003b6 (0x00000205) c.addi  tp, 1
0 0x00000000800003b6 (0x0205) x 4 0x0000000000000002
core   0: 0x00000000800003b8 (0x00004289) c.li    t0, 2
0 0x00000000800003b8 (0x4289) x 5 0x0000000000000002
core   0: 0x00000000800003ba (0xfe5212e3) bne     tp, t0, pc - 28
0 0x00000000800003ba (0xfe5212e3)
core   0: 0x00000000800003be (0x00004e85) c.li    t4, 1
0 0x00000000800003be (0x4e85) x29 0x0000000000000001
core   0: 0x00000000800003c0 (0x000041d1) c.li    gp, 20
0 0x00000000800003c0 (0x41d1) x 3 0x0000000000000014
core   0: 0x00000000800003c2 (0x00002e17) auipc   t3, 0x2
0 0x00000000800003c2 (0x00002e17) x28 0x00000000800023c2
core   0: 0x00000000800003c6 (0xc3ee0e13) addi    t3, t3, -962
0 0x00000000800003c6 (0xc3ee0e13) x28 0x0000000080002000
core   0: 0x00000000800003ca (0x046e2823) sw      t1, 80(t3)
0 0x00000000800003ca (0x046e2823) mem 0x0000000080002050 0x0000000000000000
core   0: 0x00000000800003ce (0x0dd31463) bne     t1, t4, pc + 200
0 0x00000000800003ce (0x0dd31463)
core   0: 0x00000000800003d2 (0x00004201) c.li    tp, 0
0 0x00000000800003d2 (0x4201) x 4 0x0000000000000000
core   0: 0x00000000800003d4 (0x0010009b) addiw   ra, zero, 1
0 0x00000000800003d4 (0x0010009b) x 1 0x0000000000000001
core   0: 0x00000000800003d8 (0x01f09093) slli    ra, ra, 31
0 0x00000000800003d8 (0x01f09093) x 1 0x0000000080000000
core   0: 0x00000000800003dc (0x0070df13) srli    t5, ra, 7
0 0x00000000800003dc (0x0070df13) x30 0x0000000001000000
core   0: 0x00000000800003e0 (0x00000205) c.addi  tp, 1
0 0x00000000800003e0 (0x0205) x 4 0x0000000000000001
core   0: 0x00000000800003e2 (0x00004289) c.li    t0, 2
0 0x00000000800003e2 (0x4289) x 5 0x0000000000000002
core   0: 0x00000000800003e4 (0xfe5218e3) bne     tp, t0, pc - 16
0 0x00000000800003e4 (0xfe5218e3)
core   0: 0x00000000800003d4 (0x0010009b) addiw   ra, zero, 1
0 0x00000000800003d4 (0x0010009b) x 1 0x0000000000000001
core   0: 0x00000000800003d8 (0x01f09093) slli    ra, ra, 31
0 0x00000000800003d8 (0x01f09093) x 1 0x0000000080000000
core   0: 0x00000000800003dc (0x0070df13) srli    t5, ra, 7
0 0x00000000800003dc (0x0070df13) x30 0x0000000001000000
core   0: 0x00000000800003e0 (0x00000205) c.addi  tp, 1
0 0x00000000800003e0 (0x0205) x 4 0x0000000000000002
core   0: 0x00000000800003e2 (0x00004289) c.li    t0, 2
0 0x00000000800003e2 (0x4289) x 5 0x0000000000000002
core   0: 0x00000000800003e4 (0xfe5218e3) bne     tp, t0, pc - 16
0 0x00000000800003e4 (0xfe5218e3)
core   0: 0x00000000800003e8 (0x01000eb7) lui     t4, 0x1000
0 0x00000000800003e8 (0x01000eb7) x29 0x0000000001000000
core   0: 0x00000000800003ec (0x000041d5) c.li    gp, 21
0 0x00000000800003ec (0x41d5) x 3 0x0000000000000015
core   0: 0x00000000800003ee (0x00002e17) auipc   t3, 0x2
0 0x00000000800003ee (0x00002e17) x28 0x00000000800023ee
core   0: 0x00000000800003f2 (0xc12e0e13) addi    t3, t3, -1006
0 0x00000000800003f2 (0xc12e0e13) x28 0x0000000080002000
core   0: 0x00000000800003f6 (0x05ee2a23) sw      t5, 84(t3)
0 0x00000000800003f6 (0x05ee2a23) mem 0x0000000080002054 0x0000000000000000
core   0: 0x00000000800003fa (0x09df1e63) bne     t5, t4, pc + 156
0 0x00000000800003fa (0x09df1e63)
core   0: 0x00000000800003fe (0x00004201) c.li    tp, 0
0 0x00000000800003fe (0x4201) x 4 0x0000000000000000
core   0: 0x0000000080000400 (0x0010009b) addiw   ra, zero, 1
0 0x0000000080000400 (0x0010009b) x 1 0x0000000000000001
core   0: 0x0000000080000404 (0x01f09093) slli    ra, ra, 31
0 0x0000000080000404 (0x01f09093) x 1 0x0000000080000000
core   0: 0x0000000080000408 (0x00000001) c.nop
0 0x0000000080000408 (0x0001)
core   0: 0x000000008000040a (0x00e0df13) srli    t5, ra, 14
0 0x000000008000040a (0x00e0df13) x30 0x0000000000020000
core   0: 0x000000008000040e (0x00000205) c.addi  tp, 1
0 0x000000008000040e (0x0205) x 4 0x0000000000000001
core   0: 0x0000000080000410 (0x00004289) c.li    t0, 2
0 0x0000000080000410 (0x4289) x 5 0x0000000000000002
core   0: 0x0000000080000412 (0xfe5217e3) bne     tp, t0, pc - 18
0 0x0000000080000412 (0xfe5217e3)
core   0: 0x0000000080000400 (0x0010009b) addiw   ra, zero, 1
0 0x0000000080000400 (0x0010009b) x 1 0x0000000000000001
core   0: 0x0000000080000404 (0x01f09093) slli    ra, ra, 31
0 0x0000000080000404 (0x01f09093) x 1 0x0000000080000000
core   0: 0x0000000080000408 (0x00000001) c.nop
0 0x0000000080000408 (0x0001)
core   0: 0x000000008000040a (0x00e0df13) srli    t5, ra, 14
0 0x000000008000040a (0x00e0df13) x30 0x0000000000020000
core   0: 0x000000008000040e (0x00000205) c.addi  tp, 1
0 0x000000008000040e (0x0205) x 4 0x0000000000000002
core   0: 0x0000000080000410 (0x00004289) c.li    t0, 2
0 0x0000000080000410 (0x4289) x 5 0x0000000000000002
core   0: 0x0000000080000412 (0xfe5217e3) bne     tp, t0, pc - 18
0 0x0000000080000412 (0xfe5217e3)
core   0: 0x0000000080000416 (0x00020eb7) lui     t4, 0x20
0 0x0000000080000416 (0x00020eb7) x29 0x0000000000020000
core   0: 0x000000008000041a (0x000041d9) c.li    gp, 22
0 0x000000008000041a (0x41d9) x 3 0x0000000000000016
core   0: 0x000000008000041c (0x00002e17) auipc   t3, 0x2
0 0x000000008000041c (0x00002e17) x28 0x000000008000241c
core   0: 0x0000000080000420 (0xbe4e0e13) addi    t3, t3, -1052
0 0x0000000080000420 (0xbe4e0e13) x28 0x0000000080002000
core   0: 0x0000000080000424 (0x05ee2c23) sw      t5, 88(t3)
0 0x0000000080000424 (0x05ee2c23) mem 0x0000000080002058 0x0000000000000000
core   0: 0x0000000080000428 (0x07df1763) bne     t5, t4, pc + 110
0 0x0000000080000428 (0x07df1763)
core   0: 0x000000008000042c (0x00004201) c.li    tp, 0
0 0x000000008000042c (0x4201) x 4 0x0000000000000000
core   0: 0x000000008000042e (0x0010009b) addiw   ra, zero, 1
0 0x000000008000042e (0x0010009b) x 1 0x0000000000000001
core   0: 0x0000000080000432 (0x01f09093) slli    ra, ra, 31
0 0x0000000080000432 (0x01f09093) x 1 0x0000000080000000
core   0: 0x0000000080000436 (0x00108093) addi    ra, ra, 1
0 0x0000000080000436 (0x00108093) x 1 0x0000000080000001
core   0: 0x000000008000043a (0x00000001) c.nop
0 0x000000008000043a (0x0001)
core   0: 0x000000008000043c (0x00000001) c.nop
0 0x000000008000043c (0x0001)
core   0: 0x000000008000043e (0x01f0df13) srli    t5, ra, 31
0 0x000000008000043e (0x01f0df13) x30 0x0000000000000001
core   0: 0x0000000080000442 (0x00000205) c.addi  tp, 1
0 0x0000000080000442 (0x0205) x 4 0x0000000000000001
core   0: 0x0000000080000444 (0x00004289) c.li    t0, 2
0 0x0000000080000444 (0x4289) x 5 0x0000000000000002
core   0: 0x0000000080000446 (0xfe5214e3) bne     tp, t0, pc - 24
0 0x0000000080000446 (0xfe5214e3)
core   0: 0x000000008000042e (0x0010009b) addiw   ra, zero, 1
0 0x000000008000042e (0x0010009b) x 1 0x0000000000000001
core   0: 0x0000000080000432 (0x01f09093) slli    ra, ra, 31
0 0x0000000080000432 (0x01f09093) x 1 0x0000000080000000
core   0: 0x0000000080000436 (0x00108093) addi    ra, ra, 1
0 0x0000000080000436 (0x00108093) x 1 0x0000000080000001
core   0: 0x000000008000043a (0x00000001) c.nop
0 0x000000008000043a (0x0001)
core   0: 0x000000008000043c (0x00000001) c.nop
0 0x000000008000043c (0x0001)
core   0: 0x000000008000043e (0x01f0df13) srli    t5, ra, 31
0 0x000000008000043e (0x01f0df13) x30 0x0000000000000001
core   0: 0x0000000080000442 (0x00000205) c.addi  tp, 1
0 0x0000000080000442 (0x0205) x 4 0x0000000000000002
core   0: 0x0000000080000444 (0x00004289) c.li    t0, 2
0 0x0000000080000444 (0x4289) x 5 0x0000000000000002
core   0: 0x0000000080000446 (0xfe5214e3) bne     tp, t0, pc - 24
0 0x0000000080000446 (0xfe5214e3)
core   0: 0x000000008000044a (0x00004e85) c.li    t4, 1
0 0x000000008000044a (0x4e85) x29 0x0000000000000001
core   0: 0x000000008000044c (0x000041dd) c.li    gp, 23
0 0x000000008000044c (0x41dd) x 3 0x0000000000000017
core   0: 0x000000008000044e (0x00002e17) auipc   t3, 0x2
0 0x000000008000044e (0x00002e17) x28 0x000000008000244e
core   0: 0x0000000080000452 (0xbb2e0e13) addi    t3, t3, -1102
0 0x0000000080000452 (0xbb2e0e13) x28 0x0000000080002000
core   0: 0x0000000080000456 (0x05ee2e23) sw      t5, 92(t3)
0 0x0000000080000456 (0x05ee2e23) mem 0x000000008000205c 0x0000000000000000
core   0: 0x000000008000045a (0x03df1e63) bne     t5, t4, pc + 60
0 0x000000008000045a (0x03df1e63)
core   0: 0x000000008000045e (0x00405093) srli    ra, zero, 4
0 0x000000008000045e (0x00405093) x 1 0x0000000000000000
core   0: 0x0000000080000462 (0x00004e81) c.li    t4, 0
0 0x0000000080000462 (0x4e81) x29 0x0000000000000000
core   0: 0x0000000080000464 (0x000041e1) c.li    gp, 24
0 0x0000000080000464 (0x41e1) x 3 0x0000000000000018
core   0: 0x0000000080000466 (0x00002e17) auipc   t3, 0x2
0 0x0000000080000466 (0x00002e17) x28 0x0000000080002466
core   0: 0x000000008000046a (0xb9ae0e13) addi    t3, t3, -1126
0 0x000000008000046a (0xb9ae0e13) x28 0x0000000080002000
core   0: 0x000000008000046e (0x061e2023) sw      ra, 96(t3)
0 0x000000008000046e (0x061e2023) mem 0x0000000080002060 0x0000000000000000
core   0: 0x0000000080000472 (0x03d09263) bne     ra, t4, pc + 36
0 0x0000000080000472 (0x03d09263)
core   0: 0x0000000080000476 (0x02100093) li      ra, 33
0 0x0000000080000476 (0x02100093) x 1 0x0000000000000021
core   0: 0x000000008000047a (0x00a0d013) srli    zero, ra, 10
0 0x000000008000047a (0x00a0d013)
core   0: 0x000000008000047e (0x00004e81) c.li    t4, 0
0 0x000000008000047e (0x4e81) x29 0x0000000000000000
core   0: 0x0000000080000480 (0x000041e5) c.li    gp, 25
0 0x0000000080000480 (0x41e5) x 3 0x0000000000000019
core   0: 0x0000000080000482 (0x00002e17) auipc   t3, 0x2
0 0x0000000080000482 (0x00002e17) x28 0x0000000080002482
core   0: 0x0000000080000486 (0xb7ee0e13) addi    t3, t3, -1154
0 0x0000000080000486 (0xb7ee0e13) x28 0x0000000080002000
core   0: 0x000000008000048a (0x060e2223) sw      zero, 100(t3)
0 0x000000008000048a (0x060e2223) mem 0x0000000080002064 0x0000000000000000
core   0: 0x000000008000048e (0x01d01463) bne     zero, t4, pc + 8
0 0x000000008000048e (0x01d01463)
core   0: 0x0000000080000492 (0x00301d63) bne     zero, gp, pc + 26
0 0x0000000080000492 (0x00301d63)
core   0: 0x00000000800004ac (0x0ff0000f) fence   iorw,iorw
0 0x00000000800004ac (0x0ff0000f)
core   0: 0x00000000800004b0 (0x00004185) c.li    gp, 1
0 0x00000000800004b0 (0x4185) x 3 0x0000000000000001
core   0: 0x00000000800004b2 (0x00002e17) auipc   t3, 0x2
0 0x00000000800004b2 (0x00002e17) x28 0x00000000800024b2
core   0: 0x00000000800004b6 (0xb4ee0e13) addi    t3, t3, -1202
0 0x00000000800004b6 (0xb4ee0e13) x28 0x0000000080002000
core   0: 0x00000000800004ba (0x003e2023) sw      gp, 0(t3)
0 0x00000000800004ba (0x003e2023) mem 0x0000000080002000 0x0000000000000000
core   0: 0x00000000800004be (0x00000073) ecall
0 0x00000000800004be (0x00000073)
