core   0: 0x0000000000010000 (0x00100413) li      s0, 1
3 0x0000000000010000 (0x00100413) x 8 0x0000000000000001
core   0: 0x0000000000010004 (0x01f41413) slli    s0, s0, 31
3 0x0000000000010004 (0x01f41413) x 8 0x0000000080000000
core   0: 0x0000000000010008 (0xf1402573) csrr    a0, mhartid
3 0x0000000000010008 (0xf1402573) x10 0x0000000000000000
core   0: 0x000000000001000c (0x00000597) auipc   a1, 0x0
3 0x000000000001000c (0x00000597) x11 0x000000000001000c
core   0: 0x0000000000010010 (0x07458593) addi    a1, a1, 116
3 0x0000000000010010 (0x07458593) x11 0x0000000000010080
core   0: 0x0000000000010014 (0x00040067) jr      s0
3 0x0000000000010014 (0x00040067)
core   0: 0x0000000080000000 (0x0000a081) c.j     pc + 64
3 0x0000000080000000 (0xa081)
core   0: 0x0000000080000040 (0xf1402573) csrr    a0, mhartid
3 0x0000000080000040 (0xf1402573) x10 0x0000000000000000
core   0: 0x0000000080000044 (0x0000e101) c.bnez  a0, pc + 0
3 0x0000000080000044 (0xe101)
core   0: 0x0000000080000046 (0x00000297) auipc   t0, 0x0
3 0x0000000080000046 (0x00000297) x 5 0x0000000080000046
core   0: 0x000000008000004a (0x01228293) addi    t0, t0, 18
3 0x000000008000004a (0x01228293) x 5 0x0000000080000058
core   0: 0x000000008000004e (0x30529073) csrw    mtvec, t0
3 0x000000008000004e (0x30529073)
core   0: 0x0000000080000052 (0x18005073) csrwi   satp, 0
3 0x0000000080000052 (0x18005073)
core   0: 0x0000000080000056 (0x00000001) c.nop
3 0x0000000080000056 (0x0001)
core   0: 0x0000000080000058 (0x00000297) auipc   t0, 0x0
3 0x0000000080000058 (0x00000297) x 5 0x0000000080000058
core   0: 0x000000008000005c (0x01828293) addi    t0, t0, 24
3 0x000000008000005c (0x01828293) x 5 0x0000000080000070
core   0: 0x0000000080000060 (0x30529073) csrw    mtvec, t0
3 0x0000000080000060 (0x30529073)
core   0: 0x0000000080000064 (0x000052fd) c.li    t0, -1
3 0x0000000080000064 (0x52fd) x 5 0xffffffffffffffff
core   0: 0x0000000080000066 (0x3b029073) csrw    pmpaddr0, t0
3 0x0000000080000066 (0x3b029073)
core   0: 0x000000008000006a (0x000042fd) c.li    t0, 31
3 0x000000008000006a (0x42fd) x 5 0x000000000000001f
core   0: 0x000000008000006c (0x3a029073) csrw    pmpcfg0, t0
3 0x000000008000006c (0x3a029073)
core   0: 0x0000000080000070 (0x00000297) auipc   t0, 0x0
3 0x0000000080000070 (0x00000297) x 5 0x0000000080000070
core   0: 0x0000000080000074 (0x01828293) addi    t0, t0, 24
3 0x0000000080000074 (0x01828293) x 5 0x0000000080000088
core   0: 0x0000000080000078 (0x30529073) csrw    mtvec, t0
3 0x0000000080000078 (0x30529073)
core   0: 0x000000008000007c (0x30205073) csrwi   medeleg, 0
3 0x000000008000007c (0x30205073)
core   0: 0x0000000080000080 (0x30305073) csrwi   mideleg, 0
3 0x0000000080000080 (0x30305073)
core   0: 0x0000000080000084 (0x30405073) csrwi   mie, 0
3 0x0000000080000084 (0x30405073)
core   0: 0x0000000080000088 (0x00004181) c.li    gp, 0
3 0x0000000080000088 (0x4181) x 3 0x0000000000000000
core   0: 0x000000008000008a (0x00000297) auipc   t0, 0x0
3 0x000000008000008a (0x00000297) x 5 0x000000008000008a
core   0: 0x000000008000008e (0xf7a28293) addi    t0, t0, -134
3 0x000000008000008e (0xf7a28293) x 5 0x0000000080000004
core   0: 0x0000000080000092 (0x30529073) csrw    mtvec, t0
3 0x0000000080000092 (0x30529073)
core   0: 0x0000000080000096 (0x00004505) c.li    a0, 1
3 0x0000000080000096 (0x4505) x10 0x0000000000000001
core   0: 0x0000000080000098 (0x0000057e) c.slli  a0, 31
3 0x0000000080000098 (0x057e) x10 0x0000000080000000
core   0: 0x000000008000009a (0x00055763) bgez    a0, pc + 14
3 0x000000008000009a (0x00055763)
core   0: 0x00000000800000a8 (0x80000297) auipc   t0, 0x80000
3 0x00000000800000a8 (0x80000297) x 5 0x00000000000000a8
core   0: 0x00000000800000ac (0xf5828293) addi    t0, t0, -168
3 0x00000000800000ac (0xf5828293) x 5 0x0000000000000000
core   0: 0x00000000800000b0 (0x00028e63) beqz    t0, pc + 28
3 0x00000000800000b0 (0x00028e63)
core   0: 0x00000000800000cc (0x30005073) csrwi   mstatus, 0
3 0x00000000800000cc (0x30005073)
core   0: 0x00000000800000d0 (0x00002537) lui     a0, 0x2
3 0x00000000800000d0 (0x00002537) x10 0x0000000000002000
core   0: 0x00000000800000d4 (0x8005051b) addiw   a0, a0, -2048
3 0x00000000800000d4 (0x8005051b) x10 0x0000000000001800
core   0: 0x00000000800000d8 (0x30052073) csrs    mstatus, a0
3 0x00000000800000d8 (0x30052073)
core   0: 0x00000000800000dc (0x00000297) auipc   t0, 0x0
3 0x00000000800000dc (0x00000297) x 5 0x00000000800000dc
core   0: 0x00000000800000e0 (0x01428293) addi    t0, t0, 20
3 0x00000000800000e0 (0x01428293) x 5 0x00000000800000f0
core   0: 0x00000000800000e4 (0x34129073) csrw    mepc, t0
3 0x00000000800000e4 (0x34129073)
core   0: 0x00000000800000e8 (0xf1402573) csrr    a0, mhartid
3 0x00000000800000e8 (0xf1402573) x10 0x0000000000000000
core   0: 0x00000000800000ec (0x30200073) mret
3 0x00000000800000ec (0x30200073)
core   0: 0x00000000800000f0 (0x00002117) auipc   sp, 0x2
3 0x00000000800000f0 (0x00002117) x 2 0x00000000800020f0
core   0: 0x00000000800000f4 (0xf1010113) addi    sp, sp, -240
3 0x00000000800000f4 (0xf1010113) x 2 0x0000000080002000
core   0: 0x00000000800000f8 (0x00004201) c.li    tp, 0
3 0x00000000800000f8 (0x4201) x 4 0x0000000000000000
core   0: 0x00000000800000fa (0x00004181) c.li    gp, 0
3 0x00000000800000fa (0x4181) x 3 0x0000000000000000
core   0: 0x00000000800000fc (0x003251bb) srlw    gp, tp, gp
3 0x00000000800000fc (0x003251bb) x 3 0x0000000000000000
core   0: 0x0000000080000100 (0x0000c00e) c.swsp  gp, 0(sp)
3 0x0000000080000100 (0xc00e) mem 0x0000000080002000 0x0000000000000000
core   0: 0x0000000080000102 (0x00004481) c.li    s1, 0
3 0x0000000080000102 (0x4481) x 9 0x0000000000000000
core   0: 0x0000000080000104 (0x00004405) c.li    s0, 1
3 0x0000000080000104 (0x4405) x 8 0x0000000000000001
core   0: 0x0000000080000106 (0x0084d43b) srlw    s0, s1, s0
3 0x0000000080000106 (0x0084d43b) x 8 0x0000000000000000
core   0: 0x000000008000010a (0x0000c422) c.swsp  s0, 8(sp)
3 0x000000008000010a (0xc422) mem 0x0000000080002008 0x0000000000000000
core   0: 0x000000008000010c (0x00004601) c.li    a2, 0
3 0x000000008000010c (0x4601) x12 0x0000000000000000
core   0: 0x000000008000010e (0x000055fd) c.li    a1, -1
3 0x000000008000010e (0x55fd) x11 0xffffffffffffffff
core   0: 0x0000000080000110 (0x00b655bb) srlw    a1, a2, a1
3 0x0000000080000110 (0x00b655bb) x11 0x0000000000000000
core   0: 0x0000000080000114 (0x0000c82e) c.swsp  a1, 16(sp)
3 0x0000000080000114 (0xc82e) mem 0x0000000080002010 0x0000000000000000
core   0: 0x0000000080000116 (0x00004701) c.li    a4, 0
3 0x0000000080000116 (0x4701) x14 0x0000000000000000
core   0: 0x0000000080000118 (0xfff0069b) addiw   a3, zero, -1
3 0x0000000080000118 (0xfff0069b) x13 0xffffffffffffffff
core   0: 0x000000008000011c (0x03f69693) slli    a3, a3, 63
3 0x000000008000011c (0x03f69693) x13 0x8000000000000000
core   0: 0x0000000080000120 (0xfff68693) addi    a3, a3, -1
3 0x0000000080000120 (0xfff68693) x13 0x7fffffffffffffff
core   0: 0x0000000080000124 (0x00d756bb) srlw    a3, a4, a3
3 0x0000000080000124 (0x00d756bb) x13 0x0000000000000000
core   0: 0x0000000080000128 (0x0000cc36) c.swsp  a3, 24(sp)
3 0x0000000080000128 (0xcc36) mem 0x0000000080002018 0x0000000000000000
core   0: 0x000000008000012a (0x00004801) c.li    a6, 0
3 0x000000008000012a (0x4801) x16 0x0000000000000000
core   0: 0x000000008000012c (0xfff0079b) addiw   a5, zero, -1
3 0x000000008000012c (0xfff0079b) x15 0xffffffffffffffff
core   0: 0x0000000080000130 (0x03f79793) slli    a5, a5, 63
3 0x0000000080000130 (0x03f79793) x15 0x8000000000000000
core   0: 0x0000000080000134 (0x00f857bb) srlw    a5, a6, a5
3 0x0000000080000134 (0x00f857bb) x15 0x0000000000000000
core   0: 0x0000000080000138 (0x0000d03e) c.swsp  a5, 32(sp)
3 0x0000000080000138 (0xd03e) mem 0x0000000080002020 0x0000000000000000
core   0: 0x000000008000013a (0x00002117) auipc   sp, 0x2
3 0x000000008000013a (0x00002117) x 2 0x000000008000213a
core   0: 0x000000008000013e (0xeee10113) addi    sp, sp, -274
3 0x000000008000013e (0xeee10113) x 2 0x0000000080002028
core   0: 0x0000000080000142 (0x00004905) c.li    s2, 1
3 0x0000000080000142 (0x4905) x18 0x0000000000000001
core   0: 0x0000000080000144 (0x00004881) c.li    a7, 0
3 0x0000000080000144 (0x4881) x17 0x0000000000000000
core   0: 0x0000000080000146 (0x011958bb) srlw    a7, s2, a7
3 0x0000000080000146 (0x011958bb) x17 0x0000000000000001
core   0: 0x000000008000014a (0x0000c046) c.swsp  a7, 0(sp)
3 0x000000008000014a (0xc046) mem 0x0000000080002028 0x0000000000000000
core   0: 0x000000008000014c (0x00004a05) c.li    s4, 1
3 0x000000008000014c (0x4a05) x20 0x0000000000000001
core   0: 0x000000008000014e (0x00004985) c.li    s3, 1
3 0x000000008000014e (0x4985) x19 0x0000000000000001
core   0: 0x0000000080000150 (0x013a59bb) srlw    s3, s4, s3
3 0x0000000080000150 (0x013a59bb) x19 0x0000000000000000
core   0: 0x0000000080000154 (0x0000c44e) c.swsp  s3, 8(sp)
3 0x0000000080000154 (0xc44e) mem 0x0000000080002030 0x0000000000000001
core   0: 0x0000000080000156 (0x00004b05) c.li    s6, 1
3 0x0000000080000156 (0x4b05) x22 0x0000000000000001
core   0: 0x0000000080000158 (0x00005afd) c.li    s5, -1
3 0x0000000080000158 (0x5afd) x21 0xffffffffffffffff
core   0: 0x000000008000015a (0x015b5abb) srlw    s5, s6, s5
3 0x000000008000015a (0x015b5abb) x21 0x0000000000000000
core   0: 0x000000008000015e (0x0000c856) c.swsp  s5, 16(sp)
3 0x000000008000015e (0xc856) mem 0x0000000080002038 0x0000000000000000
core   0: 0x0000000080000160 (0x00004c05) c.li    s8, 1
3 0x0000000080000160 (0x4c05) x24 0x0000000000000001
core   0: 0x0000000080000162 (0xfff00b9b) addiw   s7, zero, -1
3 0x0000000080000162 (0xfff00b9b) x23 0xffffffffffffffff
core   0: 0x0000000080000166 (0x03fb9b93) slli    s7, s7, 63
3 0x0000000080000166 (0x03fb9b93) x23 0x8000000000000000
core   0: 0x000000008000016a (0xfffb8b93) addi    s7, s7, -1
3 0x000000008000016a (0xfffb8b93) x23 0x7fffffffffffffff
core   0: 0x000000008000016e (0x017c5bbb) srlw    s7, s8, s7
3 0x000000008000016e (0x017c5bbb) x23 0x0000000000000000
core   0: 0x0000000080000172 (0x0000cc5e) c.swsp  s7, 24(sp)
3 0x0000000080000172 (0xcc5e) mem 0x0000000080002040 0x0000000000000000
core   0: 0x0000000080000174 (0x00004d05) c.li    s10, 1
3 0x0000000080000174 (0x4d05) x26 0x0000000000000001
core   0: 0x0000000080000176 (0xfff00c9b) addiw   s9, zero, -1
3 0x0000000080000176 (0xfff00c9b) x25 0xffffffffffffffff
core   0: 0x000000008000017a (0x03fc9c93) slli    s9, s9, 63
3 0x000000008000017a (0x03fc9c93) x25 0x8000000000000000
core   0: 0x000000008000017e (0x019d5cbb) srlw    s9, s10, s9
3 0x000000008000017e (0x019d5cbb) x25 0x0000000000000001
core   0: 0x0000000080000182 (0x0000d066) c.swsp  s9, 32(sp)
3 0x0000000080000182 (0xd066) mem 0x0000000080002048 0x0000000000000000
core   0: 0x0000000080000184 (0x00002117) auipc   sp, 0x2
3 0x0000000080000184 (0x00002117) x 2 0x0000000080002184
core   0: 0x0000000080000188 (0xecc10113) addi    sp, sp, -308
3 0x0000000080000188 (0xecc10113) x 2 0x0000000080002050
core   0: 0x000000008000018c (0x00005e7d) c.li    t3, -1
3 0x000000008000018c (0x5e7d) x28 0xffffffffffffffff
core   0: 0x000000008000018e (0x00004d81) c.li    s11, 0
3 0x000000008000018e (0x4d81) x27 0x0000000000000000
core   0: 0x0000000080000190 (0x01be5dbb) srlw    s11, t3, s11
3 0x0000000080000190 (0x01be5dbb) x27 0xffffffffffffffff
core   0: 0x0000000080000194 (0x0000c06e) c.swsp  s11, 0(sp)
3 0x0000000080000194 (0xc06e) mem 0x0000000080002050 0x0000000000000000
core   0: 0x0000000080000196 (0x00005f7d) c.li    t5, -1
3 0x0000000080000196 (0x5f7d) x30 0xffffffffffffffff
core   0: 0x0000000080000198 (0x00004e85) c.li    t4, 1
3 0x0000000080000198 (0x4e85) x29 0x0000000000000001
core   0: 0x000000008000019a (0x01df5ebb) srlw    t4, t5, t4
3 0x000000008000019a (0x01df5ebb) x29 0x000000007fffffff
core   0: 0x000000008000019e (0x0000c476) c.swsp  t4, 8(sp)
3 0x000000008000019e (0xc476) mem 0x0000000080002058 0x0000000000000000
core   0: 0x00000000800001a0 (0x000051fd) c.li    gp, -1
3 0x00000000800001a0 (0x51fd) x 3 0xffffffffffffffff
core   0: 0x00000000800001a2 (0x00005afd) c.li    s5, -1
3 0x00000000800001a2 (0x5afd) x21 0xffffffffffffffff
core   0: 0x00000000800001a4 (0x0151dabb) srlw    s5, gp, s5
3 0x00000000800001a4 (0x0151dabb) x21 0x0000000000000001
core   0: 0x00000000800001a8 (0x0000c856) c.swsp  s5, 16(sp)
3 0x00000000800001a8 (0xc856) mem 0x0000000080002060 0x000000007fffffff
core   0: 0x00000000800001aa (0x0000547d) c.li    s0, -1
3 0x00000000800001aa (0x547d) x 8 0xffffffffffffffff
core   0: 0x00000000800001ac (0xfff0021b) addiw   tp, zero, -1
3 0x00000000800001ac (0xfff0021b) x 4 0xffffffffffffffff
core   0: 0x00000000800001b0 (0x03f21213) slli    tp, tp, 63
3 0x00000000800001b0 (0x03f21213) x 4 0x8000000000000000
core   0: 0x00000000800001b4 (0xfff20213) addi    tp, tp, -1
3 0x00000000800001b4 (0xfff20213) x 4 0x7fffffffffffffff
core   0: 0x00000000800001b8 (0x0044523b) srlw    tp, s0, tp
3 0x00000000800001b8 (0x0044523b) x 4 0x0000000000000001
core   0: 0x00000000800001bc (0x0000cc12) c.swsp  tp, 24(sp)
3 0x00000000800001bc (0xcc12) mem 0x0000000080002068 0x0000000000000000
core   0: 0x00000000800001be (0x000055fd) c.li    a1, -1
3 0x00000000800001be (0x55fd) x11 0xffffffffffffffff
core   0: 0x00000000800001c0 (0xfff0049b) addiw   s1, zero, -1
3 0x00000000800001c0 (0xfff0049b) x 9 0xffffffffffffffff
core   0: 0x00000000800001c4 (0x03f49493) slli    s1, s1, 63
3 0x00000000800001c4 (0x03f49493) x 9 0x8000000000000000
core   0: 0x00000000800001c8 (0x0095d4bb) srlw    s1, a1, s1
3 0x00000000800001c8 (0x0095d4bb) x 9 0xffffffffffffffff
core   0: 0x00000000800001cc (0x0000d026) c.swsp  s1, 32(sp)
3 0x00000000800001cc (0xd026) mem 0x0000000080002070 0x0000000000000000
core   0: 0x00000000800001ce (0x00002117) auipc   sp, 0x2
3 0x00000000800001ce (0x00002117) x 2 0x00000000800021ce
core   0: 0x00000000800001d2 (0xeaa10113) addi    sp, sp, -342
3 0x00000000800001d2 (0xeaa10113) x 2 0x0000000080002078
core   0: 0x00000000800001d6 (0xfff0069b) addiw   a3, zero, -1
3 0x00000000800001d6 (0xfff0069b) x13 0xffffffffffffffff
core   0: 0x00000000800001da (0x03f69693) slli    a3, a3, 63
3 0x00000000800001da (0x03f69693) x13 0x8000000000000000
core   0: 0x00000000800001de (0xfff68693) addi    a3, a3, -1
3 0x00000000800001de (0xfff68693) x13 0x7fffffffffffffff
core   0: 0x00000000800001e2 (0x00004601) c.li    a2, 0
3 0x00000000800001e2 (0x4601) x12 0x0000000000000000
core   0: 0x00000000800001e4 (0x00c6d63b) srlw    a2, a3, a2
3 0x00000000800001e4 (0x00c6d63b) x12 0xffffffffffffffff
core   0: 0x00000000800001e8 (0x0000c032) c.swsp  a2, 0(sp)
3 0x00000000800001e8 (0xc032) mem 0x0000000080002078 0x0000000000000000
core   0: 0x00000000800001ea (0xfff0079b) addiw   a5, zero, -1
3 0x00000000800001ea (0xfff0079b) x15 0xffffffffffffffff
core   0: 0x00000000800001ee (0x03f79793) slli    a5, a5, 63
3 0x00000000800001ee (0x03f79793) x15 0x8000000000000000
core   0: 0x00000000800001f2 (0xfff78793) addi    a5, a5, -1
3 0x00000000800001f2 (0xfff78793) x15 0x7fffffffffffffff
core   0: 0x00000000800001f6 (0x00004705) c.li    a4, 1
3 0x00000000800001f6 (0x4705) x14 0x0000000000000001
core   0: 0x00000000800001f8 (0x00e7d73b) srlw    a4, a5, a4
3 0x00000000800001f8 (0x00e7d73b) x14 0x000000007fffffff
core   0: 0x00000000800001fc (0x0000c43a) c.swsp  a4, 8(sp)
3 0x00000000800001fc (0xc43a) mem 0x0000000080002080 0x0000000000000000
core   0: 0x00000000800001fe (0xfff0089b) addiw   a7, zero, -1
3 0x00000000800001fe (0xfff0089b) x17 0xffffffffffffffff
core   0: 0x0000000080000202 (0x03f89893) slli    a7, a7, 63
3 0x0000000080000202 (0x03f89893) x17 0x8000000000000000
core   0: 0x0000000080000206 (0xfff88893) addi    a7, a7, -1
3 0x0000000080000206 (0xfff88893) x17 0x7fffffffffffffff
core   0: 0x000000008000020a (0x0000587d) c.li    a6, -1
3 0x000000008000020a (0x587d) x16 0xffffffffffffffff
core   0: 0x000000008000020c (0x0108d83b) srlw    a6, a7, a6
3 0x000000008000020c (0x0108d83b) x16 0x0000000000000001
core   0: 0x0000000080000210 (0x0000c842) c.swsp  a6, 16(sp)
3 0x0000000080000210 (0xc842) mem 0x0000000080002088 0x0000000000000000
core   0: 0x0000000080000212 (0xfff0099b) addiw   s3, zero, -1
3 0x0000000080000212 (0xfff0099b) x19 0xffffffffffffffff
core   0: 0x0000000080000216 (0x03f99993) slli    s3, s3, 63
3 0x0000000080000216 (0x03f99993) x19 0x8000000000000000
core   0: 0x000000008000021a (0xfff98993) addi    s3, s3, -1
3 0x000000008000021a (0xfff98993) x19 0x7fffffffffffffff
core   0: 0x000000008000021e (0xfff0091b) addiw   s2, zero, -1
3 0x000000008000021e (0xfff0091b) x18 0xffffffffffffffff
core   0: 0x0000000080000222 (0x03f91913) slli    s2, s2, 63
3 0x0000000080000222 (0x03f91913) x18 0x8000000000000000
core   0: 0x0000000080000226 (0xfff90913) addi    s2, s2, -1
3 0x0000000080000226 (0xfff90913) x18 0x7fffffffffffffff
core   0: 0x000000008000022a (0x0129d93b) srlw    s2, s3, s2
3 0x000000008000022a (0x0129d93b) x18 0x0000000000000001
core   0: 0x000000008000022e (0x0000cc4a) c.swsp  s2, 24(sp)
3 0x000000008000022e (0xcc4a) mem 0x0000000080002090 0x0000000000000000
core   0: 0x0000000080000230 (0xfff00a9b) addiw   s5, zero, -1
3 0x0000000080000230 (0xfff00a9b) x21 0xffffffffffffffff
core   0: 0x0000000080000234 (0x03fa9a93) slli    s5, s5, 63
3 0x0000000080000234 (0x03fa9a93) x21 0x8000000000000000
core   0: 0x0000000080000238 (0xfffa8a93) addi    s5, s5, -1
3 0x0000000080000238 (0xfffa8a93) x21 0x7fffffffffffffff
core   0: 0x000000008000023c (0xfff00a1b) addiw   s4, zero, -1
3 0x000000008000023c (0xfff00a1b) x20 0xffffffffffffffff
core   0: 0x0000000080000240 (0x03fa1a13) slli    s4, s4, 63
3 0x0000000080000240 (0x03fa1a13) x20 0x8000000000000000
core   0: 0x0000000080000244 (0x014ada3b) srlw    s4, s5, s4
3 0x0000000080000244 (0x014ada3b) x20 0xffffffffffffffff
core   0: 0x0000000080000248 (0x0000d052) c.swsp  s4, 32(sp)
3 0x0000000080000248 (0xd052) mem 0x0000000080002098 0x0000000000000000
core   0: 0x000000008000024a (0x00002117) auipc   sp, 0x2
3 0x000000008000024a (0x00002117) x 2 0x000000008000224a
core   0: 0x000000008000024e (0xe5610113) addi    sp, sp, -426
3 0x000000008000024e (0xe5610113) x 2 0x00000000800020a0
core   0: 0x0000000080000252 (0xfff00b9b) addiw   s7, zero, -1
3 0x0000000080000252 (0xfff00b9b) x23 0xffffffffffffffff
core   0: 0x0000000080000256 (0x03fb9b93) slli    s7, s7, 63
3 0x0000000080000256 (0x03fb9b93) x23 0x8000000000000000
core   0: 0x000000008000025a (0x00004b01) c.li    s6, 0
3 0x000000008000025a (0x4b01) x22 0x0000000000000000
core   0: 0x000000008000025c (0x016bdb3b) srlw    s6, s7, s6
3 0x000000008000025c (0x016bdb3b) x22 0x0000000000000000
core   0: 0x0000000080000260 (0x0000c05a) c.swsp  s6, 0(sp)
3 0x0000000080000260 (0xc05a) mem 0x00000000800020a0 0x0000000000000000
core   0: 0x0000000080000262 (0xfff00c9b) addiw   s9, zero, -1
3 0x0000000080000262 (0xfff00c9b) x25 0xffffffffffffffff
core   0: 0x0000000080000266 (0x03fc9c93) slli    s9, s9, 63
3 0x0000000080000266 (0x03fc9c93) x25 0x8000000000000000
core   0: 0x000000008000026a (0x00004c05) c.li    s8, 1
3 0x000000008000026a (0x4c05) x24 0x0000000000000001
core   0: 0x000000008000026c (0x018cdc3b) srlw    s8, s9, s8
3 0x000000008000026c (0x018cdc3b) x24 0x0000000000000000
core   0: 0x0000000080000270 (0x0000c462) c.swsp  s8, 8(sp)
3 0x0000000080000270 (0xc462) mem 0x00000000800020a8 0x0000000000000000
core   0: 0x0000000080000272 (0xfff00d9b) addiw   s11, zero, -1
3 0x0000000080000272 (0xfff00d9b) x27 0xffffffffffffffff
core   0: 0x0000000080000276 (0x03fd9d93) slli    s11, s11, 63
3 0x0000000080000276 (0x03fd9d93) x27 0x8000000000000000
core   0: 0x000000008000027a (0x00005d7d) c.li    s10, -1
3 0x000000008000027a (0x5d7d) x26 0xffffffffffffffff
core   0: 0x000000008000027c (0x01addd3b) srlw    s10, s11, s10
3 0x000000008000027c (0x01addd3b) x26 0x0000000000000000
core   0: 0x0000000080000280 (0x0000c86a) c.swsp  s10, 16(sp)
3 0x0000000080000280 (0xc86a) mem 0x00000000800020b0 0x0000000000000000
core   0: 0x0000000080000282 (0xfff00e9b) addiw   t4, zero, -1
3 0x0000000080000282 (0xfff00e9b) x29 0xffffffffffffffff
core   0: 0x0000000080000286 (0x03fe9e93) slli    t4, t4, 63
3 0x0000000080000286 (0x03fe9e93) x29 0x8000000000000000
core   0: 0x000000008000028a (0xfff00e1b) addiw   t3, zero, -1
3 0x000000008000028a (0xfff00e1b) x28 0xffffffffffffffff
core   0: 0x000000008000028e (0x03fe1e13) slli    t3, t3, 63
3 0x000000008000028e (0x03fe1e13) x28 0x8000000000000000
core   0: 0x0000000080000292 (0xfffe0e13) addi    t3, t3, -1
3 0x0000000080000292 (0xfffe0e13) x28 0x7fffffffffffffff
core   0: 0x0000000080000296 (0x01cede3b) srlw    t3, t4, t3
3 0x0000000080000296 (0x01cede3b) x28 0x0000000000000000
core   0: 0x000000008000029a (0x0000cc72) c.swsp  t3, 24(sp)
3 0x000000008000029a (0xcc72) mem 0x00000000800020b8 0x0000000000000000
core   0: 0x000000008000029c (0xfff00a9b) addiw   s5, zero, -1
3 0x000000008000029c (0xfff00a9b) x21 0xffffffffffffffff
core   0: 0x00000000800002a0 (0x03fa9a93) slli    s5, s5, 63
3 0x00000000800002a0 (0x03fa9a93) x21 0x8000000000000000
core   0: 0x00000000800002a4 (0xfff00f1b) addiw   t5, zero, -1
3 0x00000000800002a4 (0xfff00f1b) x30 0xffffffffffffffff
core   0: 0x00000000800002a8 (0x03ff1f13) slli    t5, t5, 63
3 0x00000000800002a8 (0x03ff1f13) x30 0x8000000000000000
core   0: 0x00000000800002ac (0x01eadf3b) srlw    t5, s5, t5
3 0x00000000800002ac (0x01eadf3b) x30 0x0000000000000000
core   0: 0x00000000800002b0 (0x0000d07a) c.swsp  t5, 32(sp)
3 0x00000000800002b0 (0xd07a) mem 0x00000000800020c0 0x0000000000000000
core   0: 0x00000000800002b2 (0x0ff0000f) fence   iorw,iorw
3 0x00000000800002b2 (0x0ff0000f)
core   0: 0x00000000800002b6 (0x00004185) c.li    gp, 1
3 0x00000000800002b6 (0x4185) x 3 0x0000000000000001
core   0: 0x00000000800002b8 (0x00000073) ecall
3 0x00000000800002b8 (0x00000073)
