core   0: 0x0000000000010000 (0x00100413) li      s0, 1
3 0x0000000000010000 (0x00100413) x 8 0x0000000000000001
core   0: 0x0000000000010004 (0x01f41413) slli    s0, s0, 31
3 0x0000000000010004 (0x01f41413) x 8 0x0000000080000000
core   0: 0x0000000000010008 (0xf1402573) csrr    a0, mhartid
3 0x0000000000010008 (0xf1402573) x10 0x0000000000000000
core   0: 0x000000000001000c (0x00000597) auipc   a1, 0x0
3 0x000000000001000c (0x00000597) x11 0x000000000001000c
core   0: 0x0000000000010010 (0x07458593) addi    a1, a1, 116
3 0x0000000000010010 (0x07458593) x11 0x0000000000010080
core   0: 0x0000000000010014 (0x00040067) jr      s0
3 0x0000000000010014 (0x00040067)
core   0: 0x0000000080000000 (0x0000a081) c.j     pc + 64
3 0x0000000080000000 (0xa081)
core   0: 0x0000000080000040 (0xf1402573) csrr    a0, mhartid
3 0x0000000080000040 (0xf1402573) x10 0x0000000000000000
core   0: 0x0000000080000044 (0x0000e101) c.bnez  a0, pc + 0
3 0x0000000080000044 (0xe101)
core   0: 0x0000000080000046 (0x00000297) auipc   t0, 0x0
3 0x0000000080000046 (0x00000297) x 5 0x0000000080000046
core   0: 0x000000008000004a (0x01228293) addi    t0, t0, 18
3 0x000000008000004a (0x01228293) x 5 0x0000000080000058
core   0: 0x000000008000004e (0x30529073) csrw    mtvec, t0
3 0x000000008000004e (0x30529073)
core   0: 0x0000000080000052 (0x18005073) csrwi   satp, 0
3 0x0000000080000052 (0x18005073)
core   0: 0x0000000080000056 (0x00000001) c.nop
3 0x0000000080000056 (0x0001)
core   0: 0x0000000080000058 (0x00000297) auipc   t0, 0x0
3 0x0000000080000058 (0x00000297) x 5 0x0000000080000058
core   0: 0x000000008000005c (0x01828293) addi    t0, t0, 24
3 0x000000008000005c (0x01828293) x 5 0x0000000080000070
core   0: 0x0000000080000060 (0x30529073) csrw    mtvec, t0
3 0x0000000080000060 (0x30529073)
core   0: 0x0000000080000064 (0x000052fd) c.li    t0, -1
3 0x0000000080000064 (0x52fd) x 5 0xffffffffffffffff
core   0: 0x0000000080000066 (0x3b029073) csrw    pmpaddr0, t0
3 0x0000000080000066 (0x3b029073)
core   0: 0x000000008000006a (0x000042fd) c.li    t0, 31
3 0x000000008000006a (0x42fd) x 5 0x000000000000001f
core   0: 0x000000008000006c (0x3a029073) csrw    pmpcfg0, t0
3 0x000000008000006c (0x3a029073)
core   0: 0x0000000080000070 (0x00000297) auipc   t0, 0x0
3 0x0000000080000070 (0x00000297) x 5 0x0000000080000070
core   0: 0x0000000080000074 (0x01828293) addi    t0, t0, 24
3 0x0000000080000074 (0x01828293) x 5 0x0000000080000088
core   0: 0x0000000080000078 (0x30529073) csrw    mtvec, t0
3 0x0000000080000078 (0x30529073)
core   0: 0x000000008000007c (0x30205073) csrwi   medeleg, 0
3 0x000000008000007c (0x30205073)
core   0: 0x0000000080000080 (0x30305073) csrwi   mideleg, 0
3 0x0000000080000080 (0x30305073)
core   0: 0x0000000080000084 (0x30405073) csrwi   mie, 0
3 0x0000000080000084 (0x30405073)
core   0: 0x0000000080000088 (0x00004181) c.li    gp, 0
3 0x0000000080000088 (0x4181) x 3 0x0000000000000000
core   0: 0x000000008000008a (0x00000297) auipc   t0, 0x0
3 0x000000008000008a (0x00000297) x 5 0x000000008000008a
core   0: 0x000000008000008e (0xf7a28293) addi    t0, t0, -134
3 0x000000008000008e (0xf7a28293) x 5 0x0000000080000004
core   0: 0x0000000080000092 (0x30529073) csrw    mtvec, t0
3 0x0000000080000092 (0x30529073)
core   0: 0x0000000080000096 (0x00004505) c.li    a0, 1
3 0x0000000080000096 (0x4505) x10 0x0000000000000001
core   0: 0x0000000080000098 (0x0000057e) c.slli  a0, 31
3 0x0000000080000098 (0x057e) x10 0x0000000080000000
core   0: 0x000000008000009a (0x00055d63) bgez    a0, pc + 26
3 0x000000008000009a (0x00055d63)
core   0: 0x00000000800000b4 (0x80000297) auipc   t0, 0x80000
3 0x00000000800000b4 (0x80000297) x 5 0x00000000000000b4
core   0: 0x00000000800000b8 (0xf4c28293) addi    t0, t0, -180
3 0x00000000800000b8 (0xf4c28293) x 5 0x0000000000000000
core   0: 0x00000000800000bc (0x00028e63) beqz    t0, pc + 28
3 0x00000000800000bc (0x00028e63)
core   0: 0x00000000800000d8 (0x30005073) csrwi   mstatus, 0
3 0x00000000800000d8 (0x30005073)
core   0: 0x00000000800000dc (0x00000297) auipc   t0, 0x0
3 0x00000000800000dc (0x00000297) x 5 0x00000000800000dc
core   0: 0x00000000800000e0 (0x01428293) addi    t0, t0, 20
3 0x00000000800000e0 (0x01428293) x 5 0x00000000800000f0
core   0: 0x00000000800000e4 (0x34129073) csrw    mepc, t0
3 0x00000000800000e4 (0x34129073)
core   0: 0x00000000800000e8 (0xf1402573) csrr    a0, mhartid
3 0x00000000800000e8 (0xf1402573) x10 0x0000000000000000
core   0: 0x00000000800000ec (0x30200073) mret
3 0x00000000800000ec (0x30200073)
core   0: 0x00000000800000f0 (0x000100b7) lui     ra, 0x10
0 0x00000000800000f0 (0x000100b7) x 1 0x0000000000010000
core   0: 0x00000000800000f4 (0xf010809b) addiw   ra, ra, -255
0 0x00000000800000f4 (0xf010809b) x 1 0x000000000000ff01
core   0: 0x00000000800000f8 (0x01009093) slli    ra, ra, 16
0 0x00000000800000f8 (0x01009093) x 1 0x00000000ff010000
core   0: 0x00000000800000fc (0xf0008093) addi    ra, ra, -256
0 0x00000000800000fc (0xf0008093) x 1 0x00000000ff00ff00
core   0: 0x0000000080000100 (0x0f0f1137) lui     sp, 0xf0f1
0 0x0000000080000100 (0x0f0f1137) x 2 0x000000000f0f1000
core   0: 0x0000000080000104 (0xf0f1011b) addiw   sp, sp, -241
0 0x0000000080000104 (0xf0f1011b) x 2 0x000000000f0f0f0f
core   0: 0x0000000080000108 (0x0020cf33) xor     t5, ra, sp
0 0x0000000080000108 (0x0020cf33) x30 0x00000000f00ff00f
core   0: 0x000000008000010c (0x000f0eb7) lui     t4, 0xf0
0 0x000000008000010c (0x000f0eb7) x29 0x00000000000f0000
core   0: 0x0000000080000110 (0x0ffe8e9b) addiw   t4, t4, 255
0 0x0000000080000110 (0x0ffe8e9b) x29 0x00000000000f00ff
core   0: 0x0000000080000114 (0x00ce9e93) slli    t4, t4, 12
0 0x0000000080000114 (0x00ce9e93) x29 0x00000000f00ff000
core   0: 0x0000000080000118 (0x00fe8e93) addi    t4, t4, 15
0 0x0000000080000118 (0x00fe8e93) x29 0x00000000f00ff00f
core   0: 0x000000008000011c (0x00004189) c.li    gp, 2
0 0x000000008000011c (0x4189) x 3 0x0000000000000002
core   0: 0x000000008000011e (0x00002e17) auipc   t3, 0x2
0 0x000000008000011e (0x00002e17) x28 0x000000008000211e
core   0: 0x0000000080000122 (0xee2e0e13) addi    t3, t3, -286
0 0x0000000080000122 (0xee2e0e13) x28 0x0000000080002000
core   0: 0x0000000080000126 (0x01ee2423) sw      t5, 8(t3)
0 0x0000000080000126 (0x01ee2423) mem 0x0000000080002008 0x0000000000000000
core   0: 0x000000008000012a (0x61df1663) bne     t5, t4, pc + 1548
0 0x000000008000012a (0x61df1663)
core   0: 0x000000008000012e (0x0ff010b7) lui     ra, 0xff01
0 0x000000008000012e (0x0ff010b7) x 1 0x000000000ff01000
core   0: 0x0000000080000132 (0xff00809b) addiw   ra, ra, -16
0 0x0000000080000132 (0xff00809b) x 1 0x000000000ff00ff0
core   0: 0x0000000080000136 (0x000f1137) lui     sp, 0xf1
0 0x0000000080000136 (0x000f1137) x 2 0x00000000000f1000
core   0: 0x000000008000013a (0xf0f1011b) addiw   sp, sp, -241
0 0x000000008000013a (0xf0f1011b) x 2 0x00000000000f0f0f
core   0: 0x000000008000013e (0x00c11113) slli    sp, sp, 12
0 0x000000008000013e (0x00c11113) x 2 0x00000000f0f0f000
core   0: 0x0000000080000142 (0x0f010113) addi    sp, sp, 240
0 0x0000000080000142 (0x0f010113) x 2 0x00000000f0f0f0f0
core   0: 0x0000000080000146 (0x0020cf33) xor     t5, ra, sp
0 0x0000000080000146 (0x0020cf33) x30 0x00000000ff00ff00
core   0: 0x000000008000014a (0x00010eb7) lui     t4, 0x10
0 0x000000008000014a (0x00010eb7) x29 0x0000000000010000
core   0: 0x000000008000014e (0xf01e8e9b) addiw   t4, t4, -255
0 0x000000008000014e (0xf01e8e9b) x29 0x000000000000ff01
core   0: 0x0000000080000152 (0x010e9e93) slli    t4, t4, 16
0 0x0000000080000152 (0x010e9e93) x29 0x00000000ff010000
core   0: 0x0000000080000156 (0xf00e8e93) addi    t4, t4, -256
0 0x0000000080000156 (0xf00e8e93) x29 0x00000000ff00ff00
core   0: 0x000000008000015a (0x0000418d) c.li    gp, 3
0 0x000000008000015a (0x418d) x 3 0x0000000000000003
core   0: 0x000000008000015c (0x00002e17) auipc   t3, 0x2
0 0x000000008000015c (0x00002e17) x28 0x000000008000215c
core   0: 0x0000000080000160 (0xea4e0e13) addi    t3, t3, -348
0 0x0000000080000160 (0xea4e0e13) x28 0x0000000080002000
core   0: 0x0000000080000164 (0x01ee2623) sw      t5, 12(t3)
0 0x0000000080000164 (0x01ee2623) mem 0x000000008000200c 0x0000000000000000
core   0: 0x0000000080000168 (0x5ddf1763) bne     t5, t4, pc + 1486
0 0x0000000080000168 (0x5ddf1763)
core   0: 0x000000008000016c (0x00ff00b7) lui     ra, 0xff0
0 0x000000008000016c (0x00ff00b7) x 1 0x0000000000ff0000
core   0: 0x0000000080000170 (0x0ff0809b) addiw   ra, ra, 255
0 0x0000000080000170 (0x0ff0809b) x 1 0x0000000000ff00ff
core   0: 0x0000000080000174 (0x0f0f1137) lui     sp, 0xf0f1
0 0x0000000080000174 (0x0f0f1137) x 2 0x000000000f0f1000
core   0: 0x0000000080000178 (0xf0f1011b) addiw   sp, sp, -241
0 0x0000000080000178 (0xf0f1011b) x 2 0x000000000f0f0f0f
core   0: 0x000000008000017c (0x0020cf33) xor     t5, ra, sp
0 0x000000008000017c (0x0020cf33) x30 0x000000000ff00ff0
core   0: 0x0000000080000180 (0x0ff01eb7) lui     t4, 0xff01
0 0x0000000080000180 (0x0ff01eb7) x29 0x000000000ff01000
core   0: 0x0000000080000184 (0xff0e8e9b) addiw   t4, t4, -16
0 0x0000000080000184 (0xff0e8e9b) x29 0x000000000ff00ff0
core   0: 0x0000000080000188 (0x00004191) c.li    gp, 4
0 0x0000000080000188 (0x4191) x 3 0x0000000000000004
core   0: 0x000000008000018a (0x00002e17) auipc   t3, 0x2
0 0x000000008000018a (0x00002e17) x28 0x000000008000218a
core   0: 0x000000008000018e (0xe76e0e13) addi    t3, t3, -394
0 0x000000008000018e (0xe76e0e13) x28 0x0000000080002000
core   0: 0x0000000080000192 (0x01ee2823) sw      t5, 16(t3)
0 0x0000000080000192 (0x01ee2823) mem 0x0000000080002010 0x0000000000000000
core   0: 0x0000000080000196 (0x5bdf1063) bne     t5, t4, pc + 1440
0 0x0000000080000196 (0x5bdf1063)
core   0: 0x000000008000019a (0x000f00b7) lui     ra, 0xf0
0 0x000000008000019a (0x000f00b7) x 1 0x00000000000f0000
core   0: 0x000000008000019e (0x0ff0809b) addiw   ra, ra, 255
0 0x000000008000019e (0x0ff0809b) x 1 0x00000000000f00ff
core   0: 0x00000000800001a2 (0x00c09093) slli    ra, ra, 12
0 0x00000000800001a2 (0x00c09093) x 1 0x00000000f00ff000
core   0: 0x00000000800001a6 (0x00f08093) addi    ra, ra, 15
0 0x00000000800001a6 (0x00f08093) x 1 0x00000000f00ff00f
core   0: 0x00000000800001aa (0x000f1137) lui     sp, 0xf1
0 0x00000000800001aa (0x000f1137) x 2 0x00000000000f1000
core   0: 0x00000000800001ae (0xf0f1011b) addiw   sp, sp, -241
0 0x00000000800001ae (0xf0f1011b) x 2 0x00000000000f0f0f
core   0: 0x00000000800001b2 (0x00c11113) slli    sp, sp, 12
0 0x00000000800001b2 (0x00c11113) x 2 0x00000000f0f0f000
core   0: 0x00000000800001b6 (0x0f010113) addi    sp, sp, 240
0 0x00000000800001b6 (0x0f010113) x 2 0x00000000f0f0f0f0
core   0: 0x00000000800001ba (0x0020cf33) xor     t5, ra, sp
0 0x00000000800001ba (0x0020cf33) x30 0x0000000000ff00ff
core   0: 0x00000000800001be (0x00ff0eb7) lui     t4, 0xff0
0 0x00000000800001be (0x00ff0eb7) x29 0x0000000000ff0000
core   0: 0x00000000800001c2 (0x0ffe8e9b) addiw   t4, t4, 255
0 0x00000000800001c2 (0x0ffe8e9b) x29 0x0000000000ff00ff
core   0: 0x00000000800001c6 (0x00004195) c.li    gp, 5
0 0x00000000800001c6 (0x4195) x 3 0x0000000000000005
core   0: 0x00000000800001c8 (0x00002e17) auipc   t3, 0x2
0 0x00000000800001c8 (0x00002e17) x28 0x00000000800021c8
core   0: 0x00000000800001cc (0xe38e0e13) addi    t3, t3, -456
0 0x00000000800001cc (0xe38e0e13) x28 0x0000000080002000
core   0: 0x00000000800001d0 (0x01ee2a23) sw      t5, 20(t3)
0 0x00000000800001d0 (0x01ee2a23) mem 0x0000000080002014 0x0000000000000000
core   0: 0x00000000800001d4 (0x57df1163) bne     t5, t4, pc + 1378
0 0x00000000800001d4 (0x57df1163)
core   0: 0x00000000800001d8 (0x000100b7) lui     ra, 0x10
0 0x00000000800001d8 (0x000100b7) x 1 0x0000000000010000
core   0: 0x00000000800001dc (0xf010809b) addiw   ra, ra, -255
0 0x00000000800001dc (0xf010809b) x 1 0x000000000000ff01
core   0: 0x00000000800001e0 (0x01009093) slli    ra, ra, 16
0 0x00000000800001e0 (0x01009093) x 1 0x00000000ff010000
core   0: 0x00000000800001e4 (0xf0008093) addi    ra, ra, -256
0 0x00000000800001e4 (0xf0008093) x 1 0x00000000ff00ff00
core   0: 0x00000000800001e8 (0x0f0f1137) lui     sp, 0xf0f1
0 0x00000000800001e8 (0x0f0f1137) x 2 0x000000000f0f1000
core   0: 0x00000000800001ec (0xf0f1011b) addiw   sp, sp, -241
0 0x00000000800001ec (0xf0f1011b) x 2 0x000000000f0f0f0f
core   0: 0x00000000800001f0 (0x0020c0b3) xor     ra, ra, sp
0 0x00000000800001f0 (0x0020c0b3) x 1 0x00000000f00ff00f
core   0: 0x00000000800001f4 (0x000f0eb7) lui     t4, 0xf0
0 0x00000000800001f4 (0x000f0eb7) x29 0x00000000000f0000
core   0: 0x00000000800001f8 (0x0ffe8e9b) addiw   t4, t4, 255
0 0x00000000800001f8 (0x0ffe8e9b) x29 0x00000000000f00ff
core   0: 0x00000000800001fc (0x00ce9e93) slli    t4, t4, 12
0 0x00000000800001fc (0x00ce9e93) x29 0x00000000f00ff000
core   0: 0x0000000080000200 (0x00fe8e93) addi    t4, t4, 15
0 0x0000000080000200 (0x00fe8e93) x29 0x00000000f00ff00f
core   0: 0x0000000080000204 (0x00004199) c.li    gp, 6
0 0x0000000080000204 (0x4199) x 3 0x0000000000000006
core   0: 0x0000000080000206 (0x00002e17) auipc   t3, 0x2
0 0x0000000080000206 (0x00002e17) x28 0x0000000080002206
core   0: 0x000000008000020a (0xdfae0e13) addi    t3, t3, -518
0 0x000000008000020a (0xdfae0e13) x28 0x0000000080002000
core   0: 0x000000008000020e (0x001e2c23) sw      ra, 24(t3)
0 0x000000008000020e (0x001e2c23) mem 0x0000000080002018 0x0000000000000000
core   0: 0x0000000080000212 (0x53d09263) bne     ra, t4, pc + 1316
0 0x0000000080000212 (0x53d09263)
core   0: 0x0000000080000216 (0x000100b7) lui     ra, 0x10
0 0x0000000080000216 (0x000100b7) x 1 0x0000000000010000
core   0: 0x000000008000021a (0xf010809b) addiw   ra, ra, -255
0 0x000000008000021a (0xf010809b) x 1 0x000000000000ff01
core   0: 0x000000008000021e (0x01009093) slli    ra, ra, 16
0 0x000000008000021e (0x01009093) x 1 0x00000000ff010000
core   0: 0x0000000080000222 (0xf0008093) addi    ra, ra, -256
0 0x0000000080000222 (0xf0008093) x 1 0x00000000ff00ff00
core   0: 0x0000000080000226 (0x0f0f1137) lui     sp, 0xf0f1
0 0x0000000080000226 (0x0f0f1137) x 2 0x000000000f0f1000
core   0: 0x000000008000022a (0xf0f1011b) addiw   sp, sp, -241
0 0x000000008000022a (0xf0f1011b) x 2 0x000000000f0f0f0f
core   0: 0x000000008000022e (0x0020c133) xor     sp, ra, sp
0 0x000000008000022e (0x0020c133) x 2 0x00000000f00ff00f
core   0: 0x0000000080000232 (0x000f0eb7) lui     t4, 0xf0
0 0x0000000080000232 (0x000f0eb7) x29 0x00000000000f0000
core   0: 0x0000000080000236 (0x0ffe8e9b) addiw   t4, t4, 255
0 0x0000000080000236 (0x0ffe8e9b) x29 0x00000000000f00ff
core   0: 0x000000008000023a (0x00ce9e93) slli    t4, t4, 12
0 0x000000008000023a (0x00ce9e93) x29 0x00000000f00ff000
core   0: 0x000000008000023e (0x00fe8e93) addi    t4, t4, 15
0 0x000000008000023e (0x00fe8e93) x29 0x00000000f00ff00f
core   0: 0x0000000080000242 (0x0000419d) c.li    gp, 7
0 0x0000000080000242 (0x419d) x 3 0x0000000000000007
core   0: 0x0000000080000244 (0x00002e17) auipc   t3, 0x2
0 0x0000000080000244 (0x00002e17) x28 0x0000000080002244
core   0: 0x0000000080000248 (0xdbce0e13) addi    t3, t3, -580
0 0x0000000080000248 (0xdbce0e13) x28 0x0000000080002000
core   0: 0x000000008000024c (0x002e2e23) sw      sp, 28(t3)
0 0x000000008000024c (0x002e2e23) mem 0x000000008000201c 0x0000000000000000
core   0: 0x0000000080000250 (0x4fd11363) bne     sp, t4, pc + 1254
0 0x0000000080000250 (0x4fd11363)
core   0: 0x0000000080000254 (0x000100b7) lui     ra, 0x10
0 0x0000000080000254 (0x000100b7) x 1 0x0000000000010000
core   0: 0x0000000080000258 (0xf010809b) addiw   ra, ra, -255
0 0x0000000080000258 (0xf010809b) x 1 0x000000000000ff01
core   0: 0x000000008000025c (0x01009093) slli    ra, ra, 16
0 0x000000008000025c (0x01009093) x 1 0x00000000ff010000
core   0: 0x0000000080000260 (0xf0008093) addi    ra, ra, -256
0 0x0000000080000260 (0xf0008093) x 1 0x00000000ff00ff00
core   0: 0x0000000080000264 (0x0010c0b3) xor     ra, ra, ra
0 0x0000000080000264 (0x0010c0b3) x 1 0x0000000000000000
core   0: 0x0000000080000268 (0x00004e81) c.li    t4, 0
0 0x0000000080000268 (0x4e81) x29 0x0000000000000000
core   0: 0x000000008000026a (0x000041a1) c.li    gp, 8
0 0x000000008000026a (0x41a1) x 3 0x0000000000000008
core   0: 0x000000008000026c (0x00002e17) auipc   t3, 0x2
0 0x000000008000026c (0x00002e17) x28 0x000000008000226c
core   0: 0x0000000080000270 (0xd94e0e13) addi    t3, t3, -620
0 0x0000000080000270 (0xd94e0e13) x28 0x0000000080002000
core   0: 0x0000000080000274 (0x021e2023) sw      ra, 32(t3)
0 0x0000000080000274 (0x021e2023) mem 0x0000000080002020 0x0000000000000000
core   0: 0x0000000080000278 (0x4bd09f63) bne     ra, t4, pc + 1214
0 0x0000000080000278 (0x4bd09f63)
core   0: 0x000000008000027c (0x00004201) c.li    tp, 0
0 0x000000008000027c (0x4201) x 4 0x0000000000000000
core   0: 0x000000008000027e (0x000100b7) lui     ra, 0x10
0 0x000000008000027e (0x000100b7) x 1 0x0000000000010000
core   0: 0x0000000080000282 (0xf010809b) addiw   ra, ra, -255
0 0x0000000080000282 (0xf010809b) x 1 0x000000000000ff01
core   0: 0x0000000080000286 (0x01009093) slli    ra, ra, 16
0 0x0000000080000286 (0x01009093) x 1 0x00000000ff010000
core   0: 0x000000008000028a (0xf0008093) addi    ra, ra, -256
0 0x000000008000028a (0xf0008093) x 1 0x00000000ff00ff00
core   0: 0x000000008000028e (0x0f0f1137) lui     sp, 0xf0f1
0 0x000000008000028e (0x0f0f1137) x 2 0x000000000f0f1000
core   0: 0x0000000080000292 (0xf0f1011b) addiw   sp, sp, -241
0 0x0000000080000292 (0xf0f1011b) x 2 0x000000000f0f0f0f
core   0: 0x0000000080000296 (0x0020cf33) xor     t5, ra, sp
0 0x0000000080000296 (0x0020cf33) x30 0x00000000f00ff00f
core   0: 0x000000008000029a (0x000f0313) mv      t1, t5
0 0x000000008000029a (0x000f0313) x 6 0x00000000f00ff00f
core   0: 0x000000008000029e (0x00000205) c.addi  tp, 1
0 0x000000008000029e (0x0205) x 4 0x0000000000000001
core   0: 0x00000000800002a0 (0x00004289) c.li    t0, 2
0 0x00000000800002a0 (0x4289) x 5 0x0000000000000002
core   0: 0x00000000800002a2 (0xfc521ee3) bne     tp, t0, pc - 36
0 0x00000000800002a2 (0xfc521ee3)
core   0: 0x000000008000027e (0x000100b7) lui     ra, 0x10
0 0x000000008000027e (0x000100b7) x 1 0x0000000000010000
core   0: 0x0000000080000282 (0xf010809b) addiw   ra, ra, -255
0 0x0000000080000282 (0xf010809b) x 1 0x000000000000ff01
core   0: 0x0000000080000286 (0x01009093) slli    ra, ra, 16
0 0x0000000080000286 (0x01009093) x 1 0x00000000ff010000
core   0: 0x000000008000028a (0xf0008093) addi    ra, ra, -256
0 0x000000008000028a (0xf0008093) x 1 0x00000000ff00ff00
core   0: 0x000000008000028e (0x0f0f1137) lui     sp, 0xf0f1
0 0x000000008000028e (0x0f0f1137) x 2 0x000000000f0f1000
core   0: 0x0000000080000292 (0xf0f1011b) addiw   sp, sp, -241
0 0x0000000080000292 (0xf0f1011b) x 2 0x000000000f0f0f0f
core   0: 0x0000000080000296 (0x0020cf33) xor     t5, ra, sp
0 0x0000000080000296 (0x0020cf33) x30 0x00000000f00ff00f
core   0: 0x000000008000029a (0x000f0313) mv      t1, t5
0 0x000000008000029a (0x000f0313) x 6 0x00000000f00ff00f
core   0: 0x000000008000029e (0x00000205) c.addi  tp, 1
0 0x000000008000029e (0x0205) x 4 0x0000000000000002
core   0: 0x00000000800002a0 (0x00004289) c.li    t0, 2
0 0x00000000800002a0 (0x4289) x 5 0x0000000000000002
core   0: 0x00000000800002a2 (0xfc521ee3) bne     tp, t0, pc - 36
0 0x00000000800002a2 (0xfc521ee3)
core   0: 0x00000000800002a6 (0x000f0eb7) lui     t4, 0xf0
0 0x00000000800002a6 (0x000f0eb7) x29 0x00000000000f0000
core   0: 0x00000000800002aa (0x0ffe8e9b) addiw   t4, t4, 255
0 0x00000000800002aa (0x0ffe8e9b) x29 0x00000000000f00ff
core   0: 0x00000000800002ae (0x00ce9e93) slli    t4, t4, 12
0 0x00000000800002ae (0x00ce9e93) x29 0x00000000f00ff000
core   0: 0x00000000800002b2 (0x00fe8e93) addi    t4, t4, 15
0 0x00000000800002b2 (0x00fe8e93) x29 0x00000000f00ff00f
core   0: 0x00000000800002b6 (0x000041a5) c.li    gp, 9
0 0x00000000800002b6 (0x41a5) x 3 0x0000000000000009
core   0: 0x00000000800002b8 (0x00002e17) auipc   t3, 0x2
0 0x00000000800002b8 (0x00002e17) x28 0x00000000800022b8
core   0: 0x00000000800002bc (0xd48e0e13) addi    t3, t3, -696
0 0x00000000800002bc (0xd48e0e13) x28 0x0000000080002000
core   0: 0x00000000800002c0 (0x026e2223) sw      t1, 36(t3)
0 0x00000000800002c0 (0x026e2223) mem 0x0000000080002024 0x0000000000000000
core   0: 0x00000000800002c4 (0x47d31963) bne     t1, t4, pc + 1138
0 0x00000000800002c4 (0x47d31963)
core   0: 0x00000000800002c8 (0x00004201) c.li    tp, 0
0 0x00000000800002c8 (0x4201) x 4 0x0000000000000000
core   0: 0x00000000800002ca (0x0ff010b7) lui     ra, 0xff01
0 0x00000000800002ca (0x0ff010b7) x 1 0x000000000ff01000
core   0: 0x00000000800002ce (0xff00809b) addiw   ra, ra, -16
0 0x00000000800002ce (0xff00809b) x 1 0x000000000ff00ff0
core   0: 0x00000000800002d2 (0x000f1137) lui     sp, 0xf1
0 0x00000000800002d2 (0x000f1137) x 2 0x00000000000f1000
core   0: 0x00000000800002d6 (0xf0f1011b) addiw   sp, sp, -241
0 0x00000000800002d6 (0xf0f1011b) x 2 0x00000000000f0f0f
core   0: 0x00000000800002da (0x00c11113) slli    sp, sp, 12
0 0x00000000800002da (0x00c11113) x 2 0x00000000f0f0f000
core   0: 0x00000000800002de (0x0f010113) addi    sp, sp, 240
0 0x00000000800002de (0x0f010113) x 2 0x00000000f0f0f0f0
core   0: 0x00000000800002e2 (0x0020cf33) xor     t5, ra, sp
0 0x00000000800002e2 (0x0020cf33) x30 0x00000000ff00ff00
core   0: 0x00000000800002e6 (0x00000001) c.nop
0 0x00000000800002e6 (0x0001)
core   0: 0x00000000800002e8 (0x000f0313) mv      t1, t5
0 0x00000000800002e8 (0x000f0313) x 6 0x00000000ff00ff00
core   0: 0x00000000800002ec (0x00000205) c.addi  tp, 1
0 0x00000000800002ec (0x0205) x 4 0x0000000000000001
core   0: 0x00000000800002ee (0x00004289) c.li    t0, 2
0 0x00000000800002ee (0x4289) x 5 0x0000000000000002
core   0: 0x00000000800002f0 (0xfc521de3) bne     tp, t0, pc - 38
0 0x00000000800002f0 (0xfc521de3)
core   0: 0x00000000800002ca (0x0ff010b7) lui     ra, 0xff01
0 0x00000000800002ca (0x0ff010b7) x 1 0x000000000ff01000
core   0: 0x00000000800002ce (0xff00809b) addiw   ra, ra, -16
0 0x00000000800002ce (0xff00809b) x 1 0x000000000ff00ff0
core   0: 0x00000000800002d2 (0x000f1137) lui     sp, 0xf1
0 0x00000000800002d2 (0x000f1137) x 2 0x00000000000f1000
core   0: 0x00000000800002d6 (0xf0f1011b) addiw   sp, sp, -241
0 0x00000000800002d6 (0xf0f1011b) x 2 0x00000000000f0f0f
core   0: 0x00000000800002da (0x00c11113) slli    sp, sp, 12
0 0x00000000800002da (0x00c11113) x 2 0x00000000f0f0f000
core   0: 0x00000000800002de (0x0f010113) addi    sp, sp, 240
0 0x00000000800002de (0x0f010113) x 2 0x00000000f0f0f0f0
core   0: 0x00000000800002e2 (0x0020cf33) xor     t5, ra, sp
0 0x00000000800002e2 (0x0020cf33) x30 0x00000000ff00ff00
core   0: 0x00000000800002e6 (0x00000001) c.nop
0 0x00000000800002e6 (0x0001)
core   0: 0x00000000800002e8 (0x000f0313) mv      t1, t5
0 0x00000000800002e8 (0x000f0313) x 6 0x00000000ff00ff00
core   0: 0x00000000800002ec (0x00000205) c.addi  tp, 1
0 0x00000000800002ec (0x0205) x 4 0x0000000000000002
core   0: 0x00000000800002ee (0x00004289) c.li    t0, 2
0 0x00000000800002ee (0x4289) x 5 0x0000000000000002
core   0: 0x00000000800002f0 (0xfc521de3) bne     tp, t0, pc - 38
0 0x00000000800002f0 (0xfc521de3)
core   0: 0x00000000800002f4 (0x00010eb7) lui     t4, 0x10
0 0x00000000800002f4 (0x00010eb7) x29 0x0000000000010000
core   0: 0x00000000800002f8 (0xf01e8e9b) addiw   t4, t4, -255
0 0x00000000800002f8 (0xf01e8e9b) x29 0x000000000000ff01
core   0: 0x00000000800002fc (0x010e9e93) slli    t4, t4, 16
0 0x00000000800002fc (0x010e9e93) x29 0x00000000ff010000
core   0: 0x0000000080000300 (0xf00e8e93) addi    t4, t4, -256
0 0x0000000080000300 (0xf00e8e93) x29 0x00000000ff00ff00
core   0: 0x0000000080000304 (0x000041a9) c.li    gp, 10
0 0x0000000080000304 (0x41a9) x 3 0x000000000000000a
core   0: 0x0000000080000306 (0x00002e17) auipc   t3, 0x2
0 0x0000000080000306 (0x00002e17) x28 0x0000000080002306
core   0: 0x000000008000030a (0xcfae0e13) addi    t3, t3, -774
0 0x000000008000030a (0xcfae0e13) x28 0x0000000080002000
core   0: 0x000000008000030e (0x026e2423) sw      t1, 40(t3)
0 0x000000008000030e (0x026e2423) mem 0x0000000080002028 0x0000000000000000
core   0: 0x0000000080000312 (0x43d31263) bne     t1, t4, pc + 1060
0 0x0000000080000312 (0x43d31263)
core   0: 0x0000000080000316 (0x00004201) c.li    tp, 0
0 0x0000000080000316 (0x4201) x 4 0x0000000000000000
core   0: 0x0000000080000318 (0x00ff00b7) lui     ra, 0xff0
0 0x0000000080000318 (0x00ff00b7) x 1 0x0000000000ff0000
core   0: 0x000000008000031c (0x0ff0809b) addiw   ra, ra, 255
0 0x000000008000031c (0x0ff0809b) x 1 0x0000000000ff00ff
core   0: 0x0000000080000320 (0x0f0f1137) lui     sp, 0xf0f1
0 0x0000000080000320 (0x0f0f1137) x 2 0x000000000f0f1000
core   0: 0x0000000080000324 (0xf0f1011b) addiw   sp, sp, -241
0 0x0000000080000324 (0xf0f1011b) x 2 0x000000000f0f0f0f
core   0: 0x0000000080000328 (0x0020cf33) xor     t5, ra, sp
0 0x0000000080000328 (0x0020cf33) x30 0x000000000ff00ff0
core   0: 0x000000008000032c (0x00000001) c.nop
0 0x000000008000032c (0x0001)
core   0: 0x000000008000032e (0x00000001) c.nop
0 0x000000008000032e (0x0001)
core   0: 0x0000000080000330 (0x000f0313) mv      t1, t5
0 0x0000000080000330 (0x000f0313) x 6 0x000000000ff00ff0
core   0: 0x0000000080000334 (0x00000205) c.addi  tp, 1
0 0x0000000080000334 (0x0205) x 4 0x0000000000000001
core   0: 0x0000000080000336 (0x00004289) c.li    t0, 2
0 0x0000000080000336 (0x4289) x 5 0x0000000000000002
core   0: 0x0000000080000338 (0xfe5210e3) bne     tp, t0, pc - 32
0 0x0000000080000338 (0xfe5210e3)
core   0: 0x0000000080000318 (0x00ff00b7) lui     ra, 0xff0
0 0x0000000080000318 (0x00ff00b7) x 1 0x0000000000ff0000
core   0: 0x000000008000031c (0x0ff0809b) addiw   ra, ra, 255
0 0x000000008000031c (0x0ff0809b) x 1 0x0000000000ff00ff
core   0: 0x0000000080000320 (0x0f0f1137) lui     sp, 0xf0f1
0 0x0000000080000320 (0x0f0f1137) x 2 0x000000000f0f1000
core   0: 0x0000000080000324 (0xf0f1011b) addiw   sp, sp, -241
0 0x0000000080000324 (0xf0f1011b) x 2 0x000000000f0f0f0f
core   0: 0x0000000080000328 (0x0020cf33) xor     t5, ra, sp
0 0x0000000080000328 (0x0020cf33) x30 0x000000000ff00ff0
core   0: 0x000000008000032c (0x00000001) c.nop
0 0x000000008000032c (0x0001)
core   0: 0x000000008000032e (0x00000001) c.nop
0 0x000000008000032e (0x0001)
core   0: 0x0000000080000330 (0x000f0313) mv      t1, t5
0 0x0000000080000330 (0x000f0313) x 6 0x000000000ff00ff0
core   0: 0x0000000080000334 (0x00000205) c.addi  tp, 1
0 0x0000000080000334 (0x0205) x 4 0x0000000000000002
core   0: 0x0000000080000336 (0x00004289) c.li    t0, 2
0 0x0000000080000336 (0x4289) x 5 0x0000000000000002
core   0: 0x0000000080000338 (0xfe5210e3) bne     tp, t0, pc - 32
0 0x0000000080000338 (0xfe5210e3)
core   0: 0x000000008000033c (0x0ff01eb7) lui     t4, 0xff01
0 0x000000008000033c (0x0ff01eb7) x29 0x000000000ff01000
core   0: 0x0000000080000340 (0xff0e8e9b) addiw   t4, t4, -16
0 0x0000000080000340 (0xff0e8e9b) x29 0x000000000ff00ff0
core   0: 0x0000000080000344 (0x000041ad) c.li    gp, 11
0 0x0000000080000344 (0x41ad) x 3 0x000000000000000b
core   0: 0x0000000080000346 (0x00002e17) auipc   t3, 0x2
0 0x0000000080000346 (0x00002e17) x28 0x0000000080002346
core   0: 0x000000008000034a (0xcbae0e13) addi    t3, t3, -838
0 0x000000008000034a (0xcbae0e13) x28 0x0000000080002000
core   0: 0x000000008000034e (0x026e2623) sw      t1, 44(t3)
0 0x000000008000034e (0x026e2623) mem 0x000000008000202c 0x0000000000000000
core   0: 0x0000000080000352 (0x3fd31263) bne     t1, t4, pc + 996
0 0x0000000080000352 (0x3fd31263)
core   0: 0x0000000080000356 (0x00004201) c.li    tp, 0
0 0x0000000080000356 (0x4201) x 4 0x0000000000000000
core   0: 0x0000000080000358 (0x000100b7) lui     ra, 0x10
0 0x0000000080000358 (0x000100b7) x 1 0x0000000000010000
core   0: 0x000000008000035c (0xf010809b) addiw   ra, ra, -255
0 0x000000008000035c (0xf010809b) x 1 0x000000000000ff01
core   0: 0x0000000080000360 (0x01009093) slli    ra, ra, 16
0 0x0000000080000360 (0x01009093) x 1 0x00000000ff010000
core   0: 0x0000000080000364 (0xf0008093) addi    ra, ra, -256
0 0x0000000080000364 (0xf0008093) x 1 0x00000000ff00ff00
core   0: 0x0000000080000368 (0x0f0f1137) lui     sp, 0xf0f1
0 0x0000000080000368 (0x0f0f1137) x 2 0x000000000f0f1000
core   0: 0x000000008000036c (0xf0f1011b) addiw   sp, sp, -241
0 0x000000008000036c (0xf0f1011b) x 2 0x000000000f0f0f0f
core   0: 0x0000000080000370 (0x0020cf33) xor     t5, ra, sp
0 0x0000000080000370 (0x0020cf33) x30 0x00000000f00ff00f
core   0: 0x0000000080000374 (0x00000205) c.addi  tp, 1
0 0x0000000080000374 (0x0205) x 4 0x0000000000000001
core   0: 0x0000000080000376 (0x00004289) c.li    t0, 2
0 0x0000000080000376 (0x4289) x 5 0x0000000000000002
core   0: 0x0000000080000378 (0xfe5210e3) bne     tp, t0, pc - 32
0 0x0000000080000378 (0xfe5210e3)
core   0: 0x0000000080000358 (0x000100b7) lui     ra, 0x10
0 0x0000000080000358 (0x000100b7) x 1 0x0000000000010000
core   0: 0x000000008000035c (0xf010809b) addiw   ra, ra, -255
0 0x000000008000035c (0xf010809b) x 1 0x000000000000ff01
core   0: 0x0000000080000360 (0x01009093) slli    ra, ra, 16
0 0x0000000080000360 (0x01009093) x 1 0x00000000ff010000
core   0: 0x0000000080000364 (0xf0008093) addi    ra, ra, -256
0 0x0000000080000364 (0xf0008093) x 1 0x00000000ff00ff00
core   0: 0x0000000080000368 (0x0f0f1137) lui     sp, 0xf0f1
0 0x0000000080000368 (0x0f0f1137) x 2 0x000000000f0f1000
core   0: 0x000000008000036c (0xf0f1011b) addiw   sp, sp, -241
0 0x000000008000036c (0xf0f1011b) x 2 0x000000000f0f0f0f
core   0: 0x0000000080000370 (0x0020cf33) xor     t5, ra, sp
0 0x0000000080000370 (0x0020cf33) x30 0x00000000f00ff00f
core   0: 0x0000000080000374 (0x00000205) c.addi  tp, 1
0 0x0000000080000374 (0x0205) x 4 0x0000000000000002
core   0: 0x0000000080000376 (0x00004289) c.li    t0, 2
0 0x0000000080000376 (0x4289) x 5 0x0000000000000002
core   0: 0x0000000080000378 (0xfe5210e3) bne     tp, t0, pc - 32
0 0x0000000080000378 (0xfe5210e3)
core   0: 0x000000008000037c (0x000f0eb7) lui     t4, 0xf0
0 0x000000008000037c (0x000f0eb7) x29 0x00000000000f0000
core   0: 0x0000000080000380 (0x0ffe8e9b) addiw   t4, t4, 255
0 0x0000000080000380 (0x0ffe8e9b) x29 0x00000000000f00ff
core   0: 0x0000000080000384 (0x00ce9e93) slli    t4, t4, 12
0 0x0000000080000384 (0x00ce9e93) x29 0x00000000f00ff000
core   0: 0x0000000080000388 (0x00fe8e93) addi    t4, t4, 15
0 0x0000000080000388 (0x00fe8e93) x29 0x00000000f00ff00f
core   0: 0x000000008000038c (0x000041b1) c.li    gp, 12
0 0x000000008000038c (0x41b1) x 3 0x000000000000000c
core   0: 0x000000008000038e (0x00002e17) auipc   t3, 0x2
0 0x000000008000038e (0x00002e17) x28 0x000000008000238e
core   0: 0x0000000080000392 (0xc72e0e13) addi    t3, t3, -910
0 0x0000000080000392 (0xc72e0e13) x28 0x0000000080002000
core   0: 0x0000000080000396 (0x03ee2823) sw      t5, 48(t3)
0 0x0000000080000396 (0x03ee2823) mem 0x0000000080002030 0x0000000000000000
core   0: 0x000000008000039a (0x39df1e63) bne     t5, t4, pc + 924
0 0x000000008000039a (0x39df1e63)
core   0: 0x000000008000039e (0x00004201) c.li    tp, 0
0 0x000000008000039e (0x4201) x 4 0x0000000000000000
core   0: 0x00000000800003a0 (0x0ff010b7) lui     ra, 0xff01
0 0x00000000800003a0 (0x0ff010b7) x 1 0x000000000ff01000
core   0: 0x00000000800003a4 (0xff00809b) addiw   ra, ra, -16
0 0x00000000800003a4 (0xff00809b) x 1 0x000000000ff00ff0
core   0: 0x00000000800003a8 (0x000f1137) lui     sp, 0xf1
0 0x00000000800003a8 (0x000f1137) x 2 0x00000000000f1000
core   0: 0x00000000800003ac (0xf0f1011b) addiw   sp, sp, -241
0 0x00000000800003ac (0xf0f1011b) x 2 0x00000000000f0f0f
core   0: 0x00000000800003b0 (0x00c11113) slli    sp, sp, 12
0 0x00000000800003b0 (0x00c11113) x 2 0x00000000f0f0f000
core   0: 0x00000000800003b4 (0x0f010113) addi    sp, sp, 240
0 0x00000000800003b4 (0x0f010113) x 2 0x00000000f0f0f0f0
core   0: 0x00000000800003b8 (0x00000001) c.nop
0 0x00000000800003b8 (0x0001)
core   0: 0x00000000800003ba (0x0020cf33) xor     t5, ra, sp
0 0x00000000800003ba (0x0020cf33) x30 0x00000000ff00ff00
core   0: 0x00000000800003be (0x00000205) c.addi  tp, 1
0 0x00000000800003be (0x0205) x 4 0x0000000000000001
core   0: 0x00000000800003c0 (0x00004289) c.li    t0, 2
0 0x00000000800003c0 (0x4289) x 5 0x0000000000000002
core   0: 0x00000000800003c2 (0xfc521fe3) bne     tp, t0, pc - 34
0 0x00000000800003c2 (0xfc521fe3)
core   0: 0x00000000800003a0 (0x0ff010b7) lui     ra, 0xff01
0 0x00000000800003a0 (0x0ff010b7) x 1 0x000000000ff01000
core   0: 0x00000000800003a4 (0xff00809b) addiw   ra, ra, -16
0 0x00000000800003a4 (0xff00809b) x 1 0x000000000ff00ff0
core   0: 0x00000000800003a8 (0x000f1137) lui     sp, 0xf1
0 0x00000000800003a8 (0x000f1137) x 2 0x00000000000f1000
core   0: 0x00000000800003ac (0xf0f1011b) addiw   sp, sp, -241
0 0x00000000800003ac (0xf0f1011b) x 2 0x00000000000f0f0f
core   0: 0x00000000800003b0 (0x00c11113) slli    sp, sp, 12
0 0x00000000800003b0 (0x00c11113) x 2 0x00000000f0f0f000
core   0: 0x00000000800003b4 (0x0f010113) addi    sp, sp, 240
0 0x00000000800003b4 (0x0f010113) x 2 0x00000000f0f0f0f0
core   0: 0x00000000800003b8 (0x00000001) c.nop
0 0x00000000800003b8 (0x0001)
core   0: 0x00000000800003ba (0x0020cf33) xor     t5, ra, sp
0 0x00000000800003ba (0x0020cf33) x30 0x00000000ff00ff00
core   0: 0x00000000800003be (0x00000205) c.addi  tp, 1
0 0x00000000800003be (0x0205) x 4 0x0000000000000002
core   0: 0x00000000800003c0 (0x00004289) c.li    t0, 2
0 0x00000000800003c0 (0x4289) x 5 0x0000000000000002
core   0: 0x00000000800003c2 (0xfc521fe3) bne     tp, t0, pc - 34
0 0x00000000800003c2 (0xfc521fe3)
core   0: 0x00000000800003c6 (0x00010eb7) lui     t4, 0x10
0 0x00000000800003c6 (0x00010eb7) x29 0x0000000000010000
core   0: 0x00000000800003ca (0xf01e8e9b) addiw   t4, t4, -255
0 0x00000000800003ca (0xf01e8e9b) x29 0x000000000000ff01
core   0: 0x00000000800003ce (0x010e9e93) slli    t4, t4, 16
0 0x00000000800003ce (0x010e9e93) x29 0x00000000ff010000
core   0: 0x00000000800003d2 (0xf00e8e93) addi    t4, t4, -256
0 0x00000000800003d2 (0xf00e8e93) x29 0x00000000ff00ff00
core   0: 0x00000000800003d6 (0x000041b5) c.li    gp, 13
0 0x00000000800003d6 (0x41b5) x 3 0x000000000000000d
core   0: 0x00000000800003d8 (0x00002e17) auipc   t3, 0x2
0 0x00000000800003d8 (0x00002e17) x28 0x00000000800023d8
core   0: 0x00000000800003dc (0xc28e0e13) addi    t3, t3, -984
0 0x00000000800003dc (0xc28e0e13) x28 0x0000000080002000
core   0: 0x00000000800003e0 (0x03ee2a23) sw      t5, 52(t3)
0 0x00000000800003e0 (0x03ee2a23) mem 0x0000000080002034 0x0000000000000000
core   0: 0x00000000800003e4 (0x35df1963) bne     t5, t4, pc + 850
0 0x00000000800003e4 (0x35df1963)
core   0: 0x00000000800003e8 (0x00004201) c.li    tp, 0
0 0x00000000800003e8 (0x4201) x 4 0x0000000000000000
core   0: 0x00000000800003ea (0x00ff00b7) lui     ra, 0xff0
0 0x00000000800003ea (0x00ff00b7) x 1 0x0000000000ff0000
core   0: 0x00000000800003ee (0x0ff0809b) addiw   ra, ra, 255
0 0x00000000800003ee (0x0ff0809b) x 1 0x0000000000ff00ff
core   0: 0x00000000800003f2 (0x0f0f1137) lui     sp, 0xf0f1
0 0x00000000800003f2 (0x0f0f1137) x 2 0x000000000f0f1000
core   0: 0x00000000800003f6 (0xf0f1011b) addiw   sp, sp, -241
0 0x00000000800003f6 (0xf0f1011b) x 2 0x000000000f0f0f0f
core   0: 0x00000000800003fa (0x00000001) c.nop
0 0x00000000800003fa (0x0001)
core   0: 0x00000000800003fc (0x00000001) c.nop
0 0x00000000800003fc (0x0001)
core   0: 0x00000000800003fe (0x0020cf33) xor     t5, ra, sp
0 0x00000000800003fe (0x0020cf33) x30 0x000000000ff00ff0
core   0: 0x0000000080000402 (0x00000205) c.addi  tp, 1
0 0x0000000080000402 (0x0205) x 4 0x0000000000000001
core   0: 0x0000000080000404 (0x00004289) c.li    t0, 2
0 0x0000000080000404 (0x4289) x 5 0x0000000000000002
core   0: 0x0000000080000406 (0xfe5212e3) bne     tp, t0, pc - 28
0 0x0000000080000406 (0xfe5212e3)
core   0: 0x00000000800003ea (0x00ff00b7) lui     ra, 0xff0
0 0x00000000800003ea (0x00ff00b7) x 1 0x0000000000ff0000
core   0: 0x00000000800003ee (0x0ff0809b) addiw   ra, ra, 255
0 0x00000000800003ee (0x0ff0809b) x 1 0x0000000000ff00ff
core   0: 0x00000000800003f2 (0x0f0f1137) lui     sp, 0xf0f1
0 0x00000000800003f2 (0x0f0f1137) x 2 0x000000000f0f1000
core   0: 0x00000000800003f6 (0xf0f1011b) addiw   sp, sp, -241
0 0x00000000800003f6 (0xf0f1011b) x 2 0x000000000f0f0f0f
core   0: 0x00000000800003fa (0x00000001) c.nop
0 0x00000000800003fa (0x0001)
core   0: 0x00000000800003fc (0x00000001) c.nop
0 0x00000000800003fc (0x0001)
core   0: 0x00000000800003fe (0x0020cf33) xor     t5, ra, sp
0 0x00000000800003fe (0x0020cf33) x30 0x000000000ff00ff0
core   0: 0x0000000080000402 (0x00000205) c.addi  tp, 1
0 0x0000000080000402 (0x0205) x 4 0x0000000000000002
core   0: 0x0000000080000404 (0x00004289) c.li    t0, 2
0 0x0000000080000404 (0x4289) x 5 0x0000000000000002
core   0: 0x0000000080000406 (0xfe5212e3) bne     tp, t0, pc - 28
0 0x0000000080000406 (0xfe5212e3)
core   0: 0x000000008000040a (0x0ff01eb7) lui     t4, 0xff01
0 0x000000008000040a (0x0ff01eb7) x29 0x000000000ff01000
core   0: 0x000000008000040e (0xff0e8e9b) addiw   t4, t4, -16
0 0x000000008000040e (0xff0e8e9b) x29 0x000000000ff00ff0
core   0: 0x0000000080000412 (0x000041b9) c.li    gp, 14
0 0x0000000080000412 (0x41b9) x 3 0x000000000000000e
core   0: 0x0000000080000414 (0x00002e17) auipc   t3, 0x2
0 0x0000000080000414 (0x00002e17) x28 0x0000000080002414
core   0: 0x0000000080000418 (0xbece0e13) addi    t3, t3, -1044
0 0x0000000080000418 (0xbece0e13) x28 0x0000000080002000
core   0: 0x000000008000041c (0x03ee2c23) sw      t5, 56(t3)
0 0x000000008000041c (0x03ee2c23) mem 0x0000000080002038 0x0000000000000000
core   0: 0x0000000080000420 (0x31df1b63) bne     t5, t4, pc + 790
0 0x0000000080000420 (0x31df1b63)
core   0: 0x0000000080000424 (0x00004201) c.li    tp, 0
0 0x0000000080000424 (0x4201) x 4 0x0000000000000000
core   0: 0x0000000080000426 (0x000100b7) lui     ra, 0x10
0 0x0000000080000426 (0x000100b7) x 1 0x0000000000010000
core   0: 0x000000008000042a (0xf010809b) addiw   ra, ra, -255
0 0x000000008000042a (0xf010809b) x 1 0x000000000000ff01
core   0: 0x000000008000042e (0x01009093) slli    ra, ra, 16
0 0x000000008000042e (0x01009093) x 1 0x00000000ff010000
core   0: 0x0000000080000432 (0xf0008093) addi    ra, ra, -256
0 0x0000000080000432 (0xf0008093) x 1 0x00000000ff00ff00
core   0: 0x0000000080000436 (0x00000001) c.nop
0 0x0000000080000436 (0x0001)
core   0: 0x0000000080000438 (0x0f0f1137) lui     sp, 0xf0f1
0 0x0000000080000438 (0x0f0f1137) x 2 0x000000000f0f1000
core   0: 0x000000008000043c (0xf0f1011b) addiw   sp, sp, -241
0 0x000000008000043c (0xf0f1011b) x 2 0x000000000f0f0f0f
core   0: 0x0000000080000440 (0x0020cf33) xor     t5, ra, sp
0 0x0000000080000440 (0x0020cf33) x30 0x00000000f00ff00f
core   0: 0x0000000080000444 (0x00000205) c.addi  tp, 1
0 0x0000000080000444 (0x0205) x 4 0x0000000000000001
core   0: 0x0000000080000446 (0x00004289) c.li    t0, 2
0 0x0000000080000446 (0x4289) x 5 0x0000000000000002
core   0: 0x0000000080000448 (0xfc521fe3) bne     tp, t0, pc - 34
0 0x0000000080000448 (0xfc521fe3)
core   0: 0x0000000080000426 (0x000100b7) lui     ra, 0x10
0 0x0000000080000426 (0x000100b7) x 1 0x0000000000010000
core   0: 0x000000008000042a (0xf010809b) addiw   ra, ra, -255
0 0x000000008000042a (0xf010809b) x 1 0x000000000000ff01
core   0: 0x000000008000042e (0x01009093) slli    ra, ra, 16
0 0x000000008000042e (0x01009093) x 1 0x00000000ff010000
core   0: 0x0000000080000432 (0xf0008093) addi    ra, ra, -256
0 0x0000000080000432 (0xf0008093) x 1 0x00000000ff00ff00
core   0: 0x0000000080000436 (0x00000001) c.nop
0 0x0000000080000436 (0x0001)
core   0: 0x0000000080000438 (0x0f0f1137) lui     sp, 0xf0f1
0 0x0000000080000438 (0x0f0f1137) x 2 0x000000000f0f1000
core   0: 0x000000008000043c (0xf0f1011b) addiw   sp, sp, -241
0 0x000000008000043c (0xf0f1011b) x 2 0x000000000f0f0f0f
core   0: 0x0000000080000440 (0x0020cf33) xor     t5, ra, sp
0 0x0000000080000440 (0x0020cf33) x30 0x00000000f00ff00f
core   0: 0x0000000080000444 (0x00000205) c.addi  tp, 1
0 0x0000000080000444 (0x0205) x 4 0x0000000000000002
core   0: 0x0000000080000446 (0x00004289) c.li    t0, 2
0 0x0000000080000446 (0x4289) x 5 0x0000000000000002
core   0: 0x0000000080000448 (0xfc521fe3) bne     tp, t0, pc - 34
0 0x0000000080000448 (0xfc521fe3)
core   0: 0x000000008000044c (0x000f0eb7) lui     t4, 0xf0
0 0x000000008000044c (0x000f0eb7) x29 0x00000000000f0000
core   0: 0x0000000080000450 (0x0ffe8e9b) addiw   t4, t4, 255
0 0x0000000080000450 (0x0ffe8e9b) x29 0x00000000000f00ff
core   0: 0x0000000080000454 (0x00ce9e93) slli    t4, t4, 12
0 0x0000000080000454 (0x00ce9e93) x29 0x00000000f00ff000
core   0: 0x0000000080000458 (0x00fe8e93) addi    t4, t4, 15
0 0x0000000080000458 (0x00fe8e93) x29 0x00000000f00ff00f
core   0: 0x000000008000045c (0x000041bd) c.li    gp, 15
0 0x000000008000045c (0x41bd) x 3 0x000000000000000f
core   0: 0x000000008000045e (0x00002e17) auipc   t3, 0x2
0 0x000000008000045e (0x00002e17) x28 0x000000008000245e
core   0: 0x0000000080000462 (0xba2e0e13) addi    t3, t3, -1118
0 0x0000000080000462 (0xba2e0e13) x28 0x0000000080002000
core   0: 0x0000000080000466 (0x03ee2e23) sw      t5, 60(t3)
0 0x0000000080000466 (0x03ee2e23) mem 0x000000008000203c 0x0000000000000000
core   0: 0x000000008000046a (0x2ddf1663) bne     t5, t4, pc + 716
0 0x000000008000046a (0x2ddf1663)
core   0: 0x000000008000046e (0x00004201) c.li    tp, 0
0 0x000000008000046e (0x4201) x 4 0x0000000000000000
core   0: 0x0000000080000470 (0x0ff010b7) lui     ra, 0xff01
0 0x0000000080000470 (0x0ff010b7) x 1 0x000000000ff01000
core   0: 0x0000000080000474 (0xff00809b) addiw   ra, ra, -16
0 0x0000000080000474 (0xff00809b) x 1 0x000000000ff00ff0
core   0: 0x0000000080000478 (0x00000001) c.nop
0 0x0000000080000478 (0x0001)
core   0: 0x000000008000047a (0x000f1137) lui     sp, 0xf1
0 0x000000008000047a (0x000f1137) x 2 0x00000000000f1000
core   0: 0x000000008000047e (0xf0f1011b) addiw   sp, sp, -241
0 0x000000008000047e (0xf0f1011b) x 2 0x00000000000f0f0f
core   0: 0x0000000080000482 (0x00c11113) slli    sp, sp, 12
0 0x0000000080000482 (0x00c11113) x 2 0x00000000f0f0f000
core   0: 0x0000000080000486 (0x0f010113) addi    sp, sp, 240
0 0x0000000080000486 (0x0f010113) x 2 0x00000000f0f0f0f0
core   0: 0x000000008000048a (0x00000001) c.nop
0 0x000000008000048a (0x0001)
core   0: 0x000000008000048c (0x0020cf33) xor     t5, ra, sp
0 0x000000008000048c (0x0020cf33) x30 0x00000000ff00ff00
core   0: 0x0000000080000490 (0x00000205) c.addi  tp, 1
0 0x0000000080000490 (0x0205) x 4 0x0000000000000001
core   0: 0x0000000080000492 (0x00004289) c.li    t0, 2
0 0x0000000080000492 (0x4289) x 5 0x0000000000000002
core   0: 0x0000000080000494 (0xfc521ee3) bne     tp, t0, pc - 36
0 0x0000000080000494 (0xfc521ee3)
core   0: 0x0000000080000470 (0x0ff010b7) lui     ra, 0xff01
0 0x0000000080000470 (0x0ff010b7) x 1 0x000000000ff01000
core   0: 0x0000000080000474 (0xff00809b) addiw   ra, ra, -16
0 0x0000000080000474 (0xff00809b) x 1 0x000000000ff00ff0
core   0: 0x0000000080000478 (0x00000001) c.nop
0 0x0000000080000478 (0x0001)
core   0: 0x000000008000047a (0x000f1137) lui     sp, 0xf1
0 0x000000008000047a (0x000f1137) x 2 0x00000000000f1000
core   0: 0x000000008000047e (0xf0f1011b) addiw   sp, sp, -241
0 0x000000008000047e (0xf0f1011b) x 2 0x00000000000f0f0f
core   0: 0x0000000080000482 (0x00c11113) slli    sp, sp, 12
0 0x0000000080000482 (0x00c11113) x 2 0x00000000f0f0f000
core   0: 0x0000000080000486 (0x0f010113) addi    sp, sp, 240
0 0x0000000080000486 (0x0f010113) x 2 0x00000000f0f0f0f0
core   0: 0x000000008000048a (0x00000001) c.nop
0 0x000000008000048a (0x0001)
core   0: 0x000000008000048c (0x0020cf33) xor     t5, ra, sp
0 0x000000008000048c (0x0020cf33) x30 0x00000000ff00ff00
core   0: 0x0000000080000490 (0x00000205) c.addi  tp, 1
0 0x0000000080000490 (0x0205) x 4 0x0000000000000002
core   0: 0x0000000080000492 (0x00004289) c.li    t0, 2
0 0x0000000080000492 (0x4289) x 5 0x0000000000000002
core   0: 0x0000000080000494 (0xfc521ee3) bne     tp, t0, pc - 36
0 0x0000000080000494 (0xfc521ee3)
core   0: 0x0000000080000498 (0x00010eb7) lui     t4, 0x10
0 0x0000000080000498 (0x00010eb7) x29 0x0000000000010000
core   0: 0x000000008000049c (0xf01e8e9b) addiw   t4, t4, -255
0 0x000000008000049c (0xf01e8e9b) x29 0x000000000000ff01
core   0: 0x00000000800004a0 (0x010e9e93) slli    t4, t4, 16
0 0x00000000800004a0 (0x010e9e93) x29 0x00000000ff010000
core   0: 0x00000000800004a4 (0xf00e8e93) addi    t4, t4, -256
0 0x00000000800004a4 (0xf00e8e93) x29 0x00000000ff00ff00
core   0: 0x00000000800004a8 (0x000041c1) c.li    gp, 16
0 0x00000000800004a8 (0x41c1) x 3 0x0000000000000010
core   0: 0x00000000800004aa (0x00002e17) auipc   t3, 0x2
0 0x00000000800004aa (0x00002e17) x28 0x00000000800024aa
core   0: 0x00000000800004ae (0xb56e0e13) addi    t3, t3, -1194
0 0x00000000800004ae (0xb56e0e13) x28 0x0000000080002000
core   0: 0x00000000800004b2 (0x05ee2023) sw      t5, 64(t3)
0 0x00000000800004b2 (0x05ee2023) mem 0x0000000080002040 0x0000000000000000
core   0: 0x00000000800004b6 (0x29df1063) bne     t5, t4, pc + 640
0 0x00000000800004b6 (0x29df1063)
core   0: 0x00000000800004ba (0x00004201) c.li    tp, 0
0 0x00000000800004ba (0x4201) x 4 0x0000000000000000
core   0: 0x00000000800004bc (0x00ff00b7) lui     ra, 0xff0
0 0x00000000800004bc (0x00ff00b7) x 1 0x0000000000ff0000
core   0: 0x00000000800004c0 (0x0ff0809b) addiw   ra, ra, 255
0 0x00000000800004c0 (0x0ff0809b) x 1 0x0000000000ff00ff
core   0: 0x00000000800004c4 (0x00000001) c.nop
0 0x00000000800004c4 (0x0001)
core   0: 0x00000000800004c6 (0x00000001) c.nop
0 0x00000000800004c6 (0x0001)
core   0: 0x00000000800004c8 (0x0f0f1137) lui     sp, 0xf0f1
0 0x00000000800004c8 (0x0f0f1137) x 2 0x000000000f0f1000
core   0: 0x00000000800004cc (0xf0f1011b) addiw   sp, sp, -241
0 0x00000000800004cc (0xf0f1011b) x 2 0x000000000f0f0f0f
core   0: 0x00000000800004d0 (0x0020cf33) xor     t5, ra, sp
0 0x00000000800004d0 (0x0020cf33) x30 0x000000000ff00ff0
core   0: 0x00000000800004d4 (0x00000205) c.addi  tp, 1
0 0x00000000800004d4 (0x0205) x 4 0x0000000000000001
core   0: 0x00000000800004d6 (0x00004289) c.li    t0, 2
0 0x00000000800004d6 (0x4289) x 5 0x0000000000000002
core   0: 0x00000000800004d8 (0xfe5212e3) bne     tp, t0, pc - 28
0 0x00000000800004d8 (0xfe5212e3)
core   0: 0x00000000800004bc (0x00ff00b7) lui     ra, 0xff0
0 0x00000000800004bc (0x00ff00b7) x 1 0x0000000000ff0000
core   0: 0x00000000800004c0 (0x0ff0809b) addiw   ra, ra, 255
0 0x00000000800004c0 (0x0ff0809b) x 1 0x0000000000ff00ff
core   0: 0x00000000800004c4 (0x00000001) c.nop
0 0x00000000800004c4 (0x0001)
core   0: 0x00000000800004c6 (0x00000001) c.nop
0 0x00000000800004c6 (0x0001)
core   0: 0x00000000800004c8 (0x0f0f1137) lui     sp, 0xf0f1
0 0x00000000800004c8 (0x0f0f1137) x 2 0x000000000f0f1000
core   0: 0x00000000800004cc (0xf0f1011b) addiw   sp, sp, -241
0 0x00000000800004cc (0xf0f1011b) x 2 0x000000000f0f0f0f
core   0: 0x00000000800004d0 (0x0020cf33) xor     t5, ra, sp
0 0x00000000800004d0 (0x0020cf33) x30 0x000000000ff00ff0
core   0: 0x00000000800004d4 (0x00000205) c.addi  tp, 1
0 0x00000000800004d4 (0x0205) x 4 0x0000000000000002
core   0: 0x00000000800004d6 (0x00004289) c.li    t0, 2
0 0x00000000800004d6 (0x4289) x 5 0x0000000000000002
core   0: 0x00000000800004d8 (0xfe5212e3) bne     tp, t0, pc - 28
0 0x00000000800004d8 (0xfe5212e3)
core   0: 0x00000000800004dc (0x0ff01eb7) lui     t4, 0xff01
0 0x00000000800004dc (0x0ff01eb7) x29 0x000000000ff01000
core   0: 0x00000000800004e0 (0xff0e8e9b) addiw   t4, t4, -16
0 0x00000000800004e0 (0xff0e8e9b) x29 0x000000000ff00ff0
core   0: 0x00000000800004e4 (0x000041c5) c.li    gp, 17
0 0x00000000800004e4 (0x41c5) x 3 0x0000000000000011
core   0: 0x00000000800004e6 (0x00002e17) auipc   t3, 0x2
0 0x00000000800004e6 (0x00002e17) x28 0x00000000800024e6
core   0: 0x00000000800004ea (0xb1ae0e13) addi    t3, t3, -1254
0 0x00000000800004ea (0xb1ae0e13) x28 0x0000000080002000
core   0: 0x00000000800004ee (0x05ee2223) sw      t5, 68(t3)
0 0x00000000800004ee (0x05ee2223) mem 0x0000000080002044 0x0000000000000000
core   0: 0x00000000800004f2 (0x25df1263) bne     t5, t4, pc + 580
0 0x00000000800004f2 (0x25df1263)
core   0: 0x00000000800004f6 (0x00004201) c.li    tp, 0
0 0x00000000800004f6 (0x4201) x 4 0x0000000000000000
core   0: 0x00000000800004f8 (0x0f0f1137) lui     sp, 0xf0f1
0 0x00000000800004f8 (0x0f0f1137) x 2 0x000000000f0f1000
core   0: 0x00000000800004fc (0xf0f1011b) addiw   sp, sp, -241
0 0x00000000800004fc (0xf0f1011b) x 2 0x000000000f0f0f0f
core   0: 0x0000000080000500 (0x000100b7) lui     ra, 0x10
0 0x0000000080000500 (0x000100b7) x 1 0x0000000000010000
core   0: 0x0000000080000504 (0xf010809b) addiw   ra, ra, -255
0 0x0000000080000504 (0xf010809b) x 1 0x000000000000ff01
core   0: 0x0000000080000508 (0x01009093) slli    ra, ra, 16
0 0x0000000080000508 (0x01009093) x 1 0x00000000ff010000
core   0: 0x000000008000050c (0xf0008093) addi    ra, ra, -256
0 0x000000008000050c (0xf0008093) x 1 0x00000000ff00ff00
core   0: 0x0000000080000510 (0x0020cf33) xor     t5, ra, sp
0 0x0000000080000510 (0x0020cf33) x30 0x00000000f00ff00f
core   0: 0x0000000080000514 (0x00000205) c.addi  tp, 1
0 0x0000000080000514 (0x0205) x 4 0x0000000000000001
core   0: 0x0000000080000516 (0x00004289) c.li    t0, 2
0 0x0000000080000516 (0x4289) x 5 0x0000000000000002
core   0: 0x0000000080000518 (0xfe5210e3) bne     tp, t0, pc - 32
0 0x0000000080000518 (0xfe5210e3)
core   0: 0x00000000800004f8 (0x0f0f1137) lui     sp, 0xf0f1
0 0x00000000800004f8 (0x0f0f1137) x 2 0x000000000f0f1000
core   0: 0x00000000800004fc (0xf0f1011b) addiw   sp, sp, -241
0 0x00000000800004fc (0xf0f1011b) x 2 0x000000000f0f0f0f
core   0: 0x0000000080000500 (0x000100b7) lui     ra, 0x10
0 0x0000000080000500 (0x000100b7) x 1 0x0000000000010000
core   0: 0x0000000080000504 (0xf010809b) addiw   ra, ra, -255
0 0x0000000080000504 (0xf010809b) x 1 0x000000000000ff01
core   0: 0x0000000080000508 (0x01009093) slli    ra, ra, 16
0 0x0000000080000508 (0x01009093) x 1 0x00000000ff010000
core   0: 0x000000008000050c (0xf0008093) addi    ra, ra, -256
0 0x000000008000050c (0xf0008093) x 1 0x00000000ff00ff00
core   0: 0x0000000080000510 (0x0020cf33) xor     t5, ra, sp
0 0x0000000080000510 (0x0020cf33) x30 0x00000000f00ff00f
core   0: 0x0000000080000514 (0x00000205) c.addi  tp, 1
0 0x0000000080000514 (0x0205) x 4 0x0000000000000002
core   0: 0x0000000080000516 (0x00004289) c.li    t0, 2
0 0x0000000080000516 (0x4289) x 5 0x0000000000000002
core   0: 0x0000000080000518 (0xfe5210e3) bne     tp, t0, pc - 32
0 0x0000000080000518 (0xfe5210e3)
core   0: 0x000000008000051c (0x000f0eb7) lui     t4, 0xf0
0 0x000000008000051c (0x000f0eb7) x29 0x00000000000f0000
core   0: 0x0000000080000520 (0x0ffe8e9b) addiw   t4, t4, 255
0 0x0000000080000520 (0x0ffe8e9b) x29 0x00000000000f00ff
core   0: 0x0000000080000524 (0x00ce9e93) slli    t4, t4, 12
0 0x0000000080000524 (0x00ce9e93) x29 0x00000000f00ff000
core   0: 0x0000000080000528 (0x00fe8e93) addi    t4, t4, 15
0 0x0000000080000528 (0x00fe8e93) x29 0x00000000f00ff00f
core   0: 0x000000008000052c (0x000041c9) c.li    gp, 18
0 0x000000008000052c (0x41c9) x 3 0x0000000000000012
core   0: 0x000000008000052e (0x00002e17) auipc   t3, 0x2
0 0x000000008000052e (0x00002e17) x28 0x000000008000252e
core   0: 0x0000000080000532 (0xad2e0e13) addi    t3, t3, -1326
0 0x0000000080000532 (0xad2e0e13) x28 0x0000000080002000
core   0: 0x0000000080000536 (0x05ee2423) sw      t5, 72(t3)
0 0x0000000080000536 (0x05ee2423) mem 0x0000000080002048 0x0000000000000000
core   0: 0x000000008000053a (0x1fdf1e63) bne     t5, t4, pc + 508
0 0x000000008000053a (0x1fdf1e63)
core   0: 0x000000008000053e (0x00004201) c.li    tp, 0
0 0x000000008000053e (0x4201) x 4 0x0000000000000000
core   0: 0x0000000080000540 (0x000f1137) lui     sp, 0xf1
0 0x0000000080000540 (0x000f1137) x 2 0x00000000000f1000
core   0: 0x0000000080000544 (0xf0f1011b) addiw   sp, sp, -241
0 0x0000000080000544 (0xf0f1011b) x 2 0x00000000000f0f0f
core   0: 0x0000000080000548 (0x00c11113) slli    sp, sp, 12
0 0x0000000080000548 (0x00c11113) x 2 0x00000000f0f0f000
core   0: 0x000000008000054c (0x0f010113) addi    sp, sp, 240
0 0x000000008000054c (0x0f010113) x 2 0x00000000f0f0f0f0
core   0: 0x0000000080000550 (0x0ff010b7) lui     ra, 0xff01
0 0x0000000080000550 (0x0ff010b7) x 1 0x000000000ff01000
core   0: 0x0000000080000554 (0xff00809b) addiw   ra, ra, -16
0 0x0000000080000554 (0xff00809b) x 1 0x000000000ff00ff0
core   0: 0x0000000080000558 (0x00000001) c.nop
0 0x0000000080000558 (0x0001)
core   0: 0x000000008000055a (0x0020cf33) xor     t5, ra, sp
0 0x000000008000055a (0x0020cf33) x30 0x00000000ff00ff00
core   0: 0x000000008000055e (0x00000205) c.addi  tp, 1
0 0x000000008000055e (0x0205) x 4 0x0000000000000001
core   0: 0x0000000080000560 (0x00004289) c.li    t0, 2
0 0x0000000080000560 (0x4289) x 5 0x0000000000000002
core   0: 0x0000000080000562 (0xfc521fe3) bne     tp, t0, pc - 34
0 0x0000000080000562 (0xfc521fe3)
core   0: 0x0000000080000540 (0x000f1137) lui     sp, 0xf1
0 0x0000000080000540 (0x000f1137) x 2 0x00000000000f1000
core   0: 0x0000000080000544 (0xf0f1011b) addiw   sp, sp, -241
0 0x0000000080000544 (0xf0f1011b) x 2 0x00000000000f0f0f
core   0: 0x0000000080000548 (0x00c11113) slli    sp, sp, 12
0 0x0000000080000548 (0x00c11113) x 2 0x00000000f0f0f000
core   0: 0x000000008000054c (0x0f010113) addi    sp, sp, 240
0 0x000000008000054c (0x0f010113) x 2 0x00000000f0f0f0f0
core   0: 0x0000000080000550 (0x0ff010b7) lui     ra, 0xff01
0 0x0000000080000550 (0x0ff010b7) x 1 0x000000000ff01000
core   0: 0x0000000080000554 (0xff00809b) addiw   ra, ra, -16
0 0x0000000080000554 (0xff00809b) x 1 0x000000000ff00ff0
core   0: 0x0000000080000558 (0x00000001) c.nop
0 0x0000000080000558 (0x0001)
core   0: 0x000000008000055a (0x0020cf33) xor     t5, ra, sp
0 0x000000008000055a (0x0020cf33) x30 0x00000000ff00ff00
core   0: 0x000000008000055e (0x00000205) c.addi  tp, 1
0 0x000000008000055e (0x0205) x 4 0x0000000000000002
core   0: 0x0000000080000560 (0x00004289) c.li    t0, 2
0 0x0000000080000560 (0x4289) x 5 0x0000000000000002
core   0: 0x0000000080000562 (0xfc521fe3) bne     tp, t0, pc - 34
0 0x0000000080000562 (0xfc521fe3)
core   0: 0x0000000080000566 (0x00010eb7) lui     t4, 0x10
0 0x0000000080000566 (0x00010eb7) x29 0x0000000000010000
core   0: 0x000000008000056a (0xf01e8e9b) addiw   t4, t4, -255
0 0x000000008000056a (0xf01e8e9b) x29 0x000000000000ff01
core   0: 0x000000008000056e (0x010e9e93) slli    t4, t4, 16
0 0x000000008000056e (0x010e9e93) x29 0x00000000ff010000
core   0: 0x0000000080000572 (0xf00e8e93) addi    t4, t4, -256
0 0x0000000080000572 (0xf00e8e93) x29 0x00000000ff00ff00
core   0: 0x0000000080000576 (0x000041cd) c.li    gp, 19
0 0x0000000080000576 (0x41cd) x 3 0x0000000000000013
core   0: 0x0000000080000578 (0x00002e17) auipc   t3, 0x2
0 0x0000000080000578 (0x00002e17) x28 0x0000000080002578
core   0: 0x000000008000057c (0xa88e0e13) addi    t3, t3, -1400
0 0x000000008000057c (0xa88e0e13) x28 0x0000000080002000
core   0: 0x0000000080000580 (0x05ee2623) sw      t5, 76(t3)
0 0x0000000080000580 (0x05ee2623) mem 0x000000008000204c 0x0000000000000000
core   0: 0x0000000080000584 (0x1bdf1963) bne     t5, t4, pc + 434
0 0x0000000080000584 (0x1bdf1963)
core   0: 0x0000000080000588 (0x00004201) c.li    tp, 0
0 0x0000000080000588 (0x4201) x 4 0x0000000000000000
core   0: 0x000000008000058a (0x0f0f1137) lui     sp, 0xf0f1
0 0x000000008000058a (0x0f0f1137) x 2 0x000000000f0f1000
core   0: 0x000000008000058e (0xf0f1011b) addiw   sp, sp, -241
0 0x000000008000058e (0xf0f1011b) x 2 0x000000000f0f0f0f
core   0: 0x0000000080000592 (0x00ff00b7) lui     ra, 0xff0
0 0x0000000080000592 (0x00ff00b7) x 1 0x0000000000ff0000
core   0: 0x0000000080000596 (0x0ff0809b) addiw   ra, ra, 255
0 0x0000000080000596 (0x0ff0809b) x 1 0x0000000000ff00ff
core   0: 0x000000008000059a (0x00000001) c.nop
0 0x000000008000059a (0x0001)
core   0: 0x000000008000059c (0x00000001) c.nop
0 0x000000008000059c (0x0001)
core   0: 0x000000008000059e (0x0020cf33) xor     t5, ra, sp
0 0x000000008000059e (0x0020cf33) x30 0x000000000ff00ff0
core   0: 0x00000000800005a2 (0x00000205) c.addi  tp, 1
0 0x00000000800005a2 (0x0205) x 4 0x0000000000000001
core   0: 0x00000000800005a4 (0x00004289) c.li    t0, 2
0 0x00000000800005a4 (0x4289) x 5 0x0000000000000002
core   0: 0x00000000800005a6 (0xfe5212e3) bne     tp, t0, pc - 28
0 0x00000000800005a6 (0xfe5212e3)
core   0: 0x000000008000058a (0x0f0f1137) lui     sp, 0xf0f1
0 0x000000008000058a (0x0f0f1137) x 2 0x000000000f0f1000
core   0: 0x000000008000058e (0xf0f1011b) addiw   sp, sp, -241
0 0x000000008000058e (0xf0f1011b) x 2 0x000000000f0f0f0f
core   0: 0x0000000080000592 (0x00ff00b7) lui     ra, 0xff0
0 0x0000000080000592 (0x00ff00b7) x 1 0x0000000000ff0000
core   0: 0x0000000080000596 (0x0ff0809b) addiw   ra, ra, 255
0 0x0000000080000596 (0x0ff0809b) x 1 0x0000000000ff00ff
core   0: 0x000000008000059a (0x00000001) c.nop
0 0x000000008000059a (0x0001)
core   0: 0x000000008000059c (0x00000001) c.nop
0 0x000000008000059c (0x0001)
core   0: 0x000000008000059e (0x0020cf33) xor     t5, ra, sp
0 0x000000008000059e (0x0020cf33) x30 0x000000000ff00ff0
core   0: 0x00000000800005a2 (0x00000205) c.addi  tp, 1
0 0x00000000800005a2 (0x0205) x 4 0x0000000000000002
core   0: 0x00000000800005a4 (0x00004289) c.li    t0, 2
0 0x00000000800005a4 (0x4289) x 5 0x0000000000000002
core   0: 0x00000000800005a6 (0xfe5212e3) bne     tp, t0, pc - 28
0 0x00000000800005a6 (0xfe5212e3)
core   0: 0x00000000800005aa (0x0ff01eb7) lui     t4, 0xff01
0 0x00000000800005aa (0x0ff01eb7) x29 0x000000000ff01000
core   0: 0x00000000800005ae (0xff0e8e9b) addiw   t4, t4, -16
0 0x00000000800005ae (0xff0e8e9b) x29 0x000000000ff00ff0
core   0: 0x00000000800005b2 (0x000041d1) c.li    gp, 20
0 0x00000000800005b2 (0x41d1) x 3 0x0000000000000014
core   0: 0x00000000800005b4 (0x00002e17) auipc   t3, 0x2
0 0x00000000800005b4 (0x00002e17) x28 0x00000000800025b4
core   0: 0x00000000800005b8 (0xa4ce0e13) addi    t3, t3, -1460
0 0x00000000800005b8 (0xa4ce0e13) x28 0x0000000080002000
core   0: 0x00000000800005bc (0x05ee2823) sw      t5, 80(t3)
0 0x00000000800005bc (0x05ee2823) mem 0x0000000080002050 0x0000000000000000
core   0: 0x00000000800005c0 (0x17df1b63) bne     t5, t4, pc + 374
0 0x00000000800005c0 (0x17df1b63)
core   0: 0x00000000800005c4 (0x00004201) c.li    tp, 0
0 0x00000000800005c4 (0x4201) x 4 0x0000000000000000
core   0: 0x00000000800005c6 (0x0f0f1137) lui     sp, 0xf0f1
0 0x00000000800005c6 (0x0f0f1137) x 2 0x000000000f0f1000
core   0: 0x00000000800005ca (0xf0f1011b) addiw   sp, sp, -241
0 0x00000000800005ca (0xf0f1011b) x 2 0x000000000f0f0f0f
core   0: 0x00000000800005ce (0x00000001) c.nop
0 0x00000000800005ce (0x0001)
core   0: 0x00000000800005d0 (0x000100b7) lui     ra, 0x10
0 0x00000000800005d0 (0x000100b7) x 1 0x0000000000010000
core   0: 0x00000000800005d4 (0xf010809b) addiw   ra, ra, -255
0 0x00000000800005d4 (0xf010809b) x 1 0x000000000000ff01
core   0: 0x00000000800005d8 (0x01009093) slli    ra, ra, 16
0 0x00000000800005d8 (0x01009093) x 1 0x00000000ff010000
core   0: 0x00000000800005dc (0xf0008093) addi    ra, ra, -256
0 0x00000000800005dc (0xf0008093) x 1 0x00000000ff00ff00
core   0: 0x00000000800005e0 (0x0020cf33) xor     t5, ra, sp
0 0x00000000800005e0 (0x0020cf33) x30 0x00000000f00ff00f
core   0: 0x00000000800005e4 (0x00000205) c.addi  tp, 1
0 0x00000000800005e4 (0x0205) x 4 0x0000000000000001
core   0: 0x00000000800005e6 (0x00004289) c.li    t0, 2
0 0x00000000800005e6 (0x4289) x 5 0x0000000000000002
core   0: 0x00000000800005e8 (0xfc521fe3) bne     tp, t0, pc - 34
0 0x00000000800005e8 (0xfc521fe3)
core   0: 0x00000000800005c6 (0x0f0f1137) lui     sp, 0xf0f1
0 0x00000000800005c6 (0x0f0f1137) x 2 0x000000000f0f1000
core   0: 0x00000000800005ca (0xf0f1011b) addiw   sp, sp, -241
0 0x00000000800005ca (0xf0f1011b) x 2 0x000000000f0f0f0f
core   0: 0x00000000800005ce (0x00000001) c.nop
0 0x00000000800005ce (0x0001)
core   0: 0x00000000800005d0 (0x000100b7) lui     ra, 0x10
0 0x00000000800005d0 (0x000100b7) x 1 0x0000000000010000
core   0: 0x00000000800005d4 (0xf010809b) addiw   ra, ra, -255
0 0x00000000800005d4 (0xf010809b) x 1 0x000000000000ff01
core   0: 0x00000000800005d8 (0x01009093) slli    ra, ra, 16
0 0x00000000800005d8 (0x01009093) x 1 0x00000000ff010000
core   0: 0x00000000800005dc (0xf0008093) addi    ra, ra, -256
0 0x00000000800005dc (0xf0008093) x 1 0x00000000ff00ff00
core   0: 0x00000000800005e0 (0x0020cf33) xor     t5, ra, sp
0 0x00000000800005e0 (0x0020cf33) x30 0x00000000f00ff00f
core   0: 0x00000000800005e4 (0x00000205) c.addi  tp, 1
0 0x00000000800005e4 (0x0205) x 4 0x0000000000000002
core   0: 0x00000000800005e6 (0x00004289) c.li    t0, 2
0 0x00000000800005e6 (0x4289) x 5 0x0000000000000002
core   0: 0x00000000800005e8 (0xfc521fe3) bne     tp, t0, pc - 34
0 0x00000000800005e8 (0xfc521fe3)
core   0: 0x00000000800005ec (0x000f0eb7) lui     t4, 0xf0
0 0x00000000800005ec (0x000f0eb7) x29 0x00000000000f0000
core   0: 0x00000000800005f0 (0x0ffe8e9b) addiw   t4, t4, 255
0 0x00000000800005f0 (0x0ffe8e9b) x29 0x00000000000f00ff
core   0: 0x00000000800005f4 (0x00ce9e93) slli    t4, t4, 12
0 0x00000000800005f4 (0x00ce9e93) x29 0x00000000f00ff000
core   0: 0x00000000800005f8 (0x00fe8e93) addi    t4, t4, 15
0 0x00000000800005f8 (0x00fe8e93) x29 0x00000000f00ff00f
core   0: 0x00000000800005fc (0x000041d5) c.li    gp, 21
0 0x00000000800005fc (0x41d5) x 3 0x0000000000000015
core   0: 0x00000000800005fe (0x00002e17) auipc   t3, 0x2
0 0x00000000800005fe (0x00002e17) x28 0x00000000800025fe
core   0: 0x0000000080000602 (0xa02e0e13) addi    t3, t3, -1534
0 0x0000000080000602 (0xa02e0e13) x28 0x0000000080002000
core   0: 0x0000000080000606 (0x05ee2a23) sw      t5, 84(t3)
0 0x0000000080000606 (0x05ee2a23) mem 0x0000000080002054 0x0000000000000000
core   0: 0x000000008000060a (0x13df1663) bne     t5, t4, pc + 300
0 0x000000008000060a (0x13df1663)
core   0: 0x000000008000060e (0x00004201) c.li    tp, 0
0 0x000000008000060e (0x4201) x 4 0x0000000000000000
core   0: 0x0000000080000610 (0x000f1137) lui     sp, 0xf1
0 0x0000000080000610 (0x000f1137) x 2 0x00000000000f1000
core   0: 0x0000000080000614 (0xf0f1011b) addiw   sp, sp, -241
0 0x0000000080000614 (0xf0f1011b) x 2 0x00000000000f0f0f
core   0: 0x0000000080000618 (0x00c11113) slli    sp, sp, 12
0 0x0000000080000618 (0x00c11113) x 2 0x00000000f0f0f000
core   0: 0x000000008000061c (0x0f010113) addi    sp, sp, 240
0 0x000000008000061c (0x0f010113) x 2 0x00000000f0f0f0f0
core   0: 0x0000000080000620 (0x00000001) c.nop
0 0x0000000080000620 (0x0001)
core   0: 0x0000000080000622 (0x0ff010b7) lui     ra, 0xff01
0 0x0000000080000622 (0x0ff010b7) x 1 0x000000000ff01000
core   0: 0x0000000080000626 (0xff00809b) addiw   ra, ra, -16
0 0x0000000080000626 (0xff00809b) x 1 0x000000000ff00ff0
core   0: 0x000000008000062a (0x00000001) c.nop
0 0x000000008000062a (0x0001)
core   0: 0x000000008000062c (0x0020cf33) xor     t5, ra, sp
0 0x000000008000062c (0x0020cf33) x30 0x00000000ff00ff00
core   0: 0x0000000080000630 (0x00000205) c.addi  tp, 1
0 0x0000000080000630 (0x0205) x 4 0x0000000000000001
core   0: 0x0000000080000632 (0x00004289) c.li    t0, 2
0 0x0000000080000632 (0x4289) x 5 0x0000000000000002
core   0: 0x0000000080000634 (0xfc521ee3) bne     tp, t0, pc - 36
0 0x0000000080000634 (0xfc521ee3)
core   0: 0x0000000080000610 (0x000f1137) lui     sp, 0xf1
0 0x0000000080000610 (0x000f1137) x 2 0x00000000000f1000
core   0: 0x0000000080000614 (0xf0f1011b) addiw   sp, sp, -241
0 0x0000000080000614 (0xf0f1011b) x 2 0x00000000000f0f0f
core   0: 0x0000000080000618 (0x00c11113) slli    sp, sp, 12
0 0x0000000080000618 (0x00c11113) x 2 0x00000000f0f0f000
core   0: 0x000000008000061c (0x0f010113) addi    sp, sp, 240
0 0x000000008000061c (0x0f010113) x 2 0x00000000f0f0f0f0
core   0: 0x0000000080000620 (0x00000001) c.nop
0 0x0000000080000620 (0x0001)
core   0: 0x0000000080000622 (0x0ff010b7) lui     ra, 0xff01
0 0x0000000080000622 (0x0ff010b7) x 1 0x000000000ff01000
core   0: 0x0000000080000626 (0xff00809b) addiw   ra, ra, -16
0 0x0000000080000626 (0xff00809b) x 1 0x000000000ff00ff0
core   0: 0x000000008000062a (0x00000001) c.nop
0 0x000000008000062a (0x0001)
core   0: 0x000000008000062c (0x0020cf33) xor     t5, ra, sp
0 0x000000008000062c (0x0020cf33) x30 0x00000000ff00ff00
core   0: 0x0000000080000630 (0x00000205) c.addi  tp, 1
0 0x0000000080000630 (0x0205) x 4 0x0000000000000002
core   0: 0x0000000080000632 (0x00004289) c.li    t0, 2
0 0x0000000080000632 (0x4289) x 5 0x0000000000000002
core   0: 0x0000000080000634 (0xfc521ee3) bne     tp, t0, pc - 36
0 0x0000000080000634 (0xfc521ee3)
core   0: 0x0000000080000638 (0x00010eb7) lui     t4, 0x10
0 0x0000000080000638 (0x00010eb7) x29 0x0000000000010000
core   0: 0x000000008000063c (0xf01e8e9b) addiw   t4, t4, -255
0 0x000000008000063c (0xf01e8e9b) x29 0x000000000000ff01
core   0: 0x0000000080000640 (0x010e9e93) slli    t4, t4, 16
0 0x0000000080000640 (0x010e9e93) x29 0x00000000ff010000
core   0: 0x0000000080000644 (0xf00e8e93) addi    t4, t4, -256
0 0x0000000080000644 (0xf00e8e93) x29 0x00000000ff00ff00
core   0: 0x0000000080000648 (0x000041d9) c.li    gp, 22
0 0x0000000080000648 (0x41d9) x 3 0x0000000000000016
core   0: 0x000000008000064a (0x00002e17) auipc   t3, 0x2
0 0x000000008000064a (0x00002e17) x28 0x000000008000264a
core   0: 0x000000008000064e (0x9b6e0e13) addi    t3, t3, -1610
0 0x000000008000064e (0x9b6e0e13) x28 0x0000000080002000
core   0: 0x0000000080000652 (0x05ee2c23) sw      t5, 88(t3)
0 0x0000000080000652 (0x05ee2c23) mem 0x0000000080002058 0x0000000000000000
core   0: 0x0000000080000656 (0x0fdf1063) bne     t5, t4, pc + 224
0 0x0000000080000656 (0x0fdf1063)
core   0: 0x000000008000065a (0x00004201) c.li    tp, 0
0 0x000000008000065a (0x4201) x 4 0x0000000000000000
core   0: 0x000000008000065c (0x0f0f1137) lui     sp, 0xf0f1
0 0x000000008000065c (0x0f0f1137) x 2 0x000000000f0f1000
core   0: 0x0000000080000660 (0xf0f1011b) addiw   sp, sp, -241
0 0x0000000080000660 (0xf0f1011b) x 2 0x000000000f0f0f0f
core   0: 0x0000000080000664 (0x00000001) c.nop
0 0x0000000080000664 (0x0001)
core   0: 0x0000000080000666 (0x00000001) c.nop
0 0x0000000080000666 (0x0001)
core   0: 0x0000000080000668 (0x00ff00b7) lui     ra, 0xff0
0 0x0000000080000668 (0x00ff00b7) x 1 0x0000000000ff0000
core   0: 0x000000008000066c (0x0ff0809b) addiw   ra, ra, 255
0 0x000000008000066c (0x0ff0809b) x 1 0x0000000000ff00ff
core   0: 0x0000000080000670 (0x0020cf33) xor     t5, ra, sp
0 0x0000000080000670 (0x0020cf33) x30 0x000000000ff00ff0
core   0: 0x0000000080000674 (0x00000205) c.addi  tp, 1
0 0x0000000080000674 (0x0205) x 4 0x0000000000000001
core   0: 0x0000000080000676 (0x00004289) c.li    t0, 2
0 0x0000000080000676 (0x4289) x 5 0x0000000000000002
core   0: 0x0000000080000678 (0xfe5212e3) bne     tp, t0, pc - 28
0 0x0000000080000678 (0xfe5212e3)
core   0: 0x000000008000065c (0x0f0f1137) lui     sp, 0xf0f1
0 0x000000008000065c (0x0f0f1137) x 2 0x000000000f0f1000
core   0: 0x0000000080000660 (0xf0f1011b) addiw   sp, sp, -241
0 0x0000000080000660 (0xf0f1011b) x 2 0x000000000f0f0f0f
core   0: 0x0000000080000664 (0x00000001) c.nop
0 0x0000000080000664 (0x0001)
core   0: 0x0000000080000666 (0x00000001) c.nop
0 0x0000000080000666 (0x0001)
core   0: 0x0000000080000668 (0x00ff00b7) lui     ra, 0xff0
0 0x0000000080000668 (0x00ff00b7) x 1 0x0000000000ff0000
core   0: 0x000000008000066c (0x0ff0809b) addiw   ra, ra, 255
0 0x000000008000066c (0x0ff0809b) x 1 0x0000000000ff00ff
core   0: 0x0000000080000670 (0x0020cf33) xor     t5, ra, sp
0 0x0000000080000670 (0x0020cf33) x30 0x000000000ff00ff0
core   0: 0x0000000080000674 (0x00000205) c.addi  tp, 1
0 0x0000000080000674 (0x0205) x 4 0x0000000000000002
core   0: 0x0000000080000676 (0x00004289) c.li    t0, 2
0 0x0000000080000676 (0x4289) x 5 0x0000000000000002
core   0: 0x0000000080000678 (0xfe5212e3) bne     tp, t0, pc - 28
0 0x0000000080000678 (0xfe5212e3)
core   0: 0x000000008000067c (0x0ff01eb7) lui     t4, 0xff01
0 0x000000008000067c (0x0ff01eb7) x29 0x000000000ff01000
core   0: 0x0000000080000680 (0xff0e8e9b) addiw   t4, t4, -16
0 0x0000000080000680 (0xff0e8e9b) x29 0x000000000ff00ff0
core   0: 0x0000000080000684 (0x000041dd) c.li    gp, 23
0 0x0000000080000684 (0x41dd) x 3 0x0000000000000017
core   0: 0x0000000080000686 (0x00002e17) auipc   t3, 0x2
0 0x0000000080000686 (0x00002e17) x28 0x0000000080002686
core   0: 0x000000008000068a (0x97ae0e13) addi    t3, t3, -1670
0 0x000000008000068a (0x97ae0e13) x28 0x0000000080002000
core   0: 0x000000008000068e (0x05ee2e23) sw      t5, 92(t3)
0 0x000000008000068e (0x05ee2e23) mem 0x000000008000205c 0x0000000000000000
core   0: 0x0000000080000692 (0x0bdf1263) bne     t5, t4, pc + 164
0 0x0000000080000692 (0x0bdf1263)
core   0: 0x0000000080000696 (0x000100b7) lui     ra, 0x10
0 0x0000000080000696 (0x000100b7) x 1 0x0000000000010000
core   0: 0x000000008000069a (0xf010809b) addiw   ra, ra, -255
0 0x000000008000069a (0xf010809b) x 1 0x000000000000ff01
core   0: 0x000000008000069e (0x01009093) slli    ra, ra, 16
0 0x000000008000069e (0x01009093) x 1 0x00000000ff010000
core   0: 0x00000000800006a2 (0xf0008093) addi    ra, ra, -256
0 0x00000000800006a2 (0xf0008093) x 1 0x00000000ff00ff00
core   0: 0x00000000800006a6 (0x00104133) xor     sp, zero, ra
0 0x00000000800006a6 (0x00104133) x 2 0x00000000ff00ff00
core   0: 0x00000000800006aa (0x00010eb7) lui     t4, 0x10
0 0x00000000800006aa (0x00010eb7) x29 0x0000000000010000
core   0: 0x00000000800006ae (0xf01e8e9b) addiw   t4, t4, -255
0 0x00000000800006ae (0xf01e8e9b) x29 0x000000000000ff01
core   0: 0x00000000800006b2 (0x010e9e93) slli    t4, t4, 16
0 0x00000000800006b2 (0x010e9e93) x29 0x00000000ff010000
core   0: 0x00000000800006b6 (0xf00e8e93) addi    t4, t4, -256
0 0x00000000800006b6 (0xf00e8e93) x29 0x00000000ff00ff00
core   0: 0x00000000800006ba (0x000041e1) c.li    gp, 24
0 0x00000000800006ba (0x41e1) x 3 0x0000000000000018
core   0: 0x00000000800006bc (0x00002e17) auipc   t3, 0x2
0 0x00000000800006bc (0x00002e17) x28 0x00000000800026bc
core   0: 0x00000000800006c0 (0x944e0e13) addi    t3, t3, -1724
0 0x00000000800006c0 (0x944e0e13) x28 0x0000000080002000
core   0: 0x00000000800006c4 (0x062e2023) sw      sp, 96(t3)
0 0x00000000800006c4 (0x062e2023) mem 0x0000000080002060 0x0000000000000000
core   0: 0x00000000800006c8 (0x07d11763) bne     sp, t4, pc + 110
0 0x00000000800006c8 (0x07d11763)
core   0: 0x00000000800006cc (0x00ff00b7) lui     ra, 0xff0
0 0x00000000800006cc (0x00ff00b7) x 1 0x0000000000ff0000
core   0: 0x00000000800006d0 (0x0ff0809b) addiw   ra, ra, 255
0 0x00000000800006d0 (0x0ff0809b) x 1 0x0000000000ff00ff
core   0: 0x00000000800006d4 (0x0000c133) xor     sp, ra, zero
0 0x00000000800006d4 (0x0000c133) x 2 0x0000000000ff00ff
core   0: 0x00000000800006d8 (0x00ff0eb7) lui     t4, 0xff0
0 0x00000000800006d8 (0x00ff0eb7) x29 0x0000000000ff0000
core   0: 0x00000000800006dc (0x0ffe8e9b) addiw   t4, t4, 255
0 0x00000000800006dc (0x0ffe8e9b) x29 0x0000000000ff00ff
core   0: 0x00000000800006e0 (0x000041e5) c.li    gp, 25
0 0x00000000800006e0 (0x41e5) x 3 0x0000000000000019
core   0: 0x00000000800006e2 (0x00002e17) auipc   t3, 0x2
0 0x00000000800006e2 (0x00002e17) x28 0x00000000800026e2
core   0: 0x00000000800006e6 (0x91ee0e13) addi    t3, t3, -1762
0 0x00000000800006e6 (0x91ee0e13) x28 0x0000000080002000
core   0: 0x00000000800006ea (0x062e2223) sw      sp, 100(t3)
0 0x00000000800006ea (0x062e2223) mem 0x0000000080002064 0x0000000000000000
core   0: 0x00000000800006ee (0x05d11463) bne     sp, t4, pc + 72
0 0x00000000800006ee (0x05d11463)
core   0: 0x00000000800006f2 (0x000040b3) xor     ra, zero, zero
0 0x00000000800006f2 (0x000040b3) x 1 0x0000000000000000
core   0: 0x00000000800006f6 (0x00004e81) c.li    t4, 0
0 0x00000000800006f6 (0x4e81) x29 0x0000000000000000
core   0: 0x00000000800006f8 (0x000041e9) c.li    gp, 26
0 0x00000000800006f8 (0x41e9) x 3 0x000000000000001a
core   0: 0x00000000800006fa (0x00002e17) auipc   t3, 0x2
0 0x00000000800006fa (0x00002e17) x28 0x00000000800026fa
core   0: 0x00000000800006fe (0x906e0e13) addi    t3, t3, -1786
0 0x00000000800006fe (0x906e0e13) x28 0x0000000080002000
core   0: 0x0000000080000702 (0x061e2423) sw      ra, 104(t3)
0 0x0000000080000702 (0x061e2423) mem 0x0000000080002068 0x0000000000000000
core   0: 0x0000000080000706 (0x03d09863) bne     ra, t4, pc + 48
0 0x0000000080000706 (0x03d09863)
core   0: 0x000000008000070a (0x111110b7) lui     ra, 0x11111
0 0x000000008000070a (0x111110b7) x 1 0x0000000011111000
core   0: 0x000000008000070e (0x1110809b) addiw   ra, ra, 273
0 0x000000008000070e (0x1110809b) x 1 0x0000000011111111
core   0: 0x0000000080000712 (0x22222137) lui     sp, 0x22222
0 0x0000000080000712 (0x22222137) x 2 0x0000000022222000
core   0: 0x0000000080000716 (0x2221011b) addiw   sp, sp, 546
0 0x0000000080000716 (0x2221011b) x 2 0x0000000022222222
core   0: 0x000000008000071a (0x0020c033) xor     zero, ra, sp
0 0x000000008000071a (0x0020c033)
core   0: 0x000000008000071e (0x00004e81) c.li    t4, 0
0 0x000000008000071e (0x4e81) x29 0x0000000000000000
core   0: 0x0000000080000720 (0x000041ed) c.li    gp, 27
0 0x0000000080000720 (0x41ed) x 3 0x000000000000001b
core   0: 0x0000000080000722 (0x00002e17) auipc   t3, 0x2
0 0x0000000080000722 (0x00002e17) x28 0x0000000080002722
core   0: 0x0000000080000726 (0x8dee0e13) addi    t3, t3, -1826
0 0x0000000080000726 (0x8dee0e13) x28 0x0000000080002000
core   0: 0x000000008000072a (0x060e2623) sw      zero, 108(t3)
0 0x000000008000072a (0x060e2623) mem 0x000000008000206c 0x0000000000000000
core   0: 0x000000008000072e (0x01d01463) bne     zero, t4, pc + 8
0 0x000000008000072e (0x01d01463)
core   0: 0x0000000080000732 (0x00301d63) bne     zero, gp, pc + 26
0 0x0000000080000732 (0x00301d63)
core   0: 0x000000008000074c (0x0ff0000f) fence   iorw,iorw
0 0x000000008000074c (0x0ff0000f)
core   0: 0x0000000080000750 (0x00004185) c.li    gp, 1
0 0x0000000080000750 (0x4185) x 3 0x0000000000000001
core   0: 0x0000000080000752 (0x00002e17) auipc   t3, 0x2
0 0x0000000080000752 (0x00002e17) x28 0x0000000080002752
core   0: 0x0000000080000756 (0x8aee0e13) addi    t3, t3, -1874
0 0x0000000080000756 (0x8aee0e13) x28 0x0000000080002000
core   0: 0x000000008000075a (0x003e2023) sw      gp, 0(t3)
0 0x000000008000075a (0x003e2023) mem 0x0000000080002000 0x0000000000000000
core   0: 0x000000008000075e (0x00000073) ecall
0 0x000000008000075e (0x00000073)
