core   0: 0x0000000000010000 (0x00100413) li      s0, 1
3 0x0000000000010000 (0x00100413) x 8 0x0000000000000001
core   0: 0x0000000000010004 (0x01f41413) slli    s0, s0, 31
3 0x0000000000010004 (0x01f41413) x 8 0x0000000080000000
core   0: 0x0000000000010008 (0xf1402573) csrr    a0, mhartid
3 0x0000000000010008 (0xf1402573) x10 0x0000000000000000
core   0: 0x000000000001000c (0x00000597) auipc   a1, 0x0
3 0x000000000001000c (0x00000597) x11 0x000000000001000c
core   0: 0x0000000000010010 (0x07458593) addi    a1, a1, 116
3 0x0000000000010010 (0x07458593) x11 0x0000000000010080
core   0: 0x0000000000010014 (0x00040067) jr      s0
3 0x0000000000010014 (0x00040067)
core   0: 0x0000000080000000 (0x0000a081) c.j     pc + 64
3 0x0000000080000000 (0x0000a081)
core   0: 0x0000000080000040 (0xf1402573) csrr    a0, mhartid
3 0x0000000080000040 (0xf1402573) x10 0x0000000000000000
core   0: 0x0000000080000044 (0x0000e101) c.bnez  a0, pc + 0
3 0x0000000080000044 (0x0000e101)
core   0: 0x0000000080000046 (0x00000297) auipc   t0, 0x0
3 0x0000000080000046 (0x00000297) x 5 0x0000000080000046
core   0: 0x000000008000004a (0x01228293) addi    t0, t0, 18
3 0x000000008000004a (0x01228293) x 5 0x0000000080000058
core   0: 0x000000008000004e (0x30529073) csrw    mtvec, t0
3 0x000000008000004e (0x30529073)
core   0: 0x0000000080000052 (0x18005073) csrwi   satp, 0
3 0x0000000080000052 (0x18005073)
core   0: 0x0000000080000056 (0x00000001) c.nop
3 0x0000000080000056 (0x00000001)
core   0: 0x0000000080000058 (0x00000297) auipc   t0, 0x0
3 0x0000000080000058 (0x00000297) x 5 0x0000000080000058
core   0: 0x000000008000005c (0x01828293) addi    t0, t0, 24
3 0x000000008000005c (0x01828293) x 5 0x0000000080000070
core   0: 0x0000000080000060 (0x30529073) csrw    mtvec, t0
3 0x0000000080000060 (0x30529073)
core   0: 0x0000000080000064 (0x000052fd) c.li    t0, -1
3 0x0000000080000064 (0x000052fd) x 5 0xffffffffffffffff
core   0: 0x0000000080000066 (0x3b029073) csrw    pmpaddr0, t0
3 0x0000000080000066 (0x3b029073)
core   0: 0x000000008000006a (0x000042fd) c.li    t0, 31
3 0x000000008000006a (0x000042fd) x 5 0x000000000000001f
core   0: 0x000000008000006c (0x3a029073) csrw    pmpcfg0, t0
3 0x000000008000006c (0x3a029073)
core   0: 0x0000000080000070 (0x00000297) auipc   t0, 0x0
3 0x0000000080000070 (0x00000297) x 5 0x0000000080000070
core   0: 0x0000000080000074 (0x01828293) addi    t0, t0, 24
3 0x0000000080000074 (0x01828293) x 5 0x0000000080000088
core   0: 0x0000000080000078 (0x30529073) csrw    mtvec, t0
3 0x0000000080000078 (0x30529073)
core   0: 0x000000008000007c (0x30205073) csrwi   medeleg, 0
3 0x000000008000007c (0x30205073)
core   0: 0x0000000080000080 (0x30305073) csrwi   mideleg, 0
3 0x0000000080000080 (0x30305073)
core   0: 0x0000000080000084 (0x30405073) csrwi   mie, 0
3 0x0000000080000084 (0x30405073)
core   0: 0x0000000080000088 (0x00004181) c.li    gp, 0
3 0x0000000080000088 (0x00004181) x 3 0x0000000000000000
core   0: 0x000000008000008a (0x00000297) auipc   t0, 0x0
3 0x000000008000008a (0x00000297) x 5 0x000000008000008a
core   0: 0x000000008000008e (0xf7a28293) addi    t0, t0, -134
3 0x000000008000008e (0xf7a28293) x 5 0x0000000080000004
core   0: 0x0000000080000092 (0x30529073) csrw    mtvec, t0
3 0x0000000080000092 (0x30529073)
core   0: 0x0000000080000096 (0x00004505) c.li    a0, 1
3 0x0000000080000096 (0x00004505) x10 0x0000000000000001
core   0: 0x0000000080000098 (0x0000057e) c.slli  a0, 31
3 0x0000000080000098 (0x0000057e) x10 0x0000000080000000
core   0: 0x000000008000009a (0x00055d63) bgez    a0, pc + 26
3 0x000000008000009a (0x00055d63)
core   0: 0x00000000800000b4 (0x80000297) auipc   t0, 0x80000
3 0x00000000800000b4 (0x80000297) x 5 0x00000000000000b4
core   0: 0x00000000800000b8 (0xf4c28293) addi    t0, t0, -180
3 0x00000000800000b8 (0xf4c28293) x 5 0x0000000000000000
core   0: 0x00000000800000bc (0x00028e63) beqz    t0, pc + 28
3 0x00000000800000bc (0x00028e63)
core   0: 0x00000000800000d8 (0x30005073) csrwi   mstatus, 0
3 0x00000000800000d8 (0x30005073)
core   0: 0x00000000800000dc (0x00000297) auipc   t0, 0x0
3 0x00000000800000dc (0x00000297) x 5 0x00000000800000dc
core   0: 0x00000000800000e0 (0x01428293) addi    t0, t0, 20
3 0x00000000800000e0 (0x01428293) x 5 0x00000000800000f0
core   0: 0x00000000800000e4 (0x34129073) csrw    mepc, t0
3 0x00000000800000e4 (0x34129073)
core   0: 0x00000000800000e8 (0xf1402573) csrr    a0, mhartid
3 0x00000000800000e8 (0xf1402573) x10 0x0000000000000000
core   0: 0x00000000800000ec (0x30200073) mret
3 0x00000000800000ec (0x30200073)
core   0: 0x00000000800000f0 (0x000100b7) lui     ra, 0x10
0 0x00000000800000f0 (0x000100b7) x 1 0x0000000000010000
core   0: 0x00000000800000f4 (0xf010809b) addiw   ra, ra, -255
0 0x00000000800000f4 (0xf010809b) x 1 0x000000000000ff01
core   0: 0x00000000800000f8 (0x01009093) slli    ra, ra, 16
0 0x00000000800000f8 (0x01009093) x 1 0x00000000ff010000
core   0: 0x00000000800000fc (0xf0008093) addi    ra, ra, -256
0 0x00000000800000fc (0xf0008093) x 1 0x00000000ff00ff00
core   0: 0x0000000080000100 (0x0f0f1137) lui     sp, 0xf0f1
0 0x0000000080000100 (0x0f0f1137) x 2 0x000000000f0f1000
core   0: 0x0000000080000104 (0xf0f1011b) addiw   sp, sp, -241
0 0x0000000080000104 (0xf0f1011b) x 2 0x000000000f0f0f0f
core   0: 0x0000000080000108 (0x0020ff33) and     t5, ra, sp
0 0x0000000080000108 (0x0020ff33) x30 0x000000000f000f00
core   0: 0x000000008000010c (0x0f001eb7) lui     t4, 0xf001
0 0x000000008000010c (0x0f001eb7) x29 0x000000000f001000
core   0: 0x0000000080000110 (0xf00e8e9b) addiw   t4, t4, -256
0 0x0000000080000110 (0xf00e8e9b) x29 0x000000000f000f00
core   0: 0x0000000080000114 (0x00004189) c.li    gp, 2
0 0x0000000080000114 (0x00004189) x 3 0x0000000000000002
core   0: 0x0000000080000116 (0x00002e17) auipc   t3, 0x2
0 0x0000000080000116 (0x00002e17) x28 0x0000000080002116
core   0: 0x000000008000011a (0xeeae0e13) addi    t3, t3, -278
0 0x000000008000011a (0xeeae0e13) x28 0x0000000080002000
core   0: 0x000000008000011e (0x01ee2423) sw      t5, 8(t3)
0 0x000000008000011e (0x01ee2423)
core   0: 0x0000000080000122 (0x5bdf1163) bne     t5, t4, pc + 1442
0 0x0000000080000122 (0x5bdf1163)
core   0: 0x0000000080000126 (0x0ff010b7) lui     ra, 0xff01
0 0x0000000080000126 (0x0ff010b7) x 1 0x000000000ff01000
core   0: 0x000000008000012a (0xff00809b) addiw   ra, ra, -16
0 0x000000008000012a (0xff00809b) x 1 0x000000000ff00ff0
core   0: 0x000000008000012e (0x000f1137) lui     sp, 0xf1
0 0x000000008000012e (0x000f1137) x 2 0x00000000000f1000
core   0: 0x0000000080000132 (0xf0f1011b) addiw   sp, sp, -241
0 0x0000000080000132 (0xf0f1011b) x 2 0x00000000000f0f0f
core   0: 0x0000000080000136 (0x00c11113) slli    sp, sp, 12
0 0x0000000080000136 (0x00c11113) x 2 0x00000000f0f0f000
core   0: 0x000000008000013a (0x0f010113) addi    sp, sp, 240
0 0x000000008000013a (0x0f010113) x 2 0x00000000f0f0f0f0
core   0: 0x000000008000013e (0x0020ff33) and     t5, ra, sp
0 0x000000008000013e (0x0020ff33) x30 0x0000000000f000f0
core   0: 0x0000000080000142 (0x00f00eb7) lui     t4, 0xf00
0 0x0000000080000142 (0x00f00eb7) x29 0x0000000000f00000
core   0: 0x0000000080000146 (0x0f0e8e9b) addiw   t4, t4, 240
0 0x0000000080000146 (0x0f0e8e9b) x29 0x0000000000f000f0
core   0: 0x000000008000014a (0x0000418d) c.li    gp, 3
0 0x000000008000014a (0x0000418d) x 3 0x0000000000000003
core   0: 0x000000008000014c (0x00002e17) auipc   t3, 0x2
0 0x000000008000014c (0x00002e17) x28 0x000000008000214c
core   0: 0x0000000080000150 (0xeb4e0e13) addi    t3, t3, -332
0 0x0000000080000150 (0xeb4e0e13) x28 0x0000000080002000
core   0: 0x0000000080000154 (0x01ee2623) sw      t5, 12(t3)
0 0x0000000080000154 (0x01ee2623)
core   0: 0x0000000080000158 (0x57df1663) bne     t5, t4, pc + 1388
0 0x0000000080000158 (0x57df1663)
core   0: 0x000000008000015c (0x00ff00b7) lui     ra, 0xff0
0 0x000000008000015c (0x00ff00b7) x 1 0x0000000000ff0000
core   0: 0x0000000080000160 (0x0ff0809b) addiw   ra, ra, 255
0 0x0000000080000160 (0x0ff0809b) x 1 0x0000000000ff00ff
core   0: 0x0000000080000164 (0x0f0f1137) lui     sp, 0xf0f1
0 0x0000000080000164 (0x0f0f1137) x 2 0x000000000f0f1000
core   0: 0x0000000080000168 (0xf0f1011b) addiw   sp, sp, -241
0 0x0000000080000168 (0xf0f1011b) x 2 0x000000000f0f0f0f
core   0: 0x000000008000016c (0x0020ff33) and     t5, ra, sp
0 0x000000008000016c (0x0020ff33) x30 0x00000000000f000f
core   0: 0x0000000080000170 (0x000f0eb7) lui     t4, 0xf0
0 0x0000000080000170 (0x000f0eb7) x29 0x00000000000f0000
core   0: 0x0000000080000174 (0x00fe8e9b) addiw   t4, t4, 15
0 0x0000000080000174 (0x00fe8e9b) x29 0x00000000000f000f
core   0: 0x0000000080000178 (0x00004191) c.li    gp, 4
0 0x0000000080000178 (0x00004191) x 3 0x0000000000000004
core   0: 0x000000008000017a (0x00002e17) auipc   t3, 0x2
0 0x000000008000017a (0x00002e17) x28 0x000000008000217a
core   0: 0x000000008000017e (0xe86e0e13) addi    t3, t3, -378
0 0x000000008000017e (0xe86e0e13) x28 0x0000000080002000
core   0: 0x0000000080000182 (0x01ee2823) sw      t5, 16(t3)
0 0x0000000080000182 (0x01ee2823)
core   0: 0x0000000080000186 (0x53df1f63) bne     t5, t4, pc + 1342
0 0x0000000080000186 (0x53df1f63)
core   0: 0x000000008000018a (0x000f00b7) lui     ra, 0xf0
0 0x000000008000018a (0x000f00b7) x 1 0x00000000000f0000
core   0: 0x000000008000018e (0x0ff0809b) addiw   ra, ra, 255
0 0x000000008000018e (0x0ff0809b) x 1 0x00000000000f00ff
core   0: 0x0000000080000192 (0x00c09093) slli    ra, ra, 12
0 0x0000000080000192 (0x00c09093) x 1 0x00000000f00ff000
core   0: 0x0000000080000196 (0x00f08093) addi    ra, ra, 15
0 0x0000000080000196 (0x00f08093) x 1 0x00000000f00ff00f
core   0: 0x000000008000019a (0x000f1137) lui     sp, 0xf1
0 0x000000008000019a (0x000f1137) x 2 0x00000000000f1000
core   0: 0x000000008000019e (0xf0f1011b) addiw   sp, sp, -241
0 0x000000008000019e (0xf0f1011b) x 2 0x00000000000f0f0f
core   0: 0x00000000800001a2 (0x00c11113) slli    sp, sp, 12
0 0x00000000800001a2 (0x00c11113) x 2 0x00000000f0f0f000
core   0: 0x00000000800001a6 (0x0f010113) addi    sp, sp, 240
0 0x00000000800001a6 (0x0f010113) x 2 0x00000000f0f0f0f0
core   0: 0x00000000800001aa (0x0020ff33) and     t5, ra, sp
0 0x00000000800001aa (0x0020ff33) x30 0x00000000f000f000
core   0: 0x00000000800001ae (0x000f0eb7) lui     t4, 0xf0
0 0x00000000800001ae (0x000f0eb7) x29 0x00000000000f0000
core   0: 0x00000000800001b2 (0x00fe8e9b) addiw   t4, t4, 15
0 0x00000000800001b2 (0x00fe8e9b) x29 0x00000000000f000f
core   0: 0x00000000800001b6 (0x00ce9e93) slli    t4, t4, 12
0 0x00000000800001b6 (0x00ce9e93) x29 0x00000000f000f000
core   0: 0x00000000800001ba (0x00004195) c.li    gp, 5
0 0x00000000800001ba (0x00004195) x 3 0x0000000000000005
core   0: 0x00000000800001bc (0x00002e17) auipc   t3, 0x2
0 0x00000000800001bc (0x00002e17) x28 0x00000000800021bc
core   0: 0x00000000800001c0 (0xe44e0e13) addi    t3, t3, -444
0 0x00000000800001c0 (0xe44e0e13) x28 0x0000000080002000
core   0: 0x00000000800001c4 (0x01ee2a23) sw      t5, 20(t3)
0 0x00000000800001c4 (0x01ee2a23)
core   0: 0x00000000800001c8 (0x4fdf1e63) bne     t5, t4, pc + 1276
0 0x00000000800001c8 (0x4fdf1e63)
core   0: 0x00000000800001cc (0x000100b7) lui     ra, 0x10
0 0x00000000800001cc (0x000100b7) x 1 0x0000000000010000
core   0: 0x00000000800001d0 (0xf010809b) addiw   ra, ra, -255
0 0x00000000800001d0 (0xf010809b) x 1 0x000000000000ff01
core   0: 0x00000000800001d4 (0x01009093) slli    ra, ra, 16
0 0x00000000800001d4 (0x01009093) x 1 0x00000000ff010000
core   0: 0x00000000800001d8 (0xf0008093) addi    ra, ra, -256
0 0x00000000800001d8 (0xf0008093) x 1 0x00000000ff00ff00
core   0: 0x00000000800001dc (0x0f0f1137) lui     sp, 0xf0f1
0 0x00000000800001dc (0x0f0f1137) x 2 0x000000000f0f1000
core   0: 0x00000000800001e0 (0xf0f1011b) addiw   sp, sp, -241
0 0x00000000800001e0 (0xf0f1011b) x 2 0x000000000f0f0f0f
core   0: 0x00000000800001e4 (0x0020f0b3) and     ra, ra, sp
0 0x00000000800001e4 (0x0020f0b3) x 1 0x000000000f000f00
core   0: 0x00000000800001e8 (0x0f001eb7) lui     t4, 0xf001
0 0x00000000800001e8 (0x0f001eb7) x29 0x000000000f001000
core   0: 0x00000000800001ec (0xf00e8e9b) addiw   t4, t4, -256
0 0x00000000800001ec (0xf00e8e9b) x29 0x000000000f000f00
core   0: 0x00000000800001f0 (0x00004199) c.li    gp, 6
0 0x00000000800001f0 (0x00004199) x 3 0x0000000000000006
core   0: 0x00000000800001f2 (0x00002e17) auipc   t3, 0x2
0 0x00000000800001f2 (0x00002e17) x28 0x00000000800021f2
core   0: 0x00000000800001f6 (0xe0ee0e13) addi    t3, t3, -498
0 0x00000000800001f6 (0xe0ee0e13) x28 0x0000000080002000
core   0: 0x00000000800001fa (0x001e2c23) sw      ra, 24(t3)
0 0x00000000800001fa (0x001e2c23)
core   0: 0x00000000800001fe (0x4dd09363) bne     ra, t4, pc + 1222
0 0x00000000800001fe (0x4dd09363)
core   0: 0x0000000080000202 (0x0ff010b7) lui     ra, 0xff01
0 0x0000000080000202 (0x0ff010b7) x 1 0x000000000ff01000
core   0: 0x0000000080000206 (0xff00809b) addiw   ra, ra, -16
0 0x0000000080000206 (0xff00809b) x 1 0x000000000ff00ff0
core   0: 0x000000008000020a (0x000f1137) lui     sp, 0xf1
0 0x000000008000020a (0x000f1137) x 2 0x00000000000f1000
core   0: 0x000000008000020e (0xf0f1011b) addiw   sp, sp, -241
0 0x000000008000020e (0xf0f1011b) x 2 0x00000000000f0f0f
core   0: 0x0000000080000212 (0x00c11113) slli    sp, sp, 12
0 0x0000000080000212 (0x00c11113) x 2 0x00000000f0f0f000
core   0: 0x0000000080000216 (0x0f010113) addi    sp, sp, 240
0 0x0000000080000216 (0x0f010113) x 2 0x00000000f0f0f0f0
core   0: 0x000000008000021a (0x0020f133) and     sp, ra, sp
0 0x000000008000021a (0x0020f133) x 2 0x0000000000f000f0
core   0: 0x000000008000021e (0x00f00eb7) lui     t4, 0xf00
0 0x000000008000021e (0x00f00eb7) x29 0x0000000000f00000
core   0: 0x0000000080000222 (0x0f0e8e9b) addiw   t4, t4, 240
0 0x0000000080000222 (0x0f0e8e9b) x29 0x0000000000f000f0
core   0: 0x0000000080000226 (0x0000419d) c.li    gp, 7
0 0x0000000080000226 (0x0000419d) x 3 0x0000000000000007
core   0: 0x0000000080000228 (0x00002e17) auipc   t3, 0x2
0 0x0000000080000228 (0x00002e17) x28 0x0000000080002228
core   0: 0x000000008000022c (0xdd8e0e13) addi    t3, t3, -552
0 0x000000008000022c (0xdd8e0e13) x28 0x0000000080002000
core   0: 0x0000000080000230 (0x002e2e23) sw      sp, 28(t3)
0 0x0000000080000230 (0x002e2e23)
core   0: 0x0000000080000234 (0x49d11863) bne     sp, t4, pc + 1168
0 0x0000000080000234 (0x49d11863)
core   0: 0x0000000080000238 (0x000100b7) lui     ra, 0x10
0 0x0000000080000238 (0x000100b7) x 1 0x0000000000010000
core   0: 0x000000008000023c (0xf010809b) addiw   ra, ra, -255
0 0x000000008000023c (0xf010809b) x 1 0x000000000000ff01
core   0: 0x0000000080000240 (0x01009093) slli    ra, ra, 16
0 0x0000000080000240 (0x01009093) x 1 0x00000000ff010000
core   0: 0x0000000080000244 (0xf0008093) addi    ra, ra, -256
0 0x0000000080000244 (0xf0008093) x 1 0x00000000ff00ff00
core   0: 0x0000000080000248 (0x0010f0b3) and     ra, ra, ra
0 0x0000000080000248 (0x0010f0b3) x 1 0x00000000ff00ff00
core   0: 0x000000008000024c (0x00010eb7) lui     t4, 0x10
0 0x000000008000024c (0x00010eb7) x29 0x0000000000010000
core   0: 0x0000000080000250 (0xf01e8e9b) addiw   t4, t4, -255
0 0x0000000080000250 (0xf01e8e9b) x29 0x000000000000ff01
core   0: 0x0000000080000254 (0x010e9e93) slli    t4, t4, 16
0 0x0000000080000254 (0x010e9e93) x29 0x00000000ff010000
core   0: 0x0000000080000258 (0xf00e8e93) addi    t4, t4, -256
0 0x0000000080000258 (0xf00e8e93) x29 0x00000000ff00ff00
core   0: 0x000000008000025c (0x000041a1) c.li    gp, 8
0 0x000000008000025c (0x000041a1) x 3 0x0000000000000008
core   0: 0x000000008000025e (0x00002e17) auipc   t3, 0x2
0 0x000000008000025e (0x00002e17) x28 0x000000008000225e
core   0: 0x0000000080000262 (0xda2e0e13) addi    t3, t3, -606
0 0x0000000080000262 (0xda2e0e13) x28 0x0000000080002000
core   0: 0x0000000080000266 (0x021e2023) sw      ra, 32(t3)
0 0x0000000080000266 (0x021e2023)
core   0: 0x000000008000026a (0x45d09d63) bne     ra, t4, pc + 1114
0 0x000000008000026a (0x45d09d63)
core   0: 0x000000008000026e (0x00004201) c.li    tp, 0
0 0x000000008000026e (0x00004201) x 4 0x0000000000000000
core   0: 0x0000000080000270 (0x000100b7) lui     ra, 0x10
0 0x0000000080000270 (0x000100b7) x 1 0x0000000000010000
core   0: 0x0000000080000274 (0xf010809b) addiw   ra, ra, -255
0 0x0000000080000274 (0xf010809b) x 1 0x000000000000ff01
core   0: 0x0000000080000278 (0x01009093) slli    ra, ra, 16
0 0x0000000080000278 (0x01009093) x 1 0x00000000ff010000
core   0: 0x000000008000027c (0xf0008093) addi    ra, ra, -256
0 0x000000008000027c (0xf0008093) x 1 0x00000000ff00ff00
core   0: 0x0000000080000280 (0x0f0f1137) lui     sp, 0xf0f1
0 0x0000000080000280 (0x0f0f1137) x 2 0x000000000f0f1000
core   0: 0x0000000080000284 (0xf0f1011b) addiw   sp, sp, -241
0 0x0000000080000284 (0xf0f1011b) x 2 0x000000000f0f0f0f
core   0: 0x0000000080000288 (0x0020ff33) and     t5, ra, sp
0 0x0000000080000288 (0x0020ff33) x30 0x000000000f000f00
core   0: 0x000000008000028c (0x000f0313) mv      t1, t5
0 0x000000008000028c (0x000f0313) x 6 0x000000000f000f00
core   0: 0x0000000080000290 (0x00000205) c.addi  tp, 1
0 0x0000000080000290 (0x00000205) x 4 0x0000000000000001
core   0: 0x0000000080000292 (0x00004289) c.li    t0, 2
0 0x0000000080000292 (0x00004289) x 5 0x0000000000000002
core   0: 0x0000000080000294 (0xfc521ee3) bne     tp, t0, pc - 36
0 0x0000000080000294 (0xfc521ee3)
core   0: 0x0000000080000270 (0x000100b7) lui     ra, 0x10
0 0x0000000080000270 (0x000100b7) x 1 0x0000000000010000
core   0: 0x0000000080000274 (0xf010809b) addiw   ra, ra, -255
0 0x0000000080000274 (0xf010809b) x 1 0x000000000000ff01
core   0: 0x0000000080000278 (0x01009093) slli    ra, ra, 16
0 0x0000000080000278 (0x01009093) x 1 0x00000000ff010000
core   0: 0x000000008000027c (0xf0008093) addi    ra, ra, -256
0 0x000000008000027c (0xf0008093) x 1 0x00000000ff00ff00
core   0: 0x0000000080000280 (0x0f0f1137) lui     sp, 0xf0f1
0 0x0000000080000280 (0x0f0f1137) x 2 0x000000000f0f1000
core   0: 0x0000000080000284 (0xf0f1011b) addiw   sp, sp, -241
0 0x0000000080000284 (0xf0f1011b) x 2 0x000000000f0f0f0f
core   0: 0x0000000080000288 (0x0020ff33) and     t5, ra, sp
0 0x0000000080000288 (0x0020ff33) x30 0x000000000f000f00
core   0: 0x000000008000028c (0x000f0313) mv      t1, t5
0 0x000000008000028c (0x000f0313) x 6 0x000000000f000f00
core   0: 0x0000000080000290 (0x00000205) c.addi  tp, 1
0 0x0000000080000290 (0x00000205) x 4 0x0000000000000002
core   0: 0x0000000080000292 (0x00004289) c.li    t0, 2
0 0x0000000080000292 (0x00004289) x 5 0x0000000000000002
core   0: 0x0000000080000294 (0xfc521ee3) bne     tp, t0, pc - 36
0 0x0000000080000294 (0xfc521ee3)
core   0: 0x0000000080000298 (0x0f001eb7) lui     t4, 0xf001
0 0x0000000080000298 (0x0f001eb7) x29 0x000000000f001000
core   0: 0x000000008000029c (0xf00e8e9b) addiw   t4, t4, -256
0 0x000000008000029c (0xf00e8e9b) x29 0x000000000f000f00
core   0: 0x00000000800002a0 (0x000041a5) c.li    gp, 9
0 0x00000000800002a0 (0x000041a5) x 3 0x0000000000000009
core   0: 0x00000000800002a2 (0x00002e17) auipc   t3, 0x2
0 0x00000000800002a2 (0x00002e17) x28 0x00000000800022a2
core   0: 0x00000000800002a6 (0xd5ee0e13) addi    t3, t3, -674
0 0x00000000800002a6 (0xd5ee0e13) x28 0x0000000080002000
core   0: 0x00000000800002aa (0x026e2223) sw      t1, 36(t3)
0 0x00000000800002aa (0x026e2223)
core   0: 0x00000000800002ae (0x41d31b63) bne     t1, t4, pc + 1046
0 0x00000000800002ae (0x41d31b63)
core   0: 0x00000000800002b2 (0x00004201) c.li    tp, 0
0 0x00000000800002b2 (0x00004201) x 4 0x0000000000000000
core   0: 0x00000000800002b4 (0x0ff010b7) lui     ra, 0xff01
0 0x00000000800002b4 (0x0ff010b7) x 1 0x000000000ff01000
core   0: 0x00000000800002b8 (0xff00809b) addiw   ra, ra, -16
0 0x00000000800002b8 (0xff00809b) x 1 0x000000000ff00ff0
core   0: 0x00000000800002bc (0x000f1137) lui     sp, 0xf1
0 0x00000000800002bc (0x000f1137) x 2 0x00000000000f1000
core   0: 0x00000000800002c0 (0xf0f1011b) addiw   sp, sp, -241
0 0x00000000800002c0 (0xf0f1011b) x 2 0x00000000000f0f0f
core   0: 0x00000000800002c4 (0x00c11113) slli    sp, sp, 12
0 0x00000000800002c4 (0x00c11113) x 2 0x00000000f0f0f000
core   0: 0x00000000800002c8 (0x0f010113) addi    sp, sp, 240
0 0x00000000800002c8 (0x0f010113) x 2 0x00000000f0f0f0f0
core   0: 0x00000000800002cc (0x0020ff33) and     t5, ra, sp
0 0x00000000800002cc (0x0020ff33) x30 0x0000000000f000f0
core   0: 0x00000000800002d0 (0x00000001) c.nop
0 0x00000000800002d0 (0x00000001)
core   0: 0x00000000800002d2 (0x000f0313) mv      t1, t5
0 0x00000000800002d2 (0x000f0313) x 6 0x0000000000f000f0
core   0: 0x00000000800002d6 (0x00000205) c.addi  tp, 1
0 0x00000000800002d6 (0x00000205) x 4 0x0000000000000001
core   0: 0x00000000800002d8 (0x00004289) c.li    t0, 2
0 0x00000000800002d8 (0x00004289) x 5 0x0000000000000002
core   0: 0x00000000800002da (0xfc521de3) bne     tp, t0, pc - 38
0 0x00000000800002da (0xfc521de3)
core   0: 0x00000000800002b4 (0x0ff010b7) lui     ra, 0xff01
0 0x00000000800002b4 (0x0ff010b7) x 1 0x000000000ff01000
core   0: 0x00000000800002b8 (0xff00809b) addiw   ra, ra, -16
0 0x00000000800002b8 (0xff00809b) x 1 0x000000000ff00ff0
core   0: 0x00000000800002bc (0x000f1137) lui     sp, 0xf1
0 0x00000000800002bc (0x000f1137) x 2 0x00000000000f1000
core   0: 0x00000000800002c0 (0xf0f1011b) addiw   sp, sp, -241
0 0x00000000800002c0 (0xf0f1011b) x 2 0x00000000000f0f0f
core   0: 0x00000000800002c4 (0x00c11113) slli    sp, sp, 12
0 0x00000000800002c4 (0x00c11113) x 2 0x00000000f0f0f000
core   0: 0x00000000800002c8 (0x0f010113) addi    sp, sp, 240
0 0x00000000800002c8 (0x0f010113) x 2 0x00000000f0f0f0f0
core   0: 0x00000000800002cc (0x0020ff33) and     t5, ra, sp
0 0x00000000800002cc (0x0020ff33) x30 0x0000000000f000f0
core   0: 0x00000000800002d0 (0x00000001) c.nop
0 0x00000000800002d0 (0x00000001)
core   0: 0x00000000800002d2 (0x000f0313) mv      t1, t5
0 0x00000000800002d2 (0x000f0313) x 6 0x0000000000f000f0
core   0: 0x00000000800002d6 (0x00000205) c.addi  tp, 1
0 0x00000000800002d6 (0x00000205) x 4 0x0000000000000002
core   0: 0x00000000800002d8 (0x00004289) c.li    t0, 2
0 0x00000000800002d8 (0x00004289) x 5 0x0000000000000002
core   0: 0x00000000800002da (0xfc521de3) bne     tp, t0, pc - 38
0 0x00000000800002da (0xfc521de3)
core   0: 0x00000000800002de (0x00f00eb7) lui     t4, 0xf00
0 0x00000000800002de (0x00f00eb7) x29 0x0000000000f00000
core   0: 0x00000000800002e2 (0x0f0e8e9b) addiw   t4, t4, 240
0 0x00000000800002e2 (0x0f0e8e9b) x29 0x0000000000f000f0
core   0: 0x00000000800002e6 (0x000041a9) c.li    gp, 10
0 0x00000000800002e6 (0x000041a9) x 3 0x000000000000000a
core   0: 0x00000000800002e8 (0x00002e17) auipc   t3, 0x2
0 0x00000000800002e8 (0x00002e17) x28 0x00000000800022e8
core   0: 0x00000000800002ec (0xd18e0e13) addi    t3, t3, -744
0 0x00000000800002ec (0xd18e0e13) x28 0x0000000080002000
core   0: 0x00000000800002f0 (0x026e2423) sw      t1, 40(t3)
0 0x00000000800002f0 (0x026e2423)
core   0: 0x00000000800002f4 (0x3dd31863) bne     t1, t4, pc + 976
0 0x00000000800002f4 (0x3dd31863)
core   0: 0x00000000800002f8 (0x00004201) c.li    tp, 0
0 0x00000000800002f8 (0x00004201) x 4 0x0000000000000000
core   0: 0x00000000800002fa (0x00ff00b7) lui     ra, 0xff0
0 0x00000000800002fa (0x00ff00b7) x 1 0x0000000000ff0000
core   0: 0x00000000800002fe (0x0ff0809b) addiw   ra, ra, 255
0 0x00000000800002fe (0x0ff0809b) x 1 0x0000000000ff00ff
core   0: 0x0000000080000302 (0x0f0f1137) lui     sp, 0xf0f1
0 0x0000000080000302 (0x0f0f1137) x 2 0x000000000f0f1000
core   0: 0x0000000080000306 (0xf0f1011b) addiw   sp, sp, -241
0 0x0000000080000306 (0xf0f1011b) x 2 0x000000000f0f0f0f
core   0: 0x000000008000030a (0x0020ff33) and     t5, ra, sp
0 0x000000008000030a (0x0020ff33) x30 0x00000000000f000f
core   0: 0x000000008000030e (0x00000001) c.nop
0 0x000000008000030e (0x00000001)
core   0: 0x0000000080000310 (0x00000001) c.nop
0 0x0000000080000310 (0x00000001)
core   0: 0x0000000080000312 (0x000f0313) mv      t1, t5
0 0x0000000080000312 (0x000f0313) x 6 0x00000000000f000f
core   0: 0x0000000080000316 (0x00000205) c.addi  tp, 1
0 0x0000000080000316 (0x00000205) x 4 0x0000000000000001
core   0: 0x0000000080000318 (0x00004289) c.li    t0, 2
0 0x0000000080000318 (0x00004289) x 5 0x0000000000000002
core   0: 0x000000008000031a (0xfe5210e3) bne     tp, t0, pc - 32
0 0x000000008000031a (0xfe5210e3)
core   0: 0x00000000800002fa (0x00ff00b7) lui     ra, 0xff0
0 0x00000000800002fa (0x00ff00b7) x 1 0x0000000000ff0000
core   0: 0x00000000800002fe (0x0ff0809b) addiw   ra, ra, 255
0 0x00000000800002fe (0x0ff0809b) x 1 0x0000000000ff00ff
core   0: 0x0000000080000302 (0x0f0f1137) lui     sp, 0xf0f1
0 0x0000000080000302 (0x0f0f1137) x 2 0x000000000f0f1000
core   0: 0x0000000080000306 (0xf0f1011b) addiw   sp, sp, -241
0 0x0000000080000306 (0xf0f1011b) x 2 0x000000000f0f0f0f
core   0: 0x000000008000030a (0x0020ff33) and     t5, ra, sp
0 0x000000008000030a (0x0020ff33) x30 0x00000000000f000f
core   0: 0x000000008000030e (0x00000001) c.nop
0 0x000000008000030e (0x00000001)
core   0: 0x0000000080000310 (0x00000001) c.nop
0 0x0000000080000310 (0x00000001)
core   0: 0x0000000080000312 (0x000f0313) mv      t1, t5
0 0x0000000080000312 (0x000f0313) x 6 0x00000000000f000f
core   0: 0x0000000080000316 (0x00000205) c.addi  tp, 1
0 0x0000000080000316 (0x00000205) x 4 0x0000000000000002
core   0: 0x0000000080000318 (0x00004289) c.li    t0, 2
0 0x0000000080000318 (0x00004289) x 5 0x0000000000000002
core   0: 0x000000008000031a (0xfe5210e3) bne     tp, t0, pc - 32
0 0x000000008000031a (0xfe5210e3)
core   0: 0x000000008000031e (0x000f0eb7) lui     t4, 0xf0
0 0x000000008000031e (0x000f0eb7) x29 0x00000000000f0000
core   0: 0x0000000080000322 (0x00fe8e9b) addiw   t4, t4, 15
0 0x0000000080000322 (0x00fe8e9b) x29 0x00000000000f000f
core   0: 0x0000000080000326 (0x000041ad) c.li    gp, 11
0 0x0000000080000326 (0x000041ad) x 3 0x000000000000000b
core   0: 0x0000000080000328 (0x00002e17) auipc   t3, 0x2
0 0x0000000080000328 (0x00002e17) x28 0x0000000080002328
core   0: 0x000000008000032c (0xcd8e0e13) addi    t3, t3, -808
0 0x000000008000032c (0xcd8e0e13) x28 0x0000000080002000
core   0: 0x0000000080000330 (0x026e2623) sw      t1, 44(t3)
0 0x0000000080000330 (0x026e2623)
core   0: 0x0000000080000334 (0x39d31863) bne     t1, t4, pc + 912
0 0x0000000080000334 (0x39d31863)
core   0: 0x0000000080000338 (0x00004201) c.li    tp, 0
0 0x0000000080000338 (0x00004201) x 4 0x0000000000000000
core   0: 0x000000008000033a (0x000100b7) lui     ra, 0x10
0 0x000000008000033a (0x000100b7) x 1 0x0000000000010000
core   0: 0x000000008000033e (0xf010809b) addiw   ra, ra, -255
0 0x000000008000033e (0xf010809b) x 1 0x000000000000ff01
core   0: 0x0000000080000342 (0x01009093) slli    ra, ra, 16
0 0x0000000080000342 (0x01009093) x 1 0x00000000ff010000
core   0: 0x0000000080000346 (0xf0008093) addi    ra, ra, -256
0 0x0000000080000346 (0xf0008093) x 1 0x00000000ff00ff00
core   0: 0x000000008000034a (0x0f0f1137) lui     sp, 0xf0f1
0 0x000000008000034a (0x0f0f1137) x 2 0x000000000f0f1000
core   0: 0x000000008000034e (0xf0f1011b) addiw   sp, sp, -241
0 0x000000008000034e (0xf0f1011b) x 2 0x000000000f0f0f0f
core   0: 0x0000000080000352 (0x0020ff33) and     t5, ra, sp
0 0x0000000080000352 (0x0020ff33) x30 0x000000000f000f00
core   0: 0x0000000080000356 (0x00000205) c.addi  tp, 1
0 0x0000000080000356 (0x00000205) x 4 0x0000000000000001
core   0: 0x0000000080000358 (0x00004289) c.li    t0, 2
0 0x0000000080000358 (0x00004289) x 5 0x0000000000000002
core   0: 0x000000008000035a (0xfe5210e3) bne     tp, t0, pc - 32
0 0x000000008000035a (0xfe5210e3)
core   0: 0x000000008000033a (0x000100b7) lui     ra, 0x10
0 0x000000008000033a (0x000100b7) x 1 0x0000000000010000
core   0: 0x000000008000033e (0xf010809b) addiw   ra, ra, -255
0 0x000000008000033e (0xf010809b) x 1 0x000000000000ff01
core   0: 0x0000000080000342 (0x01009093) slli    ra, ra, 16
0 0x0000000080000342 (0x01009093) x 1 0x00000000ff010000
core   0: 0x0000000080000346 (0xf0008093) addi    ra, ra, -256
0 0x0000000080000346 (0xf0008093) x 1 0x00000000ff00ff00
core   0: 0x000000008000034a (0x0f0f1137) lui     sp, 0xf0f1
0 0x000000008000034a (0x0f0f1137) x 2 0x000000000f0f1000
core   0: 0x000000008000034e (0xf0f1011b) addiw   sp, sp, -241
0 0x000000008000034e (0xf0f1011b) x 2 0x000000000f0f0f0f
core   0: 0x0000000080000352 (0x0020ff33) and     t5, ra, sp
0 0x0000000080000352 (0x0020ff33) x30 0x000000000f000f00
core   0: 0x0000000080000356 (0x00000205) c.addi  tp, 1
0 0x0000000080000356 (0x00000205) x 4 0x0000000000000002
core   0: 0x0000000080000358 (0x00004289) c.li    t0, 2
0 0x0000000080000358 (0x00004289) x 5 0x0000000000000002
core   0: 0x000000008000035a (0xfe5210e3) bne     tp, t0, pc - 32
0 0x000000008000035a (0xfe5210e3)
core   0: 0x000000008000035e (0x0f001eb7) lui     t4, 0xf001
0 0x000000008000035e (0x0f001eb7) x29 0x000000000f001000
core   0: 0x0000000080000362 (0xf00e8e9b) addiw   t4, t4, -256
0 0x0000000080000362 (0xf00e8e9b) x29 0x000000000f000f00
core   0: 0x0000000080000366 (0x000041b1) c.li    gp, 12
0 0x0000000080000366 (0x000041b1) x 3 0x000000000000000c
core   0: 0x0000000080000368 (0x00002e17) auipc   t3, 0x2
0 0x0000000080000368 (0x00002e17) x28 0x0000000080002368
core   0: 0x000000008000036c (0xc98e0e13) addi    t3, t3, -872
0 0x000000008000036c (0xc98e0e13) x28 0x0000000080002000
core   0: 0x0000000080000370 (0x03ee2823) sw      t5, 48(t3)
0 0x0000000080000370 (0x03ee2823)
core   0: 0x0000000080000374 (0x35df1863) bne     t5, t4, pc + 848
0 0x0000000080000374 (0x35df1863)
core   0: 0x0000000080000378 (0x00004201) c.li    tp, 0
0 0x0000000080000378 (0x00004201) x 4 0x0000000000000000
core   0: 0x000000008000037a (0x0ff010b7) lui     ra, 0xff01
0 0x000000008000037a (0x0ff010b7) x 1 0x000000000ff01000
core   0: 0x000000008000037e (0xff00809b) addiw   ra, ra, -16
0 0x000000008000037e (0xff00809b) x 1 0x000000000ff00ff0
core   0: 0x0000000080000382 (0x000f1137) lui     sp, 0xf1
0 0x0000000080000382 (0x000f1137) x 2 0x00000000000f1000
core   0: 0x0000000080000386 (0xf0f1011b) addiw   sp, sp, -241
0 0x0000000080000386 (0xf0f1011b) x 2 0x00000000000f0f0f
core   0: 0x000000008000038a (0x00c11113) slli    sp, sp, 12
0 0x000000008000038a (0x00c11113) x 2 0x00000000f0f0f000
core   0: 0x000000008000038e (0x0f010113) addi    sp, sp, 240
0 0x000000008000038e (0x0f010113) x 2 0x00000000f0f0f0f0
core   0: 0x0000000080000392 (0x00000001) c.nop
0 0x0000000080000392 (0x00000001)
core   0: 0x0000000080000394 (0x0020ff33) and     t5, ra, sp
0 0x0000000080000394 (0x0020ff33) x30 0x0000000000f000f0
core   0: 0x0000000080000398 (0x00000205) c.addi  tp, 1
0 0x0000000080000398 (0x00000205) x 4 0x0000000000000001
core   0: 0x000000008000039a (0x00004289) c.li    t0, 2
0 0x000000008000039a (0x00004289) x 5 0x0000000000000002
core   0: 0x000000008000039c (0xfc521fe3) bne     tp, t0, pc - 34
0 0x000000008000039c (0xfc521fe3)
core   0: 0x000000008000037a (0x0ff010b7) lui     ra, 0xff01
0 0x000000008000037a (0x0ff010b7) x 1 0x000000000ff01000
core   0: 0x000000008000037e (0xff00809b) addiw   ra, ra, -16
0 0x000000008000037e (0xff00809b) x 1 0x000000000ff00ff0
core   0: 0x0000000080000382 (0x000f1137) lui     sp, 0xf1
0 0x0000000080000382 (0x000f1137) x 2 0x00000000000f1000
core   0: 0x0000000080000386 (0xf0f1011b) addiw   sp, sp, -241
0 0x0000000080000386 (0xf0f1011b) x 2 0x00000000000f0f0f
core   0: 0x000000008000038a (0x00c11113) slli    sp, sp, 12
0 0x000000008000038a (0x00c11113) x 2 0x00000000f0f0f000
core   0: 0x000000008000038e (0x0f010113) addi    sp, sp, 240
0 0x000000008000038e (0x0f010113) x 2 0x00000000f0f0f0f0
core   0: 0x0000000080000392 (0x00000001) c.nop
0 0x0000000080000392 (0x00000001)
core   0: 0x0000000080000394 (0x0020ff33) and     t5, ra, sp
0 0x0000000080000394 (0x0020ff33) x30 0x0000000000f000f0
core   0: 0x0000000080000398 (0x00000205) c.addi  tp, 1
0 0x0000000080000398 (0x00000205) x 4 0x0000000000000002
core   0: 0x000000008000039a (0x00004289) c.li    t0, 2
0 0x000000008000039a (0x00004289) x 5 0x0000000000000002
core   0: 0x000000008000039c (0xfc521fe3) bne     tp, t0, pc - 34
0 0x000000008000039c (0xfc521fe3)
core   0: 0x00000000800003a0 (0x00f00eb7) lui     t4, 0xf00
0 0x00000000800003a0 (0x00f00eb7) x29 0x0000000000f00000
core   0: 0x00000000800003a4 (0x0f0e8e9b) addiw   t4, t4, 240
0 0x00000000800003a4 (0x0f0e8e9b) x29 0x0000000000f000f0
core   0: 0x00000000800003a8 (0x000041b5) c.li    gp, 13
0 0x00000000800003a8 (0x000041b5) x 3 0x000000000000000d
core   0: 0x00000000800003aa (0x00002e17) auipc   t3, 0x2
0 0x00000000800003aa (0x00002e17) x28 0x00000000800023aa
core   0: 0x00000000800003ae (0xc56e0e13) addi    t3, t3, -938
0 0x00000000800003ae (0xc56e0e13) x28 0x0000000080002000
core   0: 0x00000000800003b2 (0x03ee2a23) sw      t5, 52(t3)
0 0x00000000800003b2 (0x03ee2a23)
core   0: 0x00000000800003b6 (0x31df1763) bne     t5, t4, pc + 782
0 0x00000000800003b6 (0x31df1763)
core   0: 0x00000000800003ba (0x00004201) c.li    tp, 0
0 0x00000000800003ba (0x00004201) x 4 0x0000000000000000
core   0: 0x00000000800003bc (0x00ff00b7) lui     ra, 0xff0
0 0x00000000800003bc (0x00ff00b7) x 1 0x0000000000ff0000
core   0: 0x00000000800003c0 (0x0ff0809b) addiw   ra, ra, 255
0 0x00000000800003c0 (0x0ff0809b) x 1 0x0000000000ff00ff
core   0: 0x00000000800003c4 (0x0f0f1137) lui     sp, 0xf0f1
0 0x00000000800003c4 (0x0f0f1137) x 2 0x000000000f0f1000
core   0: 0x00000000800003c8 (0xf0f1011b) addiw   sp, sp, -241
0 0x00000000800003c8 (0xf0f1011b) x 2 0x000000000f0f0f0f
core   0: 0x00000000800003cc (0x00000001) c.nop
0 0x00000000800003cc (0x00000001)
core   0: 0x00000000800003ce (0x00000001) c.nop
0 0x00000000800003ce (0x00000001)
core   0: 0x00000000800003d0 (0x0020ff33) and     t5, ra, sp
0 0x00000000800003d0 (0x0020ff33) x30 0x00000000000f000f
core   0: 0x00000000800003d4 (0x00000205) c.addi  tp, 1
0 0x00000000800003d4 (0x00000205) x 4 0x0000000000000001
core   0: 0x00000000800003d6 (0x00004289) c.li    t0, 2
0 0x00000000800003d6 (0x00004289) x 5 0x0000000000000002
core   0: 0x00000000800003d8 (0xfe5212e3) bne     tp, t0, pc - 28
0 0x00000000800003d8 (0xfe5212e3)
core   0: 0x00000000800003bc (0x00ff00b7) lui     ra, 0xff0
0 0x00000000800003bc (0x00ff00b7) x 1 0x0000000000ff0000
core   0: 0x00000000800003c0 (0x0ff0809b) addiw   ra, ra, 255
0 0x00000000800003c0 (0x0ff0809b) x 1 0x0000000000ff00ff
core   0: 0x00000000800003c4 (0x0f0f1137) lui     sp, 0xf0f1
0 0x00000000800003c4 (0x0f0f1137) x 2 0x000000000f0f1000
core   0: 0x00000000800003c8 (0xf0f1011b) addiw   sp, sp, -241
0 0x00000000800003c8 (0xf0f1011b) x 2 0x000000000f0f0f0f
core   0: 0x00000000800003cc (0x00000001) c.nop
0 0x00000000800003cc (0x00000001)
core   0: 0x00000000800003ce (0x00000001) c.nop
0 0x00000000800003ce (0x00000001)
core   0: 0x00000000800003d0 (0x0020ff33) and     t5, ra, sp
0 0x00000000800003d0 (0x0020ff33) x30 0x00000000000f000f
core   0: 0x00000000800003d4 (0x00000205) c.addi  tp, 1
0 0x00000000800003d4 (0x00000205) x 4 0x0000000000000002
core   0: 0x00000000800003d6 (0x00004289) c.li    t0, 2
0 0x00000000800003d6 (0x00004289) x 5 0x0000000000000002
core   0: 0x00000000800003d8 (0xfe5212e3) bne     tp, t0, pc - 28
0 0x00000000800003d8 (0xfe5212e3)
core   0: 0x00000000800003dc (0x000f0eb7) lui     t4, 0xf0
0 0x00000000800003dc (0x000f0eb7) x29 0x00000000000f0000
core   0: 0x00000000800003e0 (0x00fe8e9b) addiw   t4, t4, 15
0 0x00000000800003e0 (0x00fe8e9b) x29 0x00000000000f000f
core   0: 0x00000000800003e4 (0x000041b9) c.li    gp, 14
0 0x00000000800003e4 (0x000041b9) x 3 0x000000000000000e
core   0: 0x00000000800003e6 (0x00002e17) auipc   t3, 0x2
0 0x00000000800003e6 (0x00002e17) x28 0x00000000800023e6
core   0: 0x00000000800003ea (0xc1ae0e13) addi    t3, t3, -998
0 0x00000000800003ea (0xc1ae0e13) x28 0x0000000080002000
core   0: 0x00000000800003ee (0x03ee2c23) sw      t5, 56(t3)
0 0x00000000800003ee (0x03ee2c23)
core   0: 0x00000000800003f2 (0x2ddf1963) bne     t5, t4, pc + 722
0 0x00000000800003f2 (0x2ddf1963)
core   0: 0x00000000800003f6 (0x00004201) c.li    tp, 0
0 0x00000000800003f6 (0x00004201) x 4 0x0000000000000000
core   0: 0x00000000800003f8 (0x000100b7) lui     ra, 0x10
0 0x00000000800003f8 (0x000100b7) x 1 0x0000000000010000
core   0: 0x00000000800003fc (0xf010809b) addiw   ra, ra, -255
0 0x00000000800003fc (0xf010809b) x 1 0x000000000000ff01
core   0: 0x0000000080000400 (0x01009093) slli    ra, ra, 16
0 0x0000000080000400 (0x01009093) x 1 0x00000000ff010000
core   0: 0x0000000080000404 (0xf0008093) addi    ra, ra, -256
0 0x0000000080000404 (0xf0008093) x 1 0x00000000ff00ff00
core   0: 0x0000000080000408 (0x00000001) c.nop
0 0x0000000080000408 (0x00000001)
core   0: 0x000000008000040a (0x0f0f1137) lui     sp, 0xf0f1
0 0x000000008000040a (0x0f0f1137) x 2 0x000000000f0f1000
core   0: 0x000000008000040e (0xf0f1011b) addiw   sp, sp, -241
0 0x000000008000040e (0xf0f1011b) x 2 0x000000000f0f0f0f
core   0: 0x0000000080000412 (0x0020ff33) and     t5, ra, sp
0 0x0000000080000412 (0x0020ff33) x30 0x000000000f000f00
core   0: 0x0000000080000416 (0x00000205) c.addi  tp, 1
0 0x0000000080000416 (0x00000205) x 4 0x0000000000000001
core   0: 0x0000000080000418 (0x00004289) c.li    t0, 2
0 0x0000000080000418 (0x00004289) x 5 0x0000000000000002
core   0: 0x000000008000041a (0xfc521fe3) bne     tp, t0, pc - 34
0 0x000000008000041a (0xfc521fe3)
core   0: 0x00000000800003f8 (0x000100b7) lui     ra, 0x10
0 0x00000000800003f8 (0x000100b7) x 1 0x0000000000010000
core   0: 0x00000000800003fc (0xf010809b) addiw   ra, ra, -255
0 0x00000000800003fc (0xf010809b) x 1 0x000000000000ff01
core   0: 0x0000000080000400 (0x01009093) slli    ra, ra, 16
0 0x0000000080000400 (0x01009093) x 1 0x00000000ff010000
core   0: 0x0000000080000404 (0xf0008093) addi    ra, ra, -256
0 0x0000000080000404 (0xf0008093) x 1 0x00000000ff00ff00
core   0: 0x0000000080000408 (0x00000001) c.nop
0 0x0000000080000408 (0x00000001)
core   0: 0x000000008000040a (0x0f0f1137) lui     sp, 0xf0f1
0 0x000000008000040a (0x0f0f1137) x 2 0x000000000f0f1000
core   0: 0x000000008000040e (0xf0f1011b) addiw   sp, sp, -241
0 0x000000008000040e (0xf0f1011b) x 2 0x000000000f0f0f0f
core   0: 0x0000000080000412 (0x0020ff33) and     t5, ra, sp
0 0x0000000080000412 (0x0020ff33) x30 0x000000000f000f00
core   0: 0x0000000080000416 (0x00000205) c.addi  tp, 1
0 0x0000000080000416 (0x00000205) x 4 0x0000000000000002
core   0: 0x0000000080000418 (0x00004289) c.li    t0, 2
0 0x0000000080000418 (0x00004289) x 5 0x0000000000000002
core   0: 0x000000008000041a (0xfc521fe3) bne     tp, t0, pc - 34
0 0x000000008000041a (0xfc521fe3)
core   0: 0x000000008000041e (0x0f001eb7) lui     t4, 0xf001
0 0x000000008000041e (0x0f001eb7) x29 0x000000000f001000
core   0: 0x0000000080000422 (0xf00e8e9b) addiw   t4, t4, -256
0 0x0000000080000422 (0xf00e8e9b) x29 0x000000000f000f00
core   0: 0x0000000080000426 (0x000041bd) c.li    gp, 15
0 0x0000000080000426 (0x000041bd) x 3 0x000000000000000f
core   0: 0x0000000080000428 (0x00002e17) auipc   t3, 0x2
0 0x0000000080000428 (0x00002e17) x28 0x0000000080002428
core   0: 0x000000008000042c (0xbd8e0e13) addi    t3, t3, -1064
0 0x000000008000042c (0xbd8e0e13) x28 0x0000000080002000
core   0: 0x0000000080000430 (0x03ee2e23) sw      t5, 60(t3)
0 0x0000000080000430 (0x03ee2e23)
core   0: 0x0000000080000434 (0x29df1863) bne     t5, t4, pc + 656
0 0x0000000080000434 (0x29df1863)
core   0: 0x0000000080000438 (0x00004201) c.li    tp, 0
0 0x0000000080000438 (0x00004201) x 4 0x0000000000000000
core   0: 0x000000008000043a (0x0ff010b7) lui     ra, 0xff01
0 0x000000008000043a (0x0ff010b7) x 1 0x000000000ff01000
core   0: 0x000000008000043e (0xff00809b) addiw   ra, ra, -16
0 0x000000008000043e (0xff00809b) x 1 0x000000000ff00ff0
core   0: 0x0000000080000442 (0x00000001) c.nop
0 0x0000000080000442 (0x00000001)
core   0: 0x0000000080000444 (0x000f1137) lui     sp, 0xf1
0 0x0000000080000444 (0x000f1137) x 2 0x00000000000f1000
core   0: 0x0000000080000448 (0xf0f1011b) addiw   sp, sp, -241
0 0x0000000080000448 (0xf0f1011b) x 2 0x00000000000f0f0f
core   0: 0x000000008000044c (0x00c11113) slli    sp, sp, 12
0 0x000000008000044c (0x00c11113) x 2 0x00000000f0f0f000
core   0: 0x0000000080000450 (0x0f010113) addi    sp, sp, 240
0 0x0000000080000450 (0x0f010113) x 2 0x00000000f0f0f0f0
core   0: 0x0000000080000454 (0x00000001) c.nop
0 0x0000000080000454 (0x00000001)
core   0: 0x0000000080000456 (0x0020ff33) and     t5, ra, sp
0 0x0000000080000456 (0x0020ff33) x30 0x0000000000f000f0
core   0: 0x000000008000045a (0x00000205) c.addi  tp, 1
0 0x000000008000045a (0x00000205) x 4 0x0000000000000001
core   0: 0x000000008000045c (0x00004289) c.li    t0, 2
0 0x000000008000045c (0x00004289) x 5 0x0000000000000002
core   0: 0x000000008000045e (0xfc521ee3) bne     tp, t0, pc - 36
0 0x000000008000045e (0xfc521ee3)
core   0: 0x000000008000043a (0x0ff010b7) lui     ra, 0xff01
0 0x000000008000043a (0x0ff010b7) x 1 0x000000000ff01000
core   0: 0x000000008000043e (0xff00809b) addiw   ra, ra, -16
0 0x000000008000043e (0xff00809b) x 1 0x000000000ff00ff0
core   0: 0x0000000080000442 (0x00000001) c.nop
0 0x0000000080000442 (0x00000001)
core   0: 0x0000000080000444 (0x000f1137) lui     sp, 0xf1
0 0x0000000080000444 (0x000f1137) x 2 0x00000000000f1000
core   0: 0x0000000080000448 (0xf0f1011b) addiw   sp, sp, -241
0 0x0000000080000448 (0xf0f1011b) x 2 0x00000000000f0f0f
core   0: 0x000000008000044c (0x00c11113) slli    sp, sp, 12
0 0x000000008000044c (0x00c11113) x 2 0x00000000f0f0f000
core   0: 0x0000000080000450 (0x0f010113) addi    sp, sp, 240
0 0x0000000080000450 (0x0f010113) x 2 0x00000000f0f0f0f0
core   0: 0x0000000080000454 (0x00000001) c.nop
0 0x0000000080000454 (0x00000001)
core   0: 0x0000000080000456 (0x0020ff33) and     t5, ra, sp
0 0x0000000080000456 (0x0020ff33) x30 0x0000000000f000f0
core   0: 0x000000008000045a (0x00000205) c.addi  tp, 1
0 0x000000008000045a (0x00000205) x 4 0x0000000000000002
core   0: 0x000000008000045c (0x00004289) c.li    t0, 2
0 0x000000008000045c (0x00004289) x 5 0x0000000000000002
core   0: 0x000000008000045e (0xfc521ee3) bne     tp, t0, pc - 36
0 0x000000008000045e (0xfc521ee3)
core   0: 0x0000000080000462 (0x00f00eb7) lui     t4, 0xf00
0 0x0000000080000462 (0x00f00eb7) x29 0x0000000000f00000
core   0: 0x0000000080000466 (0x0f0e8e9b) addiw   t4, t4, 240
0 0x0000000080000466 (0x0f0e8e9b) x29 0x0000000000f000f0
core   0: 0x000000008000046a (0x000041c1) c.li    gp, 16
0 0x000000008000046a (0x000041c1) x 3 0x0000000000000010
core   0: 0x000000008000046c (0x00002e17) auipc   t3, 0x2
0 0x000000008000046c (0x00002e17) x28 0x000000008000246c
core   0: 0x0000000080000470 (0xb94e0e13) addi    t3, t3, -1132
0 0x0000000080000470 (0xb94e0e13) x28 0x0000000080002000
core   0: 0x0000000080000474 (0x05ee2023) sw      t5, 64(t3)
0 0x0000000080000474 (0x05ee2023)
core   0: 0x0000000080000478 (0x25df1663) bne     t5, t4, pc + 588
0 0x0000000080000478 (0x25df1663)
core   0: 0x000000008000047c (0x00004201) c.li    tp, 0
0 0x000000008000047c (0x00004201) x 4 0x0000000000000000
core   0: 0x000000008000047e (0x00ff00b7) lui     ra, 0xff0
0 0x000000008000047e (0x00ff00b7) x 1 0x0000000000ff0000
core   0: 0x0000000080000482 (0x0ff0809b) addiw   ra, ra, 255
0 0x0000000080000482 (0x0ff0809b) x 1 0x0000000000ff00ff
core   0: 0x0000000080000486 (0x00000001) c.nop
0 0x0000000080000486 (0x00000001)
core   0: 0x0000000080000488 (0x00000001) c.nop
0 0x0000000080000488 (0x00000001)
core   0: 0x000000008000048a (0x0f0f1137) lui     sp, 0xf0f1
0 0x000000008000048a (0x0f0f1137) x 2 0x000000000f0f1000
core   0: 0x000000008000048e (0xf0f1011b) addiw   sp, sp, -241
0 0x000000008000048e (0xf0f1011b) x 2 0x000000000f0f0f0f
core   0: 0x0000000080000492 (0x0020ff33) and     t5, ra, sp
0 0x0000000080000492 (0x0020ff33) x30 0x00000000000f000f
core   0: 0x0000000080000496 (0x00000205) c.addi  tp, 1
0 0x0000000080000496 (0x00000205) x 4 0x0000000000000001
core   0: 0x0000000080000498 (0x00004289) c.li    t0, 2
0 0x0000000080000498 (0x00004289) x 5 0x0000000000000002
core   0: 0x000000008000049a (0xfe5212e3) bne     tp, t0, pc - 28
0 0x000000008000049a (0xfe5212e3)
core   0: 0x000000008000047e (0x00ff00b7) lui     ra, 0xff0
0 0x000000008000047e (0x00ff00b7) x 1 0x0000000000ff0000
core   0: 0x0000000080000482 (0x0ff0809b) addiw   ra, ra, 255
0 0x0000000080000482 (0x0ff0809b) x 1 0x0000000000ff00ff
core   0: 0x0000000080000486 (0x00000001) c.nop
0 0x0000000080000486 (0x00000001)
core   0: 0x0000000080000488 (0x00000001) c.nop
0 0x0000000080000488 (0x00000001)
core   0: 0x000000008000048a (0x0f0f1137) lui     sp, 0xf0f1
0 0x000000008000048a (0x0f0f1137) x 2 0x000000000f0f1000
core   0: 0x000000008000048e (0xf0f1011b) addiw   sp, sp, -241
0 0x000000008000048e (0xf0f1011b) x 2 0x000000000f0f0f0f
core   0: 0x0000000080000492 (0x0020ff33) and     t5, ra, sp
0 0x0000000080000492 (0x0020ff33) x30 0x00000000000f000f
core   0: 0x0000000080000496 (0x00000205) c.addi  tp, 1
0 0x0000000080000496 (0x00000205) x 4 0x0000000000000002
core   0: 0x0000000080000498 (0x00004289) c.li    t0, 2
0 0x0000000080000498 (0x00004289) x 5 0x0000000000000002
core   0: 0x000000008000049a (0xfe5212e3) bne     tp, t0, pc - 28
0 0x000000008000049a (0xfe5212e3)
core   0: 0x000000008000049e (0x000f0eb7) lui     t4, 0xf0
0 0x000000008000049e (0x000f0eb7) x29 0x00000000000f0000
core   0: 0x00000000800004a2 (0x00fe8e9b) addiw   t4, t4, 15
0 0x00000000800004a2 (0x00fe8e9b) x29 0x00000000000f000f
core   0: 0x00000000800004a6 (0x000041c5) c.li    gp, 17
0 0x00000000800004a6 (0x000041c5) x 3 0x0000000000000011
core   0: 0x00000000800004a8 (0x00002e17) auipc   t3, 0x2
0 0x00000000800004a8 (0x00002e17) x28 0x00000000800024a8
core   0: 0x00000000800004ac (0xb58e0e13) addi    t3, t3, -1192
0 0x00000000800004ac (0xb58e0e13) x28 0x0000000080002000
core   0: 0x00000000800004b0 (0x05ee2223) sw      t5, 68(t3)
0 0x00000000800004b0 (0x05ee2223)
core   0: 0x00000000800004b4 (0x21df1863) bne     t5, t4, pc + 528
0 0x00000000800004b4 (0x21df1863)
core   0: 0x00000000800004b8 (0x00004201) c.li    tp, 0
0 0x00000000800004b8 (0x00004201) x 4 0x0000000000000000
core   0: 0x00000000800004ba (0x0f0f1137) lui     sp, 0xf0f1
0 0x00000000800004ba (0x0f0f1137) x 2 0x000000000f0f1000
core   0: 0x00000000800004be (0xf0f1011b) addiw   sp, sp, -241
0 0x00000000800004be (0xf0f1011b) x 2 0x000000000f0f0f0f
core   0: 0x00000000800004c2 (0x000100b7) lui     ra, 0x10
0 0x00000000800004c2 (0x000100b7) x 1 0x0000000000010000
core   0: 0x00000000800004c6 (0xf010809b) addiw   ra, ra, -255
0 0x00000000800004c6 (0xf010809b) x 1 0x000000000000ff01
core   0: 0x00000000800004ca (0x01009093) slli    ra, ra, 16
0 0x00000000800004ca (0x01009093) x 1 0x00000000ff010000
core   0: 0x00000000800004ce (0xf0008093) addi    ra, ra, -256
0 0x00000000800004ce (0xf0008093) x 1 0x00000000ff00ff00
core   0: 0x00000000800004d2 (0x0020ff33) and     t5, ra, sp
0 0x00000000800004d2 (0x0020ff33) x30 0x000000000f000f00
core   0: 0x00000000800004d6 (0x00000205) c.addi  tp, 1
0 0x00000000800004d6 (0x00000205) x 4 0x0000000000000001
core   0: 0x00000000800004d8 (0x00004289) c.li    t0, 2
0 0x00000000800004d8 (0x00004289) x 5 0x0000000000000002
core   0: 0x00000000800004da (0xfe5210e3) bne     tp, t0, pc - 32
0 0x00000000800004da (0xfe5210e3)
core   0: 0x00000000800004ba (0x0f0f1137) lui     sp, 0xf0f1
0 0x00000000800004ba (0x0f0f1137) x 2 0x000000000f0f1000
core   0: 0x00000000800004be (0xf0f1011b) addiw   sp, sp, -241
0 0x00000000800004be (0xf0f1011b) x 2 0x000000000f0f0f0f
core   0: 0x00000000800004c2 (0x000100b7) lui     ra, 0x10
0 0x00000000800004c2 (0x000100b7) x 1 0x0000000000010000
core   0: 0x00000000800004c6 (0xf010809b) addiw   ra, ra, -255
0 0x00000000800004c6 (0xf010809b) x 1 0x000000000000ff01
core   0: 0x00000000800004ca (0x01009093) slli    ra, ra, 16
0 0x00000000800004ca (0x01009093) x 1 0x00000000ff010000
core   0: 0x00000000800004ce (0xf0008093) addi    ra, ra, -256
0 0x00000000800004ce (0xf0008093) x 1 0x00000000ff00ff00
core   0: 0x00000000800004d2 (0x0020ff33) and     t5, ra, sp
0 0x00000000800004d2 (0x0020ff33) x30 0x000000000f000f00
core   0: 0x00000000800004d6 (0x00000205) c.addi  tp, 1
0 0x00000000800004d6 (0x00000205) x 4 0x0000000000000002
core   0: 0x00000000800004d8 (0x00004289) c.li    t0, 2
0 0x00000000800004d8 (0x00004289) x 5 0x0000000000000002
core   0: 0x00000000800004da (0xfe5210e3) bne     tp, t0, pc - 32
0 0x00000000800004da (0xfe5210e3)
core   0: 0x00000000800004de (0x0f001eb7) lui     t4, 0xf001
0 0x00000000800004de (0x0f001eb7) x29 0x000000000f001000
core   0: 0x00000000800004e2 (0xf00e8e9b) addiw   t4, t4, -256
0 0x00000000800004e2 (0xf00e8e9b) x29 0x000000000f000f00
core   0: 0x00000000800004e6 (0x000041c9) c.li    gp, 18
0 0x00000000800004e6 (0x000041c9) x 3 0x0000000000000012
core   0: 0x00000000800004e8 (0x00002e17) auipc   t3, 0x2
0 0x00000000800004e8 (0x00002e17) x28 0x00000000800024e8
core   0: 0x00000000800004ec (0xb18e0e13) addi    t3, t3, -1256
0 0x00000000800004ec (0xb18e0e13) x28 0x0000000080002000
core   0: 0x00000000800004f0 (0x05ee2423) sw      t5, 72(t3)
0 0x00000000800004f0 (0x05ee2423)
core   0: 0x00000000800004f4 (0x1ddf1863) bne     t5, t4, pc + 464
0 0x00000000800004f4 (0x1ddf1863)
core   0: 0x00000000800004f8 (0x00004201) c.li    tp, 0
0 0x00000000800004f8 (0x00004201) x 4 0x0000000000000000
core   0: 0x00000000800004fa (0x000f1137) lui     sp, 0xf1
0 0x00000000800004fa (0x000f1137) x 2 0x00000000000f1000
core   0: 0x00000000800004fe (0xf0f1011b) addiw   sp, sp, -241
0 0x00000000800004fe (0xf0f1011b) x 2 0x00000000000f0f0f
core   0: 0x0000000080000502 (0x00c11113) slli    sp, sp, 12
0 0x0000000080000502 (0x00c11113) x 2 0x00000000f0f0f000
core   0: 0x0000000080000506 (0x0f010113) addi    sp, sp, 240
0 0x0000000080000506 (0x0f010113) x 2 0x00000000f0f0f0f0
core   0: 0x000000008000050a (0x0ff010b7) lui     ra, 0xff01
0 0x000000008000050a (0x0ff010b7) x 1 0x000000000ff01000
core   0: 0x000000008000050e (0xff00809b) addiw   ra, ra, -16
0 0x000000008000050e (0xff00809b) x 1 0x000000000ff00ff0
core   0: 0x0000000080000512 (0x00000001) c.nop
0 0x0000000080000512 (0x00000001)
core   0: 0x0000000080000514 (0x0020ff33) and     t5, ra, sp
0 0x0000000080000514 (0x0020ff33) x30 0x0000000000f000f0
core   0: 0x0000000080000518 (0x00000205) c.addi  tp, 1
0 0x0000000080000518 (0x00000205) x 4 0x0000000000000001
core   0: 0x000000008000051a (0x00004289) c.li    t0, 2
0 0x000000008000051a (0x00004289) x 5 0x0000000000000002
core   0: 0x000000008000051c (0xfc521fe3) bne     tp, t0, pc - 34
0 0x000000008000051c (0xfc521fe3)
core   0: 0x00000000800004fa (0x000f1137) lui     sp, 0xf1
0 0x00000000800004fa (0x000f1137) x 2 0x00000000000f1000
core   0: 0x00000000800004fe (0xf0f1011b) addiw   sp, sp, -241
0 0x00000000800004fe (0xf0f1011b) x 2 0x00000000000f0f0f
core   0: 0x0000000080000502 (0x00c11113) slli    sp, sp, 12
0 0x0000000080000502 (0x00c11113) x 2 0x00000000f0f0f000
core   0: 0x0000000080000506 (0x0f010113) addi    sp, sp, 240
0 0x0000000080000506 (0x0f010113) x 2 0x00000000f0f0f0f0
core   0: 0x000000008000050a (0x0ff010b7) lui     ra, 0xff01
0 0x000000008000050a (0x0ff010b7) x 1 0x000000000ff01000
core   0: 0x000000008000050e (0xff00809b) addiw   ra, ra, -16
0 0x000000008000050e (0xff00809b) x 1 0x000000000ff00ff0
core   0: 0x0000000080000512 (0x00000001) c.nop
0 0x0000000080000512 (0x00000001)
core   0: 0x0000000080000514 (0x0020ff33) and     t5, ra, sp
0 0x0000000080000514 (0x0020ff33) x30 0x0000000000f000f0
core   0: 0x0000000080000518 (0x00000205) c.addi  tp, 1
0 0x0000000080000518 (0x00000205) x 4 0x0000000000000002
core   0: 0x000000008000051a (0x00004289) c.li    t0, 2
0 0x000000008000051a (0x00004289) x 5 0x0000000000000002
core   0: 0x000000008000051c (0xfc521fe3) bne     tp, t0, pc - 34
0 0x000000008000051c (0xfc521fe3)
core   0: 0x0000000080000520 (0x00f00eb7) lui     t4, 0xf00
0 0x0000000080000520 (0x00f00eb7) x29 0x0000000000f00000
core   0: 0x0000000080000524 (0x0f0e8e9b) addiw   t4, t4, 240
0 0x0000000080000524 (0x0f0e8e9b) x29 0x0000000000f000f0
core   0: 0x0000000080000528 (0x000041cd) c.li    gp, 19
0 0x0000000080000528 (0x000041cd) x 3 0x0000000000000013
core   0: 0x000000008000052a (0x00002e17) auipc   t3, 0x2
0 0x000000008000052a (0x00002e17) x28 0x000000008000252a
core   0: 0x000000008000052e (0xad6e0e13) addi    t3, t3, -1322
0 0x000000008000052e (0xad6e0e13) x28 0x0000000080002000
core   0: 0x0000000080000532 (0x05ee2623) sw      t5, 76(t3)
0 0x0000000080000532 (0x05ee2623)
core   0: 0x0000000080000536 (0x19df1763) bne     t5, t4, pc + 398
0 0x0000000080000536 (0x19df1763)
core   0: 0x000000008000053a (0x00004201) c.li    tp, 0
0 0x000000008000053a (0x00004201) x 4 0x0000000000000000
core   0: 0x000000008000053c (0x0f0f1137) lui     sp, 0xf0f1
0 0x000000008000053c (0x0f0f1137) x 2 0x000000000f0f1000
core   0: 0x0000000080000540 (0xf0f1011b) addiw   sp, sp, -241
0 0x0000000080000540 (0xf0f1011b) x 2 0x000000000f0f0f0f
core   0: 0x0000000080000544 (0x00ff00b7) lui     ra, 0xff0
0 0x0000000080000544 (0x00ff00b7) x 1 0x0000000000ff0000
core   0: 0x0000000080000548 (0x0ff0809b) addiw   ra, ra, 255
0 0x0000000080000548 (0x0ff0809b) x 1 0x0000000000ff00ff
core   0: 0x000000008000054c (0x00000001) c.nop
0 0x000000008000054c (0x00000001)
core   0: 0x000000008000054e (0x00000001) c.nop
0 0x000000008000054e (0x00000001)
core   0: 0x0000000080000550 (0x0020ff33) and     t5, ra, sp
0 0x0000000080000550 (0x0020ff33) x30 0x00000000000f000f
core   0: 0x0000000080000554 (0x00000205) c.addi  tp, 1
0 0x0000000080000554 (0x00000205) x 4 0x0000000000000001
core   0: 0x0000000080000556 (0x00004289) c.li    t0, 2
0 0x0000000080000556 (0x00004289) x 5 0x0000000000000002
core   0: 0x0000000080000558 (0xfe5212e3) bne     tp, t0, pc - 28
0 0x0000000080000558 (0xfe5212e3)
core   0: 0x000000008000053c (0x0f0f1137) lui     sp, 0xf0f1
0 0x000000008000053c (0x0f0f1137) x 2 0x000000000f0f1000
core   0: 0x0000000080000540 (0xf0f1011b) addiw   sp, sp, -241
0 0x0000000080000540 (0xf0f1011b) x 2 0x000000000f0f0f0f
core   0: 0x0000000080000544 (0x00ff00b7) lui     ra, 0xff0
0 0x0000000080000544 (0x00ff00b7) x 1 0x0000000000ff0000
core   0: 0x0000000080000548 (0x0ff0809b) addiw   ra, ra, 255
0 0x0000000080000548 (0x0ff0809b) x 1 0x0000000000ff00ff
core   0: 0x000000008000054c (0x00000001) c.nop
0 0x000000008000054c (0x00000001)
core   0: 0x000000008000054e (0x00000001) c.nop
0 0x000000008000054e (0x00000001)
core   0: 0x0000000080000550 (0x0020ff33) and     t5, ra, sp
0 0x0000000080000550 (0x0020ff33) x30 0x00000000000f000f
core   0: 0x0000000080000554 (0x00000205) c.addi  tp, 1
0 0x0000000080000554 (0x00000205) x 4 0x0000000000000002
core   0: 0x0000000080000556 (0x00004289) c.li    t0, 2
0 0x0000000080000556 (0x00004289) x 5 0x0000000000000002
core   0: 0x0000000080000558 (0xfe5212e3) bne     tp, t0, pc - 28
0 0x0000000080000558 (0xfe5212e3)
core   0: 0x000000008000055c (0x000f0eb7) lui     t4, 0xf0
0 0x000000008000055c (0x000f0eb7) x29 0x00000000000f0000
core   0: 0x0000000080000560 (0x00fe8e9b) addiw   t4, t4, 15
0 0x0000000080000560 (0x00fe8e9b) x29 0x00000000000f000f
core   0: 0x0000000080000564 (0x000041d1) c.li    gp, 20
0 0x0000000080000564 (0x000041d1) x 3 0x0000000000000014
core   0: 0x0000000080000566 (0x00002e17) auipc   t3, 0x2
0 0x0000000080000566 (0x00002e17) x28 0x0000000080002566
core   0: 0x000000008000056a (0xa9ae0e13) addi    t3, t3, -1382
0 0x000000008000056a (0xa9ae0e13) x28 0x0000000080002000
core   0: 0x000000008000056e (0x05ee2823) sw      t5, 80(t3)
0 0x000000008000056e (0x05ee2823)
core   0: 0x0000000080000572 (0x15df1963) bne     t5, t4, pc + 338
0 0x0000000080000572 (0x15df1963)
core   0: 0x0000000080000576 (0x00004201) c.li    tp, 0
0 0x0000000080000576 (0x00004201) x 4 0x0000000000000000
core   0: 0x0000000080000578 (0x0f0f1137) lui     sp, 0xf0f1
0 0x0000000080000578 (0x0f0f1137) x 2 0x000000000f0f1000
core   0: 0x000000008000057c (0xf0f1011b) addiw   sp, sp, -241
0 0x000000008000057c (0xf0f1011b) x 2 0x000000000f0f0f0f
core   0: 0x0000000080000580 (0x00000001) c.nop
0 0x0000000080000580 (0x00000001)
core   0: 0x0000000080000582 (0x000100b7) lui     ra, 0x10
0 0x0000000080000582 (0x000100b7) x 1 0x0000000000010000
core   0: 0x0000000080000586 (0xf010809b) addiw   ra, ra, -255
0 0x0000000080000586 (0xf010809b) x 1 0x000000000000ff01
core   0: 0x000000008000058a (0x01009093) slli    ra, ra, 16
0 0x000000008000058a (0x01009093) x 1 0x00000000ff010000
core   0: 0x000000008000058e (0xf0008093) addi    ra, ra, -256
0 0x000000008000058e (0xf0008093) x 1 0x00000000ff00ff00
core   0: 0x0000000080000592 (0x0020ff33) and     t5, ra, sp
0 0x0000000080000592 (0x0020ff33) x30 0x000000000f000f00
core   0: 0x0000000080000596 (0x00000205) c.addi  tp, 1
0 0x0000000080000596 (0x00000205) x 4 0x0000000000000001
core   0: 0x0000000080000598 (0x00004289) c.li    t0, 2
0 0x0000000080000598 (0x00004289) x 5 0x0000000000000002
core   0: 0x000000008000059a (0xfc521fe3) bne     tp, t0, pc - 34
0 0x000000008000059a (0xfc521fe3)
core   0: 0x0000000080000578 (0x0f0f1137) lui     sp, 0xf0f1
0 0x0000000080000578 (0x0f0f1137) x 2 0x000000000f0f1000
core   0: 0x000000008000057c (0xf0f1011b) addiw   sp, sp, -241
0 0x000000008000057c (0xf0f1011b) x 2 0x000000000f0f0f0f
core   0: 0x0000000080000580 (0x00000001) c.nop
0 0x0000000080000580 (0x00000001)
core   0: 0x0000000080000582 (0x000100b7) lui     ra, 0x10
0 0x0000000080000582 (0x000100b7) x 1 0x0000000000010000
core   0: 0x0000000080000586 (0xf010809b) addiw   ra, ra, -255
0 0x0000000080000586 (0xf010809b) x 1 0x000000000000ff01
core   0: 0x000000008000058a (0x01009093) slli    ra, ra, 16
0 0x000000008000058a (0x01009093) x 1 0x00000000ff010000
core   0: 0x000000008000058e (0xf0008093) addi    ra, ra, -256
0 0x000000008000058e (0xf0008093) x 1 0x00000000ff00ff00
core   0: 0x0000000080000592 (0x0020ff33) and     t5, ra, sp
0 0x0000000080000592 (0x0020ff33) x30 0x000000000f000f00
core   0: 0x0000000080000596 (0x00000205) c.addi  tp, 1
0 0x0000000080000596 (0x00000205) x 4 0x0000000000000002
core   0: 0x0000000080000598 (0x00004289) c.li    t0, 2
0 0x0000000080000598 (0x00004289) x 5 0x0000000000000002
core   0: 0x000000008000059a (0xfc521fe3) bne     tp, t0, pc - 34
0 0x000000008000059a (0xfc521fe3)
core   0: 0x000000008000059e (0x0f001eb7) lui     t4, 0xf001
0 0x000000008000059e (0x0f001eb7) x29 0x000000000f001000
core   0: 0x00000000800005a2 (0xf00e8e9b) addiw   t4, t4, -256
0 0x00000000800005a2 (0xf00e8e9b) x29 0x000000000f000f00
core   0: 0x00000000800005a6 (0x000041d5) c.li    gp, 21
0 0x00000000800005a6 (0x000041d5) x 3 0x0000000000000015
core   0: 0x00000000800005a8 (0x00002e17) auipc   t3, 0x2
0 0x00000000800005a8 (0x00002e17) x28 0x00000000800025a8
core   0: 0x00000000800005ac (0xa58e0e13) addi    t3, t3, -1448
0 0x00000000800005ac (0xa58e0e13) x28 0x0000000080002000
core   0: 0x00000000800005b0 (0x05ee2a23) sw      t5, 84(t3)
0 0x00000000800005b0 (0x05ee2a23)
core   0: 0x00000000800005b4 (0x11df1863) bne     t5, t4, pc + 272
0 0x00000000800005b4 (0x11df1863)
core   0: 0x00000000800005b8 (0x00004201) c.li    tp, 0
0 0x00000000800005b8 (0x00004201) x 4 0x0000000000000000
core   0: 0x00000000800005ba (0x000f1137) lui     sp, 0xf1
0 0x00000000800005ba (0x000f1137) x 2 0x00000000000f1000
core   0: 0x00000000800005be (0xf0f1011b) addiw   sp, sp, -241
0 0x00000000800005be (0xf0f1011b) x 2 0x00000000000f0f0f
core   0: 0x00000000800005c2 (0x00c11113) slli    sp, sp, 12
0 0x00000000800005c2 (0x00c11113) x 2 0x00000000f0f0f000
core   0: 0x00000000800005c6 (0x0f010113) addi    sp, sp, 240
0 0x00000000800005c6 (0x0f010113) x 2 0x00000000f0f0f0f0
core   0: 0x00000000800005ca (0x00000001) c.nop
0 0x00000000800005ca (0x00000001)
core   0: 0x00000000800005cc (0x0ff010b7) lui     ra, 0xff01
0 0x00000000800005cc (0x0ff010b7) x 1 0x000000000ff01000
core   0: 0x00000000800005d0 (0xff00809b) addiw   ra, ra, -16
0 0x00000000800005d0 (0xff00809b) x 1 0x000000000ff00ff0
core   0: 0x00000000800005d4 (0x00000001) c.nop
0 0x00000000800005d4 (0x00000001)
core   0: 0x00000000800005d6 (0x0020ff33) and     t5, ra, sp
0 0x00000000800005d6 (0x0020ff33) x30 0x0000000000f000f0
core   0: 0x00000000800005da (0x00000205) c.addi  tp, 1
0 0x00000000800005da (0x00000205) x 4 0x0000000000000001
core   0: 0x00000000800005dc (0x00004289) c.li    t0, 2
0 0x00000000800005dc (0x00004289) x 5 0x0000000000000002
core   0: 0x00000000800005de (0xfc521ee3) bne     tp, t0, pc - 36
0 0x00000000800005de (0xfc521ee3)
core   0: 0x00000000800005ba (0x000f1137) lui     sp, 0xf1
0 0x00000000800005ba (0x000f1137) x 2 0x00000000000f1000
core   0: 0x00000000800005be (0xf0f1011b) addiw   sp, sp, -241
0 0x00000000800005be (0xf0f1011b) x 2 0x00000000000f0f0f
core   0: 0x00000000800005c2 (0x00c11113) slli    sp, sp, 12
0 0x00000000800005c2 (0x00c11113) x 2 0x00000000f0f0f000
core   0: 0x00000000800005c6 (0x0f010113) addi    sp, sp, 240
0 0x00000000800005c6 (0x0f010113) x 2 0x00000000f0f0f0f0
core   0: 0x00000000800005ca (0x00000001) c.nop
0 0x00000000800005ca (0x00000001)
core   0: 0x00000000800005cc (0x0ff010b7) lui     ra, 0xff01
0 0x00000000800005cc (0x0ff010b7) x 1 0x000000000ff01000
core   0: 0x00000000800005d0 (0xff00809b) addiw   ra, ra, -16
0 0x00000000800005d0 (0xff00809b) x 1 0x000000000ff00ff0
core   0: 0x00000000800005d4 (0x00000001) c.nop
0 0x00000000800005d4 (0x00000001)
core   0: 0x00000000800005d6 (0x0020ff33) and     t5, ra, sp
0 0x00000000800005d6 (0x0020ff33) x30 0x0000000000f000f0
core   0: 0x00000000800005da (0x00000205) c.addi  tp, 1
0 0x00000000800005da (0x00000205) x 4 0x0000000000000002
core   0: 0x00000000800005dc (0x00004289) c.li    t0, 2
0 0x00000000800005dc (0x00004289) x 5 0x0000000000000002
core   0: 0x00000000800005de (0xfc521ee3) bne     tp, t0, pc - 36
0 0x00000000800005de (0xfc521ee3)
core   0: 0x00000000800005e2 (0x00f00eb7) lui     t4, 0xf00
0 0x00000000800005e2 (0x00f00eb7) x29 0x0000000000f00000
core   0: 0x00000000800005e6 (0x0f0e8e9b) addiw   t4, t4, 240
0 0x00000000800005e6 (0x0f0e8e9b) x29 0x0000000000f000f0
core   0: 0x00000000800005ea (0x000041d9) c.li    gp, 22
0 0x00000000800005ea (0x000041d9) x 3 0x0000000000000016
core   0: 0x00000000800005ec (0x00002e17) auipc   t3, 0x2
0 0x00000000800005ec (0x00002e17) x28 0x00000000800025ec
core   0: 0x00000000800005f0 (0xa14e0e13) addi    t3, t3, -1516
0 0x00000000800005f0 (0xa14e0e13) x28 0x0000000080002000
core   0: 0x00000000800005f4 (0x05ee2c23) sw      t5, 88(t3)
0 0x00000000800005f4 (0x05ee2c23)
core   0: 0x00000000800005f8 (0x0ddf1663) bne     t5, t4, pc + 204
0 0x00000000800005f8 (0x0ddf1663)
core   0: 0x00000000800005fc (0x00004201) c.li    tp, 0
0 0x00000000800005fc (0x00004201) x 4 0x0000000000000000
core   0: 0x00000000800005fe (0x0f0f1137) lui     sp, 0xf0f1
0 0x00000000800005fe (0x0f0f1137) x 2 0x000000000f0f1000
core   0: 0x0000000080000602 (0xf0f1011b) addiw   sp, sp, -241
0 0x0000000080000602 (0xf0f1011b) x 2 0x000000000f0f0f0f
core   0: 0x0000000080000606 (0x00000001) c.nop
0 0x0000000080000606 (0x00000001)
core   0: 0x0000000080000608 (0x00000001) c.nop
0 0x0000000080000608 (0x00000001)
core   0: 0x000000008000060a (0x00ff00b7) lui     ra, 0xff0
0 0x000000008000060a (0x00ff00b7) x 1 0x0000000000ff0000
core   0: 0x000000008000060e (0x0ff0809b) addiw   ra, ra, 255
0 0x000000008000060e (0x0ff0809b) x 1 0x0000000000ff00ff
core   0: 0x0000000080000612 (0x0020ff33) and     t5, ra, sp
0 0x0000000080000612 (0x0020ff33) x30 0x00000000000f000f
core   0: 0x0000000080000616 (0x00000205) c.addi  tp, 1
0 0x0000000080000616 (0x00000205) x 4 0x0000000000000001
core   0: 0x0000000080000618 (0x00004289) c.li    t0, 2
0 0x0000000080000618 (0x00004289) x 5 0x0000000000000002
core   0: 0x000000008000061a (0xfe5212e3) bne     tp, t0, pc - 28
0 0x000000008000061a (0xfe5212e3)
core   0: 0x00000000800005fe (0x0f0f1137) lui     sp, 0xf0f1
0 0x00000000800005fe (0x0f0f1137) x 2 0x000000000f0f1000
core   0: 0x0000000080000602 (0xf0f1011b) addiw   sp, sp, -241
0 0x0000000080000602 (0xf0f1011b) x 2 0x000000000f0f0f0f
core   0: 0x0000000080000606 (0x00000001) c.nop
0 0x0000000080000606 (0x00000001)
core   0: 0x0000000080000608 (0x00000001) c.nop
0 0x0000000080000608 (0x00000001)
core   0: 0x000000008000060a (0x00ff00b7) lui     ra, 0xff0
0 0x000000008000060a (0x00ff00b7) x 1 0x0000000000ff0000
core   0: 0x000000008000060e (0x0ff0809b) addiw   ra, ra, 255
0 0x000000008000060e (0x0ff0809b) x 1 0x0000000000ff00ff
core   0: 0x0000000080000612 (0x0020ff33) and     t5, ra, sp
0 0x0000000080000612 (0x0020ff33) x30 0x00000000000f000f
core   0: 0x0000000080000616 (0x00000205) c.addi  tp, 1
0 0x0000000080000616 (0x00000205) x 4 0x0000000000000002
core   0: 0x0000000080000618 (0x00004289) c.li    t0, 2
0 0x0000000080000618 (0x00004289) x 5 0x0000000000000002
core   0: 0x000000008000061a (0xfe5212e3) bne     tp, t0, pc - 28
0 0x000000008000061a (0xfe5212e3)
core   0: 0x000000008000061e (0x000f0eb7) lui     t4, 0xf0
0 0x000000008000061e (0x000f0eb7) x29 0x00000000000f0000
core   0: 0x0000000080000622 (0x00fe8e9b) addiw   t4, t4, 15
0 0x0000000080000622 (0x00fe8e9b) x29 0x00000000000f000f
core   0: 0x0000000080000626 (0x000041dd) c.li    gp, 23
0 0x0000000080000626 (0x000041dd) x 3 0x0000000000000017
core   0: 0x0000000080000628 (0x00002e17) auipc   t3, 0x2
0 0x0000000080000628 (0x00002e17) x28 0x0000000080002628
core   0: 0x000000008000062c (0x9d8e0e13) addi    t3, t3, -1576
0 0x000000008000062c (0x9d8e0e13) x28 0x0000000080002000
core   0: 0x0000000080000630 (0x05ee2e23) sw      t5, 92(t3)
0 0x0000000080000630 (0x05ee2e23)
core   0: 0x0000000080000634 (0x09df1863) bne     t5, t4, pc + 144
0 0x0000000080000634 (0x09df1863)
core   0: 0x0000000080000638 (0x000100b7) lui     ra, 0x10
0 0x0000000080000638 (0x000100b7) x 1 0x0000000000010000
core   0: 0x000000008000063c (0xf010809b) addiw   ra, ra, -255
0 0x000000008000063c (0xf010809b) x 1 0x000000000000ff01
core   0: 0x0000000080000640 (0x01009093) slli    ra, ra, 16
0 0x0000000080000640 (0x01009093) x 1 0x00000000ff010000
core   0: 0x0000000080000644 (0xf0008093) addi    ra, ra, -256
0 0x0000000080000644 (0xf0008093) x 1 0x00000000ff00ff00
core   0: 0x0000000080000648 (0x00107133) and     sp, zero, ra
0 0x0000000080000648 (0x00107133) x 2 0x0000000000000000
core   0: 0x000000008000064c (0x00004e81) c.li    t4, 0
0 0x000000008000064c (0x00004e81) x29 0x0000000000000000
core   0: 0x000000008000064e (0x000041e1) c.li    gp, 24
0 0x000000008000064e (0x000041e1) x 3 0x0000000000000018
core   0: 0x0000000080000650 (0x00002e17) auipc   t3, 0x2
0 0x0000000080000650 (0x00002e17) x28 0x0000000080002650
core   0: 0x0000000080000654 (0x9b0e0e13) addi    t3, t3, -1616
0 0x0000000080000654 (0x9b0e0e13) x28 0x0000000080002000
core   0: 0x0000000080000658 (0x062e2023) sw      sp, 96(t3)
0 0x0000000080000658 (0x062e2023)
core   0: 0x000000008000065c (0x07d11463) bne     sp, t4, pc + 104
0 0x000000008000065c (0x07d11463)
core   0: 0x0000000080000660 (0x00ff00b7) lui     ra, 0xff0
0 0x0000000080000660 (0x00ff00b7) x 1 0x0000000000ff0000
core   0: 0x0000000080000664 (0x0ff0809b) addiw   ra, ra, 255
0 0x0000000080000664 (0x0ff0809b) x 1 0x0000000000ff00ff
core   0: 0x0000000080000668 (0x0000f133) and     sp, ra, zero
0 0x0000000080000668 (0x0000f133) x 2 0x0000000000000000
core   0: 0x000000008000066c (0x00004e81) c.li    t4, 0
0 0x000000008000066c (0x00004e81) x29 0x0000000000000000
core   0: 0x000000008000066e (0x000041e5) c.li    gp, 25
0 0x000000008000066e (0x000041e5) x 3 0x0000000000000019
core   0: 0x0000000080000670 (0x00002e17) auipc   t3, 0x2
0 0x0000000080000670 (0x00002e17) x28 0x0000000080002670
core   0: 0x0000000080000674 (0x990e0e13) addi    t3, t3, -1648
0 0x0000000080000674 (0x990e0e13) x28 0x0000000080002000
core   0: 0x0000000080000678 (0x062e2223) sw      sp, 100(t3)
0 0x0000000080000678 (0x062e2223)
core   0: 0x000000008000067c (0x05d11463) bne     sp, t4, pc + 72
0 0x000000008000067c (0x05d11463)
core   0: 0x0000000080000680 (0x000070b3) and     ra, zero, zero
0 0x0000000080000680 (0x000070b3) x 1 0x0000000000000000
core   0: 0x0000000080000684 (0x00004e81) c.li    t4, 0
0 0x0000000080000684 (0x00004e81) x29 0x0000000000000000
core   0: 0x0000000080000686 (0x000041e9) c.li    gp, 26
0 0x0000000080000686 (0x000041e9) x 3 0x000000000000001a
core   0: 0x0000000080000688 (0x00002e17) auipc   t3, 0x2
0 0x0000000080000688 (0x00002e17) x28 0x0000000080002688
core   0: 0x000000008000068c (0x978e0e13) addi    t3, t3, -1672
0 0x000000008000068c (0x978e0e13) x28 0x0000000080002000
core   0: 0x0000000080000690 (0x061e2423) sw      ra, 104(t3)
0 0x0000000080000690 (0x061e2423)
core   0: 0x0000000080000694 (0x03d09863) bne     ra, t4, pc + 48
0 0x0000000080000694 (0x03d09863)
core   0: 0x0000000080000698 (0x111110b7) lui     ra, 0x11111
0 0x0000000080000698 (0x111110b7) x 1 0x0000000011111000
core   0: 0x000000008000069c (0x1110809b) addiw   ra, ra, 273
0 0x000000008000069c (0x1110809b) x 1 0x0000000011111111
core   0: 0x00000000800006a0 (0x22222137) lui     sp, 0x22222
0 0x00000000800006a0 (0x22222137) x 2 0x0000000022222000
core   0: 0x00000000800006a4 (0x2221011b) addiw   sp, sp, 546
0 0x00000000800006a4 (0x2221011b) x 2 0x0000000022222222
core   0: 0x00000000800006a8 (0x0020f033) and     zero, ra, sp
0 0x00000000800006a8 (0x0020f033)
core   0: 0x00000000800006ac (0x00004e81) c.li    t4, 0
0 0x00000000800006ac (0x00004e81) x29 0x0000000000000000
core   0: 0x00000000800006ae (0x000041ed) c.li    gp, 27
0 0x00000000800006ae (0x000041ed) x 3 0x000000000000001b
core   0: 0x00000000800006b0 (0x00002e17) auipc   t3, 0x2
0 0x00000000800006b0 (0x00002e17) x28 0x00000000800026b0
core   0: 0x00000000800006b4 (0x950e0e13) addi    t3, t3, -1712
0 0x00000000800006b4 (0x950e0e13) x28 0x0000000080002000
core   0: 0x00000000800006b8 (0x060e2623) sw      zero, 108(t3)
0 0x00000000800006b8 (0x060e2623)
core   0: 0x00000000800006bc (0x01d01463) bne     zero, t4, pc + 8
0 0x00000000800006bc (0x01d01463)
core   0: 0x00000000800006c0 (0x00301d63) bne     zero, gp, pc + 26
0 0x00000000800006c0 (0x00301d63)
core   0: 0x00000000800006da (0x0ff0000f) fence   iorw,iorw
0 0x00000000800006da (0x0ff0000f)
core   0: 0x00000000800006de (0x00004185) c.li    gp, 1
0 0x00000000800006de (0x00004185) x 3 0x0000000000000001
core   0: 0x00000000800006e0 (0x00002e17) auipc   t3, 0x2
0 0x00000000800006e0 (0x00002e17) x28 0x00000000800026e0
core   0: 0x00000000800006e4 (0x920e0e13) addi    t3, t3, -1760
0 0x00000000800006e4 (0x920e0e13) x28 0x0000000080002000
core   0: 0x00000000800006e8 (0x003e2023) sw      gp, 0(t3)
0 0x00000000800006e8 (0x003e2023)
core   0: 0x00000000800006ec (0x00000073) ecall
0 0x00000000800006ec (0x00000073)
