core   0: 0x0000000000010000 (0x00100413) li      s0, 1
3 0x0000000000010000 (0x00100413) x 8 0x0000000000000001
core   0: 0x0000000000010004 (0x01f41413) slli    s0, s0, 31
3 0x0000000000010004 (0x01f41413) x 8 0x0000000080000000
core   0: 0x0000000000010008 (0xf1402573) csrr    a0, mhartid
3 0x0000000000010008 (0xf1402573) x10 0x0000000000000000
core   0: 0x000000000001000c (0x00000597) auipc   a1, 0x0
3 0x000000000001000c (0x00000597) x11 0x000000000001000c
core   0: 0x0000000000010010 (0x07458593) addi    a1, a1, 116
3 0x0000000000010010 (0x07458593) x11 0x0000000000010080
core   0: 0x0000000000010014 (0x00040067) jr      s0
3 0x0000000000010014 (0x00040067)
core   0: 0x0000000080000000 (0x0000a081) c.j     pc + 64
3 0x0000000080000000 (0x0000a081)
core   0: 0x0000000080000040 (0xf1402573) csrr    a0, mhartid
3 0x0000000080000040 (0xf1402573) x10 0x0000000000000000
core   0: 0x0000000080000044 (0x0000e101) c.bnez  a0, pc + 0
3 0x0000000080000044 (0x0000e101)
core   0: 0x0000000080000046 (0x00000297) auipc   t0, 0x0
3 0x0000000080000046 (0x00000297) x 5 0x0000000080000046
core   0: 0x000000008000004a (0x01228293) addi    t0, t0, 18
3 0x000000008000004a (0x01228293) x 5 0x0000000080000058
core   0: 0x000000008000004e (0x30529073) csrw    mtvec, t0
3 0x000000008000004e (0x30529073)
core   0: 0x0000000080000052 (0x18005073) csrwi   satp, 0
3 0x0000000080000052 (0x18005073)
core   0: 0x0000000080000056 (0x00000001) c.nop
3 0x0000000080000056 (0x00000001)
core   0: 0x0000000080000058 (0x00000297) auipc   t0, 0x0
3 0x0000000080000058 (0x00000297) x 5 0x0000000080000058
core   0: 0x000000008000005c (0x01828293) addi    t0, t0, 24
3 0x000000008000005c (0x01828293) x 5 0x0000000080000070
core   0: 0x0000000080000060 (0x30529073) csrw    mtvec, t0
3 0x0000000080000060 (0x30529073)
core   0: 0x0000000080000064 (0x000052fd) c.li    t0, -1
3 0x0000000080000064 (0x000052fd) x 5 0xffffffffffffffff
core   0: 0x0000000080000066 (0x3b029073) csrw    pmpaddr0, t0
3 0x0000000080000066 (0x3b029073)
core   0: 0x000000008000006a (0x000042fd) c.li    t0, 31
3 0x000000008000006a (0x000042fd) x 5 0x000000000000001f
core   0: 0x000000008000006c (0x3a029073) csrw    pmpcfg0, t0
3 0x000000008000006c (0x3a029073)
core   0: 0x0000000080000070 (0x00000297) auipc   t0, 0x0
3 0x0000000080000070 (0x00000297) x 5 0x0000000080000070
core   0: 0x0000000080000074 (0x01828293) addi    t0, t0, 24
3 0x0000000080000074 (0x01828293) x 5 0x0000000080000088
core   0: 0x0000000080000078 (0x30529073) csrw    mtvec, t0
3 0x0000000080000078 (0x30529073)
core   0: 0x000000008000007c (0x30205073) csrwi   medeleg, 0
3 0x000000008000007c (0x30205073)
core   0: 0x0000000080000080 (0x30305073) csrwi   mideleg, 0
3 0x0000000080000080 (0x30305073)
core   0: 0x0000000080000084 (0x30405073) csrwi   mie, 0
3 0x0000000080000084 (0x30405073)
core   0: 0x0000000080000088 (0x00004181) c.li    gp, 0
3 0x0000000080000088 (0x00004181) x 3 0x0000000000000000
core   0: 0x000000008000008a (0x00000297) auipc   t0, 0x0
3 0x000000008000008a (0x00000297) x 5 0x000000008000008a
core   0: 0x000000008000008e (0xf7a28293) addi    t0, t0, -134
3 0x000000008000008e (0xf7a28293) x 5 0x0000000080000004
core   0: 0x0000000080000092 (0x30529073) csrw    mtvec, t0
3 0x0000000080000092 (0x30529073)
core   0: 0x0000000080000096 (0x00004505) c.li    a0, 1
3 0x0000000080000096 (0x00004505) x10 0x0000000000000001
core   0: 0x0000000080000098 (0x0000057e) c.slli  a0, 31
3 0x0000000080000098 (0x0000057e) x10 0x0000000080000000
core   0: 0x000000008000009a (0x00055d63) bgez    a0, pc + 26
3 0x000000008000009a (0x00055d63)
core   0: 0x00000000800000b4 (0x80000297) auipc   t0, 0x80000
3 0x00000000800000b4 (0x80000297) x 5 0x00000000000000b4
core   0: 0x00000000800000b8 (0xf4c28293) addi    t0, t0, -180
3 0x00000000800000b8 (0xf4c28293) x 5 0x0000000000000000
core   0: 0x00000000800000bc (0x00028e63) beqz    t0, pc + 28
3 0x00000000800000bc (0x00028e63)
core   0: 0x00000000800000d8 (0x30005073) csrwi   mstatus, 0
3 0x00000000800000d8 (0x30005073)
core   0: 0x00000000800000dc (0x00000297) auipc   t0, 0x0
3 0x00000000800000dc (0x00000297) x 5 0x00000000800000dc
core   0: 0x00000000800000e0 (0x01428293) addi    t0, t0, 20
3 0x00000000800000e0 (0x01428293) x 5 0x00000000800000f0
core   0: 0x00000000800000e4 (0x34129073) csrw    mepc, t0
3 0x00000000800000e4 (0x34129073)
core   0: 0x00000000800000e8 (0xf1402573) csrr    a0, mhartid
3 0x00000000800000e8 (0xf1402573) x10 0x0000000000000000
core   0: 0x00000000800000ec (0x30200073) mret
3 0x00000000800000ec (0x30200073)
core   0: 0x00000000800000f0 (0x00004189) c.li    gp, 2
0 0x00000000800000f0 (0x00004189) x 3 0x0000000000000002
core   0: 0x00000000800000f2 (0x00002e17) auipc   t3, 0x2
0 0x00000000800000f2 (0x00002e17) x28 0x00000000800020f2
core   0: 0x00000000800000f6 (0xf0ee0e13) addi    t3, t3, -242
0 0x00000000800000f6 (0xf0ee0e13) x28 0x0000000080002000
core   0: 0x00000000800000fa (0x003e2423) sw      gp, 8(t3)
0 0x00000000800000fa (0x003e2423)
core   0: 0x00000000800000fe (0x00004081) c.li    ra, 0
0 0x00000000800000fe (0x00004081) x 1 0x0000000000000000
core   0: 0x0000000080000100 (0x00004105) c.li    sp, 1
0 0x0000000080000100 (0x00004105) x 2 0x0000000000000001
core   0: 0x0000000080000102 (0x0020e663) bltu    ra, sp, pc + 12
0 0x0000000080000102 (0x0020e663)
core   0: 0x000000008000010e (0xfe20eee3) bltu    ra, sp, pc - 4
0 0x000000008000010e (0xfe20eee3)
core   0: 0x000000008000010a (0x00301663) bne     zero, gp, pc + 12
0 0x000000008000010a (0x00301663)
core   0: 0x0000000080000116 (0x0000418d) c.li    gp, 3
0 0x0000000080000116 (0x0000418d) x 3 0x0000000000000003
core   0: 0x0000000080000118 (0x00002e17) auipc   t3, 0x2
0 0x0000000080000118 (0x00002e17) x28 0x0000000080002118
core   0: 0x000000008000011c (0xee8e0e13) addi    t3, t3, -280
0 0x000000008000011c (0xee8e0e13) x28 0x0000000080002000
core   0: 0x0000000080000120 (0x003e2623) sw      gp, 12(t3)
0 0x0000000080000120 (0x003e2623)
core   0: 0x0000000080000124 (0x0010009b) addiw   ra, zero, 1
0 0x0000000080000124 (0x0010009b) x 1 0x0000000000000001
core   0: 0x0000000080000128 (0x02009093) slli    ra, ra, 32
0 0x0000000080000128 (0x02009093) x 1 0x0000000100000000
core   0: 0x000000008000012c (0xffe08093) addi    ra, ra, -2
0 0x000000008000012c (0xffe08093) x 1 0x00000000fffffffe
core   0: 0x0000000080000130 (0x0010011b) addiw   sp, zero, 1
0 0x0000000080000130 (0x0010011b) x 2 0x0000000000000001
core   0: 0x0000000080000134 (0x02011113) slli    sp, sp, 32
0 0x0000000080000134 (0x02011113) x 2 0x0000000100000000
core   0: 0x0000000080000138 (0xfff10113) addi    sp, sp, -1
0 0x0000000080000138 (0xfff10113) x 2 0x00000000ffffffff
core   0: 0x000000008000013c (0x0020e663) bltu    ra, sp, pc + 12
0 0x000000008000013c (0x0020e663)
core   0: 0x0000000080000148 (0xfe20eee3) bltu    ra, sp, pc - 4
0 0x0000000080000148 (0xfe20eee3)
core   0: 0x0000000080000144 (0x00301663) bne     zero, gp, pc + 12
0 0x0000000080000144 (0x00301663)
core   0: 0x0000000080000150 (0x00004191) c.li    gp, 4
0 0x0000000080000150 (0x00004191) x 3 0x0000000000000004
core   0: 0x0000000080000152 (0x00002e17) auipc   t3, 0x2
0 0x0000000080000152 (0x00002e17) x28 0x0000000080002152
core   0: 0x0000000080000156 (0xeaee0e13) addi    t3, t3, -338
0 0x0000000080000156 (0xeaee0e13) x28 0x0000000080002000
core   0: 0x000000008000015a (0x003e2823) sw      gp, 16(t3)
0 0x000000008000015a (0x003e2823)
core   0: 0x000000008000015e (0x00004081) c.li    ra, 0
0 0x000000008000015e (0x00004081) x 1 0x0000000000000000
core   0: 0x0000000080000160 (0x0010011b) addiw   sp, zero, 1
0 0x0000000080000160 (0x0010011b) x 2 0x0000000000000001
core   0: 0x0000000080000164 (0x02011113) slli    sp, sp, 32
0 0x0000000080000164 (0x02011113) x 2 0x0000000100000000
core   0: 0x0000000080000168 (0xfff10113) addi    sp, sp, -1
0 0x0000000080000168 (0xfff10113) x 2 0x00000000ffffffff
core   0: 0x000000008000016c (0x0020e663) bltu    ra, sp, pc + 12
0 0x000000008000016c (0x0020e663)
core   0: 0x0000000080000178 (0xfe20eee3) bltu    ra, sp, pc - 4
0 0x0000000080000178 (0xfe20eee3)
core   0: 0x0000000080000174 (0x00301663) bne     zero, gp, pc + 12
0 0x0000000080000174 (0x00301663)
core   0: 0x0000000080000180 (0x00004195) c.li    gp, 5
0 0x0000000080000180 (0x00004195) x 3 0x0000000000000005
core   0: 0x0000000080000182 (0x00002e17) auipc   t3, 0x2
0 0x0000000080000182 (0x00002e17) x28 0x0000000080002182
core   0: 0x0000000080000186 (0xe7ee0e13) addi    t3, t3, -386
0 0x0000000080000186 (0xe7ee0e13) x28 0x0000000080002000
core   0: 0x000000008000018a (0x003e2a23) sw      gp, 20(t3)
0 0x000000008000018a (0x003e2a23)
core   0: 0x000000008000018e (0x00004085) c.li    ra, 1
0 0x000000008000018e (0x00004085) x 1 0x0000000000000001
core   0: 0x0000000080000190 (0x00004101) c.li    sp, 0
0 0x0000000080000190 (0x00004101) x 2 0x0000000000000000
core   0: 0x0000000080000192 (0x0020e463) bltu    ra, sp, pc + 8
0 0x0000000080000192 (0x0020e463)
core   0: 0x0000000080000196 (0x00301463) bne     zero, gp, pc + 8
0 0x0000000080000196 (0x00301463)
core   0: 0x000000008000019e (0xfe20eee3) bltu    ra, sp, pc - 4
0 0x000000008000019e (0xfe20eee3)
core   0: 0x00000000800001a2 (0x00004199) c.li    gp, 6
0 0x00000000800001a2 (0x00004199) x 3 0x0000000000000006
core   0: 0x00000000800001a4 (0x00002e17) auipc   t3, 0x2
0 0x00000000800001a4 (0x00002e17) x28 0x00000000800021a4
core   0: 0x00000000800001a8 (0xe5ce0e13) addi    t3, t3, -420
0 0x00000000800001a8 (0xe5ce0e13) x28 0x0000000080002000
core   0: 0x00000000800001ac (0x003e2c23) sw      gp, 24(t3)
0 0x00000000800001ac (0x003e2c23)
core   0: 0x00000000800001b0 (0x0010009b) addiw   ra, zero, 1
0 0x00000000800001b0 (0x0010009b) x 1 0x0000000000000001
core   0: 0x00000000800001b4 (0x02009093) slli    ra, ra, 32
0 0x00000000800001b4 (0x02009093) x 1 0x0000000100000000
core   0: 0x00000000800001b8 (0xfff08093) addi    ra, ra, -1
0 0x00000000800001b8 (0xfff08093) x 1 0x00000000ffffffff
core   0: 0x00000000800001bc (0x0010011b) addiw   sp, zero, 1
0 0x00000000800001bc (0x0010011b) x 2 0x0000000000000001
core   0: 0x00000000800001c0 (0x02011113) slli    sp, sp, 32
0 0x00000000800001c0 (0x02011113) x 2 0x0000000100000000
core   0: 0x00000000800001c4 (0xffe10113) addi    sp, sp, -2
0 0x00000000800001c4 (0xffe10113) x 2 0x00000000fffffffe
core   0: 0x00000000800001c8 (0x0020e463) bltu    ra, sp, pc + 8
0 0x00000000800001c8 (0x0020e463)
core   0: 0x00000000800001cc (0x00301463) bne     zero, gp, pc + 8
0 0x00000000800001cc (0x00301463)
core   0: 0x00000000800001d4 (0xfe20eee3) bltu    ra, sp, pc - 4
0 0x00000000800001d4 (0xfe20eee3)
core   0: 0x00000000800001d8 (0x0000419d) c.li    gp, 7
0 0x00000000800001d8 (0x0000419d) x 3 0x0000000000000007
core   0: 0x00000000800001da (0x00002e17) auipc   t3, 0x2
0 0x00000000800001da (0x00002e17) x28 0x00000000800021da
core   0: 0x00000000800001de (0xe26e0e13) addi    t3, t3, -474
0 0x00000000800001de (0xe26e0e13) x28 0x0000000080002000
core   0: 0x00000000800001e2 (0x003e2e23) sw      gp, 28(t3)
0 0x00000000800001e2 (0x003e2e23)
core   0: 0x00000000800001e6 (0x0010009b) addiw   ra, zero, 1
0 0x00000000800001e6 (0x0010009b) x 1 0x0000000000000001
core   0: 0x00000000800001ea (0x02009093) slli    ra, ra, 32
0 0x00000000800001ea (0x02009093) x 1 0x0000000100000000
core   0: 0x00000000800001ee (0xfff08093) addi    ra, ra, -1
0 0x00000000800001ee (0xfff08093) x 1 0x00000000ffffffff
core   0: 0x00000000800001f2 (0x00004101) c.li    sp, 0
0 0x00000000800001f2 (0x00004101) x 2 0x0000000000000000
core   0: 0x00000000800001f4 (0x0020e463) bltu    ra, sp, pc + 8
0 0x00000000800001f4 (0x0020e463)
core   0: 0x00000000800001f8 (0x00301463) bne     zero, gp, pc + 8
0 0x00000000800001f8 (0x00301463)
core   0: 0x0000000080000200 (0xfe20eee3) bltu    ra, sp, pc - 4
0 0x0000000080000200 (0xfe20eee3)
core   0: 0x0000000080000204 (0x000041a1) c.li    gp, 8
0 0x0000000080000204 (0x000041a1) x 3 0x0000000000000008
core   0: 0x0000000080000206 (0x00002e17) auipc   t3, 0x2
0 0x0000000080000206 (0x00002e17) x28 0x0000000080002206
core   0: 0x000000008000020a (0xdfae0e13) addi    t3, t3, -518
0 0x000000008000020a (0xdfae0e13) x28 0x0000000080002000
core   0: 0x000000008000020e (0x023e2023) sw      gp, 32(t3)
0 0x000000008000020e (0x023e2023)
core   0: 0x0000000080000212 (0x0010009b) addiw   ra, zero, 1
0 0x0000000080000212 (0x0010009b) x 1 0x0000000000000001
core   0: 0x0000000080000216 (0x01f09093) slli    ra, ra, 31
0 0x0000000080000216 (0x01f09093) x 1 0x0000000080000000
core   0: 0x000000008000021a (0x80000137) lui     sp, 0x80000
0 0x000000008000021a (0x80000137) x 2 0xffffffff80000000
core   0: 0x000000008000021e (0xfff1011b) addiw   sp, sp, -1
0 0x000000008000021e (0xfff1011b) x 2 0x000000007fffffff
core   0: 0x0000000080000222 (0x0020e463) bltu    ra, sp, pc + 8
0 0x0000000080000222 (0x0020e463)
core   0: 0x0000000080000226 (0x00301463) bne     zero, gp, pc + 8
0 0x0000000080000226 (0x00301463)
core   0: 0x000000008000022e (0xfe20eee3) bltu    ra, sp, pc - 4
0 0x000000008000022e (0xfe20eee3)
core   0: 0x0000000080000232 (0x000041a5) c.li    gp, 9
0 0x0000000080000232 (0x000041a5) x 3 0x0000000000000009
core   0: 0x0000000080000234 (0x00002e17) auipc   t3, 0x2
0 0x0000000080000234 (0x00002e17) x28 0x0000000080002234
core   0: 0x0000000080000238 (0xdcce0e13) addi    t3, t3, -564
0 0x0000000080000238 (0xdcce0e13) x28 0x0000000080002000
core   0: 0x000000008000023c (0x023e2223) sw      gp, 36(t3)
0 0x000000008000023c (0x023e2223)
core   0: 0x0000000080000240 (0x00004201) c.li    tp, 0
0 0x0000000080000240 (0x00004201) x 4 0x0000000000000000
core   0: 0x0000000080000242 (0x00f0009b) addiw   ra, zero, 15
0 0x0000000080000242 (0x00f0009b) x 1 0x000000000000000f
core   0: 0x0000000080000246 (0x01c09093) slli    ra, ra, 28
0 0x0000000080000246 (0x01c09093) x 1 0x00000000f0000000
core   0: 0x000000008000024a (0x00f0011b) addiw   sp, zero, 15
0 0x000000008000024a (0x00f0011b) x 2 0x000000000000000f
core   0: 0x000000008000024e (0x01c11113) slli    sp, sp, 28
0 0x000000008000024e (0x01c11113) x 2 0x00000000f0000000
core   0: 0x0000000080000252 (0xfff10113) addi    sp, sp, -1
0 0x0000000080000252 (0xfff10113) x 2 0x00000000efffffff
core   0: 0x0000000080000256 (0x2620e363) bltu    ra, sp, pc + 614
0 0x0000000080000256 (0x2620e363)
core   0: 0x000000008000025a (0x00000205) c.addi  tp, 1
0 0x000000008000025a (0x00000205) x 4 0x0000000000000001
core   0: 0x000000008000025c (0x00004289) c.li    t0, 2
0 0x000000008000025c (0x00004289) x 5 0x0000000000000002
core   0: 0x000000008000025e (0xfe5212e3) bne     tp, t0, pc - 28
0 0x000000008000025e (0xfe5212e3)
core   0: 0x0000000080000242 (0x00f0009b) addiw   ra, zero, 15
0 0x0000000080000242 (0x00f0009b) x 1 0x000000000000000f
core   0: 0x0000000080000246 (0x01c09093) slli    ra, ra, 28
0 0x0000000080000246 (0x01c09093) x 1 0x00000000f0000000
core   0: 0x000000008000024a (0x00f0011b) addiw   sp, zero, 15
0 0x000000008000024a (0x00f0011b) x 2 0x000000000000000f
core   0: 0x000000008000024e (0x01c11113) slli    sp, sp, 28
0 0x000000008000024e (0x01c11113) x 2 0x00000000f0000000
core   0: 0x0000000080000252 (0xfff10113) addi    sp, sp, -1
0 0x0000000080000252 (0xfff10113) x 2 0x00000000efffffff
core   0: 0x0000000080000256 (0x2620e363) bltu    ra, sp, pc + 614
0 0x0000000080000256 (0x2620e363)
core   0: 0x000000008000025a (0x00000205) c.addi  tp, 1
0 0x000000008000025a (0x00000205) x 4 0x0000000000000002
core   0: 0x000000008000025c (0x00004289) c.li    t0, 2
0 0x000000008000025c (0x00004289) x 5 0x0000000000000002
core   0: 0x000000008000025e (0xfe5212e3) bne     tp, t0, pc - 28
0 0x000000008000025e (0xfe5212e3)
core   0: 0x0000000080000262 (0x000041a9) c.li    gp, 10
0 0x0000000080000262 (0x000041a9) x 3 0x000000000000000a
core   0: 0x0000000080000264 (0x00002e17) auipc   t3, 0x2
0 0x0000000080000264 (0x00002e17) x28 0x0000000080002264
core   0: 0x0000000080000268 (0xd9ce0e13) addi    t3, t3, -612
0 0x0000000080000268 (0xd9ce0e13) x28 0x0000000080002000
core   0: 0x000000008000026c (0x023e2423) sw      gp, 40(t3)
0 0x000000008000026c (0x023e2423)
core   0: 0x0000000080000270 (0x00004201) c.li    tp, 0
0 0x0000000080000270 (0x00004201) x 4 0x0000000000000000
core   0: 0x0000000080000272 (0x00f0009b) addiw   ra, zero, 15
0 0x0000000080000272 (0x00f0009b) x 1 0x000000000000000f
core   0: 0x0000000080000276 (0x01c09093) slli    ra, ra, 28
0 0x0000000080000276 (0x01c09093) x 1 0x00000000f0000000
core   0: 0x000000008000027a (0x00f0011b) addiw   sp, zero, 15
0 0x000000008000027a (0x00f0011b) x 2 0x000000000000000f
core   0: 0x000000008000027e (0x01c11113) slli    sp, sp, 28
0 0x000000008000027e (0x01c11113) x 2 0x00000000f0000000
core   0: 0x0000000080000282 (0xfff10113) addi    sp, sp, -1
0 0x0000000080000282 (0xfff10113) x 2 0x00000000efffffff
core   0: 0x0000000080000286 (0x00000001) c.nop
0 0x0000000080000286 (0x00000001)
core   0: 0x0000000080000288 (0x2220ea63) bltu    ra, sp, pc + 564
0 0x0000000080000288 (0x2220ea63)
core   0: 0x000000008000028c (0x00000205) c.addi  tp, 1
0 0x000000008000028c (0x00000205) x 4 0x0000000000000001
core   0: 0x000000008000028e (0x00004289) c.li    t0, 2
0 0x000000008000028e (0x00004289) x 5 0x0000000000000002
core   0: 0x0000000080000290 (0xfe5211e3) bne     tp, t0, pc - 30
0 0x0000000080000290 (0xfe5211e3)
core   0: 0x0000000080000272 (0x00f0009b) addiw   ra, zero, 15
0 0x0000000080000272 (0x00f0009b) x 1 0x000000000000000f
core   0: 0x0000000080000276 (0x01c09093) slli    ra, ra, 28
0 0x0000000080000276 (0x01c09093) x 1 0x00000000f0000000
core   0: 0x000000008000027a (0x00f0011b) addiw   sp, zero, 15
0 0x000000008000027a (0x00f0011b) x 2 0x000000000000000f
core   0: 0x000000008000027e (0x01c11113) slli    sp, sp, 28
0 0x000000008000027e (0x01c11113) x 2 0x00000000f0000000
core   0: 0x0000000080000282 (0xfff10113) addi    sp, sp, -1
0 0x0000000080000282 (0xfff10113) x 2 0x00000000efffffff
core   0: 0x0000000080000286 (0x00000001) c.nop
0 0x0000000080000286 (0x00000001)
core   0: 0x0000000080000288 (0x2220ea63) bltu    ra, sp, pc + 564
0 0x0000000080000288 (0x2220ea63)
core   0: 0x000000008000028c (0x00000205) c.addi  tp, 1
0 0x000000008000028c (0x00000205) x 4 0x0000000000000002
core   0: 0x000000008000028e (0x00004289) c.li    t0, 2
0 0x000000008000028e (0x00004289) x 5 0x0000000000000002
core   0: 0x0000000080000290 (0xfe5211e3) bne     tp, t0, pc - 30
0 0x0000000080000290 (0xfe5211e3)
core   0: 0x0000000080000294 (0x000041ad) c.li    gp, 11
0 0x0000000080000294 (0x000041ad) x 3 0x000000000000000b
core   0: 0x0000000080000296 (0x00002e17) auipc   t3, 0x2
0 0x0000000080000296 (0x00002e17) x28 0x0000000080002296
core   0: 0x000000008000029a (0xd6ae0e13) addi    t3, t3, -662
0 0x000000008000029a (0xd6ae0e13) x28 0x0000000080002000
core   0: 0x000000008000029e (0x023e2623) sw      gp, 44(t3)
0 0x000000008000029e (0x023e2623)
core   0: 0x00000000800002a2 (0x00004201) c.li    tp, 0
0 0x00000000800002a2 (0x00004201) x 4 0x0000000000000000
core   0: 0x00000000800002a4 (0x00f0009b) addiw   ra, zero, 15
0 0x00000000800002a4 (0x00f0009b) x 1 0x000000000000000f
core   0: 0x00000000800002a8 (0x01c09093) slli    ra, ra, 28
0 0x00000000800002a8 (0x01c09093) x 1 0x00000000f0000000
core   0: 0x00000000800002ac (0x00f0011b) addiw   sp, zero, 15
0 0x00000000800002ac (0x00f0011b) x 2 0x000000000000000f
core   0: 0x00000000800002b0 (0x01c11113) slli    sp, sp, 28
0 0x00000000800002b0 (0x01c11113) x 2 0x00000000f0000000
core   0: 0x00000000800002b4 (0xfff10113) addi    sp, sp, -1
0 0x00000000800002b4 (0xfff10113) x 2 0x00000000efffffff
core   0: 0x00000000800002b8 (0x00000001) c.nop
0 0x00000000800002b8 (0x00000001)
core   0: 0x00000000800002ba (0x00000001) c.nop
0 0x00000000800002ba (0x00000001)
core   0: 0x00000000800002bc (0x2020e063) bltu    ra, sp, pc + 512
0 0x00000000800002bc (0x2020e063)
core   0: 0x00000000800002c0 (0x00000205) c.addi  tp, 1
0 0x00000000800002c0 (0x00000205) x 4 0x0000000000000001
core   0: 0x00000000800002c2 (0x00004289) c.li    t0, 2
0 0x00000000800002c2 (0x00004289) x 5 0x0000000000000002
core   0: 0x00000000800002c4 (0xfe5210e3) bne     tp, t0, pc - 32
0 0x00000000800002c4 (0xfe5210e3)
core   0: 0x00000000800002a4 (0x00f0009b) addiw   ra, zero, 15
0 0x00000000800002a4 (0x00f0009b) x 1 0x000000000000000f
core   0: 0x00000000800002a8 (0x01c09093) slli    ra, ra, 28
0 0x00000000800002a8 (0x01c09093) x 1 0x00000000f0000000
core   0: 0x00000000800002ac (0x00f0011b) addiw   sp, zero, 15
0 0x00000000800002ac (0x00f0011b) x 2 0x000000000000000f
core   0: 0x00000000800002b0 (0x01c11113) slli    sp, sp, 28
0 0x00000000800002b0 (0x01c11113) x 2 0x00000000f0000000
core   0: 0x00000000800002b4 (0xfff10113) addi    sp, sp, -1
0 0x00000000800002b4 (0xfff10113) x 2 0x00000000efffffff
core   0: 0x00000000800002b8 (0x00000001) c.nop
0 0x00000000800002b8 (0x00000001)
core   0: 0x00000000800002ba (0x00000001) c.nop
0 0x00000000800002ba (0x00000001)
core   0: 0x00000000800002bc (0x2020e063) bltu    ra, sp, pc + 512
0 0x00000000800002bc (0x2020e063)
core   0: 0x00000000800002c0 (0x00000205) c.addi  tp, 1
0 0x00000000800002c0 (0x00000205) x 4 0x0000000000000002
core   0: 0x00000000800002c2 (0x00004289) c.li    t0, 2
0 0x00000000800002c2 (0x00004289) x 5 0x0000000000000002
core   0: 0x00000000800002c4 (0xfe5210e3) bne     tp, t0, pc - 32
0 0x00000000800002c4 (0xfe5210e3)
core   0: 0x00000000800002c8 (0x000041b1) c.li    gp, 12
0 0x00000000800002c8 (0x000041b1) x 3 0x000000000000000c
core   0: 0x00000000800002ca (0x00002e17) auipc   t3, 0x2
0 0x00000000800002ca (0x00002e17) x28 0x00000000800022ca
core   0: 0x00000000800002ce (0xd36e0e13) addi    t3, t3, -714
0 0x00000000800002ce (0xd36e0e13) x28 0x0000000080002000
core   0: 0x00000000800002d2 (0x023e2823) sw      gp, 48(t3)
0 0x00000000800002d2 (0x023e2823)
core   0: 0x00000000800002d6 (0x00004201) c.li    tp, 0
0 0x00000000800002d6 (0x00004201) x 4 0x0000000000000000
core   0: 0x00000000800002d8 (0x00f0009b) addiw   ra, zero, 15
0 0x00000000800002d8 (0x00f0009b) x 1 0x000000000000000f
core   0: 0x00000000800002dc (0x01c09093) slli    ra, ra, 28
0 0x00000000800002dc (0x01c09093) x 1 0x00000000f0000000
core   0: 0x00000000800002e0 (0x00000001) c.nop
0 0x00000000800002e0 (0x00000001)
core   0: 0x00000000800002e2 (0x00f0011b) addiw   sp, zero, 15
0 0x00000000800002e2 (0x00f0011b) x 2 0x000000000000000f
core   0: 0x00000000800002e6 (0x01c11113) slli    sp, sp, 28
0 0x00000000800002e6 (0x01c11113) x 2 0x00000000f0000000
core   0: 0x00000000800002ea (0xfff10113) addi    sp, sp, -1
0 0x00000000800002ea (0xfff10113) x 2 0x00000000efffffff
core   0: 0x00000000800002ee (0x1c20e763) bltu    ra, sp, pc + 462
0 0x00000000800002ee (0x1c20e763)
core   0: 0x00000000800002f2 (0x00000205) c.addi  tp, 1
0 0x00000000800002f2 (0x00000205) x 4 0x0000000000000001
core   0: 0x00000000800002f4 (0x00004289) c.li    t0, 2
0 0x00000000800002f4 (0x00004289) x 5 0x0000000000000002
core   0: 0x00000000800002f6 (0xfe5211e3) bne     tp, t0, pc - 30
0 0x00000000800002f6 (0xfe5211e3)
core   0: 0x00000000800002d8 (0x00f0009b) addiw   ra, zero, 15
0 0x00000000800002d8 (0x00f0009b) x 1 0x000000000000000f
core   0: 0x00000000800002dc (0x01c09093) slli    ra, ra, 28
0 0x00000000800002dc (0x01c09093) x 1 0x00000000f0000000
core   0: 0x00000000800002e0 (0x00000001) c.nop
0 0x00000000800002e0 (0x00000001)
core   0: 0x00000000800002e2 (0x00f0011b) addiw   sp, zero, 15
0 0x00000000800002e2 (0x00f0011b) x 2 0x000000000000000f
core   0: 0x00000000800002e6 (0x01c11113) slli    sp, sp, 28
0 0x00000000800002e6 (0x01c11113) x 2 0x00000000f0000000
core   0: 0x00000000800002ea (0xfff10113) addi    sp, sp, -1
0 0x00000000800002ea (0xfff10113) x 2 0x00000000efffffff
core   0: 0x00000000800002ee (0x1c20e763) bltu    ra, sp, pc + 462
0 0x00000000800002ee (0x1c20e763)
core   0: 0x00000000800002f2 (0x00000205) c.addi  tp, 1
0 0x00000000800002f2 (0x00000205) x 4 0x0000000000000002
core   0: 0x00000000800002f4 (0x00004289) c.li    t0, 2
0 0x00000000800002f4 (0x00004289) x 5 0x0000000000000002
core   0: 0x00000000800002f6 (0xfe5211e3) bne     tp, t0, pc - 30
0 0x00000000800002f6 (0xfe5211e3)
core   0: 0x00000000800002fa (0x000041b5) c.li    gp, 13
0 0x00000000800002fa (0x000041b5) x 3 0x000000000000000d
core   0: 0x00000000800002fc (0x00002e17) auipc   t3, 0x2
0 0x00000000800002fc (0x00002e17) x28 0x00000000800022fc
core   0: 0x0000000080000300 (0xd04e0e13) addi    t3, t3, -764
0 0x0000000080000300 (0xd04e0e13) x28 0x0000000080002000
core   0: 0x0000000080000304 (0x023e2a23) sw      gp, 52(t3)
0 0x0000000080000304 (0x023e2a23)
core   0: 0x0000000080000308 (0x00004201) c.li    tp, 0
0 0x0000000080000308 (0x00004201) x 4 0x0000000000000000
core   0: 0x000000008000030a (0x00f0009b) addiw   ra, zero, 15
0 0x000000008000030a (0x00f0009b) x 1 0x000000000000000f
core   0: 0x000000008000030e (0x01c09093) slli    ra, ra, 28
0 0x000000008000030e (0x01c09093) x 1 0x00000000f0000000
core   0: 0x0000000080000312 (0x00000001) c.nop
0 0x0000000080000312 (0x00000001)
core   0: 0x0000000080000314 (0x00f0011b) addiw   sp, zero, 15
0 0x0000000080000314 (0x00f0011b) x 2 0x000000000000000f
core   0: 0x0000000080000318 (0x01c11113) slli    sp, sp, 28
0 0x0000000080000318 (0x01c11113) x 2 0x00000000f0000000
core   0: 0x000000008000031c (0xfff10113) addi    sp, sp, -1
0 0x000000008000031c (0xfff10113) x 2 0x00000000efffffff
core   0: 0x0000000080000320 (0x00000001) c.nop
0 0x0000000080000320 (0x00000001)
core   0: 0x0000000080000322 (0x1820ed63) bltu    ra, sp, pc + 410
0 0x0000000080000322 (0x1820ed63)
core   0: 0x0000000080000326 (0x00000205) c.addi  tp, 1
0 0x0000000080000326 (0x00000205) x 4 0x0000000000000001
core   0: 0x0000000080000328 (0x00004289) c.li    t0, 2
0 0x0000000080000328 (0x00004289) x 5 0x0000000000000002
core   0: 0x000000008000032a (0xfe5210e3) bne     tp, t0, pc - 32
0 0x000000008000032a (0xfe5210e3)
core   0: 0x000000008000030a (0x00f0009b) addiw   ra, zero, 15
0 0x000000008000030a (0x00f0009b) x 1 0x000000000000000f
core   0: 0x000000008000030e (0x01c09093) slli    ra, ra, 28
0 0x000000008000030e (0x01c09093) x 1 0x00000000f0000000
core   0: 0x0000000080000312 (0x00000001) c.nop
0 0x0000000080000312 (0x00000001)
core   0: 0x0000000080000314 (0x00f0011b) addiw   sp, zero, 15
0 0x0000000080000314 (0x00f0011b) x 2 0x000000000000000f
core   0: 0x0000000080000318 (0x01c11113) slli    sp, sp, 28
0 0x0000000080000318 (0x01c11113) x 2 0x00000000f0000000
core   0: 0x000000008000031c (0xfff10113) addi    sp, sp, -1
0 0x000000008000031c (0xfff10113) x 2 0x00000000efffffff
core   0: 0x0000000080000320 (0x00000001) c.nop
0 0x0000000080000320 (0x00000001)
core   0: 0x0000000080000322 (0x1820ed63) bltu    ra, sp, pc + 410
0 0x0000000080000322 (0x1820ed63)
core   0: 0x0000000080000326 (0x00000205) c.addi  tp, 1
0 0x0000000080000326 (0x00000205) x 4 0x0000000000000002
core   0: 0x0000000080000328 (0x00004289) c.li    t0, 2
0 0x0000000080000328 (0x00004289) x 5 0x0000000000000002
core   0: 0x000000008000032a (0xfe5210e3) bne     tp, t0, pc - 32
0 0x000000008000032a (0xfe5210e3)
core   0: 0x000000008000032e (0x000041b9) c.li    gp, 14
0 0x000000008000032e (0x000041b9) x 3 0x000000000000000e
core   0: 0x0000000080000330 (0x00002e17) auipc   t3, 0x2
0 0x0000000080000330 (0x00002e17) x28 0x0000000080002330
core   0: 0x0000000080000334 (0xcd0e0e13) addi    t3, t3, -816
0 0x0000000080000334 (0xcd0e0e13) x28 0x0000000080002000
core   0: 0x0000000080000338 (0x023e2c23) sw      gp, 56(t3)
0 0x0000000080000338 (0x023e2c23)
core   0: 0x000000008000033c (0x00004201) c.li    tp, 0
0 0x000000008000033c (0x00004201) x 4 0x0000000000000000
core   0: 0x000000008000033e (0x00f0009b) addiw   ra, zero, 15
0 0x000000008000033e (0x00f0009b) x 1 0x000000000000000f
core   0: 0x0000000080000342 (0x01c09093) slli    ra, ra, 28
0 0x0000000080000342 (0x01c09093) x 1 0x00000000f0000000
core   0: 0x0000000080000346 (0x00000001) c.nop
0 0x0000000080000346 (0x00000001)
core   0: 0x0000000080000348 (0x00000001) c.nop
0 0x0000000080000348 (0x00000001)
core   0: 0x000000008000034a (0x00f0011b) addiw   sp, zero, 15
0 0x000000008000034a (0x00f0011b) x 2 0x000000000000000f
core   0: 0x000000008000034e (0x01c11113) slli    sp, sp, 28
0 0x000000008000034e (0x01c11113) x 2 0x00000000f0000000
core   0: 0x0000000080000352 (0xfff10113) addi    sp, sp, -1
0 0x0000000080000352 (0xfff10113) x 2 0x00000000efffffff
core   0: 0x0000000080000356 (0x1620e363) bltu    ra, sp, pc + 358
0 0x0000000080000356 (0x1620e363)
core   0: 0x000000008000035a (0x00000205) c.addi  tp, 1
0 0x000000008000035a (0x00000205) x 4 0x0000000000000001
core   0: 0x000000008000035c (0x00004289) c.li    t0, 2
0 0x000000008000035c (0x00004289) x 5 0x0000000000000002
core   0: 0x000000008000035e (0xfe5210e3) bne     tp, t0, pc - 32
0 0x000000008000035e (0xfe5210e3)
core   0: 0x000000008000033e (0x00f0009b) addiw   ra, zero, 15
0 0x000000008000033e (0x00f0009b) x 1 0x000000000000000f
core   0: 0x0000000080000342 (0x01c09093) slli    ra, ra, 28
0 0x0000000080000342 (0x01c09093) x 1 0x00000000f0000000
core   0: 0x0000000080000346 (0x00000001) c.nop
0 0x0000000080000346 (0x00000001)
core   0: 0x0000000080000348 (0x00000001) c.nop
0 0x0000000080000348 (0x00000001)
core   0: 0x000000008000034a (0x00f0011b) addiw   sp, zero, 15
0 0x000000008000034a (0x00f0011b) x 2 0x000000000000000f
core   0: 0x000000008000034e (0x01c11113) slli    sp, sp, 28
0 0x000000008000034e (0x01c11113) x 2 0x00000000f0000000
core   0: 0x0000000080000352 (0xfff10113) addi    sp, sp, -1
0 0x0000000080000352 (0xfff10113) x 2 0x00000000efffffff
core   0: 0x0000000080000356 (0x1620e363) bltu    ra, sp, pc + 358
0 0x0000000080000356 (0x1620e363)
core   0: 0x000000008000035a (0x00000205) c.addi  tp, 1
0 0x000000008000035a (0x00000205) x 4 0x0000000000000002
core   0: 0x000000008000035c (0x00004289) c.li    t0, 2
0 0x000000008000035c (0x00004289) x 5 0x0000000000000002
core   0: 0x000000008000035e (0xfe5210e3) bne     tp, t0, pc - 32
0 0x000000008000035e (0xfe5210e3)
core   0: 0x0000000080000362 (0x000041bd) c.li    gp, 15
0 0x0000000080000362 (0x000041bd) x 3 0x000000000000000f
core   0: 0x0000000080000364 (0x00002e17) auipc   t3, 0x2
0 0x0000000080000364 (0x00002e17) x28 0x0000000080002364
core   0: 0x0000000080000368 (0xc9ce0e13) addi    t3, t3, -868
0 0x0000000080000368 (0xc9ce0e13) x28 0x0000000080002000
core   0: 0x000000008000036c (0x023e2e23) sw      gp, 60(t3)
0 0x000000008000036c (0x023e2e23)
core   0: 0x0000000080000370 (0x00004201) c.li    tp, 0
0 0x0000000080000370 (0x00004201) x 4 0x0000000000000000
core   0: 0x0000000080000372 (0x00f0009b) addiw   ra, zero, 15
0 0x0000000080000372 (0x00f0009b) x 1 0x000000000000000f
core   0: 0x0000000080000376 (0x01c09093) slli    ra, ra, 28
0 0x0000000080000376 (0x01c09093) x 1 0x00000000f0000000
core   0: 0x000000008000037a (0x00f0011b) addiw   sp, zero, 15
0 0x000000008000037a (0x00f0011b) x 2 0x000000000000000f
core   0: 0x000000008000037e (0x01c11113) slli    sp, sp, 28
0 0x000000008000037e (0x01c11113) x 2 0x00000000f0000000
core   0: 0x0000000080000382 (0xfff10113) addi    sp, sp, -1
0 0x0000000080000382 (0xfff10113) x 2 0x00000000efffffff
core   0: 0x0000000080000386 (0x1220eb63) bltu    ra, sp, pc + 310
0 0x0000000080000386 (0x1220eb63)
core   0: 0x000000008000038a (0x00000205) c.addi  tp, 1
0 0x000000008000038a (0x00000205) x 4 0x0000000000000001
core   0: 0x000000008000038c (0x00004289) c.li    t0, 2
0 0x000000008000038c (0x00004289) x 5 0x0000000000000002
core   0: 0x000000008000038e (0xfe5212e3) bne     tp, t0, pc - 28
0 0x000000008000038e (0xfe5212e3)
core   0: 0x0000000080000372 (0x00f0009b) addiw   ra, zero, 15
0 0x0000000080000372 (0x00f0009b) x 1 0x000000000000000f
core   0: 0x0000000080000376 (0x01c09093) slli    ra, ra, 28
0 0x0000000080000376 (0x01c09093) x 1 0x00000000f0000000
core   0: 0x000000008000037a (0x00f0011b) addiw   sp, zero, 15
0 0x000000008000037a (0x00f0011b) x 2 0x000000000000000f
core   0: 0x000000008000037e (0x01c11113) slli    sp, sp, 28
0 0x000000008000037e (0x01c11113) x 2 0x00000000f0000000
core   0: 0x0000000080000382 (0xfff10113) addi    sp, sp, -1
0 0x0000000080000382 (0xfff10113) x 2 0x00000000efffffff
core   0: 0x0000000080000386 (0x1220eb63) bltu    ra, sp, pc + 310
0 0x0000000080000386 (0x1220eb63)
core   0: 0x000000008000038a (0x00000205) c.addi  tp, 1
0 0x000000008000038a (0x00000205) x 4 0x0000000000000002
core   0: 0x000000008000038c (0x00004289) c.li    t0, 2
0 0x000000008000038c (0x00004289) x 5 0x0000000000000002
core   0: 0x000000008000038e (0xfe5212e3) bne     tp, t0, pc - 28
0 0x000000008000038e (0xfe5212e3)
core   0: 0x0000000080000392 (0x000041c1) c.li    gp, 16
0 0x0000000080000392 (0x000041c1) x 3 0x0000000000000010
core   0: 0x0000000080000394 (0x00002e17) auipc   t3, 0x2
0 0x0000000080000394 (0x00002e17) x28 0x0000000080002394
core   0: 0x0000000080000398 (0xc6ce0e13) addi    t3, t3, -916
0 0x0000000080000398 (0xc6ce0e13) x28 0x0000000080002000
core   0: 0x000000008000039c (0x043e2023) sw      gp, 64(t3)
0 0x000000008000039c (0x043e2023)
core   0: 0x00000000800003a0 (0x00004201) c.li    tp, 0
0 0x00000000800003a0 (0x00004201) x 4 0x0000000000000000
core   0: 0x00000000800003a2 (0x00f0009b) addiw   ra, zero, 15
0 0x00000000800003a2 (0x00f0009b) x 1 0x000000000000000f
core   0: 0x00000000800003a6 (0x01c09093) slli    ra, ra, 28
0 0x00000000800003a6 (0x01c09093) x 1 0x00000000f0000000
core   0: 0x00000000800003aa (0x00f0011b) addiw   sp, zero, 15
0 0x00000000800003aa (0x00f0011b) x 2 0x000000000000000f
core   0: 0x00000000800003ae (0x01c11113) slli    sp, sp, 28
0 0x00000000800003ae (0x01c11113) x 2 0x00000000f0000000
core   0: 0x00000000800003b2 (0xfff10113) addi    sp, sp, -1
0 0x00000000800003b2 (0xfff10113) x 2 0x00000000efffffff
core   0: 0x00000000800003b6 (0x00000001) c.nop
0 0x00000000800003b6 (0x00000001)
core   0: 0x00000000800003b8 (0x1020e263) bltu    ra, sp, pc + 260
0 0x00000000800003b8 (0x1020e263)
core   0: 0x00000000800003bc (0x00000205) c.addi  tp, 1
0 0x00000000800003bc (0x00000205) x 4 0x0000000000000001
core   0: 0x00000000800003be (0x00004289) c.li    t0, 2
0 0x00000000800003be (0x00004289) x 5 0x0000000000000002
core   0: 0x00000000800003c0 (0xfe5211e3) bne     tp, t0, pc - 30
0 0x00000000800003c0 (0xfe5211e3)
core   0: 0x00000000800003a2 (0x00f0009b) addiw   ra, zero, 15
0 0x00000000800003a2 (0x00f0009b) x 1 0x000000000000000f
core   0: 0x00000000800003a6 (0x01c09093) slli    ra, ra, 28
0 0x00000000800003a6 (0x01c09093) x 1 0x00000000f0000000
core   0: 0x00000000800003aa (0x00f0011b) addiw   sp, zero, 15
0 0x00000000800003aa (0x00f0011b) x 2 0x000000000000000f
core   0: 0x00000000800003ae (0x01c11113) slli    sp, sp, 28
0 0x00000000800003ae (0x01c11113) x 2 0x00000000f0000000
core   0: 0x00000000800003b2 (0xfff10113) addi    sp, sp, -1
0 0x00000000800003b2 (0xfff10113) x 2 0x00000000efffffff
core   0: 0x00000000800003b6 (0x00000001) c.nop
0 0x00000000800003b6 (0x00000001)
core   0: 0x00000000800003b8 (0x1020e263) bltu    ra, sp, pc + 260
0 0x00000000800003b8 (0x1020e263)
core   0: 0x00000000800003bc (0x00000205) c.addi  tp, 1
0 0x00000000800003bc (0x00000205) x 4 0x0000000000000002
core   0: 0x00000000800003be (0x00004289) c.li    t0, 2
0 0x00000000800003be (0x00004289) x 5 0x0000000000000002
core   0: 0x00000000800003c0 (0xfe5211e3) bne     tp, t0, pc - 30
0 0x00000000800003c0 (0xfe5211e3)
core   0: 0x00000000800003c4 (0x000041c5) c.li    gp, 17
0 0x00000000800003c4 (0x000041c5) x 3 0x0000000000000011
core   0: 0x00000000800003c6 (0x00002e17) auipc   t3, 0x2
0 0x00000000800003c6 (0x00002e17) x28 0x00000000800023c6
core   0: 0x00000000800003ca (0xc3ae0e13) addi    t3, t3, -966
0 0x00000000800003ca (0xc3ae0e13) x28 0x0000000080002000
core   0: 0x00000000800003ce (0x043e2223) sw      gp, 68(t3)
0 0x00000000800003ce (0x043e2223)
core   0: 0x00000000800003d2 (0x00004201) c.li    tp, 0
0 0x00000000800003d2 (0x00004201) x 4 0x0000000000000000
core   0: 0x00000000800003d4 (0x00f0009b) addiw   ra, zero, 15
0 0x00000000800003d4 (0x00f0009b) x 1 0x000000000000000f
core   0: 0x00000000800003d8 (0x01c09093) slli    ra, ra, 28
0 0x00000000800003d8 (0x01c09093) x 1 0x00000000f0000000
core   0: 0x00000000800003dc (0x00f0011b) addiw   sp, zero, 15
0 0x00000000800003dc (0x00f0011b) x 2 0x000000000000000f
core   0: 0x00000000800003e0 (0x01c11113) slli    sp, sp, 28
0 0x00000000800003e0 (0x01c11113) x 2 0x00000000f0000000
core   0: 0x00000000800003e4 (0xfff10113) addi    sp, sp, -1
0 0x00000000800003e4 (0xfff10113) x 2 0x00000000efffffff
core   0: 0x00000000800003e8 (0x00000001) c.nop
0 0x00000000800003e8 (0x00000001)
core   0: 0x00000000800003ea (0x00000001) c.nop
0 0x00000000800003ea (0x00000001)
core   0: 0x00000000800003ec (0x0c20e863) bltu    ra, sp, pc + 208
0 0x00000000800003ec (0x0c20e863)
core   0: 0x00000000800003f0 (0x00000205) c.addi  tp, 1
0 0x00000000800003f0 (0x00000205) x 4 0x0000000000000001
core   0: 0x00000000800003f2 (0x00004289) c.li    t0, 2
0 0x00000000800003f2 (0x00004289) x 5 0x0000000000000002
core   0: 0x00000000800003f4 (0xfe5210e3) bne     tp, t0, pc - 32
0 0x00000000800003f4 (0xfe5210e3)
core   0: 0x00000000800003d4 (0x00f0009b) addiw   ra, zero, 15
0 0x00000000800003d4 (0x00f0009b) x 1 0x000000000000000f
core   0: 0x00000000800003d8 (0x01c09093) slli    ra, ra, 28
0 0x00000000800003d8 (0x01c09093) x 1 0x00000000f0000000
core   0: 0x00000000800003dc (0x00f0011b) addiw   sp, zero, 15
0 0x00000000800003dc (0x00f0011b) x 2 0x000000000000000f
core   0: 0x00000000800003e0 (0x01c11113) slli    sp, sp, 28
0 0x00000000800003e0 (0x01c11113) x 2 0x00000000f0000000
core   0: 0x00000000800003e4 (0xfff10113) addi    sp, sp, -1
0 0x00000000800003e4 (0xfff10113) x 2 0x00000000efffffff
core   0: 0x00000000800003e8 (0x00000001) c.nop
0 0x00000000800003e8 (0x00000001)
core   0: 0x00000000800003ea (0x00000001) c.nop
0 0x00000000800003ea (0x00000001)
core   0: 0x00000000800003ec (0x0c20e863) bltu    ra, sp, pc + 208
0 0x00000000800003ec (0x0c20e863)
core   0: 0x00000000800003f0 (0x00000205) c.addi  tp, 1
0 0x00000000800003f0 (0x00000205) x 4 0x0000000000000002
core   0: 0x00000000800003f2 (0x00004289) c.li    t0, 2
0 0x00000000800003f2 (0x00004289) x 5 0x0000000000000002
core   0: 0x00000000800003f4 (0xfe5210e3) bne     tp, t0, pc - 32
0 0x00000000800003f4 (0xfe5210e3)
core   0: 0x00000000800003f8 (0x000041c9) c.li    gp, 18
0 0x00000000800003f8 (0x000041c9) x 3 0x0000000000000012
core   0: 0x00000000800003fa (0x00002e17) auipc   t3, 0x2
0 0x00000000800003fa (0x00002e17) x28 0x00000000800023fa
core   0: 0x00000000800003fe (0xc06e0e13) addi    t3, t3, -1018
0 0x00000000800003fe (0xc06e0e13) x28 0x0000000080002000
core   0: 0x0000000080000402 (0x043e2423) sw      gp, 72(t3)
0 0x0000000080000402 (0x043e2423)
core   0: 0x0000000080000406 (0x00004201) c.li    tp, 0
0 0x0000000080000406 (0x00004201) x 4 0x0000000000000000
core   0: 0x0000000080000408 (0x00f0009b) addiw   ra, zero, 15
0 0x0000000080000408 (0x00f0009b) x 1 0x000000000000000f
core   0: 0x000000008000040c (0x01c09093) slli    ra, ra, 28
0 0x000000008000040c (0x01c09093) x 1 0x00000000f0000000
core   0: 0x0000000080000410 (0x00000001) c.nop
0 0x0000000080000410 (0x00000001)
core   0: 0x0000000080000412 (0x00f0011b) addiw   sp, zero, 15
0 0x0000000080000412 (0x00f0011b) x 2 0x000000000000000f
core   0: 0x0000000080000416 (0x01c11113) slli    sp, sp, 28
0 0x0000000080000416 (0x01c11113) x 2 0x00000000f0000000
core   0: 0x000000008000041a (0xfff10113) addi    sp, sp, -1
0 0x000000008000041a (0xfff10113) x 2 0x00000000efffffff
core   0: 0x000000008000041e (0x0820ef63) bltu    ra, sp, pc + 158
0 0x000000008000041e (0x0820ef63)
core   0: 0x0000000080000422 (0x00000205) c.addi  tp, 1
0 0x0000000080000422 (0x00000205) x 4 0x0000000000000001
core   0: 0x0000000080000424 (0x00004289) c.li    t0, 2
0 0x0000000080000424 (0x00004289) x 5 0x0000000000000002
core   0: 0x0000000080000426 (0xfe5211e3) bne     tp, t0, pc - 30
0 0x0000000080000426 (0xfe5211e3)
core   0: 0x0000000080000408 (0x00f0009b) addiw   ra, zero, 15
0 0x0000000080000408 (0x00f0009b) x 1 0x000000000000000f
core   0: 0x000000008000040c (0x01c09093) slli    ra, ra, 28
0 0x000000008000040c (0x01c09093) x 1 0x00000000f0000000
core   0: 0x0000000080000410 (0x00000001) c.nop
0 0x0000000080000410 (0x00000001)
core   0: 0x0000000080000412 (0x00f0011b) addiw   sp, zero, 15
0 0x0000000080000412 (0x00f0011b) x 2 0x000000000000000f
core   0: 0x0000000080000416 (0x01c11113) slli    sp, sp, 28
0 0x0000000080000416 (0x01c11113) x 2 0x00000000f0000000
core   0: 0x000000008000041a (0xfff10113) addi    sp, sp, -1
0 0x000000008000041a (0xfff10113) x 2 0x00000000efffffff
core   0: 0x000000008000041e (0x0820ef63) bltu    ra, sp, pc + 158
0 0x000000008000041e (0x0820ef63)
core   0: 0x0000000080000422 (0x00000205) c.addi  tp, 1
0 0x0000000080000422 (0x00000205) x 4 0x0000000000000002
core   0: 0x0000000080000424 (0x00004289) c.li    t0, 2
0 0x0000000080000424 (0x00004289) x 5 0x0000000000000002
core   0: 0x0000000080000426 (0xfe5211e3) bne     tp, t0, pc - 30
0 0x0000000080000426 (0xfe5211e3)
core   0: 0x000000008000042a (0x000041cd) c.li    gp, 19
0 0x000000008000042a (0x000041cd) x 3 0x0000000000000013
core   0: 0x000000008000042c (0x00002e17) auipc   t3, 0x2
0 0x000000008000042c (0x00002e17) x28 0x000000008000242c
core   0: 0x0000000080000430 (0xbd4e0e13) addi    t3, t3, -1068
0 0x0000000080000430 (0xbd4e0e13) x28 0x0000000080002000
core   0: 0x0000000080000434 (0x043e2623) sw      gp, 76(t3)
0 0x0000000080000434 (0x043e2623)
core   0: 0x0000000080000438 (0x00004201) c.li    tp, 0
0 0x0000000080000438 (0x00004201) x 4 0x0000000000000000
core   0: 0x000000008000043a (0x00f0009b) addiw   ra, zero, 15
0 0x000000008000043a (0x00f0009b) x 1 0x000000000000000f
core   0: 0x000000008000043e (0x01c09093) slli    ra, ra, 28
0 0x000000008000043e (0x01c09093) x 1 0x00000000f0000000
core   0: 0x0000000080000442 (0x00000001) c.nop
0 0x0000000080000442 (0x00000001)
core   0: 0x0000000080000444 (0x00f0011b) addiw   sp, zero, 15
0 0x0000000080000444 (0x00f0011b) x 2 0x000000000000000f
core   0: 0x0000000080000448 (0x01c11113) slli    sp, sp, 28
0 0x0000000080000448 (0x01c11113) x 2 0x00000000f0000000
core   0: 0x000000008000044c (0xfff10113) addi    sp, sp, -1
0 0x000000008000044c (0xfff10113) x 2 0x00000000efffffff
core   0: 0x0000000080000450 (0x00000001) c.nop
0 0x0000000080000450 (0x00000001)
core   0: 0x0000000080000452 (0x0620e563) bltu    ra, sp, pc + 106
0 0x0000000080000452 (0x0620e563)
core   0: 0x0000000080000456 (0x00000205) c.addi  tp, 1
0 0x0000000080000456 (0x00000205) x 4 0x0000000000000001
core   0: 0x0000000080000458 (0x00004289) c.li    t0, 2
0 0x0000000080000458 (0x00004289) x 5 0x0000000000000002
core   0: 0x000000008000045a (0xfe5210e3) bne     tp, t0, pc - 32
0 0x000000008000045a (0xfe5210e3)
core   0: 0x000000008000043a (0x00f0009b) addiw   ra, zero, 15
0 0x000000008000043a (0x00f0009b) x 1 0x000000000000000f
core   0: 0x000000008000043e (0x01c09093) slli    ra, ra, 28
0 0x000000008000043e (0x01c09093) x 1 0x00000000f0000000
core   0: 0x0000000080000442 (0x00000001) c.nop
0 0x0000000080000442 (0x00000001)
core   0: 0x0000000080000444 (0x00f0011b) addiw   sp, zero, 15
0 0x0000000080000444 (0x00f0011b) x 2 0x000000000000000f
core   0: 0x0000000080000448 (0x01c11113) slli    sp, sp, 28
0 0x0000000080000448 (0x01c11113) x 2 0x00000000f0000000
core   0: 0x000000008000044c (0xfff10113) addi    sp, sp, -1
0 0x000000008000044c (0xfff10113) x 2 0x00000000efffffff
core   0: 0x0000000080000450 (0x00000001) c.nop
0 0x0000000080000450 (0x00000001)
core   0: 0x0000000080000452 (0x0620e563) bltu    ra, sp, pc + 106
0 0x0000000080000452 (0x0620e563)
core   0: 0x0000000080000456 (0x00000205) c.addi  tp, 1
0 0x0000000080000456 (0x00000205) x 4 0x0000000000000002
core   0: 0x0000000080000458 (0x00004289) c.li    t0, 2
0 0x0000000080000458 (0x00004289) x 5 0x0000000000000002
core   0: 0x000000008000045a (0xfe5210e3) bne     tp, t0, pc - 32
0 0x000000008000045a (0xfe5210e3)
core   0: 0x000000008000045e (0x000041d1) c.li    gp, 20
0 0x000000008000045e (0x000041d1) x 3 0x0000000000000014
core   0: 0x0000000080000460 (0x00002e17) auipc   t3, 0x2
0 0x0000000080000460 (0x00002e17) x28 0x0000000080002460
core   0: 0x0000000080000464 (0xba0e0e13) addi    t3, t3, -1120
0 0x0000000080000464 (0xba0e0e13) x28 0x0000000080002000
core   0: 0x0000000080000468 (0x043e2823) sw      gp, 80(t3)
0 0x0000000080000468 (0x043e2823)
core   0: 0x000000008000046c (0x00004201) c.li    tp, 0
0 0x000000008000046c (0x00004201) x 4 0x0000000000000000
core   0: 0x000000008000046e (0x00f0009b) addiw   ra, zero, 15
0 0x000000008000046e (0x00f0009b) x 1 0x000000000000000f
core   0: 0x0000000080000472 (0x01c09093) slli    ra, ra, 28
0 0x0000000080000472 (0x01c09093) x 1 0x00000000f0000000
core   0: 0x0000000080000476 (0x00000001) c.nop
0 0x0000000080000476 (0x00000001)
core   0: 0x0000000080000478 (0x00000001) c.nop
0 0x0000000080000478 (0x00000001)
core   0: 0x000000008000047a (0x00f0011b) addiw   sp, zero, 15
0 0x000000008000047a (0x00f0011b) x 2 0x000000000000000f
core   0: 0x000000008000047e (0x01c11113) slli    sp, sp, 28
0 0x000000008000047e (0x01c11113) x 2 0x00000000f0000000
core   0: 0x0000000080000482 (0xfff10113) addi    sp, sp, -1
0 0x0000000080000482 (0xfff10113) x 2 0x00000000efffffff
core   0: 0x0000000080000486 (0x0220eb63) bltu    ra, sp, pc + 54
0 0x0000000080000486 (0x0220eb63)
core   0: 0x000000008000048a (0x00000205) c.addi  tp, 1
0 0x000000008000048a (0x00000205) x 4 0x0000000000000001
core   0: 0x000000008000048c (0x00004289) c.li    t0, 2
0 0x000000008000048c (0x00004289) x 5 0x0000000000000002
core   0: 0x000000008000048e (0xfe5210e3) bne     tp, t0, pc - 32
0 0x000000008000048e (0xfe5210e3)
core   0: 0x000000008000046e (0x00f0009b) addiw   ra, zero, 15
0 0x000000008000046e (0x00f0009b) x 1 0x000000000000000f
core   0: 0x0000000080000472 (0x01c09093) slli    ra, ra, 28
0 0x0000000080000472 (0x01c09093) x 1 0x00000000f0000000
core   0: 0x0000000080000476 (0x00000001) c.nop
0 0x0000000080000476 (0x00000001)
core   0: 0x0000000080000478 (0x00000001) c.nop
0 0x0000000080000478 (0x00000001)
core   0: 0x000000008000047a (0x00f0011b) addiw   sp, zero, 15
0 0x000000008000047a (0x00f0011b) x 2 0x000000000000000f
core   0: 0x000000008000047e (0x01c11113) slli    sp, sp, 28
0 0x000000008000047e (0x01c11113) x 2 0x00000000f0000000
core   0: 0x0000000080000482 (0xfff10113) addi    sp, sp, -1
0 0x0000000080000482 (0xfff10113) x 2 0x00000000efffffff
core   0: 0x0000000080000486 (0x0220eb63) bltu    ra, sp, pc + 54
0 0x0000000080000486 (0x0220eb63)
core   0: 0x000000008000048a (0x00000205) c.addi  tp, 1
0 0x000000008000048a (0x00000205) x 4 0x0000000000000002
core   0: 0x000000008000048c (0x00004289) c.li    t0, 2
0 0x000000008000048c (0x00004289) x 5 0x0000000000000002
core   0: 0x000000008000048e (0xfe5210e3) bne     tp, t0, pc - 32
0 0x000000008000048e (0xfe5210e3)
core   0: 0x0000000080000492 (0x00004085) c.li    ra, 1
0 0x0000000080000492 (0x00004085) x 1 0x0000000000000001
core   0: 0x0000000080000494 (0x00106663) bltu    zero, ra, pc + 12
0 0x0000000080000494 (0x00106663)
core   0: 0x00000000800004a0 (0x00000085) c.addi  ra, 1
0 0x00000000800004a0 (0x00000085) x 1 0x0000000000000002
core   0: 0x00000000800004a2 (0x00000085) c.addi  ra, 1
0 0x00000000800004a2 (0x00000085) x 1 0x0000000000000003
core   0: 0x00000000800004a4 (0x00004e8d) c.li    t4, 3
0 0x00000000800004a4 (0x00004e8d) x29 0x0000000000000003
core   0: 0x00000000800004a6 (0x000041d5) c.li    gp, 21
0 0x00000000800004a6 (0x000041d5) x 3 0x0000000000000015
core   0: 0x00000000800004a8 (0x00002e17) auipc   t3, 0x2
0 0x00000000800004a8 (0x00002e17) x28 0x00000000800024a8
core   0: 0x00000000800004ac (0xb58e0e13) addi    t3, t3, -1192
0 0x00000000800004ac (0xb58e0e13) x28 0x0000000080002000
core   0: 0x00000000800004b0 (0x041e2a23) sw      ra, 84(t3)
0 0x00000000800004b0 (0x041e2a23)
core   0: 0x00000000800004b4 (0x01d09463) bne     ra, t4, pc + 8
0 0x00000000800004b4 (0x01d09463)
core   0: 0x00000000800004b8 (0x00301d63) bne     zero, gp, pc + 26
0 0x00000000800004b8 (0x00301d63)
core   0: 0x00000000800004d2 (0x0ff0000f) fence   iorw,iorw
0 0x00000000800004d2 (0x0ff0000f)
core   0: 0x00000000800004d6 (0x00004185) c.li    gp, 1
0 0x00000000800004d6 (0x00004185) x 3 0x0000000000000001
core   0: 0x00000000800004d8 (0x00002e17) auipc   t3, 0x2
0 0x00000000800004d8 (0x00002e17) x28 0x00000000800024d8
core   0: 0x00000000800004dc (0xb28e0e13) addi    t3, t3, -1240
0 0x00000000800004dc (0xb28e0e13) x28 0x0000000080002000
core   0: 0x00000000800004e0 (0x003e2023) sw      gp, 0(t3)
0 0x00000000800004e0 (0x003e2023)
core   0: 0x00000000800004e4 (0x00000073) ecall
0 0x00000000800004e4 (0x00000073)
