core   0: 0x0000000000010000 (0x00100413) li      s0, 1
3 0x0000000000010000 (0x00100413) x 8 0x0000000000000001
core   0: 0x0000000000010004 (0x01f41413) slli    s0, s0, 31
3 0x0000000000010004 (0x01f41413) x 8 0x0000000080000000
core   0: 0x0000000000010008 (0xf1402573) csrr    a0, mhartid
3 0x0000000000010008 (0xf1402573) x10 0x0000000000000000
core   0: 0x000000000001000c (0x00000597) auipc   a1, 0x0
3 0x000000000001000c (0x00000597) x11 0x000000000001000c
core   0: 0x0000000000010010 (0x07458593) addi    a1, a1, 116
3 0x0000000000010010 (0x07458593) x11 0x0000000000010080
core   0: 0x0000000000010014 (0x00040067) jr      s0
3 0x0000000000010014 (0x00040067)
core   0: 0x0000000080000000 (0x0000a081) c.j     pc + 64
3 0x0000000080000000 (0x0000a081)
core   0: 0x0000000080000040 (0xf1402573) csrr    a0, mhartid
3 0x0000000080000040 (0xf1402573) x10 0x0000000000000000
core   0: 0x0000000080000044 (0x0000e101) c.bnez  a0, pc + 0
3 0x0000000080000044 (0x0000e101)
core   0: 0x0000000080000046 (0x00000297) auipc   t0, 0x0
3 0x0000000080000046 (0x00000297) x 5 0x0000000080000046
core   0: 0x000000008000004a (0x01228293) addi    t0, t0, 18
3 0x000000008000004a (0x01228293) x 5 0x0000000080000058
core   0: 0x000000008000004e (0x30529073) csrw    mtvec, t0
3 0x000000008000004e (0x30529073)
core   0: 0x0000000080000052 (0x18005073) csrwi   satp, 0
3 0x0000000080000052 (0x18005073)
core   0: 0x0000000080000056 (0x00000001) c.nop
3 0x0000000080000056 (0x00000001)
core   0: 0x0000000080000058 (0x00000297) auipc   t0, 0x0
3 0x0000000080000058 (0x00000297) x 5 0x0000000080000058
core   0: 0x000000008000005c (0x01828293) addi    t0, t0, 24
3 0x000000008000005c (0x01828293) x 5 0x0000000080000070
core   0: 0x0000000080000060 (0x30529073) csrw    mtvec, t0
3 0x0000000080000060 (0x30529073)
core   0: 0x0000000080000064 (0x000052fd) c.li    t0, -1
3 0x0000000080000064 (0x000052fd) x 5 0xffffffffffffffff
core   0: 0x0000000080000066 (0x3b029073) csrw    pmpaddr0, t0
3 0x0000000080000066 (0x3b029073)
core   0: 0x000000008000006a (0x000042fd) c.li    t0, 31
3 0x000000008000006a (0x000042fd) x 5 0x000000000000001f
core   0: 0x000000008000006c (0x3a029073) csrw    pmpcfg0, t0
3 0x000000008000006c (0x3a029073)
core   0: 0x0000000080000070 (0x00000297) auipc   t0, 0x0
3 0x0000000080000070 (0x00000297) x 5 0x0000000080000070
core   0: 0x0000000080000074 (0x01828293) addi    t0, t0, 24
3 0x0000000080000074 (0x01828293) x 5 0x0000000080000088
core   0: 0x0000000080000078 (0x30529073) csrw    mtvec, t0
3 0x0000000080000078 (0x30529073)
core   0: 0x000000008000007c (0x30205073) csrwi   medeleg, 0
3 0x000000008000007c (0x30205073)
core   0: 0x0000000080000080 (0x30305073) csrwi   mideleg, 0
3 0x0000000080000080 (0x30305073)
core   0: 0x0000000080000084 (0x30405073) csrwi   mie, 0
3 0x0000000080000084 (0x30405073)
core   0: 0x0000000080000088 (0x00004181) c.li    gp, 0
3 0x0000000080000088 (0x00004181) x 3 0x0000000000000000
core   0: 0x000000008000008a (0x00000297) auipc   t0, 0x0
3 0x000000008000008a (0x00000297) x 5 0x000000008000008a
core   0: 0x000000008000008e (0xf7a28293) addi    t0, t0, -134
3 0x000000008000008e (0xf7a28293) x 5 0x0000000080000004
core   0: 0x0000000080000092 (0x30529073) csrw    mtvec, t0
3 0x0000000080000092 (0x30529073)
core   0: 0x0000000080000096 (0x00004505) c.li    a0, 1
3 0x0000000080000096 (0x00004505) x10 0x0000000000000001
core   0: 0x0000000080000098 (0x0000057e) c.slli  a0, 31
3 0x0000000080000098 (0x0000057e) x10 0x0000000080000000
core   0: 0x000000008000009a (0x00055763) bgez    a0, pc + 14
3 0x000000008000009a (0x00055763)
core   0: 0x00000000800000a8 (0x80000297) auipc   t0, 0x80000
3 0x00000000800000a8 (0x80000297) x 5 0x00000000000000a8
core   0: 0x00000000800000ac (0xf5828293) addi    t0, t0, -168
3 0x00000000800000ac (0xf5828293) x 5 0x0000000000000000
core   0: 0x00000000800000b0 (0x00028e63) beqz    t0, pc + 28
3 0x00000000800000b0 (0x00028e63)
core   0: 0x00000000800000cc (0x30005073) csrwi   mstatus, 0
3 0x00000000800000cc (0x30005073)
core   0: 0x00000000800000d0 (0x00002537) lui     a0, 0x2
3 0x00000000800000d0 (0x00002537) x10 0x0000000000002000
core   0: 0x00000000800000d4 (0x8005051b) addiw   a0, a0, -2048
3 0x00000000800000d4 (0x8005051b) x10 0x0000000000001800
core   0: 0x00000000800000d8 (0x30052073) csrs    mstatus, a0
3 0x00000000800000d8 (0x30052073)
core   0: 0x00000000800000dc (0x00000297) auipc   t0, 0x0
3 0x00000000800000dc (0x00000297) x 5 0x00000000800000dc
core   0: 0x00000000800000e0 (0x01428293) addi    t0, t0, 20
3 0x00000000800000e0 (0x01428293) x 5 0x00000000800000f0
core   0: 0x00000000800000e4 (0x34129073) csrw    mepc, t0
3 0x00000000800000e4 (0x34129073)
core   0: 0x00000000800000e8 (0xf1402573) csrr    a0, mhartid
3 0x00000000800000e8 (0xf1402573) x10 0x0000000000000000
core   0: 0x00000000800000ec (0x30200073) mret
3 0x00000000800000ec (0x30200073)
core   0: 0x00000000800000f0 (0x00002117) auipc   sp, 0x2
3 0x00000000800000f0 (0x00002117) x 2 0x00000000800020f0
core   0: 0x00000000800000f4 (0xf1010113) addi    sp, sp, -240
3 0x00000000800000f4 (0xf1010113) x 2 0x0000000080002000
core   0: 0x00000000800000f8 (0x00004201) c.li    tp, 0
3 0x00000000800000f8 (0x00004201) x 4 0x0000000000000000
core   0: 0x00000000800000fa (0x00004181) c.li    gp, 0
3 0x00000000800000fa (0x00004181) x 3 0x0000000000000000
core   0: 0x00000000800000fc (0x00009192) c.add   gp, tp
3 0x00000000800000fc (0x00009192) x 3 0x0000000000000000
core   0: 0x00000000800000fe (0x0000c00e) c.swsp  gp, 0(sp)
3 0x00000000800000fe (0x0000c00e)
core   0: 0x0000000080000100 (0x00004481) c.li    s1, 0
3 0x0000000080000100 (0x00004481) x 9 0x0000000000000000
core   0: 0x0000000080000102 (0x00004405) c.li    s0, 1
3 0x0000000080000102 (0x00004405) x 8 0x0000000000000001
core   0: 0x0000000080000104 (0x00009426) c.add   s0, s1
3 0x0000000080000104 (0x00009426) x 8 0x0000000000000001
core   0: 0x0000000080000106 (0x0000c222) c.swsp  s0, 4(sp)
3 0x0000000080000106 (0x0000c222)
core   0: 0x0000000080000108 (0x00004601) c.li    a2, 0
3 0x0000000080000108 (0x00004601) x12 0x0000000000000000
core   0: 0x000000008000010a (0x000055fd) c.li    a1, -1
3 0x000000008000010a (0x000055fd) x11 0xffffffffffffffff
core   0: 0x000000008000010c (0x000095b2) c.add   a1, a2
3 0x000000008000010c (0x000095b2) x11 0xffffffffffffffff
core   0: 0x000000008000010e (0x0000c42e) c.swsp  a1, 8(sp)
3 0x000000008000010e (0x0000c42e)
core   0: 0x0000000080000110 (0x00004701) c.li    a4, 0
3 0x0000000080000110 (0x00004701) x14 0x0000000000000000
core   0: 0x0000000080000112 (0x000086b7) lui     a3, 0x8
3 0x0000000080000112 (0x000086b7) x13 0x0000000000008000
core   0: 0x0000000080000116 (0xfff6869b) addiw   a3, a3, -1
3 0x0000000080000116 (0xfff6869b) x13 0x0000000000007fff
core   0: 0x000000008000011a (0x000096ba) c.add   a3, a4
3 0x000000008000011a (0x000096ba) x13 0x0000000000007fff
core   0: 0x000000008000011c (0x0000c636) c.swsp  a3, 12(sp)
3 0x000000008000011c (0x0000c636)
core   0: 0x000000008000011e (0x00004801) c.li    a6, 0
3 0x000000008000011e (0x00004801) x16 0x0000000000000000
core   0: 0x0000000080000120 (0x000067a1) c.lui   a5, 0x8
3 0x0000000080000120 (0x000067a1) x15 0x0000000000008000
core   0: 0x0000000080000122 (0x000097c2) c.add   a5, a6
3 0x0000000080000122 (0x000097c2) x15 0x0000000000008000
core   0: 0x0000000080000124 (0x0000c83e) c.swsp  a5, 16(sp)
3 0x0000000080000124 (0x0000c83e)
core   0: 0x0000000080000126 (0x00002117) auipc   sp, 0x2
3 0x0000000080000126 (0x00002117) x 2 0x0000000080002126
core   0: 0x000000008000012a (0xeee10113) addi    sp, sp, -274
3 0x000000008000012a (0xeee10113) x 2 0x0000000080002014
core   0: 0x000000008000012e (0x00004905) c.li    s2, 1
3 0x000000008000012e (0x00004905) x18 0x0000000000000001
core   0: 0x0000000080000130 (0x00004881) c.li    a7, 0
3 0x0000000080000130 (0x00004881) x17 0x0000000000000000
core   0: 0x0000000080000132 (0x000098ca) c.add   a7, s2
3 0x0000000080000132 (0x000098ca) x17 0x0000000000000001
core   0: 0x0000000080000134 (0x0000c046) c.swsp  a7, 0(sp)
3 0x0000000080000134 (0x0000c046)
core   0: 0x0000000080000136 (0x00004a05) c.li    s4, 1
3 0x0000000080000136 (0x00004a05) x20 0x0000000000000001
core   0: 0x0000000080000138 (0x00004985) c.li    s3, 1
3 0x0000000080000138 (0x00004985) x19 0x0000000000000001
core   0: 0x000000008000013a (0x000099d2) c.add   s3, s4
3 0x000000008000013a (0x000099d2) x19 0x0000000000000002
core   0: 0x000000008000013c (0x0000c24e) c.swsp  s3, 4(sp)
3 0x000000008000013c (0x0000c24e)
core   0: 0x000000008000013e (0x00004b05) c.li    s6, 1
3 0x000000008000013e (0x00004b05) x22 0x0000000000000001
core   0: 0x0000000080000140 (0x00005afd) c.li    s5, -1
3 0x0000000080000140 (0x00005afd) x21 0xffffffffffffffff
core   0: 0x0000000080000142 (0x00009ada) c.add   s5, s6
3 0x0000000080000142 (0x00009ada) x21 0x0000000000000000
core   0: 0x0000000080000144 (0x0000c456) c.swsp  s5, 8(sp)
3 0x0000000080000144 (0x0000c456)
core   0: 0x0000000080000146 (0x00004c05) c.li    s8, 1
3 0x0000000080000146 (0x00004c05) x24 0x0000000000000001
core   0: 0x0000000080000148 (0x00008bb7) lui     s7, 0x8
3 0x0000000080000148 (0x00008bb7) x23 0x0000000000008000
core   0: 0x000000008000014c (0xfffb8b9b) addiw   s7, s7, -1
3 0x000000008000014c (0xfffb8b9b) x23 0x0000000000007fff
core   0: 0x0000000080000150 (0x00009be2) c.add   s7, s8
3 0x0000000080000150 (0x00009be2) x23 0x0000000000008000
core   0: 0x0000000080000152 (0x0000c65e) c.swsp  s7, 12(sp)
3 0x0000000080000152 (0x0000c65e)
core   0: 0x0000000080000154 (0x00004d05) c.li    s10, 1
3 0x0000000080000154 (0x00004d05) x26 0x0000000000000001
core   0: 0x0000000080000156 (0x00006ca1) c.lui   s9, 0x8
3 0x0000000080000156 (0x00006ca1) x25 0x0000000000008000
core   0: 0x0000000080000158 (0x00009cea) c.add   s9, s10
3 0x0000000080000158 (0x00009cea) x25 0x0000000000008001
core   0: 0x000000008000015a (0x0000c866) c.swsp  s9, 16(sp)
3 0x000000008000015a (0x0000c866)
core   0: 0x000000008000015c (0x00002117) auipc   sp, 0x2
3 0x000000008000015c (0x00002117) x 2 0x000000008000215c
core   0: 0x0000000080000160 (0xecc10113) addi    sp, sp, -308
3 0x0000000080000160 (0xecc10113) x 2 0x0000000080002028
core   0: 0x0000000080000164 (0x00005e7d) c.li    t3, -1
3 0x0000000080000164 (0x00005e7d) x28 0xffffffffffffffff
core   0: 0x0000000080000166 (0x00004d81) c.li    s11, 0
3 0x0000000080000166 (0x00004d81) x27 0x0000000000000000
core   0: 0x0000000080000168 (0x00009df2) c.add   s11, t3
3 0x0000000080000168 (0x00009df2) x27 0xffffffffffffffff
core   0: 0x000000008000016a (0x0000c06e) c.swsp  s11, 0(sp)
3 0x000000008000016a (0x0000c06e)
core   0: 0x000000008000016c (0x00005f7d) c.li    t5, -1
3 0x000000008000016c (0x00005f7d) x30 0xffffffffffffffff
core   0: 0x000000008000016e (0x00004e85) c.li    t4, 1
3 0x000000008000016e (0x00004e85) x29 0x0000000000000001
core   0: 0x0000000080000170 (0x00009efa) c.add   t4, t5
3 0x0000000080000170 (0x00009efa) x29 0x0000000000000000
core   0: 0x0000000080000172 (0x0000c276) c.swsp  t4, 4(sp)
3 0x0000000080000172 (0x0000c276)
core   0: 0x0000000080000174 (0x000051fd) c.li    gp, -1
3 0x0000000080000174 (0x000051fd) x 3 0xffffffffffffffff
core   0: 0x0000000080000176 (0x00005afd) c.li    s5, -1
3 0x0000000080000176 (0x00005afd) x21 0xffffffffffffffff
core   0: 0x0000000080000178 (0x00009a8e) c.add   s5, gp
3 0x0000000080000178 (0x00009a8e) x21 0xfffffffffffffffe
core   0: 0x000000008000017a (0x0000c456) c.swsp  s5, 8(sp)
3 0x000000008000017a (0x0000c456)
core   0: 0x000000008000017c (0x0000547d) c.li    s0, -1
3 0x000000008000017c (0x0000547d) x 8 0xffffffffffffffff
core   0: 0x000000008000017e (0x00008237) lui     tp, 0x8
3 0x000000008000017e (0x00008237) x 4 0x0000000000008000
core   0: 0x0000000080000182 (0xfff2021b) addiw   tp, tp, -1
3 0x0000000080000182 (0xfff2021b) x 4 0x0000000000007fff
core   0: 0x0000000080000186 (0x00009222) c.add   tp, s0
3 0x0000000080000186 (0x00009222) x 4 0x0000000000007ffe
core   0: 0x0000000080000188 (0x0000c612) c.swsp  tp, 12(sp)
3 0x0000000080000188 (0x0000c612)
core   0: 0x000000008000018a (0x000055fd) c.li    a1, -1
3 0x000000008000018a (0x000055fd) x11 0xffffffffffffffff
core   0: 0x000000008000018c (0x000064a1) c.lui   s1, 0x8
3 0x000000008000018c (0x000064a1) x 9 0x0000000000008000
core   0: 0x000000008000018e (0x000094ae) c.add   s1, a1
3 0x000000008000018e (0x000094ae) x 9 0x0000000000007fff
core   0: 0x0000000080000190 (0x0000c826) c.swsp  s1, 16(sp)
3 0x0000000080000190 (0x0000c826)
core   0: 0x0000000080000192 (0x00002117) auipc   sp, 0x2
3 0x0000000080000192 (0x00002117) x 2 0x0000000080002192
core   0: 0x0000000080000196 (0xeaa10113) addi    sp, sp, -342
3 0x0000000080000196 (0xeaa10113) x 2 0x000000008000203c
core   0: 0x000000008000019a (0x000086b7) lui     a3, 0x8
3 0x000000008000019a (0x000086b7) x13 0x0000000000008000
core   0: 0x000000008000019e (0xfff6869b) addiw   a3, a3, -1
3 0x000000008000019e (0xfff6869b) x13 0x0000000000007fff
core   0: 0x00000000800001a2 (0x00004601) c.li    a2, 0
3 0x00000000800001a2 (0x00004601) x12 0x0000000000000000
core   0: 0x00000000800001a4 (0x00009636) c.add   a2, a3
3 0x00000000800001a4 (0x00009636) x12 0x0000000000007fff
core   0: 0x00000000800001a6 (0x0000c032) c.swsp  a2, 0(sp)
3 0x00000000800001a6 (0x0000c032)
core   0: 0x00000000800001a8 (0x000087b7) lui     a5, 0x8
3 0x00000000800001a8 (0x000087b7) x15 0x0000000000008000
core   0: 0x00000000800001ac (0xfff7879b) addiw   a5, a5, -1
3 0x00000000800001ac (0xfff7879b) x15 0x0000000000007fff
core   0: 0x00000000800001b0 (0x00004705) c.li    a4, 1
3 0x00000000800001b0 (0x00004705) x14 0x0000000000000001
core   0: 0x00000000800001b2 (0x0000973e) c.add   a4, a5
3 0x00000000800001b2 (0x0000973e) x14 0x0000000000008000
core   0: 0x00000000800001b4 (0x0000c23a) c.swsp  a4, 4(sp)
3 0x00000000800001b4 (0x0000c23a)
core   0: 0x00000000800001b6 (0x000088b7) lui     a7, 0x8
3 0x00000000800001b6 (0x000088b7) x17 0x0000000000008000
core   0: 0x00000000800001ba (0xfff8889b) addiw   a7, a7, -1
3 0x00000000800001ba (0xfff8889b) x17 0x0000000000007fff
core   0: 0x00000000800001be (0x0000587d) c.li    a6, -1
3 0x00000000800001be (0x0000587d) x16 0xffffffffffffffff
core   0: 0x00000000800001c0 (0x00009846) c.add   a6, a7
3 0x00000000800001c0 (0x00009846) x16 0x0000000000007ffe
core   0: 0x00000000800001c2 (0x0000c442) c.swsp  a6, 8(sp)
3 0x00000000800001c2 (0x0000c442)
core   0: 0x00000000800001c4 (0x000089b7) lui     s3, 0x8
3 0x00000000800001c4 (0x000089b7) x19 0x0000000000008000
core   0: 0x00000000800001c8 (0xfff9899b) addiw   s3, s3, -1
3 0x00000000800001c8 (0xfff9899b) x19 0x0000000000007fff
core   0: 0x00000000800001cc (0x00008937) lui     s2, 0x8
3 0x00000000800001cc (0x00008937) x18 0x0000000000008000
core   0: 0x00000000800001d0 (0xfff9091b) addiw   s2, s2, -1
3 0x00000000800001d0 (0xfff9091b) x18 0x0000000000007fff
core   0: 0x00000000800001d4 (0x0000994e) c.add   s2, s3
3 0x00000000800001d4 (0x0000994e) x18 0x000000000000fffe
core   0: 0x00000000800001d6 (0x0000c64a) c.swsp  s2, 12(sp)
3 0x00000000800001d6 (0x0000c64a)
core   0: 0x00000000800001d8 (0x00008ab7) lui     s5, 0x8
3 0x00000000800001d8 (0x00008ab7) x21 0x0000000000008000
core   0: 0x00000000800001dc (0xfffa8a9b) addiw   s5, s5, -1
3 0x00000000800001dc (0xfffa8a9b) x21 0x0000000000007fff
core   0: 0x00000000800001e0 (0x00006a21) c.lui   s4, 0x8
3 0x00000000800001e0 (0x00006a21) x20 0x0000000000008000
core   0: 0x00000000800001e2 (0x00009a56) c.add   s4, s5
3 0x00000000800001e2 (0x00009a56) x20 0x000000000000ffff
core   0: 0x00000000800001e4 (0x0000c852) c.swsp  s4, 16(sp)
3 0x00000000800001e4 (0x0000c852)
core   0: 0x00000000800001e6 (0x00002117) auipc   sp, 0x2
3 0x00000000800001e6 (0x00002117) x 2 0x00000000800021e6
core   0: 0x00000000800001ea (0xe6a10113) addi    sp, sp, -406
3 0x00000000800001ea (0xe6a10113) x 2 0x0000000080002050
core   0: 0x00000000800001ee (0x00006ba1) c.lui   s7, 0x8
3 0x00000000800001ee (0x00006ba1) x23 0x0000000000008000
core   0: 0x00000000800001f0 (0x00004b01) c.li    s6, 0
3 0x00000000800001f0 (0x00004b01) x22 0x0000000000000000
core   0: 0x00000000800001f2 (0x00009b5e) c.add   s6, s7
3 0x00000000800001f2 (0x00009b5e) x22 0x0000000000008000
core   0: 0x00000000800001f4 (0x0000c05a) c.swsp  s6, 0(sp)
3 0x00000000800001f4 (0x0000c05a)
core   0: 0x00000000800001f6 (0x00006ca1) c.lui   s9, 0x8
3 0x00000000800001f6 (0x00006ca1) x25 0x0000000000008000
core   0: 0x00000000800001f8 (0x00004c05) c.li    s8, 1
3 0x00000000800001f8 (0x00004c05) x24 0x0000000000000001
core   0: 0x00000000800001fa (0x00009c66) c.add   s8, s9
3 0x00000000800001fa (0x00009c66) x24 0x0000000000008001
core   0: 0x00000000800001fc (0x0000c262) c.swsp  s8, 4(sp)
3 0x00000000800001fc (0x0000c262)
core   0: 0x00000000800001fe (0x00006da1) c.lui   s11, 0x8
3 0x00000000800001fe (0x00006da1) x27 0x0000000000008000
core   0: 0x0000000080000200 (0x00005d7d) c.li    s10, -1
3 0x0000000080000200 (0x00005d7d) x26 0xffffffffffffffff
core   0: 0x0000000080000202 (0x00009d6e) c.add   s10, s11
3 0x0000000080000202 (0x00009d6e) x26 0x0000000000007fff
core   0: 0x0000000080000204 (0x0000c46a) c.swsp  s10, 8(sp)
3 0x0000000080000204 (0x0000c46a)
core   0: 0x0000000080000206 (0x00006ea1) c.lui   t4, 0x8
3 0x0000000080000206 (0x00006ea1) x29 0x0000000000008000
core   0: 0x0000000080000208 (0x00008e37) lui     t3, 0x8
3 0x0000000080000208 (0x00008e37) x28 0x0000000000008000
core   0: 0x000000008000020c (0xfffe0e1b) addiw   t3, t3, -1
3 0x000000008000020c (0xfffe0e1b) x28 0x0000000000007fff
core   0: 0x0000000080000210 (0x00009e76) c.add   t3, t4
3 0x0000000080000210 (0x00009e76) x28 0x000000000000ffff
core   0: 0x0000000080000212 (0x0000c672) c.swsp  t3, 12(sp)
3 0x0000000080000212 (0x0000c672)
core   0: 0x0000000080000214 (0x00006aa1) c.lui   s5, 0x8
3 0x0000000080000214 (0x00006aa1) x21 0x0000000000008000
core   0: 0x0000000080000216 (0x00006f21) c.lui   t5, 0x8
3 0x0000000080000216 (0x00006f21) x30 0x0000000000008000
core   0: 0x0000000080000218 (0x00009f56) c.add   t5, s5
3 0x0000000080000218 (0x00009f56) x30 0x0000000000010000
core   0: 0x000000008000021a (0x0000c87a) c.swsp  t5, 16(sp)
3 0x000000008000021a (0x0000c87a)
core   0: 0x000000008000021c (0x0ff0000f) fence   iorw,iorw
3 0x000000008000021c (0x0ff0000f)
core   0: 0x0000000080000220 (0x00004185) c.li    gp, 1
3 0x0000000080000220 (0x00004185) x 3 0x0000000000000001
core   0: 0x0000000080000222 (0x00000073) ecall
3 0x0000000080000222 (0x00000073)
