core   0: 0x0000000000010000 (0x00100413) li      s0, 1
3 0x0000000000010000 (0x00100413) x 8 0x0000000000000001
core   0: 0x0000000000010004 (0x01f41413) slli    s0, s0, 31
3 0x0000000000010004 (0x01f41413) x 8 0x0000000080000000
core   0: 0x0000000000010008 (0xf1402573) csrr    a0, mhartid
3 0x0000000000010008 (0xf1402573) x10 0x0000000000000000
core   0: 0x000000000001000c (0x00000597) auipc   a1, 0x0
3 0x000000000001000c (0x00000597) x11 0x000000000001000c
core   0: 0x0000000000010010 (0x07458593) addi    a1, a1, 116
3 0x0000000000010010 (0x07458593) x11 0x0000000000010080
core   0: 0x0000000000010014 (0x00040067) jr      s0
3 0x0000000000010014 (0x00040067)
core   0: 0x0000000080000000 (0x0000a081) c.j     pc + 64
3 0x0000000080000000 (0x0000a081)
core   0: 0x0000000080000040 (0xf1402573) csrr    a0, mhartid
3 0x0000000080000040 (0xf1402573) x10 0x0000000000000000
core   0: 0x0000000080000044 (0x0000e101) c.bnez  a0, pc + 0
3 0x0000000080000044 (0x0000e101)
core   0: 0x0000000080000046 (0x00000297) auipc   t0, 0x0
3 0x0000000080000046 (0x00000297) x 5 0x0000000080000046
core   0: 0x000000008000004a (0x01228293) addi    t0, t0, 18
3 0x000000008000004a (0x01228293) x 5 0x0000000080000058
core   0: 0x000000008000004e (0x30529073) csrw    mtvec, t0
3 0x000000008000004e (0x30529073)
core   0: 0x0000000080000052 (0x18005073) csrwi   satp, 0
3 0x0000000080000052 (0x18005073)
core   0: 0x0000000080000056 (0x00000001) c.nop
3 0x0000000080000056 (0x00000001)
core   0: 0x0000000080000058 (0x00000297) auipc   t0, 0x0
3 0x0000000080000058 (0x00000297) x 5 0x0000000080000058
core   0: 0x000000008000005c (0x01828293) addi    t0, t0, 24
3 0x000000008000005c (0x01828293) x 5 0x0000000080000070
core   0: 0x0000000080000060 (0x30529073) csrw    mtvec, t0
3 0x0000000080000060 (0x30529073)
core   0: 0x0000000080000064 (0x000052fd) c.li    t0, -1
3 0x0000000080000064 (0x000052fd) x 5 0xffffffffffffffff
core   0: 0x0000000080000066 (0x3b029073) csrw    pmpaddr0, t0
3 0x0000000080000066 (0x3b029073)
core   0: 0x000000008000006a (0x000042fd) c.li    t0, 31
3 0x000000008000006a (0x000042fd) x 5 0x000000000000001f
core   0: 0x000000008000006c (0x3a029073) csrw    pmpcfg0, t0
3 0x000000008000006c (0x3a029073)
core   0: 0x0000000080000070 (0x00000297) auipc   t0, 0x0
3 0x0000000080000070 (0x00000297) x 5 0x0000000080000070
core   0: 0x0000000080000074 (0x01828293) addi    t0, t0, 24
3 0x0000000080000074 (0x01828293) x 5 0x0000000080000088
core   0: 0x0000000080000078 (0x30529073) csrw    mtvec, t0
3 0x0000000080000078 (0x30529073)
core   0: 0x000000008000007c (0x30205073) csrwi   medeleg, 0
3 0x000000008000007c (0x30205073)
core   0: 0x0000000080000080 (0x30305073) csrwi   mideleg, 0
3 0x0000000080000080 (0x30305073)
core   0: 0x0000000080000084 (0x30405073) csrwi   mie, 0
3 0x0000000080000084 (0x30405073)
core   0: 0x0000000080000088 (0x00004181) c.li    gp, 0
3 0x0000000080000088 (0x00004181) x 3 0x0000000000000000
core   0: 0x000000008000008a (0x00000297) auipc   t0, 0x0
3 0x000000008000008a (0x00000297) x 5 0x000000008000008a
core   0: 0x000000008000008e (0xf7a28293) addi    t0, t0, -134
3 0x000000008000008e (0xf7a28293) x 5 0x0000000080000004
core   0: 0x0000000080000092 (0x30529073) csrw    mtvec, t0
3 0x0000000080000092 (0x30529073)
core   0: 0x0000000080000096 (0x00004505) c.li    a0, 1
3 0x0000000080000096 (0x00004505) x10 0x0000000000000001
core   0: 0x0000000080000098 (0x0000057e) c.slli  a0, 31
3 0x0000000080000098 (0x0000057e) x10 0x0000000080000000
core   0: 0x000000008000009a (0x00055763) bgez    a0, pc + 14
3 0x000000008000009a (0x00055763)
core   0: 0x00000000800000a8 (0x80000297) auipc   t0, 0x80000
3 0x00000000800000a8 (0x80000297) x 5 0x00000000000000a8
core   0: 0x00000000800000ac (0xf5828293) addi    t0, t0, -168
3 0x00000000800000ac (0xf5828293) x 5 0x0000000000000000
core   0: 0x00000000800000b0 (0x00028e63) beqz    t0, pc + 28
3 0x00000000800000b0 (0x00028e63)
core   0: 0x00000000800000cc (0x30005073) csrwi   mstatus, 0
3 0x00000000800000cc (0x30005073)
core   0: 0x00000000800000d0 (0x00002537) lui     a0, 0x2
3 0x00000000800000d0 (0x00002537) x10 0x0000000000002000
core   0: 0x00000000800000d4 (0x8005051b) addiw   a0, a0, -2048
3 0x00000000800000d4 (0x8005051b) x10 0x0000000000001800
core   0: 0x00000000800000d8 (0x30052073) csrs    mstatus, a0
3 0x00000000800000d8 (0x30052073)
core   0: 0x00000000800000dc (0x00000297) auipc   t0, 0x0
3 0x00000000800000dc (0x00000297) x 5 0x00000000800000dc
core   0: 0x00000000800000e0 (0x01428293) addi    t0, t0, 20
3 0x00000000800000e0 (0x01428293) x 5 0x00000000800000f0
core   0: 0x00000000800000e4 (0x34129073) csrw    mepc, t0
3 0x00000000800000e4 (0x34129073)
core   0: 0x00000000800000e8 (0xf1402573) csrr    a0, mhartid
3 0x00000000800000e8 (0xf1402573) x10 0x0000000000000000
core   0: 0x00000000800000ec (0x30200073) mret
3 0x00000000800000ec (0x30200073)
core   0: 0x00000000800000f0 (0x00002117) auipc   sp, 0x2
3 0x00000000800000f0 (0x00002117) x 2 0x00000000800020f0
core   0: 0x00000000800000f4 (0xf1010113) addi    sp, sp, -240
3 0x00000000800000f4 (0xf1010113) x 2 0x0000000080002000
core   0: 0x00000000800000f8 (0x00004781) c.li    a5, 0
3 0x00000000800000f8 (0x00004781) x15 0x0000000000000000
core   0: 0x00000000800000fa (0x00008f9d) c.sub   a5, a5
3 0x00000000800000fa (0x00008f9d) x15 0x0000000000000000
core   0: 0x00000000800000fc (0x0000c789) c.beqz  a5, pc + 10
3 0x00000000800000fc (0x0000c789)
core   0: 0x0000000080000106 (0x0000c03e) c.swsp  a5, 0(sp)
3 0x0000000080000106 (0x0000c03e)
core   0: 0x0000000080000108 (0x00002117) auipc   sp, 0x2
3 0x0000000080000108 (0x00002117) x 2 0x0000000080002108
core   0: 0x000000008000010c (0xefc10113) addi    sp, sp, -260
3 0x000000008000010c (0xefc10113) x 2 0x0000000080002004
core   0: 0x0000000080000110 (0x00004405) c.li    s0, 1
3 0x0000000080000110 (0x00004405) x 8 0x0000000000000001
core   0: 0x0000000080000112 (0x00008c01) c.sub   s0, s0
3 0x0000000080000112 (0x00008c01) x 8 0x0000000000000000
core   0: 0x0000000080000114 (0x0000c409) c.beqz  s0, pc + 10
3 0x0000000080000114 (0x0000c409)
core   0: 0x000000008000011e (0x0000c022) c.swsp  s0, 0(sp)
3 0x000000008000011e (0x0000c022)
core   0: 0x0000000080000120 (0x00002117) auipc   sp, 0x2
3 0x0000000080000120 (0x00002117) x 2 0x0000000080002120
core   0: 0x0000000080000124 (0xee810113) addi    sp, sp, -280
3 0x0000000080000124 (0xee810113) x 2 0x0000000080002008
core   0: 0x0000000080000128 (0x000054fd) c.li    s1, -1
3 0x0000000080000128 (0x000054fd) x 9 0xffffffffffffffff
core   0: 0x000000008000012a (0x00008c85) c.sub   s1, s1
3 0x000000008000012a (0x00008c85) x 9 0x0000000000000000
core   0: 0x000000008000012c (0x0000c489) c.beqz  s1, pc + 10
3 0x000000008000012c (0x0000c489)
core   0: 0x0000000080000136 (0x0000c026) c.swsp  s1, 0(sp)
3 0x0000000080000136 (0x0000c026)
core   0: 0x0000000080000138 (0x00002117) auipc   sp, 0x2
3 0x0000000080000138 (0x00002117) x 2 0x0000000080002138
core   0: 0x000000008000013c (0xed410113) addi    sp, sp, -300
3 0x000000008000013c (0xed410113) x 2 0x000000008000200c
core   0: 0x0000000080000140 (0x000085b7) lui     a1, 0x8
3 0x0000000080000140 (0x000085b7) x11 0x0000000000008000
core   0: 0x0000000080000144 (0xfff5859b) addiw   a1, a1, -1
3 0x0000000080000144 (0xfff5859b) x11 0x0000000000007fff
core   0: 0x0000000080000148 (0x00008d8d) c.sub   a1, a1
3 0x0000000080000148 (0x00008d8d) x11 0x0000000000000000
core   0: 0x000000008000014a (0x0000c589) c.beqz  a1, pc + 10
3 0x000000008000014a (0x0000c589)
core   0: 0x0000000080000154 (0x0000c02e) c.swsp  a1, 0(sp)
3 0x0000000080000154 (0x0000c02e)
core   0: 0x0000000080000156 (0x00002117) auipc   sp, 0x2
3 0x0000000080000156 (0x00002117) x 2 0x0000000080002156
core   0: 0x000000008000015a (0xeba10113) addi    sp, sp, -326
3 0x000000008000015a (0xeba10113) x 2 0x0000000080002010
core   0: 0x000000008000015e (0x00006621) c.lui   a2, 0x8
3 0x000000008000015e (0x00006621) x12 0x0000000000008000
core   0: 0x0000000080000160 (0x00008e11) c.sub   a2, a2
3 0x0000000080000160 (0x00008e11) x12 0x0000000000000000
core   0: 0x0000000080000162 (0x0000c609) c.beqz  a2, pc + 10
3 0x0000000080000162 (0x0000c609)
core   0: 0x000000008000016c (0x0000c032) c.swsp  a2, 0(sp)
3 0x000000008000016c (0x0000c032)
core   0: 0x000000008000016e (0x0ff0000f) fence   iorw,iorw
3 0x000000008000016e (0x0ff0000f)
core   0: 0x0000000080000172 (0x00004185) c.li    gp, 1
3 0x0000000080000172 (0x00004185) x 3 0x0000000000000001
core   0: 0x0000000080000174 (0x00000073) ecall
3 0x0000000080000174 (0x00000073)
