core   0: 0x0000000000010000 (0x00100413) li      s0, 1
3 0x0000000000010000 (0x00100413) x 8 0x0000000000000001
core   0: 0x0000000000010004 (0x01f41413) slli    s0, s0, 31
3 0x0000000000010004 (0x01f41413) x 8 0x0000000080000000
core   0: 0x0000000000010008 (0xf1402573) csrr    a0, mhartid
3 0x0000000000010008 (0xf1402573) x10 0x0000000000000000
core   0: 0x000000000001000c (0x00000597) auipc   a1, 0x0
3 0x000000000001000c (0x00000597) x11 0x000000000001000c
core   0: 0x0000000000010010 (0x07458593) addi    a1, a1, 116
3 0x0000000000010010 (0x07458593) x11 0x0000000000010080
core   0: 0x0000000000010014 (0x00040067) jr      s0
3 0x0000000000010014 (0x00040067)
core   0: 0x0000000080000000 (0x0000a081) c.j     pc + 64
3 0x0000000080000000 (0x0000a081)
core   0: 0x0000000080000040 (0xf1402573) csrr    a0, mhartid
3 0x0000000080000040 (0xf1402573) x10 0x0000000000000000
core   0: 0x0000000080000044 (0x0000e101) c.bnez  a0, pc + 0
3 0x0000000080000044 (0x0000e101)
core   0: 0x0000000080000046 (0x00000297) auipc   t0, 0x0
3 0x0000000080000046 (0x00000297) x 5 0x0000000080000046
core   0: 0x000000008000004a (0x01228293) addi    t0, t0, 18
3 0x000000008000004a (0x01228293) x 5 0x0000000080000058
core   0: 0x000000008000004e (0x30529073) csrw    mtvec, t0
3 0x000000008000004e (0x30529073)
core   0: 0x0000000080000052 (0x18005073) csrwi   satp, 0
3 0x0000000080000052 (0x18005073)
core   0: 0x0000000080000056 (0x00000001) c.nop
3 0x0000000080000056 (0x00000001)
core   0: 0x0000000080000058 (0x00000297) auipc   t0, 0x0
3 0x0000000080000058 (0x00000297) x 5 0x0000000080000058
core   0: 0x000000008000005c (0x01828293) addi    t0, t0, 24
3 0x000000008000005c (0x01828293) x 5 0x0000000080000070
core   0: 0x0000000080000060 (0x30529073) csrw    mtvec, t0
3 0x0000000080000060 (0x30529073)
core   0: 0x0000000080000064 (0x000052fd) c.li    t0, -1
3 0x0000000080000064 (0x000052fd) x 5 0xffffffffffffffff
core   0: 0x0000000080000066 (0x3b029073) csrw    pmpaddr0, t0
3 0x0000000080000066 (0x3b029073)
core   0: 0x000000008000006a (0x000042fd) c.li    t0, 31
3 0x000000008000006a (0x000042fd) x 5 0x000000000000001f
core   0: 0x000000008000006c (0x3a029073) csrw    pmpcfg0, t0
3 0x000000008000006c (0x3a029073)
core   0: 0x0000000080000070 (0x00000297) auipc   t0, 0x0
3 0x0000000080000070 (0x00000297) x 5 0x0000000080000070
core   0: 0x0000000080000074 (0x01828293) addi    t0, t0, 24
3 0x0000000080000074 (0x01828293) x 5 0x0000000080000088
core   0: 0x0000000080000078 (0x30529073) csrw    mtvec, t0
3 0x0000000080000078 (0x30529073)
core   0: 0x000000008000007c (0x30205073) csrwi   medeleg, 0
3 0x000000008000007c (0x30205073)
core   0: 0x0000000080000080 (0x30305073) csrwi   mideleg, 0
3 0x0000000080000080 (0x30305073)
core   0: 0x0000000080000084 (0x30405073) csrwi   mie, 0
3 0x0000000080000084 (0x30405073)
core   0: 0x0000000080000088 (0x00004181) c.li    gp, 0
3 0x0000000080000088 (0x00004181) x 3 0x0000000000000000
core   0: 0x000000008000008a (0x00000297) auipc   t0, 0x0
3 0x000000008000008a (0x00000297) x 5 0x000000008000008a
core   0: 0x000000008000008e (0xf7a28293) addi    t0, t0, -134
3 0x000000008000008e (0xf7a28293) x 5 0x0000000080000004
core   0: 0x0000000080000092 (0x30529073) csrw    mtvec, t0
3 0x0000000080000092 (0x30529073)
core   0: 0x0000000080000096 (0x00004505) c.li    a0, 1
3 0x0000000080000096 (0x00004505) x10 0x0000000000000001
core   0: 0x0000000080000098 (0x0000057e) c.slli  a0, 31
3 0x0000000080000098 (0x0000057e) x10 0x0000000080000000
core   0: 0x000000008000009a (0x00055763) bgez    a0, pc + 14
3 0x000000008000009a (0x00055763)
core   0: 0x00000000800000a8 (0x80000297) auipc   t0, 0x80000
3 0x00000000800000a8 (0x80000297) x 5 0x00000000000000a8
core   0: 0x00000000800000ac (0xf5828293) addi    t0, t0, -168
3 0x00000000800000ac (0xf5828293) x 5 0x0000000000000000
core   0: 0x00000000800000b0 (0x00028e63) beqz    t0, pc + 28
3 0x00000000800000b0 (0x00028e63)
core   0: 0x00000000800000cc (0x30005073) csrwi   mstatus, 0
3 0x00000000800000cc (0x30005073)
core   0: 0x00000000800000d0 (0x00002537) lui     a0, 0x2
3 0x00000000800000d0 (0x00002537) x10 0x0000000000002000
core   0: 0x00000000800000d4 (0x8005051b) addiw   a0, a0, -2048
3 0x00000000800000d4 (0x8005051b) x10 0x0000000000001800
core   0: 0x00000000800000d8 (0x30052073) csrs    mstatus, a0
3 0x00000000800000d8 (0x30052073)
core   0: 0x00000000800000dc (0x00000297) auipc   t0, 0x0
3 0x00000000800000dc (0x00000297) x 5 0x00000000800000dc
core   0: 0x00000000800000e0 (0x01428293) addi    t0, t0, 20
3 0x00000000800000e0 (0x01428293) x 5 0x00000000800000f0
core   0: 0x00000000800000e4 (0x34129073) csrw    mepc, t0
3 0x00000000800000e4 (0x34129073)
core   0: 0x00000000800000e8 (0xf1402573) csrr    a0, mhartid
3 0x00000000800000e8 (0xf1402573) x10 0x0000000000000000
core   0: 0x00000000800000ec (0x30200073) mret
3 0x00000000800000ec (0x30200073)
core   0: 0x00000000800000f0 (0x00002117) auipc   sp, 0x2
3 0x00000000800000f0 (0x00002117) x 2 0x00000000800020f0
core   0: 0x00000000800000f4 (0xf1010113) addi    sp, sp, -240
3 0x00000000800000f4 (0xf1010113) x 2 0x0000000080002000
core   0: 0x00000000800000f8 (0x00004401) c.li    s0, 0
3 0x00000000800000f8 (0x00004401) x 8 0x0000000000000000
core   0: 0x00000000800000fa (0x00002617) auipc   a2, 0x2
3 0x00000000800000fa (0x00002617) x12 0x00000000800020fa
core   0: 0x00000000800000fe (0xf1a60613) addi    a2, a2, -230
3 0x00000000800000fe (0xf1a60613) x12 0x0000000080002014
core   0: 0x0000000080000102 (0x0000c200) c.sw    s0, 0(a2)
3 0x0000000080000102 (0x0000c200)
core   0: 0x0000000080000104 (0x00004200) c.lw    s0, 0(a2)
3 0x0000000080000104 (0x00004200) x 8 0x0000000000000000
core   0: 0x0000000080000106 (0x0000c022) c.swsp  s0, 0(sp)
3 0x0000000080000106 (0x0000c022)
core   0: 0x0000000080000108 (0x00002117) auipc   sp, 0x2
3 0x0000000080000108 (0x00002117) x 2 0x0000000080002108
core   0: 0x000000008000010c (0xefc10113) addi    sp, sp, -260
3 0x000000008000010c (0xefc10113) x 2 0x0000000080002004
core   0: 0x0000000080000110 (0x00004485) c.li    s1, 1
3 0x0000000080000110 (0x00004485) x 9 0x0000000000000001
core   0: 0x0000000080000112 (0x00002797) auipc   a5, 0x2
3 0x0000000080000112 (0x00002797) x15 0x0000000080002112
core   0: 0x0000000080000116 (0xf0278793) addi    a5, a5, -254
3 0x0000000080000116 (0xf0278793) x15 0x0000000080002014
core   0: 0x000000008000011a (0x0000c3c4) c.sw    s1, 4(a5)
3 0x000000008000011a (0x0000c3c4)
core   0: 0x000000008000011c (0x000043c4) c.lw    s1, 4(a5)
3 0x000000008000011c (0x000043c4) x 9 0x0000000000000001
core   0: 0x000000008000011e (0x0000c026) c.swsp  s1, 0(sp)
3 0x000000008000011e (0x0000c026)
core   0: 0x0000000080000120 (0x00002117) auipc   sp, 0x2
3 0x0000000080000120 (0x00002117) x 2 0x0000000080002120
core   0: 0x0000000080000124 (0xee810113) addi    sp, sp, -280
3 0x0000000080000124 (0xee810113) x 2 0x0000000080002008
core   0: 0x0000000080000128 (0x0000557d) c.li    a0, -1
3 0x0000000080000128 (0x0000557d) x10 0xffffffffffffffff
core   0: 0x000000008000012a (0x00002497) auipc   s1, 0x2
3 0x000000008000012a (0x00002497) x 9 0x000000008000212a
core   0: 0x000000008000012e (0xeea48493) addi    s1, s1, -278
3 0x000000008000012e (0xeea48493) x 9 0x0000000080002014
core   0: 0x0000000080000132 (0x0000c488) c.sw    a0, 8(s1)
3 0x0000000080000132 (0x0000c488)
core   0: 0x0000000080000134 (0x00004488) c.lw    a0, 8(s1)
3 0x0000000080000134 (0x00004488) x10 0xffffffffffffffff
core   0: 0x0000000080000136 (0x0000c02a) c.swsp  a0, 0(sp)
3 0x0000000080000136 (0x0000c02a)
core   0: 0x0000000080000138 (0x00002117) auipc   sp, 0x2
3 0x0000000080000138 (0x00002117) x 2 0x0000000080002138
core   0: 0x000000008000013c (0xed410113) addi    sp, sp, -300
3 0x000000008000013c (0xed410113) x 2 0x000000008000200c
core   0: 0x0000000080000140 (0x000086b7) lui     a3, 0x8
3 0x0000000080000140 (0x000086b7) x13 0x0000000000008000
core   0: 0x0000000080000144 (0xfff6869b) addiw   a3, a3, -1
3 0x0000000080000144 (0xfff6869b) x13 0x0000000000007fff
core   0: 0x0000000080000148 (0x00002717) auipc   a4, 0x2
3 0x0000000080000148 (0x00002717) x14 0x0000000080002148
core   0: 0x000000008000014c (0xecc70713) addi    a4, a4, -308
3 0x000000008000014c (0xecc70713) x14 0x0000000080002014
core   0: 0x0000000080000150 (0x0000cb14) c.sw    a3, 16(a4)
3 0x0000000080000150 (0x0000cb14)
core   0: 0x0000000080000152 (0x00004b14) c.lw    a3, 16(a4)
3 0x0000000080000152 (0x00004b14) x13 0x0000000000007fff
core   0: 0x0000000080000154 (0x0000c036) c.swsp  a3, 0(sp)
3 0x0000000080000154 (0x0000c036)
core   0: 0x0000000080000156 (0x00002117) auipc   sp, 0x2
3 0x0000000080000156 (0x00002117) x 2 0x0000000080002156
core   0: 0x000000008000015a (0xeba10113) addi    sp, sp, -326
3 0x000000008000015a (0xeba10113) x 2 0x0000000080002010
core   0: 0x000000008000015e (0x000067a1) c.lui   a5, 0x8
3 0x000000008000015e (0x000067a1) x15 0x0000000000008000
core   0: 0x0000000080000160 (0x00002617) auipc   a2, 0x2
3 0x0000000080000160 (0x00002617) x12 0x0000000080002160
core   0: 0x0000000080000164 (0xeb460613) addi    a2, a2, -332
3 0x0000000080000164 (0xeb460613) x12 0x0000000080002014
core   0: 0x0000000080000168 (0x0000de7c) c.sw    a5, 124(a2)
3 0x0000000080000168 (0x0000de7c)
core   0: 0x000000008000016a (0x00005e7c) c.lw    a5, 124(a2)
3 0x000000008000016a (0x00005e7c) x15 0x0000000000008000
core   0: 0x000000008000016c (0x0000c03e) c.swsp  a5, 0(sp)
3 0x000000008000016c (0x0000c03e)
core   0: 0x000000008000016e (0x0ff0000f) fence   iorw,iorw
3 0x000000008000016e (0x0ff0000f)
core   0: 0x0000000080000172 (0x00004185) c.li    gp, 1
3 0x0000000080000172 (0x00004185) x 3 0x0000000000000001
core   0: 0x0000000080000174 (0x00000073) ecall
3 0x0000000080000174 (0x00000073)
