core   0: 0x0000000000010000 (0x00100413) li      s0, 1
3 0x0000000000010000 (0x00100413) x 8 0x0000000000000001
core   0: 0x0000000000010004 (0x01f41413) slli    s0, s0, 31
3 0x0000000000010004 (0x01f41413) x 8 0x0000000080000000
core   0: 0x0000000000010008 (0xf1402573) csrr    a0, mhartid
3 0x0000000000010008 (0xf1402573) x10 0x0000000000000000
core   0: 0x000000000001000c (0x00000597) auipc   a1, 0x0
3 0x000000000001000c (0x00000597) x11 0x000000000001000c
core   0: 0x0000000000010010 (0x07458593) addi    a1, a1, 116
3 0x0000000000010010 (0x07458593) x11 0x0000000000010080
core   0: 0x0000000000010014 (0x00040067) jr      s0
3 0x0000000000010014 (0x00040067)
core   0: 0x0000000080000000 (0x0000a081) c.j     pc + 64
3 0x0000000080000000 (0x0000a081)
core   0: 0x0000000080000040 (0xf1402573) csrr    a0, mhartid
3 0x0000000080000040 (0xf1402573) x10 0x0000000000000000
core   0: 0x0000000080000044 (0x0000e101) c.bnez  a0, pc + 0
3 0x0000000080000044 (0x0000e101)
core   0: 0x0000000080000046 (0x00000297) auipc   t0, 0x0
3 0x0000000080000046 (0x00000297) x 5 0x0000000080000046
core   0: 0x000000008000004a (0x01228293) addi    t0, t0, 18
3 0x000000008000004a (0x01228293) x 5 0x0000000080000058
core   0: 0x000000008000004e (0x30529073) csrw    mtvec, t0
3 0x000000008000004e (0x30529073)
core   0: 0x0000000080000052 (0x18005073) csrwi   satp, 0
3 0x0000000080000052 (0x18005073)
core   0: 0x0000000080000056 (0x00000001) c.nop
3 0x0000000080000056 (0x00000001)
core   0: 0x0000000080000058 (0x00000297) auipc   t0, 0x0
3 0x0000000080000058 (0x00000297) x 5 0x0000000080000058
core   0: 0x000000008000005c (0x01828293) addi    t0, t0, 24
3 0x000000008000005c (0x01828293) x 5 0x0000000080000070
core   0: 0x0000000080000060 (0x30529073) csrw    mtvec, t0
3 0x0000000080000060 (0x30529073)
core   0: 0x0000000080000064 (0x000052fd) c.li    t0, -1
3 0x0000000080000064 (0x000052fd) x 5 0xffffffffffffffff
core   0: 0x0000000080000066 (0x3b029073) csrw    pmpaddr0, t0
3 0x0000000080000066 (0x3b029073)
core   0: 0x000000008000006a (0x000042fd) c.li    t0, 31
3 0x000000008000006a (0x000042fd) x 5 0x000000000000001f
core   0: 0x000000008000006c (0x3a029073) csrw    pmpcfg0, t0
3 0x000000008000006c (0x3a029073)
core   0: 0x0000000080000070 (0x00000297) auipc   t0, 0x0
3 0x0000000080000070 (0x00000297) x 5 0x0000000080000070
core   0: 0x0000000080000074 (0x01828293) addi    t0, t0, 24
3 0x0000000080000074 (0x01828293) x 5 0x0000000080000088
core   0: 0x0000000080000078 (0x30529073) csrw    mtvec, t0
3 0x0000000080000078 (0x30529073)
core   0: 0x000000008000007c (0x30205073) csrwi   medeleg, 0
3 0x000000008000007c (0x30205073)
core   0: 0x0000000080000080 (0x30305073) csrwi   mideleg, 0
3 0x0000000080000080 (0x30305073)
core   0: 0x0000000080000084 (0x30405073) csrwi   mie, 0
3 0x0000000080000084 (0x30405073)
core   0: 0x0000000080000088 (0x00004181) c.li    gp, 0
3 0x0000000080000088 (0x00004181) x 3 0x0000000000000000
core   0: 0x000000008000008a (0x00000297) auipc   t0, 0x0
3 0x000000008000008a (0x00000297) x 5 0x000000008000008a
core   0: 0x000000008000008e (0xf7a28293) addi    t0, t0, -134
3 0x000000008000008e (0xf7a28293) x 5 0x0000000080000004
core   0: 0x0000000080000092 (0x30529073) csrw    mtvec, t0
3 0x0000000080000092 (0x30529073)
core   0: 0x0000000080000096 (0x00004505) c.li    a0, 1
3 0x0000000080000096 (0x00004505) x10 0x0000000000000001
core   0: 0x0000000080000098 (0x0000057e) c.slli  a0, 31
3 0x0000000080000098 (0x0000057e) x10 0x0000000080000000
core   0: 0x000000008000009a (0x00055d63) bgez    a0, pc + 26
3 0x000000008000009a (0x00055d63)
core   0: 0x00000000800000b4 (0x00000297) auipc   t0, 0x0
3 0x00000000800000b4 (0x00000297) x 5 0x00000000800000b4
core   0: 0x00000000800000b8 (0x1d828293) addi    t0, t0, 472
3 0x00000000800000b8 (0x1d828293) x 5 0x000000008000028c
core   0: 0x00000000800000bc (0x00028e63) beqz    t0, pc + 28
3 0x00000000800000bc (0x00028e63)
core   0: 0x00000000800000c0 (0x10529073) csrw    stvec, t0
3 0x00000000800000c0 (0x10529073)
core   0: 0x00000000800000c4 (0x0000b2b7) lui     t0, 0xb
3 0x00000000800000c4 (0x0000b2b7) x 5 0x000000000000b000
core   0: 0x00000000800000c8 (0x1092829b) addiw   t0, t0, 265
3 0x00000000800000c8 (0x1092829b) x 5 0x000000000000b109
core   0: 0x00000000800000cc (0x30229073) csrw    medeleg, t0
3 0x00000000800000cc (0x30229073)
core   0: 0x00000000800000d0 (0x30202373) csrr    t1, medeleg
3 0x00000000800000d0 (0x30202373) x 6 0x000000000000b109
core   0: 0x00000000800000d4 (0xf4629fe3) bne     t0, t1, pc - 162
3 0x00000000800000d4 (0xf4629fe3)
core   0: 0x00000000800000d8 (0x30005073) csrwi   mstatus, 0
3 0x00000000800000d8 (0x30005073)
core   0: 0x00000000800000dc (0x00001537) lui     a0, 0x1
3 0x00000000800000dc (0x00001537) x10 0x0000000000001000
core   0: 0x00000000800000e0 (0x8005051b) addiw   a0, a0, -2048
3 0x00000000800000e0 (0x8005051b) x10 0x0000000000000800
core   0: 0x00000000800000e4 (0x30052073) csrs    mstatus, a0
3 0x00000000800000e4 (0x30052073)
core   0: 0x00000000800000e8 (0x02200513) li      a0, 34
3 0x00000000800000e8 (0x02200513) x10 0x0000000000000022
core   0: 0x00000000800000ec (0x30352073) csrs    mideleg, a0
3 0x00000000800000ec (0x30352073)
core   0: 0x00000000800000f0 (0x00000297) auipc   t0, 0x0
3 0x00000000800000f0 (0x00000297) x 5 0x00000000800000f0
core   0: 0x00000000800000f4 (0x01428293) addi    t0, t0, 20
3 0x00000000800000f4 (0x01428293) x 5 0x0000000080000104
core   0: 0x00000000800000f8 (0x34129073) csrw    mepc, t0
3 0x00000000800000f8 (0x34129073)
core   0: 0x00000000800000fc (0xf1402573) csrr    a0, mhartid
3 0x00000000800000fc (0xf1402573) x10 0x0000000000000000
core   0: 0x0000000080000100 (0x30200073) mret
3 0x0000000080000100 (0x30200073)
core   0: 0x0000000080000104 (0x10002573) csrr    a0, sstatus
1 0x0000000080000104 (0x10002573) x10 0x0000000200000000
core   0: 0x0000000080000108 (0x0030059b) addiw   a1, zero, 3
1 0x0000000080000108 (0x0030059b) x11 0x0000000000000003
core   0: 0x000000008000010c (0x02059593) slli    a1, a1, 32
1 0x000000008000010c (0x02059593) x11 0x0000000300000000
core   0: 0x0000000080000110 (0x00008d6d) c.and   a0, a1
1 0x0000000080000110 (0x00008d6d) x10 0x0000000200000000
core   0: 0x0000000080000112 (0x00100e9b) addiw   t4, zero, 1
1 0x0000000080000112 (0x00100e9b) x29 0x0000000000000001
core   0: 0x0000000080000116 (0x021e9e93) slli    t4, t4, 33
1 0x0000000080000116 (0x021e9e93) x29 0x0000000200000000
core   0: 0x000000008000011a (0x000041b5) c.li    gp, 13
1 0x000000008000011a (0x000041b5) x 3 0x000000000000000d
core   0: 0x000000008000011c (0x00002e17) auipc   t3, 0x2
1 0x000000008000011c (0x00002e17) x28 0x000000008000211c
core   0: 0x0000000080000120 (0xef4e0e13) addi    t3, t3, -268
1 0x0000000080000120 (0xef4e0e13) x28 0x0000000080002010
core   0: 0x0000000080000124 (0x02ae2a23) sw      a0, 52(t3)
1 0x0000000080000124 (0x02ae2a23)
core   0: 0x0000000080000128 (0x13d51b63) bne     a0, t4, pc + 310
1 0x0000000080000128 (0x13d51b63)
core   0: 0x000000008000012c (0x1401d073) csrwi   sscratch, 3
1 0x000000008000012c (0x1401d073)
core   0: 0x0000000080000130 (0x14002573) csrr    a0, sscratch
1 0x0000000080000130 (0x14002573) x10 0x0000000000000003
core   0: 0x0000000080000134 (0x00004e8d) c.li    t4, 3
1 0x0000000080000134 (0x00004e8d) x29 0x0000000000000003
core   0: 0x0000000080000136 (0x00004189) c.li    gp, 2
1 0x0000000080000136 (0x00004189) x 3 0x0000000000000002
core   0: 0x0000000080000138 (0x00002e17) auipc   t3, 0x2
1 0x0000000080000138 (0x00002e17) x28 0x0000000080002138
core   0: 0x000000008000013c (0xed8e0e13) addi    t3, t3, -296
1 0x000000008000013c (0xed8e0e13) x28 0x0000000080002010
core   0: 0x0000000080000140 (0x00ae2423) sw      a0, 8(t3)
1 0x0000000080000140 (0x00ae2423)
core   0: 0x0000000080000144 (0x11d51d63) bne     a0, t4, pc + 282
1 0x0000000080000144 (0x11d51d63)
core   0: 0x0000000080000148 (0x1400f5f3) csrrci  a1, sscratch, 1
1 0x0000000080000148 (0x1400f5f3) x11 0x0000000000000003
core   0: 0x000000008000014c (0x00004e8d) c.li    t4, 3
1 0x000000008000014c (0x00004e8d) x29 0x0000000000000003
core   0: 0x000000008000014e (0x0000418d) c.li    gp, 3
1 0x000000008000014e (0x0000418d) x 3 0x0000000000000003
core   0: 0x0000000080000150 (0x00002e17) auipc   t3, 0x2
1 0x0000000080000150 (0x00002e17) x28 0x0000000080002150
core   0: 0x0000000080000154 (0xec0e0e13) addi    t3, t3, -320
1 0x0000000080000154 (0xec0e0e13) x28 0x0000000080002010
core   0: 0x0000000080000158 (0x00be2623) sw      a1, 12(t3)
1 0x0000000080000158 (0x00be2623)
core   0: 0x000000008000015c (0x11d59163) bne     a1, t4, pc + 258
1 0x000000008000015c (0x11d59163)
core   0: 0x0000000080000160 (0x14026673) csrrsi  a2, sscratch, 4
1 0x0000000080000160 (0x14026673) x12 0x0000000000000002
core   0: 0x0000000080000164 (0x00004e89) c.li    t4, 2
1 0x0000000080000164 (0x00004e89) x29 0x0000000000000002
core   0: 0x0000000080000166 (0x00004191) c.li    gp, 4
1 0x0000000080000166 (0x00004191) x 3 0x0000000000000004
core   0: 0x0000000080000168 (0x00002e17) auipc   t3, 0x2
1 0x0000000080000168 (0x00002e17) x28 0x0000000080002168
core   0: 0x000000008000016c (0xea8e0e13) addi    t3, t3, -344
1 0x000000008000016c (0xea8e0e13) x28 0x0000000080002010
core   0: 0x0000000080000170 (0x00ce2823) sw      a2, 16(t3)
1 0x0000000080000170 (0x00ce2823)
core   0: 0x0000000080000174 (0x0fd61563) bne     a2, t4, pc + 234
1 0x0000000080000174 (0x0fd61563)
core   0: 0x0000000080000178 (0x140156f3) csrrwi  a3, sscratch, 2
1 0x0000000080000178 (0x140156f3) x13 0x0000000000000006
core   0: 0x000000008000017c (0x00004e99) c.li    t4, 6
1 0x000000008000017c (0x00004e99) x29 0x0000000000000006
core   0: 0x000000008000017e (0x00004195) c.li    gp, 5
1 0x000000008000017e (0x00004195) x 3 0x0000000000000005
core   0: 0x0000000080000180 (0x00002e17) auipc   t3, 0x2
1 0x0000000080000180 (0x00002e17) x28 0x0000000080002180
core   0: 0x0000000080000184 (0xe90e0e13) addi    t3, t3, -368
1 0x0000000080000184 (0xe90e0e13) x28 0x0000000080002010
core   0: 0x0000000080000188 (0x00de2a23) sw      a3, 20(t3)
1 0x0000000080000188 (0x00de2a23)
core   0: 0x000000008000018c (0x0dd69963) bne     a3, t4, pc + 210
1 0x000000008000018c (0x0dd69963)
core   0: 0x0000000080000190 (0x0bad2537) lui     a0, 0xbad2
1 0x0000000080000190 (0x0bad2537) x10 0x000000000bad2000
core   0: 0x0000000080000194 (0xdea5051b) addiw   a0, a0, -534
1 0x0000000080000194 (0xdea5051b) x10 0x000000000bad1dea
core   0: 0x0000000080000198 (0x140515f3) csrrw   a1, sscratch, a0
1 0x0000000080000198 (0x140515f3) x11 0x0000000000000002
core   0: 0x000000008000019c (0x00004e89) c.li    t4, 2
1 0x000000008000019c (0x00004e89) x29 0x0000000000000002
core   0: 0x000000008000019e (0x00004199) c.li    gp, 6
1 0x000000008000019e (0x00004199) x 3 0x0000000000000006
core   0: 0x00000000800001a0 (0x00002e17) auipc   t3, 0x2
1 0x00000000800001a0 (0x00002e17) x28 0x00000000800021a0
core   0: 0x00000000800001a4 (0xe70e0e13) addi    t3, t3, -400
1 0x00000000800001a4 (0xe70e0e13) x28 0x0000000080002010
core   0: 0x00000000800001a8 (0x00be2c23) sw      a1, 24(t3)
1 0x00000000800001a8 (0x00be2c23)
core   0: 0x00000000800001ac (0x0bd59963) bne     a1, t4, pc + 178
1 0x00000000800001ac (0x0bd59963)
core   0: 0x00000000800001b0 (0x00002537) lui     a0, 0x2
1 0x00000000800001b0 (0x00002537) x10 0x0000000000002000
core   0: 0x00000000800001b4 (0xdea5051b) addiw   a0, a0, -534
1 0x00000000800001b4 (0xdea5051b) x10 0x0000000000001dea
core   0: 0x00000000800001b8 (0x14053573) csrrc   a0, sscratch, a0
1 0x00000000800001b8 (0x14053573) x10 0x000000000bad1dea
core   0: 0x00000000800001bc (0x0bad2eb7) lui     t4, 0xbad2
1 0x00000000800001bc (0x0bad2eb7) x29 0x000000000bad2000
core   0: 0x00000000800001c0 (0xdeae8e9b) addiw   t4, t4, -534
1 0x00000000800001c0 (0xdeae8e9b) x29 0x000000000bad1dea
core   0: 0x00000000800001c4 (0x0000419d) c.li    gp, 7
1 0x00000000800001c4 (0x0000419d) x 3 0x0000000000000007
core   0: 0x00000000800001c6 (0x00002e17) auipc   t3, 0x2
1 0x00000000800001c6 (0x00002e17) x28 0x00000000800021c6
core   0: 0x00000000800001ca (0xe4ae0e13) addi    t3, t3, -438
1 0x00000000800001ca (0xe4ae0e13) x28 0x0000000080002010
core   0: 0x00000000800001ce (0x00ae2e23) sw      a0, 28(t3)
1 0x00000000800001ce (0x00ae2e23)
core   0: 0x00000000800001d2 (0x09d51663) bne     a0, t4, pc + 140
1 0x00000000800001d2 (0x09d51663)
core   0: 0x00000000800001d6 (0x0000c537) lui     a0, 0xc
1 0x00000000800001d6 (0x0000c537) x10 0x000000000000c000
core   0: 0x00000000800001da (0xeef5051b) addiw   a0, a0, -273
1 0x00000000800001da (0xeef5051b) x10 0x000000000000beef
core   0: 0x00000000800001de (0x14052573) csrrs   a0, sscratch, a0
1 0x00000000800001de (0x14052573) x10 0x000000000bad0000
core   0: 0x00000000800001e2 (0x0bad0eb7) lui     t4, 0xbad0
1 0x00000000800001e2 (0x0bad0eb7) x29 0x000000000bad0000
core   0: 0x00000000800001e6 (0x000041a1) c.li    gp, 8
1 0x00000000800001e6 (0x000041a1) x 3 0x0000000000000008
core   0: 0x00000000800001e8 (0x00002e17) auipc   t3, 0x2
1 0x00000000800001e8 (0x00002e17) x28 0x00000000800021e8
core   0: 0x00000000800001ec (0xe28e0e13) addi    t3, t3, -472
1 0x00000000800001ec (0xe28e0e13) x28 0x0000000080002010
core   0: 0x00000000800001f0 (0x02ae2023) sw      a0, 32(t3)
1 0x00000000800001f0 (0x02ae2023)
core   0: 0x00000000800001f4 (0x07d51563) bne     a0, t4, pc + 106
1 0x00000000800001f4 (0x07d51563)
core   0: 0x00000000800001f8 (0x14002573) csrr    a0, sscratch
1 0x00000000800001f8 (0x14002573) x10 0x000000000badbeef
core   0: 0x00000000800001fc (0x0badceb7) lui     t4, 0xbadc
1 0x00000000800001fc (0x0badceb7) x29 0x000000000badc000
core   0: 0x0000000080000200 (0xeefe8e9b) addiw   t4, t4, -273
1 0x0000000080000200 (0xeefe8e9b) x29 0x000000000badbeef
core   0: 0x0000000080000204 (0x000041a5) c.li    gp, 9
1 0x0000000080000204 (0x000041a5) x 3 0x0000000000000009
core   0: 0x0000000080000206 (0x00002e17) auipc   t3, 0x2
1 0x0000000080000206 (0x00002e17) x28 0x0000000080002206
core   0: 0x000000008000020a (0xe0ae0e13) addi    t3, t3, -502
1 0x000000008000020a (0xe0ae0e13) x28 0x0000000080002010
core   0: 0x000000008000020e (0x02ae2223) sw      a0, 36(t3)
1 0x000000008000020e (0x02ae2223)
core   0: 0x0000000080000212 (0x05d51663) bne     a0, t4, pc + 76
1 0x0000000080000212 (0x05d51663)
core   0: 0x0000000080000216 (0x10000293) li      t0, 256
1 0x0000000080000216 (0x10000293) x 5 0x0000000000000100
core   0: 0x000000008000021a (0x1002b073) csrc    sstatus, t0
1 0x000000008000021a (0x1002b073)
core   0: 0x000000008000021e (0x00000297) auipc   t0, 0x0
1 0x000000008000021e (0x00000297) x 5 0x000000008000021e
core   0: 0x0000000080000222 (0x01028293) addi    t0, t0, 16
1 0x0000000080000222 (0x01028293) x 5 0x000000008000022e
core   0: 0x0000000080000226 (0x14129073) csrw    sepc, t0
1 0x0000000080000226 (0x14129073)
core   0: 0x000000008000022a (0x10200073) sret
1 0x000000008000022a (0x10200073)
core   0: 0x000000008000022e (0x00000001) c.nop
0 0x000000008000022e (0x00000001)
core   0: 0x0000000080000230 (0x00004e81) c.li    t4, 0
0 0x0000000080000230 (0x00004e81) x29 0x0000000000000000
core   0: 0x0000000080000232 (0x000041b1) c.li    gp, 12
0 0x0000000080000232 (0x000041b1) x 3 0x000000000000000c
core   0: 0x0000000080000234 (0x00002e17) auipc   t3, 0x2
0 0x0000000080000234 (0x00002e17) x28 0x0000000080002234
core   0: 0x0000000080000238 (0xddce0e13) addi    t3, t3, -548
0 0x0000000080000238 (0xddce0e13) x28 0x0000000080002010
core   0: 0x000000008000023c (0x020e2823) sw      zero, 48(t3)
0 0x000000008000023c (0x020e2823)
core   0: 0x0000000080000240 (0x01d01f63) bne     zero, t4, pc + 30
0 0x0000000080000240 (0x01d01f63)
core   0: 0x0000000080000244 (0x0ff0000f) fence   iorw,iorw
0 0x0000000080000244 (0x0ff0000f)
core   0: 0x0000000080000248 (0x00004185) c.li    gp, 1
0 0x0000000080000248 (0x00004185) x 3 0x0000000000000001
core   0: 0x000000008000024a (0x00002e17) auipc   t3, 0x2
0 0x000000008000024a (0x00002e17) x28 0x000000008000224a
core   0: 0x000000008000024e (0xdc6e0e13) addi    t3, t3, -570
0 0x000000008000024e (0xdc6e0e13) x28 0x0000000080002010
core   0: 0x0000000080000252 (0x003e2023) sw      gp, 0(t3)
0 0x0000000080000252 (0x003e2023)
core   0: 0x0000000080000256 (0x00000073) ecall
0 0x0000000080000256 (0x00000073)
