core   0: 0x0000000000010000 (0x00100413) li      s0, 1
3 0x0000000000010000 (0x00100413) x 8 0x0000000000000001
core   0: 0x0000000000010004 (0x01f41413) slli    s0, s0, 31
3 0x0000000000010004 (0x01f41413) x 8 0x0000000080000000
core   0: 0x0000000000010008 (0xf1402573) csrr    a0, mhartid
3 0x0000000000010008 (0xf1402573) x10 0x0000000000000000
core   0: 0x000000000001000c (0x00000597) auipc   a1, 0x0
3 0x000000000001000c (0x00000597) x11 0x000000000001000c
core   0: 0x0000000000010010 (0x07458593) addi    a1, a1, 116
3 0x0000000000010010 (0x07458593) x11 0x0000000000010080
core   0: 0x0000000000010014 (0x00040067) jr      s0
3 0x0000000000010014 (0x00040067)
core   0: 0x0000000080000000 (0x0000a081) c.j     pc + 64
3 0x0000000080000000 (0x0000a081)
core   0: 0x0000000080000040 (0xf1402573) csrr    a0, mhartid
3 0x0000000080000040 (0xf1402573) x10 0x0000000000000000
core   0: 0x0000000080000044 (0x0000e101) c.bnez  a0, pc + 0
3 0x0000000080000044 (0x0000e101)
core   0: 0x0000000080000046 (0x00000297) auipc   t0, 0x0
3 0x0000000080000046 (0x00000297) x 5 0x0000000080000046
core   0: 0x000000008000004a (0x01228293) addi    t0, t0, 18
3 0x000000008000004a (0x01228293) x 5 0x0000000080000058
core   0: 0x000000008000004e (0x30529073) csrw    mtvec, t0
3 0x000000008000004e (0x30529073)
core   0: 0x0000000080000052 (0x18005073) csrwi   satp, 0
3 0x0000000080000052 (0x18005073)
core   0: 0x0000000080000056 (0x00000001) c.nop
3 0x0000000080000056 (0x00000001)
core   0: 0x0000000080000058 (0x00000297) auipc   t0, 0x0
3 0x0000000080000058 (0x00000297) x 5 0x0000000080000058
core   0: 0x000000008000005c (0x01828293) addi    t0, t0, 24
3 0x000000008000005c (0x01828293) x 5 0x0000000080000070
core   0: 0x0000000080000060 (0x30529073) csrw    mtvec, t0
3 0x0000000080000060 (0x30529073)
core   0: 0x0000000080000064 (0x000052fd) c.li    t0, -1
3 0x0000000080000064 (0x000052fd) x 5 0xffffffffffffffff
core   0: 0x0000000080000066 (0x3b029073) csrw    pmpaddr0, t0
3 0x0000000080000066 (0x3b029073)
core   0: 0x000000008000006a (0x000042fd) c.li    t0, 31
3 0x000000008000006a (0x000042fd) x 5 0x000000000000001f
core   0: 0x000000008000006c (0x3a029073) csrw    pmpcfg0, t0
3 0x000000008000006c (0x3a029073)
core   0: 0x0000000080000070 (0x00000297) auipc   t0, 0x0
3 0x0000000080000070 (0x00000297) x 5 0x0000000080000070
core   0: 0x0000000080000074 (0x01828293) addi    t0, t0, 24
3 0x0000000080000074 (0x01828293) x 5 0x0000000080000088
core   0: 0x0000000080000078 (0x30529073) csrw    mtvec, t0
3 0x0000000080000078 (0x30529073)
core   0: 0x000000008000007c (0x30205073) csrwi   medeleg, 0
3 0x000000008000007c (0x30205073)
core   0: 0x0000000080000080 (0x30305073) csrwi   mideleg, 0
3 0x0000000080000080 (0x30305073)
core   0: 0x0000000080000084 (0x30405073) csrwi   mie, 0
3 0x0000000080000084 (0x30405073)
core   0: 0x0000000080000088 (0x00004181) c.li    gp, 0
3 0x0000000080000088 (0x00004181) x 3 0x0000000000000000
core   0: 0x000000008000008a (0x00000297) auipc   t0, 0x0
3 0x000000008000008a (0x00000297) x 5 0x000000008000008a
core   0: 0x000000008000008e (0xf7a28293) addi    t0, t0, -134
3 0x000000008000008e (0xf7a28293) x 5 0x0000000080000004
core   0: 0x0000000080000092 (0x30529073) csrw    mtvec, t0
3 0x0000000080000092 (0x30529073)
core   0: 0x0000000080000096 (0x00004505) c.li    a0, 1
3 0x0000000080000096 (0x00004505) x10 0x0000000000000001
core   0: 0x0000000080000098 (0x0000057e) c.slli  a0, 31
3 0x0000000080000098 (0x0000057e) x10 0x0000000080000000
core   0: 0x000000008000009a (0x00055d63) bgez    a0, pc + 26
3 0x000000008000009a (0x00055d63)
core   0: 0x00000000800000b4 (0x80000297) auipc   t0, 0x80000
3 0x00000000800000b4 (0x80000297) x 5 0x00000000000000b4
core   0: 0x00000000800000b8 (0xf4c28293) addi    t0, t0, -180
3 0x00000000800000b8 (0xf4c28293) x 5 0x0000000000000000
core   0: 0x00000000800000bc (0x00028e63) beqz    t0, pc + 28
3 0x00000000800000bc (0x00028e63)
core   0: 0x00000000800000d8 (0x30005073) csrwi   mstatus, 0
3 0x00000000800000d8 (0x30005073)
core   0: 0x00000000800000dc (0x00006509) c.lui   a0, 0x2
3 0x00000000800000dc (0x00006509) x10 0x0000000000002000
core   0: 0x00000000800000de (0x30052073) csrs    mstatus, a0
3 0x00000000800000de (0x30052073)
core   0: 0x00000000800000e2 (0x00305073) csrwi   fcsr, 0
3 0x00000000800000e2 (0x00305073)
core   0: 0x00000000800000e6 (0x00000297) auipc   t0, 0x0
3 0x00000000800000e6 (0x00000297) x 5 0x00000000800000e6
core   0: 0x00000000800000ea (0x01428293) addi    t0, t0, 20
3 0x00000000800000ea (0x01428293) x 5 0x00000000800000fa
core   0: 0x00000000800000ee (0x34129073) csrw    mepc, t0
3 0x00000000800000ee (0x34129073)
core   0: 0x00000000800000f2 (0xf1402573) csrr    a0, mhartid
3 0x00000000800000f2 (0xf1402573) x10 0x0000000000000000
core   0: 0x00000000800000f6 (0x30200073) mret
3 0x00000000800000f6 (0x30200073)
core   0: 0x00000000800000fa (0xfff0051b) addiw   a0, zero, -1
0 0x00000000800000fa (0xfff0051b) x10 0xffffffffffffffff
core   0: 0x00000000800000fe (0x03451513) slli    a0, a0, 52
0 0x00000000800000fe (0x03451513) x10 0xfff0000000000000
core   0: 0x0000000080000102 (0xf2050553) fmv.d.x fa0, a0
0 0x0000000080000102 (0xf2050553) f10 0xfff0000000000000
core   0: 0x0000000080000106 (0xe2051553) fclass.d a0, fa0
0 0x0000000080000106 (0xe2051553) x10 0x0000000000000001
core   0: 0x000000008000010a (0x00004e85) c.li    t4, 1
0 0x000000008000010a (0x00004e85) x29 0x0000000000000001
core   0: 0x000000008000010c (0x00004189) c.li    gp, 2
0 0x000000008000010c (0x00004189) x 3 0x0000000000000002
core   0: 0x000000008000010e (0x00002e17) auipc   t3, 0x2
0 0x000000008000010e (0x00002e17) x28 0x000000008000210e
core   0: 0x0000000080000112 (0xef2e0e13) addi    t3, t3, -270
0 0x0000000080000112 (0xef2e0e13) x28 0x0000000080002000
core   0: 0x0000000080000116 (0x00ae2423) sw      a0, 8(t3)
0 0x0000000080000116 (0x00ae2423)
core   0: 0x000000008000011a (0x17d51763) bne     a0, t4, pc + 366
0 0x000000008000011a (0x17d51763)
core   0: 0x000000008000011e (0xbff0051b) addiw   a0, zero, -1025
0 0x000000008000011e (0xbff0051b) x10 0xfffffffffffffbff
core   0: 0x0000000080000122 (0x03451513) slli    a0, a0, 52
0 0x0000000080000122 (0x03451513) x10 0xbff0000000000000
core   0: 0x0000000080000126 (0xf2050553) fmv.d.x fa0, a0
0 0x0000000080000126 (0xf2050553) f10 0xbff0000000000000
core   0: 0x000000008000012a (0xe2051553) fclass.d a0, fa0
0 0x000000008000012a (0xe2051553) x10 0x0000000000000002
core   0: 0x000000008000012e (0x00004e89) c.li    t4, 2
0 0x000000008000012e (0x00004e89) x29 0x0000000000000002
core   0: 0x0000000080000130 (0x0000418d) c.li    gp, 3
0 0x0000000080000130 (0x0000418d) x 3 0x0000000000000003
core   0: 0x0000000080000132 (0x00002e17) auipc   t3, 0x2
0 0x0000000080000132 (0x00002e17) x28 0x0000000080002132
core   0: 0x0000000080000136 (0xecee0e13) addi    t3, t3, -306
0 0x0000000080000136 (0xecee0e13) x28 0x0000000080002000
core   0: 0x000000008000013a (0x00ae2623) sw      a0, 12(t3)
0 0x000000008000013a (0x00ae2623)
core   0: 0x000000008000013e (0x15d51563) bne     a0, t4, pc + 330
0 0x000000008000013e (0x15d51563)
core   0: 0x0000000080000142 (0x8010051b) addiw   a0, zero, -2047
0 0x0000000080000142 (0x8010051b) x10 0xfffffffffffff801
core   0: 0x0000000080000146 (0x03451513) slli    a0, a0, 52
0 0x0000000080000146 (0x03451513) x10 0x8010000000000000
core   0: 0x000000008000014a (0xfff50513) addi    a0, a0, -1
0 0x000000008000014a (0xfff50513) x10 0x800fffffffffffff
core   0: 0x000000008000014e (0xf2050553) fmv.d.x fa0, a0
0 0x000000008000014e (0xf2050553) f10 0x800fffffffffffff
core   0: 0x0000000080000152 (0xe2051553) fclass.d a0, fa0
0 0x0000000080000152 (0xe2051553) x10 0x0000000000000004
core   0: 0x0000000080000156 (0x00004e91) c.li    t4, 4
0 0x0000000080000156 (0x00004e91) x29 0x0000000000000004
core   0: 0x0000000080000158 (0x00004191) c.li    gp, 4
0 0x0000000080000158 (0x00004191) x 3 0x0000000000000004
core   0: 0x000000008000015a (0x00002e17) auipc   t3, 0x2
0 0x000000008000015a (0x00002e17) x28 0x000000008000215a
core   0: 0x000000008000015e (0xea6e0e13) addi    t3, t3, -346
0 0x000000008000015e (0xea6e0e13) x28 0x0000000080002000
core   0: 0x0000000080000162 (0x00ae2823) sw      a0, 16(t3)
0 0x0000000080000162 (0x00ae2823)
core   0: 0x0000000080000166 (0x13d51163) bne     a0, t4, pc + 290
0 0x0000000080000166 (0x13d51163)
core   0: 0x000000008000016a (0xfff0051b) addiw   a0, zero, -1
0 0x000000008000016a (0xfff0051b) x10 0xffffffffffffffff
core   0: 0x000000008000016e (0x03f51513) slli    a0, a0, 63
0 0x000000008000016e (0x03f51513) x10 0x8000000000000000
core   0: 0x0000000080000172 (0xf2050553) fmv.d.x fa0, a0
0 0x0000000080000172 (0xf2050553) f10 0x8000000000000000
core   0: 0x0000000080000176 (0xe2051553) fclass.d a0, fa0
0 0x0000000080000176 (0xe2051553) x10 0x0000000000000008
core   0: 0x000000008000017a (0x00004ea1) c.li    t4, 8
0 0x000000008000017a (0x00004ea1) x29 0x0000000000000008
core   0: 0x000000008000017c (0x00004195) c.li    gp, 5
0 0x000000008000017c (0x00004195) x 3 0x0000000000000005
core   0: 0x000000008000017e (0x00002e17) auipc   t3, 0x2
0 0x000000008000017e (0x00002e17) x28 0x000000008000217e
core   0: 0x0000000080000182 (0xe82e0e13) addi    t3, t3, -382
0 0x0000000080000182 (0xe82e0e13) x28 0x0000000080002000
core   0: 0x0000000080000186 (0x00ae2a23) sw      a0, 20(t3)
0 0x0000000080000186 (0x00ae2a23)
core   0: 0x000000008000018a (0x0fd51f63) bne     a0, t4, pc + 254
0 0x000000008000018a (0x0fd51f63)
core   0: 0x000000008000018e (0x00004501) c.li    a0, 0
0 0x000000008000018e (0x00004501) x10 0x0000000000000000
core   0: 0x0000000080000190 (0xf2050553) fmv.d.x fa0, a0
0 0x0000000080000190 (0xf2050553) f10 0x0000000000000000
core   0: 0x0000000080000194 (0xe2051553) fclass.d a0, fa0
0 0x0000000080000194 (0xe2051553) x10 0x0000000000000010
core   0: 0x0000000080000198 (0x00004ec1) c.li    t4, 16
0 0x0000000080000198 (0x00004ec1) x29 0x0000000000000010
core   0: 0x000000008000019a (0x00004199) c.li    gp, 6
0 0x000000008000019a (0x00004199) x 3 0x0000000000000006
core   0: 0x000000008000019c (0x00002e17) auipc   t3, 0x2
0 0x000000008000019c (0x00002e17) x28 0x000000008000219c
core   0: 0x00000000800001a0 (0xe64e0e13) addi    t3, t3, -412
0 0x00000000800001a0 (0xe64e0e13) x28 0x0000000080002000
core   0: 0x00000000800001a4 (0x00ae2c23) sw      a0, 24(t3)
0 0x00000000800001a4 (0x00ae2c23)
core   0: 0x00000000800001a8 (0x0fd51063) bne     a0, t4, pc + 224
0 0x00000000800001a8 (0x0fd51063)
core   0: 0x00000000800001ac (0x0010051b) addiw   a0, zero, 1
0 0x00000000800001ac (0x0010051b) x10 0x0000000000000001
core   0: 0x00000000800001b0 (0x03451513) slli    a0, a0, 52
0 0x00000000800001b0 (0x03451513) x10 0x0010000000000000
core   0: 0x00000000800001b4 (0xfff50513) addi    a0, a0, -1
0 0x00000000800001b4 (0xfff50513) x10 0x000fffffffffffff
core   0: 0x00000000800001b8 (0xf2050553) fmv.d.x fa0, a0
0 0x00000000800001b8 (0xf2050553) f10 0x000fffffffffffff
core   0: 0x00000000800001bc (0xe2051553) fclass.d a0, fa0
0 0x00000000800001bc (0xe2051553) x10 0x0000000000000020
core   0: 0x00000000800001c0 (0x02000e93) li      t4, 32
0 0x00000000800001c0 (0x02000e93) x29 0x0000000000000020
core   0: 0x00000000800001c4 (0x0000419d) c.li    gp, 7
0 0x00000000800001c4 (0x0000419d) x 3 0x0000000000000007
core   0: 0x00000000800001c6 (0x00002e17) auipc   t3, 0x2
0 0x00000000800001c6 (0x00002e17) x28 0x00000000800021c6
core   0: 0x00000000800001ca (0xe3ae0e13) addi    t3, t3, -454
0 0x00000000800001ca (0xe3ae0e13) x28 0x0000000080002000
core   0: 0x00000000800001ce (0x00ae2e23) sw      a0, 28(t3)
0 0x00000000800001ce (0x00ae2e23)
core   0: 0x00000000800001d2 (0x0bd51b63) bne     a0, t4, pc + 182
0 0x00000000800001d2 (0x0bd51b63)
core   0: 0x00000000800001d6 (0x3ff0051b) addiw   a0, zero, 1023
0 0x00000000800001d6 (0x3ff0051b) x10 0x00000000000003ff
core   0: 0x00000000800001da (0x03451513) slli    a0, a0, 52
0 0x00000000800001da (0x03451513) x10 0x3ff0000000000000
core   0: 0x00000000800001de (0xf2050553) fmv.d.x fa0, a0
0 0x00000000800001de (0xf2050553) f10 0x3ff0000000000000
core   0: 0x00000000800001e2 (0xe2051553) fclass.d a0, fa0
0 0x00000000800001e2 (0xe2051553) x10 0x0000000000000040
core   0: 0x00000000800001e6 (0x04000e93) li      t4, 64
0 0x00000000800001e6 (0x04000e93) x29 0x0000000000000040
core   0: 0x00000000800001ea (0x000041a1) c.li    gp, 8
0 0x00000000800001ea (0x000041a1) x 3 0x0000000000000008
core   0: 0x00000000800001ec (0x00002e17) auipc   t3, 0x2
0 0x00000000800001ec (0x00002e17) x28 0x00000000800021ec
core   0: 0x00000000800001f0 (0xe14e0e13) addi    t3, t3, -492
0 0x00000000800001f0 (0xe14e0e13) x28 0x0000000080002000
core   0: 0x00000000800001f4 (0x02ae2023) sw      a0, 32(t3)
0 0x00000000800001f4 (0x02ae2023)
core   0: 0x00000000800001f8 (0x09d51863) bne     a0, t4, pc + 144
0 0x00000000800001f8 (0x09d51863)
core   0: 0x00000000800001fc (0x7ff0051b) addiw   a0, zero, 2047
0 0x00000000800001fc (0x7ff0051b) x10 0x00000000000007ff
core   0: 0x0000000080000200 (0x03451513) slli    a0, a0, 52
0 0x0000000080000200 (0x03451513) x10 0x7ff0000000000000
core   0: 0x0000000080000204 (0xf2050553) fmv.d.x fa0, a0
0 0x0000000080000204 (0xf2050553) f10 0x7ff0000000000000
core   0: 0x0000000080000208 (0xe2051553) fclass.d a0, fa0
0 0x0000000080000208 (0xe2051553) x10 0x0000000000000080
core   0: 0x000000008000020c (0x08000e93) li      t4, 128
0 0x000000008000020c (0x08000e93) x29 0x0000000000000080
core   0: 0x0000000080000210 (0x000041a5) c.li    gp, 9
0 0x0000000080000210 (0x000041a5) x 3 0x0000000000000009
core   0: 0x0000000080000212 (0x00002e17) auipc   t3, 0x2
0 0x0000000080000212 (0x00002e17) x28 0x0000000080002212
core   0: 0x0000000080000216 (0xdeee0e13) addi    t3, t3, -530
0 0x0000000080000216 (0xdeee0e13) x28 0x0000000080002000
core   0: 0x000000008000021a (0x02ae2223) sw      a0, 36(t3)
0 0x000000008000021a (0x02ae2223)
core   0: 0x000000008000021e (0x07d51563) bne     a0, t4, pc + 106
0 0x000000008000021e (0x07d51563)
core   0: 0x0000000080000222 (0x7ff0051b) addiw   a0, zero, 2047
0 0x0000000080000222 (0x7ff0051b) x10 0x00000000000007ff
core   0: 0x0000000080000226 (0x03451513) slli    a0, a0, 52
0 0x0000000080000226 (0x03451513) x10 0x7ff0000000000000
core   0: 0x000000008000022a (0x00150513) addi    a0, a0, 1
0 0x000000008000022a (0x00150513) x10 0x7ff0000000000001
core   0: 0x000000008000022e (0xf2050553) fmv.d.x fa0, a0
0 0x000000008000022e (0xf2050553) f10 0x7ff0000000000001
core   0: 0x0000000080000232 (0xe2051553) fclass.d a0, fa0
0 0x0000000080000232 (0xe2051553) x10 0x0000000000000100
core   0: 0x0000000080000236 (0x10000e93) li      t4, 256
0 0x0000000080000236 (0x10000e93) x29 0x0000000000000100
core   0: 0x000000008000023a (0x000041a9) c.li    gp, 10
0 0x000000008000023a (0x000041a9) x 3 0x000000000000000a
core   0: 0x000000008000023c (0x00002e17) auipc   t3, 0x2
0 0x000000008000023c (0x00002e17) x28 0x000000008000223c
core   0: 0x0000000080000240 (0xdc4e0e13) addi    t3, t3, -572
0 0x0000000080000240 (0xdc4e0e13) x28 0x0000000080002000
core   0: 0x0000000080000244 (0x02ae2423) sw      a0, 40(t3)
0 0x0000000080000244 (0x02ae2423)
core   0: 0x0000000080000248 (0x05d51063) bne     a0, t4, pc + 64
0 0x0000000080000248 (0x05d51063)
core   0: 0x000000008000024c (0x00001537) lui     a0, 0x1
0 0x000000008000024c (0x00001537) x10 0x0000000000001000
core   0: 0x0000000080000250 (0xfff5051b) addiw   a0, a0, -1
0 0x0000000080000250 (0xfff5051b) x10 0x0000000000000fff
core   0: 0x0000000080000254 (0x03351513) slli    a0, a0, 51
0 0x0000000080000254 (0x03351513) x10 0x7ff8000000000000
core   0: 0x0000000080000258 (0xf2050553) fmv.d.x fa0, a0
0 0x0000000080000258 (0xf2050553) f10 0x7ff8000000000000
core   0: 0x000000008000025c (0xe2051553) fclass.d a0, fa0
0 0x000000008000025c (0xe2051553) x10 0x0000000000000200
core   0: 0x0000000080000260 (0x20000e93) li      t4, 512
0 0x0000000080000260 (0x20000e93) x29 0x0000000000000200
core   0: 0x0000000080000264 (0x000041ad) c.li    gp, 11
0 0x0000000080000264 (0x000041ad) x 3 0x000000000000000b
core   0: 0x0000000080000266 (0x00002e17) auipc   t3, 0x2
0 0x0000000080000266 (0x00002e17) x28 0x0000000080002266
core   0: 0x000000008000026a (0xd9ae0e13) addi    t3, t3, -614
0 0x000000008000026a (0xd9ae0e13) x28 0x0000000080002000
core   0: 0x000000008000026e (0x02ae2623) sw      a0, 44(t3)
0 0x000000008000026e (0x02ae2623)
core   0: 0x0000000080000272 (0x01d51b63) bne     a0, t4, pc + 22
0 0x0000000080000272 (0x01d51b63)
core   0: 0x0000000080000276 (0x000041b1) c.li    gp, 12
0 0x0000000080000276 (0x000041b1) x 3 0x000000000000000c
core   0: 0x0000000080000278 (0x00002e17) auipc   t3, 0x2
0 0x0000000080000278 (0x00002e17) x28 0x0000000080002278
core   0: 0x000000008000027c (0xd88e0e13) addi    t3, t3, -632
0 0x000000008000027c (0xd88e0e13) x28 0x0000000080002000
core   0: 0x0000000080000280 (0x023e2823) sw      gp, 48(t3)
0 0x0000000080000280 (0x023e2823)
core   0: 0x0000000080000284 (0x00301d63) bne     zero, gp, pc + 26
0 0x0000000080000284 (0x00301d63)
core   0: 0x000000008000029e (0x0ff0000f) fence   iorw,iorw
0 0x000000008000029e (0x0ff0000f)
core   0: 0x00000000800002a2 (0x00004185) c.li    gp, 1
0 0x00000000800002a2 (0x00004185) x 3 0x0000000000000001
core   0: 0x00000000800002a4 (0x00002e17) auipc   t3, 0x2
0 0x00000000800002a4 (0x00002e17) x28 0x00000000800022a4
core   0: 0x00000000800002a8 (0xd5ce0e13) addi    t3, t3, -676
0 0x00000000800002a8 (0xd5ce0e13) x28 0x0000000080002000
core   0: 0x00000000800002ac (0x003e2023) sw      gp, 0(t3)
0 0x00000000800002ac (0x003e2023)
core   0: 0x00000000800002b0 (0x00000073) ecall
0 0x00000000800002b0 (0x00000073)
