core   0: 0x0000000000010000 (0x00100413) li      s0, 1
3 0x0000000000010000 (0x00100413) x 8 0x0000000000000001
core   0: 0x0000000000010004 (0x01f41413) slli    s0, s0, 31
3 0x0000000000010004 (0x01f41413) x 8 0x0000000080000000
core   0: 0x0000000000010008 (0xf1402573) csrr    a0, mhartid
3 0x0000000000010008 (0xf1402573) x10 0x0000000000000000
core   0: 0x000000000001000c (0x00000597) auipc   a1, 0x0
3 0x000000000001000c (0x00000597) x11 0x000000000001000c
core   0: 0x0000000000010010 (0x07458593) addi    a1, a1, 116
3 0x0000000000010010 (0x07458593) x11 0x0000000000010080
core   0: 0x0000000000010014 (0x00040067) jr      s0
3 0x0000000000010014 (0x00040067)
core   0: 0x0000000080000000 (0x0000a081) c.j     pc + 64
3 0x0000000080000000 (0x0000a081)
core   0: 0x0000000080000040 (0xf1402573) csrr    a0, mhartid
3 0x0000000080000040 (0xf1402573) x10 0x0000000000000000
core   0: 0x0000000080000044 (0x0000e101) c.bnez  a0, pc + 0
3 0x0000000080000044 (0x0000e101)
core   0: 0x0000000080000046 (0x00000297) auipc   t0, 0x0
3 0x0000000080000046 (0x00000297) x 5 0x0000000080000046
core   0: 0x000000008000004a (0x01228293) addi    t0, t0, 18
3 0x000000008000004a (0x01228293) x 5 0x0000000080000058
core   0: 0x000000008000004e (0x30529073) csrw    mtvec, t0
3 0x000000008000004e (0x30529073)
core   0: 0x0000000080000052 (0x18005073) csrwi   satp, 0
3 0x0000000080000052 (0x18005073)
core   0: 0x0000000080000056 (0x00000001) c.nop
3 0x0000000080000056 (0x00000001)
core   0: 0x0000000080000058 (0x00000297) auipc   t0, 0x0
3 0x0000000080000058 (0x00000297) x 5 0x0000000080000058
core   0: 0x000000008000005c (0x01828293) addi    t0, t0, 24
3 0x000000008000005c (0x01828293) x 5 0x0000000080000070
core   0: 0x0000000080000060 (0x30529073) csrw    mtvec, t0
3 0x0000000080000060 (0x30529073)
core   0: 0x0000000080000064 (0x000052fd) c.li    t0, -1
3 0x0000000080000064 (0x000052fd) x 5 0xffffffffffffffff
core   0: 0x0000000080000066 (0x3b029073) csrw    pmpaddr0, t0
3 0x0000000080000066 (0x3b029073)
core   0: 0x000000008000006a (0x000042fd) c.li    t0, 31
3 0x000000008000006a (0x000042fd) x 5 0x000000000000001f
core   0: 0x000000008000006c (0x3a029073) csrw    pmpcfg0, t0
3 0x000000008000006c (0x3a029073)
core   0: 0x0000000080000070 (0x00000297) auipc   t0, 0x0
3 0x0000000080000070 (0x00000297) x 5 0x0000000080000070
core   0: 0x0000000080000074 (0x01828293) addi    t0, t0, 24
3 0x0000000080000074 (0x01828293) x 5 0x0000000080000088
core   0: 0x0000000080000078 (0x30529073) csrw    mtvec, t0
3 0x0000000080000078 (0x30529073)
core   0: 0x000000008000007c (0x30205073) csrwi   medeleg, 0
3 0x000000008000007c (0x30205073)
core   0: 0x0000000080000080 (0x30305073) csrwi   mideleg, 0
3 0x0000000080000080 (0x30305073)
core   0: 0x0000000080000084 (0x30405073) csrwi   mie, 0
3 0x0000000080000084 (0x30405073)
core   0: 0x0000000080000088 (0x00004181) c.li    gp, 0
3 0x0000000080000088 (0x00004181) x 3 0x0000000000000000
core   0: 0x000000008000008a (0x00000297) auipc   t0, 0x0
3 0x000000008000008a (0x00000297) x 5 0x000000008000008a
core   0: 0x000000008000008e (0xf7a28293) addi    t0, t0, -134
3 0x000000008000008e (0xf7a28293) x 5 0x0000000080000004
core   0: 0x0000000080000092 (0x30529073) csrw    mtvec, t0
3 0x0000000080000092 (0x30529073)
core   0: 0x0000000080000096 (0x00004505) c.li    a0, 1
3 0x0000000080000096 (0x00004505) x10 0x0000000000000001
core   0: 0x0000000080000098 (0x0000057e) c.slli  a0, 31
3 0x0000000080000098 (0x0000057e) x10 0x0000000080000000
core   0: 0x000000008000009a (0x00055d63) bgez    a0, pc + 26
3 0x000000008000009a (0x00055d63)
core   0: 0x00000000800000b4 (0x80000297) auipc   t0, 0x80000
3 0x00000000800000b4 (0x80000297) x 5 0x00000000000000b4
core   0: 0x00000000800000b8 (0xf4c28293) addi    t0, t0, -180
3 0x00000000800000b8 (0xf4c28293) x 5 0x0000000000000000
core   0: 0x00000000800000bc (0x00028e63) beqz    t0, pc + 28
3 0x00000000800000bc (0x00028e63)
core   0: 0x00000000800000d8 (0x30005073) csrwi   mstatus, 0
3 0x00000000800000d8 (0x30005073)
core   0: 0x00000000800000dc (0x00006509) c.lui   a0, 0x2
3 0x00000000800000dc (0x00006509) x10 0x0000000000002000
core   0: 0x00000000800000de (0x30052073) csrs    mstatus, a0
3 0x00000000800000de (0x30052073)
core   0: 0x00000000800000e2 (0x00305073) csrwi   fcsr, 0
3 0x00000000800000e2 (0x00305073)
core   0: 0x00000000800000e6 (0x00000297) auipc   t0, 0x0
3 0x00000000800000e6 (0x00000297) x 5 0x00000000800000e6
core   0: 0x00000000800000ea (0x01428293) addi    t0, t0, 20
3 0x00000000800000ea (0x01428293) x 5 0x00000000800000fa
core   0: 0x00000000800000ee (0x34129073) csrw    mepc, t0
3 0x00000000800000ee (0x34129073)
core   0: 0x00000000800000f2 (0xf1402573) csrr    a0, mhartid
3 0x00000000800000f2 (0xf1402573) x10 0x0000000000000000
core   0: 0x00000000800000f6 (0x30200073) mret
3 0x00000000800000f6 (0x30200073)
core   0: 0x00000000800000fa (0x00004189) c.li    gp, 2
0 0x00000000800000fa (0x00004189) x 3 0x0000000000000002
core   0: 0x00000000800000fc (0x00002e17) auipc   t3, 0x2
0 0x00000000800000fc (0x00002e17) x28 0x00000000800020fc
core   0: 0x0000000080000100 (0xf84e0e13) addi    t3, t3, -124
0 0x0000000080000100 (0xf84e0e13) x28 0x0000000080002080
core   0: 0x0000000080000104 (0x003e2423) sw      gp, 8(t3)
0 0x0000000080000104 (0x003e2423)
core   0: 0x0000000080000108 (0x00002517) auipc   a0, 0x2
0 0x0000000080000108 (0x00002517) x10 0x0000000080002108
core   0: 0x000000008000010c (0xef850513) addi    a0, a0, -264
0 0x000000008000010c (0xef850513) x10 0x0000000080002000
core   0: 0x0000000080000110 (0x00006114) c.ld    a3, 0(a0)
0 0x0000000080000110 (0x00006114) x13 0x4000000000000000
core   0: 0x0000000080000112 (0x00004509) c.li    a0, 2
0 0x0000000080000112 (0x00004509) x10 0x0000000000000002
core   0: 0x0000000080000114 (0xd2050053) fcvt.d.w ft0, a0
0 0x0000000080000114 (0xd2050053) f 0 0x4000000000000000
core   0: 0x0000000080000118 (0x00101073) csrw    fflags, zero
0 0x0000000080000118 (0x00101073)
core   0: 0x000000008000011c (0xe2000553) fmv.x.d a0, ft0
0 0x000000008000011c (0xe2000553) x10 0x4000000000000000
core   0: 0x0000000080000120 (0x1ed51863) bne     a0, a3, pc + 496
0 0x0000000080000120 (0x1ed51863)
core   0: 0x0000000080000124 (0x0000418d) c.li    gp, 3
0 0x0000000080000124 (0x0000418d) x 3 0x0000000000000003
core   0: 0x0000000080000126 (0x00002e17) auipc   t3, 0x2
0 0x0000000080000126 (0x00002e17) x28 0x0000000080002126
core   0: 0x000000008000012a (0xf5ae0e13) addi    t3, t3, -166
0 0x000000008000012a (0xf5ae0e13) x28 0x0000000080002080
core   0: 0x000000008000012e (0x003e2623) sw      gp, 12(t3)
0 0x000000008000012e (0x003e2623)
core   0: 0x0000000080000132 (0x00002517) auipc   a0, 0x2
0 0x0000000080000132 (0x00002517) x10 0x0000000080002132
core   0: 0x0000000080000136 (0xed650513) addi    a0, a0, -298
0 0x0000000080000136 (0xed650513) x10 0x0000000080002008
core   0: 0x000000008000013a (0x00006114) c.ld    a3, 0(a0)
0 0x000000008000013a (0x00006114) x13 0xc000000000000000
core   0: 0x000000008000013c (0x00005579) c.li    a0, -2
0 0x000000008000013c (0x00005579) x10 0xfffffffffffffffe
core   0: 0x000000008000013e (0xd2050053) fcvt.d.w ft0, a0
0 0x000000008000013e (0xd2050053) f 0 0xc000000000000000
core   0: 0x0000000080000142 (0x00101073) csrw    fflags, zero
0 0x0000000080000142 (0x00101073)
core   0: 0x0000000080000146 (0xe2000553) fmv.x.d a0, ft0
0 0x0000000080000146 (0xe2000553) x10 0xc000000000000000
core   0: 0x000000008000014a (0x1cd51363) bne     a0, a3, pc + 454
0 0x000000008000014a (0x1cd51363)
core   0: 0x000000008000014e (0x00004191) c.li    gp, 4
0 0x000000008000014e (0x00004191) x 3 0x0000000000000004
core   0: 0x0000000080000150 (0x00002e17) auipc   t3, 0x2
0 0x0000000080000150 (0x00002e17) x28 0x0000000080002150
core   0: 0x0000000080000154 (0xf30e0e13) addi    t3, t3, -208
0 0x0000000080000154 (0xf30e0e13) x28 0x0000000080002080
core   0: 0x0000000080000158 (0x003e2823) sw      gp, 16(t3)
0 0x0000000080000158 (0x003e2823)
core   0: 0x000000008000015c (0x00002517) auipc   a0, 0x2
0 0x000000008000015c (0x00002517) x10 0x000000008000215c
core   0: 0x0000000080000160 (0xeb450513) addi    a0, a0, -332
0 0x0000000080000160 (0xeb450513) x10 0x0000000080002010
core   0: 0x0000000080000164 (0x00006114) c.ld    a3, 0(a0)
0 0x0000000080000164 (0x00006114) x13 0x4000000000000000
core   0: 0x0000000080000166 (0x00004509) c.li    a0, 2
0 0x0000000080000166 (0x00004509) x10 0x0000000000000002
core   0: 0x0000000080000168 (0xd2150053) fcvt.d.wu ft0, a0
0 0x0000000080000168 (0xd2150053) f 0 0x4000000000000000
core   0: 0x000000008000016c (0x00101073) csrw    fflags, zero
0 0x000000008000016c (0x00101073)
core   0: 0x0000000080000170 (0xe2000553) fmv.x.d a0, ft0
0 0x0000000080000170 (0xe2000553) x10 0x4000000000000000
core   0: 0x0000000080000174 (0x18d51e63) bne     a0, a3, pc + 412
0 0x0000000080000174 (0x18d51e63)
core   0: 0x0000000080000178 (0x00004195) c.li    gp, 5
0 0x0000000080000178 (0x00004195) x 3 0x0000000000000005
core   0: 0x000000008000017a (0x00002e17) auipc   t3, 0x2
0 0x000000008000017a (0x00002e17) x28 0x000000008000217a
core   0: 0x000000008000017e (0xf06e0e13) addi    t3, t3, -250
0 0x000000008000017e (0xf06e0e13) x28 0x0000000080002080
core   0: 0x0000000080000182 (0x003e2a23) sw      gp, 20(t3)
0 0x0000000080000182 (0x003e2a23)
core   0: 0x0000000080000186 (0x00002517) auipc   a0, 0x2
0 0x0000000080000186 (0x00002517) x10 0x0000000080002186
core   0: 0x000000008000018a (0xe9250513) addi    a0, a0, -366
0 0x000000008000018a (0xe9250513) x10 0x0000000080002018
core   0: 0x000000008000018e (0x00006114) c.ld    a3, 0(a0)
0 0x000000008000018e (0x00006114) x13 0x41efffffffc00000
core   0: 0x0000000080000190 (0x00005579) c.li    a0, -2
0 0x0000000080000190 (0x00005579) x10 0xfffffffffffffffe
core   0: 0x0000000080000192 (0xd2150053) fcvt.d.wu ft0, a0
0 0x0000000080000192 (0xd2150053) f 0 0x41efffffffc00000
core   0: 0x0000000080000196 (0x00101073) csrw    fflags, zero
0 0x0000000080000196 (0x00101073)
core   0: 0x000000008000019a (0xe2000553) fmv.x.d a0, ft0
0 0x000000008000019a (0xe2000553) x10 0x41efffffffc00000
core   0: 0x000000008000019e (0x16d51963) bne     a0, a3, pc + 370
0 0x000000008000019e (0x16d51963)
core   0: 0x00000000800001a2 (0x00004199) c.li    gp, 6
0 0x00000000800001a2 (0x00004199) x 3 0x0000000000000006
core   0: 0x00000000800001a4 (0x00002e17) auipc   t3, 0x2
0 0x00000000800001a4 (0x00002e17) x28 0x00000000800021a4
core   0: 0x00000000800001a8 (0xedce0e13) addi    t3, t3, -292
0 0x00000000800001a8 (0xedce0e13) x28 0x0000000080002080
core   0: 0x00000000800001ac (0x003e2c23) sw      gp, 24(t3)
0 0x00000000800001ac (0x003e2c23)
core   0: 0x00000000800001b0 (0x00002517) auipc   a0, 0x2
0 0x00000000800001b0 (0x00002517) x10 0x00000000800021b0
core   0: 0x00000000800001b4 (0xe7050513) addi    a0, a0, -400
0 0x00000000800001b4 (0xe7050513) x10 0x0000000080002020
core   0: 0x00000000800001b8 (0x00006114) c.ld    a3, 0(a0)
0 0x00000000800001b8 (0x00006114) x13 0x4000000000000000
core   0: 0x00000000800001ba (0x00004509) c.li    a0, 2
0 0x00000000800001ba (0x00004509) x10 0x0000000000000002
core   0: 0x00000000800001bc (0xd2257053) fcvt.d.l ft0, a0
0 0x00000000800001bc (0xd2257053) f 0 0x4000000000000000
core   0: 0x00000000800001c0 (0x00101073) csrw    fflags, zero
0 0x00000000800001c0 (0x00101073)
core   0: 0x00000000800001c4 (0xe2000553) fmv.x.d a0, ft0
0 0x00000000800001c4 (0xe2000553) x10 0x4000000000000000
core   0: 0x00000000800001c8 (0x14d51463) bne     a0, a3, pc + 328
0 0x00000000800001c8 (0x14d51463)
core   0: 0x00000000800001cc (0x0000419d) c.li    gp, 7
0 0x00000000800001cc (0x0000419d) x 3 0x0000000000000007
core   0: 0x00000000800001ce (0x00002e17) auipc   t3, 0x2
0 0x00000000800001ce (0x00002e17) x28 0x00000000800021ce
core   0: 0x00000000800001d2 (0xeb2e0e13) addi    t3, t3, -334
0 0x00000000800001d2 (0xeb2e0e13) x28 0x0000000080002080
core   0: 0x00000000800001d6 (0x003e2e23) sw      gp, 28(t3)
0 0x00000000800001d6 (0x003e2e23)
core   0: 0x00000000800001da (0x00002517) auipc   a0, 0x2
0 0x00000000800001da (0x00002517) x10 0x00000000800021da
core   0: 0x00000000800001de (0xe4e50513) addi    a0, a0, -434
0 0x00000000800001de (0xe4e50513) x10 0x0000000080002028
core   0: 0x00000000800001e2 (0x00006114) c.ld    a3, 0(a0)
0 0x00000000800001e2 (0x00006114) x13 0xc000000000000000
core   0: 0x00000000800001e4 (0x00005579) c.li    a0, -2
0 0x00000000800001e4 (0x00005579) x10 0xfffffffffffffffe
core   0: 0x00000000800001e6 (0xd2257053) fcvt.d.l ft0, a0
0 0x00000000800001e6 (0xd2257053) f 0 0xc000000000000000
core   0: 0x00000000800001ea (0x00101073) csrw    fflags, zero
0 0x00000000800001ea (0x00101073)
core   0: 0x00000000800001ee (0xe2000553) fmv.x.d a0, ft0
0 0x00000000800001ee (0xe2000553) x10 0xc000000000000000
core   0: 0x00000000800001f2 (0x10d51f63) bne     a0, a3, pc + 286
0 0x00000000800001f2 (0x10d51f63)
core   0: 0x00000000800001f6 (0x000041a1) c.li    gp, 8
0 0x00000000800001f6 (0x000041a1) x 3 0x0000000000000008
core   0: 0x00000000800001f8 (0x00002e17) auipc   t3, 0x2
0 0x00000000800001f8 (0x00002e17) x28 0x00000000800021f8
core   0: 0x00000000800001fc (0xe88e0e13) addi    t3, t3, -376
0 0x00000000800001fc (0xe88e0e13) x28 0x0000000080002080
core   0: 0x0000000080000200 (0x023e2023) sw      gp, 32(t3)
0 0x0000000080000200 (0x023e2023)
core   0: 0x0000000080000204 (0x00002517) auipc   a0, 0x2
0 0x0000000080000204 (0x00002517) x10 0x0000000080002204
core   0: 0x0000000080000208 (0xe2c50513) addi    a0, a0, -468
0 0x0000000080000208 (0xe2c50513) x10 0x0000000080002030
core   0: 0x000000008000020c (0x00006114) c.ld    a3, 0(a0)
0 0x000000008000020c (0x00006114) x13 0x4000000000000000
core   0: 0x000000008000020e (0x00004509) c.li    a0, 2
0 0x000000008000020e (0x00004509) x10 0x0000000000000002
core   0: 0x0000000080000210 (0xd2357053) fcvt.d.lu ft0, a0
0 0x0000000080000210 (0xd2357053) f 0 0x4000000000000000
core   0: 0x0000000080000214 (0x00101073) csrw    fflags, zero
0 0x0000000080000214 (0x00101073)
core   0: 0x0000000080000218 (0xe2000553) fmv.x.d a0, ft0
0 0x0000000080000218 (0xe2000553) x10 0x4000000000000000
core   0: 0x000000008000021c (0x0ed51a63) bne     a0, a3, pc + 244
0 0x000000008000021c (0x0ed51a63)
core   0: 0x0000000080000220 (0x000041a5) c.li    gp, 9
0 0x0000000080000220 (0x000041a5) x 3 0x0000000000000009
core   0: 0x0000000080000222 (0x00002e17) auipc   t3, 0x2
0 0x0000000080000222 (0x00002e17) x28 0x0000000080002222
core   0: 0x0000000080000226 (0xe5ee0e13) addi    t3, t3, -418
0 0x0000000080000226 (0xe5ee0e13) x28 0x0000000080002080
core   0: 0x000000008000022a (0x023e2223) sw      gp, 36(t3)
0 0x000000008000022a (0x023e2223)
core   0: 0x000000008000022e (0x00002517) auipc   a0, 0x2
0 0x000000008000022e (0x00002517) x10 0x000000008000222e
core   0: 0x0000000080000232 (0xe0a50513) addi    a0, a0, -502
0 0x0000000080000232 (0xe0a50513) x10 0x0000000080002038
core   0: 0x0000000080000236 (0x00006114) c.ld    a3, 0(a0)
0 0x0000000080000236 (0x00006114) x13 0x43f0000000000000
core   0: 0x0000000080000238 (0x00005579) c.li    a0, -2
0 0x0000000080000238 (0x00005579) x10 0xfffffffffffffffe
core   0: 0x000000008000023a (0xd2357053) fcvt.d.lu ft0, a0
0 0x000000008000023a (0xd2357053) f 0 0x43f0000000000000
core   0: 0x000000008000023e (0x00101073) csrw    fflags, zero
0 0x000000008000023e (0x00101073)
core   0: 0x0000000080000242 (0xe2000553) fmv.x.d a0, ft0
0 0x0000000080000242 (0xe2000553) x10 0x43f0000000000000
core   0: 0x0000000080000246 (0x0cd51563) bne     a0, a3, pc + 202
0 0x0000000080000246 (0x0cd51563)
core   0: 0x000000008000024a (0x000041a9) c.li    gp, 10
0 0x000000008000024a (0x000041a9) x 3 0x000000000000000a
core   0: 0x000000008000024c (0x00002e17) auipc   t3, 0x2
0 0x000000008000024c (0x00002e17) x28 0x000000008000224c
core   0: 0x0000000080000250 (0xe34e0e13) addi    t3, t3, -460
0 0x0000000080000250 (0xe34e0e13) x28 0x0000000080002080
core   0: 0x0000000080000254 (0x023e2423) sw      gp, 40(t3)
0 0x0000000080000254 (0x023e2423)
core   0: 0x0000000080000258 (0x00002517) auipc   a0, 0x2
0 0x0000000080000258 (0x00002517) x10 0x0000000080002258
core   0: 0x000000008000025c (0xde850513) addi    a0, a0, -536
0 0x000000008000025c (0xde850513) x10 0x0000000080002040
core   0: 0x0000000080000260 (0x00053007) fld     ft0, 0(a0)
0 0x0000000080000260 (0x00053007) f 0 0xbff8000000000000
core   0: 0x0000000080000264 (0x00853087) fld     ft1, 8(a0)
0 0x0000000080000264 (0x00853087) f 1 0x0000000000000000
core   0: 0x0000000080000268 (0x01053107) fld     ft2, 16(a0)
0 0x0000000080000268 (0x01053107) f 2 0x0000000000000000
core   0: 0x000000008000026c (0x00006d14) c.ld    a3, 24(a0)
0 0x000000008000026c (0x00006d14) x13 0xbff8000000000000
core   0: 0x000000008000026e (0x401071d3) fcvt.s.d ft3, ft0
0 0x000000008000026e (0x401071d3) f 3 0xffffffffbfc00000
core   0: 0x0000000080000272 (0x420181d3) fcvt.d.s ft3, ft3
0 0x0000000080000272 (0x420181d3) f 3 0xbff8000000000000
core   0: 0x0000000080000276 (0xe2018553) fmv.x.d a0, ft3
0 0x0000000080000276 (0xe2018553) x10 0xbff8000000000000
core   0: 0x000000008000027a (0x001015f3) csrrw   a1, fflags, zero
0 0x000000008000027a (0x001015f3) x11 0x0000000000000000
core   0: 0x000000008000027e (0x00004601) c.li    a2, 0
0 0x000000008000027e (0x00004601) x12 0x0000000000000000
core   0: 0x0000000080000280 (0x08d51863) bne     a0, a3, pc + 144
0 0x0000000080000280 (0x08d51863)
core   0: 0x0000000080000284 (0x08c59663) bne     a1, a2, pc + 140
0 0x0000000080000284 (0x08c59663)
core   0: 0x0000000080000288 (0x000041ad) c.li    gp, 11
0 0x0000000080000288 (0x000041ad) x 3 0x000000000000000b
core   0: 0x000000008000028a (0x00002e17) auipc   t3, 0x2
0 0x000000008000028a (0x00002e17) x28 0x000000008000228a
core   0: 0x000000008000028e (0xdf6e0e13) addi    t3, t3, -522
0 0x000000008000028e (0xdf6e0e13) x28 0x0000000080002080
core   0: 0x0000000080000292 (0x023e2623) sw      gp, 44(t3)
0 0x0000000080000292 (0x023e2623)
core   0: 0x0000000080000296 (0x00002517) auipc   a0, 0x2
0 0x0000000080000296 (0x00002517) x10 0x0000000080002296
core   0: 0x000000008000029a (0xdca50513) addi    a0, a0, -566
0 0x000000008000029a (0xdca50513) x10 0x0000000080002060
core   0: 0x000000008000029e (0x00052007) flw     ft0, 0(a0)
0 0x000000008000029e (0x00052007) f 0 0xffffffffbfc00000
core   0: 0x00000000800002a2 (0x00452087) flw     ft1, 4(a0)
0 0x00000000800002a2 (0x00452087) f 1 0xffffffff00000000
core   0: 0x00000000800002a6 (0x00852107) flw     ft2, 8(a0)
0 0x00000000800002a6 (0x00852107) f 2 0xffffffff00000000
core   0: 0x00000000800002aa (0x00004554) c.lw    a3, 12(a0)
0 0x00000000800002aa (0x00004554) x13 0xffffffffbfc00000
core   0: 0x00000000800002ac (0x420001d3) fcvt.d.s ft3, ft0
0 0x00000000800002ac (0x420001d3) f 3 0xbff8000000000000
core   0: 0x00000000800002b0 (0x4011f1d3) fcvt.s.d ft3, ft3
0 0x00000000800002b0 (0x4011f1d3) f 3 0xffffffffbfc00000
core   0: 0x00000000800002b4 (0xe0018553) fmv.x.w a0, ft3
0 0x00000000800002b4 (0xe0018553) x10 0xffffffffbfc00000
core   0: 0x00000000800002b8 (0x001015f3) csrrw   a1, fflags, zero
0 0x00000000800002b8 (0x001015f3) x11 0x0000000000000000
core   0: 0x00000000800002bc (0x00004601) c.li    a2, 0
0 0x00000000800002bc (0x00004601) x12 0x0000000000000000
core   0: 0x00000000800002be (0x04d51963) bne     a0, a3, pc + 82
0 0x00000000800002be (0x04d51963)
core   0: 0x00000000800002c2 (0x04c59763) bne     a1, a2, pc + 78
0 0x00000000800002c2 (0x04c59763)
core   0: 0x00000000800002c6 (0x00002597) auipc   a1, 0x2
0 0x00000000800002c6 (0x00002597) x11 0x00000000800022c6
core   0: 0x00000000800002ca (0xdaa58593) addi    a1, a1, -598
0 0x00000000800002ca (0xdaa58593) x11 0x0000000080002070
core   0: 0x00000000800002ce (0x00006190) c.ld    a2, 0(a1)
0 0x00000000800002ce (0x00006190) x12 0x7ffcffffffff8004
core   0: 0x00000000800002d0 (0xf2060153) fmv.d.x ft2, a2
0 0x00000000800002d0 (0xf2060153) f 2 0x7ffcffffffff8004
core   0: 0x00000000800002d4 (0x40117153) fcvt.s.d ft2, ft2
0 0x00000000800002d4 (0x40117153) f 2 0xffffffff7fc00000
core   0: 0x00000000800002d8 (0x42010153) fcvt.d.s ft2, ft2
0 0x00000000800002d8 (0x42010153) f 2 0x7ff8000000000000
core   0: 0x00000000800002dc (0xe2010553) fmv.x.d a0, ft2
0 0x00000000800002dc (0xe2010553) x10 0x7ff8000000000000
core   0: 0x00000000800002e0 (0x00001eb7) lui     t4, 0x1
0 0x00000000800002e0 (0x00001eb7) x29 0x0000000000001000
core   0: 0x00000000800002e4 (0xfffe8e9b) addiw   t4, t4, -1
0 0x00000000800002e4 (0xfffe8e9b) x29 0x0000000000000fff
core   0: 0x00000000800002e8 (0x033e9e93) slli    t4, t4, 51
0 0x00000000800002e8 (0x033e9e93) x29 0x7ff8000000000000
core   0: 0x00000000800002ec (0x000041b1) c.li    gp, 12
0 0x00000000800002ec (0x000041b1) x 3 0x000000000000000c
core   0: 0x00000000800002ee (0x00002e17) auipc   t3, 0x2
0 0x00000000800002ee (0x00002e17) x28 0x00000000800022ee
core   0: 0x00000000800002f2 (0xd92e0e13) addi    t3, t3, -622
0 0x00000000800002f2 (0xd92e0e13) x28 0x0000000080002080
core   0: 0x00000000800002f6 (0x02ae2823) sw      a0, 48(t3)
0 0x00000000800002f6 (0x02ae2823)
core   0: 0x00000000800002fa (0x01d51b63) bne     a0, t4, pc + 22
0 0x00000000800002fa (0x01d51b63)
core   0: 0x00000000800002fe (0x000041b5) c.li    gp, 13
0 0x00000000800002fe (0x000041b5) x 3 0x000000000000000d
core   0: 0x0000000080000300 (0x00002e17) auipc   t3, 0x2
0 0x0000000080000300 (0x00002e17) x28 0x0000000080002300
core   0: 0x0000000080000304 (0xd80e0e13) addi    t3, t3, -640
0 0x0000000080000304 (0xd80e0e13) x28 0x0000000080002080
core   0: 0x0000000080000308 (0x023e2a23) sw      gp, 52(t3)
0 0x0000000080000308 (0x023e2a23)
core   0: 0x000000008000030c (0x00301d63) bne     zero, gp, pc + 26
0 0x000000008000030c (0x00301d63)
core   0: 0x0000000080000326 (0x0ff0000f) fence   iorw,iorw
0 0x0000000080000326 (0x0ff0000f)
core   0: 0x000000008000032a (0x00004185) c.li    gp, 1
0 0x000000008000032a (0x00004185) x 3 0x0000000000000001
core   0: 0x000000008000032c (0x00002e17) auipc   t3, 0x2
0 0x000000008000032c (0x00002e17) x28 0x000000008000232c
core   0: 0x0000000080000330 (0xd54e0e13) addi    t3, t3, -684
0 0x0000000080000330 (0xd54e0e13) x28 0x0000000080002080
core   0: 0x0000000080000334 (0x003e2023) sw      gp, 0(t3)
0 0x0000000080000334 (0x003e2023)
core   0: 0x0000000080000338 (0x00000073) ecall
0 0x0000000080000338 (0x00000073)
