core   0: 0x0000000000010000 (0x00100413) li      s0, 1
3 0x0000000000010000 (0x00100413) x 8 0x0000000000000001
core   0: 0x0000000000010004 (0x01f41413) slli    s0, s0, 31
3 0x0000000000010004 (0x01f41413) x 8 0x0000000080000000
core   0: 0x0000000000010008 (0xf1402573) csrr    a0, mhartid
3 0x0000000000010008 (0xf1402573) x10 0x0000000000000000
core   0: 0x000000000001000c (0x00000597) auipc   a1, 0x0
3 0x000000000001000c (0x00000597) x11 0x000000000001000c
core   0: 0x0000000000010010 (0x07458593) addi    a1, a1, 116
3 0x0000000000010010 (0x07458593) x11 0x0000000000010080
core   0: 0x0000000000010014 (0x00040067) jr      s0
3 0x0000000000010014 (0x00040067)
core   0: 0x0000000080000000 (0x0000a081) c.j     pc + 64
3 0x0000000080000000 (0x0000a081)
core   0: 0x0000000080000040 (0xf1402573) csrr    a0, mhartid
3 0x0000000080000040 (0xf1402573) x10 0x0000000000000000
core   0: 0x0000000080000044 (0x0000e101) c.bnez  a0, pc + 0
3 0x0000000080000044 (0x0000e101)
core   0: 0x0000000080000046 (0x00000297) auipc   t0, 0x0
3 0x0000000080000046 (0x00000297) x 5 0x0000000080000046
core   0: 0x000000008000004a (0x01228293) addi    t0, t0, 18
3 0x000000008000004a (0x01228293) x 5 0x0000000080000058
core   0: 0x000000008000004e (0x30529073) csrw    mtvec, t0
3 0x000000008000004e (0x30529073)
core   0: 0x0000000080000052 (0x18005073) csrwi   satp, 0
3 0x0000000080000052 (0x18005073)
core   0: 0x0000000080000056 (0x00000001) c.nop
3 0x0000000080000056 (0x00000001)
core   0: 0x0000000080000058 (0x00000297) auipc   t0, 0x0
3 0x0000000080000058 (0x00000297) x 5 0x0000000080000058
core   0: 0x000000008000005c (0x01828293) addi    t0, t0, 24
3 0x000000008000005c (0x01828293) x 5 0x0000000080000070
core   0: 0x0000000080000060 (0x30529073) csrw    mtvec, t0
3 0x0000000080000060 (0x30529073)
core   0: 0x0000000080000064 (0x000052fd) c.li    t0, -1
3 0x0000000080000064 (0x000052fd) x 5 0xffffffffffffffff
core   0: 0x0000000080000066 (0x3b029073) csrw    pmpaddr0, t0
3 0x0000000080000066 (0x3b029073)
core   0: 0x000000008000006a (0x000042fd) c.li    t0, 31
3 0x000000008000006a (0x000042fd) x 5 0x000000000000001f
core   0: 0x000000008000006c (0x3a029073) csrw    pmpcfg0, t0
3 0x000000008000006c (0x3a029073)
core   0: 0x0000000080000070 (0x00000297) auipc   t0, 0x0
3 0x0000000080000070 (0x00000297) x 5 0x0000000080000070
core   0: 0x0000000080000074 (0x01828293) addi    t0, t0, 24
3 0x0000000080000074 (0x01828293) x 5 0x0000000080000088
core   0: 0x0000000080000078 (0x30529073) csrw    mtvec, t0
3 0x0000000080000078 (0x30529073)
core   0: 0x000000008000007c (0x30205073) csrwi   medeleg, 0
3 0x000000008000007c (0x30205073)
core   0: 0x0000000080000080 (0x30305073) csrwi   mideleg, 0
3 0x0000000080000080 (0x30305073)
core   0: 0x0000000080000084 (0x30405073) csrwi   mie, 0
3 0x0000000080000084 (0x30405073)
core   0: 0x0000000080000088 (0x00004181) c.li    gp, 0
3 0x0000000080000088 (0x00004181) x 3 0x0000000000000000
core   0: 0x000000008000008a (0x00000297) auipc   t0, 0x0
3 0x000000008000008a (0x00000297) x 5 0x000000008000008a
core   0: 0x000000008000008e (0xf7a28293) addi    t0, t0, -134
3 0x000000008000008e (0xf7a28293) x 5 0x0000000080000004
core   0: 0x0000000080000092 (0x30529073) csrw    mtvec, t0
3 0x0000000080000092 (0x30529073)
core   0: 0x0000000080000096 (0x00004505) c.li    a0, 1
3 0x0000000080000096 (0x00004505) x10 0x0000000000000001
core   0: 0x0000000080000098 (0x0000057e) c.slli  a0, 31
3 0x0000000080000098 (0x0000057e) x10 0x0000000080000000
core   0: 0x000000008000009a (0x00055d63) bgez    a0, pc + 26
3 0x000000008000009a (0x00055d63)
core   0: 0x00000000800000b4 (0x80000297) auipc   t0, 0x80000
3 0x00000000800000b4 (0x80000297) x 5 0x00000000000000b4
core   0: 0x00000000800000b8 (0xf4c28293) addi    t0, t0, -180
3 0x00000000800000b8 (0xf4c28293) x 5 0x0000000000000000
core   0: 0x00000000800000bc (0x00028e63) beqz    t0, pc + 28
3 0x00000000800000bc (0x00028e63)
core   0: 0x00000000800000d8 (0x30005073) csrwi   mstatus, 0
3 0x00000000800000d8 (0x30005073)
core   0: 0x00000000800000dc (0x00006509) c.lui   a0, 0x2
3 0x00000000800000dc (0x00006509) x10 0x0000000000002000
core   0: 0x00000000800000de (0x30052073) csrs    mstatus, a0
3 0x00000000800000de (0x30052073)
core   0: 0x00000000800000e2 (0x00305073) csrwi   fcsr, 0
3 0x00000000800000e2 (0x00305073)
core   0: 0x00000000800000e6 (0x00000297) auipc   t0, 0x0
3 0x00000000800000e6 (0x00000297) x 5 0x00000000800000e6
core   0: 0x00000000800000ea (0x01428293) addi    t0, t0, 20
3 0x00000000800000ea (0x01428293) x 5 0x00000000800000fa
core   0: 0x00000000800000ee (0x34129073) csrw    mepc, t0
3 0x00000000800000ee (0x34129073)
core   0: 0x00000000800000f2 (0xf1402573) csrr    a0, mhartid
3 0x00000000800000f2 (0xf1402573) x10 0x0000000000000000
core   0: 0x00000000800000f6 (0x30200073) mret
3 0x00000000800000f6 (0x30200073)
core   0: 0x00000000800000fa (0x00004189) c.li    gp, 2
0 0x00000000800000fa (0x00004189) x 3 0x0000000000000002
core   0: 0x00000000800000fc (0x00002e17) auipc   t3, 0x2
0 0x00000000800000fc (0x00002e17) x28 0x00000000800020fc
core   0: 0x0000000080000100 (0x104e0e13) addi    t3, t3, 260
0 0x0000000080000100 (0x104e0e13) x28 0x0000000080002200
core   0: 0x0000000080000104 (0x003e2423) sw      gp, 8(t3)
0 0x0000000080000104 (0x003e2423)
core   0: 0x0000000080000108 (0x00002517) auipc   a0, 0x2
0 0x0000000080000108 (0x00002517) x10 0x0000000080002108
core   0: 0x000000008000010c (0xef850513) addi    a0, a0, -264
0 0x000000008000010c (0xef850513) x10 0x0000000080002000
core   0: 0x0000000080000110 (0x00052007) flw     ft0, 0(a0)
0 0x0000000080000110 (0x00052007) f 0 0xffffffffbf8ccccd
core   0: 0x0000000080000114 (0x00452087) flw     ft1, 4(a0)
0 0x0000000080000114 (0x00452087) f 1 0xffffffff00000000
core   0: 0x0000000080000118 (0x00852107) flw     ft2, 8(a0)
0 0x0000000080000118 (0x00852107) f 2 0xffffffff00000000
core   0: 0x000000008000011c (0x00004554) c.lw    a3, 12(a0)
0 0x000000008000011c (0x00004554) x13 0xffffffffffffffff
core   0: 0x000000008000011e (0xc0001553) fcvt.w.s a0, ft0
0 0x000000008000011e (0xc0001553) x10 0xffffffffffffffff
core   0: 0x0000000080000122 (0x001015f3) csrrw   a1, fflags, zero
0 0x0000000080000122 (0x001015f3) x11 0x0000000000000001
core   0: 0x0000000080000126 (0x00004605) c.li    a2, 1
0 0x0000000080000126 (0x00004605) x12 0x0000000000000001
core   0: 0x0000000080000128 (0x08d51de3) bne     a0, a3, pc + 2202
0 0x0000000080000128 (0x08d51de3)
core   0: 0x000000008000012c (0x08c59be3) bne     a1, a2, pc + 2198
0 0x000000008000012c (0x08c59be3)
core   0: 0x0000000080000130 (0x0000418d) c.li    gp, 3
0 0x0000000080000130 (0x0000418d) x 3 0x0000000000000003
core   0: 0x0000000080000132 (0x00002e17) auipc   t3, 0x2
0 0x0000000080000132 (0x00002e17) x28 0x0000000080002132
core   0: 0x0000000080000136 (0x0cee0e13) addi    t3, t3, 206
0 0x0000000080000136 (0x0cee0e13) x28 0x0000000080002200
core   0: 0x000000008000013a (0x003e2623) sw      gp, 12(t3)
0 0x000000008000013a (0x003e2623)
core   0: 0x000000008000013e (0x00002517) auipc   a0, 0x2
0 0x000000008000013e (0x00002517) x10 0x000000008000213e
core   0: 0x0000000080000142 (0xed250513) addi    a0, a0, -302
0 0x0000000080000142 (0xed250513) x10 0x0000000080002010
core   0: 0x0000000080000146 (0x00052007) flw     ft0, 0(a0)
0 0x0000000080000146 (0x00052007) f 0 0xffffffffbf800000
core   0: 0x000000008000014a (0x00452087) flw     ft1, 4(a0)
0 0x000000008000014a (0x00452087) f 1 0xffffffff00000000
core   0: 0x000000008000014e (0x00852107) flw     ft2, 8(a0)
0 0x000000008000014e (0x00852107) f 2 0xffffffff00000000
core   0: 0x0000000080000152 (0x00004554) c.lw    a3, 12(a0)
0 0x0000000080000152 (0x00004554) x13 0xffffffffffffffff
core   0: 0x0000000080000154 (0xc0001553) fcvt.w.s a0, ft0
0 0x0000000080000154 (0xc0001553) x10 0xffffffffffffffff
core   0: 0x0000000080000158 (0x001015f3) csrrw   a1, fflags, zero
0 0x0000000080000158 (0x001015f3) x11 0x0000000000000000
core   0: 0x000000008000015c (0x00004601) c.li    a2, 0
0 0x000000008000015c (0x00004601) x12 0x0000000000000000
core   0: 0x000000008000015e (0x06d512e3) bne     a0, a3, pc + 2148
0 0x000000008000015e (0x06d512e3)
core   0: 0x0000000080000162 (0x06c590e3) bne     a1, a2, pc + 2144
0 0x0000000080000162 (0x06c590e3)
core   0: 0x0000000080000166 (0x00004191) c.li    gp, 4
0 0x0000000080000166 (0x00004191) x 3 0x0000000000000004
core   0: 0x0000000080000168 (0x00002e17) auipc   t3, 0x2
0 0x0000000080000168 (0x00002e17) x28 0x0000000080002168
core   0: 0x000000008000016c (0x098e0e13) addi    t3, t3, 152
0 0x000000008000016c (0x098e0e13) x28 0x0000000080002200
core   0: 0x0000000080000170 (0x003e2823) sw      gp, 16(t3)
0 0x0000000080000170 (0x003e2823)
core   0: 0x0000000080000174 (0x00002517) auipc   a0, 0x2
0 0x0000000080000174 (0x00002517) x10 0x0000000080002174
core   0: 0x0000000080000178 (0xeac50513) addi    a0, a0, -340
0 0x0000000080000178 (0xeac50513) x10 0x0000000080002020
core   0: 0x000000008000017c (0x00052007) flw     ft0, 0(a0)
0 0x000000008000017c (0x00052007) f 0 0xffffffffbf666666
core   0: 0x0000000080000180 (0x00452087) flw     ft1, 4(a0)
0 0x0000000080000180 (0x00452087) f 1 0xffffffff00000000
core   0: 0x0000000080000184 (0x00852107) flw     ft2, 8(a0)
0 0x0000000080000184 (0x00852107) f 2 0xffffffff00000000
core   0: 0x0000000080000188 (0x00004554) c.lw    a3, 12(a0)
0 0x0000000080000188 (0x00004554) x13 0x0000000000000000
core   0: 0x000000008000018a (0xc0001553) fcvt.w.s a0, ft0
0 0x000000008000018a (0xc0001553) x10 0x0000000000000000
core   0: 0x000000008000018e (0x001015f3) csrrw   a1, fflags, zero
0 0x000000008000018e (0x001015f3) x11 0x0000000000000001
core   0: 0x0000000080000192 (0x00004605) c.li    a2, 1
0 0x0000000080000192 (0x00004605) x12 0x0000000000000001
core   0: 0x0000000080000194 (0x02d517e3) bne     a0, a3, pc + 2094
0 0x0000000080000194 (0x02d517e3)
core   0: 0x0000000080000198 (0x02c595e3) bne     a1, a2, pc + 2090
0 0x0000000080000198 (0x02c595e3)
core   0: 0x000000008000019c (0x00004195) c.li    gp, 5
0 0x000000008000019c (0x00004195) x 3 0x0000000000000005
core   0: 0x000000008000019e (0x00002e17) auipc   t3, 0x2
0 0x000000008000019e (0x00002e17) x28 0x000000008000219e
core   0: 0x00000000800001a2 (0x062e0e13) addi    t3, t3, 98
0 0x00000000800001a2 (0x062e0e13) x28 0x0000000080002200
core   0: 0x00000000800001a6 (0x003e2a23) sw      gp, 20(t3)
0 0x00000000800001a6 (0x003e2a23)
core   0: 0x00000000800001aa (0x00002517) auipc   a0, 0x2
0 0x00000000800001aa (0x00002517) x10 0x00000000800021aa
core   0: 0x00000000800001ae (0xe8650513) addi    a0, a0, -378
0 0x00000000800001ae (0xe8650513) x10 0x0000000080002030
core   0: 0x00000000800001b2 (0x00052007) flw     ft0, 0(a0)
0 0x00000000800001b2 (0x00052007) f 0 0xffffffff3f666666
core   0: 0x00000000800001b6 (0x00452087) flw     ft1, 4(a0)
0 0x00000000800001b6 (0x00452087) f 1 0xffffffff00000000
core   0: 0x00000000800001ba (0x00852107) flw     ft2, 8(a0)
0 0x00000000800001ba (0x00852107) f 2 0xffffffff00000000
core   0: 0x00000000800001be (0x00004554) c.lw    a3, 12(a0)
0 0x00000000800001be (0x00004554) x13 0x0000000000000000
core   0: 0x00000000800001c0 (0xc0001553) fcvt.w.s a0, ft0
0 0x00000000800001c0 (0xc0001553) x10 0x0000000000000000
core   0: 0x00000000800001c4 (0x001015f3) csrrw   a1, fflags, zero
0 0x00000000800001c4 (0x001015f3) x11 0x0000000000000001
core   0: 0x00000000800001c8 (0x00004605) c.li    a2, 1
0 0x00000000800001c8 (0x00004605) x12 0x0000000000000001
core   0: 0x00000000800001ca (0x7ed51c63) bne     a0, a3, pc + 2040
0 0x00000000800001ca (0x7ed51c63)
core   0: 0x00000000800001ce (0x7ec59a63) bne     a1, a2, pc + 2036
0 0x00000000800001ce (0x7ec59a63)
core   0: 0x00000000800001d2 (0x00004199) c.li    gp, 6
0 0x00000000800001d2 (0x00004199) x 3 0x0000000000000006
core   0: 0x00000000800001d4 (0x00002e17) auipc   t3, 0x2
0 0x00000000800001d4 (0x00002e17) x28 0x00000000800021d4
core   0: 0x00000000800001d8 (0x02ce0e13) addi    t3, t3, 44
0 0x00000000800001d8 (0x02ce0e13) x28 0x0000000080002200
core   0: 0x00000000800001dc (0x003e2c23) sw      gp, 24(t3)
0 0x00000000800001dc (0x003e2c23)
core   0: 0x00000000800001e0 (0x00002517) auipc   a0, 0x2
0 0x00000000800001e0 (0x00002517) x10 0x00000000800021e0
core   0: 0x00000000800001e4 (0xe6050513) addi    a0, a0, -416
0 0x00000000800001e4 (0xe6050513) x10 0x0000000080002040
core   0: 0x00000000800001e8 (0x00052007) flw     ft0, 0(a0)
0 0x00000000800001e8 (0x00052007) f 0 0xffffffff3f800000
core   0: 0x00000000800001ec (0x00452087) flw     ft1, 4(a0)
0 0x00000000800001ec (0x00452087) f 1 0xffffffff00000000
core   0: 0x00000000800001f0 (0x00852107) flw     ft2, 8(a0)
0 0x00000000800001f0 (0x00852107) f 2 0xffffffff00000000
core   0: 0x00000000800001f4 (0x00004554) c.lw    a3, 12(a0)
0 0x00000000800001f4 (0x00004554) x13 0x0000000000000001
core   0: 0x00000000800001f6 (0xc0001553) fcvt.w.s a0, ft0
0 0x00000000800001f6 (0xc0001553) x10 0x0000000000000001
core   0: 0x00000000800001fa (0x001015f3) csrrw   a1, fflags, zero
0 0x00000000800001fa (0x001015f3) x11 0x0000000000000000
core   0: 0x00000000800001fe (0x00004601) c.li    a2, 0
0 0x00000000800001fe (0x00004601) x12 0x0000000000000000
core   0: 0x0000000080000200 (0x7cd51163) bne     a0, a3, pc + 1986
0 0x0000000080000200 (0x7cd51163)
core   0: 0x0000000080000204 (0x7ac59f63) bne     a1, a2, pc + 1982
0 0x0000000080000204 (0x7ac59f63)
core   0: 0x0000000080000208 (0x0000419d) c.li    gp, 7
0 0x0000000080000208 (0x0000419d) x 3 0x0000000000000007
core   0: 0x000000008000020a (0x00002e17) auipc   t3, 0x2
0 0x000000008000020a (0x00002e17) x28 0x000000008000220a
core   0: 0x000000008000020e (0xff6e0e13) addi    t3, t3, -10
0 0x000000008000020e (0xff6e0e13) x28 0x0000000080002200
core   0: 0x0000000080000212 (0x003e2e23) sw      gp, 28(t3)
0 0x0000000080000212 (0x003e2e23)
core   0: 0x0000000080000216 (0x00002517) auipc   a0, 0x2
0 0x0000000080000216 (0x00002517) x10 0x0000000080002216
core   0: 0x000000008000021a (0xe3a50513) addi    a0, a0, -454
0 0x000000008000021a (0xe3a50513) x10 0x0000000080002050
core   0: 0x000000008000021e (0x00052007) flw     ft0, 0(a0)
0 0x000000008000021e (0x00052007) f 0 0xffffffff3f8ccccd
core   0: 0x0000000080000222 (0x00452087) flw     ft1, 4(a0)
0 0x0000000080000222 (0x00452087) f 1 0xffffffff00000000
core   0: 0x0000000080000226 (0x00852107) flw     ft2, 8(a0)
0 0x0000000080000226 (0x00852107) f 2 0xffffffff00000000
core   0: 0x000000008000022a (0x00004554) c.lw    a3, 12(a0)
0 0x000000008000022a (0x00004554) x13 0x0000000000000001
core   0: 0x000000008000022c (0xc0001553) fcvt.w.s a0, ft0
0 0x000000008000022c (0xc0001553) x10 0x0000000000000001
core   0: 0x0000000080000230 (0x001015f3) csrrw   a1, fflags, zero
0 0x0000000080000230 (0x001015f3) x11 0x0000000000000001
core   0: 0x0000000080000234 (0x00004605) c.li    a2, 1
0 0x0000000080000234 (0x00004605) x12 0x0000000000000001
core   0: 0x0000000080000236 (0x78d51663) bne     a0, a3, pc + 1932
0 0x0000000080000236 (0x78d51663)
core   0: 0x000000008000023a (0x78c59463) bne     a1, a2, pc + 1928
0 0x000000008000023a (0x78c59463)
core   0: 0x000000008000023e (0x000041a1) c.li    gp, 8
0 0x000000008000023e (0x000041a1) x 3 0x0000000000000008
core   0: 0x0000000080000240 (0x00002e17) auipc   t3, 0x2
0 0x0000000080000240 (0x00002e17) x28 0x0000000080002240
core   0: 0x0000000080000244 (0xfc0e0e13) addi    t3, t3, -64
0 0x0000000080000244 (0xfc0e0e13) x28 0x0000000080002200
core   0: 0x0000000080000248 (0x023e2023) sw      gp, 32(t3)
0 0x0000000080000248 (0x023e2023)
core   0: 0x000000008000024c (0x00002517) auipc   a0, 0x2
0 0x000000008000024c (0x00002517) x10 0x000000008000224c
core   0: 0x0000000080000250 (0xe1450513) addi    a0, a0, -492
0 0x0000000080000250 (0xe1450513) x10 0x0000000080002060
core   0: 0x0000000080000254 (0x00052007) flw     ft0, 0(a0)
0 0x0000000080000254 (0x00052007) f 0 0xffffffffcf32d05e
core   0: 0x0000000080000258 (0x00452087) flw     ft1, 4(a0)
0 0x0000000080000258 (0x00452087) f 1 0xffffffff00000000
core   0: 0x000000008000025c (0x00852107) flw     ft2, 8(a0)
0 0x000000008000025c (0x00852107) f 2 0xffffffff00000000
core   0: 0x0000000080000260 (0x00004554) c.lw    a3, 12(a0)
0 0x0000000080000260 (0x00004554) x13 0xffffffff80000000
core   0: 0x0000000080000262 (0xc0001553) fcvt.w.s a0, ft0
0 0x0000000080000262 (0xc0001553) x10 0xffffffff80000000
core   0: 0x0000000080000266 (0x001015f3) csrrw   a1, fflags, zero
0 0x0000000080000266 (0x001015f3) x11 0x0000000000000010
core   0: 0x000000008000026a (0x00004641) c.li    a2, 16
0 0x000000008000026a (0x00004641) x12 0x0000000000000010
core   0: 0x000000008000026c (0x74d51b63) bne     a0, a3, pc + 1878
0 0x000000008000026c (0x74d51b63)
core   0: 0x0000000080000270 (0x74c59963) bne     a1, a2, pc + 1874
0 0x0000000080000270 (0x74c59963)
core   0: 0x0000000080000274 (0x000041a5) c.li    gp, 9
0 0x0000000080000274 (0x000041a5) x 3 0x0000000000000009
core   0: 0x0000000080000276 (0x00002e17) auipc   t3, 0x2
0 0x0000000080000276 (0x00002e17) x28 0x0000000080002276
core   0: 0x000000008000027a (0xf8ae0e13) addi    t3, t3, -118
0 0x000000008000027a (0xf8ae0e13) x28 0x0000000080002200
core   0: 0x000000008000027e (0x023e2223) sw      gp, 36(t3)
0 0x000000008000027e (0x023e2223)
core   0: 0x0000000080000282 (0x00002517) auipc   a0, 0x2
0 0x0000000080000282 (0x00002517) x10 0x0000000080002282
core   0: 0x0000000080000286 (0xdee50513) addi    a0, a0, -530
0 0x0000000080000286 (0xdee50513) x10 0x0000000080002070
core   0: 0x000000008000028a (0x00052007) flw     ft0, 0(a0)
0 0x000000008000028a (0x00052007) f 0 0xffffffff4f32d05e
core   0: 0x000000008000028e (0x00452087) flw     ft1, 4(a0)
0 0x000000008000028e (0x00452087) f 1 0xffffffff00000000
core   0: 0x0000000080000292 (0x00852107) flw     ft2, 8(a0)
0 0x0000000080000292 (0x00852107) f 2 0xffffffff00000000
core   0: 0x0000000080000296 (0x00004554) c.lw    a3, 12(a0)
0 0x0000000080000296 (0x00004554) x13 0x000000007fffffff
core   0: 0x0000000080000298 (0xc0001553) fcvt.w.s a0, ft0
0 0x0000000080000298 (0xc0001553) x10 0x000000007fffffff
core   0: 0x000000008000029c (0x001015f3) csrrw   a1, fflags, zero
0 0x000000008000029c (0x001015f3) x11 0x0000000000000010
core   0: 0x00000000800002a0 (0x00004641) c.li    a2, 16
0 0x00000000800002a0 (0x00004641) x12 0x0000000000000010
core   0: 0x00000000800002a2 (0x72d51063) bne     a0, a3, pc + 1824
0 0x00000000800002a2 (0x72d51063)
core   0: 0x00000000800002a6 (0x70c59e63) bne     a1, a2, pc + 1820
0 0x00000000800002a6 (0x70c59e63)
core   0: 0x00000000800002aa (0x000041b1) c.li    gp, 12
0 0x00000000800002aa (0x000041b1) x 3 0x000000000000000c
core   0: 0x00000000800002ac (0x00002e17) auipc   t3, 0x2
0 0x00000000800002ac (0x00002e17) x28 0x00000000800022ac
core   0: 0x00000000800002b0 (0xf54e0e13) addi    t3, t3, -172
0 0x00000000800002b0 (0xf54e0e13) x28 0x0000000080002200
core   0: 0x00000000800002b4 (0x023e2823) sw      gp, 48(t3)
0 0x00000000800002b4 (0x023e2823)
core   0: 0x00000000800002b8 (0x00002517) auipc   a0, 0x2
0 0x00000000800002b8 (0x00002517) x10 0x00000000800022b8
core   0: 0x00000000800002bc (0xdc850513) addi    a0, a0, -568
0 0x00000000800002bc (0xdc850513) x10 0x0000000080002080
core   0: 0x00000000800002c0 (0x00052007) flw     ft0, 0(a0)
0 0x00000000800002c0 (0x00052007) f 0 0xffffffffc0400000
core   0: 0x00000000800002c4 (0x00452087) flw     ft1, 4(a0)
0 0x00000000800002c4 (0x00452087) f 1 0xffffffff00000000
core   0: 0x00000000800002c8 (0x00852107) flw     ft2, 8(a0)
0 0x00000000800002c8 (0x00852107) f 2 0xffffffff00000000
core   0: 0x00000000800002cc (0x00004554) c.lw    a3, 12(a0)
0 0x00000000800002cc (0x00004554) x13 0x0000000000000000
core   0: 0x00000000800002ce (0xc0101553) fcvt.wu.s a0, ft0
0 0x00000000800002ce (0xc0101553) x10 0x0000000000000000
core   0: 0x00000000800002d2 (0x001015f3) csrrw   a1, fflags, zero
0 0x00000000800002d2 (0x001015f3) x11 0x0000000000000010
core   0: 0x00000000800002d6 (0x00004641) c.li    a2, 16
0 0x00000000800002d6 (0x00004641) x12 0x0000000000000010
core   0: 0x00000000800002d8 (0x6ed51563) bne     a0, a3, pc + 1770
0 0x00000000800002d8 (0x6ed51563)
core   0: 0x00000000800002dc (0x6ec59363) bne     a1, a2, pc + 1766
0 0x00000000800002dc (0x6ec59363)
core   0: 0x00000000800002e0 (0x000041b5) c.li    gp, 13
0 0x00000000800002e0 (0x000041b5) x 3 0x000000000000000d
core   0: 0x00000000800002e2 (0x00002e17) auipc   t3, 0x2
0 0x00000000800002e2 (0x00002e17) x28 0x00000000800022e2
core   0: 0x00000000800002e6 (0xf1ee0e13) addi    t3, t3, -226
0 0x00000000800002e6 (0xf1ee0e13) x28 0x0000000080002200
core   0: 0x00000000800002ea (0x023e2a23) sw      gp, 52(t3)
0 0x00000000800002ea (0x023e2a23)
core   0: 0x00000000800002ee (0x00002517) auipc   a0, 0x2
0 0x00000000800002ee (0x00002517) x10 0x00000000800022ee
core   0: 0x00000000800002f2 (0xda250513) addi    a0, a0, -606
0 0x00000000800002f2 (0xda250513) x10 0x0000000080002090
core   0: 0x00000000800002f6 (0x00052007) flw     ft0, 0(a0)
0 0x00000000800002f6 (0x00052007) f 0 0xffffffffbf800000
core   0: 0x00000000800002fa (0x00452087) flw     ft1, 4(a0)
0 0x00000000800002fa (0x00452087) f 1 0xffffffff00000000
core   0: 0x00000000800002fe (0x00852107) flw     ft2, 8(a0)
0 0x00000000800002fe (0x00852107) f 2 0xffffffff00000000
core   0: 0x0000000080000302 (0x00004554) c.lw    a3, 12(a0)
0 0x0000000080000302 (0x00004554) x13 0x0000000000000000
core   0: 0x0000000080000304 (0xc0101553) fcvt.wu.s a0, ft0
0 0x0000000080000304 (0xc0101553) x10 0x0000000000000000
core   0: 0x0000000080000308 (0x001015f3) csrrw   a1, fflags, zero
0 0x0000000080000308 (0x001015f3) x11 0x0000000000000010
core   0: 0x000000008000030c (0x00004641) c.li    a2, 16
0 0x000000008000030c (0x00004641) x12 0x0000000000000010
core   0: 0x000000008000030e (0x6ad51a63) bne     a0, a3, pc + 1716
0 0x000000008000030e (0x6ad51a63)
core   0: 0x0000000080000312 (0x6ac59863) bne     a1, a2, pc + 1712
0 0x0000000080000312 (0x6ac59863)
core   0: 0x0000000080000316 (0x000041b9) c.li    gp, 14
0 0x0000000080000316 (0x000041b9) x 3 0x000000000000000e
core   0: 0x0000000080000318 (0x00002e17) auipc   t3, 0x2
0 0x0000000080000318 (0x00002e17) x28 0x0000000080002318
core   0: 0x000000008000031c (0xee8e0e13) addi    t3, t3, -280
0 0x000000008000031c (0xee8e0e13) x28 0x0000000080002200
core   0: 0x0000000080000320 (0x023e2c23) sw      gp, 56(t3)
0 0x0000000080000320 (0x023e2c23)
core   0: 0x0000000080000324 (0x00002517) auipc   a0, 0x2
0 0x0000000080000324 (0x00002517) x10 0x0000000080002324
core   0: 0x0000000080000328 (0xd7c50513) addi    a0, a0, -644
0 0x0000000080000328 (0xd7c50513) x10 0x00000000800020a0
core   0: 0x000000008000032c (0x00052007) flw     ft0, 0(a0)
0 0x000000008000032c (0x00052007) f 0 0xffffffffbf666666
core   0: 0x0000000080000330 (0x00452087) flw     ft1, 4(a0)
0 0x0000000080000330 (0x00452087) f 1 0xffffffff00000000
core   0: 0x0000000080000334 (0x00852107) flw     ft2, 8(a0)
0 0x0000000080000334 (0x00852107) f 2 0xffffffff00000000
core   0: 0x0000000080000338 (0x00004554) c.lw    a3, 12(a0)
0 0x0000000080000338 (0x00004554) x13 0x0000000000000000
core   0: 0x000000008000033a (0xc0101553) fcvt.wu.s a0, ft0
0 0x000000008000033a (0xc0101553) x10 0x0000000000000000
core   0: 0x000000008000033e (0x001015f3) csrrw   a1, fflags, zero
0 0x000000008000033e (0x001015f3) x11 0x0000000000000001
core   0: 0x0000000080000342 (0x00004605) c.li    a2, 1
0 0x0000000080000342 (0x00004605) x12 0x0000000000000001
core   0: 0x0000000080000344 (0x66d51f63) bne     a0, a3, pc + 1662
0 0x0000000080000344 (0x66d51f63)
core   0: 0x0000000080000348 (0x66c59d63) bne     a1, a2, pc + 1658
0 0x0000000080000348 (0x66c59d63)
core   0: 0x000000008000034c (0x000041bd) c.li    gp, 15
0 0x000000008000034c (0x000041bd) x 3 0x000000000000000f
core   0: 0x000000008000034e (0x00002e17) auipc   t3, 0x2
0 0x000000008000034e (0x00002e17) x28 0x000000008000234e
core   0: 0x0000000080000352 (0xeb2e0e13) addi    t3, t3, -334
0 0x0000000080000352 (0xeb2e0e13) x28 0x0000000080002200
core   0: 0x0000000080000356 (0x023e2e23) sw      gp, 60(t3)
0 0x0000000080000356 (0x023e2e23)
core   0: 0x000000008000035a (0x00002517) auipc   a0, 0x2
0 0x000000008000035a (0x00002517) x10 0x000000008000235a
core   0: 0x000000008000035e (0xd5650513) addi    a0, a0, -682
0 0x000000008000035e (0xd5650513) x10 0x00000000800020b0
core   0: 0x0000000080000362 (0x00052007) flw     ft0, 0(a0)
0 0x0000000080000362 (0x00052007) f 0 0xffffffff3f666666
core   0: 0x0000000080000366 (0x00452087) flw     ft1, 4(a0)
0 0x0000000080000366 (0x00452087) f 1 0xffffffff00000000
core   0: 0x000000008000036a (0x00852107) flw     ft2, 8(a0)
0 0x000000008000036a (0x00852107) f 2 0xffffffff00000000
core   0: 0x000000008000036e (0x00004554) c.lw    a3, 12(a0)
0 0x000000008000036e (0x00004554) x13 0x0000000000000000
core   0: 0x0000000080000370 (0xc0101553) fcvt.wu.s a0, ft0
0 0x0000000080000370 (0xc0101553) x10 0x0000000000000000
core   0: 0x0000000080000374 (0x001015f3) csrrw   a1, fflags, zero
0 0x0000000080000374 (0x001015f3) x11 0x0000000000000001
core   0: 0x0000000080000378 (0x00004605) c.li    a2, 1
0 0x0000000080000378 (0x00004605) x12 0x0000000000000001
core   0: 0x000000008000037a (0x64d51463) bne     a0, a3, pc + 1608
0 0x000000008000037a (0x64d51463)
core   0: 0x000000008000037e (0x64c59263) bne     a1, a2, pc + 1604
0 0x000000008000037e (0x64c59263)
core   0: 0x0000000080000382 (0x000041c1) c.li    gp, 16
0 0x0000000080000382 (0x000041c1) x 3 0x0000000000000010
core   0: 0x0000000080000384 (0x00002e17) auipc   t3, 0x2
0 0x0000000080000384 (0x00002e17) x28 0x0000000080002384
core   0: 0x0000000080000388 (0xe7ce0e13) addi    t3, t3, -388
0 0x0000000080000388 (0xe7ce0e13) x28 0x0000000080002200
core   0: 0x000000008000038c (0x043e2023) sw      gp, 64(t3)
0 0x000000008000038c (0x043e2023)
core   0: 0x0000000080000390 (0x00002517) auipc   a0, 0x2
0 0x0000000080000390 (0x00002517) x10 0x0000000080002390
core   0: 0x0000000080000394 (0xd3050513) addi    a0, a0, -720
0 0x0000000080000394 (0xd3050513) x10 0x00000000800020c0
core   0: 0x0000000080000398 (0x00052007) flw     ft0, 0(a0)
0 0x0000000080000398 (0x00052007) f 0 0xffffffff3f800000
core   0: 0x000000008000039c (0x00452087) flw     ft1, 4(a0)
0 0x000000008000039c (0x00452087) f 1 0xffffffff00000000
core   0: 0x00000000800003a0 (0x00852107) flw     ft2, 8(a0)
0 0x00000000800003a0 (0x00852107) f 2 0xffffffff00000000
core   0: 0x00000000800003a4 (0x00004554) c.lw    a3, 12(a0)
0 0x00000000800003a4 (0x00004554) x13 0x0000000000000001
core   0: 0x00000000800003a6 (0xc0101553) fcvt.wu.s a0, ft0
0 0x00000000800003a6 (0xc0101553) x10 0x0000000000000001
core   0: 0x00000000800003aa (0x001015f3) csrrw   a1, fflags, zero
0 0x00000000800003aa (0x001015f3) x11 0x0000000000000000
core   0: 0x00000000800003ae (0x00004601) c.li    a2, 0
0 0x00000000800003ae (0x00004601) x12 0x0000000000000000
core   0: 0x00000000800003b0 (0x60d51963) bne     a0, a3, pc + 1554
0 0x00000000800003b0 (0x60d51963)
core   0: 0x00000000800003b4 (0x60c59763) bne     a1, a2, pc + 1550
0 0x00000000800003b4 (0x60c59763)
core   0: 0x00000000800003b8 (0x000041c5) c.li    gp, 17
0 0x00000000800003b8 (0x000041c5) x 3 0x0000000000000011
core   0: 0x00000000800003ba (0x00002e17) auipc   t3, 0x2
0 0x00000000800003ba (0x00002e17) x28 0x00000000800023ba
core   0: 0x00000000800003be (0xe46e0e13) addi    t3, t3, -442
0 0x00000000800003be (0xe46e0e13) x28 0x0000000080002200
core   0: 0x00000000800003c2 (0x043e2223) sw      gp, 68(t3)
0 0x00000000800003c2 (0x043e2223)
core   0: 0x00000000800003c6 (0x00002517) auipc   a0, 0x2
0 0x00000000800003c6 (0x00002517) x10 0x00000000800023c6
core   0: 0x00000000800003ca (0xd0a50513) addi    a0, a0, -758
0 0x00000000800003ca (0xd0a50513) x10 0x00000000800020d0
core   0: 0x00000000800003ce (0x00052007) flw     ft0, 0(a0)
0 0x00000000800003ce (0x00052007) f 0 0xffffffff3f8ccccd
core   0: 0x00000000800003d2 (0x00452087) flw     ft1, 4(a0)
0 0x00000000800003d2 (0x00452087) f 1 0xffffffff00000000
core   0: 0x00000000800003d6 (0x00852107) flw     ft2, 8(a0)
0 0x00000000800003d6 (0x00852107) f 2 0xffffffff00000000
core   0: 0x00000000800003da (0x00004554) c.lw    a3, 12(a0)
0 0x00000000800003da (0x00004554) x13 0x0000000000000001
core   0: 0x00000000800003dc (0xc0101553) fcvt.wu.s a0, ft0
0 0x00000000800003dc (0xc0101553) x10 0x0000000000000001
core   0: 0x00000000800003e0 (0x001015f3) csrrw   a1, fflags, zero
0 0x00000000800003e0 (0x001015f3) x11 0x0000000000000001
core   0: 0x00000000800003e4 (0x00004605) c.li    a2, 1
0 0x00000000800003e4 (0x00004605) x12 0x0000000000000001
core   0: 0x00000000800003e6 (0x5cd51e63) bne     a0, a3, pc + 1500
0 0x00000000800003e6 (0x5cd51e63)
core   0: 0x00000000800003ea (0x5cc59c63) bne     a1, a2, pc + 1496
0 0x00000000800003ea (0x5cc59c63)
core   0: 0x00000000800003ee (0x000041c9) c.li    gp, 18
0 0x00000000800003ee (0x000041c9) x 3 0x0000000000000012
core   0: 0x00000000800003f0 (0x00002e17) auipc   t3, 0x2
0 0x00000000800003f0 (0x00002e17) x28 0x00000000800023f0
core   0: 0x00000000800003f4 (0xe10e0e13) addi    t3, t3, -496
0 0x00000000800003f4 (0xe10e0e13) x28 0x0000000080002200
core   0: 0x00000000800003f8 (0x043e2423) sw      gp, 72(t3)
0 0x00000000800003f8 (0x043e2423)
core   0: 0x00000000800003fc (0x00002517) auipc   a0, 0x2
0 0x00000000800003fc (0x00002517) x10 0x00000000800023fc
core   0: 0x0000000080000400 (0xce450513) addi    a0, a0, -796
0 0x0000000080000400 (0xce450513) x10 0x00000000800020e0
core   0: 0x0000000080000404 (0x00052007) flw     ft0, 0(a0)
0 0x0000000080000404 (0x00052007) f 0 0xffffffffcf32d05e
core   0: 0x0000000080000408 (0x00452087) flw     ft1, 4(a0)
0 0x0000000080000408 (0x00452087) f 1 0xffffffff00000000
core   0: 0x000000008000040c (0x00852107) flw     ft2, 8(a0)
0 0x000000008000040c (0x00852107) f 2 0xffffffff00000000
core   0: 0x0000000080000410 (0x00004554) c.lw    a3, 12(a0)
0 0x0000000080000410 (0x00004554) x13 0x0000000000000000
core   0: 0x0000000080000412 (0xc0101553) fcvt.wu.s a0, ft0
0 0x0000000080000412 (0xc0101553) x10 0x0000000000000000
core   0: 0x0000000080000416 (0x001015f3) csrrw   a1, fflags, zero
0 0x0000000080000416 (0x001015f3) x11 0x0000000000000010
core   0: 0x000000008000041a (0x00004641) c.li    a2, 16
0 0x000000008000041a (0x00004641) x12 0x0000000000000010
core   0: 0x000000008000041c (0x5ad51363) bne     a0, a3, pc + 1446
0 0x000000008000041c (0x5ad51363)
core   0: 0x0000000080000420 (0x5ac59163) bne     a1, a2, pc + 1442
0 0x0000000080000420 (0x5ac59163)
core   0: 0x0000000080000424 (0x000041cd) c.li    gp, 19
0 0x0000000080000424 (0x000041cd) x 3 0x0000000000000013
core   0: 0x0000000080000426 (0x00002e17) auipc   t3, 0x2
0 0x0000000080000426 (0x00002e17) x28 0x0000000080002426
core   0: 0x000000008000042a (0xddae0e13) addi    t3, t3, -550
0 0x000000008000042a (0xddae0e13) x28 0x0000000080002200
core   0: 0x000000008000042e (0x043e2623) sw      gp, 76(t3)
0 0x000000008000042e (0x043e2623)
core   0: 0x0000000080000432 (0x00002517) auipc   a0, 0x2
0 0x0000000080000432 (0x00002517) x10 0x0000000080002432
core   0: 0x0000000080000436 (0xcbe50513) addi    a0, a0, -834
0 0x0000000080000436 (0xcbe50513) x10 0x00000000800020f0
core   0: 0x000000008000043a (0x00052007) flw     ft0, 0(a0)
0 0x000000008000043a (0x00052007) f 0 0xffffffff4f32d05e
core   0: 0x000000008000043e (0x00452087) flw     ft1, 4(a0)
0 0x000000008000043e (0x00452087) f 1 0xffffffff00000000
core   0: 0x0000000080000442 (0x00852107) flw     ft2, 8(a0)
0 0x0000000080000442 (0x00852107) f 2 0xffffffff00000000
core   0: 0x0000000080000446 (0x00004554) c.lw    a3, 12(a0)
0 0x0000000080000446 (0x00004554) x13 0xffffffffb2d05e00
core   0: 0x0000000080000448 (0xc0101553) fcvt.wu.s a0, ft0
0 0x0000000080000448 (0xc0101553) x10 0xffffffffb2d05e00
core   0: 0x000000008000044c (0x001015f3) csrrw   a1, fflags, zero
0 0x000000008000044c (0x001015f3) x11 0x0000000000000000
core   0: 0x0000000080000450 (0x00004601) c.li    a2, 0
0 0x0000000080000450 (0x00004601) x12 0x0000000000000000
core   0: 0x0000000080000452 (0x56d51863) bne     a0, a3, pc + 1392
0 0x0000000080000452 (0x56d51863)
core   0: 0x0000000080000456 (0x56c59663) bne     a1, a2, pc + 1388
0 0x0000000080000456 (0x56c59663)
core   0: 0x000000008000045a (0x000041d9) c.li    gp, 22
0 0x000000008000045a (0x000041d9) x 3 0x0000000000000016
core   0: 0x000000008000045c (0x00002e17) auipc   t3, 0x2
0 0x000000008000045c (0x00002e17) x28 0x000000008000245c
core   0: 0x0000000080000460 (0xda4e0e13) addi    t3, t3, -604
0 0x0000000080000460 (0xda4e0e13) x28 0x0000000080002200
core   0: 0x0000000080000464 (0x043e2c23) sw      gp, 88(t3)
0 0x0000000080000464 (0x043e2c23)
core   0: 0x0000000080000468 (0x00002517) auipc   a0, 0x2
0 0x0000000080000468 (0x00002517) x10 0x0000000080002468
core   0: 0x000000008000046c (0xc9850513) addi    a0, a0, -872
0 0x000000008000046c (0xc9850513) x10 0x0000000080002100
core   0: 0x0000000080000470 (0x00052007) flw     ft0, 0(a0)
0 0x0000000080000470 (0x00052007) f 0 0xffffffffbf8ccccd
core   0: 0x0000000080000474 (0x00452087) flw     ft1, 4(a0)
0 0x0000000080000474 (0x00452087) f 1 0xffffffff00000000
core   0: 0x0000000080000478 (0x00852107) flw     ft2, 8(a0)
0 0x0000000080000478 (0x00852107) f 2 0xffffffff00000000
core   0: 0x000000008000047c (0x00004554) c.lw    a3, 12(a0)
0 0x000000008000047c (0x00004554) x13 0xffffffffffffffff
core   0: 0x000000008000047e (0xc0201553) fcvt.l.s a0, ft0
0 0x000000008000047e (0xc0201553) x10 0xffffffffffffffff
core   0: 0x0000000080000482 (0x001015f3) csrrw   a1, fflags, zero
0 0x0000000080000482 (0x001015f3) x11 0x0000000000000001
core   0: 0x0000000080000486 (0x00004605) c.li    a2, 1
0 0x0000000080000486 (0x00004605) x12 0x0000000000000001
core   0: 0x0000000080000488 (0x52d51d63) bne     a0, a3, pc + 1338
0 0x0000000080000488 (0x52d51d63)
core   0: 0x000000008000048c (0x52c59b63) bne     a1, a2, pc + 1334
0 0x000000008000048c (0x52c59b63)
core   0: 0x0000000080000490 (0x000041dd) c.li    gp, 23
0 0x0000000080000490 (0x000041dd) x 3 0x0000000000000017
core   0: 0x0000000080000492 (0x00002e17) auipc   t3, 0x2
0 0x0000000080000492 (0x00002e17) x28 0x0000000080002492
core   0: 0x0000000080000496 (0xd6ee0e13) addi    t3, t3, -658
0 0x0000000080000496 (0xd6ee0e13) x28 0x0000000080002200
core   0: 0x000000008000049a (0x043e2e23) sw      gp, 92(t3)
0 0x000000008000049a (0x043e2e23)
core   0: 0x000000008000049e (0x00002517) auipc   a0, 0x2
0 0x000000008000049e (0x00002517) x10 0x000000008000249e
core   0: 0x00000000800004a2 (0xc7250513) addi    a0, a0, -910
0 0x00000000800004a2 (0xc7250513) x10 0x0000000080002110
core   0: 0x00000000800004a6 (0x00052007) flw     ft0, 0(a0)
0 0x00000000800004a6 (0x00052007) f 0 0xffffffffbf800000
core   0: 0x00000000800004aa (0x00452087) flw     ft1, 4(a0)
0 0x00000000800004aa (0x00452087) f 1 0xffffffff00000000
core   0: 0x00000000800004ae (0x00852107) flw     ft2, 8(a0)
0 0x00000000800004ae (0x00852107) f 2 0xffffffff00000000
core   0: 0x00000000800004b2 (0x00004554) c.lw    a3, 12(a0)
0 0x00000000800004b2 (0x00004554) x13 0xffffffffffffffff
core   0: 0x00000000800004b4 (0xc0201553) fcvt.l.s a0, ft0
0 0x00000000800004b4 (0xc0201553) x10 0xffffffffffffffff
core   0: 0x00000000800004b8 (0x001015f3) csrrw   a1, fflags, zero
0 0x00000000800004b8 (0x001015f3) x11 0x0000000000000000
core   0: 0x00000000800004bc (0x00004601) c.li    a2, 0
0 0x00000000800004bc (0x00004601) x12 0x0000000000000000
core   0: 0x00000000800004be (0x50d51263) bne     a0, a3, pc + 1284
0 0x00000000800004be (0x50d51263)
core   0: 0x00000000800004c2 (0x50c59063) bne     a1, a2, pc + 1280
0 0x00000000800004c2 (0x50c59063)
core   0: 0x00000000800004c6 (0x000041e1) c.li    gp, 24
0 0x00000000800004c6 (0x000041e1) x 3 0x0000000000000018
core   0: 0x00000000800004c8 (0x00002e17) auipc   t3, 0x2
0 0x00000000800004c8 (0x00002e17) x28 0x00000000800024c8
core   0: 0x00000000800004cc (0xd38e0e13) addi    t3, t3, -712
0 0x00000000800004cc (0xd38e0e13) x28 0x0000000080002200
core   0: 0x00000000800004d0 (0x063e2023) sw      gp, 96(t3)
0 0x00000000800004d0 (0x063e2023)
core   0: 0x00000000800004d4 (0x00002517) auipc   a0, 0x2
0 0x00000000800004d4 (0x00002517) x10 0x00000000800024d4
core   0: 0x00000000800004d8 (0xc4c50513) addi    a0, a0, -948
0 0x00000000800004d8 (0xc4c50513) x10 0x0000000080002120
core   0: 0x00000000800004dc (0x00052007) flw     ft0, 0(a0)
0 0x00000000800004dc (0x00052007) f 0 0xffffffffbf666666
core   0: 0x00000000800004e0 (0x00452087) flw     ft1, 4(a0)
0 0x00000000800004e0 (0x00452087) f 1 0xffffffff00000000
core   0: 0x00000000800004e4 (0x00852107) flw     ft2, 8(a0)
0 0x00000000800004e4 (0x00852107) f 2 0xffffffff00000000
core   0: 0x00000000800004e8 (0x00004554) c.lw    a3, 12(a0)
0 0x00000000800004e8 (0x00004554) x13 0x0000000000000000
core   0: 0x00000000800004ea (0xc0201553) fcvt.l.s a0, ft0
0 0x00000000800004ea (0xc0201553) x10 0x0000000000000000
core   0: 0x00000000800004ee (0x001015f3) csrrw   a1, fflags, zero
0 0x00000000800004ee (0x001015f3) x11 0x0000000000000001
core   0: 0x00000000800004f2 (0x00004605) c.li    a2, 1
0 0x00000000800004f2 (0x00004605) x12 0x0000000000000001
core   0: 0x00000000800004f4 (0x4cd51763) bne     a0, a3, pc + 1230
0 0x00000000800004f4 (0x4cd51763)
core   0: 0x00000000800004f8 (0x4cc59563) bne     a1, a2, pc + 1226
0 0x00000000800004f8 (0x4cc59563)
core   0: 0x00000000800004fc (0x000041e5) c.li    gp, 25
0 0x00000000800004fc (0x000041e5) x 3 0x0000000000000019
core   0: 0x00000000800004fe (0x00002e17) auipc   t3, 0x2
0 0x00000000800004fe (0x00002e17) x28 0x00000000800024fe
core   0: 0x0000000080000502 (0xd02e0e13) addi    t3, t3, -766
0 0x0000000080000502 (0xd02e0e13) x28 0x0000000080002200
core   0: 0x0000000080000506 (0x063e2223) sw      gp, 100(t3)
0 0x0000000080000506 (0x063e2223)
core   0: 0x000000008000050a (0x00002517) auipc   a0, 0x2
0 0x000000008000050a (0x00002517) x10 0x000000008000250a
core   0: 0x000000008000050e (0xc2650513) addi    a0, a0, -986
0 0x000000008000050e (0xc2650513) x10 0x0000000080002130
core   0: 0x0000000080000512 (0x00052007) flw     ft0, 0(a0)
0 0x0000000080000512 (0x00052007) f 0 0xffffffff3f666666
core   0: 0x0000000080000516 (0x00452087) flw     ft1, 4(a0)
0 0x0000000080000516 (0x00452087) f 1 0xffffffff00000000
core   0: 0x000000008000051a (0x00852107) flw     ft2, 8(a0)
0 0x000000008000051a (0x00852107) f 2 0xffffffff00000000
core   0: 0x000000008000051e (0x00004554) c.lw    a3, 12(a0)
0 0x000000008000051e (0x00004554) x13 0x0000000000000000
core   0: 0x0000000080000520 (0xc0201553) fcvt.l.s a0, ft0
0 0x0000000080000520 (0xc0201553) x10 0x0000000000000000
core   0: 0x0000000080000524 (0x001015f3) csrrw   a1, fflags, zero
0 0x0000000080000524 (0x001015f3) x11 0x0000000000000001
core   0: 0x0000000080000528 (0x00004605) c.li    a2, 1
0 0x0000000080000528 (0x00004605) x12 0x0000000000000001
core   0: 0x000000008000052a (0x48d51c63) bne     a0, a3, pc + 1176
0 0x000000008000052a (0x48d51c63)
core   0: 0x000000008000052e (0x48c59a63) bne     a1, a2, pc + 1172
0 0x000000008000052e (0x48c59a63)
core   0: 0x0000000080000532 (0x000041e9) c.li    gp, 26
0 0x0000000080000532 (0x000041e9) x 3 0x000000000000001a
core   0: 0x0000000080000534 (0x00002e17) auipc   t3, 0x2
0 0x0000000080000534 (0x00002e17) x28 0x0000000080002534
core   0: 0x0000000080000538 (0xccce0e13) addi    t3, t3, -820
0 0x0000000080000538 (0xccce0e13) x28 0x0000000080002200
core   0: 0x000000008000053c (0x063e2423) sw      gp, 104(t3)
0 0x000000008000053c (0x063e2423)
core   0: 0x0000000080000540 (0x00002517) auipc   a0, 0x2
0 0x0000000080000540 (0x00002517) x10 0x0000000080002540
core   0: 0x0000000080000544 (0xc0050513) addi    a0, a0, -1024
0 0x0000000080000544 (0xc0050513) x10 0x0000000080002140
core   0: 0x0000000080000548 (0x00052007) flw     ft0, 0(a0)
0 0x0000000080000548 (0x00052007) f 0 0xffffffff3f800000
core   0: 0x000000008000054c (0x00452087) flw     ft1, 4(a0)
0 0x000000008000054c (0x00452087) f 1 0xffffffff00000000
core   0: 0x0000000080000550 (0x00852107) flw     ft2, 8(a0)
0 0x0000000080000550 (0x00852107) f 2 0xffffffff00000000
core   0: 0x0000000080000554 (0x00004554) c.lw    a3, 12(a0)
0 0x0000000080000554 (0x00004554) x13 0x0000000000000001
core   0: 0x0000000080000556 (0xc0201553) fcvt.l.s a0, ft0
0 0x0000000080000556 (0xc0201553) x10 0x0000000000000001
core   0: 0x000000008000055a (0x001015f3) csrrw   a1, fflags, zero
0 0x000000008000055a (0x001015f3) x11 0x0000000000000000
core   0: 0x000000008000055e (0x00004601) c.li    a2, 0
0 0x000000008000055e (0x00004601) x12 0x0000000000000000
core   0: 0x0000000080000560 (0x46d51163) bne     a0, a3, pc + 1122
0 0x0000000080000560 (0x46d51163)
core   0: 0x0000000080000564 (0x44c59f63) bne     a1, a2, pc + 1118
0 0x0000000080000564 (0x44c59f63)
core   0: 0x0000000080000568 (0x000041ed) c.li    gp, 27
0 0x0000000080000568 (0x000041ed) x 3 0x000000000000001b
core   0: 0x000000008000056a (0x00002e17) auipc   t3, 0x2
0 0x000000008000056a (0x00002e17) x28 0x000000008000256a
core   0: 0x000000008000056e (0xc96e0e13) addi    t3, t3, -874
0 0x000000008000056e (0xc96e0e13) x28 0x0000000080002200
core   0: 0x0000000080000572 (0x063e2623) sw      gp, 108(t3)
0 0x0000000080000572 (0x063e2623)
core   0: 0x0000000080000576 (0x00002517) auipc   a0, 0x2
0 0x0000000080000576 (0x00002517) x10 0x0000000080002576
core   0: 0x000000008000057a (0xbda50513) addi    a0, a0, -1062
0 0x000000008000057a (0xbda50513) x10 0x0000000080002150
core   0: 0x000000008000057e (0x00052007) flw     ft0, 0(a0)
0 0x000000008000057e (0x00052007) f 0 0xffffffff3f8ccccd
core   0: 0x0000000080000582 (0x00452087) flw     ft1, 4(a0)
0 0x0000000080000582 (0x00452087) f 1 0xffffffff00000000
core   0: 0x0000000080000586 (0x00852107) flw     ft2, 8(a0)
0 0x0000000080000586 (0x00852107) f 2 0xffffffff00000000
core   0: 0x000000008000058a (0x00004554) c.lw    a3, 12(a0)
0 0x000000008000058a (0x00004554) x13 0x0000000000000001
core   0: 0x000000008000058c (0xc0201553) fcvt.l.s a0, ft0
0 0x000000008000058c (0xc0201553) x10 0x0000000000000001
core   0: 0x0000000080000590 (0x001015f3) csrrw   a1, fflags, zero
0 0x0000000080000590 (0x001015f3) x11 0x0000000000000001
core   0: 0x0000000080000594 (0x00004605) c.li    a2, 1
0 0x0000000080000594 (0x00004605) x12 0x0000000000000001
core   0: 0x0000000080000596 (0x42d51663) bne     a0, a3, pc + 1068
0 0x0000000080000596 (0x42d51663)
core   0: 0x000000008000059a (0x42c59463) bne     a1, a2, pc + 1064
0 0x000000008000059a (0x42c59463)
core   0: 0x000000008000059e (0x02000193) li      gp, 32
0 0x000000008000059e (0x02000193) x 3 0x0000000000000020
core   0: 0x00000000800005a2 (0x00002e17) auipc   t3, 0x2
0 0x00000000800005a2 (0x00002e17) x28 0x00000000800025a2
core   0: 0x00000000800005a6 (0xc5ee0e13) addi    t3, t3, -930
0 0x00000000800005a6 (0xc5ee0e13) x28 0x0000000080002200
core   0: 0x00000000800005aa (0x083e2023) sw      gp, 128(t3)
0 0x00000000800005aa (0x083e2023)
core   0: 0x00000000800005ae (0x00002517) auipc   a0, 0x2
0 0x00000000800005ae (0x00002517) x10 0x00000000800025ae
core   0: 0x00000000800005b2 (0xbb250513) addi    a0, a0, -1102
0 0x00000000800005b2 (0xbb250513) x10 0x0000000080002160
core   0: 0x00000000800005b6 (0x00052007) flw     ft0, 0(a0)
0 0x00000000800005b6 (0x00052007) f 0 0xffffffffc0400000
core   0: 0x00000000800005ba (0x00452087) flw     ft1, 4(a0)
0 0x00000000800005ba (0x00452087) f 1 0xffffffff00000000
core   0: 0x00000000800005be (0x00852107) flw     ft2, 8(a0)
0 0x00000000800005be (0x00852107) f 2 0xffffffff00000000
core   0: 0x00000000800005c2 (0x00004554) c.lw    a3, 12(a0)
0 0x00000000800005c2 (0x00004554) x13 0x0000000000000000
core   0: 0x00000000800005c4 (0xc0301553) fcvt.lu.s a0, ft0
0 0x00000000800005c4 (0xc0301553) x10 0x0000000000000000
core   0: 0x00000000800005c8 (0x001015f3) csrrw   a1, fflags, zero
0 0x00000000800005c8 (0x001015f3) x11 0x0000000000000010
core   0: 0x00000000800005cc (0x00004641) c.li    a2, 16
0 0x00000000800005cc (0x00004641) x12 0x0000000000000010
core   0: 0x00000000800005ce (0x3ed51a63) bne     a0, a3, pc + 1012
0 0x00000000800005ce (0x3ed51a63)
core   0: 0x00000000800005d2 (0x3ec59863) bne     a1, a2, pc + 1008
0 0x00000000800005d2 (0x3ec59863)
core   0: 0x00000000800005d6 (0x02100193) li      gp, 33
0 0x00000000800005d6 (0x02100193) x 3 0x0000000000000021
core   0: 0x00000000800005da (0x00002e17) auipc   t3, 0x2
0 0x00000000800005da (0x00002e17) x28 0x00000000800025da
core   0: 0x00000000800005de (0xc26e0e13) addi    t3, t3, -986
0 0x00000000800005de (0xc26e0e13) x28 0x0000000080002200
core   0: 0x00000000800005e2 (0x083e2223) sw      gp, 132(t3)
0 0x00000000800005e2 (0x083e2223)
core   0: 0x00000000800005e6 (0x00002517) auipc   a0, 0x2
0 0x00000000800005e6 (0x00002517) x10 0x00000000800025e6
core   0: 0x00000000800005ea (0xb8a50513) addi    a0, a0, -1142
0 0x00000000800005ea (0xb8a50513) x10 0x0000000080002170
core   0: 0x00000000800005ee (0x00052007) flw     ft0, 0(a0)
0 0x00000000800005ee (0x00052007) f 0 0xffffffffbf800000
core   0: 0x00000000800005f2 (0x00452087) flw     ft1, 4(a0)
0 0x00000000800005f2 (0x00452087) f 1 0xffffffff00000000
core   0: 0x00000000800005f6 (0x00852107) flw     ft2, 8(a0)
0 0x00000000800005f6 (0x00852107) f 2 0xffffffff00000000
core   0: 0x00000000800005fa (0x00004554) c.lw    a3, 12(a0)
0 0x00000000800005fa (0x00004554) x13 0x0000000000000000
core   0: 0x00000000800005fc (0xc0301553) fcvt.lu.s a0, ft0
0 0x00000000800005fc (0xc0301553) x10 0x0000000000000000
core   0: 0x0000000080000600 (0x001015f3) csrrw   a1, fflags, zero
0 0x0000000080000600 (0x001015f3) x11 0x0000000000000010
core   0: 0x0000000080000604 (0x00004641) c.li    a2, 16
0 0x0000000080000604 (0x00004641) x12 0x0000000000000010
core   0: 0x0000000080000606 (0x3ad51e63) bne     a0, a3, pc + 956
0 0x0000000080000606 (0x3ad51e63)
core   0: 0x000000008000060a (0x3ac59c63) bne     a1, a2, pc + 952
0 0x000000008000060a (0x3ac59c63)
core   0: 0x000000008000060e (0x02200193) li      gp, 34
0 0x000000008000060e (0x02200193) x 3 0x0000000000000022
core   0: 0x0000000080000612 (0x00002e17) auipc   t3, 0x2
0 0x0000000080000612 (0x00002e17) x28 0x0000000080002612
core   0: 0x0000000080000616 (0xbeee0e13) addi    t3, t3, -1042
0 0x0000000080000616 (0xbeee0e13) x28 0x0000000080002200
core   0: 0x000000008000061a (0x083e2423) sw      gp, 136(t3)
0 0x000000008000061a (0x083e2423)
core   0: 0x000000008000061e (0x00002517) auipc   a0, 0x2
0 0x000000008000061e (0x00002517) x10 0x000000008000261e
core   0: 0x0000000080000622 (0xb6250513) addi    a0, a0, -1182
0 0x0000000080000622 (0xb6250513) x10 0x0000000080002180
core   0: 0x0000000080000626 (0x00052007) flw     ft0, 0(a0)
0 0x0000000080000626 (0x00052007) f 0 0xffffffffbf666666
core   0: 0x000000008000062a (0x00452087) flw     ft1, 4(a0)
0 0x000000008000062a (0x00452087) f 1 0xffffffff00000000
core   0: 0x000000008000062e (0x00852107) flw     ft2, 8(a0)
0 0x000000008000062e (0x00852107) f 2 0xffffffff00000000
core   0: 0x0000000080000632 (0x00004554) c.lw    a3, 12(a0)
0 0x0000000080000632 (0x00004554) x13 0x0000000000000000
core   0: 0x0000000080000634 (0xc0301553) fcvt.lu.s a0, ft0
0 0x0000000080000634 (0xc0301553) x10 0x0000000000000000
core   0: 0x0000000080000638 (0x001015f3) csrrw   a1, fflags, zero
0 0x0000000080000638 (0x001015f3) x11 0x0000000000000001
core   0: 0x000000008000063c (0x00004605) c.li    a2, 1
0 0x000000008000063c (0x00004605) x12 0x0000000000000001
core   0: 0x000000008000063e (0x38d51263) bne     a0, a3, pc + 900
0 0x000000008000063e (0x38d51263)
core   0: 0x0000000080000642 (0x38c59063) bne     a1, a2, pc + 896
0 0x0000000080000642 (0x38c59063)
core   0: 0x0000000080000646 (0x02300193) li      gp, 35
0 0x0000000080000646 (0x02300193) x 3 0x0000000000000023
core   0: 0x000000008000064a (0x00002e17) auipc   t3, 0x2
0 0x000000008000064a (0x00002e17) x28 0x000000008000264a
core   0: 0x000000008000064e (0xbb6e0e13) addi    t3, t3, -1098
0 0x000000008000064e (0xbb6e0e13) x28 0x0000000080002200
core   0: 0x0000000080000652 (0x083e2623) sw      gp, 140(t3)
0 0x0000000080000652 (0x083e2623)
core   0: 0x0000000080000656 (0x00002517) auipc   a0, 0x2
0 0x0000000080000656 (0x00002517) x10 0x0000000080002656
core   0: 0x000000008000065a (0xb3a50513) addi    a0, a0, -1222
0 0x000000008000065a (0xb3a50513) x10 0x0000000080002190
core   0: 0x000000008000065e (0x00052007) flw     ft0, 0(a0)
0 0x000000008000065e (0x00052007) f 0 0xffffffff3f666666
core   0: 0x0000000080000662 (0x00452087) flw     ft1, 4(a0)
0 0x0000000080000662 (0x00452087) f 1 0xffffffff00000000
core   0: 0x0000000080000666 (0x00852107) flw     ft2, 8(a0)
0 0x0000000080000666 (0x00852107) f 2 0xffffffff00000000
core   0: 0x000000008000066a (0x00004554) c.lw    a3, 12(a0)
0 0x000000008000066a (0x00004554) x13 0x0000000000000000
core   0: 0x000000008000066c (0xc0301553) fcvt.lu.s a0, ft0
0 0x000000008000066c (0xc0301553) x10 0x0000000000000000
core   0: 0x0000000080000670 (0x001015f3) csrrw   a1, fflags, zero
0 0x0000000080000670 (0x001015f3) x11 0x0000000000000001
core   0: 0x0000000080000674 (0x00004605) c.li    a2, 1
0 0x0000000080000674 (0x00004605) x12 0x0000000000000001
core   0: 0x0000000080000676 (0x34d51663) bne     a0, a3, pc + 844
0 0x0000000080000676 (0x34d51663)
core   0: 0x000000008000067a (0x34c59463) bne     a1, a2, pc + 840
0 0x000000008000067a (0x34c59463)
core   0: 0x000000008000067e (0x02400193) li      gp, 36
0 0x000000008000067e (0x02400193) x 3 0x0000000000000024
core   0: 0x0000000080000682 (0x00002e17) auipc   t3, 0x2
0 0x0000000080000682 (0x00002e17) x28 0x0000000080002682
core   0: 0x0000000080000686 (0xb7ee0e13) addi    t3, t3, -1154
0 0x0000000080000686 (0xb7ee0e13) x28 0x0000000080002200
core   0: 0x000000008000068a (0x083e2823) sw      gp, 144(t3)
0 0x000000008000068a (0x083e2823)
core   0: 0x000000008000068e (0x00002517) auipc   a0, 0x2
0 0x000000008000068e (0x00002517) x10 0x000000008000268e
core   0: 0x0000000080000692 (0xb1250513) addi    a0, a0, -1262
0 0x0000000080000692 (0xb1250513) x10 0x00000000800021a0
core   0: 0x0000000080000696 (0x00052007) flw     ft0, 0(a0)
0 0x0000000080000696 (0x00052007) f 0 0xffffffff3f800000
core   0: 0x000000008000069a (0x00452087) flw     ft1, 4(a0)
0 0x000000008000069a (0x00452087) f 1 0xffffffff00000000
core   0: 0x000000008000069e (0x00852107) flw     ft2, 8(a0)
0 0x000000008000069e (0x00852107) f 2 0xffffffff00000000
core   0: 0x00000000800006a2 (0x00004554) c.lw    a3, 12(a0)
0 0x00000000800006a2 (0x00004554) x13 0x0000000000000001
core   0: 0x00000000800006a4 (0xc0301553) fcvt.lu.s a0, ft0
0 0x00000000800006a4 (0xc0301553) x10 0x0000000000000001
core   0: 0x00000000800006a8 (0x001015f3) csrrw   a1, fflags, zero
0 0x00000000800006a8 (0x001015f3) x11 0x0000000000000000
core   0: 0x00000000800006ac (0x00004601) c.li    a2, 0
0 0x00000000800006ac (0x00004601) x12 0x0000000000000000
core   0: 0x00000000800006ae (0x30d51a63) bne     a0, a3, pc + 788
0 0x00000000800006ae (0x30d51a63)
core   0: 0x00000000800006b2 (0x30c59863) bne     a1, a2, pc + 784
0 0x00000000800006b2 (0x30c59863)
core   0: 0x00000000800006b6 (0x02500193) li      gp, 37
0 0x00000000800006b6 (0x02500193) x 3 0x0000000000000025
core   0: 0x00000000800006ba (0x00002e17) auipc   t3, 0x2
0 0x00000000800006ba (0x00002e17) x28 0x00000000800026ba
core   0: 0x00000000800006be (0xb46e0e13) addi    t3, t3, -1210
0 0x00000000800006be (0xb46e0e13) x28 0x0000000080002200
core   0: 0x00000000800006c2 (0x083e2a23) sw      gp, 148(t3)
0 0x00000000800006c2 (0x083e2a23)
core   0: 0x00000000800006c6 (0x00002517) auipc   a0, 0x2
0 0x00000000800006c6 (0x00002517) x10 0x00000000800026c6
core   0: 0x00000000800006ca (0xaea50513) addi    a0, a0, -1302
0 0x00000000800006ca (0xaea50513) x10 0x00000000800021b0
core   0: 0x00000000800006ce (0x00052007) flw     ft0, 0(a0)
0 0x00000000800006ce (0x00052007) f 0 0xffffffff3f8ccccd
core   0: 0x00000000800006d2 (0x00452087) flw     ft1, 4(a0)
0 0x00000000800006d2 (0x00452087) f 1 0xffffffff00000000
core   0: 0x00000000800006d6 (0x00852107) flw     ft2, 8(a0)
0 0x00000000800006d6 (0x00852107) f 2 0xffffffff00000000
core   0: 0x00000000800006da (0x00004554) c.lw    a3, 12(a0)
0 0x00000000800006da (0x00004554) x13 0x0000000000000001
core   0: 0x00000000800006dc (0xc0301553) fcvt.lu.s a0, ft0
0 0x00000000800006dc (0xc0301553) x10 0x0000000000000001
core   0: 0x00000000800006e0 (0x001015f3) csrrw   a1, fflags, zero
0 0x00000000800006e0 (0x001015f3) x11 0x0000000000000001
core   0: 0x00000000800006e4 (0x00004605) c.li    a2, 1
0 0x00000000800006e4 (0x00004605) x12 0x0000000000000001
core   0: 0x00000000800006e6 (0x2cd51e63) bne     a0, a3, pc + 732
0 0x00000000800006e6 (0x2cd51e63)
core   0: 0x00000000800006ea (0x2cc59c63) bne     a1, a2, pc + 728
0 0x00000000800006ea (0x2cc59c63)
core   0: 0x00000000800006ee (0x02600193) li      gp, 38
0 0x00000000800006ee (0x02600193) x 3 0x0000000000000026
core   0: 0x00000000800006f2 (0x00002e17) auipc   t3, 0x2
0 0x00000000800006f2 (0x00002e17) x28 0x00000000800026f2
core   0: 0x00000000800006f6 (0xb0ee0e13) addi    t3, t3, -1266
0 0x00000000800006f6 (0xb0ee0e13) x28 0x0000000080002200
core   0: 0x00000000800006fa (0x083e2c23) sw      gp, 152(t3)
0 0x00000000800006fa (0x083e2c23)
core   0: 0x00000000800006fe (0x00002517) auipc   a0, 0x2
0 0x00000000800006fe (0x00002517) x10 0x00000000800026fe
core   0: 0x0000000080000702 (0xac250513) addi    a0, a0, -1342
0 0x0000000080000702 (0xac250513) x10 0x00000000800021c0
core   0: 0x0000000080000706 (0x00052007) flw     ft0, 0(a0)
0 0x0000000080000706 (0x00052007) f 0 0xffffffffcf32d05e
core   0: 0x000000008000070a (0x00452087) flw     ft1, 4(a0)
0 0x000000008000070a (0x00452087) f 1 0xffffffff00000000
core   0: 0x000000008000070e (0x00852107) flw     ft2, 8(a0)
0 0x000000008000070e (0x00852107) f 2 0xffffffff00000000
core   0: 0x0000000080000712 (0x00004554) c.lw    a3, 12(a0)
0 0x0000000080000712 (0x00004554) x13 0x0000000000000000
core   0: 0x0000000080000714 (0xc0301553) fcvt.lu.s a0, ft0
0 0x0000000080000714 (0xc0301553) x10 0x0000000000000000
core   0: 0x0000000080000718 (0x001015f3) csrrw   a1, fflags, zero
0 0x0000000080000718 (0x001015f3) x11 0x0000000000000010
core   0: 0x000000008000071c (0x00004641) c.li    a2, 16
0 0x000000008000071c (0x00004641) x12 0x0000000000000010
core   0: 0x000000008000071e (0x2ad51263) bne     a0, a3, pc + 676
0 0x000000008000071e (0x2ad51263)
core   0: 0x0000000080000722 (0x2ac59063) bne     a1, a2, pc + 672
0 0x0000000080000722 (0x2ac59063)
core   0: 0x0000000080000726 (0x00002097) auipc   ra, 0x2
0 0x0000000080000726 (0x00002097) x 1 0x0000000080002726
core   0: 0x000000008000072a (0xaaa08093) addi    ra, ra, -1366
0 0x000000008000072a (0xaaa08093) x 1 0x00000000800021d0
core   0: 0x000000008000072e (0x0000a087) flw     ft1, 0(ra)
0 0x000000008000072e (0x0000a087) f 1 0xffffffffffffffff
core   0: 0x0000000080000732 (0xc000f0d3) fcvt.w.s ra, ft1
0 0x0000000080000732 (0xc000f0d3) x 1 0x000000007fffffff
core   0: 0x0000000080000736 (0x80000eb7) lui     t4, 0x80000
0 0x0000000080000736 (0x80000eb7) x29 0xffffffff80000000
core   0: 0x000000008000073a (0xfffe8e9b) addiw   t4, t4, -1
0 0x000000008000073a (0xfffe8e9b) x29 0x000000007fffffff
core   0: 0x000000008000073e (0x02a00193) li      gp, 42
0 0x000000008000073e (0x02a00193) x 3 0x000000000000002a
core   0: 0x0000000080000742 (0x00002e17) auipc   t3, 0x2
0 0x0000000080000742 (0x00002e17) x28 0x0000000080002742
core   0: 0x0000000080000746 (0xabee0e13) addi    t3, t3, -1346
0 0x0000000080000746 (0xabee0e13) x28 0x0000000080002200
core   0: 0x000000008000074a (0x0a1e2423) sw      ra, 168(t3)
0 0x000000008000074a (0x0a1e2423)
core   0: 0x000000008000074e (0x27d09a63) bne     ra, t4, pc + 628
0 0x000000008000074e (0x27d09a63)
core   0: 0x0000000080000752 (0x00002097) auipc   ra, 0x2
0 0x0000000080000752 (0x00002097) x 1 0x0000000080002752
core   0: 0x0000000080000756 (0xa7e08093) addi    ra, ra, -1410
0 0x0000000080000756 (0xa7e08093) x 1 0x00000000800021d0
core   0: 0x000000008000075a (0x0080a087) flw     ft1, 8(ra)
0 0x000000008000075a (0x0080a087) f 1 0xffffffffff800000
core   0: 0x000000008000075e (0xc000f0d3) fcvt.w.s ra, ft1
0 0x000000008000075e (0xc000f0d3) x 1 0xffffffff80000000
core   0: 0x0000000080000762 (0x80000eb7) lui     t4, 0x80000
0 0x0000000080000762 (0x80000eb7) x29 0xffffffff80000000
core   0: 0x0000000080000766 (0x02c00193) li      gp, 44
0 0x0000000080000766 (0x02c00193) x 3 0x000000000000002c
core   0: 0x000000008000076a (0x00002e17) auipc   t3, 0x2
0 0x000000008000076a (0x00002e17) x28 0x000000008000276a
core   0: 0x000000008000076e (0xa96e0e13) addi    t3, t3, -1386
0 0x000000008000076e (0xa96e0e13) x28 0x0000000080002200
core   0: 0x0000000080000772 (0x0a1e2823) sw      ra, 176(t3)
0 0x0000000080000772 (0x0a1e2823)
core   0: 0x0000000080000776 (0x25d09663) bne     ra, t4, pc + 588
0 0x0000000080000776 (0x25d09663)
core   0: 0x000000008000077a (0x00002097) auipc   ra, 0x2
0 0x000000008000077a (0x00002097) x 1 0x000000008000277a
core   0: 0x000000008000077e (0xa5608093) addi    ra, ra, -1450
0 0x000000008000077e (0xa5608093) x 1 0x00000000800021d0
core   0: 0x0000000080000782 (0x0000a087) flw     ft1, 0(ra)
0 0x0000000080000782 (0x0000a087) f 1 0xffffffffffffffff
core   0: 0x0000000080000786 (0xc020f0d3) fcvt.l.s ra, ft1
0 0x0000000080000786 (0xc020f0d3) x 1 0x7fffffffffffffff
core   0: 0x000000008000078a (0xfff00e9b) addiw   t4, zero, -1
0 0x000000008000078a (0xfff00e9b) x29 0xffffffffffffffff
core   0: 0x000000008000078e (0x03fe9e93) slli    t4, t4, 63
0 0x000000008000078e (0x03fe9e93) x29 0x8000000000000000
core   0: 0x0000000080000792 (0xfffe8e93) addi    t4, t4, -1
0 0x0000000080000792 (0xfffe8e93) x29 0x7fffffffffffffff
core   0: 0x0000000080000796 (0x02b00193) li      gp, 43
0 0x0000000080000796 (0x02b00193) x 3 0x000000000000002b
core   0: 0x000000008000079a (0x00002e17) auipc   t3, 0x2
0 0x000000008000079a (0x00002e17) x28 0x000000008000279a
core   0: 0x000000008000079e (0xa66e0e13) addi    t3, t3, -1434
0 0x000000008000079e (0xa66e0e13) x28 0x0000000080002200
core   0: 0x00000000800007a2 (0x0a1e2623) sw      ra, 172(t3)
0 0x00000000800007a2 (0x0a1e2623)
core   0: 0x00000000800007a6 (0x21d09e63) bne     ra, t4, pc + 540
0 0x00000000800007a6 (0x21d09e63)
core   0: 0x00000000800007aa (0x00002097) auipc   ra, 0x2
0 0x00000000800007aa (0x00002097) x 1 0x00000000800027aa
core   0: 0x00000000800007ae (0xa2608093) addi    ra, ra, -1498
0 0x00000000800007ae (0xa2608093) x 1 0x00000000800021d0
core   0: 0x00000000800007b2 (0x0080a087) flw     ft1, 8(ra)
0 0x00000000800007b2 (0x0080a087) f 1 0xffffffffff800000
core   0: 0x00000000800007b6 (0xc020f0d3) fcvt.l.s ra, ft1
0 0x00000000800007b6 (0xc020f0d3) x 1 0x8000000000000000
core   0: 0x00000000800007ba (0xfff00e9b) addiw   t4, zero, -1
0 0x00000000800007ba (0xfff00e9b) x29 0xffffffffffffffff
core   0: 0x00000000800007be (0x03fe9e93) slli    t4, t4, 63
0 0x00000000800007be (0x03fe9e93) x29 0x8000000000000000
core   0: 0x00000000800007c2 (0x02d00193) li      gp, 45
0 0x00000000800007c2 (0x02d00193) x 3 0x000000000000002d
core   0: 0x00000000800007c6 (0x00002e17) auipc   t3, 0x2
0 0x00000000800007c6 (0x00002e17) x28 0x00000000800027c6
core   0: 0x00000000800007ca (0xa3ae0e13) addi    t3, t3, -1478
0 0x00000000800007ca (0xa3ae0e13) x28 0x0000000080002200
core   0: 0x00000000800007ce (0x0a1e2a23) sw      ra, 180(t3)
0 0x00000000800007ce (0x0a1e2a23)
core   0: 0x00000000800007d2 (0x1fd09863) bne     ra, t4, pc + 496
0 0x00000000800007d2 (0x1fd09863)
core   0: 0x00000000800007d6 (0x00002097) auipc   ra, 0x2
0 0x00000000800007d6 (0x00002097) x 1 0x00000000800027d6
core   0: 0x00000000800007da (0x9fa08093) addi    ra, ra, -1542
0 0x00000000800007da (0x9fa08093) x 1 0x00000000800021d0
core   0: 0x00000000800007de (0x0040a087) flw     ft1, 4(ra)
0 0x00000000800007de (0x0040a087) f 1 0xffffffff7fffffff
core   0: 0x00000000800007e2 (0xc000f0d3) fcvt.w.s ra, ft1
0 0x00000000800007e2 (0xc000f0d3) x 1 0x000000007fffffff
core   0: 0x00000000800007e6 (0x80000eb7) lui     t4, 0x80000
0 0x00000000800007e6 (0x80000eb7) x29 0xffffffff80000000
core   0: 0x00000000800007ea (0xfffe8e9b) addiw   t4, t4, -1
0 0x00000000800007ea (0xfffe8e9b) x29 0x000000007fffffff
core   0: 0x00000000800007ee (0x03400193) li      gp, 52
0 0x00000000800007ee (0x03400193) x 3 0x0000000000000034
core   0: 0x00000000800007f2 (0x00002e17) auipc   t3, 0x2
0 0x00000000800007f2 (0x00002e17) x28 0x00000000800027f2
core   0: 0x00000000800007f6 (0xa0ee0e13) addi    t3, t3, -1522
0 0x00000000800007f6 (0xa0ee0e13) x28 0x0000000080002200
core   0: 0x00000000800007fa (0x0c1e2823) sw      ra, 208(t3)
0 0x00000000800007fa (0x0c1e2823)
core   0: 0x00000000800007fe (0x1dd09263) bne     ra, t4, pc + 452
0 0x00000000800007fe (0x1dd09263)
core   0: 0x0000000080000802 (0x00002097) auipc   ra, 0x2
0 0x0000000080000802 (0x00002097) x 1 0x0000000080002802
core   0: 0x0000000080000806 (0x9ce08093) addi    ra, ra, -1586
0 0x0000000080000806 (0x9ce08093) x 1 0x00000000800021d0
core   0: 0x000000008000080a (0x00c0a087) flw     ft1, 12(ra)
0 0x000000008000080a (0x00c0a087) f 1 0xffffffff7f800000
core   0: 0x000000008000080e (0xc000f0d3) fcvt.w.s ra, ft1
0 0x000000008000080e (0xc000f0d3) x 1 0x000000007fffffff
core   0: 0x0000000080000812 (0x80000eb7) lui     t4, 0x80000
0 0x0000000080000812 (0x80000eb7) x29 0xffffffff80000000
core   0: 0x0000000080000816 (0xfffe8e9b) addiw   t4, t4, -1
0 0x0000000080000816 (0xfffe8e9b) x29 0x000000007fffffff
core   0: 0x000000008000081a (0x03600193) li      gp, 54
0 0x000000008000081a (0x03600193) x 3 0x0000000000000036
core   0: 0x000000008000081e (0x00002e17) auipc   t3, 0x2
0 0x000000008000081e (0x00002e17) x28 0x000000008000281e
core   0: 0x0000000080000822 (0x9e2e0e13) addi    t3, t3, -1566
0 0x0000000080000822 (0x9e2e0e13) x28 0x0000000080002200
core   0: 0x0000000080000826 (0x0c1e2c23) sw      ra, 216(t3)
0 0x0000000080000826 (0x0c1e2c23)
core   0: 0x000000008000082a (0x19d09c63) bne     ra, t4, pc + 408
0 0x000000008000082a (0x19d09c63)
core   0: 0x000000008000082e (0x00002097) auipc   ra, 0x2
0 0x000000008000082e (0x00002097) x 1 0x000000008000282e
core   0: 0x0000000080000832 (0x9a208093) addi    ra, ra, -1630
0 0x0000000080000832 (0x9a208093) x 1 0x00000000800021d0
core   0: 0x0000000080000836 (0x0040a087) flw     ft1, 4(ra)
0 0x0000000080000836 (0x0040a087) f 1 0xffffffff7fffffff
core   0: 0x000000008000083a (0xc020f0d3) fcvt.l.s ra, ft1
0 0x000000008000083a (0xc020f0d3) x 1 0x7fffffffffffffff
core   0: 0x000000008000083e (0xfff00e9b) addiw   t4, zero, -1
0 0x000000008000083e (0xfff00e9b) x29 0xffffffffffffffff
core   0: 0x0000000080000842 (0x03fe9e93) slli    t4, t4, 63
0 0x0000000080000842 (0x03fe9e93) x29 0x8000000000000000
core   0: 0x0000000080000846 (0xfffe8e93) addi    t4, t4, -1
0 0x0000000080000846 (0xfffe8e93) x29 0x7fffffffffffffff
core   0: 0x000000008000084a (0x03500193) li      gp, 53
0 0x000000008000084a (0x03500193) x 3 0x0000000000000035
core   0: 0x000000008000084e (0x00002e17) auipc   t3, 0x2
0 0x000000008000084e (0x00002e17) x28 0x000000008000284e
core   0: 0x0000000080000852 (0x9b2e0e13) addi    t3, t3, -1614
0 0x0000000080000852 (0x9b2e0e13) x28 0x0000000080002200
core   0: 0x0000000080000856 (0x0c1e2a23) sw      ra, 212(t3)
0 0x0000000080000856 (0x0c1e2a23)
core   0: 0x000000008000085a (0x17d09463) bne     ra, t4, pc + 360
0 0x000000008000085a (0x17d09463)
core   0: 0x000000008000085e (0x00002097) auipc   ra, 0x2
0 0x000000008000085e (0x00002097) x 1 0x000000008000285e
core   0: 0x0000000080000862 (0x97208093) addi    ra, ra, -1678
0 0x0000000080000862 (0x97208093) x 1 0x00000000800021d0
core   0: 0x0000000080000866 (0x00c0a087) flw     ft1, 12(ra)
0 0x0000000080000866 (0x00c0a087) f 1 0xffffffff7f800000
core   0: 0x000000008000086a (0xc020f0d3) fcvt.l.s ra, ft1
0 0x000000008000086a (0xc020f0d3) x 1 0x7fffffffffffffff
core   0: 0x000000008000086e (0xfff00e9b) addiw   t4, zero, -1
0 0x000000008000086e (0xfff00e9b) x29 0xffffffffffffffff
core   0: 0x0000000080000872 (0x03fe9e93) slli    t4, t4, 63
0 0x0000000080000872 (0x03fe9e93) x29 0x8000000000000000
core   0: 0x0000000080000876 (0xfffe8e93) addi    t4, t4, -1
0 0x0000000080000876 (0xfffe8e93) x29 0x7fffffffffffffff
core   0: 0x000000008000087a (0x03700193) li      gp, 55
0 0x000000008000087a (0x03700193) x 3 0x0000000000000037
core   0: 0x000000008000087e (0x00002e17) auipc   t3, 0x2
0 0x000000008000087e (0x00002e17) x28 0x000000008000287e
core   0: 0x0000000080000882 (0x982e0e13) addi    t3, t3, -1662
0 0x0000000080000882 (0x982e0e13) x28 0x0000000080002200
core   0: 0x0000000080000886 (0x0c1e2e23) sw      ra, 220(t3)
0 0x0000000080000886 (0x0c1e2e23)
core   0: 0x000000008000088a (0x13d09c63) bne     ra, t4, pc + 312
0 0x000000008000088a (0x13d09c63)
core   0: 0x000000008000088e (0x00002097) auipc   ra, 0x2
0 0x000000008000088e (0x00002097) x 1 0x000000008000288e
core   0: 0x0000000080000892 (0x94208093) addi    ra, ra, -1726
0 0x0000000080000892 (0x94208093) x 1 0x00000000800021d0
core   0: 0x0000000080000896 (0x0000a087) flw     ft1, 0(ra)
0 0x0000000080000896 (0x0000a087) f 1 0xffffffffffffffff
core   0: 0x000000008000089a (0xc010f0d3) fcvt.wu.s ra, ft1
0 0x000000008000089a (0xc010f0d3) x 1 0xffffffffffffffff
core   0: 0x000000008000089e (0x00005efd) c.li    t4, -1
0 0x000000008000089e (0x00005efd) x29 0xffffffffffffffff
core   0: 0x00000000800008a0 (0x03e00193) li      gp, 62
0 0x00000000800008a0 (0x03e00193) x 3 0x000000000000003e
core   0: 0x00000000800008a4 (0x00002e17) auipc   t3, 0x2
0 0x00000000800008a4 (0x00002e17) x28 0x00000000800028a4
core   0: 0x00000000800008a8 (0x95ce0e13) addi    t3, t3, -1700
0 0x00000000800008a8 (0x95ce0e13) x28 0x0000000080002200
core   0: 0x00000000800008ac (0x0e1e2c23) sw      ra, 248(t3)
0 0x00000000800008ac (0x0e1e2c23)
core   0: 0x00000000800008b0 (0x11d09963) bne     ra, t4, pc + 274
0 0x00000000800008b0 (0x11d09963)
core   0: 0x00000000800008b4 (0x00002097) auipc   ra, 0x2
0 0x00000000800008b4 (0x00002097) x 1 0x00000000800028b4
core   0: 0x00000000800008b8 (0x91c08093) addi    ra, ra, -1764
0 0x00000000800008b8 (0x91c08093) x 1 0x00000000800021d0
core   0: 0x00000000800008bc (0x0040a087) flw     ft1, 4(ra)
0 0x00000000800008bc (0x0040a087) f 1 0xffffffff7fffffff
core   0: 0x00000000800008c0 (0xc010f0d3) fcvt.wu.s ra, ft1
0 0x00000000800008c0 (0xc010f0d3) x 1 0xffffffffffffffff
core   0: 0x00000000800008c4 (0x00005efd) c.li    t4, -1
0 0x00000000800008c4 (0x00005efd) x29 0xffffffffffffffff
core   0: 0x00000000800008c6 (0x03f00193) li      gp, 63
0 0x00000000800008c6 (0x03f00193) x 3 0x000000000000003f
core   0: 0x00000000800008ca (0x00002e17) auipc   t3, 0x2
0 0x00000000800008ca (0x00002e17) x28 0x00000000800028ca
core   0: 0x00000000800008ce (0x936e0e13) addi    t3, t3, -1738
0 0x00000000800008ce (0x936e0e13) x28 0x0000000080002200
core   0: 0x00000000800008d2 (0x0e1e2e23) sw      ra, 252(t3)
0 0x00000000800008d2 (0x0e1e2e23)
core   0: 0x00000000800008d6 (0x0fd09663) bne     ra, t4, pc + 236
0 0x00000000800008d6 (0x0fd09663)
core   0: 0x00000000800008da (0x00002097) auipc   ra, 0x2
0 0x00000000800008da (0x00002097) x 1 0x00000000800028da
core   0: 0x00000000800008de (0x8f608093) addi    ra, ra, -1802
0 0x00000000800008de (0x8f608093) x 1 0x00000000800021d0
core   0: 0x00000000800008e2 (0x0080a087) flw     ft1, 8(ra)
0 0x00000000800008e2 (0x0080a087) f 1 0xffffffffff800000
core   0: 0x00000000800008e6 (0xc010f0d3) fcvt.wu.s ra, ft1
0 0x00000000800008e6 (0xc010f0d3) x 1 0x0000000000000000
core   0: 0x00000000800008ea (0x00004e81) c.li    t4, 0
0 0x00000000800008ea (0x00004e81) x29 0x0000000000000000
core   0: 0x00000000800008ec (0x04000193) li      gp, 64
0 0x00000000800008ec (0x04000193) x 3 0x0000000000000040
core   0: 0x00000000800008f0 (0x00002e17) auipc   t3, 0x2
0 0x00000000800008f0 (0x00002e17) x28 0x00000000800028f0
core   0: 0x00000000800008f4 (0x910e0e13) addi    t3, t3, -1776
0 0x00000000800008f4 (0x910e0e13) x28 0x0000000080002200
core   0: 0x00000000800008f8 (0x101e2023) sw      ra, 256(t3)
0 0x00000000800008f8 (0x101e2023)
core   0: 0x00000000800008fc (0x0dd09363) bne     ra, t4, pc + 198
0 0x00000000800008fc (0x0dd09363)
core   0: 0x0000000080000900 (0x00002097) auipc   ra, 0x2
0 0x0000000080000900 (0x00002097) x 1 0x0000000080002900
core   0: 0x0000000080000904 (0x8d008093) addi    ra, ra, -1840
0 0x0000000080000904 (0x8d008093) x 1 0x00000000800021d0
core   0: 0x0000000080000908 (0x00c0a087) flw     ft1, 12(ra)
0 0x0000000080000908 (0x00c0a087) f 1 0xffffffff7f800000
core   0: 0x000000008000090c (0xc010f0d3) fcvt.wu.s ra, ft1
0 0x000000008000090c (0xc010f0d3) x 1 0xffffffffffffffff
core   0: 0x0000000080000910 (0x00005efd) c.li    t4, -1
0 0x0000000080000910 (0x00005efd) x29 0xffffffffffffffff
core   0: 0x0000000080000912 (0x04100193) li      gp, 65
0 0x0000000080000912 (0x04100193) x 3 0x0000000000000041
core   0: 0x0000000080000916 (0x00002e17) auipc   t3, 0x2
0 0x0000000080000916 (0x00002e17) x28 0x0000000080002916
core   0: 0x000000008000091a (0x8eae0e13) addi    t3, t3, -1814
0 0x000000008000091a (0x8eae0e13) x28 0x0000000080002200
core   0: 0x000000008000091e (0x101e2223) sw      ra, 260(t3)
0 0x000000008000091e (0x101e2223)
core   0: 0x0000000080000922 (0x0bd09063) bne     ra, t4, pc + 160
0 0x0000000080000922 (0x0bd09063)
core   0: 0x0000000080000926 (0x00002097) auipc   ra, 0x2
0 0x0000000080000926 (0x00002097) x 1 0x0000000080002926
core   0: 0x000000008000092a (0x8aa08093) addi    ra, ra, -1878
0 0x000000008000092a (0x8aa08093) x 1 0x00000000800021d0
core   0: 0x000000008000092e (0x0000a087) flw     ft1, 0(ra)
0 0x000000008000092e (0x0000a087) f 1 0xffffffffffffffff
core   0: 0x0000000080000932 (0xc030f0d3) fcvt.lu.s ra, ft1
0 0x0000000080000932 (0xc030f0d3) x 1 0xffffffffffffffff
core   0: 0x0000000080000936 (0x00005efd) c.li    t4, -1
0 0x0000000080000936 (0x00005efd) x29 0xffffffffffffffff
core   0: 0x0000000080000938 (0x04200193) li      gp, 66
0 0x0000000080000938 (0x04200193) x 3 0x0000000000000042
core   0: 0x000000008000093c (0x00002e17) auipc   t3, 0x2
0 0x000000008000093c (0x00002e17) x28 0x000000008000293c
core   0: 0x0000000080000940 (0x8c4e0e13) addi    t3, t3, -1852
0 0x0000000080000940 (0x8c4e0e13) x28 0x0000000080002200
core   0: 0x0000000080000944 (0x101e2423) sw      ra, 264(t3)
0 0x0000000080000944 (0x101e2423)
core   0: 0x0000000080000948 (0x07d09d63) bne     ra, t4, pc + 122
0 0x0000000080000948 (0x07d09d63)
core   0: 0x000000008000094c (0x00002097) auipc   ra, 0x2
0 0x000000008000094c (0x00002097) x 1 0x000000008000294c
core   0: 0x0000000080000950 (0x88408093) addi    ra, ra, -1916
0 0x0000000080000950 (0x88408093) x 1 0x00000000800021d0
core   0: 0x0000000080000954 (0x0040a087) flw     ft1, 4(ra)
0 0x0000000080000954 (0x0040a087) f 1 0xffffffff7fffffff
core   0: 0x0000000080000958 (0xc030f0d3) fcvt.lu.s ra, ft1
0 0x0000000080000958 (0xc030f0d3) x 1 0xffffffffffffffff
core   0: 0x000000008000095c (0x00005efd) c.li    t4, -1
0 0x000000008000095c (0x00005efd) x29 0xffffffffffffffff
core   0: 0x000000008000095e (0x04300193) li      gp, 67
0 0x000000008000095e (0x04300193) x 3 0x0000000000000043
core   0: 0x0000000080000962 (0x00002e17) auipc   t3, 0x2
0 0x0000000080000962 (0x00002e17) x28 0x0000000080002962
core   0: 0x0000000080000966 (0x89ee0e13) addi    t3, t3, -1890
0 0x0000000080000966 (0x89ee0e13) x28 0x0000000080002200
core   0: 0x000000008000096a (0x101e2623) sw      ra, 268(t3)
0 0x000000008000096a (0x101e2623)
core   0: 0x000000008000096e (0x05d09a63) bne     ra, t4, pc + 84
0 0x000000008000096e (0x05d09a63)
core   0: 0x0000000080000972 (0x00002097) auipc   ra, 0x2
0 0x0000000080000972 (0x00002097) x 1 0x0000000080002972
core   0: 0x0000000080000976 (0x85e08093) addi    ra, ra, -1954
0 0x0000000080000976 (0x85e08093) x 1 0x00000000800021d0
core   0: 0x000000008000097a (0x0080a087) flw     ft1, 8(ra)
0 0x000000008000097a (0x0080a087) f 1 0xffffffffff800000
core   0: 0x000000008000097e (0xc030f0d3) fcvt.lu.s ra, ft1
0 0x000000008000097e (0xc030f0d3) x 1 0x0000000000000000
core   0: 0x0000000080000982 (0x00004e81) c.li    t4, 0
0 0x0000000080000982 (0x00004e81) x29 0x0000000000000000
core   0: 0x0000000080000984 (0x04400193) li      gp, 68
0 0x0000000080000984 (0x04400193) x 3 0x0000000000000044
core   0: 0x0000000080000988 (0x00002e17) auipc   t3, 0x2
0 0x0000000080000988 (0x00002e17) x28 0x0000000080002988
core   0: 0x000000008000098c (0x878e0e13) addi    t3, t3, -1928
0 0x000000008000098c (0x878e0e13) x28 0x0000000080002200
core   0: 0x0000000080000990 (0x101e2823) sw      ra, 272(t3)
0 0x0000000080000990 (0x101e2823)
core   0: 0x0000000080000994 (0x03d09763) bne     ra, t4, pc + 46
0 0x0000000080000994 (0x03d09763)
core   0: 0x0000000080000998 (0x00002097) auipc   ra, 0x2
0 0x0000000080000998 (0x00002097) x 1 0x0000000080002998
core   0: 0x000000008000099c (0x83808093) addi    ra, ra, -1992
0 0x000000008000099c (0x83808093) x 1 0x00000000800021d0
core   0: 0x00000000800009a0 (0x00c0a087) flw     ft1, 12(ra)
0 0x00000000800009a0 (0x00c0a087) f 1 0xffffffff7f800000
core   0: 0x00000000800009a4 (0xc030f0d3) fcvt.lu.s ra, ft1
0 0x00000000800009a4 (0xc030f0d3) x 1 0xffffffffffffffff
core   0: 0x00000000800009a8 (0x00005efd) c.li    t4, -1
0 0x00000000800009a8 (0x00005efd) x29 0xffffffffffffffff
core   0: 0x00000000800009aa (0x04500193) li      gp, 69
0 0x00000000800009aa (0x04500193) x 3 0x0000000000000045
core   0: 0x00000000800009ae (0x00002e17) auipc   t3, 0x2
0 0x00000000800009ae (0x00002e17) x28 0x00000000800029ae
core   0: 0x00000000800009b2 (0x852e0e13) addi    t3, t3, -1966
0 0x00000000800009b2 (0x852e0e13) x28 0x0000000080002200
core   0: 0x00000000800009b6 (0x101e2a23) sw      ra, 276(t3)
0 0x00000000800009b6 (0x101e2a23)
core   0: 0x00000000800009ba (0x01d09463) bne     ra, t4, pc + 8
0 0x00000000800009ba (0x01d09463)
core   0: 0x00000000800009be (0x00301d63) bne     zero, gp, pc + 26
0 0x00000000800009be (0x00301d63)
core   0: 0x00000000800009d8 (0x0ff0000f) fence   iorw,iorw
0 0x00000000800009d8 (0x0ff0000f)
core   0: 0x00000000800009dc (0x00004185) c.li    gp, 1
0 0x00000000800009dc (0x00004185) x 3 0x0000000000000001
core   0: 0x00000000800009de (0x00002e17) auipc   t3, 0x2
0 0x00000000800009de (0x00002e17) x28 0x00000000800029de
core   0: 0x00000000800009e2 (0x822e0e13) addi    t3, t3, -2014
0 0x00000000800009e2 (0x822e0e13) x28 0x0000000080002200
core   0: 0x00000000800009e6 (0x003e2023) sw      gp, 0(t3)
0 0x00000000800009e6 (0x003e2023)
core   0: 0x00000000800009ea (0x00000073) ecall
0 0x00000000800009ea (0x00000073)
