core   0: 0x0000000000010000 (0x00100413) li      s0, 1
3 0x0000000000010000 (0x00100413) x 8 0x0000000000000001
core   0: 0x0000000000010004 (0x01f41413) slli    s0, s0, 31
3 0x0000000000010004 (0x01f41413) x 8 0x0000000080000000
core   0: 0x0000000000010008 (0xf1402573) csrr    a0, mhartid
3 0x0000000000010008 (0xf1402573) x10 0x0000000000000000
core   0: 0x000000000001000c (0x00000597) auipc   a1, 0x0
3 0x000000000001000c (0x00000597) x11 0x000000000001000c
core   0: 0x0000000000010010 (0x07458593) addi    a1, a1, 116
3 0x0000000000010010 (0x07458593) x11 0x0000000000010080
core   0: 0x0000000000010014 (0x00040067) jr      s0
3 0x0000000000010014 (0x00040067)
core   0: 0x0000000080000000 (0x0000a081) c.j     pc + 64
3 0x0000000080000000 (0x0000a081)
core   0: 0x0000000080000040 (0xf1402573) csrr    a0, mhartid
3 0x0000000080000040 (0xf1402573) x10 0x0000000000000000
core   0: 0x0000000080000044 (0x0000e101) c.bnez  a0, pc + 0
3 0x0000000080000044 (0x0000e101)
core   0: 0x0000000080000046 (0x00000297) auipc   t0, 0x0
3 0x0000000080000046 (0x00000297) x 5 0x0000000080000046
core   0: 0x000000008000004a (0x01228293) addi    t0, t0, 18
3 0x000000008000004a (0x01228293) x 5 0x0000000080000058
core   0: 0x000000008000004e (0x30529073) csrw    mtvec, t0
3 0x000000008000004e (0x30529073)
core   0: 0x0000000080000052 (0x18005073) csrwi   satp, 0
3 0x0000000080000052 (0x18005073)
core   0: 0x0000000080000056 (0x00000001) c.nop
3 0x0000000080000056 (0x00000001)
core   0: 0x0000000080000058 (0x00000297) auipc   t0, 0x0
3 0x0000000080000058 (0x00000297) x 5 0x0000000080000058
core   0: 0x000000008000005c (0x01828293) addi    t0, t0, 24
3 0x000000008000005c (0x01828293) x 5 0x0000000080000070
core   0: 0x0000000080000060 (0x30529073) csrw    mtvec, t0
3 0x0000000080000060 (0x30529073)
core   0: 0x0000000080000064 (0x000052fd) c.li    t0, -1
3 0x0000000080000064 (0x000052fd) x 5 0xffffffffffffffff
core   0: 0x0000000080000066 (0x3b029073) csrw    pmpaddr0, t0
3 0x0000000080000066 (0x3b029073)
core   0: 0x000000008000006a (0x000042fd) c.li    t0, 31
3 0x000000008000006a (0x000042fd) x 5 0x000000000000001f
core   0: 0x000000008000006c (0x3a029073) csrw    pmpcfg0, t0
3 0x000000008000006c (0x3a029073)
core   0: 0x0000000080000070 (0x00000297) auipc   t0, 0x0
3 0x0000000080000070 (0x00000297) x 5 0x0000000080000070
core   0: 0x0000000080000074 (0x01828293) addi    t0, t0, 24
3 0x0000000080000074 (0x01828293) x 5 0x0000000080000088
core   0: 0x0000000080000078 (0x30529073) csrw    mtvec, t0
3 0x0000000080000078 (0x30529073)
core   0: 0x000000008000007c (0x30205073) csrwi   medeleg, 0
3 0x000000008000007c (0x30205073)
core   0: 0x0000000080000080 (0x30305073) csrwi   mideleg, 0
3 0x0000000080000080 (0x30305073)
core   0: 0x0000000080000084 (0x30405073) csrwi   mie, 0
3 0x0000000080000084 (0x30405073)
core   0: 0x0000000080000088 (0x00004181) c.li    gp, 0
3 0x0000000080000088 (0x00004181) x 3 0x0000000000000000
core   0: 0x000000008000008a (0x00000297) auipc   t0, 0x0
3 0x000000008000008a (0x00000297) x 5 0x000000008000008a
core   0: 0x000000008000008e (0xf7a28293) addi    t0, t0, -134
3 0x000000008000008e (0xf7a28293) x 5 0x0000000080000004
core   0: 0x0000000080000092 (0x30529073) csrw    mtvec, t0
3 0x0000000080000092 (0x30529073)
core   0: 0x0000000080000096 (0x00004505) c.li    a0, 1
3 0x0000000080000096 (0x00004505) x10 0x0000000000000001
core   0: 0x0000000080000098 (0x0000057e) c.slli  a0, 31
3 0x0000000080000098 (0x0000057e) x10 0x0000000080000000
core   0: 0x000000008000009a (0x00055d63) bgez    a0, pc + 26
3 0x000000008000009a (0x00055d63)
core   0: 0x00000000800000b4 (0x80000297) auipc   t0, 0x80000
3 0x00000000800000b4 (0x80000297) x 5 0x00000000000000b4
core   0: 0x00000000800000b8 (0xf4c28293) addi    t0, t0, -180
3 0x00000000800000b8 (0xf4c28293) x 5 0x0000000000000000
core   0: 0x00000000800000bc (0x00028e63) beqz    t0, pc + 28
3 0x00000000800000bc (0x00028e63)
core   0: 0x00000000800000d8 (0x30005073) csrwi   mstatus, 0
3 0x00000000800000d8 (0x30005073)
core   0: 0x00000000800000dc (0x00000297) auipc   t0, 0x0
3 0x00000000800000dc (0x00000297) x 5 0x00000000800000dc
core   0: 0x00000000800000e0 (0x01428293) addi    t0, t0, 20
3 0x00000000800000e0 (0x01428293) x 5 0x00000000800000f0
core   0: 0x00000000800000e4 (0x34129073) csrw    mepc, t0
3 0x00000000800000e4 (0x34129073)
core   0: 0x00000000800000e8 (0xf1402573) csrr    a0, mhartid
3 0x00000000800000e8 (0xf1402573) x10 0x0000000000000000
core   0: 0x00000000800000ec (0x30200073) mret
3 0x00000000800000ec (0x30200073)
core   0: 0x00000000800000f0 (0x06f00693) li      a3, 111
0 0x00000000800000f0 (0x06f00693) x13 0x000000000000006f
core   0: 0x00000000800000f4 (0x00002517) auipc   a0, 0x2
0 0x00000000800000f4 (0x00002517) x10 0x00000000800020f4
core   0: 0x00000000800000f8 (0xf0c51503) lh      a0, -244(a0)
0 0x00000000800000f8 (0xf0c51503) x10 0xffffffffffff8693
core   0: 0x00000000800000fc (0x00002597) auipc   a1, 0x2
0 0x00000000800000fc (0x00002597) x11 0x00000000800020fc
core   0: 0x0000000080000100 (0xf0659583) lh      a1, -250(a1)
0 0x0000000080000100 (0xf0659583) x11 0x00000000000014d6
core   0: 0x0000000080000104 (0x00000013) nop
0 0x0000000080000104 (0x00000013)
core   0: 0x0000000080000108 (0x00000013) nop
0 0x0000000080000108 (0x00000013)
core   0: 0x000000008000010c (0x00000013) nop
0 0x000000008000010c (0x00000013)
core   0: 0x0000000080000110 (0x00000013) nop
0 0x0000000080000110 (0x00000013)
core   0: 0x0000000080000114 (0x00000013) nop
0 0x0000000080000114 (0x00000013)
core   0: 0x0000000080000118 (0x00000013) nop
0 0x0000000080000118 (0x00000013)
core   0: 0x000000008000011c (0x00000013) nop
0 0x000000008000011c (0x00000013)
core   0: 0x0000000080000120 (0x00000013) nop
0 0x0000000080000120 (0x00000013)
core   0: 0x0000000080000124 (0x00000013) nop
0 0x0000000080000124 (0x00000013)
core   0: 0x0000000080000128 (0x00000013) nop
0 0x0000000080000128 (0x00000013)
core   0: 0x000000008000012c (0x00000013) nop
0 0x000000008000012c (0x00000013)
core   0: 0x0000000080000130 (0x00000013) nop
0 0x0000000080000130 (0x00000013)
core   0: 0x0000000080000134 (0x00000013) nop
0 0x0000000080000134 (0x00000013)
core   0: 0x0000000080000138 (0x00000013) nop
0 0x0000000080000138 (0x00000013)
core   0: 0x000000008000013c (0x00000013) nop
0 0x000000008000013c (0x00000013)
core   0: 0x0000000080000140 (0x00000297) auipc   t0, 0x0
0 0x0000000080000140 (0x00000297) x 5 0x0000000080000140
core   0: 0x0000000080000144 (0x00a29a23) sh      a0, 20(t0)
0 0x0000000080000144 (0x00a29a23)
core   0: 0x0000000080000148 (0x00000297) auipc   t0, 0x0
0 0x0000000080000148 (0x00000297) x 5 0x0000000080000148
core   0: 0x000000008000014c (0x00b29723) sh      a1, 14(t0)
0 0x000000008000014c (0x00b29723)
core   0: 0x0000000080000150 (0x0000100f) fence.i
0 0x0000000080000150 (0x0000100f)
core   0: 0x0000000080000154 (0x14d68693) addi    a3, a3, 333
0 0x0000000080000154 (0x14d68693) x13 0x00000000000001bc
core   0: 0x0000000080000158 (0x00000001) c.nop
0 0x0000000080000158 (0x00000001)
core   0: 0x000000008000015a (0x1bc00e93) li      t4, 444
0 0x000000008000015a (0x1bc00e93) x29 0x00000000000001bc
core   0: 0x000000008000015e (0x00004189) c.li    gp, 2
0 0x000000008000015e (0x00004189) x 3 0x0000000000000002
core   0: 0x0000000080000160 (0x00002e17) auipc   t3, 0x2
0 0x0000000080000160 (0x00002e17) x28 0x0000000080002160
core   0: 0x0000000080000164 (0xeb0e0e13) addi    t3, t3, -336
0 0x0000000080000164 (0xeb0e0e13) x28 0x0000000080002010
core   0: 0x0000000080000168 (0x00de2423) sw      a3, 8(t3)
0 0x0000000080000168 (0x00de2423)
core   0: 0x000000008000016c (0x07d69a63) bne     a3, t4, pc + 116
0 0x000000008000016c (0x07d69a63)
core   0: 0x0000000080000170 (0x06400713) li      a4, 100
0 0x0000000080000170 (0x06400713) x14 0x0000000000000064
core   0: 0x0000000080000174 (0x0000177d) c.addi  a4, -1
0 0x0000000080000174 (0x0000177d) x14 0x0000000000000063
core   0: 0x0000000080000176 (0x0000ff7d) c.bnez  a4, pc - 2
0 0x0000000080000176 (0x0000ff7d)
core   0: 0x0000000080000174 (0x0000177d) c.addi  a4, -1
0 0x0000000080000174 (0x0000177d) x14 0x0000000000000062
core   0: 0x0000000080000176 (0x0000ff7d) c.bnez  a4, pc - 2
0 0x0000000080000176 (0x0000ff7d)
core   0: 0x0000000080000174 (0x0000177d) c.addi  a4, -1
0 0x0000000080000174 (0x0000177d) x14 0x0000000000000061
core   0: 0x0000000080000176 (0x0000ff7d) c.bnez  a4, pc - 2
0 0x0000000080000176 (0x0000ff7d)
core   0: 0x0000000080000174 (0x0000177d) c.addi  a4, -1
0 0x0000000080000174 (0x0000177d) x14 0x0000000000000060
core   0: 0x0000000080000176 (0x0000ff7d) c.bnez  a4, pc - 2
0 0x0000000080000176 (0x0000ff7d)
core   0: 0x0000000080000174 (0x0000177d) c.addi  a4, -1
0 0x0000000080000174 (0x0000177d) x14 0x000000000000005f
core   0: 0x0000000080000176 (0x0000ff7d) c.bnez  a4, pc - 2
0 0x0000000080000176 (0x0000ff7d)
core   0: 0x0000000080000174 (0x0000177d) c.addi  a4, -1
0 0x0000000080000174 (0x0000177d) x14 0x000000000000005e
core   0: 0x0000000080000176 (0x0000ff7d) c.bnez  a4, pc - 2
0 0x0000000080000176 (0x0000ff7d)
core   0: 0x0000000080000174 (0x0000177d) c.addi  a4, -1
0 0x0000000080000174 (0x0000177d) x14 0x000000000000005d
core   0: 0x0000000080000176 (0x0000ff7d) c.bnez  a4, pc - 2
0 0x0000000080000176 (0x0000ff7d)
core   0: 0x0000000080000174 (0x0000177d) c.addi  a4, -1
0 0x0000000080000174 (0x0000177d) x14 0x000000000000005c
core   0: 0x0000000080000176 (0x0000ff7d) c.bnez  a4, pc - 2
0 0x0000000080000176 (0x0000ff7d)
core   0: 0x0000000080000174 (0x0000177d) c.addi  a4, -1
0 0x0000000080000174 (0x0000177d) x14 0x000000000000005b
core   0: 0x0000000080000176 (0x0000ff7d) c.bnez  a4, pc - 2
0 0x0000000080000176 (0x0000ff7d)
core   0: 0x0000000080000174 (0x0000177d) c.addi  a4, -1
0 0x0000000080000174 (0x0000177d) x14 0x000000000000005a
core   0: 0x0000000080000176 (0x0000ff7d) c.bnez  a4, pc - 2
0 0x0000000080000176 (0x0000ff7d)
core   0: 0x0000000080000174 (0x0000177d) c.addi  a4, -1
0 0x0000000080000174 (0x0000177d) x14 0x0000000000000059
core   0: 0x0000000080000176 (0x0000ff7d) c.bnez  a4, pc - 2
0 0x0000000080000176 (0x0000ff7d)
core   0: 0x0000000080000174 (0x0000177d) c.addi  a4, -1
0 0x0000000080000174 (0x0000177d) x14 0x0000000000000058
core   0: 0x0000000080000176 (0x0000ff7d) c.bnez  a4, pc - 2
0 0x0000000080000176 (0x0000ff7d)
core   0: 0x0000000080000174 (0x0000177d) c.addi  a4, -1
0 0x0000000080000174 (0x0000177d) x14 0x0000000000000057
core   0: 0x0000000080000176 (0x0000ff7d) c.bnez  a4, pc - 2
0 0x0000000080000176 (0x0000ff7d)
core   0: 0x0000000080000174 (0x0000177d) c.addi  a4, -1
0 0x0000000080000174 (0x0000177d) x14 0x0000000000000056
core   0: 0x0000000080000176 (0x0000ff7d) c.bnez  a4, pc - 2
0 0x0000000080000176 (0x0000ff7d)
core   0: 0x0000000080000174 (0x0000177d) c.addi  a4, -1
0 0x0000000080000174 (0x0000177d) x14 0x0000000000000055
core   0: 0x0000000080000176 (0x0000ff7d) c.bnez  a4, pc - 2
0 0x0000000080000176 (0x0000ff7d)
core   0: 0x0000000080000174 (0x0000177d) c.addi  a4, -1
0 0x0000000080000174 (0x0000177d) x14 0x0000000000000054
core   0: 0x0000000080000176 (0x0000ff7d) c.bnez  a4, pc - 2
0 0x0000000080000176 (0x0000ff7d)
core   0: 0x0000000080000174 (0x0000177d) c.addi  a4, -1
0 0x0000000080000174 (0x0000177d) x14 0x0000000000000053
core   0: 0x0000000080000176 (0x0000ff7d) c.bnez  a4, pc - 2
0 0x0000000080000176 (0x0000ff7d)
core   0: 0x0000000080000174 (0x0000177d) c.addi  a4, -1
0 0x0000000080000174 (0x0000177d) x14 0x0000000000000052
core   0: 0x0000000080000176 (0x0000ff7d) c.bnez  a4, pc - 2
0 0x0000000080000176 (0x0000ff7d)
core   0: 0x0000000080000174 (0x0000177d) c.addi  a4, -1
0 0x0000000080000174 (0x0000177d) x14 0x0000000000000051
core   0: 0x0000000080000176 (0x0000ff7d) c.bnez  a4, pc - 2
0 0x0000000080000176 (0x0000ff7d)
core   0: 0x0000000080000174 (0x0000177d) c.addi  a4, -1
0 0x0000000080000174 (0x0000177d) x14 0x0000000000000050
core   0: 0x0000000080000176 (0x0000ff7d) c.bnez  a4, pc - 2
0 0x0000000080000176 (0x0000ff7d)
core   0: 0x0000000080000174 (0x0000177d) c.addi  a4, -1
0 0x0000000080000174 (0x0000177d) x14 0x000000000000004f
core   0: 0x0000000080000176 (0x0000ff7d) c.bnez  a4, pc - 2
0 0x0000000080000176 (0x0000ff7d)
core   0: 0x0000000080000174 (0x0000177d) c.addi  a4, -1
0 0x0000000080000174 (0x0000177d) x14 0x000000000000004e
core   0: 0x0000000080000176 (0x0000ff7d) c.bnez  a4, pc - 2
0 0x0000000080000176 (0x0000ff7d)
core   0: 0x0000000080000174 (0x0000177d) c.addi  a4, -1
0 0x0000000080000174 (0x0000177d) x14 0x000000000000004d
core   0: 0x0000000080000176 (0x0000ff7d) c.bnez  a4, pc - 2
0 0x0000000080000176 (0x0000ff7d)
core   0: 0x0000000080000174 (0x0000177d) c.addi  a4, -1
0 0x0000000080000174 (0x0000177d) x14 0x000000000000004c
core   0: 0x0000000080000176 (0x0000ff7d) c.bnez  a4, pc - 2
0 0x0000000080000176 (0x0000ff7d)
core   0: 0x0000000080000174 (0x0000177d) c.addi  a4, -1
0 0x0000000080000174 (0x0000177d) x14 0x000000000000004b
core   0: 0x0000000080000176 (0x0000ff7d) c.bnez  a4, pc - 2
0 0x0000000080000176 (0x0000ff7d)
core   0: 0x0000000080000174 (0x0000177d) c.addi  a4, -1
0 0x0000000080000174 (0x0000177d) x14 0x000000000000004a
core   0: 0x0000000080000176 (0x0000ff7d) c.bnez  a4, pc - 2
0 0x0000000080000176 (0x0000ff7d)
core   0: 0x0000000080000174 (0x0000177d) c.addi  a4, -1
0 0x0000000080000174 (0x0000177d) x14 0x0000000000000049
core   0: 0x0000000080000176 (0x0000ff7d) c.bnez  a4, pc - 2
0 0x0000000080000176 (0x0000ff7d)
core   0: 0x0000000080000174 (0x0000177d) c.addi  a4, -1
0 0x0000000080000174 (0x0000177d) x14 0x0000000000000048
core   0: 0x0000000080000176 (0x0000ff7d) c.bnez  a4, pc - 2
0 0x0000000080000176 (0x0000ff7d)
core   0: 0x0000000080000174 (0x0000177d) c.addi  a4, -1
0 0x0000000080000174 (0x0000177d) x14 0x0000000000000047
core   0: 0x0000000080000176 (0x0000ff7d) c.bnez  a4, pc - 2
0 0x0000000080000176 (0x0000ff7d)
core   0: 0x0000000080000174 (0x0000177d) c.addi  a4, -1
0 0x0000000080000174 (0x0000177d) x14 0x0000000000000046
core   0: 0x0000000080000176 (0x0000ff7d) c.bnez  a4, pc - 2
0 0x0000000080000176 (0x0000ff7d)
core   0: 0x0000000080000174 (0x0000177d) c.addi  a4, -1
0 0x0000000080000174 (0x0000177d) x14 0x0000000000000045
core   0: 0x0000000080000176 (0x0000ff7d) c.bnez  a4, pc - 2
0 0x0000000080000176 (0x0000ff7d)
core   0: 0x0000000080000174 (0x0000177d) c.addi  a4, -1
0 0x0000000080000174 (0x0000177d) x14 0x0000000000000044
core   0: 0x0000000080000176 (0x0000ff7d) c.bnez  a4, pc - 2
0 0x0000000080000176 (0x0000ff7d)
core   0: 0x0000000080000174 (0x0000177d) c.addi  a4, -1
0 0x0000000080000174 (0x0000177d) x14 0x0000000000000043
core   0: 0x0000000080000176 (0x0000ff7d) c.bnez  a4, pc - 2
0 0x0000000080000176 (0x0000ff7d)
core   0: 0x0000000080000174 (0x0000177d) c.addi  a4, -1
0 0x0000000080000174 (0x0000177d) x14 0x0000000000000042
core   0: 0x0000000080000176 (0x0000ff7d) c.bnez  a4, pc - 2
0 0x0000000080000176 (0x0000ff7d)
core   0: 0x0000000080000174 (0x0000177d) c.addi  a4, -1
0 0x0000000080000174 (0x0000177d) x14 0x0000000000000041
core   0: 0x0000000080000176 (0x0000ff7d) c.bnez  a4, pc - 2
0 0x0000000080000176 (0x0000ff7d)
core   0: 0x0000000080000174 (0x0000177d) c.addi  a4, -1
0 0x0000000080000174 (0x0000177d) x14 0x0000000000000040
core   0: 0x0000000080000176 (0x0000ff7d) c.bnez  a4, pc - 2
0 0x0000000080000176 (0x0000ff7d)
core   0: 0x0000000080000174 (0x0000177d) c.addi  a4, -1
0 0x0000000080000174 (0x0000177d) x14 0x000000000000003f
core   0: 0x0000000080000176 (0x0000ff7d) c.bnez  a4, pc - 2
0 0x0000000080000176 (0x0000ff7d)
core   0: 0x0000000080000174 (0x0000177d) c.addi  a4, -1
0 0x0000000080000174 (0x0000177d) x14 0x000000000000003e
core   0: 0x0000000080000176 (0x0000ff7d) c.bnez  a4, pc - 2
0 0x0000000080000176 (0x0000ff7d)
core   0: 0x0000000080000174 (0x0000177d) c.addi  a4, -1
0 0x0000000080000174 (0x0000177d) x14 0x000000000000003d
core   0: 0x0000000080000176 (0x0000ff7d) c.bnez  a4, pc - 2
0 0x0000000080000176 (0x0000ff7d)
core   0: 0x0000000080000174 (0x0000177d) c.addi  a4, -1
0 0x0000000080000174 (0x0000177d) x14 0x000000000000003c
core   0: 0x0000000080000176 (0x0000ff7d) c.bnez  a4, pc - 2
0 0x0000000080000176 (0x0000ff7d)
core   0: 0x0000000080000174 (0x0000177d) c.addi  a4, -1
0 0x0000000080000174 (0x0000177d) x14 0x000000000000003b
core   0: 0x0000000080000176 (0x0000ff7d) c.bnez  a4, pc - 2
0 0x0000000080000176 (0x0000ff7d)
core   0: 0x0000000080000174 (0x0000177d) c.addi  a4, -1
0 0x0000000080000174 (0x0000177d) x14 0x000000000000003a
core   0: 0x0000000080000176 (0x0000ff7d) c.bnez  a4, pc - 2
0 0x0000000080000176 (0x0000ff7d)
core   0: 0x0000000080000174 (0x0000177d) c.addi  a4, -1
0 0x0000000080000174 (0x0000177d) x14 0x0000000000000039
core   0: 0x0000000080000176 (0x0000ff7d) c.bnez  a4, pc - 2
0 0x0000000080000176 (0x0000ff7d)
core   0: 0x0000000080000174 (0x0000177d) c.addi  a4, -1
0 0x0000000080000174 (0x0000177d) x14 0x0000000000000038
core   0: 0x0000000080000176 (0x0000ff7d) c.bnez  a4, pc - 2
0 0x0000000080000176 (0x0000ff7d)
core   0: 0x0000000080000174 (0x0000177d) c.addi  a4, -1
0 0x0000000080000174 (0x0000177d) x14 0x0000000000000037
core   0: 0x0000000080000176 (0x0000ff7d) c.bnez  a4, pc - 2
0 0x0000000080000176 (0x0000ff7d)
core   0: 0x0000000080000174 (0x0000177d) c.addi  a4, -1
0 0x0000000080000174 (0x0000177d) x14 0x0000000000000036
core   0: 0x0000000080000176 (0x0000ff7d) c.bnez  a4, pc - 2
0 0x0000000080000176 (0x0000ff7d)
core   0: 0x0000000080000174 (0x0000177d) c.addi  a4, -1
0 0x0000000080000174 (0x0000177d) x14 0x0000000000000035
core   0: 0x0000000080000176 (0x0000ff7d) c.bnez  a4, pc - 2
0 0x0000000080000176 (0x0000ff7d)
core   0: 0x0000000080000174 (0x0000177d) c.addi  a4, -1
0 0x0000000080000174 (0x0000177d) x14 0x0000000000000034
core   0: 0x0000000080000176 (0x0000ff7d) c.bnez  a4, pc - 2
0 0x0000000080000176 (0x0000ff7d)
core   0: 0x0000000080000174 (0x0000177d) c.addi  a4, -1
0 0x0000000080000174 (0x0000177d) x14 0x0000000000000033
core   0: 0x0000000080000176 (0x0000ff7d) c.bnez  a4, pc - 2
0 0x0000000080000176 (0x0000ff7d)
core   0: 0x0000000080000174 (0x0000177d) c.addi  a4, -1
0 0x0000000080000174 (0x0000177d) x14 0x0000000000000032
core   0: 0x0000000080000176 (0x0000ff7d) c.bnez  a4, pc - 2
0 0x0000000080000176 (0x0000ff7d)
core   0: 0x0000000080000174 (0x0000177d) c.addi  a4, -1
0 0x0000000080000174 (0x0000177d) x14 0x0000000000000031
core   0: 0x0000000080000176 (0x0000ff7d) c.bnez  a4, pc - 2
0 0x0000000080000176 (0x0000ff7d)
core   0: 0x0000000080000174 (0x0000177d) c.addi  a4, -1
0 0x0000000080000174 (0x0000177d) x14 0x0000000000000030
core   0: 0x0000000080000176 (0x0000ff7d) c.bnez  a4, pc - 2
0 0x0000000080000176 (0x0000ff7d)
core   0: 0x0000000080000174 (0x0000177d) c.addi  a4, -1
0 0x0000000080000174 (0x0000177d) x14 0x000000000000002f
core   0: 0x0000000080000176 (0x0000ff7d) c.bnez  a4, pc - 2
0 0x0000000080000176 (0x0000ff7d)
core   0: 0x0000000080000174 (0x0000177d) c.addi  a4, -1
0 0x0000000080000174 (0x0000177d) x14 0x000000000000002e
core   0: 0x0000000080000176 (0x0000ff7d) c.bnez  a4, pc - 2
0 0x0000000080000176 (0x0000ff7d)
core   0: 0x0000000080000174 (0x0000177d) c.addi  a4, -1
0 0x0000000080000174 (0x0000177d) x14 0x000000000000002d
core   0: 0x0000000080000176 (0x0000ff7d) c.bnez  a4, pc - 2
0 0x0000000080000176 (0x0000ff7d)
core   0: 0x0000000080000174 (0x0000177d) c.addi  a4, -1
0 0x0000000080000174 (0x0000177d) x14 0x000000000000002c
core   0: 0x0000000080000176 (0x0000ff7d) c.bnez  a4, pc - 2
0 0x0000000080000176 (0x0000ff7d)
core   0: 0x0000000080000174 (0x0000177d) c.addi  a4, -1
0 0x0000000080000174 (0x0000177d) x14 0x000000000000002b
core   0: 0x0000000080000176 (0x0000ff7d) c.bnez  a4, pc - 2
0 0x0000000080000176 (0x0000ff7d)
core   0: 0x0000000080000174 (0x0000177d) c.addi  a4, -1
0 0x0000000080000174 (0x0000177d) x14 0x000000000000002a
core   0: 0x0000000080000176 (0x0000ff7d) c.bnez  a4, pc - 2
0 0x0000000080000176 (0x0000ff7d)
core   0: 0x0000000080000174 (0x0000177d) c.addi  a4, -1
0 0x0000000080000174 (0x0000177d) x14 0x0000000000000029
core   0: 0x0000000080000176 (0x0000ff7d) c.bnez  a4, pc - 2
0 0x0000000080000176 (0x0000ff7d)
core   0: 0x0000000080000174 (0x0000177d) c.addi  a4, -1
0 0x0000000080000174 (0x0000177d) x14 0x0000000000000028
core   0: 0x0000000080000176 (0x0000ff7d) c.bnez  a4, pc - 2
0 0x0000000080000176 (0x0000ff7d)
core   0: 0x0000000080000174 (0x0000177d) c.addi  a4, -1
0 0x0000000080000174 (0x0000177d) x14 0x0000000000000027
core   0: 0x0000000080000176 (0x0000ff7d) c.bnez  a4, pc - 2
0 0x0000000080000176 (0x0000ff7d)
core   0: 0x0000000080000174 (0x0000177d) c.addi  a4, -1
0 0x0000000080000174 (0x0000177d) x14 0x0000000000000026
core   0: 0x0000000080000176 (0x0000ff7d) c.bnez  a4, pc - 2
0 0x0000000080000176 (0x0000ff7d)
core   0: 0x0000000080000174 (0x0000177d) c.addi  a4, -1
0 0x0000000080000174 (0x0000177d) x14 0x0000000000000025
core   0: 0x0000000080000176 (0x0000ff7d) c.bnez  a4, pc - 2
0 0x0000000080000176 (0x0000ff7d)
core   0: 0x0000000080000174 (0x0000177d) c.addi  a4, -1
0 0x0000000080000174 (0x0000177d) x14 0x0000000000000024
core   0: 0x0000000080000176 (0x0000ff7d) c.bnez  a4, pc - 2
0 0x0000000080000176 (0x0000ff7d)
core   0: 0x0000000080000174 (0x0000177d) c.addi  a4, -1
0 0x0000000080000174 (0x0000177d) x14 0x0000000000000023
core   0: 0x0000000080000176 (0x0000ff7d) c.bnez  a4, pc - 2
0 0x0000000080000176 (0x0000ff7d)
core   0: 0x0000000080000174 (0x0000177d) c.addi  a4, -1
0 0x0000000080000174 (0x0000177d) x14 0x0000000000000022
core   0: 0x0000000080000176 (0x0000ff7d) c.bnez  a4, pc - 2
0 0x0000000080000176 (0x0000ff7d)
core   0: 0x0000000080000174 (0x0000177d) c.addi  a4, -1
0 0x0000000080000174 (0x0000177d) x14 0x0000000000000021
core   0: 0x0000000080000176 (0x0000ff7d) c.bnez  a4, pc - 2
0 0x0000000080000176 (0x0000ff7d)
core   0: 0x0000000080000174 (0x0000177d) c.addi  a4, -1
0 0x0000000080000174 (0x0000177d) x14 0x0000000000000020
core   0: 0x0000000080000176 (0x0000ff7d) c.bnez  a4, pc - 2
0 0x0000000080000176 (0x0000ff7d)
core   0: 0x0000000080000174 (0x0000177d) c.addi  a4, -1
0 0x0000000080000174 (0x0000177d) x14 0x000000000000001f
core   0: 0x0000000080000176 (0x0000ff7d) c.bnez  a4, pc - 2
0 0x0000000080000176 (0x0000ff7d)
core   0: 0x0000000080000174 (0x0000177d) c.addi  a4, -1
0 0x0000000080000174 (0x0000177d) x14 0x000000000000001e
core   0: 0x0000000080000176 (0x0000ff7d) c.bnez  a4, pc - 2
0 0x0000000080000176 (0x0000ff7d)
core   0: 0x0000000080000174 (0x0000177d) c.addi  a4, -1
0 0x0000000080000174 (0x0000177d) x14 0x000000000000001d
core   0: 0x0000000080000176 (0x0000ff7d) c.bnez  a4, pc - 2
0 0x0000000080000176 (0x0000ff7d)
core   0: 0x0000000080000174 (0x0000177d) c.addi  a4, -1
0 0x0000000080000174 (0x0000177d) x14 0x000000000000001c
core   0: 0x0000000080000176 (0x0000ff7d) c.bnez  a4, pc - 2
0 0x0000000080000176 (0x0000ff7d)
core   0: 0x0000000080000174 (0x0000177d) c.addi  a4, -1
0 0x0000000080000174 (0x0000177d) x14 0x000000000000001b
core   0: 0x0000000080000176 (0x0000ff7d) c.bnez  a4, pc - 2
0 0x0000000080000176 (0x0000ff7d)
core   0: 0x0000000080000174 (0x0000177d) c.addi  a4, -1
0 0x0000000080000174 (0x0000177d) x14 0x000000000000001a
core   0: 0x0000000080000176 (0x0000ff7d) c.bnez  a4, pc - 2
0 0x0000000080000176 (0x0000ff7d)
core   0: 0x0000000080000174 (0x0000177d) c.addi  a4, -1
0 0x0000000080000174 (0x0000177d) x14 0x0000000000000019
core   0: 0x0000000080000176 (0x0000ff7d) c.bnez  a4, pc - 2
0 0x0000000080000176 (0x0000ff7d)
core   0: 0x0000000080000174 (0x0000177d) c.addi  a4, -1
0 0x0000000080000174 (0x0000177d) x14 0x0000000000000018
core   0: 0x0000000080000176 (0x0000ff7d) c.bnez  a4, pc - 2
0 0x0000000080000176 (0x0000ff7d)
core   0: 0x0000000080000174 (0x0000177d) c.addi  a4, -1
0 0x0000000080000174 (0x0000177d) x14 0x0000000000000017
core   0: 0x0000000080000176 (0x0000ff7d) c.bnez  a4, pc - 2
0 0x0000000080000176 (0x0000ff7d)
core   0: 0x0000000080000174 (0x0000177d) c.addi  a4, -1
0 0x0000000080000174 (0x0000177d) x14 0x0000000000000016
core   0: 0x0000000080000176 (0x0000ff7d) c.bnez  a4, pc - 2
0 0x0000000080000176 (0x0000ff7d)
core   0: 0x0000000080000174 (0x0000177d) c.addi  a4, -1
0 0x0000000080000174 (0x0000177d) x14 0x0000000000000015
core   0: 0x0000000080000176 (0x0000ff7d) c.bnez  a4, pc - 2
0 0x0000000080000176 (0x0000ff7d)
core   0: 0x0000000080000174 (0x0000177d) c.addi  a4, -1
0 0x0000000080000174 (0x0000177d) x14 0x0000000000000014
core   0: 0x0000000080000176 (0x0000ff7d) c.bnez  a4, pc - 2
0 0x0000000080000176 (0x0000ff7d)
core   0: 0x0000000080000174 (0x0000177d) c.addi  a4, -1
0 0x0000000080000174 (0x0000177d) x14 0x0000000000000013
core   0: 0x0000000080000176 (0x0000ff7d) c.bnez  a4, pc - 2
0 0x0000000080000176 (0x0000ff7d)
core   0: 0x0000000080000174 (0x0000177d) c.addi  a4, -1
0 0x0000000080000174 (0x0000177d) x14 0x0000000000000012
core   0: 0x0000000080000176 (0x0000ff7d) c.bnez  a4, pc - 2
0 0x0000000080000176 (0x0000ff7d)
core   0: 0x0000000080000174 (0x0000177d) c.addi  a4, -1
0 0x0000000080000174 (0x0000177d) x14 0x0000000000000011
core   0: 0x0000000080000176 (0x0000ff7d) c.bnez  a4, pc - 2
0 0x0000000080000176 (0x0000ff7d)
core   0: 0x0000000080000174 (0x0000177d) c.addi  a4, -1
0 0x0000000080000174 (0x0000177d) x14 0x0000000000000010
core   0: 0x0000000080000176 (0x0000ff7d) c.bnez  a4, pc - 2
0 0x0000000080000176 (0x0000ff7d)
core   0: 0x0000000080000174 (0x0000177d) c.addi  a4, -1
0 0x0000000080000174 (0x0000177d) x14 0x000000000000000f
core   0: 0x0000000080000176 (0x0000ff7d) c.bnez  a4, pc - 2
0 0x0000000080000176 (0x0000ff7d)
core   0: 0x0000000080000174 (0x0000177d) c.addi  a4, -1
0 0x0000000080000174 (0x0000177d) x14 0x000000000000000e
core   0: 0x0000000080000176 (0x0000ff7d) c.bnez  a4, pc - 2
0 0x0000000080000176 (0x0000ff7d)
core   0: 0x0000000080000174 (0x0000177d) c.addi  a4, -1
0 0x0000000080000174 (0x0000177d) x14 0x000000000000000d
core   0: 0x0000000080000176 (0x0000ff7d) c.bnez  a4, pc - 2
0 0x0000000080000176 (0x0000ff7d)
core   0: 0x0000000080000174 (0x0000177d) c.addi  a4, -1
0 0x0000000080000174 (0x0000177d) x14 0x000000000000000c
core   0: 0x0000000080000176 (0x0000ff7d) c.bnez  a4, pc - 2
0 0x0000000080000176 (0x0000ff7d)
core   0: 0x0000000080000174 (0x0000177d) c.addi  a4, -1
0 0x0000000080000174 (0x0000177d) x14 0x000000000000000b
core   0: 0x0000000080000176 (0x0000ff7d) c.bnez  a4, pc - 2
0 0x0000000080000176 (0x0000ff7d)
core   0: 0x0000000080000174 (0x0000177d) c.addi  a4, -1
0 0x0000000080000174 (0x0000177d) x14 0x000000000000000a
core   0: 0x0000000080000176 (0x0000ff7d) c.bnez  a4, pc - 2
0 0x0000000080000176 (0x0000ff7d)
core   0: 0x0000000080000174 (0x0000177d) c.addi  a4, -1
0 0x0000000080000174 (0x0000177d) x14 0x0000000000000009
core   0: 0x0000000080000176 (0x0000ff7d) c.bnez  a4, pc - 2
0 0x0000000080000176 (0x0000ff7d)
core   0: 0x0000000080000174 (0x0000177d) c.addi  a4, -1
0 0x0000000080000174 (0x0000177d) x14 0x0000000000000008
core   0: 0x0000000080000176 (0x0000ff7d) c.bnez  a4, pc - 2
0 0x0000000080000176 (0x0000ff7d)
core   0: 0x0000000080000174 (0x0000177d) c.addi  a4, -1
0 0x0000000080000174 (0x0000177d) x14 0x0000000000000007
core   0: 0x0000000080000176 (0x0000ff7d) c.bnez  a4, pc - 2
0 0x0000000080000176 (0x0000ff7d)
core   0: 0x0000000080000174 (0x0000177d) c.addi  a4, -1
0 0x0000000080000174 (0x0000177d) x14 0x0000000000000006
core   0: 0x0000000080000176 (0x0000ff7d) c.bnez  a4, pc - 2
0 0x0000000080000176 (0x0000ff7d)
core   0: 0x0000000080000174 (0x0000177d) c.addi  a4, -1
0 0x0000000080000174 (0x0000177d) x14 0x0000000000000005
core   0: 0x0000000080000176 (0x0000ff7d) c.bnez  a4, pc - 2
0 0x0000000080000176 (0x0000ff7d)
core   0: 0x0000000080000174 (0x0000177d) c.addi  a4, -1
0 0x0000000080000174 (0x0000177d) x14 0x0000000000000004
core   0: 0x0000000080000176 (0x0000ff7d) c.bnez  a4, pc - 2
0 0x0000000080000176 (0x0000ff7d)
core   0: 0x0000000080000174 (0x0000177d) c.addi  a4, -1
0 0x0000000080000174 (0x0000177d) x14 0x0000000000000003
core   0: 0x0000000080000176 (0x0000ff7d) c.bnez  a4, pc - 2
0 0x0000000080000176 (0x0000ff7d)
core   0: 0x0000000080000174 (0x0000177d) c.addi  a4, -1
0 0x0000000080000174 (0x0000177d) x14 0x0000000000000002
core   0: 0x0000000080000176 (0x0000ff7d) c.bnez  a4, pc - 2
0 0x0000000080000176 (0x0000ff7d)
core   0: 0x0000000080000174 (0x0000177d) c.addi  a4, -1
0 0x0000000080000174 (0x0000177d) x14 0x0000000000000001
core   0: 0x0000000080000176 (0x0000ff7d) c.bnez  a4, pc - 2
0 0x0000000080000176 (0x0000ff7d)
core   0: 0x0000000080000174 (0x0000177d) c.addi  a4, -1
0 0x0000000080000174 (0x0000177d) x14 0x0000000000000000
core   0: 0x0000000080000176 (0x0000ff7d) c.bnez  a4, pc - 2
0 0x0000000080000176 (0x0000ff7d)
core   0: 0x0000000080000178 (0x00000297) auipc   t0, 0x0
0 0x0000000080000178 (0x00000297) x 5 0x0000000080000178
core   0: 0x000000008000017c (0x04a29423) sh      a0, 72(t0)
0 0x000000008000017c (0x04a29423)
core   0: 0x0000000080000180 (0x00000297) auipc   t0, 0x0
0 0x0000000080000180 (0x00000297) x 5 0x0000000080000180
core   0: 0x0000000080000184 (0x04b29123) sh      a1, 66(t0)
0 0x0000000080000184 (0x04b29123)
core   0: 0x0000000080000188 (0x0000100f) fence.i
0 0x0000000080000188 (0x0000100f)
core   0: 0x000000008000018c (0x00000013) nop
0 0x000000008000018c (0x00000013)
core   0: 0x0000000080000190 (0x00000013) nop
0 0x0000000080000190 (0x00000013)
core   0: 0x0000000080000194 (0x00000013) nop
0 0x0000000080000194 (0x00000013)
core   0: 0x0000000080000198 (0x00000013) nop
0 0x0000000080000198 (0x00000013)
core   0: 0x000000008000019c (0x00000013) nop
0 0x000000008000019c (0x00000013)
core   0: 0x00000000800001a0 (0x00000013) nop
0 0x00000000800001a0 (0x00000013)
core   0: 0x00000000800001a4 (0x00000013) nop
0 0x00000000800001a4 (0x00000013)
core   0: 0x00000000800001a8 (0x00000013) nop
0 0x00000000800001a8 (0x00000013)
core   0: 0x00000000800001ac (0x00000013) nop
0 0x00000000800001ac (0x00000013)
core   0: 0x00000000800001b0 (0x00000013) nop
0 0x00000000800001b0 (0x00000013)
core   0: 0x00000000800001b4 (0x00000013) nop
0 0x00000000800001b4 (0x00000013)
core   0: 0x00000000800001b8 (0x00000013) nop
0 0x00000000800001b8 (0x00000013)
core   0: 0x00000000800001bc (0x00000013) nop
0 0x00000000800001bc (0x00000013)
core   0: 0x00000000800001c0 (0x14d68693) addi    a3, a3, 333
0 0x00000000800001c0 (0x14d68693) x13 0x0000000000000309
core   0: 0x00000000800001c4 (0x00000001) c.nop
0 0x00000000800001c4 (0x00000001)
core   0: 0x00000000800001c6 (0x30900e93) li      t4, 777
0 0x00000000800001c6 (0x30900e93) x29 0x0000000000000309
core   0: 0x00000000800001ca (0x0000418d) c.li    gp, 3
0 0x00000000800001ca (0x0000418d) x 3 0x0000000000000003
core   0: 0x00000000800001cc (0x00002e17) auipc   t3, 0x2
0 0x00000000800001cc (0x00002e17) x28 0x00000000800021cc
core   0: 0x00000000800001d0 (0xe44e0e13) addi    t3, t3, -444
0 0x00000000800001d0 (0xe44e0e13) x28 0x0000000080002010
core   0: 0x00000000800001d4 (0x00de2623) sw      a3, 12(t3)
0 0x00000000800001d4 (0x00de2623)
core   0: 0x00000000800001d8 (0x01d69463) bne     a3, t4, pc + 8
0 0x00000000800001d8 (0x01d69463)
core   0: 0x00000000800001dc (0x00301d63) bne     zero, gp, pc + 26
0 0x00000000800001dc (0x00301d63)
core   0: 0x00000000800001f6 (0x0ff0000f) fence   iorw,iorw
0 0x00000000800001f6 (0x0ff0000f)
core   0: 0x00000000800001fa (0x00004185) c.li    gp, 1
0 0x00000000800001fa (0x00004185) x 3 0x0000000000000001
core   0: 0x00000000800001fc (0x00002e17) auipc   t3, 0x2
0 0x00000000800001fc (0x00002e17) x28 0x00000000800021fc
core   0: 0x0000000080000200 (0xe14e0e13) addi    t3, t3, -492
0 0x0000000080000200 (0xe14e0e13) x28 0x0000000080002010
core   0: 0x0000000080000204 (0x003e2023) sw      gp, 0(t3)
0 0x0000000080000204 (0x003e2023)
core   0: 0x0000000080000208 (0x00000073) ecall
0 0x0000000080000208 (0x00000073)
