core   0: 0x0000000000010000 (0x00100413) li      s0, 1
3 0x0000000000010000 (0x00100413) x 8 0x0000000000000001
core   0: 0x0000000000010004 (0x01f41413) slli    s0, s0, 31
3 0x0000000000010004 (0x01f41413) x 8 0x0000000080000000
core   0: 0x0000000000010008 (0xf1402573) csrr    a0, mhartid
3 0x0000000000010008 (0xf1402573) x10 0x0000000000000000
core   0: 0x000000000001000c (0x00000597) auipc   a1, 0x0
3 0x000000000001000c (0x00000597) x11 0x000000000001000c
core   0: 0x0000000000010010 (0x07458593) addi    a1, a1, 116
3 0x0000000000010010 (0x07458593) x11 0x0000000000010080
core   0: 0x0000000000010014 (0x00040067) jr      s0
3 0x0000000000010014 (0x00040067)
core   0: 0x0000000080000000 (0x0000a081) c.j     pc + 64
3 0x0000000080000000 (0x0000a081)
core   0: 0x0000000080000040 (0xf1402573) csrr    a0, mhartid
3 0x0000000080000040 (0xf1402573) x10 0x0000000000000000
core   0: 0x0000000080000044 (0x0000e101) c.bnez  a0, pc + 0
3 0x0000000080000044 (0x0000e101)
core   0: 0x0000000080000046 (0x00000297) auipc   t0, 0x0
3 0x0000000080000046 (0x00000297) x 5 0x0000000080000046
core   0: 0x000000008000004a (0x01228293) addi    t0, t0, 18
3 0x000000008000004a (0x01228293) x 5 0x0000000080000058
core   0: 0x000000008000004e (0x30529073) csrw    mtvec, t0
3 0x000000008000004e (0x30529073)
core   0: 0x0000000080000052 (0x18005073) csrwi   satp, 0
3 0x0000000080000052 (0x18005073)
core   0: 0x0000000080000056 (0x00000001) c.nop
3 0x0000000080000056 (0x00000001)
core   0: 0x0000000080000058 (0x00000297) auipc   t0, 0x0
3 0x0000000080000058 (0x00000297) x 5 0x0000000080000058
core   0: 0x000000008000005c (0x01828293) addi    t0, t0, 24
3 0x000000008000005c (0x01828293) x 5 0x0000000080000070
core   0: 0x0000000080000060 (0x30529073) csrw    mtvec, t0
3 0x0000000080000060 (0x30529073)
core   0: 0x0000000080000064 (0x000052fd) c.li    t0, -1
3 0x0000000080000064 (0x000052fd) x 5 0xffffffffffffffff
core   0: 0x0000000080000066 (0x3b029073) csrw    pmpaddr0, t0
3 0x0000000080000066 (0x3b029073)
core   0: 0x000000008000006a (0x000042fd) c.li    t0, 31
3 0x000000008000006a (0x000042fd) x 5 0x000000000000001f
core   0: 0x000000008000006c (0x3a029073) csrw    pmpcfg0, t0
3 0x000000008000006c (0x3a029073)
core   0: 0x0000000080000070 (0x00000297) auipc   t0, 0x0
3 0x0000000080000070 (0x00000297) x 5 0x0000000080000070
core   0: 0x0000000080000074 (0x01828293) addi    t0, t0, 24
3 0x0000000080000074 (0x01828293) x 5 0x0000000080000088
core   0: 0x0000000080000078 (0x30529073) csrw    mtvec, t0
3 0x0000000080000078 (0x30529073)
core   0: 0x000000008000007c (0x30205073) csrwi   medeleg, 0
3 0x000000008000007c (0x30205073)
core   0: 0x0000000080000080 (0x30305073) csrwi   mideleg, 0
3 0x0000000080000080 (0x30305073)
core   0: 0x0000000080000084 (0x30405073) csrwi   mie, 0
3 0x0000000080000084 (0x30405073)
core   0: 0x0000000080000088 (0x00004181) c.li    gp, 0
3 0x0000000080000088 (0x00004181) x 3 0x0000000000000000
core   0: 0x000000008000008a (0x00000297) auipc   t0, 0x0
3 0x000000008000008a (0x00000297) x 5 0x000000008000008a
core   0: 0x000000008000008e (0xf7a28293) addi    t0, t0, -134
3 0x000000008000008e (0xf7a28293) x 5 0x0000000080000004
core   0: 0x0000000080000092 (0x30529073) csrw    mtvec, t0
3 0x0000000080000092 (0x30529073)
core   0: 0x0000000080000096 (0x00004505) c.li    a0, 1
3 0x0000000080000096 (0x00004505) x10 0x0000000000000001
core   0: 0x0000000080000098 (0x0000057e) c.slli  a0, 31
3 0x0000000080000098 (0x0000057e) x10 0x0000000080000000
core   0: 0x000000008000009a (0x00055763) bgez    a0, pc + 14
3 0x000000008000009a (0x00055763)
core   0: 0x00000000800000a8 (0x80000297) auipc   t0, 0x80000
3 0x00000000800000a8 (0x80000297) x 5 0x00000000000000a8
core   0: 0x00000000800000ac (0xf5828293) addi    t0, t0, -168
3 0x00000000800000ac (0xf5828293) x 5 0x0000000000000000
core   0: 0x00000000800000b0 (0x00028e63) beqz    t0, pc + 28
3 0x00000000800000b0 (0x00028e63)
core   0: 0x00000000800000cc (0x30005073) csrwi   mstatus, 0
3 0x00000000800000cc (0x30005073)
core   0: 0x00000000800000d0 (0x00002537) lui     a0, 0x2
3 0x00000000800000d0 (0x00002537) x10 0x0000000000002000
core   0: 0x00000000800000d4 (0x8005051b) addiw   a0, a0, -2048
3 0x00000000800000d4 (0x8005051b) x10 0x0000000000001800
core   0: 0x00000000800000d8 (0x30052073) csrs    mstatus, a0
3 0x00000000800000d8 (0x30052073)
core   0: 0x00000000800000dc (0x00000297) auipc   t0, 0x0
3 0x00000000800000dc (0x00000297) x 5 0x00000000800000dc
core   0: 0x00000000800000e0 (0x01428293) addi    t0, t0, 20
3 0x00000000800000e0 (0x01428293) x 5 0x00000000800000f0
core   0: 0x00000000800000e4 (0x34129073) csrw    mepc, t0
3 0x00000000800000e4 (0x34129073)
core   0: 0x00000000800000e8 (0xf1402573) csrr    a0, mhartid
3 0x00000000800000e8 (0xf1402573) x10 0x0000000000000000
core   0: 0x00000000800000ec (0x30200073) mret
3 0x00000000800000ec (0x30200073)
core   0: 0x00000000800000f0 (0x00002797) auipc   a5, 0x2
3 0x00000000800000f0 (0x00002797) x15 0x00000000800020f0
core   0: 0x00000000800000f4 (0xf1078793) addi    a5, a5, -240
3 0x00000000800000f4 (0xf1078793) x15 0x0000000080002000
core   0: 0x00000000800000f8 (0x00004085) c.li    ra, 1
3 0x00000000800000f8 (0x00004085) x 1 0x0000000000000001
core   0: 0x00000000800000fa (0x00004101) c.li    sp, 0
3 0x00000000800000fa (0x00004101) x 2 0x0000000000000000
core   0: 0x00000000800000fc (0x7ff101b7) lui     gp, 0x7ff10
3 0x00000000800000fc (0x7ff101b7) x 3 0x000000007ff10000
core   0: 0x0000000080000100 (0xfff1819b) addiw   gp, gp, -1
3 0x0000000080000100 (0xfff1819b) x 3 0x000000007ff0ffff
core   0: 0x0000000080000104 (0x0010021b) addiw   tp, zero, 1
3 0x0000000080000104 (0x0010021b) x 4 0x0000000000000001
core   0: 0x0000000080000108 (0x01f21213) slli    tp, tp, 31
3 0x0000000080000108 (0x01f21213) x 4 0x0000000080000000
core   0: 0x000000008000010c (0x000052fd) c.li    t0, -1
3 0x000000008000010c (0x000052fd) x 5 0xffffffffffffffff
core   0: 0x000000008000010e (0x34029073) csrw    mscratch, t0
3 0x000000008000010e (0x34029073)
core   0: 0x0000000080000112 (0x3400b0f3) csrrc   ra, mscratch, ra
3 0x0000000080000112 (0x3400b0f3) x 1 0xffffffffffffffff
core   0: 0x0000000080000116 (0x340290f3) csrrw   ra, mscratch, t0
3 0x0000000080000116 (0x340290f3) x 1 0xfffffffffffffffe
core   0: 0x000000008000011a (0x34013173) csrrc   sp, mscratch, sp
3 0x000000008000011a (0x34013173) x 2 0xffffffffffffffff
core   0: 0x000000008000011e (0x34029173) csrrw   sp, mscratch, t0
3 0x000000008000011e (0x34029173) x 2 0xffffffffffffffff
core   0: 0x0000000080000122 (0x3401b1f3) csrrc   gp, mscratch, gp
3 0x0000000080000122 (0x3401b1f3) x 3 0xffffffffffffffff
core   0: 0x0000000080000126 (0x340291f3) csrrw   gp, mscratch, t0
3 0x0000000080000126 (0x340291f3) x 3 0xffffffff800f0000
core   0: 0x000000008000012a (0x34023273) csrrc   tp, mscratch, tp
3 0x000000008000012a (0x34023273) x 4 0xffffffffffffffff
core   0: 0x000000008000012e (0x34029273) csrrw   tp, mscratch, t0
3 0x000000008000012e (0x34029273) x 4 0xffffffff7fffffff
core   0: 0x0000000080000132 (0x3402b2f3) csrrc   t0, mscratch, t0
3 0x0000000080000132 (0x3402b2f3) x 5 0xffffffffffffffff
core   0: 0x0000000080000136 (0x340012f3) csrrw   t0, mscratch, zero
3 0x0000000080000136 (0x340012f3) x 5 0x0000000000000000
core   0: 0x000000008000013a (0x0007a023) sw      zero, 0(a5)
3 0x000000008000013a (0x0007a023)
core   0: 0x000000008000013e (0x0017a223) sw      ra, 4(a5)
3 0x000000008000013e (0x0017a223)
core   0: 0x0000000080000142 (0x0027a423) sw      sp, 8(a5)
3 0x0000000080000142 (0x0027a423)
core   0: 0x0000000080000146 (0x0037a623) sw      gp, 12(a5)
3 0x0000000080000146 (0x0037a623)
core   0: 0x000000008000014a (0x0047a823) sw      tp, 16(a5)
3 0x000000008000014a (0x0047a823)
core   0: 0x000000008000014e (0x0057aa23) sw      t0, 20(a5)
3 0x000000008000014e (0x0057aa23)
core   0: 0x0000000080000152 (0x00002297) auipc   t0, 0x2
3 0x0000000080000152 (0x00002297) x 5 0x0000000080002152
core   0: 0x0000000080000156 (0xec628293) addi    t0, t0, -314
3 0x0000000080000156 (0xec628293) x 5 0x0000000080002018
core   0: 0x000000008000015a (0x00004585) c.li    a1, 1
3 0x000000008000015a (0x00004585) x11 0x0000000000000001
core   0: 0x000000008000015c (0x00004601) c.li    a2, 0
3 0x000000008000015c (0x00004601) x12 0x0000000000000000
core   0: 0x000000008000015e (0x7ff106b7) lui     a3, 0x7ff10
3 0x000000008000015e (0x7ff106b7) x13 0x000000007ff10000
core   0: 0x0000000080000162 (0xfff6869b) addiw   a3, a3, -1
3 0x0000000080000162 (0xfff6869b) x13 0x000000007ff0ffff
core   0: 0x0000000080000166 (0x0010071b) addiw   a4, zero, 1
3 0x0000000080000166 (0x0010071b) x14 0x0000000000000001
core   0: 0x000000008000016a (0x01f71713) slli    a4, a4, 31
3 0x000000008000016a (0x01f71713) x14 0x0000000080000000
core   0: 0x000000008000016e (0x000057fd) c.li    a5, -1
3 0x000000008000016e (0x000057fd) x15 0xffffffffffffffff
core   0: 0x0000000080000170 (0x34079073) csrw    mscratch, a5
3 0x0000000080000170 (0x34079073)
core   0: 0x0000000080000174 (0x3405b5f3) csrrc   a1, mscratch, a1
3 0x0000000080000174 (0x3405b5f3) x11 0xffffffffffffffff
core   0: 0x0000000080000178 (0x34063673) csrrc   a2, mscratch, a2
3 0x0000000080000178 (0x34063673) x12 0xfffffffffffffffe
core   0: 0x000000008000017c (0x3406b6f3) csrrc   a3, mscratch, a3
3 0x000000008000017c (0x3406b6f3) x13 0xfffffffffffffffe
core   0: 0x0000000080000180 (0x34073773) csrrc   a4, mscratch, a4
3 0x0000000080000180 (0x34073773) x14 0xffffffff800f0000
core   0: 0x0000000080000184 (0x3407b7f3) csrrc   a5, mscratch, a5
3 0x0000000080000184 (0x3407b7f3) x15 0xffffffff000f0000
core   0: 0x0000000080000188 (0x34003873) csrrc   a6, mscratch, zero
3 0x0000000080000188 (0x34003873) x16 0x0000000000000000
core   0: 0x000000008000018c (0x00b2a023) sw      a1, 0(t0)
3 0x000000008000018c (0x00b2a023)
core   0: 0x0000000080000190 (0x00c2a223) sw      a2, 4(t0)
3 0x0000000080000190 (0x00c2a223)
core   0: 0x0000000080000194 (0x00d2a423) sw      a3, 8(t0)
3 0x0000000080000194 (0x00d2a423)
core   0: 0x0000000080000198 (0x00e2a623) sw      a4, 12(t0)
3 0x0000000080000198 (0x00e2a623)
core   0: 0x000000008000019c (0x00f2a823) sw      a5, 16(t0)
3 0x000000008000019c (0x00f2a823)
core   0: 0x00000000800001a0 (0x0102aa23) sw      a6, 20(t0)
3 0x00000000800001a0 (0x0102aa23)
core   0: 0x00000000800001a4 (0x00002d17) auipc   s10, 0x2
3 0x00000000800001a4 (0x00002d17) x26 0x00000000800021a4
core   0: 0x00000000800001a8 (0xe8cd0d13) addi    s10, s10, -372
3 0x00000000800001a8 (0xe8cd0d13) x26 0x0000000080002030
core   0: 0x00000000800001ac (0x12345ab7) lui     s5, 0x12345
3 0x00000000800001ac (0x12345ab7) x21 0x0000000012345000
core   0: 0x00000000800001b0 (0x678a8a9b) addiw   s5, s5, 1656
3 0x00000000800001b0 (0x678a8a9b) x21 0x0000000012345678
core   0: 0x00000000800001b4 (0x00005a7d) c.li    s4, -1
3 0x00000000800001b4 (0x00005a7d) x20 0xffffffffffffffff
core   0: 0x00000000800001b6 (0x340a1073) csrw    mscratch, s4
3 0x00000000800001b6 (0x340a1073)
core   0: 0x00000000800001ba (0x340abb73) csrrc   s6, mscratch, s5
3 0x00000000800001ba (0x340abb73) x22 0xffffffffffffffff
core   0: 0x00000000800001be (0x340b3af3) csrrc   s5, mscratch, s6
3 0x00000000800001be (0x340b3af3) x21 0xffffffffedcba987
core   0: 0x00000000800001c2 (0x340a1bf3) csrrw   s7, mscratch, s4
3 0x00000000800001c2 (0x340a1bf3) x23 0x0000000000000000
core   0: 0x00000000800001c6 (0x340bbc73) csrrc   s8, mscratch, s7
3 0x00000000800001c6 (0x340bbc73) x24 0xffffffffffffffff
core   0: 0x00000000800001ca (0x34003cf3) csrrc   s9, mscratch, zero
3 0x00000000800001ca (0x34003cf3) x25 0xffffffffffffffff
core   0: 0x00000000800001ce (0x015d2023) sw      s5, 0(s10)
3 0x00000000800001ce (0x015d2023)
core   0: 0x00000000800001d2 (0x016d2223) sw      s6, 4(s10)
3 0x00000000800001d2 (0x016d2223)
core   0: 0x00000000800001d6 (0x017d2423) sw      s7, 8(s10)
3 0x00000000800001d6 (0x017d2423)
core   0: 0x00000000800001da (0x018d2623) sw      s8, 12(s10)
3 0x00000000800001da (0x018d2623)
core   0: 0x00000000800001de (0x019d2823) sw      s9, 16(s10)
3 0x00000000800001de (0x019d2823)
core   0: 0x00000000800001e2 (0x00002097) auipc   ra, 0x2
3 0x00000000800001e2 (0x00002097) x 1 0x00000000800021e2
core   0: 0x00000000800001e6 (0xe6208093) addi    ra, ra, -414
3 0x00000000800001e6 (0xe6208093) x 1 0x0000000080002044
core   0: 0x00000000800001ea (0x42727f37) lui     t5, 0x42727
3 0x00000000800001ea (0x42727f37) x30 0x0000000042727000
core   0: 0x00000000800001ee (0xe6ff0f1b) addiw   t5, t5, -401
3 0x00000000800001ee (0xe6ff0f1b) x30 0x0000000042726e6f
core   0: 0x00000000800001f2 (0x340f1073) csrw    mscratch, t5
3 0x00000000800001f2 (0x340f1073)
core   0: 0x00000000800001f6 (0x340f3073) csrc    mscratch, t5
3 0x00000000800001f6 (0x340f3073)
core   0: 0x00000000800001fa (0x0000a023) sw      zero, 0(ra)
3 0x00000000800001fa (0x0000a023)
core   0: 0x00000000800001fe (0x01e0a223) sw      t5, 4(ra)
3 0x00000000800001fe (0x01e0a223)
core   0: 0x0000000080000202 (0x00002117) auipc   sp, 0x2
3 0x0000000080000202 (0x00002117) x 2 0x0000000080002202
core   0: 0x0000000080000206 (0xe4a10113) addi    sp, sp, -438
3 0x0000000080000206 (0xe4a10113) x 2 0x000000008000204c
core   0: 0x000000008000020a (0x000f8fb7) lui     t6, 0xf8
3 0x000000008000020a (0x000f8fb7) x31 0x00000000000f8000
core   0: 0x000000008000020e (0xff9f8f9b) addiw   t6, t6, -7
3 0x000000008000020e (0xff9f8f9b) x31 0x00000000000f7ff9
core   0: 0x0000000080000212 (0x00cf9f93) slli    t6, t6, 12
3 0x0000000080000212 (0x00cf9f93) x31 0x00000000f7ff9000
core   0: 0x0000000080000216 (0x818f8f93) addi    t6, t6, -2024
3 0x0000000080000216 (0x818f8f93) x31 0x00000000f7ff8818
core   0: 0x000000008000021a (0x340f9073) csrw    mscratch, t6
3 0x000000008000021a (0x340f9073)
core   0: 0x000000008000021e (0x34003073) csrc    mscratch, zero
3 0x000000008000021e (0x34003073)
core   0: 0x0000000080000222 (0x34003073) csrc    mscratch, zero
3 0x0000000080000222 (0x34003073)
core   0: 0x0000000080000226 (0x34003ff3) csrrc   t6, mscratch, zero
3 0x0000000080000226 (0x34003ff3) x31 0x00000000f7ff8818
core   0: 0x000000008000022a (0x0000c002) c.swsp  zero, 0(sp)
3 0x000000008000022a (0x0000c002)
core   0: 0x000000008000022c (0x0000c27e) c.swsp  t6, 4(sp)
3 0x000000008000022c (0x0000c27e)
core   0: 0x000000008000022e (0x00002117) auipc   sp, 0x2
3 0x000000008000022e (0x00002117) x 2 0x000000008000222e
core   0: 0x0000000080000232 (0xe2610113) addi    sp, sp, -474
3 0x0000000080000232 (0xe2610113) x 2 0x0000000080002054
core   0: 0x0000000080000236 (0x0000527d) c.li    tp, -1
3 0x0000000080000236 (0x0000527d) x 4 0xffffffffffffffff
core   0: 0x0000000080000238 (0x000962b7) lui     t0, 0x96
3 0x0000000080000238 (0x000962b7) x 5 0x0000000000096000
core   0: 0x000000008000023c (0x3852829b) addiw   t0, t0, 901
3 0x000000008000023c (0x3852829b) x 5 0x0000000000096385
core   0: 0x0000000080000240 (0x00c29293) slli    t0, t0, 12
3 0x0000000080000240 (0x00c29293) x 5 0x0000000096385000
core   0: 0x0000000080000244 (0x27428293) addi    t0, t0, 628
3 0x0000000080000244 (0x27428293) x 5 0x0000000096385274
core   0: 0x0000000080000248 (0x321653b7) lui     t2, 0x32165
3 0x0000000080000248 (0x321653b7) x 7 0x0000000032165000
core   0: 0x000000008000024c (0x4983839b) addiw   t2, t2, 1176
3 0x000000008000024c (0x4983839b) x 7 0x0000000032165498
core   0: 0x0000000080000250 (0x34021073) csrw    mscratch, tp
3 0x0000000080000250 (0x34021073)
core   0: 0x0000000080000254 (0x3402b2f3) csrrc   t0, mscratch, t0
3 0x0000000080000254 (0x3402b2f3) x 5 0xffffffffffffffff
core   0: 0x0000000080000258 (0x3403b3f3) csrrc   t2, mscratch, t2
3 0x0000000080000258 (0x3403b3f3) x 7 0xffffffff69c7ad8b
core   0: 0x000000008000025c (0x34043473) csrrc   s0, mscratch, s0
3 0x000000008000025c (0x34043473) x 8 0xffffffff49c1a903
core   0: 0x0000000080000260 (0x0000c016) c.swsp  t0, 0(sp)
3 0x0000000080000260 (0x0000c016)
core   0: 0x0000000080000262 (0x0000c21e) c.swsp  t2, 4(sp)
3 0x0000000080000262 (0x0000c21e)
core   0: 0x0000000080000264 (0x0000c422) c.swsp  s0, 8(sp)
3 0x0000000080000264 (0x0000c422)
core   0: 0x0000000080000266 (0x0ff0000f) fence   iorw,iorw
3 0x0000000080000266 (0x0ff0000f)
core   0: 0x000000008000026a (0x00004185) c.li    gp, 1
3 0x000000008000026a (0x00004185) x 3 0x0000000000000001
core   0: 0x000000008000026c (0x00000073) ecall
3 0x000000008000026c (0x00000073)
