core   0: 0x0000000000010000 (0x00100413) li      s0, 1
3 0x0000000000010000 (0x00100413) x 8 0x0000000000000001
core   0: 0x0000000000010004 (0x01f41413) slli    s0, s0, 31
3 0x0000000000010004 (0x01f41413) x 8 0x0000000080000000
core   0: 0x0000000000010008 (0xf1402573) csrr    a0, mhartid
3 0x0000000000010008 (0xf1402573) x10 0x0000000000000000
core   0: 0x000000000001000c (0x00000597) auipc   a1, 0x0
3 0x000000000001000c (0x00000597) x11 0x000000000001000c
core   0: 0x0000000000010010 (0x07458593) addi    a1, a1, 116
3 0x0000000000010010 (0x07458593) x11 0x0000000000010080
core   0: 0x0000000000010014 (0x00040067) jr      s0
3 0x0000000000010014 (0x00040067)
core   0: 0x0000000080000000 (0x0000a081) c.j     pc + 64
3 0x0000000080000000 (0x0000a081)
core   0: 0x0000000080000040 (0xf1402573) csrr    a0, mhartid
3 0x0000000080000040 (0xf1402573) x10 0x0000000000000000
core   0: 0x0000000080000044 (0x0000e101) c.bnez  a0, pc + 0
3 0x0000000080000044 (0x0000e101)
core   0: 0x0000000080000046 (0x00000297) auipc   t0, 0x0
3 0x0000000080000046 (0x00000297) x 5 0x0000000080000046
core   0: 0x000000008000004a (0x01228293) addi    t0, t0, 18
3 0x000000008000004a (0x01228293) x 5 0x0000000080000058
core   0: 0x000000008000004e (0x30529073) csrw    mtvec, t0
3 0x000000008000004e (0x30529073)
core   0: 0x0000000080000052 (0x18005073) csrwi   satp, 0
3 0x0000000080000052 (0x18005073)
core   0: 0x0000000080000056 (0x00000001) c.nop
3 0x0000000080000056 (0x00000001)
core   0: 0x0000000080000058 (0x00000297) auipc   t0, 0x0
3 0x0000000080000058 (0x00000297) x 5 0x0000000080000058
core   0: 0x000000008000005c (0x01828293) addi    t0, t0, 24
3 0x000000008000005c (0x01828293) x 5 0x0000000080000070
core   0: 0x0000000080000060 (0x30529073) csrw    mtvec, t0
3 0x0000000080000060 (0x30529073)
core   0: 0x0000000080000064 (0x000052fd) c.li    t0, -1
3 0x0000000080000064 (0x000052fd) x 5 0xffffffffffffffff
core   0: 0x0000000080000066 (0x3b029073) csrw    pmpaddr0, t0
3 0x0000000080000066 (0x3b029073)
core   0: 0x000000008000006a (0x000042fd) c.li    t0, 31
3 0x000000008000006a (0x000042fd) x 5 0x000000000000001f
core   0: 0x000000008000006c (0x3a029073) csrw    pmpcfg0, t0
3 0x000000008000006c (0x3a029073)
core   0: 0x0000000080000070 (0x00000297) auipc   t0, 0x0
3 0x0000000080000070 (0x00000297) x 5 0x0000000080000070
core   0: 0x0000000080000074 (0x01828293) addi    t0, t0, 24
3 0x0000000080000074 (0x01828293) x 5 0x0000000080000088
core   0: 0x0000000080000078 (0x30529073) csrw    mtvec, t0
3 0x0000000080000078 (0x30529073)
core   0: 0x000000008000007c (0x30205073) csrwi   medeleg, 0
3 0x000000008000007c (0x30205073)
core   0: 0x0000000080000080 (0x30305073) csrwi   mideleg, 0
3 0x0000000080000080 (0x30305073)
core   0: 0x0000000080000084 (0x30405073) csrwi   mie, 0
3 0x0000000080000084 (0x30405073)
core   0: 0x0000000080000088 (0x00004181) c.li    gp, 0
3 0x0000000080000088 (0x00004181) x 3 0x0000000000000000
core   0: 0x000000008000008a (0x00000297) auipc   t0, 0x0
3 0x000000008000008a (0x00000297) x 5 0x000000008000008a
core   0: 0x000000008000008e (0xf7a28293) addi    t0, t0, -134
3 0x000000008000008e (0xf7a28293) x 5 0x0000000080000004
core   0: 0x0000000080000092 (0x30529073) csrw    mtvec, t0
3 0x0000000080000092 (0x30529073)
core   0: 0x0000000080000096 (0x00004505) c.li    a0, 1
3 0x0000000080000096 (0x00004505) x10 0x0000000000000001
core   0: 0x0000000080000098 (0x0000057e) c.slli  a0, 31
3 0x0000000080000098 (0x0000057e) x10 0x0000000080000000
core   0: 0x000000008000009a (0x00055763) bgez    a0, pc + 14
3 0x000000008000009a (0x00055763)
core   0: 0x00000000800000a8 (0x80000297) auipc   t0, 0x80000
3 0x00000000800000a8 (0x80000297) x 5 0x00000000000000a8
core   0: 0x00000000800000ac (0xf5828293) addi    t0, t0, -168
3 0x00000000800000ac (0xf5828293) x 5 0x0000000000000000
core   0: 0x00000000800000b0 (0x00028e63) beqz    t0, pc + 28
3 0x00000000800000b0 (0x00028e63)
core   0: 0x00000000800000cc (0x30005073) csrwi   mstatus, 0
3 0x00000000800000cc (0x30005073)
core   0: 0x00000000800000d0 (0x00002537) lui     a0, 0x2
3 0x00000000800000d0 (0x00002537) x10 0x0000000000002000
core   0: 0x00000000800000d4 (0x8005051b) addiw   a0, a0, -2048
3 0x00000000800000d4 (0x8005051b) x10 0x0000000000001800
core   0: 0x00000000800000d8 (0x30052073) csrs    mstatus, a0
3 0x00000000800000d8 (0x30052073)
core   0: 0x00000000800000dc (0x00000297) auipc   t0, 0x0
3 0x00000000800000dc (0x00000297) x 5 0x00000000800000dc
core   0: 0x00000000800000e0 (0x01428293) addi    t0, t0, 20
3 0x00000000800000e0 (0x01428293) x 5 0x00000000800000f0
core   0: 0x00000000800000e4 (0x34129073) csrw    mepc, t0
3 0x00000000800000e4 (0x34129073)
core   0: 0x00000000800000e8 (0xf1402573) csrr    a0, mhartid
3 0x00000000800000e8 (0xf1402573) x10 0x0000000000000000
core   0: 0x00000000800000ec (0x30200073) mret
3 0x00000000800000ec (0x30200073)
core   0: 0x00000000800000f0 (0x00002797) auipc   a5, 0x2
3 0x00000000800000f0 (0x00002797) x15 0x00000000800020f0
core   0: 0x00000000800000f4 (0xf1078793) addi    a5, a5, -240
3 0x00000000800000f4 (0xf1078793) x15 0x0000000080002000
core   0: 0x00000000800000f8 (0x34001073) csrw    mscratch, zero
3 0x00000000800000f8 (0x34001073)
core   0: 0x00000000800000fc (0x3400e0f3) csrrsi  ra, mscratch, 1
3 0x00000000800000fc (0x3400e0f3) x 1 0x0000000000000000
core   0: 0x0000000080000100 (0x340010f3) csrrw   ra, mscratch, zero
3 0x0000000080000100 (0x340010f3) x 1 0x0000000000000001
core   0: 0x0000000080000104 (0x34006173) csrrsi  sp, mscratch, 0
3 0x0000000080000104 (0x34006173) x 2 0x0000000000000000
core   0: 0x0000000080000108 (0x34001173) csrrw   sp, mscratch, zero
3 0x0000000080000108 (0x34001173) x 2 0x0000000000000000
core   0: 0x000000008000010c (0x340fe1f3) csrrsi  gp, mscratch, 31
3 0x000000008000010c (0x340fe1f3) x 3 0x0000000000000000
core   0: 0x0000000080000110 (0x340011f3) csrrw   gp, mscratch, zero
3 0x0000000080000110 (0x340011f3) x 3 0x000000000000001f
core   0: 0x0000000080000114 (0x34086273) csrrsi  tp, mscratch, 16
3 0x0000000080000114 (0x34086273) x 4 0x0000000000000000
core   0: 0x0000000080000118 (0x34001273) csrrw   tp, mscratch, zero
3 0x0000000080000118 (0x34001273) x 4 0x0000000000000010
core   0: 0x000000008000011c (0x3407e2f3) csrrsi  t0, mscratch, 15
3 0x000000008000011c (0x3407e2f3) x 5 0x0000000000000000
core   0: 0x0000000080000120 (0x340012f3) csrrw   t0, mscratch, zero
3 0x0000000080000120 (0x340012f3) x 5 0x000000000000000f
core   0: 0x0000000080000124 (0x0007a023) sw      zero, 0(a5)
3 0x0000000080000124 (0x0007a023)
core   0: 0x0000000080000128 (0x0017a223) sw      ra, 4(a5)
3 0x0000000080000128 (0x0017a223)
core   0: 0x000000008000012c (0x0027a423) sw      sp, 8(a5)
3 0x000000008000012c (0x0027a423)
core   0: 0x0000000080000130 (0x0037a623) sw      gp, 12(a5)
3 0x0000000080000130 (0x0037a623)
core   0: 0x0000000080000134 (0x0047a823) sw      tp, 16(a5)
3 0x0000000080000134 (0x0047a823)
core   0: 0x0000000080000138 (0x0057aa23) sw      t0, 20(a5)
3 0x0000000080000138 (0x0057aa23)
core   0: 0x000000008000013c (0x00002297) auipc   t0, 0x2
3 0x000000008000013c (0x00002297) x 5 0x000000008000213c
core   0: 0x0000000080000140 (0xedc28293) addi    t0, t0, -292
3 0x0000000080000140 (0xedc28293) x 5 0x0000000080002018
core   0: 0x0000000080000144 (0x34001073) csrw    mscratch, zero
3 0x0000000080000144 (0x34001073)
core   0: 0x0000000080000148 (0x3400e5f3) csrrsi  a1, mscratch, 1
3 0x0000000080000148 (0x3400e5f3) x11 0x0000000000000000
core   0: 0x000000008000014c (0x34006673) csrrsi  a2, mscratch, 0
3 0x000000008000014c (0x34006673) x12 0x0000000000000001
core   0: 0x0000000080000150 (0x340fe6f3) csrrsi  a3, mscratch, 31
3 0x0000000080000150 (0x340fe6f3) x13 0x0000000000000001
core   0: 0x0000000080000154 (0x34086773) csrrsi  a4, mscratch, 16
3 0x0000000080000154 (0x34086773) x14 0x000000000000001f
core   0: 0x0000000080000158 (0x3407e7f3) csrrsi  a5, mscratch, 15
3 0x0000000080000158 (0x3407e7f3) x15 0x000000000000001f
core   0: 0x000000008000015c (0x34006873) csrrsi  a6, mscratch, 0
3 0x000000008000015c (0x34006873) x16 0x000000000000001f
core   0: 0x0000000080000160 (0x0002a023) sw      zero, 0(t0)
3 0x0000000080000160 (0x0002a023)
core   0: 0x0000000080000164 (0x00b2a223) sw      a1, 4(t0)
3 0x0000000080000164 (0x00b2a223)
core   0: 0x0000000080000168 (0x00c2a423) sw      a2, 8(t0)
3 0x0000000080000168 (0x00c2a423)
core   0: 0x000000008000016c (0x00d2a623) sw      a3, 12(t0)
3 0x000000008000016c (0x00d2a623)
core   0: 0x0000000080000170 (0x00e2a823) sw      a4, 16(t0)
3 0x0000000080000170 (0x00e2a823)
core   0: 0x0000000080000174 (0x00f2aa23) sw      a5, 20(t0)
3 0x0000000080000174 (0x00f2aa23)
core   0: 0x0000000080000178 (0x0102ac23) sw      a6, 24(t0)
3 0x0000000080000178 (0x0102ac23)
core   0: 0x000000008000017c (0x00002097) auipc   ra, 0x2
3 0x000000008000017c (0x00002097) x 1 0x000000008000217c
core   0: 0x0000000080000180 (0xeb808093) addi    ra, ra, -328
3 0x0000000080000180 (0xeb808093) x 1 0x0000000080002034
core   0: 0x0000000080000184 (0x32165a37) lui     s4, 0x32165
3 0x0000000080000184 (0x32165a37) x20 0x0000000032165000
core   0: 0x0000000080000188 (0x498a0a1b) addiw   s4, s4, 1176
3 0x0000000080000188 (0x498a0a1b) x20 0x0000000032165498
core   0: 0x000000008000018c (0x340a1073) csrw    mscratch, s4
3 0x000000008000018c (0x340a1073)
core   0: 0x0000000080000190 (0x3407e073) csrsi   mscratch, 15
3 0x0000000080000190 (0x3407e073)
core   0: 0x0000000080000194 (0x340a1af3) csrrw   s5, mscratch, s4
3 0x0000000080000194 (0x340a1af3) x21 0x000000003216549f
core   0: 0x0000000080000198 (0x0000a023) sw      zero, 0(ra)
3 0x0000000080000198 (0x0000a023)
core   0: 0x000000008000019c (0x0150a223) sw      s5, 4(ra)
3 0x000000008000019c (0x0150a223)
core   0: 0x00000000800001a0 (0x0140a423) sw      s4, 8(ra)
3 0x00000000800001a0 (0x0140a423)
core   0: 0x00000000800001a4 (0x0ff0000f) fence   iorw,iorw
3 0x00000000800001a4 (0x0ff0000f)
core   0: 0x00000000800001a8 (0x00004185) c.li    gp, 1
3 0x00000000800001a8 (0x00004185) x 3 0x0000000000000001
core   0: 0x00000000800001aa (0x00000073) ecall
3 0x00000000800001aa (0x00000073)
