core   0: 0x0000000000010000 (0x00100413) li      s0, 1
3 0x0000000000010000 (0x00100413) x 8 0x0000000000000001
core   0: 0x0000000000010004 (0x01f41413) slli    s0, s0, 31
3 0x0000000000010004 (0x01f41413) x 8 0x0000000080000000
core   0: 0x0000000000010008 (0xf1402573) csrr    a0, mhartid
3 0x0000000000010008 (0xf1402573) x10 0x0000000000000000
core   0: 0x000000000001000c (0x00000597) auipc   a1, 0x0
3 0x000000000001000c (0x00000597) x11 0x000000000001000c
core   0: 0x0000000000010010 (0x07458593) addi    a1, a1, 116
3 0x0000000000010010 (0x07458593) x11 0x0000000000010080
core   0: 0x0000000000010014 (0x00040067) jr      s0
3 0x0000000000010014 (0x00040067)
core   0: 0x0000000080000000 (0x0000a081) c.j     pc + 64
3 0x0000000080000000 (0x0000a081)
core   0: 0x0000000080000040 (0xf1402573) csrr    a0, mhartid
3 0x0000000080000040 (0xf1402573) x10 0x0000000000000000
core   0: 0x0000000080000044 (0x0000e101) c.bnez  a0, pc + 0
3 0x0000000080000044 (0x0000e101)
core   0: 0x0000000080000046 (0x00000297) auipc   t0, 0x0
3 0x0000000080000046 (0x00000297) x 5 0x0000000080000046
core   0: 0x000000008000004a (0x01228293) addi    t0, t0, 18
3 0x000000008000004a (0x01228293) x 5 0x0000000080000058
core   0: 0x000000008000004e (0x30529073) csrw    mtvec, t0
3 0x000000008000004e (0x30529073)
core   0: 0x0000000080000052 (0x18005073) csrwi   satp, 0
3 0x0000000080000052 (0x18005073)
core   0: 0x0000000080000056 (0x00000001) c.nop
3 0x0000000080000056 (0x00000001)
core   0: 0x0000000080000058 (0x00000297) auipc   t0, 0x0
3 0x0000000080000058 (0x00000297) x 5 0x0000000080000058
core   0: 0x000000008000005c (0x01828293) addi    t0, t0, 24
3 0x000000008000005c (0x01828293) x 5 0x0000000080000070
core   0: 0x0000000080000060 (0x30529073) csrw    mtvec, t0
3 0x0000000080000060 (0x30529073)
core   0: 0x0000000080000064 (0x000052fd) c.li    t0, -1
3 0x0000000080000064 (0x000052fd) x 5 0xffffffffffffffff
core   0: 0x0000000080000066 (0x3b029073) csrw    pmpaddr0, t0
3 0x0000000080000066 (0x3b029073)
core   0: 0x000000008000006a (0x000042fd) c.li    t0, 31
3 0x000000008000006a (0x000042fd) x 5 0x000000000000001f
core   0: 0x000000008000006c (0x3a029073) csrw    pmpcfg0, t0
3 0x000000008000006c (0x3a029073)
core   0: 0x0000000080000070 (0x00000297) auipc   t0, 0x0
3 0x0000000080000070 (0x00000297) x 5 0x0000000080000070
core   0: 0x0000000080000074 (0x01828293) addi    t0, t0, 24
3 0x0000000080000074 (0x01828293) x 5 0x0000000080000088
core   0: 0x0000000080000078 (0x30529073) csrw    mtvec, t0
3 0x0000000080000078 (0x30529073)
core   0: 0x000000008000007c (0x30205073) csrwi   medeleg, 0
3 0x000000008000007c (0x30205073)
core   0: 0x0000000080000080 (0x30305073) csrwi   mideleg, 0
3 0x0000000080000080 (0x30305073)
core   0: 0x0000000080000084 (0x30405073) csrwi   mie, 0
3 0x0000000080000084 (0x30405073)
core   0: 0x0000000080000088 (0x00004181) c.li    gp, 0
3 0x0000000080000088 (0x00004181) x 3 0x0000000000000000
core   0: 0x000000008000008a (0x00000297) auipc   t0, 0x0
3 0x000000008000008a (0x00000297) x 5 0x000000008000008a
core   0: 0x000000008000008e (0xf7a28293) addi    t0, t0, -134
3 0x000000008000008e (0xf7a28293) x 5 0x0000000080000004
core   0: 0x0000000080000092 (0x30529073) csrw    mtvec, t0
3 0x0000000080000092 (0x30529073)
core   0: 0x0000000080000096 (0x00004505) c.li    a0, 1
3 0x0000000080000096 (0x00004505) x10 0x0000000000000001
core   0: 0x0000000080000098 (0x0000057e) c.slli  a0, 31
3 0x0000000080000098 (0x0000057e) x10 0x0000000080000000
core   0: 0x000000008000009a (0x00055763) bgez    a0, pc + 14
3 0x000000008000009a (0x00055763)
core   0: 0x00000000800000a8 (0x80000297) auipc   t0, 0x80000
3 0x00000000800000a8 (0x80000297) x 5 0x00000000000000a8
core   0: 0x00000000800000ac (0xf5828293) addi    t0, t0, -168
3 0x00000000800000ac (0xf5828293) x 5 0x0000000000000000
core   0: 0x00000000800000b0 (0x00028e63) beqz    t0, pc + 28
3 0x00000000800000b0 (0x00028e63)
core   0: 0x00000000800000cc (0x30005073) csrwi   mstatus, 0
3 0x00000000800000cc (0x30005073)
core   0: 0x00000000800000d0 (0x00002537) lui     a0, 0x2
3 0x00000000800000d0 (0x00002537) x10 0x0000000000002000
core   0: 0x00000000800000d4 (0x8005051b) addiw   a0, a0, -2048
3 0x00000000800000d4 (0x8005051b) x10 0x0000000000001800
core   0: 0x00000000800000d8 (0x30052073) csrs    mstatus, a0
3 0x00000000800000d8 (0x30052073)
core   0: 0x00000000800000dc (0x00000297) auipc   t0, 0x0
3 0x00000000800000dc (0x00000297) x 5 0x00000000800000dc
core   0: 0x00000000800000e0 (0x01428293) addi    t0, t0, 20
3 0x00000000800000e0 (0x01428293) x 5 0x00000000800000f0
core   0: 0x00000000800000e4 (0x34129073) csrw    mepc, t0
3 0x00000000800000e4 (0x34129073)
core   0: 0x00000000800000e8 (0xf1402573) csrr    a0, mhartid
3 0x00000000800000e8 (0xf1402573) x10 0x0000000000000000
core   0: 0x00000000800000ec (0x30200073) mret
3 0x00000000800000ec (0x30200073)
core   0: 0x00000000800000f0 (0x00002097) auipc   ra, 0x2
3 0x00000000800000f0 (0x00002097) x 1 0x00000000800020f0
core   0: 0x00000000800000f4 (0xf1008093) addi    ra, ra, -240
3 0x00000000800000f4 (0xf1008093) x 1 0x0000000080002000
core   0: 0x00000000800000f8 (0x11111137) lui     sp, 0x11111
3 0x00000000800000f8 (0x11111137) x 2 0x0000000011111000
core   0: 0x00000000800000fc (0x1111011b) addiw   sp, sp, 273
3 0x00000000800000fc (0x1111011b) x 2 0x0000000011111111
core   0: 0x0000000080000100 (0x0060006f) j       pc + 0x6
3 0x0000000080000100 (0x0060006f)
core   0: 0x0000000080000106 (0x0020a023) sw      sp, 0(ra)
3 0x0000000080000106 (0x0020a023)
core   0: 0x000000008000010a (0x00002097) auipc   ra, 0x2
3 0x000000008000010a (0x00002097) x 1 0x000000008000210a
core   0: 0x000000008000010e (0xefa08093) addi    ra, ra, -262
3 0x000000008000010e (0xefa08093) x 1 0x0000000080002004
core   0: 0x0000000080000112 (0x22222137) lui     sp, 0x22222
3 0x0000000080000112 (0x22222137) x 2 0x0000000022222000
core   0: 0x0000000080000116 (0x2221011b) addiw   sp, sp, 546
3 0x0000000080000116 (0x2221011b) x 2 0x0000000022222222
core   0: 0x000000008000011a (0x00000217) auipc   tp, 0x0
3 0x000000008000011a (0x00000217) x 4 0x000000008000011a
core   0: 0x000000008000011e (0x00e20213) addi    tp, tp, 14
3 0x000000008000011e (0x00e20213) x 4 0x0000000080000128
core   0: 0x0000000080000122 (0x00020067) jr      tp
3 0x0000000080000122 (0x00020067)
core   0: 0x0000000080000128 (0x0020a023) sw      sp, 0(ra)
3 0x0000000080000128 (0x0020a023)
core   0: 0x000000008000012c (0x00002097) auipc   ra, 0x2
3 0x000000008000012c (0x00002097) x 1 0x000000008000212c
core   0: 0x0000000080000130 (0xedc08093) addi    ra, ra, -292
3 0x0000000080000130 (0xedc08093) x 1 0x0000000080002008
core   0: 0x0000000080000134 (0x00004295) c.li    t0, 5
3 0x0000000080000134 (0x00004295) x 5 0x0000000000000005
core   0: 0x0000000080000136 (0x00004319) c.li    t1, 6
3 0x0000000080000136 (0x00004319) x 6 0x0000000000000006
core   0: 0x0000000080000138 (0x33333137) lui     sp, 0x33333
3 0x0000000080000138 (0x33333137) x 2 0x0000000033333000
core   0: 0x000000008000013c (0x3331011b) addiw   sp, sp, 819
3 0x000000008000013c (0x3331011b) x 2 0x0000000033333333
core   0: 0x0000000080000140 (0x00528363) beq     t0, t0, pc + 6
3 0x0000000080000140 (0x00528363)
core   0: 0x0000000080000146 (0x0020a023) sw      sp, 0(ra)
3 0x0000000080000146 (0x0020a023)
core   0: 0x000000008000014a (0x00002097) auipc   ra, 0x2
3 0x000000008000014a (0x00002097) x 1 0x000000008000214a
core   0: 0x000000008000014e (0xec208093) addi    ra, ra, -318
3 0x000000008000014e (0xec208093) x 1 0x000000008000200c
core   0: 0x0000000080000152 (0x00004295) c.li    t0, 5
3 0x0000000080000152 (0x00004295) x 5 0x0000000000000005
core   0: 0x0000000080000154 (0x00004319) c.li    t1, 6
3 0x0000000080000154 (0x00004319) x 6 0x0000000000000006
core   0: 0x0000000080000156 (0x44444137) lui     sp, 0x44444
3 0x0000000080000156 (0x44444137) x 2 0x0000000044444000
core   0: 0x000000008000015a (0x4441011b) addiw   sp, sp, 1092
3 0x000000008000015a (0x4441011b) x 2 0x0000000044444444
core   0: 0x000000008000015e (0x00629363) bne     t0, t1, pc + 6
3 0x000000008000015e (0x00629363)
core   0: 0x0000000080000164 (0x0020a023) sw      sp, 0(ra)
3 0x0000000080000164 (0x0020a023)
core   0: 0x0000000080000168 (0x00002097) auipc   ra, 0x2
3 0x0000000080000168 (0x00002097) x 1 0x0000000080002168
core   0: 0x000000008000016c (0xea808093) addi    ra, ra, -344
3 0x000000008000016c (0xea808093) x 1 0x0000000080002010
core   0: 0x0000000080000170 (0x00004295) c.li    t0, 5
3 0x0000000080000170 (0x00004295) x 5 0x0000000000000005
core   0: 0x0000000080000172 (0x00004319) c.li    t1, 6
3 0x0000000080000172 (0x00004319) x 6 0x0000000000000006
core   0: 0x0000000080000174 (0x55555137) lui     sp, 0x55555
3 0x0000000080000174 (0x55555137) x 2 0x0000000055555000
core   0: 0x0000000080000178 (0x5551011b) addiw   sp, sp, 1365
3 0x0000000080000178 (0x5551011b) x 2 0x0000000055555555
core   0: 0x000000008000017c (0x0062c363) blt     t0, t1, pc + 6
3 0x000000008000017c (0x0062c363)
core   0: 0x0000000080000182 (0x0020a023) sw      sp, 0(ra)
3 0x0000000080000182 (0x0020a023)
core   0: 0x0000000080000186 (0x00002097) auipc   ra, 0x2
3 0x0000000080000186 (0x00002097) x 1 0x0000000080002186
core   0: 0x000000008000018a (0xe8e08093) addi    ra, ra, -370
3 0x000000008000018a (0xe8e08093) x 1 0x0000000080002014
core   0: 0x000000008000018e (0x00004295) c.li    t0, 5
3 0x000000008000018e (0x00004295) x 5 0x0000000000000005
core   0: 0x0000000080000190 (0x00004319) c.li    t1, 6
3 0x0000000080000190 (0x00004319) x 6 0x0000000000000006
core   0: 0x0000000080000192 (0x66666137) lui     sp, 0x66666
3 0x0000000080000192 (0x66666137) x 2 0x0000000066666000
core   0: 0x0000000080000196 (0x6661011b) addiw   sp, sp, 1638
3 0x0000000080000196 (0x6661011b) x 2 0x0000000066666666
core   0: 0x000000008000019a (0x0062e363) bltu    t0, t1, pc + 6
3 0x000000008000019a (0x0062e363)
core   0: 0x00000000800001a0 (0x0020a023) sw      sp, 0(ra)
3 0x00000000800001a0 (0x0020a023)
core   0: 0x00000000800001a4 (0x00002097) auipc   ra, 0x2
3 0x00000000800001a4 (0x00002097) x 1 0x00000000800021a4
core   0: 0x00000000800001a8 (0xe7408093) addi    ra, ra, -396
3 0x00000000800001a8 (0xe7408093) x 1 0x0000000080002018
core   0: 0x00000000800001ac (0x00004295) c.li    t0, 5
3 0x00000000800001ac (0x00004295) x 5 0x0000000000000005
core   0: 0x00000000800001ae (0x00004319) c.li    t1, 6
3 0x00000000800001ae (0x00004319) x 6 0x0000000000000006
core   0: 0x00000000800001b0 (0x77777137) lui     sp, 0x77777
3 0x00000000800001b0 (0x77777137) x 2 0x0000000077777000
core   0: 0x00000000800001b4 (0x7771011b) addiw   sp, sp, 1911
3 0x00000000800001b4 (0x7771011b) x 2 0x0000000077777777
core   0: 0x00000000800001b8 (0x00535363) bge     t1, t0, pc + 6
3 0x00000000800001b8 (0x00535363)
core   0: 0x00000000800001be (0x0020a023) sw      sp, 0(ra)
3 0x00000000800001be (0x0020a023)
core   0: 0x00000000800001c2 (0x00002097) auipc   ra, 0x2
3 0x00000000800001c2 (0x00002097) x 1 0x00000000800021c2
core   0: 0x00000000800001c6 (0xe5a08093) addi    ra, ra, -422
3 0x00000000800001c6 (0xe5a08093) x 1 0x000000008000201c
core   0: 0x00000000800001ca (0x00004295) c.li    t0, 5
3 0x00000000800001ca (0x00004295) x 5 0x0000000000000005
core   0: 0x00000000800001cc (0x00004319) c.li    t1, 6
3 0x00000000800001cc (0x00004319) x 6 0x0000000000000006
core   0: 0x00000000800001ce (0x00089137) lui     sp, 0x89
3 0x00000000800001ce (0x00089137) x 2 0x0000000000089000
core   0: 0x00000000800001d2 (0x8891011b) addiw   sp, sp, -1911
3 0x00000000800001d2 (0x8891011b) x 2 0x0000000000088889
core   0: 0x00000000800001d6 (0x00c11113) slli    sp, sp, 12
3 0x00000000800001d6 (0x00c11113) x 2 0x0000000088889000
core   0: 0x00000000800001da (0x88810113) addi    sp, sp, -1912
3 0x00000000800001da (0x88810113) x 2 0x0000000088888888
core   0: 0x00000000800001de (0x00537363) bgeu    t1, t0, pc + 6
3 0x00000000800001de (0x00537363)
core   0: 0x00000000800001e4 (0x0020a023) sw      sp, 0(ra)
3 0x00000000800001e4 (0x0020a023)
core   0: 0x00000000800001e8 (0x0ff0000f) fence   iorw,iorw
3 0x00000000800001e8 (0x0ff0000f)
core   0: 0x00000000800001ec (0x00004185) c.li    gp, 1
3 0x00000000800001ec (0x00004185) x 3 0x0000000000000001
core   0: 0x00000000800001ee (0x00000073) ecall
3 0x00000000800001ee (0x00000073)
