core   0: 0x0000000000010000 (0x00100413) li      s0, 1
3 0x0000000000010000 (0x00100413) x 8 0x0000000000000001
core   0: 0x0000000000010004 (0x01f41413) slli    s0, s0, 31
3 0x0000000000010004 (0x01f41413) x 8 0x0000000080000000
core   0: 0x0000000000010008 (0xf1402573) csrr    a0, mhartid
3 0x0000000000010008 (0xf1402573) x10 0x0000000000000000
core   0: 0x000000000001000c (0x00000597) auipc   a1, 0x0
3 0x000000000001000c (0x00000597) x11 0x000000000001000c
core   0: 0x0000000000010010 (0x07458593) addi    a1, a1, 116
3 0x0000000000010010 (0x07458593) x11 0x0000000000010080
core   0: 0x0000000000010014 (0x00040067) jr      s0
3 0x0000000000010014 (0x00040067)
core   0: 0x0000000080000000 (0x0000a081) c.j     pc + 64
3 0x0000000080000000 (0x0000a081)
core   0: 0x0000000080000040 (0xf1402573) csrr    a0, mhartid
3 0x0000000080000040 (0xf1402573) x10 0x0000000000000000
core   0: 0x0000000080000044 (0x0000e101) c.bnez  a0, pc + 0
3 0x0000000080000044 (0x0000e101)
core   0: 0x0000000080000046 (0x00000297) auipc   t0, 0x0
3 0x0000000080000046 (0x00000297) x 5 0x0000000080000046
core   0: 0x000000008000004a (0x01228293) addi    t0, t0, 18
3 0x000000008000004a (0x01228293) x 5 0x0000000080000058
core   0: 0x000000008000004e (0x30529073) csrw    mtvec, t0
3 0x000000008000004e (0x30529073)
core   0: 0x0000000080000052 (0x18005073) csrwi   satp, 0
3 0x0000000080000052 (0x18005073)
core   0: 0x0000000080000056 (0x00000001) c.nop
3 0x0000000080000056 (0x00000001)
core   0: 0x0000000080000058 (0x00000297) auipc   t0, 0x0
3 0x0000000080000058 (0x00000297) x 5 0x0000000080000058
core   0: 0x000000008000005c (0x01828293) addi    t0, t0, 24
3 0x000000008000005c (0x01828293) x 5 0x0000000080000070
core   0: 0x0000000080000060 (0x30529073) csrw    mtvec, t0
3 0x0000000080000060 (0x30529073)
core   0: 0x0000000080000064 (0x000052fd) c.li    t0, -1
3 0x0000000080000064 (0x000052fd) x 5 0xffffffffffffffff
core   0: 0x0000000080000066 (0x3b029073) csrw    pmpaddr0, t0
3 0x0000000080000066 (0x3b029073)
core   0: 0x000000008000006a (0x000042fd) c.li    t0, 31
3 0x000000008000006a (0x000042fd) x 5 0x000000000000001f
core   0: 0x000000008000006c (0x3a029073) csrw    pmpcfg0, t0
3 0x000000008000006c (0x3a029073)
core   0: 0x0000000080000070 (0x00000297) auipc   t0, 0x0
3 0x0000000080000070 (0x00000297) x 5 0x0000000080000070
core   0: 0x0000000080000074 (0x01828293) addi    t0, t0, 24
3 0x0000000080000074 (0x01828293) x 5 0x0000000080000088
core   0: 0x0000000080000078 (0x30529073) csrw    mtvec, t0
3 0x0000000080000078 (0x30529073)
core   0: 0x000000008000007c (0x30205073) csrwi   medeleg, 0
3 0x000000008000007c (0x30205073)
core   0: 0x0000000080000080 (0x30305073) csrwi   mideleg, 0
3 0x0000000080000080 (0x30305073)
core   0: 0x0000000080000084 (0x30405073) csrwi   mie, 0
3 0x0000000080000084 (0x30405073)
core   0: 0x0000000080000088 (0x00004181) c.li    gp, 0
3 0x0000000080000088 (0x00004181) x 3 0x0000000000000000
core   0: 0x000000008000008a (0x00000297) auipc   t0, 0x0
3 0x000000008000008a (0x00000297) x 5 0x000000008000008a
core   0: 0x000000008000008e (0xf7a28293) addi    t0, t0, -134
3 0x000000008000008e (0xf7a28293) x 5 0x0000000080000004
core   0: 0x0000000080000092 (0x30529073) csrw    mtvec, t0
3 0x0000000080000092 (0x30529073)
core   0: 0x0000000080000096 (0x00004505) c.li    a0, 1
3 0x0000000080000096 (0x00004505) x10 0x0000000000000001
core   0: 0x0000000080000098 (0x0000057e) c.slli  a0, 31
3 0x0000000080000098 (0x0000057e) x10 0x0000000080000000
core   0: 0x000000008000009a (0x00055763) bgez    a0, pc + 14
3 0x000000008000009a (0x00055763)
core   0: 0x00000000800000a8 (0x80000297) auipc   t0, 0x80000
3 0x00000000800000a8 (0x80000297) x 5 0x00000000000000a8
core   0: 0x00000000800000ac (0xf5828293) addi    t0, t0, -168
3 0x00000000800000ac (0xf5828293) x 5 0x0000000000000000
core   0: 0x00000000800000b0 (0x00028e63) beqz    t0, pc + 28
3 0x00000000800000b0 (0x00028e63)
core   0: 0x00000000800000cc (0x30005073) csrwi   mstatus, 0
3 0x00000000800000cc (0x30005073)
core   0: 0x00000000800000d0 (0x00002537) lui     a0, 0x2
3 0x00000000800000d0 (0x00002537) x10 0x0000000000002000
core   0: 0x00000000800000d4 (0x8005051b) addiw   a0, a0, -2048
3 0x00000000800000d4 (0x8005051b) x10 0x0000000000001800
core   0: 0x00000000800000d8 (0x30052073) csrs    mstatus, a0
3 0x00000000800000d8 (0x30052073)
core   0: 0x00000000800000dc (0x00000297) auipc   t0, 0x0
3 0x00000000800000dc (0x00000297) x 5 0x00000000800000dc
core   0: 0x00000000800000e0 (0x01428293) addi    t0, t0, 20
3 0x00000000800000e0 (0x01428293) x 5 0x00000000800000f0
core   0: 0x00000000800000e4 (0x34129073) csrw    mepc, t0
3 0x00000000800000e4 (0x34129073)
core   0: 0x00000000800000e8 (0xf1402573) csrr    a0, mhartid
3 0x00000000800000e8 (0xf1402573) x10 0x0000000000000000
core   0: 0x00000000800000ec (0x30200073) mret
3 0x00000000800000ec (0x30200073)
core   0: 0x00000000800000f0 (0x00002097) auipc   ra, 0x2
3 0x00000000800000f0 (0x00002097) x 1 0x00000000800020f0
core   0: 0x00000000800000f4 (0xf1008093) addi    ra, ra, -240
3 0x00000000800000f4 (0xf1008093) x 1 0x0000000080002000
core   0: 0x00000000800000f8 (0x00002117) auipc   sp, 0x2
3 0x00000000800000f8 (0x00002117) x 2 0x00000000800020f8
core   0: 0x00000000800000fc (0xf3810113) addi    sp, sp, -200
3 0x00000000800000fc (0xf3810113) x 2 0x0000000080002030
core   0: 0x0000000080000100 (0x0000a183) lw      gp, 0(ra)
3 0x0000000080000100 (0x0000a183) x 3 0x0000000000000000
core   0: 0x0000000080000104 (0x00004201) c.li    tp, 0
3 0x0000000080000104 (0x00004201) x 4 0x0000000000000000
core   0: 0x0000000080000106 (0x00004285) c.li    t0, 1
3 0x0000000080000106 (0x00004285) x 5 0x0000000000000001
core   0: 0x0000000080000108 (0x0000537d) c.li    t1, -1
3 0x0000000080000108 (0x0000537d) x 6 0xffffffffffffffff
core   0: 0x000000008000010a (0x800003b7) lui     t2, 0x80000
3 0x000000008000010a (0x800003b7) x 7 0xffffffff80000000
core   0: 0x000000008000010e (0xfff3839b) addiw   t2, t2, -1
3 0x000000008000010e (0xfff3839b) x 7 0x000000007fffffff
core   0: 0x0000000080000112 (0x0010041b) addiw   s0, zero, 1
3 0x0000000080000112 (0x0010041b) x 8 0x0000000000000001
core   0: 0x0000000080000116 (0x01f41413) slli    s0, s0, 31
3 0x0000000080000116 (0x01f41413) x 8 0x0000000080000000
core   0: 0x000000008000011a (0x0000920e) c.add   tp, gp
3 0x000000008000011a (0x0000920e) x 4 0x0000000000000000
core   0: 0x000000008000011c (0x0000928e) c.add   t0, gp
3 0x000000008000011c (0x0000928e) x 5 0x0000000000000001
core   0: 0x000000008000011e (0x0000930e) c.add   t1, gp
3 0x000000008000011e (0x0000930e) x 6 0xffffffffffffffff
core   0: 0x0000000080000120 (0x0000938e) c.add   t2, gp
3 0x0000000080000120 (0x0000938e) x 7 0x000000007fffffff
core   0: 0x0000000080000122 (0x0000940e) c.add   s0, gp
3 0x0000000080000122 (0x0000940e) x 8 0x0000000080000000
core   0: 0x0000000080000124 (0x0000c00e) c.swsp  gp, 0(sp)
3 0x0000000080000124 (0x0000c00e)
core   0: 0x0000000080000126 (0x0000c212) c.swsp  tp, 4(sp)
3 0x0000000080000126 (0x0000c212)
core   0: 0x0000000080000128 (0x0000c416) c.swsp  t0, 8(sp)
3 0x0000000080000128 (0x0000c416)
core   0: 0x000000008000012a (0x0000c61a) c.swsp  t1, 12(sp)
3 0x000000008000012a (0x0000c61a)
core   0: 0x000000008000012c (0x0000c81e) c.swsp  t2, 16(sp)
3 0x000000008000012c (0x0000c81e)
core   0: 0x000000008000012e (0x0000ca22) c.swsp  s0, 20(sp)
3 0x000000008000012e (0x0000ca22)
core   0: 0x0000000080000130 (0x00002097) auipc   ra, 0x2
3 0x0000000080000130 (0x00002097) x 1 0x0000000080002130
core   0: 0x0000000080000134 (0xed408093) addi    ra, ra, -300
3 0x0000000080000134 (0xed408093) x 1 0x0000000080002004
core   0: 0x0000000080000138 (0x00002117) auipc   sp, 0x2
3 0x0000000080000138 (0x00002117) x 2 0x0000000080002138
core   0: 0x000000008000013c (0xf1010113) addi    sp, sp, -240
3 0x000000008000013c (0xf1010113) x 2 0x0000000080002048
core   0: 0x0000000080000140 (0x0000a403) lw      s0, 0(ra)
3 0x0000000080000140 (0x0000a403) x 8 0x0000000000000001
core   0: 0x0000000080000144 (0x00004481) c.li    s1, 0
3 0x0000000080000144 (0x00004481) x 9 0x0000000000000000
core   0: 0x0000000080000146 (0x00004505) c.li    a0, 1
3 0x0000000080000146 (0x00004505) x10 0x0000000000000001
core   0: 0x0000000080000148 (0x000055fd) c.li    a1, -1
3 0x0000000080000148 (0x000055fd) x11 0xffffffffffffffff
core   0: 0x000000008000014a (0x80000637) lui     a2, 0x80000
3 0x000000008000014a (0x80000637) x12 0xffffffff80000000
core   0: 0x000000008000014e (0xfff6061b) addiw   a2, a2, -1
3 0x000000008000014e (0xfff6061b) x12 0x000000007fffffff
core   0: 0x0000000080000152 (0x0010069b) addiw   a3, zero, 1
3 0x0000000080000152 (0x0010069b) x13 0x0000000000000001
core   0: 0x0000000080000156 (0x01f69693) slli    a3, a3, 31
3 0x0000000080000156 (0x01f69693) x13 0x0000000080000000
core   0: 0x000000008000015a (0x000094a2) c.add   s1, s0
3 0x000000008000015a (0x000094a2) x 9 0x0000000000000001
core   0: 0x000000008000015c (0x00009522) c.add   a0, s0
3 0x000000008000015c (0x00009522) x10 0x0000000000000002
core   0: 0x000000008000015e (0x000095a2) c.add   a1, s0
3 0x000000008000015e (0x000095a2) x11 0x0000000000000000
core   0: 0x0000000080000160 (0x00009622) c.add   a2, s0
3 0x0000000080000160 (0x00009622) x12 0x0000000080000000
core   0: 0x0000000080000162 (0x000096a2) c.add   a3, s0
3 0x0000000080000162 (0x000096a2) x13 0x0000000080000001
core   0: 0x0000000080000164 (0x0000c022) c.swsp  s0, 0(sp)
3 0x0000000080000164 (0x0000c022)
core   0: 0x0000000080000166 (0x0000c226) c.swsp  s1, 4(sp)
3 0x0000000080000166 (0x0000c226)
core   0: 0x0000000080000168 (0x0000c42a) c.swsp  a0, 8(sp)
3 0x0000000080000168 (0x0000c42a)
core   0: 0x000000008000016a (0x0000c62e) c.swsp  a1, 12(sp)
3 0x000000008000016a (0x0000c62e)
core   0: 0x000000008000016c (0x0000c832) c.swsp  a2, 16(sp)
3 0x000000008000016c (0x0000c832)
core   0: 0x000000008000016e (0x0000ca36) c.swsp  a3, 20(sp)
3 0x000000008000016e (0x0000ca36)
core   0: 0x0000000080000170 (0x00002097) auipc   ra, 0x2
3 0x0000000080000170 (0x00002097) x 1 0x0000000080002170
core   0: 0x0000000080000174 (0xe9808093) addi    ra, ra, -360
3 0x0000000080000174 (0xe9808093) x 1 0x0000000080002008
core   0: 0x0000000080000178 (0x00002117) auipc   sp, 0x2
3 0x0000000080000178 (0x00002117) x 2 0x0000000080002178
core   0: 0x000000008000017c (0xee810113) addi    sp, sp, -280
3 0x000000008000017c (0xee810113) x 2 0x0000000080002060
core   0: 0x0000000080000180 (0x0000a683) lw      a3, 0(ra)
3 0x0000000080000180 (0x0000a683) x13 0xffffffffffffffff
core   0: 0x0000000080000184 (0x00004701) c.li    a4, 0
3 0x0000000080000184 (0x00004701) x14 0x0000000000000000
core   0: 0x0000000080000186 (0x00004785) c.li    a5, 1
3 0x0000000080000186 (0x00004785) x15 0x0000000000000001
core   0: 0x0000000080000188 (0x0000587d) c.li    a6, -1
3 0x0000000080000188 (0x0000587d) x16 0xffffffffffffffff
core   0: 0x000000008000018a (0x800008b7) lui     a7, 0x80000
3 0x000000008000018a (0x800008b7) x17 0xffffffff80000000
core   0: 0x000000008000018e (0xfff8889b) addiw   a7, a7, -1
3 0x000000008000018e (0xfff8889b) x17 0x000000007fffffff
core   0: 0x0000000080000192 (0x0010091b) addiw   s2, zero, 1
3 0x0000000080000192 (0x0010091b) x18 0x0000000000000001
core   0: 0x0000000080000196 (0x01f91913) slli    s2, s2, 31
3 0x0000000080000196 (0x01f91913) x18 0x0000000080000000
core   0: 0x000000008000019a (0x00009736) c.add   a4, a3
3 0x000000008000019a (0x00009736) x14 0xffffffffffffffff
core   0: 0x000000008000019c (0x000097b6) c.add   a5, a3
3 0x000000008000019c (0x000097b6) x15 0x0000000000000000
core   0: 0x000000008000019e (0x00009836) c.add   a6, a3
3 0x000000008000019e (0x00009836) x16 0xfffffffffffffffe
core   0: 0x00000000800001a0 (0x000098b6) c.add   a7, a3
3 0x00000000800001a0 (0x000098b6) x17 0x000000007ffffffe
core   0: 0x00000000800001a2 (0x00009936) c.add   s2, a3
3 0x00000000800001a2 (0x00009936) x18 0x000000007fffffff
core   0: 0x00000000800001a4 (0x0000c036) c.swsp  a3, 0(sp)
3 0x00000000800001a4 (0x0000c036)
core   0: 0x00000000800001a6 (0x0000c23a) c.swsp  a4, 4(sp)
3 0x00000000800001a6 (0x0000c23a)
core   0: 0x00000000800001a8 (0x0000c43e) c.swsp  a5, 8(sp)
3 0x00000000800001a8 (0x0000c43e)
core   0: 0x00000000800001aa (0x0000c642) c.swsp  a6, 12(sp)
3 0x00000000800001aa (0x0000c642)
core   0: 0x00000000800001ac (0x0000c846) c.swsp  a7, 16(sp)
3 0x00000000800001ac (0x0000c846)
core   0: 0x00000000800001ae (0x0000ca4a) c.swsp  s2, 20(sp)
3 0x00000000800001ae (0x0000ca4a)
core   0: 0x00000000800001b0 (0x00002097) auipc   ra, 0x2
3 0x00000000800001b0 (0x00002097) x 1 0x00000000800021b0
core   0: 0x00000000800001b4 (0xe5c08093) addi    ra, ra, -420
3 0x00000000800001b4 (0xe5c08093) x 1 0x000000008000200c
core   0: 0x00000000800001b8 (0x00002117) auipc   sp, 0x2
3 0x00000000800001b8 (0x00002117) x 2 0x00000000800021b8
core   0: 0x00000000800001bc (0xec010113) addi    sp, sp, -320
3 0x00000000800001bc (0xec010113) x 2 0x0000000080002078
core   0: 0x00000000800001c0 (0x0000a903) lw      s2, 0(ra)
3 0x00000000800001c0 (0x0000a903) x18 0x000000007fffffff
core   0: 0x00000000800001c4 (0x00004981) c.li    s3, 0
3 0x00000000800001c4 (0x00004981) x19 0x0000000000000000
core   0: 0x00000000800001c6 (0x00004a05) c.li    s4, 1
3 0x00000000800001c6 (0x00004a05) x20 0x0000000000000001
core   0: 0x00000000800001c8 (0x00005afd) c.li    s5, -1
3 0x00000000800001c8 (0x00005afd) x21 0xffffffffffffffff
core   0: 0x00000000800001ca (0x80000b37) lui     s6, 0x80000
3 0x00000000800001ca (0x80000b37) x22 0xffffffff80000000
core   0: 0x00000000800001ce (0xfffb0b1b) addiw   s6, s6, -1
3 0x00000000800001ce (0xfffb0b1b) x22 0x000000007fffffff
core   0: 0x00000000800001d2 (0x00100b9b) addiw   s7, zero, 1
3 0x00000000800001d2 (0x00100b9b) x23 0x0000000000000001
core   0: 0x00000000800001d6 (0x01fb9b93) slli    s7, s7, 31
3 0x00000000800001d6 (0x01fb9b93) x23 0x0000000080000000
core   0: 0x00000000800001da (0x000099ca) c.add   s3, s2
3 0x00000000800001da (0x000099ca) x19 0x000000007fffffff
core   0: 0x00000000800001dc (0x00009a4a) c.add   s4, s2
3 0x00000000800001dc (0x00009a4a) x20 0x0000000080000000
core   0: 0x00000000800001de (0x00009aca) c.add   s5, s2
3 0x00000000800001de (0x00009aca) x21 0x000000007ffffffe
core   0: 0x00000000800001e0 (0x00009b4a) c.add   s6, s2
3 0x00000000800001e0 (0x00009b4a) x22 0x00000000fffffffe
core   0: 0x00000000800001e2 (0x00009bca) c.add   s7, s2
3 0x00000000800001e2 (0x00009bca) x23 0x00000000ffffffff
core   0: 0x00000000800001e4 (0x0000c04a) c.swsp  s2, 0(sp)
3 0x00000000800001e4 (0x0000c04a)
core   0: 0x00000000800001e6 (0x0000c24e) c.swsp  s3, 4(sp)
3 0x00000000800001e6 (0x0000c24e)
core   0: 0x00000000800001e8 (0x0000c452) c.swsp  s4, 8(sp)
3 0x00000000800001e8 (0x0000c452)
core   0: 0x00000000800001ea (0x0000c656) c.swsp  s5, 12(sp)
3 0x00000000800001ea (0x0000c656)
core   0: 0x00000000800001ec (0x0000c85a) c.swsp  s6, 16(sp)
3 0x00000000800001ec (0x0000c85a)
core   0: 0x00000000800001ee (0x0000ca5e) c.swsp  s7, 20(sp)
3 0x00000000800001ee (0x0000ca5e)
core   0: 0x00000000800001f0 (0x00002097) auipc   ra, 0x2
3 0x00000000800001f0 (0x00002097) x 1 0x00000000800021f0
core   0: 0x00000000800001f4 (0xe2008093) addi    ra, ra, -480
3 0x00000000800001f4 (0xe2008093) x 1 0x0000000080002010
core   0: 0x00000000800001f8 (0x00002117) auipc   sp, 0x2
3 0x00000000800001f8 (0x00002117) x 2 0x00000000800021f8
core   0: 0x00000000800001fc (0xe9810113) addi    sp, sp, -360
3 0x00000000800001fc (0xe9810113) x 2 0x0000000080002090
core   0: 0x0000000080000200 (0x0000ab83) lw      s7, 0(ra)
3 0x0000000080000200 (0x0000ab83) x23 0xffffffff80000000
core   0: 0x0000000080000204 (0x00004c01) c.li    s8, 0
3 0x0000000080000204 (0x00004c01) x24 0x0000000000000000
core   0: 0x0000000080000206 (0x00004c85) c.li    s9, 1
3 0x0000000080000206 (0x00004c85) x25 0x0000000000000001
core   0: 0x0000000080000208 (0x00005d7d) c.li    s10, -1
3 0x0000000080000208 (0x00005d7d) x26 0xffffffffffffffff
core   0: 0x000000008000020a (0x80000db7) lui     s11, 0x80000
3 0x000000008000020a (0x80000db7) x27 0xffffffff80000000
core   0: 0x000000008000020e (0xfffd8d9b) addiw   s11, s11, -1
3 0x000000008000020e (0xfffd8d9b) x27 0x000000007fffffff
core   0: 0x0000000080000212 (0x00100e1b) addiw   t3, zero, 1
3 0x0000000080000212 (0x00100e1b) x28 0x0000000000000001
core   0: 0x0000000080000216 (0x01fe1e13) slli    t3, t3, 31
3 0x0000000080000216 (0x01fe1e13) x28 0x0000000080000000
core   0: 0x000000008000021a (0x00009c5e) c.add   s8, s7
3 0x000000008000021a (0x00009c5e) x24 0xffffffff80000000
core   0: 0x000000008000021c (0x00009cde) c.add   s9, s7
3 0x000000008000021c (0x00009cde) x25 0xffffffff80000001
core   0: 0x000000008000021e (0x00009d5e) c.add   s10, s7
3 0x000000008000021e (0x00009d5e) x26 0xffffffff7fffffff
core   0: 0x0000000080000220 (0x00009dde) c.add   s11, s7
3 0x0000000080000220 (0x00009dde) x27 0xffffffffffffffff
core   0: 0x0000000080000222 (0x00009e5e) c.add   t3, s7
3 0x0000000080000222 (0x00009e5e) x28 0x0000000000000000
core   0: 0x0000000080000224 (0x0000c05e) c.swsp  s7, 0(sp)
3 0x0000000080000224 (0x0000c05e)
core   0: 0x0000000080000226 (0x0000c262) c.swsp  s8, 4(sp)
3 0x0000000080000226 (0x0000c262)
core   0: 0x0000000080000228 (0x0000c466) c.swsp  s9, 8(sp)
3 0x0000000080000228 (0x0000c466)
core   0: 0x000000008000022a (0x0000c66a) c.swsp  s10, 12(sp)
3 0x000000008000022a (0x0000c66a)
core   0: 0x000000008000022c (0x0000c86e) c.swsp  s11, 16(sp)
3 0x000000008000022c (0x0000c86e)
core   0: 0x000000008000022e (0x0000ca72) c.swsp  t3, 20(sp)
3 0x000000008000022e (0x0000ca72)
core   0: 0x0000000080000230 (0x00002c97) auipc   s9, 0x2
3 0x0000000080000230 (0x00002c97) x25 0x0000000080002230
core   0: 0x0000000080000234 (0xde4c8c93) addi    s9, s9, -540
3 0x0000000080000234 (0xde4c8c93) x25 0x0000000080002014
core   0: 0x0000000080000238 (0x00002d17) auipc   s10, 0x2
3 0x0000000080000238 (0x00002d17) x26 0x0000000080002238
core   0: 0x000000008000023c (0xe70d0d13) addi    s10, s10, -400
3 0x000000008000023c (0xe70d0d13) x26 0x00000000800020a8
core   0: 0x0000000080000240 (0x000cae03) lw      t3, 0(s9)
3 0x0000000080000240 (0x000cae03) x28 0x000000000000abcd
core   0: 0x0000000080000244 (0x00004d85) c.li    s11, 1
3 0x0000000080000244 (0x00004d85) x27 0x0000000000000001
core   0: 0x0000000080000246 (0x01be0eb3) add     t4, t3, s11
3 0x0000000080000246 (0x01be0eb3) x29 0x000000000000abce
core   0: 0x000000008000024a (0x01be8f33) add     t5, t4, s11
3 0x000000008000024a (0x01be8f33) x30 0x000000000000abcf
core   0: 0x000000008000024e (0x01bf0fb3) add     t6, t5, s11
3 0x000000008000024e (0x01bf0fb3) x31 0x000000000000abd0
core   0: 0x0000000080000252 (0x01bf80b3) add     ra, t6, s11
3 0x0000000080000252 (0x01bf80b3) x 1 0x000000000000abd1
core   0: 0x0000000080000256 (0x01b08133) add     sp, ra, s11
3 0x0000000080000256 (0x01b08133) x 2 0x000000000000abd2
core   0: 0x000000008000025a (0x01b101b3) add     gp, sp, s11
3 0x000000008000025a (0x01b101b3) x 3 0x000000000000abd3
core   0: 0x000000008000025e (0x01bd2023) sw      s11, 0(s10)
3 0x000000008000025e (0x01bd2023)
core   0: 0x0000000080000262 (0x01cd2223) sw      t3, 4(s10)
3 0x0000000080000262 (0x01cd2223)
core   0: 0x0000000080000266 (0x01dd2423) sw      t4, 8(s10)
3 0x0000000080000266 (0x01dd2423)
core   0: 0x000000008000026a (0x01ed2623) sw      t5, 12(s10)
3 0x000000008000026a (0x01ed2623)
core   0: 0x000000008000026e (0x01fd2823) sw      t6, 16(s10)
3 0x000000008000026e (0x01fd2823)
core   0: 0x0000000080000272 (0x001d2a23) sw      ra, 20(s10)
3 0x0000000080000272 (0x001d2a23)
core   0: 0x0000000080000276 (0x002d2c23) sw      sp, 24(s10)
3 0x0000000080000276 (0x002d2c23)
core   0: 0x000000008000027a (0x003d2e23) sw      gp, 28(s10)
3 0x000000008000027a (0x003d2e23)
core   0: 0x000000008000027e (0x00002097) auipc   ra, 0x2
3 0x000000008000027e (0x00002097) x 1 0x000000008000227e
core   0: 0x0000000080000282 (0xd9a08093) addi    ra, ra, -614
3 0x0000000080000282 (0xd9a08093) x 1 0x0000000080002018
core   0: 0x0000000080000286 (0x00002117) auipc   sp, 0x2
3 0x0000000080000286 (0x00002117) x 2 0x0000000080002286
core   0: 0x000000008000028a (0xe4210113) addi    sp, sp, -446
3 0x000000008000028a (0xe4210113) x 2 0x00000000800020c8
core   0: 0x000000008000028e (0x0000ae03) lw      t3, 0(ra)
3 0x000000008000028e (0x0000ae03) x28 0x0000000012345678
core   0: 0x0000000080000292 (0x000f8db7) lui     s11, 0xf8
3 0x0000000080000292 (0x000f8db7) x27 0x00000000000f8000
core   0: 0x0000000080000296 (0xff9d8d9b) addiw   s11, s11, -7
3 0x0000000080000296 (0xff9d8d9b) x27 0x00000000000f7ff9
core   0: 0x000000008000029a (0x00cd9d93) slli    s11, s11, 12
3 0x000000008000029a (0x00cd9d93) x27 0x00000000f7ff9000
core   0: 0x000000008000029e (0x818d8d93) addi    s11, s11, -2024
3 0x000000008000029e (0x818d8d93) x27 0x00000000f7ff8818
core   0: 0x00000000800002a2 (0x01be0033) add     zero, t3, s11
3 0x00000000800002a2 (0x01be0033)
core   0: 0x00000000800002a6 (0x0000c002) c.swsp  zero, 0(sp)
3 0x00000000800002a6 (0x0000c002)
core   0: 0x00000000800002a8 (0x00002097) auipc   ra, 0x2
3 0x00000000800002a8 (0x00002097) x 1 0x00000000800022a8
core   0: 0x00000000800002ac (0xd7408093) addi    ra, ra, -652
3 0x00000000800002ac (0xd7408093) x 1 0x000000008000201c
core   0: 0x00000000800002b0 (0x00002117) auipc   sp, 0x2
3 0x00000000800002b0 (0x00002117) x 2 0x00000000800022b0
core   0: 0x00000000800002b4 (0xe1c10113) addi    sp, sp, -484
3 0x00000000800002b4 (0xe1c10113) x 2 0x00000000800020cc
core   0: 0x00000000800002b8 (0x0000ae03) lw      t3, 0(ra)
3 0x00000000800002b8 (0x0000ae03) x28 0xfffffffffedcba98
core   0: 0x00000000800002bc (0x000f8db7) lui     s11, 0xf8
3 0x00000000800002bc (0x000f8db7) x27 0x00000000000f8000
core   0: 0x00000000800002c0 (0xff9d8d9b) addiw   s11, s11, -7
3 0x00000000800002c0 (0xff9d8d9b) x27 0x00000000000f7ff9
core   0: 0x00000000800002c4 (0x00cd9d93) slli    s11, s11, 12
3 0x00000000800002c4 (0x00cd9d93) x27 0x00000000f7ff9000
core   0: 0x00000000800002c8 (0x818d8d93) addi    s11, s11, -2024
3 0x00000000800002c8 (0x818d8d93) x27 0x00000000f7ff8818
core   0: 0x00000000800002cc (0x01be0033) add     zero, t3, s11
3 0x00000000800002cc (0x01be0033)
core   0: 0x00000000800002d0 (0x000002b3) add     t0, zero, zero
3 0x00000000800002d0 (0x000002b3) x 5 0x0000000000000000
core   0: 0x00000000800002d4 (0x0000c002) c.swsp  zero, 0(sp)
3 0x00000000800002d4 (0x0000c002)
core   0: 0x00000000800002d6 (0x0000c216) c.swsp  t0, 4(sp)
3 0x00000000800002d6 (0x0000c216)
core   0: 0x00000000800002d8 (0x00002097) auipc   ra, 0x2
3 0x00000000800002d8 (0x00002097) x 1 0x00000000800022d8
core   0: 0x00000000800002dc (0xd4808093) addi    ra, ra, -696
3 0x00000000800002dc (0xd4808093) x 1 0x0000000080002020
core   0: 0x00000000800002e0 (0x00002117) auipc   sp, 0x2
3 0x00000000800002e0 (0x00002117) x 2 0x00000000800022e0
core   0: 0x00000000800002e4 (0xdf410113) addi    sp, sp, -524
3 0x00000000800002e4 (0xdf410113) x 2 0x00000000800020d4
core   0: 0x00000000800002e8 (0x0000a183) lw      gp, 0(ra)
3 0x00000000800002e8 (0x0000a183) x 3 0x0000000036925814
core   0: 0x00000000800002ec (0x00018233) add     tp, gp, zero
3 0x00000000800002ec (0x00018233) x 4 0x0000000036925814
core   0: 0x00000000800002f0 (0x000202b3) add     t0, tp, zero
3 0x00000000800002f0 (0x000202b3) x 5 0x0000000036925814
core   0: 0x00000000800002f4 (0x00500333) add     t1, zero, t0
3 0x00000000800002f4 (0x00500333) x 6 0x0000000036925814
core   0: 0x00000000800002f8 (0x00030733) add     a4, t1, zero
3 0x00000000800002f8 (0x00030733) x14 0x0000000036925814
core   0: 0x00000000800002fc (0x000707b3) add     a5, a4, zero
3 0x00000000800002fc (0x000707b3) x15 0x0000000036925814
core   0: 0x0000000080000300 (0x00078833) add     a6, a5, zero
3 0x0000000080000300 (0x00078833) x16 0x0000000036925814
core   0: 0x0000000080000304 (0x01000cb3) add     s9, zero, a6
3 0x0000000080000304 (0x01000cb3) x25 0x0000000036925814
core   0: 0x0000000080000308 (0x01900d33) add     s10, zero, s9
3 0x0000000080000308 (0x01900d33) x26 0x0000000036925814
core   0: 0x000000008000030c (0x000d0db3) add     s11, s10, zero
3 0x000000008000030c (0x000d0db3) x27 0x0000000036925814
core   0: 0x0000000080000310 (0x0000c012) c.swsp  tp, 0(sp)
3 0x0000000080000310 (0x0000c012)
core   0: 0x0000000080000312 (0x0000c26a) c.swsp  s10, 4(sp)
3 0x0000000080000312 (0x0000c26a)
core   0: 0x0000000080000314 (0x0000c46e) c.swsp  s11, 8(sp)
3 0x0000000080000314 (0x0000c46e)
core   0: 0x0000000080000316 (0x0ff0000f) fence   iorw,iorw
3 0x0000000080000316 (0x0ff0000f)
core   0: 0x000000008000031a (0x00004185) c.li    gp, 1
3 0x000000008000031a (0x00004185) x 3 0x0000000000000001
core   0: 0x000000008000031c (0x00000073) ecall
3 0x000000008000031c (0x00000073)
