core   0: 0x0000000000010000 (0x00100413) li      s0, 1
3 0x0000000000010000 (0x00100413) x 8 0x0000000000000001
core   0: 0x0000000000010004 (0x01f41413) slli    s0, s0, 31
3 0x0000000000010004 (0x01f41413) x 8 0x0000000080000000
core   0: 0x0000000000010008 (0xf1402573) csrr    a0, mhartid
3 0x0000000000010008 (0xf1402573) x10 0x0000000000000000
core   0: 0x000000000001000c (0x00000597) auipc   a1, 0x0
3 0x000000000001000c (0x00000597) x11 0x000000000001000c
core   0: 0x0000000000010010 (0x07458593) addi    a1, a1, 116
3 0x0000000000010010 (0x07458593) x11 0x0000000000010080
core   0: 0x0000000000010014 (0x00040067) jr      s0
3 0x0000000000010014 (0x00040067)
core   0: 0x0000000080000000 (0x0000a081) c.j     pc + 64
3 0x0000000080000000 (0x0000a081)
core   0: 0x0000000080000040 (0xf1402573) csrr    a0, mhartid
3 0x0000000080000040 (0xf1402573) x10 0x0000000000000000
core   0: 0x0000000080000044 (0x0000e101) c.bnez  a0, pc + 0
3 0x0000000080000044 (0x0000e101)
core   0: 0x0000000080000046 (0x00000297) auipc   t0, 0x0
3 0x0000000080000046 (0x00000297) x 5 0x0000000080000046
core   0: 0x000000008000004a (0x01228293) addi    t0, t0, 18
3 0x000000008000004a (0x01228293) x 5 0x0000000080000058
core   0: 0x000000008000004e (0x30529073) csrw    mtvec, t0
3 0x000000008000004e (0x30529073)
core   0: 0x0000000080000052 (0x18005073) csrwi   satp, 0
3 0x0000000080000052 (0x18005073)
core   0: 0x0000000080000056 (0x00000001) c.nop
3 0x0000000080000056 (0x00000001)
core   0: 0x0000000080000058 (0x00000297) auipc   t0, 0x0
3 0x0000000080000058 (0x00000297) x 5 0x0000000080000058
core   0: 0x000000008000005c (0x01828293) addi    t0, t0, 24
3 0x000000008000005c (0x01828293) x 5 0x0000000080000070
core   0: 0x0000000080000060 (0x30529073) csrw    mtvec, t0
3 0x0000000080000060 (0x30529073)
core   0: 0x0000000080000064 (0x000052fd) c.li    t0, -1
3 0x0000000080000064 (0x000052fd) x 5 0xffffffffffffffff
core   0: 0x0000000080000066 (0x3b029073) csrw    pmpaddr0, t0
3 0x0000000080000066 (0x3b029073)
core   0: 0x000000008000006a (0x000042fd) c.li    t0, 31
3 0x000000008000006a (0x000042fd) x 5 0x000000000000001f
core   0: 0x000000008000006c (0x3a029073) csrw    pmpcfg0, t0
3 0x000000008000006c (0x3a029073)
core   0: 0x0000000080000070 (0x00000297) auipc   t0, 0x0
3 0x0000000080000070 (0x00000297) x 5 0x0000000080000070
core   0: 0x0000000080000074 (0x01828293) addi    t0, t0, 24
3 0x0000000080000074 (0x01828293) x 5 0x0000000080000088
core   0: 0x0000000080000078 (0x30529073) csrw    mtvec, t0
3 0x0000000080000078 (0x30529073)
core   0: 0x000000008000007c (0x30205073) csrwi   medeleg, 0
3 0x000000008000007c (0x30205073)
core   0: 0x0000000080000080 (0x30305073) csrwi   mideleg, 0
3 0x0000000080000080 (0x30305073)
core   0: 0x0000000080000084 (0x30405073) csrwi   mie, 0
3 0x0000000080000084 (0x30405073)
core   0: 0x0000000080000088 (0x00004181) c.li    gp, 0
3 0x0000000080000088 (0x00004181) x 3 0x0000000000000000
core   0: 0x000000008000008a (0x00000297) auipc   t0, 0x0
3 0x000000008000008a (0x00000297) x 5 0x000000008000008a
core   0: 0x000000008000008e (0xf7a28293) addi    t0, t0, -134
3 0x000000008000008e (0xf7a28293) x 5 0x0000000080000004
core   0: 0x0000000080000092 (0x30529073) csrw    mtvec, t0
3 0x0000000080000092 (0x30529073)
core   0: 0x0000000080000096 (0x00004505) c.li    a0, 1
3 0x0000000080000096 (0x00004505) x10 0x0000000000000001
core   0: 0x0000000080000098 (0x0000057e) c.slli  a0, 31
3 0x0000000080000098 (0x0000057e) x10 0x0000000080000000
core   0: 0x000000008000009a (0x00055763) bgez    a0, pc + 14
3 0x000000008000009a (0x00055763)
core   0: 0x00000000800000a8 (0x80000297) auipc   t0, 0x80000
3 0x00000000800000a8 (0x80000297) x 5 0x00000000000000a8
core   0: 0x00000000800000ac (0xf5828293) addi    t0, t0, -168
3 0x00000000800000ac (0xf5828293) x 5 0x0000000000000000
core   0: 0x00000000800000b0 (0x00028e63) beqz    t0, pc + 28
3 0x00000000800000b0 (0x00028e63)
core   0: 0x00000000800000cc (0x30005073) csrwi   mstatus, 0
3 0x00000000800000cc (0x30005073)
core   0: 0x00000000800000d0 (0x00002537) lui     a0, 0x2
3 0x00000000800000d0 (0x00002537) x10 0x0000000000002000
core   0: 0x00000000800000d4 (0x8005051b) addiw   a0, a0, -2048
3 0x00000000800000d4 (0x8005051b) x10 0x0000000000001800
core   0: 0x00000000800000d8 (0x30052073) csrs    mstatus, a0
3 0x00000000800000d8 (0x30052073)
core   0: 0x00000000800000dc (0x00000297) auipc   t0, 0x0
3 0x00000000800000dc (0x00000297) x 5 0x00000000800000dc
core   0: 0x00000000800000e0 (0x01428293) addi    t0, t0, 20
3 0x00000000800000e0 (0x01428293) x 5 0x00000000800000f0
core   0: 0x00000000800000e4 (0x34129073) csrw    mepc, t0
3 0x00000000800000e4 (0x34129073)
core   0: 0x00000000800000e8 (0xf1402573) csrr    a0, mhartid
3 0x00000000800000e8 (0xf1402573) x10 0x0000000000000000
core   0: 0x00000000800000ec (0x30200073) mret
3 0x00000000800000ec (0x30200073)
core   0: 0x00000000800000f0 (0x00002297) auipc   t0, 0x2
3 0x00000000800000f0 (0x00002297) x 5 0x00000000800020f0
core   0: 0x00000000800000f4 (0xf1028293) addi    t0, t0, -240
3 0x00000000800000f4 (0xf1028293) x 5 0x0000000080002000
core   0: 0x00000000800000f8 (0x0000d037) lui     zero, 0xd
3 0x00000000800000f8 (0x0000d037)
core   0: 0x00000000800000fc (0xccc0001b) addiw   zero, zero, -820
3 0x00000000800000fc (0xccc0001b)
core   0: 0x0000000080000100 (0x00c00fef) jal     t6, pc + 0xc
3 0x0000000080000100 (0x00c00fef) x31 0x0000000080000104
core   0: 0x000000008000010c (0x0002a023) sw      zero, 0(t0)
3 0x000000008000010c (0x0002a023)
core   0: 0x0000000080000110 (0x0000d0b7) lui     ra, 0xd
3 0x0000000080000110 (0x0000d0b7) x 1 0x000000000000d000
core   0: 0x0000000080000114 (0xccc0809b) addiw   ra, ra, -820
3 0x0000000080000114 (0xccc0809b) x 1 0x000000000000cccc
core   0: 0x0000000080000118 (0x00c00f6f) jal     t5, pc + 0xc
3 0x0000000080000118 (0x00c00f6f) x30 0x000000008000011c
core   0: 0x0000000080000124 (0x0012a223) sw      ra, 4(t0)
3 0x0000000080000124 (0x0012a223)
core   0: 0x0000000080000128 (0x0080006f) j       pc + 0x8
3 0x0000000080000128 (0x0080006f)
core   0: 0x0000000080000130 (0x0000d137) lui     sp, 0xd
3 0x0000000080000130 (0x0000d137) x 2 0x000000000000d000
core   0: 0x0000000080000134 (0xccc1011b) addiw   sp, sp, -820
3 0x0000000080000134 (0xccc1011b) x 2 0x000000000000cccc
core   0: 0x0000000080000138 (0xff5ffeef) jal     t4, pc - 0xc
3 0x0000000080000138 (0xff5ffeef) x29 0x000000008000013c
core   0: 0x000000008000012c (0x0180006f) j       pc + 0x18
3 0x000000008000012c (0x0180006f)
core   0: 0x0000000080000144 (0x0022a423) sw      sp, 8(t0)
3 0x0000000080000144 (0x0022a423)
core   0: 0x0000000080000148 (0x0000d1b7) lui     gp, 0xd
3 0x0000000080000148 (0x0000d1b7) x 3 0x000000000000d000
core   0: 0x000000008000014c (0xccc1819b) addiw   gp, gp, -820
3 0x000000008000014c (0xccc1819b) x 3 0x000000000000cccc
core   0: 0x0000000080000150 (0x00c00e6f) jal     t3, pc + 0xc
3 0x0000000080000150 (0x00c00e6f) x28 0x0000000080000154
core   0: 0x000000008000015c (0x0032a623) sw      gp, 12(t0)
3 0x000000008000015c (0x0032a623)
core   0: 0x0000000080000160 (0x0000d237) lui     tp, 0xd
3 0x0000000080000160 (0x0000d237) x 4 0x000000000000d000
core   0: 0x0000000080000164 (0xccc2021b) addiw   tp, tp, -820
3 0x0000000080000164 (0xccc2021b) x 4 0x000000000000cccc
core   0: 0x0000000080000168 (0x00c00def) jal     s11, pc + 0xc
3 0x0000000080000168 (0x00c00def) x27 0x000000008000016c
core   0: 0x0000000080000174 (0x0042a823) sw      tp, 16(t0)
3 0x0000000080000174 (0x0042a823)
core   0: 0x0000000080000178 (0x00002097) auipc   ra, 0x2
3 0x0000000080000178 (0x00002097) x 1 0x0000000080002178
core   0: 0x000000008000017c (0xe9c08093) addi    ra, ra, -356
3 0x000000008000017c (0xe9c08093) x 1 0x0000000080002014
core   0: 0x0000000080000180 (0x0000d2b7) lui     t0, 0xd
3 0x0000000080000180 (0x0000d2b7) x 5 0x000000000000d000
core   0: 0x0000000080000184 (0xccc2829b) addiw   t0, t0, -820
3 0x0000000080000184 (0xccc2829b) x 5 0x000000000000cccc
core   0: 0x0000000080000188 (0x00c00d6f) jal     s10, pc + 0xc
3 0x0000000080000188 (0x00c00d6f) x26 0x000000008000018c
core   0: 0x0000000080000194 (0x0050a023) sw      t0, 0(ra)
3 0x0000000080000194 (0x0050a023)
core   0: 0x0000000080000198 (0x0000d337) lui     t1, 0xd
3 0x0000000080000198 (0x0000d337) x 6 0x000000000000d000
core   0: 0x000000008000019c (0xccc3031b) addiw   t1, t1, -820
3 0x000000008000019c (0xccc3031b) x 6 0x000000000000cccc
core   0: 0x00000000800001a0 (0x00c00cef) jal     s9, pc + 0xc
3 0x00000000800001a0 (0x00c00cef) x25 0x00000000800001a4
core   0: 0x00000000800001ac (0x0060a223) sw      t1, 4(ra)
3 0x00000000800001ac (0x0060a223)
core   0: 0x00000000800001b0 (0x0080006f) j       pc + 0x8
3 0x00000000800001b0 (0x0080006f)
core   0: 0x00000000800001b8 (0x0000d3b7) lui     t2, 0xd
3 0x00000000800001b8 (0x0000d3b7) x 7 0x000000000000d000
core   0: 0x00000000800001bc (0xccc3839b) addiw   t2, t2, -820
3 0x00000000800001bc (0xccc3839b) x 7 0x000000000000cccc
core   0: 0x00000000800001c0 (0xff5ffc6f) jal     s8, pc - 0xc
3 0x00000000800001c0 (0xff5ffc6f) x24 0x00000000800001c4
core   0: 0x00000000800001b4 (0x0180006f) j       pc + 0x18
3 0x00000000800001b4 (0x0180006f)
core   0: 0x00000000800001cc (0x0070a423) sw      t2, 8(ra)
3 0x00000000800001cc (0x0070a423)
core   0: 0x00000000800001d0 (0x0000d437) lui     s0, 0xd
3 0x00000000800001d0 (0x0000d437) x 8 0x000000000000d000
core   0: 0x00000000800001d4 (0xccc4041b) addiw   s0, s0, -820
3 0x00000000800001d4 (0xccc4041b) x 8 0x000000000000cccc
core   0: 0x00000000800001d8 (0x00c00bef) jal     s7, pc + 0xc
3 0x00000000800001d8 (0x00c00bef) x23 0x00000000800001dc
core   0: 0x00000000800001e4 (0x0080a623) sw      s0, 12(ra)
3 0x00000000800001e4 (0x0080a623)
core   0: 0x00000000800001e8 (0x0000d4b7) lui     s1, 0xd
3 0x00000000800001e8 (0x0000d4b7) x 9 0x000000000000d000
core   0: 0x00000000800001ec (0xccc4849b) addiw   s1, s1, -820
3 0x00000000800001ec (0xccc4849b) x 9 0x000000000000cccc
core   0: 0x00000000800001f0 (0x00c00b6f) jal     s6, pc + 0xc
3 0x00000000800001f0 (0x00c00b6f) x22 0x00000000800001f4
core   0: 0x00000000800001fc (0x0090a823) sw      s1, 16(ra)
3 0x00000000800001fc (0x0090a823)
core   0: 0x0000000080000200 (0x00002097) auipc   ra, 0x2
3 0x0000000080000200 (0x00002097) x 1 0x0000000080002200
core   0: 0x0000000080000204 (0xe2808093) addi    ra, ra, -472
3 0x0000000080000204 (0xe2808093) x 1 0x0000000080002028
core   0: 0x0000000080000208 (0x0000d537) lui     a0, 0xd
3 0x0000000080000208 (0x0000d537) x10 0x000000000000d000
core   0: 0x000000008000020c (0xccc5051b) addiw   a0, a0, -820
3 0x000000008000020c (0xccc5051b) x10 0x000000000000cccc
core   0: 0x0000000080000210 (0x00c00aef) jal     s5, pc + 0xc
3 0x0000000080000210 (0x00c00aef) x21 0x0000000080000214
core   0: 0x000000008000021c (0x00a0a023) sw      a0, 0(ra)
3 0x000000008000021c (0x00a0a023)
core   0: 0x0000000080000220 (0x0000d5b7) lui     a1, 0xd
3 0x0000000080000220 (0x0000d5b7) x11 0x000000000000d000
core   0: 0x0000000080000224 (0xccc5859b) addiw   a1, a1, -820
3 0x0000000080000224 (0xccc5859b) x11 0x000000000000cccc
core   0: 0x0000000080000228 (0x00c00a6f) jal     s4, pc + 0xc
3 0x0000000080000228 (0x00c00a6f) x20 0x000000008000022c
core   0: 0x0000000080000234 (0x00b0a223) sw      a1, 4(ra)
3 0x0000000080000234 (0x00b0a223)
core   0: 0x0000000080000238 (0x0080006f) j       pc + 0x8
3 0x0000000080000238 (0x0080006f)
core   0: 0x0000000080000240 (0x0000d637) lui     a2, 0xd
3 0x0000000080000240 (0x0000d637) x12 0x000000000000d000
core   0: 0x0000000080000244 (0xccc6061b) addiw   a2, a2, -820
3 0x0000000080000244 (0xccc6061b) x12 0x000000000000cccc
core   0: 0x0000000080000248 (0xff5ff9ef) jal     s3, pc - 0xc
3 0x0000000080000248 (0xff5ff9ef) x19 0x000000008000024c
core   0: 0x000000008000023c (0x0180006f) j       pc + 0x18
3 0x000000008000023c (0x0180006f)
core   0: 0x0000000080000254 (0x00c0a423) sw      a2, 8(ra)
3 0x0000000080000254 (0x00c0a423)
core   0: 0x0000000080000258 (0x0000d6b7) lui     a3, 0xd
3 0x0000000080000258 (0x0000d6b7) x13 0x000000000000d000
core   0: 0x000000008000025c (0xccc6869b) addiw   a3, a3, -820
3 0x000000008000025c (0xccc6869b) x13 0x000000000000cccc
core   0: 0x0000000080000260 (0x00c0096f) jal     s2, pc + 0xc
3 0x0000000080000260 (0x00c0096f) x18 0x0000000080000264
core   0: 0x000000008000026c (0x00d0a623) sw      a3, 12(ra)
3 0x000000008000026c (0x00d0a623)
core   0: 0x0000000080000270 (0x0000d737) lui     a4, 0xd
3 0x0000000080000270 (0x0000d737) x14 0x000000000000d000
core   0: 0x0000000080000274 (0xccc7071b) addiw   a4, a4, -820
3 0x0000000080000274 (0xccc7071b) x14 0x000000000000cccc
core   0: 0x0000000080000278 (0x00c008ef) jal     a7, pc + 0xc
3 0x0000000080000278 (0x00c008ef) x17 0x000000008000027c
core   0: 0x0000000080000284 (0x00e0a823) sw      a4, 16(ra)
3 0x0000000080000284 (0x00e0a823)
core   0: 0x0000000080000288 (0x00002117) auipc   sp, 0x2
3 0x0000000080000288 (0x00002117) x 2 0x0000000080002288
core   0: 0x000000008000028c (0xdb410113) addi    sp, sp, -588
3 0x000000008000028c (0xdb410113) x 2 0x000000008000203c
core   0: 0x0000000080000290 (0x0000d7b7) lui     a5, 0xd
3 0x0000000080000290 (0x0000d7b7) x15 0x000000000000d000
core   0: 0x0000000080000294 (0xccc7879b) addiw   a5, a5, -820
3 0x0000000080000294 (0xccc7879b) x15 0x000000000000cccc
core   0: 0x0000000080000298 (0x00c0086f) jal     a6, pc + 0xc
3 0x0000000080000298 (0x00c0086f) x16 0x000000008000029c
core   0: 0x00000000800002a4 (0x0000c03e) c.swsp  a5, 0(sp)
3 0x00000000800002a4 (0x0000c03e)
core   0: 0x00000000800002a6 (0x0000d837) lui     a6, 0xd
3 0x00000000800002a6 (0x0000d837) x16 0x000000000000d000
core   0: 0x00000000800002aa (0xccc8081b) addiw   a6, a6, -820
3 0x00000000800002aa (0xccc8081b) x16 0x000000000000cccc
core   0: 0x00000000800002ae (0x00c007ef) jal     a5, pc + 0xc
3 0x00000000800002ae (0x00c007ef) x15 0x00000000800002b2
core   0: 0x00000000800002ba (0x0000c242) c.swsp  a6, 4(sp)
3 0x00000000800002ba (0x0000c242)
core   0: 0x00000000800002bc (0x0080006f) j       pc + 0x8
3 0x00000000800002bc (0x0080006f)
core   0: 0x00000000800002c4 (0x0000d8b7) lui     a7, 0xd
3 0x00000000800002c4 (0x0000d8b7) x17 0x000000000000d000
core   0: 0x00000000800002c8 (0xccc8889b) addiw   a7, a7, -820
3 0x00000000800002c8 (0xccc8889b) x17 0x000000000000cccc
core   0: 0x00000000800002cc (0xff5ff76f) jal     a4, pc - 0xc
3 0x00000000800002cc (0xff5ff76f) x14 0x00000000800002d0
core   0: 0x00000000800002c0 (0x0180006f) j       pc + 0x18
3 0x00000000800002c0 (0x0180006f)
core   0: 0x00000000800002d8 (0x0000c446) c.swsp  a7, 8(sp)
3 0x00000000800002d8 (0x0000c446)
core   0: 0x00000000800002da (0x0000d937) lui     s2, 0xd
3 0x00000000800002da (0x0000d937) x18 0x000000000000d000
core   0: 0x00000000800002de (0xccc9091b) addiw   s2, s2, -820
3 0x00000000800002de (0xccc9091b) x18 0x000000000000cccc
core   0: 0x00000000800002e2 (0x00c006ef) jal     a3, pc + 0xc
3 0x00000000800002e2 (0x00c006ef) x13 0x00000000800002e6
core   0: 0x00000000800002ee (0x0000c64a) c.swsp  s2, 12(sp)
3 0x00000000800002ee (0x0000c64a)
core   0: 0x00000000800002f0 (0x0000d9b7) lui     s3, 0xd
3 0x00000000800002f0 (0x0000d9b7) x19 0x000000000000d000
core   0: 0x00000000800002f4 (0xccc9899b) addiw   s3, s3, -820
3 0x00000000800002f4 (0xccc9899b) x19 0x000000000000cccc
core   0: 0x00000000800002f8 (0x00c0066f) jal     a2, pc + 0xc
3 0x00000000800002f8 (0x00c0066f) x12 0x00000000800002fc
core   0: 0x0000000080000304 (0x0000c84e) c.swsp  s3, 16(sp)
3 0x0000000080000304 (0x0000c84e)
core   0: 0x0000000080000306 (0x00002097) auipc   ra, 0x2
3 0x0000000080000306 (0x00002097) x 1 0x0000000080002306
core   0: 0x000000008000030a (0xd4a08093) addi    ra, ra, -694
3 0x000000008000030a (0xd4a08093) x 1 0x0000000080002050
core   0: 0x000000008000030e (0x0000da37) lui     s4, 0xd
3 0x000000008000030e (0x0000da37) x20 0x000000000000d000
core   0: 0x0000000080000312 (0xccca0a1b) addiw   s4, s4, -820
3 0x0000000080000312 (0xccca0a1b) x20 0x000000000000cccc
core   0: 0x0000000080000316 (0x00c005ef) jal     a1, pc + 0xc
3 0x0000000080000316 (0x00c005ef) x11 0x000000008000031a
core   0: 0x0000000080000322 (0x0140a023) sw      s4, 0(ra)
3 0x0000000080000322 (0x0140a023)
core   0: 0x0000000080000326 (0x0000dab7) lui     s5, 0xd
3 0x0000000080000326 (0x0000dab7) x21 0x000000000000d000
core   0: 0x000000008000032a (0xccca8a9b) addiw   s5, s5, -820
3 0x000000008000032a (0xccca8a9b) x21 0x000000000000cccc
core   0: 0x000000008000032e (0x00c0056f) jal     a0, pc + 0xc
3 0x000000008000032e (0x00c0056f) x10 0x0000000080000332
core   0: 0x000000008000033a (0x0150a223) sw      s5, 4(ra)
3 0x000000008000033a (0x0150a223)
core   0: 0x000000008000033e (0x0080006f) j       pc + 0x8
3 0x000000008000033e (0x0080006f)
core   0: 0x0000000080000346 (0x0000db37) lui     s6, 0xd
3 0x0000000080000346 (0x0000db37) x22 0x000000000000d000
core   0: 0x000000008000034a (0xcccb0b1b) addiw   s6, s6, -820
3 0x000000008000034a (0xcccb0b1b) x22 0x000000000000cccc
core   0: 0x000000008000034e (0xff5ff4ef) jal     s1, pc - 0xc
3 0x000000008000034e (0xff5ff4ef) x 9 0x0000000080000352
core   0: 0x0000000080000342 (0x0180006f) j       pc + 0x18
3 0x0000000080000342 (0x0180006f)
core   0: 0x000000008000035a (0x0160a423) sw      s6, 8(ra)
3 0x000000008000035a (0x0160a423)
core   0: 0x000000008000035e (0x0000dbb7) lui     s7, 0xd
3 0x000000008000035e (0x0000dbb7) x23 0x000000000000d000
core   0: 0x0000000080000362 (0xcccb8b9b) addiw   s7, s7, -820
3 0x0000000080000362 (0xcccb8b9b) x23 0x000000000000cccc
core   0: 0x0000000080000366 (0x00c0046f) jal     s0, pc + 0xc
3 0x0000000080000366 (0x00c0046f) x 8 0x000000008000036a
core   0: 0x0000000080000372 (0x0170a623) sw      s7, 12(ra)
3 0x0000000080000372 (0x0170a623)
core   0: 0x0000000080000376 (0x0000dc37) lui     s8, 0xd
3 0x0000000080000376 (0x0000dc37) x24 0x000000000000d000
core   0: 0x000000008000037a (0xcccc0c1b) addiw   s8, s8, -820
3 0x000000008000037a (0xcccc0c1b) x24 0x000000000000cccc
core   0: 0x000000008000037e (0x00c003ef) jal     t2, pc + 0xc
3 0x000000008000037e (0x00c003ef) x 7 0x0000000080000382
core   0: 0x000000008000038a (0x0180a823) sw      s8, 16(ra)
3 0x000000008000038a (0x0180a823)
core   0: 0x000000008000038e (0x00002097) auipc   ra, 0x2
3 0x000000008000038e (0x00002097) x 1 0x000000008000238e
core   0: 0x0000000080000392 (0xcd608093) addi    ra, ra, -810
3 0x0000000080000392 (0xcd608093) x 1 0x0000000080002064
core   0: 0x0000000080000396 (0x0000dcb7) lui     s9, 0xd
3 0x0000000080000396 (0x0000dcb7) x25 0x000000000000d000
core   0: 0x000000008000039a (0xcccc8c9b) addiw   s9, s9, -820
3 0x000000008000039a (0xcccc8c9b) x25 0x000000000000cccc
core   0: 0x000000008000039e (0x00c0036f) jal     t1, pc + 0xc
3 0x000000008000039e (0x00c0036f) x 6 0x00000000800003a2
core   0: 0x00000000800003aa (0x0190a023) sw      s9, 0(ra)
3 0x00000000800003aa (0x0190a023)
core   0: 0x00000000800003ae (0x0000dd37) lui     s10, 0xd
3 0x00000000800003ae (0x0000dd37) x26 0x000000000000d000
core   0: 0x00000000800003b2 (0xcccd0d1b) addiw   s10, s10, -820
3 0x00000000800003b2 (0xcccd0d1b) x26 0x000000000000cccc
core   0: 0x00000000800003b6 (0x00c002ef) jal     t0, pc + 0xc
3 0x00000000800003b6 (0x00c002ef) x 5 0x00000000800003ba
core   0: 0x00000000800003c2 (0x01a0a223) sw      s10, 4(ra)
3 0x00000000800003c2 (0x01a0a223)
core   0: 0x00000000800003c6 (0x0080006f) j       pc + 0x8
3 0x00000000800003c6 (0x0080006f)
core   0: 0x00000000800003ce (0x0000ddb7) lui     s11, 0xd
3 0x00000000800003ce (0x0000ddb7) x27 0x000000000000d000
core   0: 0x00000000800003d2 (0xcccd8d9b) addiw   s11, s11, -820
3 0x00000000800003d2 (0xcccd8d9b) x27 0x000000000000cccc
core   0: 0x00000000800003d6 (0xff5ff26f) jal     tp, pc - 0xc
3 0x00000000800003d6 (0xff5ff26f) x 4 0x00000000800003da
core   0: 0x00000000800003ca (0x0180006f) j       pc + 0x18
3 0x00000000800003ca (0x0180006f)
core   0: 0x00000000800003e2 (0x01b0a423) sw      s11, 8(ra)
3 0x00000000800003e2 (0x01b0a423)
core   0: 0x00000000800003e6 (0x0000de37) lui     t3, 0xd
3 0x00000000800003e6 (0x0000de37) x28 0x000000000000d000
core   0: 0x00000000800003ea (0xccce0e1b) addiw   t3, t3, -820
3 0x00000000800003ea (0xccce0e1b) x28 0x000000000000cccc
core   0: 0x00000000800003ee (0x00c001ef) jal     gp, pc + 0xc
3 0x00000000800003ee (0x00c001ef) x 3 0x00000000800003f2
core   0: 0x00000000800003fa (0x01c0a623) sw      t3, 12(ra)
3 0x00000000800003fa (0x01c0a623)
core   0: 0x00000000800003fe (0x0000deb7) lui     t4, 0xd
3 0x00000000800003fe (0x0000deb7) x29 0x000000000000d000
core   0: 0x0000000080000402 (0xccce8e9b) addiw   t4, t4, -820
3 0x0000000080000402 (0xccce8e9b) x29 0x000000000000cccc
core   0: 0x0000000080000406 (0x00c0016f) jal     sp, pc + 0xc
3 0x0000000080000406 (0x00c0016f) x 2 0x000000008000040a
core   0: 0x0000000080000412 (0x01d0a823) sw      t4, 16(ra)
3 0x0000000080000412 (0x01d0a823)
core   0: 0x0000000080000416 (0x00002117) auipc   sp, 0x2
3 0x0000000080000416 (0x00002117) x 2 0x0000000080002416
core   0: 0x000000008000041a (0xc6210113) addi    sp, sp, -926
3 0x000000008000041a (0xc6210113) x 2 0x0000000080002078
core   0: 0x000000008000041e (0x0000df37) lui     t5, 0xd
3 0x000000008000041e (0x0000df37) x30 0x000000000000d000
core   0: 0x0000000080000422 (0xcccf0f1b) addiw   t5, t5, -820
3 0x0000000080000422 (0xcccf0f1b) x30 0x000000000000cccc
core   0: 0x0000000080000426 (0x00c000ef) jal     pc + 0xc
3 0x0000000080000426 (0x00c000ef) x 1 0x000000008000042a
core   0: 0x0000000080000432 (0x0000c07a) c.swsp  t5, 0(sp)
3 0x0000000080000432 (0x0000c07a)
core   0: 0x0000000080000434 (0x0000dfb7) lui     t6, 0xd
3 0x0000000080000434 (0x0000dfb7) x31 0x000000000000d000
core   0: 0x0000000080000438 (0xcccf8f9b) addiw   t6, t6, -820
3 0x0000000080000438 (0xcccf8f9b) x31 0x000000000000cccc
core   0: 0x000000008000043c (0x00c0006f) j       pc + 0xc
3 0x000000008000043c (0x00c0006f)
core   0: 0x0000000080000448 (0x0000c27e) c.swsp  t6, 4(sp)
3 0x0000000080000448 (0x0000c27e)
core   0: 0x000000008000044a (0x0ff0000f) fence   iorw,iorw
3 0x000000008000044a (0x0ff0000f)
core   0: 0x000000008000044e (0x00004185) c.li    gp, 1
3 0x000000008000044e (0x00004185) x 3 0x0000000000000001
core   0: 0x0000000080000450 (0x00000073) ecall
3 0x0000000080000450 (0x00000073)
