core   0: 0x0000000000010000 (0x00100413) li      s0, 1
3 0x0000000000010000 (0x00100413) x 8 0x0000000000000001
core   0: 0x0000000000010004 (0x01f41413) slli    s0, s0, 31
3 0x0000000000010004 (0x01f41413) x 8 0x0000000080000000
core   0: 0x0000000000010008 (0xf1402573) csrr    a0, mhartid
3 0x0000000000010008 (0xf1402573) x10 0x0000000000000000
core   0: 0x000000000001000c (0x00000597) auipc   a1, 0x0
3 0x000000000001000c (0x00000597) x11 0x000000000001000c
core   0: 0x0000000000010010 (0x07458593) addi    a1, a1, 116
3 0x0000000000010010 (0x07458593) x11 0x0000000000010080
core   0: 0x0000000000010014 (0x00040067) jr      s0
3 0x0000000000010014 (0x00040067)
core   0: 0x0000000080000000 (0x0000a081) c.j     pc + 64
3 0x0000000080000000 (0x0000a081)
core   0: 0x0000000080000040 (0xf1402573) csrr    a0, mhartid
3 0x0000000080000040 (0xf1402573) x10 0x0000000000000000
core   0: 0x0000000080000044 (0x0000e101) c.bnez  a0, pc + 0
3 0x0000000080000044 (0x0000e101)
core   0: 0x0000000080000046 (0x00000297) auipc   t0, 0x0
3 0x0000000080000046 (0x00000297) x 5 0x0000000080000046
core   0: 0x000000008000004a (0x01228293) addi    t0, t0, 18
3 0x000000008000004a (0x01228293) x 5 0x0000000080000058
core   0: 0x000000008000004e (0x30529073) csrw    mtvec, t0
3 0x000000008000004e (0x30529073)
core   0: 0x0000000080000052 (0x18005073) csrwi   satp, 0
3 0x0000000080000052 (0x18005073)
core   0: 0x0000000080000056 (0x00000001) c.nop
3 0x0000000080000056 (0x00000001)
core   0: 0x0000000080000058 (0x00000297) auipc   t0, 0x0
3 0x0000000080000058 (0x00000297) x 5 0x0000000080000058
core   0: 0x000000008000005c (0x01828293) addi    t0, t0, 24
3 0x000000008000005c (0x01828293) x 5 0x0000000080000070
core   0: 0x0000000080000060 (0x30529073) csrw    mtvec, t0
3 0x0000000080000060 (0x30529073)
core   0: 0x0000000080000064 (0x000052fd) c.li    t0, -1
3 0x0000000080000064 (0x000052fd) x 5 0xffffffffffffffff
core   0: 0x0000000080000066 (0x3b029073) csrw    pmpaddr0, t0
3 0x0000000080000066 (0x3b029073)
core   0: 0x000000008000006a (0x000042fd) c.li    t0, 31
3 0x000000008000006a (0x000042fd) x 5 0x000000000000001f
core   0: 0x000000008000006c (0x3a029073) csrw    pmpcfg0, t0
3 0x000000008000006c (0x3a029073)
core   0: 0x0000000080000070 (0x00000297) auipc   t0, 0x0
3 0x0000000080000070 (0x00000297) x 5 0x0000000080000070
core   0: 0x0000000080000074 (0x01828293) addi    t0, t0, 24
3 0x0000000080000074 (0x01828293) x 5 0x0000000080000088
core   0: 0x0000000080000078 (0x30529073) csrw    mtvec, t0
3 0x0000000080000078 (0x30529073)
core   0: 0x000000008000007c (0x30205073) csrwi   medeleg, 0
3 0x000000008000007c (0x30205073)
core   0: 0x0000000080000080 (0x30305073) csrwi   mideleg, 0
3 0x0000000080000080 (0x30305073)
core   0: 0x0000000080000084 (0x30405073) csrwi   mie, 0
3 0x0000000080000084 (0x30405073)
core   0: 0x0000000080000088 (0x00004181) c.li    gp, 0
3 0x0000000080000088 (0x00004181) x 3 0x0000000000000000
core   0: 0x000000008000008a (0x00000297) auipc   t0, 0x0
3 0x000000008000008a (0x00000297) x 5 0x000000008000008a
core   0: 0x000000008000008e (0xf7a28293) addi    t0, t0, -134
3 0x000000008000008e (0xf7a28293) x 5 0x0000000080000004
core   0: 0x0000000080000092 (0x30529073) csrw    mtvec, t0
3 0x0000000080000092 (0x30529073)
core   0: 0x0000000080000096 (0x00004505) c.li    a0, 1
3 0x0000000080000096 (0x00004505) x10 0x0000000000000001
core   0: 0x0000000080000098 (0x0000057e) c.slli  a0, 31
3 0x0000000080000098 (0x0000057e) x10 0x0000000080000000
core   0: 0x000000008000009a (0x00055763) bgez    a0, pc + 14
3 0x000000008000009a (0x00055763)
core   0: 0x00000000800000a8 (0x80000297) auipc   t0, 0x80000
3 0x00000000800000a8 (0x80000297) x 5 0x00000000000000a8
core   0: 0x00000000800000ac (0xf5828293) addi    t0, t0, -168
3 0x00000000800000ac (0xf5828293) x 5 0x0000000000000000
core   0: 0x00000000800000b0 (0x00028e63) beqz    t0, pc + 28
3 0x00000000800000b0 (0x00028e63)
core   0: 0x00000000800000cc (0x30005073) csrwi   mstatus, 0
3 0x00000000800000cc (0x30005073)
core   0: 0x00000000800000d0 (0x00002537) lui     a0, 0x2
3 0x00000000800000d0 (0x00002537) x10 0x0000000000002000
core   0: 0x00000000800000d4 (0x8005051b) addiw   a0, a0, -2048
3 0x00000000800000d4 (0x8005051b) x10 0x0000000000001800
core   0: 0x00000000800000d8 (0x30052073) csrs    mstatus, a0
3 0x00000000800000d8 (0x30052073)
core   0: 0x00000000800000dc (0x00000297) auipc   t0, 0x0
3 0x00000000800000dc (0x00000297) x 5 0x00000000800000dc
core   0: 0x00000000800000e0 (0x01428293) addi    t0, t0, 20
3 0x00000000800000e0 (0x01428293) x 5 0x00000000800000f0
core   0: 0x00000000800000e4 (0x34129073) csrw    mepc, t0
3 0x00000000800000e4 (0x34129073)
core   0: 0x00000000800000e8 (0xf1402573) csrr    a0, mhartid
3 0x00000000800000e8 (0xf1402573) x10 0x0000000000000000
core   0: 0x00000000800000ec (0x30200073) mret
3 0x00000000800000ec (0x30200073)
core   0: 0x00000000800000f0 (0x00002297) auipc   t0, 0x2
3 0x00000000800000f0 (0x00002297) x 5 0x00000000800020f0
core   0: 0x00000000800000f4 (0xf4028293) addi    t0, t0, -192
3 0x00000000800000f4 (0xf4028293) x 5 0x0000000080002030
core   0: 0x00000000800000f8 (0x00002f97) auipc   t6, 0x2
3 0x00000000800000f8 (0x00002f97) x31 0x00000000800020f8
core   0: 0x00000000800000fc (0xf20f8f93) addi    t6, t6, -224
3 0x00000000800000fc (0xf20f8f93) x31 0x0000000080002018
core   0: 0x0000000080000100 (0x000f8003) lb      zero, 0(t6)
3 0x0000000080000100 (0x000f8003)
core   0: 0x0000000080000104 (0x0002a023) sw      zero, 0(t0)
3 0x0000000080000104 (0x0002a023)
core   0: 0x0000000080000108 (0x00002f17) auipc   t5, 0x2
3 0x0000000080000108 (0x00002f17) x30 0x0000000080002108
core   0: 0x000000008000010c (0xf10f0f13) addi    t5, t5, -240
3 0x000000008000010c (0xf10f0f13) x30 0x0000000080002018
core   0: 0x0000000080000110 (0xffef0083) lb      ra, -2(t5)
3 0x0000000080000110 (0xffef0083) x 1 0xffffffffffffffbb
core   0: 0x0000000080000114 (0x0012a223) sw      ra, 4(t0)
3 0x0000000080000114 (0x0012a223)
core   0: 0x0000000080000118 (0x00002e97) auipc   t4, 0x2
3 0x0000000080000118 (0x00002e97) x29 0x0000000080002118
core   0: 0x000000008000011c (0xf00e8e93) addi    t4, t4, -256
3 0x000000008000011c (0xf00e8e93) x29 0x0000000080002018
core   0: 0x0000000080000120 (0x003e8103) lb      sp, 3(t4)
3 0x0000000080000120 (0x003e8103) x 2 0xffffffffffffffdd
core   0: 0x0000000080000124 (0x0022a423) sw      sp, 8(t0)
3 0x0000000080000124 (0x0022a423)
core   0: 0x0000000080000128 (0x00002e17) auipc   t3, 0x2
3 0x0000000080000128 (0x00002e17) x28 0x0000000080002128
core   0: 0x000000008000012c (0xef0e0e13) addi    t3, t3, -272
3 0x000000008000012c (0xef0e0e13) x28 0x0000000080002018
core   0: 0x0000000080000130 (0xffce0183) lb      gp, -4(t3)
3 0x0000000080000130 (0xffce0183) x 3 0x000000000000000c
core   0: 0x0000000080000134 (0x0032a623) sw      gp, 12(t0)
3 0x0000000080000134 (0x0032a623)
core   0: 0x0000000080000138 (0x00002d97) auipc   s11, 0x2
3 0x0000000080000138 (0x00002d97) x27 0x0000000080002138
core   0: 0x000000008000013c (0xee0d8d93) addi    s11, s11, -288
3 0x000000008000013c (0xee0d8d93) x27 0x0000000080002018
core   0: 0x0000000080000140 (0x002d8203) lb      tp, 2(s11)
3 0x0000000080000140 (0x002d8203) x 4 0x000000000000000d
core   0: 0x0000000080000144 (0x0042a823) sw      tp, 16(t0)
3 0x0000000080000144 (0x0042a823)
core   0: 0x0000000080000148 (0x00002097) auipc   ra, 0x2
3 0x0000000080000148 (0x00002097) x 1 0x0000000080002148
core   0: 0x000000008000014c (0xefc08093) addi    ra, ra, -260
3 0x000000008000014c (0xefc08093) x 1 0x0000000080002044
core   0: 0x0000000080000150 (0x00002d17) auipc   s10, 0x2
3 0x0000000080000150 (0x00002d17) x26 0x0000000080002150
core   0: 0x0000000080000154 (0xec8d0d13) addi    s10, s10, -312
3 0x0000000080000154 (0xec8d0d13) x26 0x0000000080002018
core   0: 0x0000000080000158 (0x004d0283) lb      t0, 4(s10)
3 0x0000000080000158 (0x004d0283) x 5 0xfffffffffffffff0
core   0: 0x000000008000015c (0x0050a023) sw      t0, 0(ra)
3 0x000000008000015c (0x0050a023)
core   0: 0x0000000080000160 (0x00002c97) auipc   s9, 0x2
3 0x0000000080000160 (0x00002c97) x25 0x0000000080002160
core   0: 0x0000000080000164 (0xeb8c8c93) addi    s9, s9, -328
3 0x0000000080000164 (0xeb8c8c93) x25 0x0000000080002018
core   0: 0x0000000080000168 (0xfffc8303) lb      t1, -1(s9)
3 0x0000000080000168 (0xfffc8303) x 6 0x000000000000000b
core   0: 0x000000008000016c (0x0060a223) sw      t1, 4(ra)
3 0x000000008000016c (0x0060a223)
core   0: 0x0000000080000170 (0x00002c17) auipc   s8, 0x2
3 0x0000000080000170 (0x00002c17) x24 0x0000000080002170
core   0: 0x0000000080000174 (0xea8c0c13) addi    s8, s8, -344
3 0x0000000080000174 (0xea8c0c13) x24 0x0000000080002018
core   0: 0x0000000080000178 (0x001c0383) lb      t2, 1(s8)
3 0x0000000080000178 (0x001c0383) x 7 0x000000000000000e
core   0: 0x000000008000017c (0x0070a423) sw      t2, 8(ra)
3 0x000000008000017c (0x0070a423)
core   0: 0x0000000080000180 (0x00002b97) auipc   s7, 0x2
3 0x0000000080000180 (0x00002b97) x23 0x0000000080002180
core   0: 0x0000000080000184 (0xe98b8b93) addi    s7, s7, -360
3 0x0000000080000184 (0xe98b8b93) x23 0x0000000080002018
core   0: 0x0000000080000188 (0x000b8403) lb      s0, 0(s7)
3 0x0000000080000188 (0x000b8403) x 8 0xffffffffffffffee
core   0: 0x000000008000018c (0x0080a623) sw      s0, 12(ra)
3 0x000000008000018c (0x0080a623)
core   0: 0x0000000080000190 (0x00002b17) auipc   s6, 0x2
3 0x0000000080000190 (0x00002b17) x22 0x0000000080002190
core   0: 0x0000000080000194 (0xe88b0b13) addi    s6, s6, -376
3 0x0000000080000194 (0xe88b0b13) x22 0x0000000080002018
core   0: 0x0000000080000198 (0xffeb0483) lb      s1, -2(s6)
3 0x0000000080000198 (0xffeb0483) x 9 0xffffffffffffffbb
core   0: 0x000000008000019c (0x0090a823) sw      s1, 16(ra)
3 0x000000008000019c (0x0090a823)
core   0: 0x00000000800001a0 (0x00002097) auipc   ra, 0x2
3 0x00000000800001a0 (0x00002097) x 1 0x00000000800021a0
core   0: 0x00000000800001a4 (0xeb808093) addi    ra, ra, -328
3 0x00000000800001a4 (0xeb808093) x 1 0x0000000080002058
core   0: 0x00000000800001a8 (0x00002a97) auipc   s5, 0x2
3 0x00000000800001a8 (0x00002a97) x21 0x00000000800021a8
core   0: 0x00000000800001ac (0xe70a8a93) addi    s5, s5, -400
3 0x00000000800001ac (0xe70a8a93) x21 0x0000000080002018
core   0: 0x00000000800001b0 (0x003a8503) lb      a0, 3(s5)
3 0x00000000800001b0 (0x003a8503) x10 0xffffffffffffffdd
core   0: 0x00000000800001b4 (0x00a0a023) sw      a0, 0(ra)
3 0x00000000800001b4 (0x00a0a023)
core   0: 0x00000000800001b8 (0x00002a17) auipc   s4, 0x2
3 0x00000000800001b8 (0x00002a17) x20 0x00000000800021b8
core   0: 0x00000000800001bc (0xe60a0a13) addi    s4, s4, -416
3 0x00000000800001bc (0xe60a0a13) x20 0x0000000080002018
core   0: 0x00000000800001c0 (0xffca0583) lb      a1, -4(s4)
3 0x00000000800001c0 (0xffca0583) x11 0x000000000000000c
core   0: 0x00000000800001c4 (0x00b0a223) sw      a1, 4(ra)
3 0x00000000800001c4 (0x00b0a223)
core   0: 0x00000000800001c8 (0x00002997) auipc   s3, 0x2
3 0x00000000800001c8 (0x00002997) x19 0x00000000800021c8
core   0: 0x00000000800001cc (0xe5098993) addi    s3, s3, -432
3 0x00000000800001cc (0xe5098993) x19 0x0000000080002018
core   0: 0x00000000800001d0 (0x00298603) lb      a2, 2(s3)
3 0x00000000800001d0 (0x00298603) x12 0x000000000000000d
core   0: 0x00000000800001d4 (0x00c0a423) sw      a2, 8(ra)
3 0x00000000800001d4 (0x00c0a423)
core   0: 0x00000000800001d8 (0x00002917) auipc   s2, 0x2
3 0x00000000800001d8 (0x00002917) x18 0x00000000800021d8
core   0: 0x00000000800001dc (0xe4090913) addi    s2, s2, -448
3 0x00000000800001dc (0xe4090913) x18 0x0000000080002018
core   0: 0x00000000800001e0 (0x00490683) lb      a3, 4(s2)
3 0x00000000800001e0 (0x00490683) x13 0xfffffffffffffff0
core   0: 0x00000000800001e4 (0x00d0a623) sw      a3, 12(ra)
3 0x00000000800001e4 (0x00d0a623)
core   0: 0x00000000800001e8 (0x00002897) auipc   a7, 0x2
3 0x00000000800001e8 (0x00002897) x17 0x00000000800021e8
core   0: 0x00000000800001ec (0xe3088893) addi    a7, a7, -464
3 0x00000000800001ec (0xe3088893) x17 0x0000000080002018
core   0: 0x00000000800001f0 (0xfff88703) lb      a4, -1(a7)
3 0x00000000800001f0 (0xfff88703) x14 0x000000000000000b
core   0: 0x00000000800001f4 (0x00e0a823) sw      a4, 16(ra)
3 0x00000000800001f4 (0x00e0a823)
core   0: 0x00000000800001f8 (0x00002117) auipc   sp, 0x2
3 0x00000000800001f8 (0x00002117) x 2 0x00000000800021f8
core   0: 0x00000000800001fc (0xe7410113) addi    sp, sp, -396
3 0x00000000800001fc (0xe7410113) x 2 0x000000008000206c
core   0: 0x0000000080000200 (0x00002817) auipc   a6, 0x2
3 0x0000000080000200 (0x00002817) x16 0x0000000080002200
core   0: 0x0000000080000204 (0xe1880813) addi    a6, a6, -488
3 0x0000000080000204 (0xe1880813) x16 0x0000000080002018
core   0: 0x0000000080000208 (0x00180783) lb      a5, 1(a6)
3 0x0000000080000208 (0x00180783) x15 0x000000000000000e
core   0: 0x000000008000020c (0x0000c03e) c.swsp  a5, 0(sp)
3 0x000000008000020c (0x0000c03e)
core   0: 0x000000008000020e (0x00002797) auipc   a5, 0x2
3 0x000000008000020e (0x00002797) x15 0x000000008000220e
core   0: 0x0000000080000212 (0xe0a78793) addi    a5, a5, -502
3 0x0000000080000212 (0xe0a78793) x15 0x0000000080002018
core   0: 0x0000000080000216 (0x00078803) lb      a6, 0(a5)
3 0x0000000080000216 (0x00078803) x16 0xffffffffffffffee
core   0: 0x000000008000021a (0x0000c242) c.swsp  a6, 4(sp)
3 0x000000008000021a (0x0000c242)
core   0: 0x000000008000021c (0x00002717) auipc   a4, 0x2
3 0x000000008000021c (0x00002717) x14 0x000000008000221c
core   0: 0x0000000080000220 (0xdfc70713) addi    a4, a4, -516
3 0x0000000080000220 (0xdfc70713) x14 0x0000000080002018
core   0: 0x0000000080000224 (0xffe70883) lb      a7, -2(a4)
3 0x0000000080000224 (0xffe70883) x17 0xffffffffffffffbb
core   0: 0x0000000080000228 (0x0000c446) c.swsp  a7, 8(sp)
3 0x0000000080000228 (0x0000c446)
core   0: 0x000000008000022a (0x00002697) auipc   a3, 0x2
3 0x000000008000022a (0x00002697) x13 0x000000008000222a
core   0: 0x000000008000022e (0xdee68693) addi    a3, a3, -530
3 0x000000008000022e (0xdee68693) x13 0x0000000080002018
core   0: 0x0000000080000232 (0x00368903) lb      s2, 3(a3)
3 0x0000000080000232 (0x00368903) x18 0xffffffffffffffdd
core   0: 0x0000000080000236 (0x0000c64a) c.swsp  s2, 12(sp)
3 0x0000000080000236 (0x0000c64a)
core   0: 0x0000000080000238 (0x00002617) auipc   a2, 0x2
3 0x0000000080000238 (0x00002617) x12 0x0000000080002238
core   0: 0x000000008000023c (0xde060613) addi    a2, a2, -544
3 0x000000008000023c (0xde060613) x12 0x0000000080002018
core   0: 0x0000000080000240 (0xffc60983) lb      s3, -4(a2)
3 0x0000000080000240 (0xffc60983) x19 0x000000000000000c
core   0: 0x0000000080000244 (0x0000c84e) c.swsp  s3, 16(sp)
3 0x0000000080000244 (0x0000c84e)
core   0: 0x0000000080000246 (0x00002097) auipc   ra, 0x2
3 0x0000000080000246 (0x00002097) x 1 0x0000000080002246
core   0: 0x000000008000024a (0xe3a08093) addi    ra, ra, -454
3 0x000000008000024a (0xe3a08093) x 1 0x0000000080002080
core   0: 0x000000008000024e (0x00002597) auipc   a1, 0x2
3 0x000000008000024e (0x00002597) x11 0x000000008000224e
core   0: 0x0000000080000252 (0xdca58593) addi    a1, a1, -566
3 0x0000000080000252 (0xdca58593) x11 0x0000000080002018
core   0: 0x0000000080000256 (0x00258a03) lb      s4, 2(a1)
3 0x0000000080000256 (0x00258a03) x20 0x000000000000000d
core   0: 0x000000008000025a (0x0140a023) sw      s4, 0(ra)
3 0x000000008000025a (0x0140a023)
core   0: 0x000000008000025e (0x00002517) auipc   a0, 0x2
3 0x000000008000025e (0x00002517) x10 0x000000008000225e
core   0: 0x0000000080000262 (0xdba50513) addi    a0, a0, -582
3 0x0000000080000262 (0xdba50513) x10 0x0000000080002018
core   0: 0x0000000080000266 (0x00450a83) lb      s5, 4(a0)
3 0x0000000080000266 (0x00450a83) x21 0xfffffffffffffff0
core   0: 0x000000008000026a (0x0150a223) sw      s5, 4(ra)
3 0x000000008000026a (0x0150a223)
core   0: 0x000000008000026e (0x00002497) auipc   s1, 0x2
3 0x000000008000026e (0x00002497) x 9 0x000000008000226e
core   0: 0x0000000080000272 (0xdaa48493) addi    s1, s1, -598
3 0x0000000080000272 (0xdaa48493) x 9 0x0000000080002018
core   0: 0x0000000080000276 (0xfff48b03) lb      s6, -1(s1)
3 0x0000000080000276 (0xfff48b03) x22 0x000000000000000b
core   0: 0x000000008000027a (0x0160a423) sw      s6, 8(ra)
3 0x000000008000027a (0x0160a423)
core   0: 0x000000008000027e (0x00002417) auipc   s0, 0x2
3 0x000000008000027e (0x00002417) x 8 0x000000008000227e
core   0: 0x0000000080000282 (0xd9a40413) addi    s0, s0, -614
3 0x0000000080000282 (0xd9a40413) x 8 0x0000000080002018
core   0: 0x0000000080000286 (0x00140b83) lb      s7, 1(s0)
3 0x0000000080000286 (0x00140b83) x23 0x000000000000000e
core   0: 0x000000008000028a (0x0170a623) sw      s7, 12(ra)
3 0x000000008000028a (0x0170a623)
core   0: 0x000000008000028e (0x00002397) auipc   t2, 0x2
3 0x000000008000028e (0x00002397) x 7 0x000000008000228e
core   0: 0x0000000080000292 (0xd8a38393) addi    t2, t2, -630
3 0x0000000080000292 (0xd8a38393) x 7 0x0000000080002018
core   0: 0x0000000080000296 (0x00038c03) lb      s8, 0(t2)
3 0x0000000080000296 (0x00038c03) x24 0xffffffffffffffee
core   0: 0x000000008000029a (0x0180a823) sw      s8, 16(ra)
3 0x000000008000029a (0x0180a823)
core   0: 0x000000008000029e (0x00002097) auipc   ra, 0x2
3 0x000000008000029e (0x00002097) x 1 0x000000008000229e
core   0: 0x00000000800002a2 (0xdf608093) addi    ra, ra, -522
3 0x00000000800002a2 (0xdf608093) x 1 0x0000000080002094
core   0: 0x00000000800002a6 (0x00002317) auipc   t1, 0x2
3 0x00000000800002a6 (0x00002317) x 6 0x00000000800022a6
core   0: 0x00000000800002aa (0xd7230313) addi    t1, t1, -654
3 0x00000000800002aa (0xd7230313) x 6 0x0000000080002018
core   0: 0x00000000800002ae (0xffe30c83) lb      s9, -2(t1)
3 0x00000000800002ae (0xffe30c83) x25 0xffffffffffffffbb
core   0: 0x00000000800002b2 (0x0190a023) sw      s9, 0(ra)
3 0x00000000800002b2 (0x0190a023)
core   0: 0x00000000800002b6 (0x00002297) auipc   t0, 0x2
3 0x00000000800002b6 (0x00002297) x 5 0x00000000800022b6
core   0: 0x00000000800002ba (0xd6228293) addi    t0, t0, -670
3 0x00000000800002ba (0xd6228293) x 5 0x0000000080002018
core   0: 0x00000000800002be (0x00328d03) lb      s10, 3(t0)
3 0x00000000800002be (0x00328d03) x26 0xffffffffffffffdd
core   0: 0x00000000800002c2 (0x01a0a223) sw      s10, 4(ra)
3 0x00000000800002c2 (0x01a0a223)
core   0: 0x00000000800002c6 (0x00002217) auipc   tp, 0x2
3 0x00000000800002c6 (0x00002217) x 4 0x00000000800022c6
core   0: 0x00000000800002ca (0xd5220213) addi    tp, tp, -686
3 0x00000000800002ca (0xd5220213) x 4 0x0000000080002018
core   0: 0x00000000800002ce (0xffc20d83) lb      s11, -4(tp)
3 0x00000000800002ce (0xffc20d83) x27 0x000000000000000c
core   0: 0x00000000800002d2 (0x01b0a423) sw      s11, 8(ra)
3 0x00000000800002d2 (0x01b0a423)
core   0: 0x00000000800002d6 (0x00002197) auipc   gp, 0x2
3 0x00000000800002d6 (0x00002197) x 3 0x00000000800022d6
core   0: 0x00000000800002da (0xd4218193) addi    gp, gp, -702
3 0x00000000800002da (0xd4218193) x 3 0x0000000080002018
core   0: 0x00000000800002de (0x00218e03) lb      t3, 2(gp)
3 0x00000000800002de (0x00218e03) x28 0x000000000000000d
core   0: 0x00000000800002e2 (0x01c0a623) sw      t3, 12(ra)
3 0x00000000800002e2 (0x01c0a623)
core   0: 0x00000000800002e6 (0x00002117) auipc   sp, 0x2
3 0x00000000800002e6 (0x00002117) x 2 0x00000000800022e6
core   0: 0x00000000800002ea (0xd3210113) addi    sp, sp, -718
3 0x00000000800002ea (0xd3210113) x 2 0x0000000080002018
core   0: 0x00000000800002ee (0x00410e83) lb      t4, 4(sp)
3 0x00000000800002ee (0x00410e83) x29 0xfffffffffffffff0
core   0: 0x00000000800002f2 (0x01d0a823) sw      t4, 16(ra)
3 0x00000000800002f2 (0x01d0a823)
core   0: 0x00000000800002f6 (0x00002117) auipc   sp, 0x2
3 0x00000000800002f6 (0x00002117) x 2 0x00000000800022f6
core   0: 0x00000000800002fa (0xdb210113) addi    sp, sp, -590
3 0x00000000800002fa (0xdb210113) x 2 0x00000000800020a8
core   0: 0x00000000800002fe (0x00002097) auipc   ra, 0x2
3 0x00000000800002fe (0x00002097) x 1 0x00000000800022fe
core   0: 0x0000000080000302 (0xd1a08093) addi    ra, ra, -742
3 0x0000000080000302 (0xd1a08093) x 1 0x0000000080002018
core   0: 0x0000000080000306 (0xfff08f03) lb      t5, -1(ra)
3 0x0000000080000306 (0xfff08f03) x30 0x000000000000000b
core   0: 0x000000008000030a (0x0000c07a) c.swsp  t5, 0(sp)
3 0x000000008000030a (0x0000c07a)
core   0: 0x000000008000030c (0x00002097) auipc   ra, 0x2
3 0x000000008000030c (0x00002097) x 1 0x000000008000230c
core   0: 0x0000000080000310 (0xd0c08093) addi    ra, ra, -756
3 0x0000000080000310 (0xd0c08093) x 1 0x0000000080002018
core   0: 0x0000000080000314 (0x00108f83) lb      t6, 1(ra)
3 0x0000000080000314 (0x00108f83) x31 0x000000000000000e
core   0: 0x0000000080000318 (0x0000c27e) c.swsp  t6, 4(sp)
3 0x0000000080000318 (0x0000c27e)
core   0: 0x000000008000031a (0x0ff0000f) fence   iorw,iorw
3 0x000000008000031a (0x0ff0000f)
core   0: 0x000000008000031e (0x00004185) c.li    gp, 1
3 0x000000008000031e (0x00004185) x 3 0x0000000000000001
core   0: 0x0000000080000320 (0x00000073) ecall
3 0x0000000080000320 (0x00000073)
