core   0: 0x0000000000010000 (0x00100413) li      s0, 1
3 0x0000000000010000 (0x00100413) x 8 0x0000000000000001
core   0: 0x0000000000010004 (0x01f41413) slli    s0, s0, 31
3 0x0000000000010004 (0x01f41413) x 8 0x0000000080000000
core   0: 0x0000000000010008 (0xf1402573) csrr    a0, mhartid
3 0x0000000000010008 (0xf1402573) x10 0x0000000000000000
core   0: 0x000000000001000c (0x00000597) auipc   a1, 0x0
3 0x000000000001000c (0x00000597) x11 0x000000000001000c
core   0: 0x0000000000010010 (0x07458593) addi    a1, a1, 116
3 0x0000000000010010 (0x07458593) x11 0x0000000000010080
core   0: 0x0000000000010014 (0x00040067) jr      s0
3 0x0000000000010014 (0x00040067)
core   0: 0x0000000080000000 (0x0000a081) c.j     pc + 64
3 0x0000000080000000 (0x0000a081)
core   0: 0x0000000080000040 (0xf1402573) csrr    a0, mhartid
3 0x0000000080000040 (0xf1402573) x10 0x0000000000000000
core   0: 0x0000000080000044 (0x0000e101) c.bnez  a0, pc + 0
3 0x0000000080000044 (0x0000e101)
core   0: 0x0000000080000046 (0x00000297) auipc   t0, 0x0
3 0x0000000080000046 (0x00000297) x 5 0x0000000080000046
core   0: 0x000000008000004a (0x01228293) addi    t0, t0, 18
3 0x000000008000004a (0x01228293) x 5 0x0000000080000058
core   0: 0x000000008000004e (0x30529073) csrw    mtvec, t0
3 0x000000008000004e (0x30529073)
core   0: 0x0000000080000052 (0x18005073) csrwi   satp, 0
3 0x0000000080000052 (0x18005073)
core   0: 0x0000000080000056 (0x00000001) c.nop
3 0x0000000080000056 (0x00000001)
core   0: 0x0000000080000058 (0x00000297) auipc   t0, 0x0
3 0x0000000080000058 (0x00000297) x 5 0x0000000080000058
core   0: 0x000000008000005c (0x01828293) addi    t0, t0, 24
3 0x000000008000005c (0x01828293) x 5 0x0000000080000070
core   0: 0x0000000080000060 (0x30529073) csrw    mtvec, t0
3 0x0000000080000060 (0x30529073)
core   0: 0x0000000080000064 (0x000052fd) c.li    t0, -1
3 0x0000000080000064 (0x000052fd) x 5 0xffffffffffffffff
core   0: 0x0000000080000066 (0x3b029073) csrw    pmpaddr0, t0
3 0x0000000080000066 (0x3b029073)
core   0: 0x000000008000006a (0x000042fd) c.li    t0, 31
3 0x000000008000006a (0x000042fd) x 5 0x000000000000001f
core   0: 0x000000008000006c (0x3a029073) csrw    pmpcfg0, t0
3 0x000000008000006c (0x3a029073)
core   0: 0x0000000080000070 (0x00000297) auipc   t0, 0x0
3 0x0000000080000070 (0x00000297) x 5 0x0000000080000070
core   0: 0x0000000080000074 (0x01828293) addi    t0, t0, 24
3 0x0000000080000074 (0x01828293) x 5 0x0000000080000088
core   0: 0x0000000080000078 (0x30529073) csrw    mtvec, t0
3 0x0000000080000078 (0x30529073)
core   0: 0x000000008000007c (0x30205073) csrwi   medeleg, 0
3 0x000000008000007c (0x30205073)
core   0: 0x0000000080000080 (0x30305073) csrwi   mideleg, 0
3 0x0000000080000080 (0x30305073)
core   0: 0x0000000080000084 (0x30405073) csrwi   mie, 0
3 0x0000000080000084 (0x30405073)
core   0: 0x0000000080000088 (0x00004181) c.li    gp, 0
3 0x0000000080000088 (0x00004181) x 3 0x0000000000000000
core   0: 0x000000008000008a (0x00000297) auipc   t0, 0x0
3 0x000000008000008a (0x00000297) x 5 0x000000008000008a
core   0: 0x000000008000008e (0xf7a28293) addi    t0, t0, -134
3 0x000000008000008e (0xf7a28293) x 5 0x0000000080000004
core   0: 0x0000000080000092 (0x30529073) csrw    mtvec, t0
3 0x0000000080000092 (0x30529073)
core   0: 0x0000000080000096 (0x00004505) c.li    a0, 1
3 0x0000000080000096 (0x00004505) x10 0x0000000000000001
core   0: 0x0000000080000098 (0x0000057e) c.slli  a0, 31
3 0x0000000080000098 (0x0000057e) x10 0x0000000080000000
core   0: 0x000000008000009a (0x00055763) bgez    a0, pc + 14
3 0x000000008000009a (0x00055763)
core   0: 0x00000000800000a8 (0x80000297) auipc   t0, 0x80000
3 0x00000000800000a8 (0x80000297) x 5 0x00000000000000a8
core   0: 0x00000000800000ac (0xf5828293) addi    t0, t0, -168
3 0x00000000800000ac (0xf5828293) x 5 0x0000000000000000
core   0: 0x00000000800000b0 (0x00028e63) beqz    t0, pc + 28
3 0x00000000800000b0 (0x00028e63)
core   0: 0x00000000800000cc (0x30005073) csrwi   mstatus, 0
3 0x00000000800000cc (0x30005073)
core   0: 0x00000000800000d0 (0x00002537) lui     a0, 0x2
3 0x00000000800000d0 (0x00002537) x10 0x0000000000002000
core   0: 0x00000000800000d4 (0x8005051b) addiw   a0, a0, -2048
3 0x00000000800000d4 (0x8005051b) x10 0x0000000000001800
core   0: 0x00000000800000d8 (0x30052073) csrs    mstatus, a0
3 0x00000000800000d8 (0x30052073)
core   0: 0x00000000800000dc (0x00000297) auipc   t0, 0x0
3 0x00000000800000dc (0x00000297) x 5 0x00000000800000dc
core   0: 0x00000000800000e0 (0x01428293) addi    t0, t0, 20
3 0x00000000800000e0 (0x01428293) x 5 0x00000000800000f0
core   0: 0x00000000800000e4 (0x34129073) csrw    mepc, t0
3 0x00000000800000e4 (0x34129073)
core   0: 0x00000000800000e8 (0xf1402573) csrr    a0, mhartid
3 0x00000000800000e8 (0xf1402573) x10 0x0000000000000000
core   0: 0x00000000800000ec (0x30200073) mret
3 0x00000000800000ec (0x30200073)
core   0: 0x00000000800000f0 (0x00002817) auipc   a6, 0x2
3 0x00000000800000f0 (0x00002817) x16 0x00000000800020f0
core   0: 0x00000000800000f4 (0xf1080813) addi    a6, a6, -240
3 0x00000000800000f4 (0xf1080813) x16 0x0000000080002000
core   0: 0x00000000800000f8 (0x42727037) lui     zero, 0x42727
3 0x00000000800000f8 (0x42727037)
core   0: 0x00000000800000fc (0xe6f0001b) addiw   zero, zero, -401
3 0x00000000800000fc (0xe6f0001b)
core   0: 0x0000000080000100 (0x563330b7) lui     ra, 0x56333
3 0x0000000080000100 (0x563330b7) x 1 0x0000000056333000
core   0: 0x0000000080000104 (0x2490809b) addiw   ra, ra, 585
3 0x0000000080000104 (0x2490809b) x 1 0x0000000056333249
core   0: 0x0000000080000108 (0x2d562137) lui     sp, 0x2d562
3 0x0000000080000108 (0x2d562137) x 2 0x000000002d562000
core   0: 0x000000008000010c (0x0521011b) addiw   sp, sp, 82
3 0x000000008000010c (0x0521011b) x 2 0x000000002d562052
core   0: 0x0000000080000110 (0x526971b7) lui     gp, 0x52697
3 0x0000000080000110 (0x526971b7) x 3 0x0000000052697000
core   0: 0x0000000080000114 (0x3631819b) addiw   gp, gp, 867
3 0x0000000080000114 (0x3631819b) x 3 0x0000000052697363
core   0: 0x0000000080000118 (0x736b8237) lui     tp, 0x736b8
3 0x0000000080000118 (0x736b8237) x 4 0x00000000736b8000
core   0: 0x000000008000011c (0x9202021b) addiw   tp, tp, -1760
3 0x000000008000011c (0x9202021b) x 4 0x00000000736b7920
core   0: 0x0000000080000120 (0x737462b7) lui     t0, 0x73746
3 0x0000000080000120 (0x737462b7) x 5 0x0000000073746000
core   0: 0x0000000080000124 (0x5722829b) addiw   t0, t0, 1394
3 0x0000000080000124 (0x5722829b) x 5 0x0000000073746572
core   0: 0x0000000080000128 (0x6e205337) lui     t1, 0x6e205
3 0x0000000080000128 (0x6e205337) x 6 0x000000006e205000
core   0: 0x000000008000012c (0xe6f3031b) addiw   t1, t1, -401
3 0x000000008000012c (0xe6f3031b) x 6 0x000000006e204e6f
core   0: 0x0000000080000130 (0x4d6973b7) lui     t2, 0x4d697
3 0x0000000080000130 (0x4d6973b7) x 7 0x000000004d697000
core   0: 0x0000000080000134 (0xc613839b) addiw   t2, t2, -927
3 0x0000000080000134 (0xc613839b) x 7 0x000000004d696c61
core   0: 0x0000000080000138 (0x6f646437) lui     s0, 0x6f646
3 0x0000000080000138 (0x6f646437) x 8 0x000000006f646000
core   0: 0x000000008000013c (0x1734041b) addiw   s0, s0, 371
3 0x000000008000013c (0x1734041b) x 8 0x000000006f646173
core   0: 0x0000000080000140 (0x6b7944b7) lui     s1, 0x6b794
3 0x0000000080000140 (0x6b7944b7) x 9 0x000000006b794000
core   0: 0x0000000080000144 (0x0634849b) addiw   s1, s1, 99
3 0x0000000080000144 (0x0634849b) x 9 0x000000006b794063
core   0: 0x0000000080000148 (0x74657537) lui     a0, 0x74657
3 0x0000000080000148 (0x74657537) x10 0x0000000074657000
core   0: 0x000000008000014c (0x2735051b) addiw   a0, a0, 627
3 0x000000008000014c (0x2735051b) x10 0x0000000074657273
core   0: 0x0000000080000150 (0x286e75b7) lui     a1, 0x286e7
3 0x0000000080000150 (0x286e75b7) x11 0x00000000286e7000
core   0: 0x0000000080000154 (0xf735859b) addiw   a1, a1, -141
3 0x0000000080000154 (0xf735859b) x11 0x00000000286e6f73
core   0: 0x0000000080000158 (0x656b2637) lui     a2, 0x656b2
3 0x0000000080000158 (0x656b2637) x12 0x00000000656b2000
core   0: 0x000000008000015c (0x0486061b) addiw   a2, a2, 72
3 0x000000008000015c (0x0486061b) x12 0x00000000656b2048
core   0: 0x0000000080000160 (0x205266b7) lui     a3, 0x20526
3 0x0000000080000160 (0x205266b7) x13 0x0000000020526000
core   0: 0x0000000080000164 (0x1646869b) addiw   a3, a3, 356
3 0x0000000080000164 (0x1646869b) x13 0x0000000020526164
core   0: 0x0000000080000168 (0x6f6d3737) lui     a4, 0x6f6d3
3 0x0000000080000168 (0x6f6d3737) x14 0x000000006f6d3000
core   0: 0x000000008000016c (0x92c7071b) addiw   a4, a4, -1748
3 0x000000008000016c (0x92c7071b) x14 0x000000006f6d292c
core   0: 0x0000000080000170 (0x697037b7) lui     a5, 0x69703
3 0x0000000080000170 (0x697037b7) x15 0x0000000069703000
core   0: 0x0000000080000174 (0xe637879b) addiw   a5, a5, -413
3 0x0000000080000174 (0xe637879b) x15 0x0000000069702e63
core   0: 0x0000000080000178 (0x00082023) sw      zero, 0(a6)
3 0x0000000080000178 (0x00082023)
core   0: 0x000000008000017c (0x00182223) sw      ra, 4(a6)
3 0x000000008000017c (0x00182223)
core   0: 0x0000000080000180 (0x00282423) sw      sp, 8(a6)
3 0x0000000080000180 (0x00282423)
core   0: 0x0000000080000184 (0x00382623) sw      gp, 12(a6)
3 0x0000000080000184 (0x00382623)
core   0: 0x0000000080000188 (0x00482823) sw      tp, 16(a6)
3 0x0000000080000188 (0x00482823)
core   0: 0x000000008000018c (0x00582a23) sw      t0, 20(a6)
3 0x000000008000018c (0x00582a23)
core   0: 0x0000000080000190 (0x00682c23) sw      t1, 24(a6)
3 0x0000000080000190 (0x00682c23)
core   0: 0x0000000080000194 (0x00782e23) sw      t2, 28(a6)
3 0x0000000080000194 (0x00782e23)
core   0: 0x0000000080000198 (0x02882023) sw      s0, 32(a6)
3 0x0000000080000198 (0x02882023)
core   0: 0x000000008000019c (0x02982223) sw      s1, 36(a6)
3 0x000000008000019c (0x02982223)
core   0: 0x00000000800001a0 (0x02a82423) sw      a0, 40(a6)
3 0x00000000800001a0 (0x02a82423)
core   0: 0x00000000800001a4 (0x02b82623) sw      a1, 44(a6)
3 0x00000000800001a4 (0x02b82623)
core   0: 0x00000000800001a8 (0x02c82823) sw      a2, 48(a6)
3 0x00000000800001a8 (0x02c82823)
core   0: 0x00000000800001ac (0x02d82a23) sw      a3, 52(a6)
3 0x00000000800001ac (0x02d82a23)
core   0: 0x00000000800001b0 (0x02e82c23) sw      a4, 56(a6)
3 0x00000000800001b0 (0x02e82c23)
core   0: 0x00000000800001b4 (0x02f82e23) sw      a5, 60(a6)
3 0x00000000800001b4 (0x02f82e23)
core   0: 0x00000000800001b8 (0x00002217) auipc   tp, 0x2
3 0x00000000800001b8 (0x00002217) x 4 0x00000000800021b8
core   0: 0x00000000800001bc (0xe8820213) addi    tp, tp, -376
3 0x00000000800001bc (0xe8820213) x 4 0x0000000080002040
core   0: 0x00000000800001c0 (0x636f6837) lui     a6, 0x636f6
3 0x00000000800001c0 (0x636f6837) x16 0x00000000636f6000
core   0: 0x00000000800001c4 (0x4618081b) addiw   a6, a6, 1121
3 0x00000000800001c4 (0x4618081b) x16 0x00000000636f6461
core   0: 0x00000000800001c8 (0x6a6578b7) lui     a7, 0x6a657
3 0x00000000800001c8 (0x6a6578b7) x17 0x000000006a657000
core   0: 0x00000000800001cc (0xb408889b) addiw   a7, a7, -1216
3 0x00000000800001cc (0xb408889b) x17 0x000000006a656b40
core   0: 0x00000000800001d0 (0x20287937) lui     s2, 0x20287
3 0x00000000800001d0 (0x20287937) x18 0x0000000020287000
core   0: 0x00000000800001d4 (0x8619091b) addiw   s2, s2, -1951
3 0x00000000800001d4 (0x8619091b) x18 0x0000000020286861
core   0: 0x00000000800001d8 (0x616a69b7) lui     s3, 0x616a6
3 0x00000000800001d8 (0x616a69b7) x19 0x00000000616a6000
core   0: 0x00000000800001dc (0x56b9899b) addiw   s3, s3, 1387
3 0x00000000800001dc (0x56b9899b) x19 0x00000000616a656b
core   0: 0x00000000800001e0 (0x61766a37) lui     s4, 0x61766
3 0x00000000800001e0 (0x61766a37) x20 0x0000000061766000
core   0: 0x00000000800001e4 (0x520a0a1b) addiw   s4, s4, 1312
3 0x00000000800001e4 (0x520a0a1b) x20 0x0000000061766520
core   0: 0x00000000800001e8 (0x2e205ab7) lui     s5, 0x2e205
3 0x00000000800001e8 (0x2e205ab7) x21 0x000000002e205000
core   0: 0x00000000800001ec (0xc65a8a9b) addiw   s5, s5, -923
3 0x00000000800001ec (0xc65a8a9b) x21 0x000000002e204c65
core   0: 0x00000000800001f0 (0x636f7b37) lui     s6, 0x636f7
3 0x00000000800001f0 (0x636f7b37) x22 0x00000000636f7000
core   0: 0x00000000800001f4 (0xd29b0b1b) addiw   s6, s6, -727
3 0x00000000800001f4 (0xd29b0b1b) x22 0x00000000636f6d29
core   0: 0x00000000800001f8 (0x73697bb7) lui     s7, 0x73697
3 0x00000000800001f8 (0x73697bb7) x23 0x0000000073697000
core   0: 0x00000000800001fc (0x02eb8b9b) addiw   s7, s7, 46
3 0x00000000800001fc (0x02eb8b9b) x23 0x000000007369702e
core   0: 0x0000000080000200 (0x66208c37) lui     s8, 0x66208
3 0x0000000080000200 (0x66208c37) x24 0x0000000066208000
core   0: 0x0000000080000204 (0x96fc0c1b) addiw   s8, s8, -1681
3 0x0000000080000204 (0x96fc0c1b) x24 0x000000006620796f
core   0: 0x0000000080000208 (0x67652cb7) lui     s9, 0x67652
3 0x0000000080000208 (0x67652cb7) x25 0x0000000067652000
core   0: 0x000000008000020c (0x069c8c9b) addiw   s9, s9, 105
3 0x000000008000020c (0x069c8c9b) x25 0x0000000067652069
core   0: 0x0000000080000210 (0x65737d37) lui     s10, 0x65737
3 0x0000000080000210 (0x65737d37) x26 0x0000000065737000
core   0: 0x0000000080000214 (0x361d0d1b) addiw   s10, s10, 865
3 0x0000000080000214 (0x361d0d1b) x26 0x0000000065737361
core   0: 0x0000000080000218 (0x75732db7) lui     s11, 0x75732
3 0x0000000080000218 (0x75732db7) x27 0x0000000075732000
core   0: 0x000000008000021c (0x06dd8d9b) addiw   s11, s11, 109
3 0x000000008000021c (0x06dd8d9b) x27 0x000000007573206d
core   0: 0x0000000080000220 (0x3a291e37) lui     t3, 0x3a291
3 0x0000000080000220 (0x3a291e37) x28 0x000000003a291000
core   0: 0x0000000080000224 (0xd0ae0e1b) addiw   t3, t3, -758
3 0x0000000080000224 (0xd0ae0e1b) x28 0x000000003a290d0a
core   0: 0x0000000080000228 (0x68697eb7) lui     t4, 0x68697
3 0x0000000080000228 (0x68697eb7) x29 0x0000000068697000
core   0: 0x000000008000022c (0x320e8e9b) addiw   t4, t4, 800
3 0x000000008000022c (0x320e8e9b) x29 0x0000000068697320
core   0: 0x0000000080000230 (0x61642f37) lui     t5, 0x61642
3 0x0000000080000230 (0x61642f37) x30 0x0000000061642000
core   0: 0x0000000080000234 (0x074f0f1b) addiw   t5, t5, 116
3 0x0000000080000234 (0x074f0f1b) x30 0x0000000061642074
core   0: 0x0000000080000238 (0x75207fb7) lui     t6, 0x75207
3 0x0000000080000238 (0x75207fb7) x31 0x0000000075207000
core   0: 0x000000008000023c (0x265f8f9b) addiw   t6, t6, 613
3 0x000000008000023c (0x265f8f9b) x31 0x0000000075207265
core   0: 0x0000000080000240 (0x01022023) sw      a6, 0(tp)
3 0x0000000080000240 (0x01022023)
core   0: 0x0000000080000244 (0x01122223) sw      a7, 4(tp)
3 0x0000000080000244 (0x01122223)
core   0: 0x0000000080000248 (0x01222423) sw      s2, 8(tp)
3 0x0000000080000248 (0x01222423)
core   0: 0x000000008000024c (0x01322623) sw      s3, 12(tp)
3 0x000000008000024c (0x01322623)
core   0: 0x0000000080000250 (0x01422823) sw      s4, 16(tp)
3 0x0000000080000250 (0x01422823)
core   0: 0x0000000080000254 (0x01522a23) sw      s5, 20(tp)
3 0x0000000080000254 (0x01522a23)
core   0: 0x0000000080000258 (0x01622c23) sw      s6, 24(tp)
3 0x0000000080000258 (0x01622c23)
core   0: 0x000000008000025c (0x01722e23) sw      s7, 28(tp)
3 0x000000008000025c (0x01722e23)
core   0: 0x0000000080000260 (0x03822023) sw      s8, 32(tp)
3 0x0000000080000260 (0x03822023)
core   0: 0x0000000080000264 (0x03922223) sw      s9, 36(tp)
3 0x0000000080000264 (0x03922223)
core   0: 0x0000000080000268 (0x03a22423) sw      s10, 40(tp)
3 0x0000000080000268 (0x03a22423)
core   0: 0x000000008000026c (0x03b22623) sw      s11, 44(tp)
3 0x000000008000026c (0x03b22623)
core   0: 0x0000000080000270 (0x03c22823) sw      t3, 48(tp)
3 0x0000000080000270 (0x03c22823)
core   0: 0x0000000080000274 (0x03d22a23) sw      t4, 52(tp)
3 0x0000000080000274 (0x03d22a23)
core   0: 0x0000000080000278 (0x03e22c23) sw      t5, 56(tp)
3 0x0000000080000278 (0x03e22c23)
core   0: 0x000000008000027c (0x03f22e23) sw      t6, 60(tp)
3 0x000000008000027c (0x03f22e23)
core   0: 0x0000000080000280 (0x00002217) auipc   tp, 0x2
3 0x0000000080000280 (0x00002217) x 4 0x0000000080002280
core   0: 0x0000000080000284 (0xe0020213) addi    tp, tp, -512
3 0x0000000080000284 (0xe0020213) x 4 0x0000000080002080
core   0: 0x0000000080000288 (0x00022023) sw      zero, 0(tp)
3 0x0000000080000288 (0x00022023)
core   0: 0x000000008000028c (0x00122223) sw      ra, 4(tp)
3 0x000000008000028c (0x00122223)
core   0: 0x0000000080000290 (0x00222423) sw      sp, 8(tp)
3 0x0000000080000290 (0x00222423)
core   0: 0x0000000080000294 (0x00322623) sw      gp, 12(tp)
3 0x0000000080000294 (0x00322623)
core   0: 0x0000000080000298 (0x0ff0000f) fence   iorw,iorw
3 0x0000000080000298 (0x0ff0000f)
core   0: 0x000000008000029c (0x00004185) c.li    gp, 1
3 0x000000008000029c (0x00004185) x 3 0x0000000000000001
core   0: 0x000000008000029e (0x00000073) ecall
3 0x000000008000029e (0x00000073)
