core   0: 0x0000000000010000 (0x00100413) li      s0, 1
3 0x0000000000010000 (0x00100413) x 8 0x0000000000000001
core   0: 0x0000000000010004 (0x01f41413) slli    s0, s0, 31
3 0x0000000000010004 (0x01f41413) x 8 0x0000000080000000
core   0: 0x0000000000010008 (0xf1402573) csrr    a0, mhartid
3 0x0000000000010008 (0xf1402573) x10 0x0000000000000000
core   0: 0x000000000001000c (0x00000597) auipc   a1, 0x0
3 0x000000000001000c (0x00000597) x11 0x000000000001000c
core   0: 0x0000000000010010 (0x07458593) addi    a1, a1, 116
3 0x0000000000010010 (0x07458593) x11 0x0000000000010080
core   0: 0x0000000000010014 (0x00040067) jr      s0
3 0x0000000000010014 (0x00040067)
core   0: 0x0000000080000000 (0x0000a081) c.j     pc + 64
3 0x0000000080000000 (0x0000a081)
core   0: 0x0000000080000040 (0xf1402573) csrr    a0, mhartid
3 0x0000000080000040 (0xf1402573) x10 0x0000000000000000
core   0: 0x0000000080000044 (0x0000e101) c.bnez  a0, pc + 0
3 0x0000000080000044 (0x0000e101)
core   0: 0x0000000080000046 (0x00000297) auipc   t0, 0x0
3 0x0000000080000046 (0x00000297) x 5 0x0000000080000046
core   0: 0x000000008000004a (0x01228293) addi    t0, t0, 18
3 0x000000008000004a (0x01228293) x 5 0x0000000080000058
core   0: 0x000000008000004e (0x30529073) csrw    mtvec, t0
3 0x000000008000004e (0x30529073)
core   0: 0x0000000080000052 (0x18005073) csrwi   satp, 0
3 0x0000000080000052 (0x18005073)
core   0: 0x0000000080000056 (0x00000001) c.nop
3 0x0000000080000056 (0x00000001)
core   0: 0x0000000080000058 (0x00000297) auipc   t0, 0x0
3 0x0000000080000058 (0x00000297) x 5 0x0000000080000058
core   0: 0x000000008000005c (0x01828293) addi    t0, t0, 24
3 0x000000008000005c (0x01828293) x 5 0x0000000080000070
core   0: 0x0000000080000060 (0x30529073) csrw    mtvec, t0
3 0x0000000080000060 (0x30529073)
core   0: 0x0000000080000064 (0x000052fd) c.li    t0, -1
3 0x0000000080000064 (0x000052fd) x 5 0xffffffffffffffff
core   0: 0x0000000080000066 (0x3b029073) csrw    pmpaddr0, t0
3 0x0000000080000066 (0x3b029073)
core   0: 0x000000008000006a (0x000042fd) c.li    t0, 31
3 0x000000008000006a (0x000042fd) x 5 0x000000000000001f
core   0: 0x000000008000006c (0x3a029073) csrw    pmpcfg0, t0
3 0x000000008000006c (0x3a029073)
core   0: 0x0000000080000070 (0x00000297) auipc   t0, 0x0
3 0x0000000080000070 (0x00000297) x 5 0x0000000080000070
core   0: 0x0000000080000074 (0x01828293) addi    t0, t0, 24
3 0x0000000080000074 (0x01828293) x 5 0x0000000080000088
core   0: 0x0000000080000078 (0x30529073) csrw    mtvec, t0
3 0x0000000080000078 (0x30529073)
core   0: 0x000000008000007c (0x30205073) csrwi   medeleg, 0
3 0x000000008000007c (0x30205073)
core   0: 0x0000000080000080 (0x30305073) csrwi   mideleg, 0
3 0x0000000080000080 (0x30305073)
core   0: 0x0000000080000084 (0x30405073) csrwi   mie, 0
3 0x0000000080000084 (0x30405073)
core   0: 0x0000000080000088 (0x00004181) c.li    gp, 0
3 0x0000000080000088 (0x00004181) x 3 0x0000000000000000
core   0: 0x000000008000008a (0x00000297) auipc   t0, 0x0
3 0x000000008000008a (0x00000297) x 5 0x000000008000008a
core   0: 0x000000008000008e (0xf7a28293) addi    t0, t0, -134
3 0x000000008000008e (0xf7a28293) x 5 0x0000000080000004
core   0: 0x0000000080000092 (0x30529073) csrw    mtvec, t0
3 0x0000000080000092 (0x30529073)
core   0: 0x0000000080000096 (0x00004505) c.li    a0, 1
3 0x0000000080000096 (0x00004505) x10 0x0000000000000001
core   0: 0x0000000080000098 (0x0000057e) c.slli  a0, 31
3 0x0000000080000098 (0x0000057e) x10 0x0000000080000000
core   0: 0x000000008000009a (0x00055763) bgez    a0, pc + 14
3 0x000000008000009a (0x00055763)
core   0: 0x00000000800000a8 (0x80000297) auipc   t0, 0x80000
3 0x00000000800000a8 (0x80000297) x 5 0x00000000000000a8
core   0: 0x00000000800000ac (0xf5828293) addi    t0, t0, -168
3 0x00000000800000ac (0xf5828293) x 5 0x0000000000000000
core   0: 0x00000000800000b0 (0x00028e63) beqz    t0, pc + 28
3 0x00000000800000b0 (0x00028e63)
core   0: 0x00000000800000cc (0x30005073) csrwi   mstatus, 0
3 0x00000000800000cc (0x30005073)
core   0: 0x00000000800000d0 (0x00002537) lui     a0, 0x2
3 0x00000000800000d0 (0x00002537) x10 0x0000000000002000
core   0: 0x00000000800000d4 (0x8005051b) addiw   a0, a0, -2048
3 0x00000000800000d4 (0x8005051b) x10 0x0000000000001800
core   0: 0x00000000800000d8 (0x30052073) csrs    mstatus, a0
3 0x00000000800000d8 (0x30052073)
core   0: 0x00000000800000dc (0x00000297) auipc   t0, 0x0
3 0x00000000800000dc (0x00000297) x 5 0x00000000800000dc
core   0: 0x00000000800000e0 (0x01428293) addi    t0, t0, 20
3 0x00000000800000e0 (0x01428293) x 5 0x00000000800000f0
core   0: 0x00000000800000e4 (0x34129073) csrw    mepc, t0
3 0x00000000800000e4 (0x34129073)
core   0: 0x00000000800000e8 (0xf1402573) csrr    a0, mhartid
3 0x00000000800000e8 (0xf1402573) x10 0x0000000000000000
core   0: 0x00000000800000ec (0x30200073) mret
3 0x00000000800000ec (0x30200073)
core   0: 0x00000000800000f0 (0x00002817) auipc   a6, 0x2
3 0x00000000800000f0 (0x00002817) x16 0x00000000800020f0
core   0: 0x00000000800000f4 (0xf1080813) addi    a6, a6, -240
3 0x00000000800000f4 (0xf1080813) x16 0x0000000080002000
core   0: 0x00000000800000f8 (0x00100013) li      zero, 1
3 0x00000000800000f8 (0x00100013)
core   0: 0x00000000800000fc (0x00004085) c.li    ra, 1
3 0x00000000800000fc (0x00004085) x 1 0x0000000000000001
core   0: 0x00000000800000fe (0x00004105) c.li    sp, 1
3 0x00000000800000fe (0x00004105) x 2 0x0000000000000001
core   0: 0x0000000080000100 (0x00004185) c.li    gp, 1
3 0x0000000080000100 (0x00004185) x 3 0x0000000000000001
core   0: 0x0000000080000102 (0x00004205) c.li    tp, 1
3 0x0000000080000102 (0x00004205) x 4 0x0000000000000001
core   0: 0x0000000080000104 (0x00004285) c.li    t0, 1
3 0x0000000080000104 (0x00004285) x 5 0x0000000000000001
core   0: 0x0000000080000106 (0x00004305) c.li    t1, 1
3 0x0000000080000106 (0x00004305) x 6 0x0000000000000001
core   0: 0x0000000080000108 (0x00004385) c.li    t2, 1
3 0x0000000080000108 (0x00004385) x 7 0x0000000000000001
core   0: 0x000000008000010a (0x00004405) c.li    s0, 1
3 0x000000008000010a (0x00004405) x 8 0x0000000000000001
core   0: 0x000000008000010c (0x00004485) c.li    s1, 1
3 0x000000008000010c (0x00004485) x 9 0x0000000000000001
core   0: 0x000000008000010e (0x00004505) c.li    a0, 1
3 0x000000008000010e (0x00004505) x10 0x0000000000000001
core   0: 0x0000000080000110 (0x00004585) c.li    a1, 1
3 0x0000000080000110 (0x00004585) x11 0x0000000000000001
core   0: 0x0000000080000112 (0x00004605) c.li    a2, 1
3 0x0000000080000112 (0x00004605) x12 0x0000000000000001
core   0: 0x0000000080000114 (0x00004685) c.li    a3, 1
3 0x0000000080000114 (0x00004685) x13 0x0000000000000001
core   0: 0x0000000080000116 (0x00004705) c.li    a4, 1
3 0x0000000080000116 (0x00004705) x14 0x0000000000000001
core   0: 0x0000000080000118 (0x00004785) c.li    a5, 1
3 0x0000000080000118 (0x00004785) x15 0x0000000000000001
core   0: 0x000000008000011a (0x000000fe) c.slli  ra, 31
3 0x000000008000011a (0x000000fe) x 1 0x0000000080000000
core   0: 0x000000008000011c (0x0000c363) bltz    ra, pc + 6
3 0x000000008000011c (0x0000c363)
core   0: 0x0000000080000120 (0x00004081) c.li    ra, 0
3 0x0000000080000120 (0x00004081) x 1 0x0000000000000000
core   0: 0x0000000080000122 (0x0000017e) c.slli  sp, 31
3 0x0000000080000122 (0x0000017e) x 2 0x0000000080000000
core   0: 0x0000000080000124 (0x00014363) bltz    sp, pc + 6
3 0x0000000080000124 (0x00014363)
core   0: 0x0000000080000128 (0x00004101) c.li    sp, 0
3 0x0000000080000128 (0x00004101) x 2 0x0000000000000000
core   0: 0x000000008000012a (0x000001fe) c.slli  gp, 31
3 0x000000008000012a (0x000001fe) x 3 0x0000000080000000
core   0: 0x000000008000012c (0x0001c363) bltz    gp, pc + 6
3 0x000000008000012c (0x0001c363)
core   0: 0x0000000080000130 (0x00004181) c.li    gp, 0
3 0x0000000080000130 (0x00004181) x 3 0x0000000000000000
core   0: 0x0000000080000132 (0x0000027e) c.slli  tp, 31
3 0x0000000080000132 (0x0000027e) x 4 0x0000000080000000
core   0: 0x0000000080000134 (0x00024363) bltz    tp, pc + 6
3 0x0000000080000134 (0x00024363)
core   0: 0x0000000080000138 (0x00004201) c.li    tp, 0
3 0x0000000080000138 (0x00004201) x 4 0x0000000000000000
core   0: 0x000000008000013a (0x000002fe) c.slli  t0, 31
3 0x000000008000013a (0x000002fe) x 5 0x0000000080000000
core   0: 0x000000008000013c (0x0002c363) bltz    t0, pc + 6
3 0x000000008000013c (0x0002c363)
core   0: 0x0000000080000140 (0x00004281) c.li    t0, 0
3 0x0000000080000140 (0x00004281) x 5 0x0000000000000000
core   0: 0x0000000080000142 (0x0000037e) c.slli  t1, 31
3 0x0000000080000142 (0x0000037e) x 6 0x0000000080000000
core   0: 0x0000000080000144 (0x00034363) bltz    t1, pc + 6
3 0x0000000080000144 (0x00034363)
core   0: 0x0000000080000148 (0x00004301) c.li    t1, 0
3 0x0000000080000148 (0x00004301) x 6 0x0000000000000000
core   0: 0x000000008000014a (0x000003fe) c.slli  t2, 31
3 0x000000008000014a (0x000003fe) x 7 0x0000000080000000
core   0: 0x000000008000014c (0x0003c363) bltz    t2, pc + 6
3 0x000000008000014c (0x0003c363)
core   0: 0x0000000080000150 (0x00004381) c.li    t2, 0
3 0x0000000080000150 (0x00004381) x 7 0x0000000000000000
core   0: 0x0000000080000152 (0x0000047e) c.slli  s0, 31
3 0x0000000080000152 (0x0000047e) x 8 0x0000000080000000
core   0: 0x0000000080000154 (0x00044363) bltz    s0, pc + 6
3 0x0000000080000154 (0x00044363)
core   0: 0x0000000080000158 (0x00004401) c.li    s0, 0
3 0x0000000080000158 (0x00004401) x 8 0x0000000000000000
core   0: 0x000000008000015a (0x000004fe) c.slli  s1, 31
3 0x000000008000015a (0x000004fe) x 9 0x0000000080000000
core   0: 0x000000008000015c (0x0004c363) bltz    s1, pc + 6
3 0x000000008000015c (0x0004c363)
core   0: 0x0000000080000160 (0x00004481) c.li    s1, 0
3 0x0000000080000160 (0x00004481) x 9 0x0000000000000000
core   0: 0x0000000080000162 (0x0000057e) c.slli  a0, 31
3 0x0000000080000162 (0x0000057e) x10 0x0000000080000000
core   0: 0x0000000080000164 (0x00054363) bltz    a0, pc + 6
3 0x0000000080000164 (0x00054363)
core   0: 0x0000000080000168 (0x00004501) c.li    a0, 0
3 0x0000000080000168 (0x00004501) x10 0x0000000000000000
core   0: 0x000000008000016a (0x000005fe) c.slli  a1, 31
3 0x000000008000016a (0x000005fe) x11 0x0000000080000000
core   0: 0x000000008000016c (0x0005c363) bltz    a1, pc + 6
3 0x000000008000016c (0x0005c363)
core   0: 0x0000000080000170 (0x00004581) c.li    a1, 0
3 0x0000000080000170 (0x00004581) x11 0x0000000000000000
core   0: 0x0000000080000172 (0x0000067e) c.slli  a2, 31
3 0x0000000080000172 (0x0000067e) x12 0x0000000080000000
core   0: 0x0000000080000174 (0x00064363) bltz    a2, pc + 6
3 0x0000000080000174 (0x00064363)
core   0: 0x0000000080000178 (0x00004601) c.li    a2, 0
3 0x0000000080000178 (0x00004601) x12 0x0000000000000000
core   0: 0x000000008000017a (0x000006fe) c.slli  a3, 31
3 0x000000008000017a (0x000006fe) x13 0x0000000080000000
core   0: 0x000000008000017c (0x0006c363) bltz    a3, pc + 6
3 0x000000008000017c (0x0006c363)
core   0: 0x0000000080000180 (0x00004681) c.li    a3, 0
3 0x0000000080000180 (0x00004681) x13 0x0000000000000000
core   0: 0x0000000080000182 (0x0000077e) c.slli  a4, 31
3 0x0000000080000182 (0x0000077e) x14 0x0000000080000000
core   0: 0x0000000080000184 (0x00074363) bltz    a4, pc + 6
3 0x0000000080000184 (0x00074363)
core   0: 0x0000000080000188 (0x00004701) c.li    a4, 0
3 0x0000000080000188 (0x00004701) x14 0x0000000000000000
core   0: 0x000000008000018a (0x000007fe) c.slli  a5, 31
3 0x000000008000018a (0x000007fe) x15 0x0000000080000000
core   0: 0x000000008000018c (0x0007c363) bltz    a5, pc + 6
3 0x000000008000018c (0x0007c363)
core   0: 0x0000000080000190 (0x00004781) c.li    a5, 0
3 0x0000000080000190 (0x00004781) x15 0x0000000000000000
core   0: 0x0000000080000192 (0x00082023) sw      zero, 0(a6)
3 0x0000000080000192 (0x00082023)
core   0: 0x0000000080000196 (0x00182223) sw      ra, 4(a6)
3 0x0000000080000196 (0x00182223)
core   0: 0x000000008000019a (0x00282423) sw      sp, 8(a6)
3 0x000000008000019a (0x00282423)
core   0: 0x000000008000019e (0x00382623) sw      gp, 12(a6)
3 0x000000008000019e (0x00382623)
core   0: 0x00000000800001a2 (0x00482823) sw      tp, 16(a6)
3 0x00000000800001a2 (0x00482823)
core   0: 0x00000000800001a6 (0x00582a23) sw      t0, 20(a6)
3 0x00000000800001a6 (0x00582a23)
core   0: 0x00000000800001aa (0x00682c23) sw      t1, 24(a6)
3 0x00000000800001aa (0x00682c23)
core   0: 0x00000000800001ae (0x00782e23) sw      t2, 28(a6)
3 0x00000000800001ae (0x00782e23)
core   0: 0x00000000800001b2 (0x02882023) sw      s0, 32(a6)
3 0x00000000800001b2 (0x02882023)
core   0: 0x00000000800001b6 (0x02982223) sw      s1, 36(a6)
3 0x00000000800001b6 (0x02982223)
core   0: 0x00000000800001ba (0x02a82423) sw      a0, 40(a6)
3 0x00000000800001ba (0x02a82423)
core   0: 0x00000000800001be (0x02b82623) sw      a1, 44(a6)
3 0x00000000800001be (0x02b82623)
core   0: 0x00000000800001c2 (0x02c82823) sw      a2, 48(a6)
3 0x00000000800001c2 (0x02c82823)
core   0: 0x00000000800001c6 (0x02d82a23) sw      a3, 52(a6)
3 0x00000000800001c6 (0x02d82a23)
core   0: 0x00000000800001ca (0x02e82c23) sw      a4, 56(a6)
3 0x00000000800001ca (0x02e82c23)
core   0: 0x00000000800001ce (0x02f82e23) sw      a5, 60(a6)
3 0x00000000800001ce (0x02f82e23)
core   0: 0x00000000800001d2 (0x00002097) auipc   ra, 0x2
3 0x00000000800001d2 (0x00002097) x 1 0x00000000800021d2
core   0: 0x00000000800001d6 (0xe6e08093) addi    ra, ra, -402
3 0x00000000800001d6 (0xe6e08093) x 1 0x0000000080002040
core   0: 0x00000000800001da (0x00004805) c.li    a6, 1
3 0x00000000800001da (0x00004805) x16 0x0000000000000001
core   0: 0x00000000800001dc (0x00004885) c.li    a7, 1
3 0x00000000800001dc (0x00004885) x17 0x0000000000000001
core   0: 0x00000000800001de (0x00004905) c.li    s2, 1
3 0x00000000800001de (0x00004905) x18 0x0000000000000001
core   0: 0x00000000800001e0 (0x00004985) c.li    s3, 1
3 0x00000000800001e0 (0x00004985) x19 0x0000000000000001
core   0: 0x00000000800001e2 (0x00004a05) c.li    s4, 1
3 0x00000000800001e2 (0x00004a05) x20 0x0000000000000001
core   0: 0x00000000800001e4 (0x00004a85) c.li    s5, 1
3 0x00000000800001e4 (0x00004a85) x21 0x0000000000000001
core   0: 0x00000000800001e6 (0x00004b05) c.li    s6, 1
3 0x00000000800001e6 (0x00004b05) x22 0x0000000000000001
core   0: 0x00000000800001e8 (0x00004b85) c.li    s7, 1
3 0x00000000800001e8 (0x00004b85) x23 0x0000000000000001
core   0: 0x00000000800001ea (0x00004c05) c.li    s8, 1
3 0x00000000800001ea (0x00004c05) x24 0x0000000000000001
core   0: 0x00000000800001ec (0x00004c85) c.li    s9, 1
3 0x00000000800001ec (0x00004c85) x25 0x0000000000000001
core   0: 0x00000000800001ee (0x00004d05) c.li    s10, 1
3 0x00000000800001ee (0x00004d05) x26 0x0000000000000001
core   0: 0x00000000800001f0 (0x00004d85) c.li    s11, 1
3 0x00000000800001f0 (0x00004d85) x27 0x0000000000000001
core   0: 0x00000000800001f2 (0x00004e05) c.li    t3, 1
3 0x00000000800001f2 (0x00004e05) x28 0x0000000000000001
core   0: 0x00000000800001f4 (0x00004e85) c.li    t4, 1
3 0x00000000800001f4 (0x00004e85) x29 0x0000000000000001
core   0: 0x00000000800001f6 (0x00004f05) c.li    t5, 1
3 0x00000000800001f6 (0x00004f05) x30 0x0000000000000001
core   0: 0x00000000800001f8 (0x00004f85) c.li    t6, 1
3 0x00000000800001f8 (0x00004f85) x31 0x0000000000000001
core   0: 0x00000000800001fa (0x0000087e) c.slli  a6, 31
3 0x00000000800001fa (0x0000087e) x16 0x0000000080000000
core   0: 0x00000000800001fc (0x00084363) bltz    a6, pc + 6
3 0x00000000800001fc (0x00084363)
core   0: 0x0000000080000200 (0x00004801) c.li    a6, 0
3 0x0000000080000200 (0x00004801) x16 0x0000000000000000
core   0: 0x0000000080000202 (0x000008fe) c.slli  a7, 31
3 0x0000000080000202 (0x000008fe) x17 0x0000000080000000
core   0: 0x0000000080000204 (0x0008c363) bltz    a7, pc + 6
3 0x0000000080000204 (0x0008c363)
core   0: 0x0000000080000208 (0x00004881) c.li    a7, 0
3 0x0000000080000208 (0x00004881) x17 0x0000000000000000
core   0: 0x000000008000020a (0x0000097e) c.slli  s2, 31
3 0x000000008000020a (0x0000097e) x18 0x0000000080000000
core   0: 0x000000008000020c (0x00094363) bltz    s2, pc + 6
3 0x000000008000020c (0x00094363)
core   0: 0x0000000080000210 (0x00004901) c.li    s2, 0
3 0x0000000080000210 (0x00004901) x18 0x0000000000000000
core   0: 0x0000000080000212 (0x000009fe) c.slli  s3, 31
3 0x0000000080000212 (0x000009fe) x19 0x0000000080000000
core   0: 0x0000000080000214 (0x0009c363) bltz    s3, pc + 6
3 0x0000000080000214 (0x0009c363)
core   0: 0x0000000080000218 (0x00004981) c.li    s3, 0
3 0x0000000080000218 (0x00004981) x19 0x0000000000000000
core   0: 0x000000008000021a (0x00000a7e) c.slli  s4, 31
3 0x000000008000021a (0x00000a7e) x20 0x0000000080000000
core   0: 0x000000008000021c (0x000a4363) bltz    s4, pc + 6
3 0x000000008000021c (0x000a4363)
core   0: 0x0000000080000220 (0x00004a01) c.li    s4, 0
3 0x0000000080000220 (0x00004a01) x20 0x0000000000000000
core   0: 0x0000000080000222 (0x00000afe) c.slli  s5, 31
3 0x0000000080000222 (0x00000afe) x21 0x0000000080000000
core   0: 0x0000000080000224 (0x000ac363) bltz    s5, pc + 6
3 0x0000000080000224 (0x000ac363)
core   0: 0x0000000080000228 (0x00004a81) c.li    s5, 0
3 0x0000000080000228 (0x00004a81) x21 0x0000000000000000
core   0: 0x000000008000022a (0x00000b7e) c.slli  s6, 31
3 0x000000008000022a (0x00000b7e) x22 0x0000000080000000
core   0: 0x000000008000022c (0x000b4363) bltz    s6, pc + 6
3 0x000000008000022c (0x000b4363)
core   0: 0x0000000080000230 (0x00004b01) c.li    s6, 0
3 0x0000000080000230 (0x00004b01) x22 0x0000000000000000
core   0: 0x0000000080000232 (0x00000bfe) c.slli  s7, 31
3 0x0000000080000232 (0x00000bfe) x23 0x0000000080000000
core   0: 0x0000000080000234 (0x000bc363) bltz    s7, pc + 6
3 0x0000000080000234 (0x000bc363)
core   0: 0x0000000080000238 (0x00004b81) c.li    s7, 0
3 0x0000000080000238 (0x00004b81) x23 0x0000000000000000
core   0: 0x000000008000023a (0x00000c7e) c.slli  s8, 31
3 0x000000008000023a (0x00000c7e) x24 0x0000000080000000
core   0: 0x000000008000023c (0x000c4363) bltz    s8, pc + 6
3 0x000000008000023c (0x000c4363)
core   0: 0x0000000080000240 (0x00004c01) c.li    s8, 0
3 0x0000000080000240 (0x00004c01) x24 0x0000000000000000
core   0: 0x0000000080000242 (0x00000cfe) c.slli  s9, 31
3 0x0000000080000242 (0x00000cfe) x25 0x0000000080000000
core   0: 0x0000000080000244 (0x000cc363) bltz    s9, pc + 6
3 0x0000000080000244 (0x000cc363)
core   0: 0x0000000080000248 (0x00004c81) c.li    s9, 0
3 0x0000000080000248 (0x00004c81) x25 0x0000000000000000
core   0: 0x000000008000024a (0x00000d7e) c.slli  s10, 31
3 0x000000008000024a (0x00000d7e) x26 0x0000000080000000
core   0: 0x000000008000024c (0x000d4363) bltz    s10, pc + 6
3 0x000000008000024c (0x000d4363)
core   0: 0x0000000080000250 (0x00004d01) c.li    s10, 0
3 0x0000000080000250 (0x00004d01) x26 0x0000000000000000
core   0: 0x0000000080000252 (0x00000dfe) c.slli  s11, 31
3 0x0000000080000252 (0x00000dfe) x27 0x0000000080000000
core   0: 0x0000000080000254 (0x000dc363) bltz    s11, pc + 6
3 0x0000000080000254 (0x000dc363)
core   0: 0x0000000080000258 (0x00004d81) c.li    s11, 0
3 0x0000000080000258 (0x00004d81) x27 0x0000000000000000
core   0: 0x000000008000025a (0x00000e7e) c.slli  t3, 31
3 0x000000008000025a (0x00000e7e) x28 0x0000000080000000
core   0: 0x000000008000025c (0x000e4363) bltz    t3, pc + 6
3 0x000000008000025c (0x000e4363)
core   0: 0x0000000080000260 (0x00004e01) c.li    t3, 0
3 0x0000000080000260 (0x00004e01) x28 0x0000000000000000
core   0: 0x0000000080000262 (0x00000efe) c.slli  t4, 31
3 0x0000000080000262 (0x00000efe) x29 0x0000000080000000
core   0: 0x0000000080000264 (0x000ec363) bltz    t4, pc + 6
3 0x0000000080000264 (0x000ec363)
core   0: 0x0000000080000268 (0x00004e81) c.li    t4, 0
3 0x0000000080000268 (0x00004e81) x29 0x0000000000000000
core   0: 0x000000008000026a (0x00000f7e) c.slli  t5, 31
3 0x000000008000026a (0x00000f7e) x30 0x0000000080000000
core   0: 0x000000008000026c (0x000f4363) bltz    t5, pc + 6
3 0x000000008000026c (0x000f4363)
core   0: 0x0000000080000270 (0x00004f01) c.li    t5, 0
3 0x0000000080000270 (0x00004f01) x30 0x0000000000000000
core   0: 0x0000000080000272 (0x00000ffe) c.slli  t6, 31
3 0x0000000080000272 (0x00000ffe) x31 0x0000000080000000
core   0: 0x0000000080000274 (0x000fc363) bltz    t6, pc + 6
3 0x0000000080000274 (0x000fc363)
core   0: 0x0000000080000278 (0x00004f81) c.li    t6, 0
3 0x0000000080000278 (0x00004f81) x31 0x0000000000000000
core   0: 0x000000008000027a (0x0100a023) sw      a6, 0(ra)
3 0x000000008000027a (0x0100a023)
core   0: 0x000000008000027e (0x0110a223) sw      a7, 4(ra)
3 0x000000008000027e (0x0110a223)
core   0: 0x0000000080000282 (0x0120a423) sw      s2, 8(ra)
3 0x0000000080000282 (0x0120a423)
core   0: 0x0000000080000286 (0x0130a623) sw      s3, 12(ra)
3 0x0000000080000286 (0x0130a623)
core   0: 0x000000008000028a (0x0140a823) sw      s4, 16(ra)
3 0x000000008000028a (0x0140a823)
core   0: 0x000000008000028e (0x0150aa23) sw      s5, 20(ra)
3 0x000000008000028e (0x0150aa23)
core   0: 0x0000000080000292 (0x0160ac23) sw      s6, 24(ra)
3 0x0000000080000292 (0x0160ac23)
core   0: 0x0000000080000296 (0x0170ae23) sw      s7, 28(ra)
3 0x0000000080000296 (0x0170ae23)
core   0: 0x000000008000029a (0x0380a023) sw      s8, 32(ra)
3 0x000000008000029a (0x0380a023)
core   0: 0x000000008000029e (0x0390a223) sw      s9, 36(ra)
3 0x000000008000029e (0x0390a223)
core   0: 0x00000000800002a2 (0x03a0a423) sw      s10, 40(ra)
3 0x00000000800002a2 (0x03a0a423)
core   0: 0x00000000800002a6 (0x03b0a623) sw      s11, 44(ra)
3 0x00000000800002a6 (0x03b0a623)
core   0: 0x00000000800002aa (0x03c0a823) sw      t3, 48(ra)
3 0x00000000800002aa (0x03c0a823)
core   0: 0x00000000800002ae (0x03d0aa23) sw      t4, 52(ra)
3 0x00000000800002ae (0x03d0aa23)
core   0: 0x00000000800002b2 (0x03e0ac23) sw      t5, 56(ra)
3 0x00000000800002b2 (0x03e0ac23)
core   0: 0x00000000800002b6 (0x03f0ae23) sw      t6, 60(ra)
3 0x00000000800002b6 (0x03f0ae23)
core   0: 0x00000000800002ba (0x0ff0000f) fence   iorw,iorw
3 0x00000000800002ba (0x0ff0000f)
core   0: 0x00000000800002be (0x00004185) c.li    gp, 1
3 0x00000000800002be (0x00004185) x 3 0x0000000000000001
core   0: 0x00000000800002c0 (0x00000073) ecall
3 0x00000000800002c0 (0x00000073)
