core   0: 0x0000000000010000 (0x00100413) li      s0, 1
3 0x0000000000010000 (0x00100413) x 8 0x0000000000000001
core   0: 0x0000000000010004 (0x01f41413) slli    s0, s0, 31
3 0x0000000000010004 (0x01f41413) x 8 0x0000000080000000
core   0: 0x0000000000010008 (0xf1402573) csrr    a0, mhartid
3 0x0000000000010008 (0xf1402573) x10 0x0000000000000000
core   0: 0x000000000001000c (0x00000597) auipc   a1, 0x0
3 0x000000000001000c (0x00000597) x11 0x000000000001000c
core   0: 0x0000000000010010 (0x07458593) addi    a1, a1, 116
3 0x0000000000010010 (0x07458593) x11 0x0000000000010080
core   0: 0x0000000000010014 (0x00040067) jr      s0
3 0x0000000000010014 (0x00040067)
core   0: 0x0000000080000000 (0x0000a081) c.j     pc + 64
3 0x0000000080000000 (0x0000a081)
core   0: 0x0000000080000040 (0xf1402573) csrr    a0, mhartid
3 0x0000000080000040 (0xf1402573) x10 0x0000000000000000
core   0: 0x0000000080000044 (0x0000e101) c.bnez  a0, pc + 0
3 0x0000000080000044 (0x0000e101)
core   0: 0x0000000080000046 (0x00000297) auipc   t0, 0x0
3 0x0000000080000046 (0x00000297) x 5 0x0000000080000046
core   0: 0x000000008000004a (0x01228293) addi    t0, t0, 18
3 0x000000008000004a (0x01228293) x 5 0x0000000080000058
core   0: 0x000000008000004e (0x30529073) csrw    mtvec, t0
3 0x000000008000004e (0x30529073)
core   0: 0x0000000080000052 (0x18005073) csrwi   satp, 0
3 0x0000000080000052 (0x18005073)
core   0: 0x0000000080000056 (0x00000001) c.nop
3 0x0000000080000056 (0x00000001)
core   0: 0x0000000080000058 (0x00000297) auipc   t0, 0x0
3 0x0000000080000058 (0x00000297) x 5 0x0000000080000058
core   0: 0x000000008000005c (0x01828293) addi    t0, t0, 24
3 0x000000008000005c (0x01828293) x 5 0x0000000080000070
core   0: 0x0000000080000060 (0x30529073) csrw    mtvec, t0
3 0x0000000080000060 (0x30529073)
core   0: 0x0000000080000064 (0x000052fd) c.li    t0, -1
3 0x0000000080000064 (0x000052fd) x 5 0xffffffffffffffff
core   0: 0x0000000080000066 (0x3b029073) csrw    pmpaddr0, t0
3 0x0000000080000066 (0x3b029073)
core   0: 0x000000008000006a (0x000042fd) c.li    t0, 31
3 0x000000008000006a (0x000042fd) x 5 0x000000000000001f
core   0: 0x000000008000006c (0x3a029073) csrw    pmpcfg0, t0
3 0x000000008000006c (0x3a029073)
core   0: 0x0000000080000070 (0x00000297) auipc   t0, 0x0
3 0x0000000080000070 (0x00000297) x 5 0x0000000080000070
core   0: 0x0000000080000074 (0x01828293) addi    t0, t0, 24
3 0x0000000080000074 (0x01828293) x 5 0x0000000080000088
core   0: 0x0000000080000078 (0x30529073) csrw    mtvec, t0
3 0x0000000080000078 (0x30529073)
core   0: 0x000000008000007c (0x30205073) csrwi   medeleg, 0
3 0x000000008000007c (0x30205073)
core   0: 0x0000000080000080 (0x30305073) csrwi   mideleg, 0
3 0x0000000080000080 (0x30305073)
core   0: 0x0000000080000084 (0x30405073) csrwi   mie, 0
3 0x0000000080000084 (0x30405073)
core   0: 0x0000000080000088 (0x00004181) c.li    gp, 0
3 0x0000000080000088 (0x00004181) x 3 0x0000000000000000
core   0: 0x000000008000008a (0x00000297) auipc   t0, 0x0
3 0x000000008000008a (0x00000297) x 5 0x000000008000008a
core   0: 0x000000008000008e (0xf7a28293) addi    t0, t0, -134
3 0x000000008000008e (0xf7a28293) x 5 0x0000000080000004
core   0: 0x0000000080000092 (0x30529073) csrw    mtvec, t0
3 0x0000000080000092 (0x30529073)
core   0: 0x0000000080000096 (0x00004505) c.li    a0, 1
3 0x0000000080000096 (0x00004505) x10 0x0000000000000001
core   0: 0x0000000080000098 (0x0000057e) c.slli  a0, 31
3 0x0000000080000098 (0x0000057e) x10 0x0000000080000000
core   0: 0x000000008000009a (0x00055763) bgez    a0, pc + 14
3 0x000000008000009a (0x00055763)
core   0: 0x00000000800000a8 (0x80000297) auipc   t0, 0x80000
3 0x00000000800000a8 (0x80000297) x 5 0x00000000000000a8
core   0: 0x00000000800000ac (0xf5828293) addi    t0, t0, -168
3 0x00000000800000ac (0xf5828293) x 5 0x0000000000000000
core   0: 0x00000000800000b0 (0x00028e63) beqz    t0, pc + 28
3 0x00000000800000b0 (0x00028e63)
core   0: 0x00000000800000cc (0x30005073) csrwi   mstatus, 0
3 0x00000000800000cc (0x30005073)
core   0: 0x00000000800000d0 (0x00002537) lui     a0, 0x2
3 0x00000000800000d0 (0x00002537) x10 0x0000000000002000
core   0: 0x00000000800000d4 (0x8005051b) addiw   a0, a0, -2048
3 0x00000000800000d4 (0x8005051b) x10 0x0000000000001800
core   0: 0x00000000800000d8 (0x30052073) csrs    mstatus, a0
3 0x00000000800000d8 (0x30052073)
core   0: 0x00000000800000dc (0x00000297) auipc   t0, 0x0
3 0x00000000800000dc (0x00000297) x 5 0x00000000800000dc
core   0: 0x00000000800000e0 (0x01428293) addi    t0, t0, 20
3 0x00000000800000e0 (0x01428293) x 5 0x00000000800000f0
core   0: 0x00000000800000e4 (0x34129073) csrw    mepc, t0
3 0x00000000800000e4 (0x34129073)
core   0: 0x00000000800000e8 (0xf1402573) csrr    a0, mhartid
3 0x00000000800000e8 (0xf1402573) x10 0x0000000000000000
core   0: 0x00000000800000ec (0x30200073) mret
3 0x00000000800000ec (0x30200073)
core   0: 0x00000000800000f0 (0x00002297) auipc   t0, 0x2
3 0x00000000800000f0 (0x00002297) x 5 0x00000000800020f0
core   0: 0x00000000800000f4 (0xf1028293) addi    t0, t0, -240
3 0x00000000800000f4 (0xf1028293) x 5 0x0000000080002000
core   0: 0x00000000800000f8 (0x00028023) sb      zero, 0(t0)
3 0x00000000800000f8 (0x00028023)
core   0: 0x00000000800000fc (0x0000587d) c.li    a6, -1
3 0x00000000800000fc (0x0000587d) x16 0xffffffffffffffff
core   0: 0x00000000800000fe (0x00028f93) mv      t6, t0
3 0x00000000800000fe (0x00028f93) x31 0x0000000080002000
core   0: 0x0000000080000102 (0x010f8023) sb      a6, 0(t6)
3 0x0000000080000102 (0x010f8023)
core   0: 0x0000000080000106 (0xfe028f23) sb      zero, -2(t0)
3 0x0000000080000106 (0xfe028f23)
core   0: 0x000000008000010a (0x00004785) c.li    a5, 1
3 0x000000008000010a (0x00004785) x15 0x0000000000000001
core   0: 0x000000008000010c (0x00028f13) mv      t5, t0
3 0x000000008000010c (0x00028f13) x30 0x0000000080002000
core   0: 0x0000000080000110 (0xfeff0f23) sb      a5, -2(t5)
3 0x0000000080000110 (0xfeff0f23)
core   0: 0x0000000080000114 (0x000281a3) sb      zero, 3(t0)
3 0x0000000080000114 (0x000281a3)
core   0: 0x0000000080000118 (0x00004701) c.li    a4, 0
3 0x0000000080000118 (0x00004701) x14 0x0000000000000000
core   0: 0x000000008000011a (0x00028e93) mv      t4, t0
3 0x000000008000011a (0x00028e93) x29 0x0000000080002000
core   0: 0x000000008000011e (0x00ee81a3) sb      a4, 3(t4)
3 0x000000008000011e (0x00ee81a3)
core   0: 0x0000000080000122 (0xfe028e23) sb      zero, -4(t0)
3 0x0000000080000122 (0xfe028e23)
core   0: 0x0000000080000126 (0x7ff00693) li      a3, 2047
3 0x0000000080000126 (0x7ff00693) x13 0x00000000000007ff
core   0: 0x000000008000012a (0x00028e13) mv      t3, t0
3 0x000000008000012a (0x00028e13) x28 0x0000000080002000
core   0: 0x000000008000012e (0xfede0e23) sb      a3, -4(t3)
3 0x000000008000012e (0xfede0e23)
core   0: 0x0000000080000132 (0x00028123) sb      zero, 2(t0)
3 0x0000000080000132 (0x00028123)
core   0: 0x0000000080000136 (0x00004601) c.li    a2, 0
3 0x0000000080000136 (0x00004601) x12 0x0000000000000000
core   0: 0x0000000080000138 (0x00028d93) mv      s11, t0
3 0x0000000080000138 (0x00028d93) x27 0x0000000080002000
core   0: 0x000000008000013c (0x00cd8123) sb      a2, 2(s11)
3 0x000000008000013c (0x00cd8123)
core   0: 0x0000000080000140 (0x00002097) auipc   ra, 0x2
3 0x0000000080000140 (0x00002097) x 1 0x0000000080002140
core   0: 0x0000000080000144 (0xed408093) addi    ra, ra, -300
3 0x0000000080000144 (0xed408093) x 1 0x0000000080002014
core   0: 0x0000000080000148 (0x00008223) sb      zero, 4(ra)
3 0x0000000080000148 (0x00008223)
core   0: 0x000000008000014c (0x000015b7) lui     a1, 0x1
3 0x000000008000014c (0x000015b7) x11 0x0000000000001000
core   0: 0x0000000080000150 (0x8005859b) addiw   a1, a1, -2048
3 0x0000000080000150 (0x8005859b) x11 0x0000000000000800
core   0: 0x0000000080000154 (0x00008d13) mv      s10, ra
3 0x0000000080000154 (0x00008d13) x26 0x0000000080002014
core   0: 0x0000000080000158 (0x00bd0223) sb      a1, 4(s10)
3 0x0000000080000158 (0x00bd0223)
core   0: 0x000000008000015c (0xfe008fa3) sb      zero, -1(ra)
3 0x000000008000015c (0xfe008fa3)
core   0: 0x0000000080000160 (0x07654537) lui     a0, 0x7654
3 0x0000000080000160 (0x07654537) x10 0x0000000007654000
core   0: 0x0000000080000164 (0x3215051b) addiw   a0, a0, 801
3 0x0000000080000164 (0x3215051b) x10 0x0000000007654321
core   0: 0x0000000080000168 (0x00008c93) mv      s9, ra
3 0x0000000080000168 (0x00008c93) x25 0x0000000080002014
core   0: 0x000000008000016c (0xfeac8fa3) sb      a0, -1(s9)
3 0x000000008000016c (0xfeac8fa3)
core   0: 0x0000000080000170 (0x000080a3) sb      zero, 1(ra)
3 0x0000000080000170 (0x000080a3)
core   0: 0x0000000080000174 (0x800004b7) lui     s1, 0x80000
3 0x0000000080000174 (0x800004b7) x 9 0xffffffff80000000
core   0: 0x0000000080000178 (0xfff4849b) addiw   s1, s1, -1
3 0x0000000080000178 (0xfff4849b) x 9 0x000000007fffffff
core   0: 0x000000008000017c (0x00008c13) mv      s8, ra
3 0x000000008000017c (0x00008c13) x24 0x0000000080002014
core   0: 0x0000000080000180 (0x009c00a3) sb      s1, 1(s8)
3 0x0000000080000180 (0x009c00a3)
core   0: 0x0000000080000184 (0x00008023) sb      zero, 0(ra)
3 0x0000000080000184 (0x00008023)
core   0: 0x0000000080000188 (0x00004405) c.li    s0, 1
3 0x0000000080000188 (0x00004405) x 8 0x0000000000000001
core   0: 0x000000008000018a (0x00008b93) mv      s7, ra
3 0x000000008000018a (0x00008b93) x23 0x0000000080002014
core   0: 0x000000008000018e (0x008b8023) sb      s0, 0(s7)
3 0x000000008000018e (0x008b8023)
core   0: 0x0000000080000192 (0xfe008f23) sb      zero, -2(ra)
3 0x0000000080000192 (0xfe008f23)
core   0: 0x0000000080000196 (0x0010039b) addiw   t2, zero, 1
3 0x0000000080000196 (0x0010039b) x 7 0x0000000000000001
core   0: 0x000000008000019a (0x02039393) slli    t2, t2, 32
3 0x000000008000019a (0x02039393) x 7 0x0000000100000000
core   0: 0x000000008000019e (0xfff38393) addi    t2, t2, -1
3 0x000000008000019e (0xfff38393) x 7 0x00000000ffffffff
core   0: 0x00000000800001a2 (0x00008b13) mv      s6, ra
3 0x00000000800001a2 (0x00008b13) x22 0x0000000080002014
core   0: 0x00000000800001a6 (0xfe7b0f23) sb      t2, -2(s6)
3 0x00000000800001a6 (0xfe7b0f23)
core   0: 0x00000000800001aa (0x00002097) auipc   ra, 0x2
3 0x00000000800001aa (0x00002097) x 1 0x00000000800021aa
core   0: 0x00000000800001ae (0xe7e08093) addi    ra, ra, -386
3 0x00000000800001ae (0xe7e08093) x 1 0x0000000080002028
core   0: 0x00000000800001b2 (0x000081a3) sb      zero, 3(ra)
3 0x00000000800001b2 (0x000081a3)
core   0: 0x00000000800001b6 (0x00001337) lui     t1, 0x1
3 0x00000000800001b6 (0x00001337) x 6 0x0000000000001000
core   0: 0x00000000800001ba (0x2343031b) addiw   t1, t1, 564
3 0x00000000800001ba (0x2343031b) x 6 0x0000000000001234
core   0: 0x00000000800001be (0x00008a93) mv      s5, ra
3 0x00000000800001be (0x00008a93) x21 0x0000000080002028
core   0: 0x00000000800001c2 (0x006a81a3) sb      t1, 3(s5)
3 0x00000000800001c2 (0x006a81a3)
core   0: 0x00000000800001c6 (0xfe008e23) sb      zero, -4(ra)
3 0x00000000800001c6 (0xfe008e23)
core   0: 0x00000000800001ca (0x0010029b) addiw   t0, zero, 1
3 0x00000000800001ca (0x0010029b) x 5 0x0000000000000001
core   0: 0x00000000800001ce (0x01f29293) slli    t0, t0, 31
3 0x00000000800001ce (0x01f29293) x 5 0x0000000080000000
core   0: 0x00000000800001d2 (0x00008a13) mv      s4, ra
3 0x00000000800001d2 (0x00008a13) x20 0x0000000080002028
core   0: 0x00000000800001d6 (0xfe5a0e23) sb      t0, -4(s4)
3 0x00000000800001d6 (0xfe5a0e23)
core   0: 0x00000000800001da (0x00008123) sb      zero, 2(ra)
3 0x00000000800001da (0x00008123)
core   0: 0x00000000800001de (0xfffff237) lui     tp, 0xfffff
3 0x00000000800001de (0xfffff237) x 4 0xfffffffffffff000
core   0: 0x00000000800001e2 (0xdcc2021b) addiw   tp, tp, -564
3 0x00000000800001e2 (0xdcc2021b) x 4 0xffffffffffffedcc
core   0: 0x00000000800001e6 (0x00008993) mv      s3, ra
3 0x00000000800001e6 (0x00008993) x19 0x0000000080002028
core   0: 0x00000000800001ea (0x00498123) sb      tp, 2(s3)
3 0x00000000800001ea (0x00498123)
core   0: 0x00000000800001ee (0x00008223) sb      zero, 4(ra)
3 0x00000000800001ee (0x00008223)
core   0: 0x00000000800001f2 (0x000051fd) c.li    gp, -1
3 0x00000000800001f2 (0x000051fd) x 3 0xffffffffffffffff
core   0: 0x00000000800001f4 (0x00008913) mv      s2, ra
3 0x00000000800001f4 (0x00008913) x18 0x0000000080002028
core   0: 0x00000000800001f8 (0x00390223) sb      gp, 4(s2)
3 0x00000000800001f8 (0x00390223)
core   0: 0x00000000800001fc (0xfe008fa3) sb      zero, -1(ra)
3 0x00000000800001fc (0xfe008fa3)
core   0: 0x0000000080000200 (0x80100113) li      sp, -2047
3 0x0000000080000200 (0x80100113) x 2 0xfffffffffffff801
core   0: 0x0000000080000204 (0x00008893) mv      a7, ra
3 0x0000000080000204 (0x00008893) x17 0x0000000080002028
core   0: 0x0000000080000208 (0xfe288fa3) sb      sp, -1(a7)
3 0x0000000080000208 (0xfe288fa3)
core   0: 0x000000008000020c (0x00002117) auipc   sp, 0x2
3 0x000000008000020c (0x00002117) x 2 0x000000008000220c
core   0: 0x0000000080000210 (0xe3010113) addi    sp, sp, -464
3 0x0000000080000210 (0xe3010113) x 2 0x000000008000203c
core   0: 0x0000000080000214 (0x000100a3) sb      zero, 1(sp)
3 0x0000000080000214 (0x000100a3)
core   0: 0x0000000080000218 (0x00004081) c.li    ra, 0
3 0x0000000080000218 (0x00004081) x 1 0x0000000000000000
core   0: 0x000000008000021a (0x00010813) mv      a6, sp
3 0x000000008000021a (0x00010813) x16 0x000000008000203c
core   0: 0x000000008000021e (0x001800a3) sb      ra, 1(a6)
3 0x000000008000021e (0x001800a3)
core   0: 0x0000000080000222 (0x00010023) sb      zero, 0(sp)
3 0x0000000080000222 (0x00010023)
core   0: 0x0000000080000226 (0xfff00013) li      zero, -1
3 0x0000000080000226 (0xfff00013)
core   0: 0x000000008000022a (0x00010793) mv      a5, sp
3 0x000000008000022a (0x00010793) x15 0x000000008000203c
core   0: 0x000000008000022e (0x00078023) sb      zero, 0(a5)
3 0x000000008000022e (0x00078023)
core   0: 0x0000000080000232 (0xfe010f23) sb      zero, -2(sp)
3 0x0000000080000232 (0xfe010f23)
core   0: 0x0000000080000236 (0x00004f85) c.li    t6, 1
3 0x0000000080000236 (0x00004f85) x31 0x0000000000000001
core   0: 0x0000000080000238 (0x00010713) mv      a4, sp
3 0x0000000080000238 (0x00010713) x14 0x000000008000203c
core   0: 0x000000008000023c (0xfff70f23) sb      t6, -2(a4)
3 0x000000008000023c (0xfff70f23)
core   0: 0x0000000080000240 (0x000101a3) sb      zero, 3(sp)
3 0x0000000080000240 (0x000101a3)
core   0: 0x0000000080000244 (0x00004f01) c.li    t5, 0
3 0x0000000080000244 (0x00004f01) x30 0x0000000000000000
core   0: 0x0000000080000246 (0x00010693) mv      a3, sp
3 0x0000000080000246 (0x00010693) x13 0x000000008000203c
core   0: 0x000000008000024a (0x01e681a3) sb      t5, 3(a3)
3 0x000000008000024a (0x01e681a3)
core   0: 0x000000008000024e (0xfe010e23) sb      zero, -4(sp)
3 0x000000008000024e (0xfe010e23)
core   0: 0x0000000080000252 (0x7ff00e93) li      t4, 2047
3 0x0000000080000252 (0x7ff00e93) x29 0x00000000000007ff
core   0: 0x0000000080000256 (0x00010613) mv      a2, sp
3 0x0000000080000256 (0x00010613) x12 0x000000008000203c
core   0: 0x000000008000025a (0xffd60e23) sb      t4, -4(a2)
3 0x000000008000025a (0xffd60e23)
core   0: 0x000000008000025e (0x00002097) auipc   ra, 0x2
3 0x000000008000025e (0x00002097) x 1 0x000000008000225e
core   0: 0x0000000080000262 (0xdf208093) addi    ra, ra, -526
3 0x0000000080000262 (0xdf208093) x 1 0x0000000080002050
core   0: 0x0000000080000266 (0x00008123) sb      zero, 2(ra)
3 0x0000000080000266 (0x00008123)
core   0: 0x000000008000026a (0x00004e01) c.li    t3, 0
3 0x000000008000026a (0x00004e01) x28 0x0000000000000000
core   0: 0x000000008000026c (0x00008593) mv      a1, ra
3 0x000000008000026c (0x00008593) x11 0x0000000080002050
core   0: 0x0000000080000270 (0x01c58123) sb      t3, 2(a1)
3 0x0000000080000270 (0x01c58123)
core   0: 0x0000000080000274 (0x00008223) sb      zero, 4(ra)
3 0x0000000080000274 (0x00008223)
core   0: 0x0000000080000278 (0x00001db7) lui     s11, 0x1
3 0x0000000080000278 (0x00001db7) x27 0x0000000000001000
core   0: 0x000000008000027c (0x800d8d9b) addiw   s11, s11, -2048
3 0x000000008000027c (0x800d8d9b) x27 0x0000000000000800
core   0: 0x0000000080000280 (0x00008513) mv      a0, ra
3 0x0000000080000280 (0x00008513) x10 0x0000000080002050
core   0: 0x0000000080000284 (0x01b50223) sb      s11, 4(a0)
3 0x0000000080000284 (0x01b50223)
core   0: 0x0000000080000288 (0xfe008fa3) sb      zero, -1(ra)
3 0x0000000080000288 (0xfe008fa3)
core   0: 0x000000008000028c (0x07654d37) lui     s10, 0x7654
3 0x000000008000028c (0x07654d37) x26 0x0000000007654000
core   0: 0x0000000080000290 (0x321d0d1b) addiw   s10, s10, 801
3 0x0000000080000290 (0x321d0d1b) x26 0x0000000007654321
core   0: 0x0000000080000294 (0x00008493) mv      s1, ra
3 0x0000000080000294 (0x00008493) x 9 0x0000000080002050
core   0: 0x0000000080000298 (0xffa48fa3) sb      s10, -1(s1)
3 0x0000000080000298 (0xffa48fa3)
core   0: 0x000000008000029c (0x000080a3) sb      zero, 1(ra)
3 0x000000008000029c (0x000080a3)
core   0: 0x00000000800002a0 (0x80000cb7) lui     s9, 0x80000
3 0x00000000800002a0 (0x80000cb7) x25 0xffffffff80000000
core   0: 0x00000000800002a4 (0xfffc8c9b) addiw   s9, s9, -1
3 0x00000000800002a4 (0xfffc8c9b) x25 0x000000007fffffff
core   0: 0x00000000800002a8 (0x00008413) mv      s0, ra
3 0x00000000800002a8 (0x00008413) x 8 0x0000000080002050
core   0: 0x00000000800002ac (0x019400a3) sb      s9, 1(s0)
3 0x00000000800002ac (0x019400a3)
core   0: 0x00000000800002b0 (0x00008023) sb      zero, 0(ra)
3 0x00000000800002b0 (0x00008023)
core   0: 0x00000000800002b4 (0x00004c05) c.li    s8, 1
3 0x00000000800002b4 (0x00004c05) x24 0x0000000000000001
core   0: 0x00000000800002b6 (0x00008393) mv      t2, ra
3 0x00000000800002b6 (0x00008393) x 7 0x0000000080002050
core   0: 0x00000000800002ba (0x01838023) sb      s8, 0(t2)
3 0x00000000800002ba (0x01838023)
core   0: 0x00000000800002be (0x00002097) auipc   ra, 0x2
3 0x00000000800002be (0x00002097) x 1 0x00000000800022be
core   0: 0x00000000800002c2 (0xda608093) addi    ra, ra, -602
3 0x00000000800002c2 (0xda608093) x 1 0x0000000080002064
core   0: 0x00000000800002c6 (0xfe008f23) sb      zero, -2(ra)
3 0x00000000800002c6 (0xfe008f23)
core   0: 0x00000000800002ca (0x00100b9b) addiw   s7, zero, 1
3 0x00000000800002ca (0x00100b9b) x23 0x0000000000000001
core   0: 0x00000000800002ce (0x020b9b93) slli    s7, s7, 32
3 0x00000000800002ce (0x020b9b93) x23 0x0000000100000000
core   0: 0x00000000800002d2 (0xfffb8b93) addi    s7, s7, -1
3 0x00000000800002d2 (0xfffb8b93) x23 0x00000000ffffffff
core   0: 0x00000000800002d6 (0x00008313) mv      t1, ra
3 0x00000000800002d6 (0x00008313) x 6 0x0000000080002064
core   0: 0x00000000800002da (0xff730f23) sb      s7, -2(t1)
3 0x00000000800002da (0xff730f23)
core   0: 0x00000000800002de (0x000081a3) sb      zero, 3(ra)
3 0x00000000800002de (0x000081a3)
core   0: 0x00000000800002e2 (0x00001b37) lui     s6, 0x1
3 0x00000000800002e2 (0x00001b37) x22 0x0000000000001000
core   0: 0x00000000800002e6 (0x234b0b1b) addiw   s6, s6, 564
3 0x00000000800002e6 (0x234b0b1b) x22 0x0000000000001234
core   0: 0x00000000800002ea (0x00008293) mv      t0, ra
3 0x00000000800002ea (0x00008293) x 5 0x0000000080002064
core   0: 0x00000000800002ee (0x016281a3) sb      s6, 3(t0)
3 0x00000000800002ee (0x016281a3)
core   0: 0x00000000800002f2 (0xfe008e23) sb      zero, -4(ra)
3 0x00000000800002f2 (0xfe008e23)
core   0: 0x00000000800002f6 (0x00100a9b) addiw   s5, zero, 1
3 0x00000000800002f6 (0x00100a9b) x21 0x0000000000000001
core   0: 0x00000000800002fa (0x01fa9a93) slli    s5, s5, 31
3 0x00000000800002fa (0x01fa9a93) x21 0x0000000080000000
core   0: 0x00000000800002fe (0x00008213) mv      tp, ra
3 0x00000000800002fe (0x00008213) x 4 0x0000000080002064
core   0: 0x0000000080000302 (0xff520e23) sb      s5, -4(tp)
3 0x0000000080000302 (0xff520e23)
core   0: 0x0000000080000306 (0x00008123) sb      zero, 2(ra)
3 0x0000000080000306 (0x00008123)
core   0: 0x000000008000030a (0xfffffa37) lui     s4, 0xfffff
3 0x000000008000030a (0xfffffa37) x20 0xfffffffffffff000
core   0: 0x000000008000030e (0xdcca0a1b) addiw   s4, s4, -564
3 0x000000008000030e (0xdcca0a1b) x20 0xffffffffffffedcc
core   0: 0x0000000080000312 (0x00008193) mv      gp, ra
3 0x0000000080000312 (0x00008193) x 3 0x0000000080002064
core   0: 0x0000000080000316 (0x01418123) sb      s4, 2(gp)
3 0x0000000080000316 (0x01418123)
core   0: 0x000000008000031a (0x00008223) sb      zero, 4(ra)
3 0x000000008000031a (0x00008223)
core   0: 0x000000008000031e (0x000059fd) c.li    s3, -1
3 0x000000008000031e (0x000059fd) x19 0xffffffffffffffff
core   0: 0x0000000080000320 (0x00008113) mv      sp, ra
3 0x0000000080000320 (0x00008113) x 2 0x0000000080002064
core   0: 0x0000000080000324 (0x01310223) sb      s3, 4(sp)
3 0x0000000080000324 (0x01310223)
core   0: 0x0000000080000328 (0x00002117) auipc   sp, 0x2
3 0x0000000080000328 (0x00002117) x 2 0x0000000080002328
core   0: 0x000000008000032c (0xd5010113) addi    sp, sp, -688
3 0x000000008000032c (0xd5010113) x 2 0x0000000080002078
core   0: 0x0000000080000330 (0xfe010fa3) sb      zero, -1(sp)
3 0x0000000080000330 (0xfe010fa3)
core   0: 0x0000000080000334 (0x80100913) li      s2, -2047
3 0x0000000080000334 (0x80100913) x18 0xfffffffffffff801
core   0: 0x0000000080000338 (0x00010093) mv      ra, sp
3 0x0000000080000338 (0x00010093) x 1 0x0000000080002078
core   0: 0x000000008000033c (0xff208fa3) sb      s2, -1(ra)
3 0x000000008000033c (0xff208fa3)
core   0: 0x0000000080000340 (0x000100a3) sb      zero, 1(sp)
3 0x0000000080000340 (0x000100a3)
core   0: 0x0000000080000344 (0x00004881) c.li    a7, 0
3 0x0000000080000344 (0x00004881) x17 0x0000000000000000
core   0: 0x0000000080000346 (0x00010093) mv      ra, sp
3 0x0000000080000346 (0x00010093) x 1 0x0000000080002078
core   0: 0x000000008000034a (0x011080a3) sb      a7, 1(ra)
3 0x000000008000034a (0x011080a3)
core   0: 0x000000008000034e (0x0ff0000f) fence   iorw,iorw
3 0x000000008000034e (0x0ff0000f)
core   0: 0x0000000080000352 (0x00004185) c.li    gp, 1
3 0x0000000080000352 (0x00004185) x 3 0x0000000000000001
core   0: 0x0000000080000354 (0x00000073) ecall
3 0x0000000080000354 (0x00000073)
