core   0: 0x0000000000010000 (0x00100413) li      s0, 1
3 0x0000000000010000 (0x00100413) x 8 0x0000000000000001
core   0: 0x0000000000010004 (0x01f41413) slli    s0, s0, 31
3 0x0000000000010004 (0x01f41413) x 8 0x0000000080000000
core   0: 0x0000000000010008 (0xf1402573) csrr    a0, mhartid
3 0x0000000000010008 (0xf1402573) x10 0x0000000000000000
core   0: 0x000000000001000c (0x00000597) auipc   a1, 0x0
3 0x000000000001000c (0x00000597) x11 0x000000000001000c
core   0: 0x0000000000010010 (0x07458593) addi    a1, a1, 116
3 0x0000000000010010 (0x07458593) x11 0x0000000000010080
core   0: 0x0000000000010014 (0x00040067) jr      s0
3 0x0000000000010014 (0x00040067)
core   0: 0x0000000080000000 (0x0000a081) c.j     pc + 64
3 0x0000000080000000 (0x0000a081)
core   0: 0x0000000080000040 (0xf1402573) csrr    a0, mhartid
3 0x0000000080000040 (0xf1402573) x10 0x0000000000000000
core   0: 0x0000000080000044 (0x0000e101) c.bnez  a0, pc + 0
3 0x0000000080000044 (0x0000e101)
core   0: 0x0000000080000046 (0x00000297) auipc   t0, 0x0
3 0x0000000080000046 (0x00000297) x 5 0x0000000080000046
core   0: 0x000000008000004a (0x01228293) addi    t0, t0, 18
3 0x000000008000004a (0x01228293) x 5 0x0000000080000058
core   0: 0x000000008000004e (0x30529073) csrw    mtvec, t0
3 0x000000008000004e (0x30529073)
core   0: 0x0000000080000052 (0x18005073) csrwi   satp, 0
3 0x0000000080000052 (0x18005073)
core   0: 0x0000000080000056 (0x00000001) c.nop
3 0x0000000080000056 (0x00000001)
core   0: 0x0000000080000058 (0x00000297) auipc   t0, 0x0
3 0x0000000080000058 (0x00000297) x 5 0x0000000080000058
core   0: 0x000000008000005c (0x01828293) addi    t0, t0, 24
3 0x000000008000005c (0x01828293) x 5 0x0000000080000070
core   0: 0x0000000080000060 (0x30529073) csrw    mtvec, t0
3 0x0000000080000060 (0x30529073)
core   0: 0x0000000080000064 (0x000052fd) c.li    t0, -1
3 0x0000000080000064 (0x000052fd) x 5 0xffffffffffffffff
core   0: 0x0000000080000066 (0x3b029073) csrw    pmpaddr0, t0
3 0x0000000080000066 (0x3b029073)
core   0: 0x000000008000006a (0x000042fd) c.li    t0, 31
3 0x000000008000006a (0x000042fd) x 5 0x000000000000001f
core   0: 0x000000008000006c (0x3a029073) csrw    pmpcfg0, t0
3 0x000000008000006c (0x3a029073)
core   0: 0x0000000080000070 (0x00000297) auipc   t0, 0x0
3 0x0000000080000070 (0x00000297) x 5 0x0000000080000070
core   0: 0x0000000080000074 (0x01828293) addi    t0, t0, 24
3 0x0000000080000074 (0x01828293) x 5 0x0000000080000088
core   0: 0x0000000080000078 (0x30529073) csrw    mtvec, t0
3 0x0000000080000078 (0x30529073)
core   0: 0x000000008000007c (0x30205073) csrwi   medeleg, 0
3 0x000000008000007c (0x30205073)
core   0: 0x0000000080000080 (0x30305073) csrwi   mideleg, 0
3 0x0000000080000080 (0x30305073)
core   0: 0x0000000080000084 (0x30405073) csrwi   mie, 0
3 0x0000000080000084 (0x30405073)
core   0: 0x0000000080000088 (0x00004181) c.li    gp, 0
3 0x0000000080000088 (0x00004181) x 3 0x0000000000000000
core   0: 0x000000008000008a (0x00000297) auipc   t0, 0x0
3 0x000000008000008a (0x00000297) x 5 0x000000008000008a
core   0: 0x000000008000008e (0xf7a28293) addi    t0, t0, -134
3 0x000000008000008e (0xf7a28293) x 5 0x0000000080000004
core   0: 0x0000000080000092 (0x30529073) csrw    mtvec, t0
3 0x0000000080000092 (0x30529073)
core   0: 0x0000000080000096 (0x00004505) c.li    a0, 1
3 0x0000000080000096 (0x00004505) x10 0x0000000000000001
core   0: 0x0000000080000098 (0x0000057e) c.slli  a0, 31
3 0x0000000080000098 (0x0000057e) x10 0x0000000080000000
core   0: 0x000000008000009a (0x00055d63) bgez    a0, pc + 26
3 0x000000008000009a (0x00055d63)
core   0: 0x00000000800000b4 (0x80000297) auipc   t0, 0x80000
3 0x00000000800000b4 (0x80000297) x 5 0x00000000000000b4
core   0: 0x00000000800000b8 (0xf4c28293) addi    t0, t0, -180
3 0x00000000800000b8 (0xf4c28293) x 5 0x0000000000000000
core   0: 0x00000000800000bc (0x00028e63) beqz    t0, pc + 28
3 0x00000000800000bc (0x00028e63)
core   0: 0x00000000800000d8 (0x30005073) csrwi   mstatus, 0
3 0x00000000800000d8 (0x30005073)
core   0: 0x00000000800000dc (0x00000297) auipc   t0, 0x0
3 0x00000000800000dc (0x00000297) x 5 0x00000000800000dc
core   0: 0x00000000800000e0 (0x01428293) addi    t0, t0, 20
3 0x00000000800000e0 (0x01428293) x 5 0x00000000800000f0
core   0: 0x00000000800000e4 (0x34129073) csrw    mepc, t0
3 0x00000000800000e4 (0x34129073)
core   0: 0x00000000800000e8 (0xf1402573) csrr    a0, mhartid
3 0x00000000800000e8 (0xf1402573) x10 0x0000000000000000
core   0: 0x00000000800000ec (0x30200073) mret
3 0x00000000800000ec (0x30200073)
core   0: 0x00000000800000f0 (0x00002097) auipc   ra, 0x2
0 0x00000000800000f0 (0x00002097) x 1 0x00000000800020f0
core   0: 0x00000000800000f4 (0xf1008093) addi    ra, ra, -240
0 0x00000000800000f4 (0xf1008093) x 1 0x0000000080002000
core   0: 0x00000000800000f8 (0x00008f03) lb      t5, 0(ra)
0 0x00000000800000f8 (0x00008f03) x30 0xffffffffffffffff
core   0: 0x00000000800000fc (0x00005efd) c.li    t4, -1
0 0x00000000800000fc (0x00005efd) x29 0xffffffffffffffff
core   0: 0x00000000800000fe (0x00004189) c.li    gp, 2
0 0x00000000800000fe (0x00004189) x 3 0x0000000000000002
core   0: 0x0000000080000100 (0x00002e17) auipc   t3, 0x2
0 0x0000000080000100 (0x00002e17) x28 0x0000000080002100
core   0: 0x0000000080000104 (0xf10e0e13) addi    t3, t3, -240
0 0x0000000080000104 (0xf10e0e13) x28 0x0000000080002010
core   0: 0x0000000080000108 (0x01ee2423) sw      t5, 8(t3)
0 0x0000000080000108 (0x01ee2423)
core   0: 0x000000008000010c (0x29df1363) bne     t5, t4, pc + 646
0 0x000000008000010c (0x29df1363)
core   0: 0x0000000080000110 (0x00002097) auipc   ra, 0x2
0 0x0000000080000110 (0x00002097) x 1 0x0000000080002110
core   0: 0x0000000080000114 (0xef008093) addi    ra, ra, -272
0 0x0000000080000114 (0xef008093) x 1 0x0000000080002000
core   0: 0x0000000080000118 (0x00108f03) lb      t5, 1(ra)
0 0x0000000080000118 (0x00108f03) x30 0x0000000000000000
core   0: 0x000000008000011c (0x00004e81) c.li    t4, 0
0 0x000000008000011c (0x00004e81) x29 0x0000000000000000
core   0: 0x000000008000011e (0x0000418d) c.li    gp, 3
0 0x000000008000011e (0x0000418d) x 3 0x0000000000000003
core   0: 0x0000000080000120 (0x00002e17) auipc   t3, 0x2
0 0x0000000080000120 (0x00002e17) x28 0x0000000080002120
core   0: 0x0000000080000124 (0xef0e0e13) addi    t3, t3, -272
0 0x0000000080000124 (0xef0e0e13) x28 0x0000000080002010
core   0: 0x0000000080000128 (0x01ee2623) sw      t5, 12(t3)
0 0x0000000080000128 (0x01ee2623)
core   0: 0x000000008000012c (0x27df1363) bne     t5, t4, pc + 614
0 0x000000008000012c (0x27df1363)
core   0: 0x0000000080000130 (0x00002097) auipc   ra, 0x2
0 0x0000000080000130 (0x00002097) x 1 0x0000000080002130
core   0: 0x0000000080000134 (0xed008093) addi    ra, ra, -304
0 0x0000000080000134 (0xed008093) x 1 0x0000000080002000
core   0: 0x0000000080000138 (0x00208f03) lb      t5, 2(ra)
0 0x0000000080000138 (0x00208f03) x30 0xfffffffffffffff0
core   0: 0x000000008000013c (0x00005ec1) c.li    t4, -16
0 0x000000008000013c (0x00005ec1) x29 0xfffffffffffffff0
core   0: 0x000000008000013e (0x00004191) c.li    gp, 4
0 0x000000008000013e (0x00004191) x 3 0x0000000000000004
core   0: 0x0000000080000140 (0x00002e17) auipc   t3, 0x2
0 0x0000000080000140 (0x00002e17) x28 0x0000000080002140
core   0: 0x0000000080000144 (0xed0e0e13) addi    t3, t3, -304
0 0x0000000080000144 (0xed0e0e13) x28 0x0000000080002010
core   0: 0x0000000080000148 (0x01ee2823) sw      t5, 16(t3)
0 0x0000000080000148 (0x01ee2823)
core   0: 0x000000008000014c (0x25df1363) bne     t5, t4, pc + 582
0 0x000000008000014c (0x25df1363)
core   0: 0x0000000080000150 (0x00002097) auipc   ra, 0x2
0 0x0000000080000150 (0x00002097) x 1 0x0000000080002150
core   0: 0x0000000080000154 (0xeb008093) addi    ra, ra, -336
0 0x0000000080000154 (0xeb008093) x 1 0x0000000080002000
core   0: 0x0000000080000158 (0x00308f03) lb      t5, 3(ra)
0 0x0000000080000158 (0x00308f03) x30 0x000000000000000f
core   0: 0x000000008000015c (0x00004ebd) c.li    t4, 15
0 0x000000008000015c (0x00004ebd) x29 0x000000000000000f
core   0: 0x000000008000015e (0x00004195) c.li    gp, 5
0 0x000000008000015e (0x00004195) x 3 0x0000000000000005
core   0: 0x0000000080000160 (0x00002e17) auipc   t3, 0x2
0 0x0000000080000160 (0x00002e17) x28 0x0000000080002160
core   0: 0x0000000080000164 (0xeb0e0e13) addi    t3, t3, -336
0 0x0000000080000164 (0xeb0e0e13) x28 0x0000000080002010
core   0: 0x0000000080000168 (0x01ee2a23) sw      t5, 20(t3)
0 0x0000000080000168 (0x01ee2a23)
core   0: 0x000000008000016c (0x23df1363) bne     t5, t4, pc + 550
0 0x000000008000016c (0x23df1363)
core   0: 0x0000000080000170 (0x00002097) auipc   ra, 0x2
0 0x0000000080000170 (0x00002097) x 1 0x0000000080002170
core   0: 0x0000000080000174 (0xe9308093) addi    ra, ra, -365
0 0x0000000080000174 (0xe9308093) x 1 0x0000000080002003
core   0: 0x0000000080000178 (0xffd08f03) lb      t5, -3(ra)
0 0x0000000080000178 (0xffd08f03) x30 0xffffffffffffffff
core   0: 0x000000008000017c (0x00005efd) c.li    t4, -1
0 0x000000008000017c (0x00005efd) x29 0xffffffffffffffff
core   0: 0x000000008000017e (0x00004199) c.li    gp, 6
0 0x000000008000017e (0x00004199) x 3 0x0000000000000006
core   0: 0x0000000080000180 (0x00002e17) auipc   t3, 0x2
0 0x0000000080000180 (0x00002e17) x28 0x0000000080002180
core   0: 0x0000000080000184 (0xe90e0e13) addi    t3, t3, -368
0 0x0000000080000184 (0xe90e0e13) x28 0x0000000080002010
core   0: 0x0000000080000188 (0x01ee2c23) sw      t5, 24(t3)
0 0x0000000080000188 (0x01ee2c23)
core   0: 0x000000008000018c (0x21df1363) bne     t5, t4, pc + 518
0 0x000000008000018c (0x21df1363)
core   0: 0x0000000080000190 (0x00002097) auipc   ra, 0x2
0 0x0000000080000190 (0x00002097) x 1 0x0000000080002190
core   0: 0x0000000080000194 (0xe7308093) addi    ra, ra, -397
0 0x0000000080000194 (0xe7308093) x 1 0x0000000080002003
core   0: 0x0000000080000198 (0xffe08f03) lb      t5, -2(ra)
0 0x0000000080000198 (0xffe08f03) x30 0x0000000000000000
core   0: 0x000000008000019c (0x00004e81) c.li    t4, 0
0 0x000000008000019c (0x00004e81) x29 0x0000000000000000
core   0: 0x000000008000019e (0x0000419d) c.li    gp, 7
0 0x000000008000019e (0x0000419d) x 3 0x0000000000000007
core   0: 0x00000000800001a0 (0x00002e17) auipc   t3, 0x2
0 0x00000000800001a0 (0x00002e17) x28 0x00000000800021a0
core   0: 0x00000000800001a4 (0xe70e0e13) addi    t3, t3, -400
0 0x00000000800001a4 (0xe70e0e13) x28 0x0000000080002010
core   0: 0x00000000800001a8 (0x01ee2e23) sw      t5, 28(t3)
0 0x00000000800001a8 (0x01ee2e23)
core   0: 0x00000000800001ac (0x1fdf1363) bne     t5, t4, pc + 486
0 0x00000000800001ac (0x1fdf1363)
core   0: 0x00000000800001b0 (0x00002097) auipc   ra, 0x2
0 0x00000000800001b0 (0x00002097) x 1 0x00000000800021b0
core   0: 0x00000000800001b4 (0xe5308093) addi    ra, ra, -429
0 0x00000000800001b4 (0xe5308093) x 1 0x0000000080002003
core   0: 0x00000000800001b8 (0xfff08f03) lb      t5, -1(ra)
0 0x00000000800001b8 (0xfff08f03) x30 0xfffffffffffffff0
core   0: 0x00000000800001bc (0x00005ec1) c.li    t4, -16
0 0x00000000800001bc (0x00005ec1) x29 0xfffffffffffffff0
core   0: 0x00000000800001be (0x000041a1) c.li    gp, 8
0 0x00000000800001be (0x000041a1) x 3 0x0000000000000008
core   0: 0x00000000800001c0 (0x00002e17) auipc   t3, 0x2
0 0x00000000800001c0 (0x00002e17) x28 0x00000000800021c0
core   0: 0x00000000800001c4 (0xe50e0e13) addi    t3, t3, -432
0 0x00000000800001c4 (0xe50e0e13) x28 0x0000000080002010
core   0: 0x00000000800001c8 (0x03ee2023) sw      t5, 32(t3)
0 0x00000000800001c8 (0x03ee2023)
core   0: 0x00000000800001cc (0x1ddf1363) bne     t5, t4, pc + 454
0 0x00000000800001cc (0x1ddf1363)
core   0: 0x00000000800001d0 (0x00002097) auipc   ra, 0x2
0 0x00000000800001d0 (0x00002097) x 1 0x00000000800021d0
core   0: 0x00000000800001d4 (0xe3308093) addi    ra, ra, -461
0 0x00000000800001d4 (0xe3308093) x 1 0x0000000080002003
core   0: 0x00000000800001d8 (0x00008f03) lb      t5, 0(ra)
0 0x00000000800001d8 (0x00008f03) x30 0x000000000000000f
core   0: 0x00000000800001dc (0x00004ebd) c.li    t4, 15
0 0x00000000800001dc (0x00004ebd) x29 0x000000000000000f
core   0: 0x00000000800001de (0x000041a5) c.li    gp, 9
0 0x00000000800001de (0x000041a5) x 3 0x0000000000000009
core   0: 0x00000000800001e0 (0x00002e17) auipc   t3, 0x2
0 0x00000000800001e0 (0x00002e17) x28 0x00000000800021e0
core   0: 0x00000000800001e4 (0xe30e0e13) addi    t3, t3, -464
0 0x00000000800001e4 (0xe30e0e13) x28 0x0000000080002010
core   0: 0x00000000800001e8 (0x03ee2223) sw      t5, 36(t3)
0 0x00000000800001e8 (0x03ee2223)
core   0: 0x00000000800001ec (0x1bdf1363) bne     t5, t4, pc + 422
0 0x00000000800001ec (0x1bdf1363)
core   0: 0x00000000800001f0 (0x00002097) auipc   ra, 0x2
0 0x00000000800001f0 (0x00002097) x 1 0x00000000800021f0
core   0: 0x00000000800001f4 (0xe1008093) addi    ra, ra, -496
0 0x00000000800001f4 (0xe1008093) x 1 0x0000000080002000
core   0: 0x00000000800001f8 (0x00001081) c.addi  ra, -32
0 0x00000000800001f8 (0x00001081) x 1 0x0000000080001fe0
core   0: 0x00000000800001fa (0x02008283) lb      t0, 32(ra)
0 0x00000000800001fa (0x02008283) x 5 0xffffffffffffffff
core   0: 0x00000000800001fe (0x00005efd) c.li    t4, -1
0 0x00000000800001fe (0x00005efd) x29 0xffffffffffffffff
core   0: 0x0000000080000200 (0x000041a9) c.li    gp, 10
0 0x0000000080000200 (0x000041a9) x 3 0x000000000000000a
core   0: 0x0000000080000202 (0x00002e17) auipc   t3, 0x2
0 0x0000000080000202 (0x00002e17) x28 0x0000000080002202
core   0: 0x0000000080000206 (0xe0ee0e13) addi    t3, t3, -498
0 0x0000000080000206 (0xe0ee0e13) x28 0x0000000080002010
core   0: 0x000000008000020a (0x025e2423) sw      t0, 40(t3)
0 0x000000008000020a (0x025e2423)
core   0: 0x000000008000020e (0x19d29263) bne     t0, t4, pc + 388
0 0x000000008000020e (0x19d29263)
core   0: 0x0000000080000212 (0x00002097) auipc   ra, 0x2
0 0x0000000080000212 (0x00002097) x 1 0x0000000080002212
core   0: 0x0000000080000216 (0xdee08093) addi    ra, ra, -530
0 0x0000000080000216 (0xdee08093) x 1 0x0000000080002000
core   0: 0x000000008000021a (0x000010e9) c.addi  ra, -6
0 0x000000008000021a (0x000010e9) x 1 0x0000000080001ffa
core   0: 0x000000008000021c (0x00708283) lb      t0, 7(ra)
0 0x000000008000021c (0x00708283) x 5 0x0000000000000000
core   0: 0x0000000080000220 (0x00004e81) c.li    t4, 0
0 0x0000000080000220 (0x00004e81) x29 0x0000000000000000
core   0: 0x0000000080000222 (0x000041ad) c.li    gp, 11
0 0x0000000080000222 (0x000041ad) x 3 0x000000000000000b
core   0: 0x0000000080000224 (0x00002e17) auipc   t3, 0x2
0 0x0000000080000224 (0x00002e17) x28 0x0000000080002224
core   0: 0x0000000080000228 (0xdece0e13) addi    t3, t3, -532
0 0x0000000080000228 (0xdece0e13) x28 0x0000000080002010
core   0: 0x000000008000022c (0x025e2623) sw      t0, 44(t3)
0 0x000000008000022c (0x025e2623)
core   0: 0x0000000080000230 (0x17d29163) bne     t0, t4, pc + 354
0 0x0000000080000230 (0x17d29163)
core   0: 0x0000000080000234 (0x000041b1) c.li    gp, 12
0 0x0000000080000234 (0x000041b1) x 3 0x000000000000000c
core   0: 0x0000000080000236 (0x00002e17) auipc   t3, 0x2
0 0x0000000080000236 (0x00002e17) x28 0x0000000080002236
core   0: 0x000000008000023a (0xddae0e13) addi    t3, t3, -550
0 0x000000008000023a (0xddae0e13) x28 0x0000000080002010
core   0: 0x000000008000023e (0x023e2823) sw      gp, 48(t3)
0 0x000000008000023e (0x023e2823)
core   0: 0x0000000080000242 (0x00004201) c.li    tp, 0
0 0x0000000080000242 (0x00004201) x 4 0x0000000000000000
core   0: 0x0000000080000244 (0x00002097) auipc   ra, 0x2
0 0x0000000080000244 (0x00002097) x 1 0x0000000080002244
core   0: 0x0000000080000248 (0xdbd08093) addi    ra, ra, -579
0 0x0000000080000248 (0xdbd08093) x 1 0x0000000080002001
core   0: 0x000000008000024c (0x00108f03) lb      t5, 1(ra)
0 0x000000008000024c (0x00108f03) x30 0xfffffffffffffff0
core   0: 0x0000000080000250 (0x000f0313) mv      t1, t5
0 0x0000000080000250 (0x000f0313) x 6 0xfffffffffffffff0
core   0: 0x0000000080000254 (0x00005ec1) c.li    t4, -16
0 0x0000000080000254 (0x00005ec1) x29 0xfffffffffffffff0
core   0: 0x0000000080000256 (0x13d31e63) bne     t1, t4, pc + 316
0 0x0000000080000256 (0x13d31e63)
core   0: 0x000000008000025a (0x00000205) c.addi  tp, 1
0 0x000000008000025a (0x00000205) x 4 0x0000000000000001
core   0: 0x000000008000025c (0x00004289) c.li    t0, 2
0 0x000000008000025c (0x00004289) x 5 0x0000000000000002
core   0: 0x000000008000025e (0xfe5213e3) bne     tp, t0, pc - 26
0 0x000000008000025e (0xfe5213e3)
core   0: 0x0000000080000244 (0x00002097) auipc   ra, 0x2
0 0x0000000080000244 (0x00002097) x 1 0x0000000080002244
core   0: 0x0000000080000248 (0xdbd08093) addi    ra, ra, -579
0 0x0000000080000248 (0xdbd08093) x 1 0x0000000080002001
core   0: 0x000000008000024c (0x00108f03) lb      t5, 1(ra)
0 0x000000008000024c (0x00108f03) x30 0xfffffffffffffff0
core   0: 0x0000000080000250 (0x000f0313) mv      t1, t5
0 0x0000000080000250 (0x000f0313) x 6 0xfffffffffffffff0
core   0: 0x0000000080000254 (0x00005ec1) c.li    t4, -16
0 0x0000000080000254 (0x00005ec1) x29 0xfffffffffffffff0
core   0: 0x0000000080000256 (0x13d31e63) bne     t1, t4, pc + 316
0 0x0000000080000256 (0x13d31e63)
core   0: 0x000000008000025a (0x00000205) c.addi  tp, 1
0 0x000000008000025a (0x00000205) x 4 0x0000000000000002
core   0: 0x000000008000025c (0x00004289) c.li    t0, 2
0 0x000000008000025c (0x00004289) x 5 0x0000000000000002
core   0: 0x000000008000025e (0xfe5213e3) bne     tp, t0, pc - 26
0 0x000000008000025e (0xfe5213e3)
core   0: 0x0000000080000262 (0x000041b5) c.li    gp, 13
0 0x0000000080000262 (0x000041b5) x 3 0x000000000000000d
core   0: 0x0000000080000264 (0x00002e17) auipc   t3, 0x2
0 0x0000000080000264 (0x00002e17) x28 0x0000000080002264
core   0: 0x0000000080000268 (0xdace0e13) addi    t3, t3, -596
0 0x0000000080000268 (0xdace0e13) x28 0x0000000080002010
core   0: 0x000000008000026c (0x023e2a23) sw      gp, 52(t3)
0 0x000000008000026c (0x023e2a23)
core   0: 0x0000000080000270 (0x00004201) c.li    tp, 0
0 0x0000000080000270 (0x00004201) x 4 0x0000000000000000
core   0: 0x0000000080000272 (0x00002097) auipc   ra, 0x2
0 0x0000000080000272 (0x00002097) x 1 0x0000000080002272
core   0: 0x0000000080000276 (0xd9008093) addi    ra, ra, -624
0 0x0000000080000276 (0xd9008093) x 1 0x0000000080002002
core   0: 0x000000008000027a (0x00108f03) lb      t5, 1(ra)
0 0x000000008000027a (0x00108f03) x30 0x000000000000000f
core   0: 0x000000008000027e (0x00000001) c.nop
0 0x000000008000027e (0x00000001)
core   0: 0x0000000080000280 (0x000f0313) mv      t1, t5
0 0x0000000080000280 (0x000f0313) x 6 0x000000000000000f
core   0: 0x0000000080000284 (0x00004ebd) c.li    t4, 15
0 0x0000000080000284 (0x00004ebd) x29 0x000000000000000f
core   0: 0x0000000080000286 (0x11d31663) bne     t1, t4, pc + 268
0 0x0000000080000286 (0x11d31663)
core   0: 0x000000008000028a (0x00000205) c.addi  tp, 1
0 0x000000008000028a (0x00000205) x 4 0x0000000000000001
core   0: 0x000000008000028c (0x00004289) c.li    t0, 2
0 0x000000008000028c (0x00004289) x 5 0x0000000000000002
core   0: 0x000000008000028e (0xfe5212e3) bne     tp, t0, pc - 28
0 0x000000008000028e (0xfe5212e3)
core   0: 0x0000000080000272 (0x00002097) auipc   ra, 0x2
0 0x0000000080000272 (0x00002097) x 1 0x0000000080002272
core   0: 0x0000000080000276 (0xd9008093) addi    ra, ra, -624
0 0x0000000080000276 (0xd9008093) x 1 0x0000000080002002
core   0: 0x000000008000027a (0x00108f03) lb      t5, 1(ra)
0 0x000000008000027a (0x00108f03) x30 0x000000000000000f
core   0: 0x000000008000027e (0x00000001) c.nop
0 0x000000008000027e (0x00000001)
core   0: 0x0000000080000280 (0x000f0313) mv      t1, t5
0 0x0000000080000280 (0x000f0313) x 6 0x000000000000000f
core   0: 0x0000000080000284 (0x00004ebd) c.li    t4, 15
0 0x0000000080000284 (0x00004ebd) x29 0x000000000000000f
core   0: 0x0000000080000286 (0x11d31663) bne     t1, t4, pc + 268
0 0x0000000080000286 (0x11d31663)
core   0: 0x000000008000028a (0x00000205) c.addi  tp, 1
0 0x000000008000028a (0x00000205) x 4 0x0000000000000002
core   0: 0x000000008000028c (0x00004289) c.li    t0, 2
0 0x000000008000028c (0x00004289) x 5 0x0000000000000002
core   0: 0x000000008000028e (0xfe5212e3) bne     tp, t0, pc - 28
0 0x000000008000028e (0xfe5212e3)
core   0: 0x0000000080000292 (0x000041b9) c.li    gp, 14
0 0x0000000080000292 (0x000041b9) x 3 0x000000000000000e
core   0: 0x0000000080000294 (0x00002e17) auipc   t3, 0x2
0 0x0000000080000294 (0x00002e17) x28 0x0000000080002294
core   0: 0x0000000080000298 (0xd7ce0e13) addi    t3, t3, -644
0 0x0000000080000298 (0xd7ce0e13) x28 0x0000000080002010
core   0: 0x000000008000029c (0x023e2c23) sw      gp, 56(t3)
0 0x000000008000029c (0x023e2c23)
core   0: 0x00000000800002a0 (0x00004201) c.li    tp, 0
0 0x00000000800002a0 (0x00004201) x 4 0x0000000000000000
core   0: 0x00000000800002a2 (0x00002097) auipc   ra, 0x2
0 0x00000000800002a2 (0x00002097) x 1 0x00000000800022a2
core   0: 0x00000000800002a6 (0xd5e08093) addi    ra, ra, -674
0 0x00000000800002a6 (0xd5e08093) x 1 0x0000000080002000
core   0: 0x00000000800002aa (0x00108f03) lb      t5, 1(ra)
0 0x00000000800002aa (0x00108f03) x30 0x0000000000000000
core   0: 0x00000000800002ae (0x00000001) c.nop
0 0x00000000800002ae (0x00000001)
core   0: 0x00000000800002b0 (0x00000001) c.nop
0 0x00000000800002b0 (0x00000001)
core   0: 0x00000000800002b2 (0x000f0313) mv      t1, t5
0 0x00000000800002b2 (0x000f0313) x 6 0x0000000000000000
core   0: 0x00000000800002b6 (0x00004e81) c.li    t4, 0
0 0x00000000800002b6 (0x00004e81) x29 0x0000000000000000
core   0: 0x00000000800002b8 (0x0dd31d63) bne     t1, t4, pc + 218
0 0x00000000800002b8 (0x0dd31d63)
core   0: 0x00000000800002bc (0x00000205) c.addi  tp, 1
0 0x00000000800002bc (0x00000205) x 4 0x0000000000000001
core   0: 0x00000000800002be (0x00004289) c.li    t0, 2
0 0x00000000800002be (0x00004289) x 5 0x0000000000000002
core   0: 0x00000000800002c0 (0xfe5211e3) bne     tp, t0, pc - 30
0 0x00000000800002c0 (0xfe5211e3)
core   0: 0x00000000800002a2 (0x00002097) auipc   ra, 0x2
0 0x00000000800002a2 (0x00002097) x 1 0x00000000800022a2
core   0: 0x00000000800002a6 (0xd5e08093) addi    ra, ra, -674
0 0x00000000800002a6 (0xd5e08093) x 1 0x0000000080002000
core   0: 0x00000000800002aa (0x00108f03) lb      t5, 1(ra)
0 0x00000000800002aa (0x00108f03) x30 0x0000000000000000
core   0: 0x00000000800002ae (0x00000001) c.nop
0 0x00000000800002ae (0x00000001)
core   0: 0x00000000800002b0 (0x00000001) c.nop
0 0x00000000800002b0 (0x00000001)
core   0: 0x00000000800002b2 (0x000f0313) mv      t1, t5
0 0x00000000800002b2 (0x000f0313) x 6 0x0000000000000000
core   0: 0x00000000800002b6 (0x00004e81) c.li    t4, 0
0 0x00000000800002b6 (0x00004e81) x29 0x0000000000000000
core   0: 0x00000000800002b8 (0x0dd31d63) bne     t1, t4, pc + 218
0 0x00000000800002b8 (0x0dd31d63)
core   0: 0x00000000800002bc (0x00000205) c.addi  tp, 1
0 0x00000000800002bc (0x00000205) x 4 0x0000000000000002
core   0: 0x00000000800002be (0x00004289) c.li    t0, 2
0 0x00000000800002be (0x00004289) x 5 0x0000000000000002
core   0: 0x00000000800002c0 (0xfe5211e3) bne     tp, t0, pc - 30
0 0x00000000800002c0 (0xfe5211e3)
core   0: 0x00000000800002c4 (0x000041bd) c.li    gp, 15
0 0x00000000800002c4 (0x000041bd) x 3 0x000000000000000f
core   0: 0x00000000800002c6 (0x00002e17) auipc   t3, 0x2
0 0x00000000800002c6 (0x00002e17) x28 0x00000000800022c6
core   0: 0x00000000800002ca (0xd4ae0e13) addi    t3, t3, -694
0 0x00000000800002ca (0xd4ae0e13) x28 0x0000000080002010
core   0: 0x00000000800002ce (0x023e2e23) sw      gp, 60(t3)
0 0x00000000800002ce (0x023e2e23)
core   0: 0x00000000800002d2 (0x00004201) c.li    tp, 0
0 0x00000000800002d2 (0x00004201) x 4 0x0000000000000000
core   0: 0x00000000800002d4 (0x00002097) auipc   ra, 0x2
0 0x00000000800002d4 (0x00002097) x 1 0x00000000800022d4
core   0: 0x00000000800002d8 (0xd2d08093) addi    ra, ra, -723
0 0x00000000800002d8 (0xd2d08093) x 1 0x0000000080002001
core   0: 0x00000000800002dc (0x00108f03) lb      t5, 1(ra)
0 0x00000000800002dc (0x00108f03) x30 0xfffffffffffffff0
core   0: 0x00000000800002e0 (0x00005ec1) c.li    t4, -16
0 0x00000000800002e0 (0x00005ec1) x29 0xfffffffffffffff0
core   0: 0x00000000800002e2 (0x0bdf1863) bne     t5, t4, pc + 176
0 0x00000000800002e2 (0x0bdf1863)
core   0: 0x00000000800002e6 (0x00000205) c.addi  tp, 1
0 0x00000000800002e6 (0x00000205) x 4 0x0000000000000001
core   0: 0x00000000800002e8 (0x00004289) c.li    t0, 2
0 0x00000000800002e8 (0x00004289) x 5 0x0000000000000002
core   0: 0x00000000800002ea (0xfe5215e3) bne     tp, t0, pc - 22
0 0x00000000800002ea (0xfe5215e3)
core   0: 0x00000000800002d4 (0x00002097) auipc   ra, 0x2
0 0x00000000800002d4 (0x00002097) x 1 0x00000000800022d4
core   0: 0x00000000800002d8 (0xd2d08093) addi    ra, ra, -723
0 0x00000000800002d8 (0xd2d08093) x 1 0x0000000080002001
core   0: 0x00000000800002dc (0x00108f03) lb      t5, 1(ra)
0 0x00000000800002dc (0x00108f03) x30 0xfffffffffffffff0
core   0: 0x00000000800002e0 (0x00005ec1) c.li    t4, -16
0 0x00000000800002e0 (0x00005ec1) x29 0xfffffffffffffff0
core   0: 0x00000000800002e2 (0x0bdf1863) bne     t5, t4, pc + 176
0 0x00000000800002e2 (0x0bdf1863)
core   0: 0x00000000800002e6 (0x00000205) c.addi  tp, 1
0 0x00000000800002e6 (0x00000205) x 4 0x0000000000000002
core   0: 0x00000000800002e8 (0x00004289) c.li    t0, 2
0 0x00000000800002e8 (0x00004289) x 5 0x0000000000000002
core   0: 0x00000000800002ea (0xfe5215e3) bne     tp, t0, pc - 22
0 0x00000000800002ea (0xfe5215e3)
core   0: 0x00000000800002ee (0x000041c1) c.li    gp, 16
0 0x00000000800002ee (0x000041c1) x 3 0x0000000000000010
core   0: 0x00000000800002f0 (0x00002e17) auipc   t3, 0x2
0 0x00000000800002f0 (0x00002e17) x28 0x00000000800022f0
core   0: 0x00000000800002f4 (0xd20e0e13) addi    t3, t3, -736
0 0x00000000800002f4 (0xd20e0e13) x28 0x0000000080002010
core   0: 0x00000000800002f8 (0x043e2023) sw      gp, 64(t3)
0 0x00000000800002f8 (0x043e2023)
core   0: 0x00000000800002fc (0x00004201) c.li    tp, 0
0 0x00000000800002fc (0x00004201) x 4 0x0000000000000000
core   0: 0x00000000800002fe (0x00002097) auipc   ra, 0x2
0 0x00000000800002fe (0x00002097) x 1 0x00000000800022fe
core   0: 0x0000000080000302 (0xd0408093) addi    ra, ra, -764
0 0x0000000080000302 (0xd0408093) x 1 0x0000000080002002
core   0: 0x0000000080000306 (0x00000001) c.nop
0 0x0000000080000306 (0x00000001)
core   0: 0x0000000080000308 (0x00108f03) lb      t5, 1(ra)
0 0x0000000080000308 (0x00108f03) x30 0x000000000000000f
core   0: 0x000000008000030c (0x00004ebd) c.li    t4, 15
0 0x000000008000030c (0x00004ebd) x29 0x000000000000000f
core   0: 0x000000008000030e (0x09df1263) bne     t5, t4, pc + 132
0 0x000000008000030e (0x09df1263)
core   0: 0x0000000080000312 (0x00000205) c.addi  tp, 1
0 0x0000000080000312 (0x00000205) x 4 0x0000000000000001
core   0: 0x0000000080000314 (0x00004289) c.li    t0, 2
0 0x0000000080000314 (0x00004289) x 5 0x0000000000000002
core   0: 0x0000000080000316 (0xfe5214e3) bne     tp, t0, pc - 24
0 0x0000000080000316 (0xfe5214e3)
core   0: 0x00000000800002fe (0x00002097) auipc   ra, 0x2
0 0x00000000800002fe (0x00002097) x 1 0x00000000800022fe
core   0: 0x0000000080000302 (0xd0408093) addi    ra, ra, -764
0 0x0000000080000302 (0xd0408093) x 1 0x0000000080002002
core   0: 0x0000000080000306 (0x00000001) c.nop
0 0x0000000080000306 (0x00000001)
core   0: 0x0000000080000308 (0x00108f03) lb      t5, 1(ra)
0 0x0000000080000308 (0x00108f03) x30 0x000000000000000f
core   0: 0x000000008000030c (0x00004ebd) c.li    t4, 15
0 0x000000008000030c (0x00004ebd) x29 0x000000000000000f
core   0: 0x000000008000030e (0x09df1263) bne     t5, t4, pc + 132
0 0x000000008000030e (0x09df1263)
core   0: 0x0000000080000312 (0x00000205) c.addi  tp, 1
0 0x0000000080000312 (0x00000205) x 4 0x0000000000000002
core   0: 0x0000000080000314 (0x00004289) c.li    t0, 2
0 0x0000000080000314 (0x00004289) x 5 0x0000000000000002
core   0: 0x0000000080000316 (0xfe5214e3) bne     tp, t0, pc - 24
0 0x0000000080000316 (0xfe5214e3)
core   0: 0x000000008000031a (0x000041c5) c.li    gp, 17
0 0x000000008000031a (0x000041c5) x 3 0x0000000000000011
core   0: 0x000000008000031c (0x00002e17) auipc   t3, 0x2
0 0x000000008000031c (0x00002e17) x28 0x000000008000231c
core   0: 0x0000000080000320 (0xcf4e0e13) addi    t3, t3, -780
0 0x0000000080000320 (0xcf4e0e13) x28 0x0000000080002010
core   0: 0x0000000080000324 (0x043e2223) sw      gp, 68(t3)
0 0x0000000080000324 (0x043e2223)
core   0: 0x0000000080000328 (0x00004201) c.li    tp, 0
0 0x0000000080000328 (0x00004201) x 4 0x0000000000000000
core   0: 0x000000008000032a (0x00002097) auipc   ra, 0x2
0 0x000000008000032a (0x00002097) x 1 0x000000008000232a
core   0: 0x000000008000032e (0xcd608093) addi    ra, ra, -810
0 0x000000008000032e (0xcd608093) x 1 0x0000000080002000
core   0: 0x0000000080000332 (0x00000001) c.nop
0 0x0000000080000332 (0x00000001)
core   0: 0x0000000080000334 (0x00000001) c.nop
0 0x0000000080000334 (0x00000001)
core   0: 0x0000000080000336 (0x00108f03) lb      t5, 1(ra)
0 0x0000000080000336 (0x00108f03) x30 0x0000000000000000
core   0: 0x000000008000033a (0x00004e81) c.li    t4, 0
0 0x000000008000033a (0x00004e81) x29 0x0000000000000000
core   0: 0x000000008000033c (0x05df1b63) bne     t5, t4, pc + 86
0 0x000000008000033c (0x05df1b63)
core   0: 0x0000000080000340 (0x00000205) c.addi  tp, 1
0 0x0000000080000340 (0x00000205) x 4 0x0000000000000001
core   0: 0x0000000080000342 (0x00004289) c.li    t0, 2
0 0x0000000080000342 (0x00004289) x 5 0x0000000000000002
core   0: 0x0000000080000344 (0xfe5213e3) bne     tp, t0, pc - 26
0 0x0000000080000344 (0xfe5213e3)
core   0: 0x000000008000032a (0x00002097) auipc   ra, 0x2
0 0x000000008000032a (0x00002097) x 1 0x000000008000232a
core   0: 0x000000008000032e (0xcd608093) addi    ra, ra, -810
0 0x000000008000032e (0xcd608093) x 1 0x0000000080002000
core   0: 0x0000000080000332 (0x00000001) c.nop
0 0x0000000080000332 (0x00000001)
core   0: 0x0000000080000334 (0x00000001) c.nop
0 0x0000000080000334 (0x00000001)
core   0: 0x0000000080000336 (0x00108f03) lb      t5, 1(ra)
0 0x0000000080000336 (0x00108f03) x30 0x0000000000000000
core   0: 0x000000008000033a (0x00004e81) c.li    t4, 0
0 0x000000008000033a (0x00004e81) x29 0x0000000000000000
core   0: 0x000000008000033c (0x05df1b63) bne     t5, t4, pc + 86
0 0x000000008000033c (0x05df1b63)
core   0: 0x0000000080000340 (0x00000205) c.addi  tp, 1
0 0x0000000080000340 (0x00000205) x 4 0x0000000000000002
core   0: 0x0000000080000342 (0x00004289) c.li    t0, 2
0 0x0000000080000342 (0x00004289) x 5 0x0000000000000002
core   0: 0x0000000080000344 (0xfe5213e3) bne     tp, t0, pc - 26
0 0x0000000080000344 (0xfe5213e3)
core   0: 0x0000000080000348 (0x00002297) auipc   t0, 0x2
0 0x0000000080000348 (0x00002297) x 5 0x0000000080002348
core   0: 0x000000008000034c (0xcb828293) addi    t0, t0, -840
0 0x000000008000034c (0xcb828293) x 5 0x0000000080002000
core   0: 0x0000000080000350 (0x00028103) lb      sp, 0(t0)
0 0x0000000080000350 (0x00028103) x 2 0xffffffffffffffff
core   0: 0x0000000080000354 (0x00004109) c.li    sp, 2
0 0x0000000080000354 (0x00004109) x 2 0x0000000000000002
core   0: 0x0000000080000356 (0x00004e89) c.li    t4, 2
0 0x0000000080000356 (0x00004e89) x29 0x0000000000000002
core   0: 0x0000000080000358 (0x000041c9) c.li    gp, 18
0 0x0000000080000358 (0x000041c9) x 3 0x0000000000000012
core   0: 0x000000008000035a (0x00002e17) auipc   t3, 0x2
0 0x000000008000035a (0x00002e17) x28 0x000000008000235a
core   0: 0x000000008000035e (0xcb6e0e13) addi    t3, t3, -842
0 0x000000008000035e (0xcb6e0e13) x28 0x0000000080002010
core   0: 0x0000000080000362 (0x042e2423) sw      sp, 72(t3)
0 0x0000000080000362 (0x042e2423)
core   0: 0x0000000080000366 (0x03d11663) bne     sp, t4, pc + 44
0 0x0000000080000366 (0x03d11663)
core   0: 0x000000008000036a (0x00002297) auipc   t0, 0x2
0 0x000000008000036a (0x00002297) x 5 0x000000008000236a
core   0: 0x000000008000036e (0xc9628293) addi    t0, t0, -874
0 0x000000008000036e (0xc9628293) x 5 0x0000000080002000
core   0: 0x0000000080000372 (0x00028103) lb      sp, 0(t0)
0 0x0000000080000372 (0x00028103) x 2 0xffffffffffffffff
core   0: 0x0000000080000376 (0x00000001) c.nop
0 0x0000000080000376 (0x00000001)
core   0: 0x0000000080000378 (0x00004109) c.li    sp, 2
0 0x0000000080000378 (0x00004109) x 2 0x0000000000000002
core   0: 0x000000008000037a (0x00004e89) c.li    t4, 2
0 0x000000008000037a (0x00004e89) x29 0x0000000000000002
core   0: 0x000000008000037c (0x000041cd) c.li    gp, 19
0 0x000000008000037c (0x000041cd) x 3 0x0000000000000013
core   0: 0x000000008000037e (0x00002e17) auipc   t3, 0x2
0 0x000000008000037e (0x00002e17) x28 0x000000008000237e
core   0: 0x0000000080000382 (0xc92e0e13) addi    t3, t3, -878
0 0x0000000080000382 (0xc92e0e13) x28 0x0000000080002010
core   0: 0x0000000080000386 (0x042e2623) sw      sp, 76(t3)
0 0x0000000080000386 (0x042e2623)
core   0: 0x000000008000038a (0x01d11463) bne     sp, t4, pc + 8
0 0x000000008000038a (0x01d11463)
core   0: 0x000000008000038e (0x00301d63) bne     zero, gp, pc + 26
0 0x000000008000038e (0x00301d63)
core   0: 0x00000000800003a8 (0x0ff0000f) fence   iorw,iorw
0 0x00000000800003a8 (0x0ff0000f)
core   0: 0x00000000800003ac (0x00004185) c.li    gp, 1
0 0x00000000800003ac (0x00004185) x 3 0x0000000000000001
core   0: 0x00000000800003ae (0x00002e17) auipc   t3, 0x2
0 0x00000000800003ae (0x00002e17) x28 0x00000000800023ae
core   0: 0x00000000800003b2 (0xc62e0e13) addi    t3, t3, -926
0 0x00000000800003b2 (0xc62e0e13) x28 0x0000000080002010
core   0: 0x00000000800003b6 (0x003e2023) sw      gp, 0(t3)
0 0x00000000800003b6 (0x003e2023)
core   0: 0x00000000800003ba (0x00000073) ecall
0 0x00000000800003ba (0x00000073)
