core   0: 0x0000000000010000 (0x00100413) li      s0, 1
3 0x0000000000010000 (0x00100413) x 8 0x0000000000000001
core   0: 0x0000000000010004 (0x01f41413) slli    s0, s0, 31
3 0x0000000000010004 (0x01f41413) x 8 0x0000000080000000
core   0: 0x0000000000010008 (0xf1402573) csrr    a0, mhartid
3 0x0000000000010008 (0xf1402573) x10 0x0000000000000000
core   0: 0x000000000001000c (0x00000597) auipc   a1, 0x0
3 0x000000000001000c (0x00000597) x11 0x000000000001000c
core   0: 0x0000000000010010 (0x07458593) addi    a1, a1, 116
3 0x0000000000010010 (0x07458593) x11 0x0000000000010080
core   0: 0x0000000000010014 (0x00040067) jr      s0
3 0x0000000000010014 (0x00040067)
core   0: 0x0000000080000000 (0x0000a081) c.j     pc + 64
3 0x0000000080000000 (0x0000a081)
core   0: 0x0000000080000040 (0xf1402573) csrr    a0, mhartid
3 0x0000000080000040 (0xf1402573) x10 0x0000000000000000
core   0: 0x0000000080000044 (0x0000e101) c.bnez  a0, pc + 0
3 0x0000000080000044 (0x0000e101)
core   0: 0x0000000080000046 (0x00000297) auipc   t0, 0x0
3 0x0000000080000046 (0x00000297) x 5 0x0000000080000046
core   0: 0x000000008000004a (0x01228293) addi    t0, t0, 18
3 0x000000008000004a (0x01228293) x 5 0x0000000080000058
core   0: 0x000000008000004e (0x30529073) csrw    mtvec, t0
3 0x000000008000004e (0x30529073)
core   0: 0x0000000080000052 (0x18005073) csrwi   satp, 0
3 0x0000000080000052 (0x18005073)
core   0: 0x0000000080000056 (0x00000001) c.nop
3 0x0000000080000056 (0x00000001)
core   0: 0x0000000080000058 (0x00000297) auipc   t0, 0x0
3 0x0000000080000058 (0x00000297) x 5 0x0000000080000058
core   0: 0x000000008000005c (0x01828293) addi    t0, t0, 24
3 0x000000008000005c (0x01828293) x 5 0x0000000080000070
core   0: 0x0000000080000060 (0x30529073) csrw    mtvec, t0
3 0x0000000080000060 (0x30529073)
core   0: 0x0000000080000064 (0x000052fd) c.li    t0, -1
3 0x0000000080000064 (0x000052fd) x 5 0xffffffffffffffff
core   0: 0x0000000080000066 (0x3b029073) csrw    pmpaddr0, t0
3 0x0000000080000066 (0x3b029073)
core   0: 0x000000008000006a (0x000042fd) c.li    t0, 31
3 0x000000008000006a (0x000042fd) x 5 0x000000000000001f
core   0: 0x000000008000006c (0x3a029073) csrw    pmpcfg0, t0
3 0x000000008000006c (0x3a029073)
core   0: 0x0000000080000070 (0x00000297) auipc   t0, 0x0
3 0x0000000080000070 (0x00000297) x 5 0x0000000080000070
core   0: 0x0000000080000074 (0x01828293) addi    t0, t0, 24
3 0x0000000080000074 (0x01828293) x 5 0x0000000080000088
core   0: 0x0000000080000078 (0x30529073) csrw    mtvec, t0
3 0x0000000080000078 (0x30529073)
core   0: 0x000000008000007c (0x30205073) csrwi   medeleg, 0
3 0x000000008000007c (0x30205073)
core   0: 0x0000000080000080 (0x30305073) csrwi   mideleg, 0
3 0x0000000080000080 (0x30305073)
core   0: 0x0000000080000084 (0x30405073) csrwi   mie, 0
3 0x0000000080000084 (0x30405073)
core   0: 0x0000000080000088 (0x00004181) c.li    gp, 0
3 0x0000000080000088 (0x00004181) x 3 0x0000000000000000
core   0: 0x000000008000008a (0x00000297) auipc   t0, 0x0
3 0x000000008000008a (0x00000297) x 5 0x000000008000008a
core   0: 0x000000008000008e (0xf7a28293) addi    t0, t0, -134
3 0x000000008000008e (0xf7a28293) x 5 0x0000000080000004
core   0: 0x0000000080000092 (0x30529073) csrw    mtvec, t0
3 0x0000000080000092 (0x30529073)
core   0: 0x0000000080000096 (0x00004505) c.li    a0, 1
3 0x0000000080000096 (0x00004505) x10 0x0000000000000001
core   0: 0x0000000080000098 (0x0000057e) c.slli  a0, 31
3 0x0000000080000098 (0x0000057e) x10 0x0000000080000000
core   0: 0x000000008000009a (0x00055d63) bgez    a0, pc + 26
3 0x000000008000009a (0x00055d63)
core   0: 0x00000000800000b4 (0x80000297) auipc   t0, 0x80000
3 0x00000000800000b4 (0x80000297) x 5 0x00000000000000b4
core   0: 0x00000000800000b8 (0xf4c28293) addi    t0, t0, -180
3 0x00000000800000b8 (0xf4c28293) x 5 0x0000000000000000
core   0: 0x00000000800000bc (0x00028e63) beqz    t0, pc + 28
3 0x00000000800000bc (0x00028e63)
core   0: 0x00000000800000d8 (0x30005073) csrwi   mstatus, 0
3 0x00000000800000d8 (0x30005073)
core   0: 0x00000000800000dc (0x00006509) c.lui   a0, 0x2
3 0x00000000800000dc (0x00006509) x10 0x0000000000002000
core   0: 0x00000000800000de (0x30052073) csrs    mstatus, a0
3 0x00000000800000de (0x30052073)
core   0: 0x00000000800000e2 (0x00305073) csrwi   fcsr, 0
3 0x00000000800000e2 (0x00305073)
core   0: 0x00000000800000e6 (0x00000297) auipc   t0, 0x0
3 0x00000000800000e6 (0x00000297) x 5 0x00000000800000e6
core   0: 0x00000000800000ea (0x01428293) addi    t0, t0, 20
3 0x00000000800000ea (0x01428293) x 5 0x00000000800000fa
core   0: 0x00000000800000ee (0x34129073) csrw    mepc, t0
3 0x00000000800000ee (0x34129073)
core   0: 0x00000000800000f2 (0xf1402573) csrr    a0, mhartid
3 0x00000000800000f2 (0xf1402573) x10 0x0000000000000000
core   0: 0x00000000800000f6 (0x30200073) mret
3 0x00000000800000f6 (0x30200073)
core   0: 0x00000000800000fa (0x00002417) auipc   s0, 0x2
0 0x00000000800000fa (0x00002417) x 8 0x00000000800020fa
core   0: 0x00000000800000fe (0xf2e40413) addi    s0, s0, -210
0 0x00000000800000fe (0xf2e40413) x 8 0x0000000080002028
core   0: 0x0000000080000102 (0x00043107) fld     ft2, 0(s0)
0 0x0000000080000102 (0x00043107) f 2 0x40000000bf800000
core   0: 0x0000000080000106 (0x00243827) fsd     ft2, 16(s0)
0 0x0000000080000106 (0x00243827)
core   0: 0x000000008000010a (0x00004808) c.lw    a0, 16(s0)
0 0x000000008000010a (0x00004808) x10 0xffffffffbf800000
core   0: 0x000000008000010c (0x0000484c) c.lw    a1, 20(s0)
0 0x000000008000010c (0x0000484c) x11 0x0000000040000000
core   0: 0x000000008000010e (0x00002f97) auipc   t6, 0x2
0 0x000000008000010e (0x00002f97) x31 0x000000008000210e
core   0: 0x0000000080000112 (0xef2f8f93) addi    t6, t6, -270
0 0x0000000080000112 (0xef2f8f93) x31 0x0000000080002000
core   0: 0x0000000080000116 (0x000fae83) lw      t4, 0(t6)
0 0x0000000080000116 (0x000fae83) x29 0xffffffffbf800000
core   0: 0x000000008000011a (0x004faf83) lw      t6, 4(t6)
0 0x000000008000011a (0x004faf83) x31 0x0000000040000000
core   0: 0x000000008000011e (0x00004189) c.li    gp, 2
0 0x000000008000011e (0x00004189) x 3 0x0000000000000002
core   0: 0x0000000080000120 (0x00002e17) auipc   t3, 0x2
0 0x0000000080000120 (0x00002e17) x28 0x0000000080002120
core   0: 0x0000000080000124 (0xf30e0e13) addi    t3, t3, -208
0 0x0000000080000124 (0xf30e0e13) x28 0x0000000080002050
core   0: 0x0000000080000128 (0x003e2423) sw      gp, 8(t3)
0 0x0000000080000128 (0x003e2423)
core   0: 0x000000008000012c (0x0fd51163) bne     a0, t4, pc + 226
0 0x000000008000012c (0x0fd51163)
core   0: 0x0000000080000130 (0x0df59f63) bne     a1, t6, pc + 222
0 0x0000000080000130 (0x0df59f63)
core   0: 0x0000000080000134 (0x00043107) fld     ft2, 0(s0)
0 0x0000000080000134 (0x00043107) f 2 0x40000000bf800000
core   0: 0x0000000080000138 (0x00242827) fsw     ft2, 16(s0)
0 0x0000000080000138 (0x00242827)
core   0: 0x000000008000013c (0x00004808) c.lw    a0, 16(s0)
0 0x000000008000013c (0x00004808) x10 0xffffffffbf800000
core   0: 0x000000008000013e (0x0000484c) c.lw    a1, 20(s0)
0 0x000000008000013e (0x0000484c) x11 0x0000000040000000
core   0: 0x0000000080000140 (0x00002f97) auipc   t6, 0x2
0 0x0000000080000140 (0x00002f97) x31 0x0000000080002140
core   0: 0x0000000080000144 (0xec8f8f93) addi    t6, t6, -312
0 0x0000000080000144 (0xec8f8f93) x31 0x0000000080002008
core   0: 0x0000000080000148 (0x000fae83) lw      t4, 0(t6)
0 0x0000000080000148 (0x000fae83) x29 0xffffffffbf800000
core   0: 0x000000008000014c (0x004faf83) lw      t6, 4(t6)
0 0x000000008000014c (0x004faf83) x31 0x0000000040000000
core   0: 0x0000000080000150 (0x0000418d) c.li    gp, 3
0 0x0000000080000150 (0x0000418d) x 3 0x0000000000000003
core   0: 0x0000000080000152 (0x00002e17) auipc   t3, 0x2
0 0x0000000080000152 (0x00002e17) x28 0x0000000080002152
core   0: 0x0000000080000156 (0xefee0e13) addi    t3, t3, -258
0 0x0000000080000156 (0xefee0e13) x28 0x0000000080002050
core   0: 0x000000008000015a (0x003e2623) sw      gp, 12(t3)
0 0x000000008000015a (0x003e2623)
core   0: 0x000000008000015e (0x0bd51863) bne     a0, t4, pc + 176
0 0x000000008000015e (0x0bd51863)
core   0: 0x0000000080000162 (0x0bf59663) bne     a1, t6, pc + 172
0 0x0000000080000162 (0x0bf59663)
core   0: 0x0000000080000166 (0x00042107) flw     ft2, 0(s0)
0 0x0000000080000166 (0x00042107) f 2 0xffffffffbf800000
core   0: 0x000000008000016a (0x00242827) fsw     ft2, 16(s0)
0 0x000000008000016a (0x00242827)
core   0: 0x000000008000016e (0x00004808) c.lw    a0, 16(s0)
0 0x000000008000016e (0x00004808) x10 0xffffffffbf800000
core   0: 0x0000000080000170 (0x0000484c) c.lw    a1, 20(s0)
0 0x0000000080000170 (0x0000484c) x11 0x0000000040000000
core   0: 0x0000000080000172 (0x00002f97) auipc   t6, 0x2
0 0x0000000080000172 (0x00002f97) x31 0x0000000080002172
core   0: 0x0000000080000176 (0xe9ef8f93) addi    t6, t6, -354
0 0x0000000080000176 (0xe9ef8f93) x31 0x0000000080002010
core   0: 0x000000008000017a (0x000fae83) lw      t4, 0(t6)
0 0x000000008000017a (0x000fae83) x29 0xffffffffbf800000
core   0: 0x000000008000017e (0x004faf83) lw      t6, 4(t6)
0 0x000000008000017e (0x004faf83) x31 0x0000000040000000
core   0: 0x0000000080000182 (0x00004191) c.li    gp, 4
0 0x0000000080000182 (0x00004191) x 3 0x0000000000000004
core   0: 0x0000000080000184 (0x00002e17) auipc   t3, 0x2
0 0x0000000080000184 (0x00002e17) x28 0x0000000080002184
core   0: 0x0000000080000188 (0xecce0e13) addi    t3, t3, -308
0 0x0000000080000188 (0xecce0e13) x28 0x0000000080002050
core   0: 0x000000008000018c (0x003e2823) sw      gp, 16(t3)
0 0x000000008000018c (0x003e2823)
core   0: 0x0000000080000190 (0x07d51f63) bne     a0, t4, pc + 126
0 0x0000000080000190 (0x07d51f63)
core   0: 0x0000000080000194 (0x07f59d63) bne     a1, t6, pc + 122
0 0x0000000080000194 (0x07f59d63)
core   0: 0x0000000080000198 (0x00843107) fld     ft2, 8(s0)
0 0x0000000080000198 (0x00843107) f 2 0xc080000040400000
core   0: 0x000000008000019c (0x00243827) fsd     ft2, 16(s0)
0 0x000000008000019c (0x00243827)
core   0: 0x00000000800001a0 (0x00004808) c.lw    a0, 16(s0)
0 0x00000000800001a0 (0x00004808) x10 0x0000000040400000
core   0: 0x00000000800001a2 (0x0000484c) c.lw    a1, 20(s0)
0 0x00000000800001a2 (0x0000484c) x11 0xffffffffc0800000
core   0: 0x00000000800001a4 (0x00002f97) auipc   t6, 0x2
0 0x00000000800001a4 (0x00002f97) x31 0x00000000800021a4
core   0: 0x00000000800001a8 (0xe74f8f93) addi    t6, t6, -396
0 0x00000000800001a8 (0xe74f8f93) x31 0x0000000080002018
core   0: 0x00000000800001ac (0x000fae83) lw      t4, 0(t6)
0 0x00000000800001ac (0x000fae83) x29 0x0000000040400000
core   0: 0x00000000800001b0 (0x004faf83) lw      t6, 4(t6)
0 0x00000000800001b0 (0x004faf83) x31 0xffffffffc0800000
core   0: 0x00000000800001b4 (0x00004195) c.li    gp, 5
0 0x00000000800001b4 (0x00004195) x 3 0x0000000000000005
core   0: 0x00000000800001b6 (0x00002e17) auipc   t3, 0x2
0 0x00000000800001b6 (0x00002e17) x28 0x00000000800021b6
core   0: 0x00000000800001ba (0xe9ae0e13) addi    t3, t3, -358
0 0x00000000800001ba (0xe9ae0e13) x28 0x0000000080002050
core   0: 0x00000000800001be (0x003e2a23) sw      gp, 20(t3)
0 0x00000000800001be (0x003e2a23)
core   0: 0x00000000800001c2 (0x05d51663) bne     a0, t4, pc + 76
0 0x00000000800001c2 (0x05d51663)
core   0: 0x00000000800001c6 (0x05f59463) bne     a1, t6, pc + 72
0 0x00000000800001c6 (0x05f59463)
core   0: 0x00000000800001ca (0x00842107) flw     ft2, 8(s0)
0 0x00000000800001ca (0x00842107) f 2 0xffffffff40400000
core   0: 0x00000000800001ce (0x00243827) fsd     ft2, 16(s0)
0 0x00000000800001ce (0x00243827)
core   0: 0x00000000800001d2 (0x00004808) c.lw    a0, 16(s0)
0 0x00000000800001d2 (0x00004808) x10 0x0000000040400000
core   0: 0x00000000800001d4 (0x0000484c) c.lw    a1, 20(s0)
0 0x00000000800001d4 (0x0000484c) x11 0xffffffffffffffff
core   0: 0x00000000800001d6 (0x00002f97) auipc   t6, 0x2
0 0x00000000800001d6 (0x00002f97) x31 0x00000000800021d6
core   0: 0x00000000800001da (0xe4af8f93) addi    t6, t6, -438
0 0x00000000800001da (0xe4af8f93) x31 0x0000000080002020
core   0: 0x00000000800001de (0x000fae83) lw      t4, 0(t6)
0 0x00000000800001de (0x000fae83) x29 0x0000000040400000
core   0: 0x00000000800001e2 (0x004faf83) lw      t6, 4(t6)
0 0x00000000800001e2 (0x004faf83) x31 0xffffffffffffffff
core   0: 0x00000000800001e6 (0x00004199) c.li    gp, 6
0 0x00000000800001e6 (0x00004199) x 3 0x0000000000000006
core   0: 0x00000000800001e8 (0x00002e17) auipc   t3, 0x2
0 0x00000000800001e8 (0x00002e17) x28 0x00000000800021e8
core   0: 0x00000000800001ec (0xe68e0e13) addi    t3, t3, -408
0 0x00000000800001ec (0xe68e0e13) x28 0x0000000080002050
core   0: 0x00000000800001f0 (0x003e2c23) sw      gp, 24(t3)
0 0x00000000800001f0 (0x003e2c23)
core   0: 0x00000000800001f4 (0x01d51d63) bne     a0, t4, pc + 26
0 0x00000000800001f4 (0x01d51d63)
core   0: 0x00000000800001f8 (0x01f59b63) bne     a1, t6, pc + 22
0 0x00000000800001f8 (0x01f59b63)
core   0: 0x00000000800001fc (0x0000419d) c.li    gp, 7
0 0x00000000800001fc (0x0000419d) x 3 0x0000000000000007
core   0: 0x00000000800001fe (0x00002e17) auipc   t3, 0x2
0 0x00000000800001fe (0x00002e17) x28 0x00000000800021fe
core   0: 0x0000000080000202 (0xe52e0e13) addi    t3, t3, -430
0 0x0000000080000202 (0xe52e0e13) x28 0x0000000080002050
core   0: 0x0000000080000206 (0x003e2e23) sw      gp, 28(t3)
0 0x0000000080000206 (0x003e2e23)
core   0: 0x000000008000020a (0x00301d63) bne     zero, gp, pc + 26
0 0x000000008000020a (0x00301d63)
core   0: 0x0000000080000224 (0x0ff0000f) fence   iorw,iorw
0 0x0000000080000224 (0x0ff0000f)
core   0: 0x0000000080000228 (0x00004185) c.li    gp, 1
0 0x0000000080000228 (0x00004185) x 3 0x0000000000000001
core   0: 0x000000008000022a (0x00002e17) auipc   t3, 0x2
0 0x000000008000022a (0x00002e17) x28 0x000000008000222a
core   0: 0x000000008000022e (0xe26e0e13) addi    t3, t3, -474
0 0x000000008000022e (0xe26e0e13) x28 0x0000000080002050
core   0: 0x0000000080000232 (0x003e2023) sw      gp, 0(t3)
0 0x0000000080000232 (0x003e2023)
core   0: 0x0000000080000236 (0x00000073) ecall
0 0x0000000080000236 (0x00000073)
