core   0: 0x0000000000010000 (0x00100413) li      s0, 1
3 0x0000000000010000 (0x00100413) x 8 0x0000000000000001
core   0: 0x0000000000010004 (0x01f41413) slli    s0, s0, 31
3 0x0000000000010004 (0x01f41413) x 8 0x0000000080000000
core   0: 0x0000000000010008 (0xf1402573) csrr    a0, mhartid
3 0x0000000000010008 (0xf1402573) x10 0x0000000000000000
core   0: 0x000000000001000c (0x00000597) auipc   a1, 0x0
3 0x000000000001000c (0x00000597) x11 0x000000000001000c
core   0: 0x0000000000010010 (0x07458593) addi    a1, a1, 116
3 0x0000000000010010 (0x07458593) x11 0x0000000000010080
core   0: 0x0000000000010014 (0x00040067) jr      s0
3 0x0000000000010014 (0x00040067)
core   0: 0x0000000080000000 (0x0000a081) c.j     pc + 64
3 0x0000000080000000 (0x0000a081)
core   0: 0x0000000080000040 (0xf1402573) csrr    a0, mhartid
3 0x0000000080000040 (0xf1402573) x10 0x0000000000000000
core   0: 0x0000000080000044 (0x0000e101) c.bnez  a0, pc + 0
3 0x0000000080000044 (0x0000e101)
core   0: 0x0000000080000046 (0x00000297) auipc   t0, 0x0
3 0x0000000080000046 (0x00000297) x 5 0x0000000080000046
core   0: 0x000000008000004a (0x01228293) addi    t0, t0, 18
3 0x000000008000004a (0x01228293) x 5 0x0000000080000058
core   0: 0x000000008000004e (0x30529073) csrw    mtvec, t0
3 0x000000008000004e (0x30529073)
core   0: 0x0000000080000052 (0x18005073) csrwi   satp, 0
3 0x0000000080000052 (0x18005073)
core   0: 0x0000000080000056 (0x00000001) c.nop
3 0x0000000080000056 (0x00000001)
core   0: 0x0000000080000058 (0x00000297) auipc   t0, 0x0
3 0x0000000080000058 (0x00000297) x 5 0x0000000080000058
core   0: 0x000000008000005c (0x01828293) addi    t0, t0, 24
3 0x000000008000005c (0x01828293) x 5 0x0000000080000070
core   0: 0x0000000080000060 (0x30529073) csrw    mtvec, t0
3 0x0000000080000060 (0x30529073)
core   0: 0x0000000080000064 (0x000052fd) c.li    t0, -1
3 0x0000000080000064 (0x000052fd) x 5 0xffffffffffffffff
core   0: 0x0000000080000066 (0x3b029073) csrw    pmpaddr0, t0
3 0x0000000080000066 (0x3b029073)
core   0: 0x000000008000006a (0x000042fd) c.li    t0, 31
3 0x000000008000006a (0x000042fd) x 5 0x000000000000001f
core   0: 0x000000008000006c (0x3a029073) csrw    pmpcfg0, t0
3 0x000000008000006c (0x3a029073)
core   0: 0x0000000080000070 (0x00000297) auipc   t0, 0x0
3 0x0000000080000070 (0x00000297) x 5 0x0000000080000070
core   0: 0x0000000080000074 (0x01828293) addi    t0, t0, 24
3 0x0000000080000074 (0x01828293) x 5 0x0000000080000088
core   0: 0x0000000080000078 (0x30529073) csrw    mtvec, t0
3 0x0000000080000078 (0x30529073)
core   0: 0x000000008000007c (0x30205073) csrwi   medeleg, 0
3 0x000000008000007c (0x30205073)
core   0: 0x0000000080000080 (0x30305073) csrwi   mideleg, 0
3 0x0000000080000080 (0x30305073)
core   0: 0x0000000080000084 (0x30405073) csrwi   mie, 0
3 0x0000000080000084 (0x30405073)
core   0: 0x0000000080000088 (0x00004181) c.li    gp, 0
3 0x0000000080000088 (0x00004181) x 3 0x0000000000000000
core   0: 0x000000008000008a (0x00000297) auipc   t0, 0x0
3 0x000000008000008a (0x00000297) x 5 0x000000008000008a
core   0: 0x000000008000008e (0xf7a28293) addi    t0, t0, -134
3 0x000000008000008e (0xf7a28293) x 5 0x0000000080000004
core   0: 0x0000000080000092 (0x30529073) csrw    mtvec, t0
3 0x0000000080000092 (0x30529073)
core   0: 0x0000000080000096 (0x00004505) c.li    a0, 1
3 0x0000000080000096 (0x00004505) x10 0x0000000000000001
core   0: 0x0000000080000098 (0x0000057e) c.slli  a0, 31
3 0x0000000080000098 (0x0000057e) x10 0x0000000080000000
core   0: 0x000000008000009a (0x00055d63) bgez    a0, pc + 26
3 0x000000008000009a (0x00055d63)
core   0: 0x00000000800000b4 (0x80000297) auipc   t0, 0x80000
3 0x00000000800000b4 (0x80000297) x 5 0x00000000000000b4
core   0: 0x00000000800000b8 (0xf4c28293) addi    t0, t0, -180
3 0x00000000800000b8 (0xf4c28293) x 5 0x0000000000000000
core   0: 0x00000000800000bc (0x00028e63) beqz    t0, pc + 28
3 0x00000000800000bc (0x00028e63)
core   0: 0x00000000800000d8 (0x30005073) csrwi   mstatus, 0
3 0x00000000800000d8 (0x30005073)
core   0: 0x00000000800000dc (0x00000297) auipc   t0, 0x0
3 0x00000000800000dc (0x00000297) x 5 0x00000000800000dc
core   0: 0x00000000800000e0 (0x01428293) addi    t0, t0, 20
3 0x00000000800000e0 (0x01428293) x 5 0x00000000800000f0
core   0: 0x00000000800000e4 (0x34129073) csrw    mepc, t0
3 0x00000000800000e4 (0x34129073)
core   0: 0x00000000800000e8 (0xf1402573) csrr    a0, mhartid
3 0x00000000800000e8 (0xf1402573) x10 0x0000000000000000
core   0: 0x00000000800000ec (0x30200073) mret
3 0x00000000800000ec (0x30200073)
core   0: 0x00000000800000f0 (0x000000b7) lui     ra, 0x0
0 0x00000000800000f0 (0x000000b7) x 1 0x0000000000000000
core   0: 0x00000000800000f4 (0x00004e81) c.li    t4, 0
0 0x00000000800000f4 (0x00004e81) x29 0x0000000000000000
core   0: 0x00000000800000f6 (0x00004189) c.li    gp, 2
0 0x00000000800000f6 (0x00004189) x 3 0x0000000000000002
core   0: 0x00000000800000f8 (0x00002e17) auipc   t3, 0x2
0 0x00000000800000f8 (0x00002e17) x28 0x00000000800020f8
core   0: 0x00000000800000fc (0xf08e0e13) addi    t3, t3, -248
0 0x00000000800000fc (0xf08e0e13) x28 0x0000000080002000
core   0: 0x0000000080000100 (0x001e2423) sw      ra, 8(t3)
0 0x0000000080000100 (0x001e2423)
core   0: 0x0000000080000104 (0x07d09c63) bne     ra, t4, pc + 120
0 0x0000000080000104 (0x07d09c63)
core   0: 0x0000000080000108 (0x000070fd) c.lui   ra, 0xfffff
0 0x0000000080000108 (0x000070fd) x 1 0xfffffffffffff000
core   0: 0x000000008000010a (0x4010d093) srai    ra, ra, 1
0 0x000000008000010a (0x4010d093) x 1 0xfffffffffffff800
core   0: 0x000000008000010e (0x80000e93) li      t4, -2048
0 0x000000008000010e (0x80000e93) x29 0xfffffffffffff800
core   0: 0x0000000080000112 (0x0000418d) c.li    gp, 3
0 0x0000000080000112 (0x0000418d) x 3 0x0000000000000003
core   0: 0x0000000080000114 (0x00002e17) auipc   t3, 0x2
0 0x0000000080000114 (0x00002e17) x28 0x0000000080002114
core   0: 0x0000000080000118 (0xeece0e13) addi    t3, t3, -276
0 0x0000000080000118 (0xeece0e13) x28 0x0000000080002000
core   0: 0x000000008000011c (0x001e2623) sw      ra, 12(t3)
0 0x000000008000011c (0x001e2623)
core   0: 0x0000000080000120 (0x05d09e63) bne     ra, t4, pc + 92
0 0x0000000080000120 (0x05d09e63)
core   0: 0x0000000080000124 (0x7ffff0b7) lui     ra, 0x7ffff
0 0x0000000080000124 (0x7ffff0b7) x 1 0x000000007ffff000
core   0: 0x0000000080000128 (0x4140d093) srai    ra, ra, 20
0 0x0000000080000128 (0x4140d093) x 1 0x00000000000007ff
core   0: 0x000000008000012c (0x7ff00e93) li      t4, 2047
0 0x000000008000012c (0x7ff00e93) x29 0x00000000000007ff
core   0: 0x0000000080000130 (0x00004191) c.li    gp, 4
0 0x0000000080000130 (0x00004191) x 3 0x0000000000000004
core   0: 0x0000000080000132 (0x00002e17) auipc   t3, 0x2
0 0x0000000080000132 (0x00002e17) x28 0x0000000080002132
core   0: 0x0000000080000136 (0xecee0e13) addi    t3, t3, -306
0 0x0000000080000136 (0xecee0e13) x28 0x0000000080002000
core   0: 0x000000008000013a (0x001e2823) sw      ra, 16(t3)
0 0x000000008000013a (0x001e2823)
core   0: 0x000000008000013e (0x03d09f63) bne     ra, t4, pc + 62
0 0x000000008000013e (0x03d09f63)
core   0: 0x0000000080000142 (0x800000b7) lui     ra, 0x80000
0 0x0000000080000142 (0x800000b7) x 1 0xffffffff80000000
core   0: 0x0000000080000146 (0x4140d093) srai    ra, ra, 20
0 0x0000000080000146 (0x4140d093) x 1 0xfffffffffffff800
core   0: 0x000000008000014a (0x80000e93) li      t4, -2048
0 0x000000008000014a (0x80000e93) x29 0xfffffffffffff800
core   0: 0x000000008000014e (0x00004195) c.li    gp, 5
0 0x000000008000014e (0x00004195) x 3 0x0000000000000005
core   0: 0x0000000080000150 (0x00002e17) auipc   t3, 0x2
0 0x0000000080000150 (0x00002e17) x28 0x0000000080002150
core   0: 0x0000000080000154 (0xeb0e0e13) addi    t3, t3, -336
0 0x0000000080000154 (0xeb0e0e13) x28 0x0000000080002000
core   0: 0x0000000080000158 (0x001e2a23) sw      ra, 20(t3)
0 0x0000000080000158 (0x001e2a23)
core   0: 0x000000008000015c (0x03d09063) bne     ra, t4, pc + 32
0 0x000000008000015c (0x03d09063)
core   0: 0x0000000080000160 (0x80000037) lui     zero, 0x80000
0 0x0000000080000160 (0x80000037)
core   0: 0x0000000080000164 (0x00004e81) c.li    t4, 0
0 0x0000000080000164 (0x00004e81) x29 0x0000000000000000
core   0: 0x0000000080000166 (0x00004199) c.li    gp, 6
0 0x0000000080000166 (0x00004199) x 3 0x0000000000000006
core   0: 0x0000000080000168 (0x00002e17) auipc   t3, 0x2
0 0x0000000080000168 (0x00002e17) x28 0x0000000080002168
core   0: 0x000000008000016c (0xe98e0e13) addi    t3, t3, -360
0 0x000000008000016c (0xe98e0e13) x28 0x0000000080002000
core   0: 0x0000000080000170 (0x000e2c23) sw      zero, 24(t3)
0 0x0000000080000170 (0x000e2c23)
core   0: 0x0000000080000174 (0x01d01463) bne     zero, t4, pc + 8
0 0x0000000080000174 (0x01d01463)
core   0: 0x0000000080000178 (0x00301d63) bne     zero, gp, pc + 26
0 0x0000000080000178 (0x00301d63)
core   0: 0x0000000080000192 (0x0ff0000f) fence   iorw,iorw
0 0x0000000080000192 (0x0ff0000f)
core   0: 0x0000000080000196 (0x00004185) c.li    gp, 1
0 0x0000000080000196 (0x00004185) x 3 0x0000000000000001
core   0: 0x0000000080000198 (0x00002e17) auipc   t3, 0x2
0 0x0000000080000198 (0x00002e17) x28 0x0000000080002198
core   0: 0x000000008000019c (0xe68e0e13) addi    t3, t3, -408
0 0x000000008000019c (0xe68e0e13) x28 0x0000000080002000
core   0: 0x00000000800001a0 (0x003e2023) sw      gp, 0(t3)
0 0x00000000800001a0 (0x003e2023)
core   0: 0x00000000800001a4 (0x00000073) ecall
0 0x00000000800001a4 (0x00000073)
