core   0: 0x0000000000010000 (0x00100413) li      s0, 1
3 0x0000000000010000 (0x00100413) x 8 0x0000000000000001
core   0: 0x0000000000010004 (0x01f41413) slli    s0, s0, 31
3 0x0000000000010004 (0x01f41413) x 8 0x0000000080000000
core   0: 0x0000000000010008 (0xf1402573) csrr    a0, mhartid
3 0x0000000000010008 (0xf1402573) x10 0x0000000000000000
core   0: 0x000000000001000c (0x00000597) auipc   a1, 0x0
3 0x000000000001000c (0x00000597) x11 0x000000000001000c
core   0: 0x0000000000010010 (0x07458593) addi    a1, a1, 116
3 0x0000000000010010 (0x07458593) x11 0x0000000000010080
core   0: 0x0000000000010014 (0x00040067) jr      s0
3 0x0000000000010014 (0x00040067)
core   0: 0x0000000080000000 (0x0000a081) c.j     pc + 64
3 0x0000000080000000 (0x0000a081)
core   0: 0x0000000080000040 (0xf1402573) csrr    a0, mhartid
3 0x0000000080000040 (0xf1402573) x10 0x0000000000000000
core   0: 0x0000000080000044 (0x0000e101) c.bnez  a0, pc + 0
3 0x0000000080000044 (0x0000e101)
core   0: 0x0000000080000046 (0x00000297) auipc   t0, 0x0
3 0x0000000080000046 (0x00000297) x 5 0x0000000080000046
core   0: 0x000000008000004a (0x01228293) addi    t0, t0, 18
3 0x000000008000004a (0x01228293) x 5 0x0000000080000058
core   0: 0x000000008000004e (0x30529073) csrw    mtvec, t0
3 0x000000008000004e (0x30529073)
core   0: 0x0000000080000052 (0x18005073) csrwi   satp, 0
3 0x0000000080000052 (0x18005073)
core   0: 0x0000000080000056 (0x00000001) c.nop
3 0x0000000080000056 (0x00000001)
core   0: 0x0000000080000058 (0x00000297) auipc   t0, 0x0
3 0x0000000080000058 (0x00000297) x 5 0x0000000080000058
core   0: 0x000000008000005c (0x01828293) addi    t0, t0, 24
3 0x000000008000005c (0x01828293) x 5 0x0000000080000070
core   0: 0x0000000080000060 (0x30529073) csrw    mtvec, t0
3 0x0000000080000060 (0x30529073)
core   0: 0x0000000080000064 (0x000052fd) c.li    t0, -1
3 0x0000000080000064 (0x000052fd) x 5 0xffffffffffffffff
core   0: 0x0000000080000066 (0x3b029073) csrw    pmpaddr0, t0
3 0x0000000080000066 (0x3b029073)
core   0: 0x000000008000006a (0x000042fd) c.li    t0, 31
3 0x000000008000006a (0x000042fd) x 5 0x000000000000001f
core   0: 0x000000008000006c (0x3a029073) csrw    pmpcfg0, t0
3 0x000000008000006c (0x3a029073)
core   0: 0x0000000080000070 (0x00000297) auipc   t0, 0x0
3 0x0000000080000070 (0x00000297) x 5 0x0000000080000070
core   0: 0x0000000080000074 (0x01828293) addi    t0, t0, 24
3 0x0000000080000074 (0x01828293) x 5 0x0000000080000088
core   0: 0x0000000080000078 (0x30529073) csrw    mtvec, t0
3 0x0000000080000078 (0x30529073)
core   0: 0x000000008000007c (0x30205073) csrwi   medeleg, 0
3 0x000000008000007c (0x30205073)
core   0: 0x0000000080000080 (0x30305073) csrwi   mideleg, 0
3 0x0000000080000080 (0x30305073)
core   0: 0x0000000080000084 (0x30405073) csrwi   mie, 0
3 0x0000000080000084 (0x30405073)
core   0: 0x0000000080000088 (0x00004181) c.li    gp, 0
3 0x0000000080000088 (0x00004181) x 3 0x0000000000000000
core   0: 0x000000008000008a (0x00000297) auipc   t0, 0x0
3 0x000000008000008a (0x00000297) x 5 0x000000008000008a
core   0: 0x000000008000008e (0xf7a28293) addi    t0, t0, -134
3 0x000000008000008e (0xf7a28293) x 5 0x0000000080000004
core   0: 0x0000000080000092 (0x30529073) csrw    mtvec, t0
3 0x0000000080000092 (0x30529073)
core   0: 0x0000000080000096 (0x00004505) c.li    a0, 1
3 0x0000000080000096 (0x00004505) x10 0x0000000000000001
core   0: 0x0000000080000098 (0x0000057e) c.slli  a0, 31
3 0x0000000080000098 (0x0000057e) x10 0x0000000080000000
core   0: 0x000000008000009a (0x00055d63) bgez    a0, pc + 26
3 0x000000008000009a (0x00055d63)
core   0: 0x00000000800000b4 (0x00000297) auipc   t0, 0x0
3 0x00000000800000b4 (0x00000297) x 5 0x00000000800000b4
core   0: 0x00000000800000b8 (0x16c28293) addi    t0, t0, 364
3 0x00000000800000b8 (0x16c28293) x 5 0x0000000080000220
core   0: 0x00000000800000bc (0x00028e63) beqz    t0, pc + 28
3 0x00000000800000bc (0x00028e63)
core   0: 0x00000000800000c0 (0x10529073) csrw    stvec, t0
3 0x00000000800000c0 (0x10529073)
core   0: 0x00000000800000c4 (0x0000b2b7) lui     t0, 0xb
3 0x00000000800000c4 (0x0000b2b7) x 5 0x000000000000b000
core   0: 0x00000000800000c8 (0x1092829b) addiw   t0, t0, 265
3 0x00000000800000c8 (0x1092829b) x 5 0x000000000000b109
core   0: 0x00000000800000cc (0x30229073) csrw    medeleg, t0
3 0x00000000800000cc (0x30229073)
core   0: 0x00000000800000d0 (0x30202373) csrr    t1, medeleg
3 0x00000000800000d0 (0x30202373) x 6 0x000000000000b109
core   0: 0x00000000800000d4 (0xf4629fe3) bne     t0, t1, pc - 162
3 0x00000000800000d4 (0xf4629fe3)
core   0: 0x00000000800000d8 (0x30005073) csrwi   mstatus, 0
3 0x00000000800000d8 (0x30005073)
core   0: 0x00000000800000dc (0x00001537) lui     a0, 0x1
3 0x00000000800000dc (0x00001537) x10 0x0000000000001000
core   0: 0x00000000800000e0 (0x8005051b) addiw   a0, a0, -2048
3 0x00000000800000e0 (0x8005051b) x10 0x0000000000000800
core   0: 0x00000000800000e4 (0x30052073) csrs    mstatus, a0
3 0x00000000800000e4 (0x30052073)
core   0: 0x00000000800000e8 (0x02200513) li      a0, 34
3 0x00000000800000e8 (0x02200513) x10 0x0000000000000022
core   0: 0x00000000800000ec (0x30352073) csrs    mideleg, a0
3 0x00000000800000ec (0x30352073)
core   0: 0x00000000800000f0 (0x00000297) auipc   t0, 0x0
3 0x00000000800000f0 (0x00000297) x 5 0x00000000800000f0
core   0: 0x00000000800000f4 (0x01428293) addi    t0, t0, 20
3 0x00000000800000f4 (0x01428293) x 5 0x0000000080000104
core   0: 0x00000000800000f8 (0x34129073) csrw    mepc, t0
3 0x00000000800000f8 (0x34129073)
core   0: 0x00000000800000fc (0xf1402573) csrr    a0, mhartid
3 0x00000000800000fc (0xf1402573) x10 0x0000000000000000
core   0: 0x0000000080000100 (0x30200073) mret
3 0x0000000080000100 (0x30200073)
core   0: 0x0000000080000104 (0x00200193) li      gp, 2
1 0x0000000080000104 (0x00200193) x 3 0x0000000000000002
core   0: 0x0000000080000108 (0x00002e17) auipc   t3, 0x2
1 0x0000000080000108 (0x00002e17) x28 0x0000000080002108
core   0: 0x000000008000010c (0xef8e0e13) addi    t3, t3, -264
1 0x000000008000010c (0xef8e0e13) x28 0x0000000080002000
core   0: 0x0000000080000110 (0x003e2423) sw      gp, 8(t3)
1 0x0000000080000110 (0x003e2423)
core   0: 0x0000000080000114 (0x00000313) li      t1, 0
1 0x0000000080000114 (0x00000313) x 6 0x0000000000000000
core   0: 0x0000000080000118 (0x00000297) auipc   t0, 0x0
1 0x0000000080000118 (0x00000297) x 5 0x0000000080000118
core   0: 0x000000008000011c (0x00c28293) addi    t0, t0, 12
1 0x000000008000011c (0x00c28293) x 5 0x0000000080000124
core   0: 0x0000000080000120 (0x00228367) jalr    t1, t0, 2
1 0x0000000080000120 (0x00228367) x 6 0x0000000080000124
core   0: 0x0000000080000126 (0x0000a019) c.j     pc + 6
1 0x0000000080000126 (0x0000a019)
core   0: 0x000000008000012c (0x00300193) li      gp, 3
1 0x000000008000012c (0x00300193) x 3 0x0000000000000003
core   0: 0x0000000080000130 (0x00002e17) auipc   t3, 0x2
1 0x0000000080000130 (0x00002e17) x28 0x0000000080002130
core   0: 0x0000000080000134 (0xed0e0e13) addi    t3, t3, -304
1 0x0000000080000134 (0xed0e0e13) x28 0x0000000080002000
core   0: 0x0000000080000138 (0x003e2623) sw      gp, 12(t3)
1 0x0000000080000138 (0x003e2623)
core   0: 0x000000008000013c (0x00000297) auipc   t0, 0x0
1 0x000000008000013c (0x00000297) x 5 0x000000008000013c
core   0: 0x0000000080000140 (0x00c28293) addi    t0, t0, 12
1 0x0000000080000140 (0x00c28293) x 5 0x0000000080000148
core   0: 0x0000000080000144 (0x00128367) jalr    t1, t0, 1
1 0x0000000080000144 (0x00128367) x 6 0x0000000080000148
core   0: 0x0000000080000148 (0x0080006f) j       pc + 0x8
1 0x0000000080000148 (0x0080006f)
core   0: 0x0000000080000150 (0x00400193) li      gp, 4
1 0x0000000080000150 (0x00400193) x 3 0x0000000000000004
core   0: 0x0000000080000154 (0x00002e17) auipc   t3, 0x2
1 0x0000000080000154 (0x00002e17) x28 0x0000000080002154
core   0: 0x0000000080000158 (0xeace0e13) addi    t3, t3, -340
1 0x0000000080000158 (0xeace0e13) x28 0x0000000080002000
core   0: 0x000000008000015c (0x003e2823) sw      gp, 16(t3)
1 0x000000008000015c (0x003e2823)
core   0: 0x0000000080000160 (0x00000313) li      t1, 0
1 0x0000000080000160 (0x00000313) x 6 0x0000000000000000
core   0: 0x0000000080000164 (0x00000297) auipc   t0, 0x0
1 0x0000000080000164 (0x00000297) x 5 0x0000000080000164
core   0: 0x0000000080000168 (0x00c28293) addi    t0, t0, 12
1 0x0000000080000168 (0x00c28293) x 5 0x0000000080000170
core   0: 0x000000008000016c (0x00328367) jalr    t1, t0, 3
1 0x000000008000016c (0x00328367) x 6 0x0000000080000170
core   0: 0x0000000080000172 (0x0000a019) c.j     pc + 6
1 0x0000000080000172 (0x0000a019)
core   0: 0x0000000080000178 (0x00500193) li      gp, 5
1 0x0000000080000178 (0x00500193) x 3 0x0000000000000005
core   0: 0x000000008000017c (0x00002e17) auipc   t3, 0x2
1 0x000000008000017c (0x00002e17) x28 0x000000008000217c
core   0: 0x0000000080000180 (0xe84e0e13) addi    t3, t3, -380
1 0x0000000080000180 (0xe84e0e13) x28 0x0000000080002000
core   0: 0x0000000080000184 (0x003e2a23) sw      gp, 20(t3)
1 0x0000000080000184 (0x003e2a23)
core   0: 0x0000000080000188 (0x00000313) li      t1, 0
1 0x0000000080000188 (0x00000313) x 6 0x0000000000000000
core   0: 0x000000008000018c (0x00000297) auipc   t0, 0x0
1 0x000000008000018c (0x00000297) x 5 0x000000008000018c
core   0: 0x0000000080000190 (0x00c28293) addi    t0, t0, 12
1 0x0000000080000190 (0x00c28293) x 5 0x0000000080000198
core   0: 0x0000000080000194 (0x0060036f) jal     t1, pc + 0x6
1 0x0000000080000194 (0x0060036f) x 6 0x0000000080000198
core   0: 0x000000008000019a (0x0000a019) c.j     pc + 6
1 0x000000008000019a (0x0000a019)
core   0: 0x00000000800001a0 (0x00600193) li      gp, 6
1 0x00000000800001a0 (0x00600193) x 3 0x0000000000000006
core   0: 0x00000000800001a4 (0x00002e17) auipc   t3, 0x2
1 0x00000000800001a4 (0x00002e17) x28 0x00000000800021a4
core   0: 0x00000000800001a8 (0xe5ce0e13) addi    t3, t3, -420
1 0x00000000800001a8 (0xe5ce0e13) x28 0x0000000080002000
core   0: 0x00000000800001ac (0x003e2c23) sw      gp, 24(t3)
1 0x00000000800001ac (0x003e2c23)
core   0: 0x00000000800001b0 (0x00000313) li      t1, 0
1 0x00000000800001b0 (0x00000313) x 6 0x0000000000000000
core   0: 0x00000000800001b4 (0x00000297) auipc   t0, 0x0
1 0x00000000800001b4 (0x00000297) x 5 0x00000000800001b4
core   0: 0x00000000800001b8 (0x00c28293) addi    t0, t0, 12
1 0x00000000800001b8 (0x00c28293) x 5 0x00000000800001c0
core   0: 0x00000000800001bc (0x00000363) beqz    zero, pc + 6
1 0x00000000800001bc (0x00000363)
core   0: 0x00000000800001c2 (0x0000a019) c.j     pc + 6
1 0x00000000800001c2 (0x0000a019)
core   0: 0x00000000800001c8 (0x00700193) li      gp, 7
1 0x00000000800001c8 (0x00700193) x 3 0x0000000000000007
core   0: 0x00000000800001cc (0x00002e17) auipc   t3, 0x2
1 0x00000000800001cc (0x00002e17) x28 0x00000000800021cc
core   0: 0x00000000800001d0 (0xe34e0e13) addi    t3, t3, -460
1 0x00000000800001d0 (0xe34e0e13) x28 0x0000000080002000
core   0: 0x00000000800001d4 (0x003e2e23) sw      gp, 28(t3)
1 0x00000000800001d4 (0x003e2e23)
core   0: 0x00000000800001d8 (0x00001563) bnez    zero, pc + 10
1 0x00000000800001d8 (0x00001563)
core   0: 0x00000000800001dc (0x00c0006f) j       pc + 0xc
1 0x00000000800001dc (0x00c0006f)
core   0: 0x00000000800001e8 (0x0200006f) j       pc + 0x20
1 0x00000000800001e8 (0x0200006f)
core   0: 0x0000000080000208 (0x0ff0000f) fence   iorw,iorw
1 0x0000000080000208 (0x0ff0000f)
core   0: 0x000000008000020c (0x00100193) li      gp, 1
1 0x000000008000020c (0x00100193) x 3 0x0000000000000001
core   0: 0x0000000080000210 (0x00002e17) auipc   t3, 0x2
1 0x0000000080000210 (0x00002e17) x28 0x0000000080002210
core   0: 0x0000000080000214 (0xdf0e0e13) addi    t3, t3, -528
1 0x0000000080000214 (0xdf0e0e13) x28 0x0000000080002000
core   0: 0x0000000080000218 (0x003e2023) sw      gp, 0(t3)
1 0x0000000080000218 (0x003e2023)
core   0: 0x000000008000021c (0x00000073) ecall
1 0x000000008000021c (0x00000073)
