core   0: 0x0000000000010000 (0x00100413) li      s0, 1
3 0x0000000000010000 (0x00100413) x 8 0x0000000000000001
core   0: 0x0000000000010004 (0x01f41413) slli    s0, s0, 31
3 0x0000000000010004 (0x01f41413) x 8 0x0000000080000000
core   0: 0x0000000000010008 (0xf1402573) csrr    a0, mhartid
3 0x0000000000010008 (0xf1402573) x10 0x0000000000000000
core   0: 0x000000000001000c (0x00000597) auipc   a1, 0x0
3 0x000000000001000c (0x00000597) x11 0x000000000001000c
core   0: 0x0000000000010010 (0x07458593) addi    a1, a1, 116
3 0x0000000000010010 (0x07458593) x11 0x0000000000010080
core   0: 0x0000000000010014 (0x00040067) jr      s0
3 0x0000000000010014 (0x00040067)
core   0: 0x0000000080000000 (0x0000a081) c.j     pc + 64
3 0x0000000080000000 (0x0000a081)
core   0: 0x0000000080000040 (0xf1402573) csrr    a0, mhartid
3 0x0000000080000040 (0xf1402573) x10 0x0000000000000000
core   0: 0x0000000080000044 (0x0000e101) c.bnez  a0, pc + 0
3 0x0000000080000044 (0x0000e101)
core   0: 0x0000000080000046 (0x00000297) auipc   t0, 0x0
3 0x0000000080000046 (0x00000297) x 5 0x0000000080000046
core   0: 0x000000008000004a (0x01228293) addi    t0, t0, 18
3 0x000000008000004a (0x01228293) x 5 0x0000000080000058
core   0: 0x000000008000004e (0x30529073) csrw    mtvec, t0
3 0x000000008000004e (0x30529073)
core   0: 0x0000000080000052 (0x18005073) csrwi   satp, 0
3 0x0000000080000052 (0x18005073)
core   0: 0x0000000080000056 (0x00000001) c.nop
3 0x0000000080000056 (0x00000001)
core   0: 0x0000000080000058 (0x00000297) auipc   t0, 0x0
3 0x0000000080000058 (0x00000297) x 5 0x0000000080000058
core   0: 0x000000008000005c (0x01828293) addi    t0, t0, 24
3 0x000000008000005c (0x01828293) x 5 0x0000000080000070
core   0: 0x0000000080000060 (0x30529073) csrw    mtvec, t0
3 0x0000000080000060 (0x30529073)
core   0: 0x0000000080000064 (0x000052fd) c.li    t0, -1
3 0x0000000080000064 (0x000052fd) x 5 0xffffffffffffffff
core   0: 0x0000000080000066 (0x3b029073) csrw    pmpaddr0, t0
3 0x0000000080000066 (0x3b029073)
core   0: 0x000000008000006a (0x000042fd) c.li    t0, 31
3 0x000000008000006a (0x000042fd) x 5 0x000000000000001f
core   0: 0x000000008000006c (0x3a029073) csrw    pmpcfg0, t0
3 0x000000008000006c (0x3a029073)
core   0: 0x0000000080000070 (0x00000297) auipc   t0, 0x0
3 0x0000000080000070 (0x00000297) x 5 0x0000000080000070
core   0: 0x0000000080000074 (0x01828293) addi    t0, t0, 24
3 0x0000000080000074 (0x01828293) x 5 0x0000000080000088
core   0: 0x0000000080000078 (0x30529073) csrw    mtvec, t0
3 0x0000000080000078 (0x30529073)
core   0: 0x000000008000007c (0x30205073) csrwi   medeleg, 0
3 0x000000008000007c (0x30205073)
core   0: 0x0000000080000080 (0x30305073) csrwi   mideleg, 0
3 0x0000000080000080 (0x30305073)
core   0: 0x0000000080000084 (0x30405073) csrwi   mie, 0
3 0x0000000080000084 (0x30405073)
core   0: 0x0000000080000088 (0x00004181) c.li    gp, 0
3 0x0000000080000088 (0x00004181) x 3 0x0000000000000000
core   0: 0x000000008000008a (0x00000297) auipc   t0, 0x0
3 0x000000008000008a (0x00000297) x 5 0x000000008000008a
core   0: 0x000000008000008e (0xf7a28293) addi    t0, t0, -134
3 0x000000008000008e (0xf7a28293) x 5 0x0000000080000004
core   0: 0x0000000080000092 (0x30529073) csrw    mtvec, t0
3 0x0000000080000092 (0x30529073)
core   0: 0x0000000080000096 (0x00004505) c.li    a0, 1
3 0x0000000080000096 (0x00004505) x10 0x0000000000000001
core   0: 0x0000000080000098 (0x0000057e) c.slli  a0, 31
3 0x0000000080000098 (0x0000057e) x10 0x0000000080000000
core   0: 0x000000008000009a (0x00055763) bgez    a0, pc + 14
3 0x000000008000009a (0x00055763)
core   0: 0x00000000800000a8 (0x80000297) auipc   t0, 0x80000
3 0x00000000800000a8 (0x80000297) x 5 0x00000000000000a8
core   0: 0x00000000800000ac (0xf5828293) addi    t0, t0, -168
3 0x00000000800000ac (0xf5828293) x 5 0x0000000000000000
core   0: 0x00000000800000b0 (0x00028e63) beqz    t0, pc + 28
3 0x00000000800000b0 (0x00028e63)
core   0: 0x00000000800000cc (0x30005073) csrwi   mstatus, 0
3 0x00000000800000cc (0x30005073)
core   0: 0x00000000800000d0 (0x00002537) lui     a0, 0x2
3 0x00000000800000d0 (0x00002537) x10 0x0000000000002000
core   0: 0x00000000800000d4 (0x8005051b) addiw   a0, a0, -2048
3 0x00000000800000d4 (0x8005051b) x10 0x0000000000001800
core   0: 0x00000000800000d8 (0x30052073) csrs    mstatus, a0
3 0x00000000800000d8 (0x30052073)
core   0: 0x00000000800000dc (0x00000297) auipc   t0, 0x0
3 0x00000000800000dc (0x00000297) x 5 0x00000000800000dc
core   0: 0x00000000800000e0 (0x01428293) addi    t0, t0, 20
3 0x00000000800000e0 (0x01428293) x 5 0x00000000800000f0
core   0: 0x00000000800000e4 (0x34129073) csrw    mepc, t0
3 0x00000000800000e4 (0x34129073)
core   0: 0x00000000800000e8 (0xf1402573) csrr    a0, mhartid
3 0x00000000800000e8 (0xf1402573) x10 0x0000000000000000
core   0: 0x00000000800000ec (0x30200073) mret
3 0x00000000800000ec (0x30200073)
core   0: 0x00000000800000f0 (0x00002117) auipc   sp, 0x2
3 0x00000000800000f0 (0x00002117) x 2 0x00000000800020f0
core   0: 0x00000000800000f4 (0xf1010113) addi    sp, sp, -240
3 0x00000000800000f4 (0xf1010113) x 2 0x0000000080002000
core   0: 0x00000000800000f8 (0x00004901) c.li    s2, 0
3 0x00000000800000f8 (0x00004901) x18 0x0000000000000000
core   0: 0x00000000800000fa (0x00004881) c.li    a7, 0
3 0x00000000800000fa (0x00004881) x17 0x0000000000000000
core   0: 0x00000000800000fc (0x031928b3) mulhsu  a7, s2, a7
3 0x00000000800000fc (0x031928b3) x17 0x0000000000000000
core   0: 0x0000000080000100 (0x0000c046) c.swsp  a7, 0(sp)
3 0x0000000080000100 (0x0000c046)
core   0: 0x0000000080000102 (0x00004a01) c.li    s4, 0
3 0x0000000080000102 (0x00004a01) x20 0x0000000000000000
core   0: 0x0000000080000104 (0x00004985) c.li    s3, 1
3 0x0000000080000104 (0x00004985) x19 0x0000000000000001
core   0: 0x0000000080000106 (0x033a29b3) mulhsu  s3, s4, s3
3 0x0000000080000106 (0x033a29b3) x19 0x0000000000000000
core   0: 0x000000008000010a (0x0000c24e) c.swsp  s3, 4(sp)
3 0x000000008000010a (0x0000c24e)
core   0: 0x000000008000010c (0x00004b01) c.li    s6, 0
3 0x000000008000010c (0x00004b01) x22 0x0000000000000000
core   0: 0x000000008000010e (0x00005afd) c.li    s5, -1
3 0x000000008000010e (0x00005afd) x21 0xffffffffffffffff
core   0: 0x0000000080000110 (0x035b2ab3) mulhsu  s5, s6, s5
3 0x0000000080000110 (0x035b2ab3) x21 0x0000000000000000
core   0: 0x0000000080000114 (0x0000c456) c.swsp  s5, 8(sp)
3 0x0000000080000114 (0x0000c456)
core   0: 0x0000000080000116 (0x00004c01) c.li    s8, 0
3 0x0000000080000116 (0x00004c01) x24 0x0000000000000000
core   0: 0x0000000080000118 (0x80000bb7) lui     s7, 0x80000
3 0x0000000080000118 (0x80000bb7) x23 0xffffffff80000000
core   0: 0x000000008000011c (0xfffb8b9b) addiw   s7, s7, -1
3 0x000000008000011c (0xfffb8b9b) x23 0x000000007fffffff
core   0: 0x0000000080000120 (0x037c2bb3) mulhsu  s7, s8, s7
3 0x0000000080000120 (0x037c2bb3) x23 0x0000000000000000
core   0: 0x0000000080000124 (0x0000c65e) c.swsp  s7, 12(sp)
3 0x0000000080000124 (0x0000c65e)
core   0: 0x0000000080000126 (0x00004d01) c.li    s10, 0
3 0x0000000080000126 (0x00004d01) x26 0x0000000000000000
core   0: 0x0000000080000128 (0x00100c9b) addiw   s9, zero, 1
3 0x0000000080000128 (0x00100c9b) x25 0x0000000000000001
core   0: 0x000000008000012c (0x01fc9c93) slli    s9, s9, 31
3 0x000000008000012c (0x01fc9c93) x25 0x0000000080000000
core   0: 0x0000000080000130 (0x039d2cb3) mulhsu  s9, s10, s9
3 0x0000000080000130 (0x039d2cb3) x25 0x0000000000000000
core   0: 0x0000000080000134 (0x0000c866) c.swsp  s9, 16(sp)
3 0x0000000080000134 (0x0000c866)
core   0: 0x0000000080000136 (0x00002117) auipc   sp, 0x2
3 0x0000000080000136 (0x00002117) x 2 0x0000000080002136
core   0: 0x000000008000013a (0xede10113) addi    sp, sp, -290
3 0x000000008000013a (0xede10113) x 2 0x0000000080002014
core   0: 0x000000008000013e (0x00004e05) c.li    t3, 1
3 0x000000008000013e (0x00004e05) x28 0x0000000000000001
core   0: 0x0000000080000140 (0x00004d81) c.li    s11, 0
3 0x0000000080000140 (0x00004d81) x27 0x0000000000000000
core   0: 0x0000000080000142 (0x03be2db3) mulhsu  s11, t3, s11
3 0x0000000080000142 (0x03be2db3) x27 0x0000000000000000
core   0: 0x0000000080000146 (0x0000c06e) c.swsp  s11, 0(sp)
3 0x0000000080000146 (0x0000c06e)
core   0: 0x0000000080000148 (0x00004f05) c.li    t5, 1
3 0x0000000080000148 (0x00004f05) x30 0x0000000000000001
core   0: 0x000000008000014a (0x00004e85) c.li    t4, 1
3 0x000000008000014a (0x00004e85) x29 0x0000000000000001
core   0: 0x000000008000014c (0x03df2eb3) mulhsu  t4, t5, t4
3 0x000000008000014c (0x03df2eb3) x29 0x0000000000000000
core   0: 0x0000000080000150 (0x0000c276) c.swsp  t4, 4(sp)
3 0x0000000080000150 (0x0000c276)
core   0: 0x0000000080000152 (0x00004185) c.li    gp, 1
3 0x0000000080000152 (0x00004185) x 3 0x0000000000000001
core   0: 0x0000000080000154 (0x00005afd) c.li    s5, -1
3 0x0000000080000154 (0x00005afd) x21 0xffffffffffffffff
core   0: 0x0000000080000156 (0x0351aab3) mulhsu  s5, gp, s5
3 0x0000000080000156 (0x0351aab3) x21 0x0000000000000000
core   0: 0x000000008000015a (0x0000c456) c.swsp  s5, 8(sp)
3 0x000000008000015a (0x0000c456)
core   0: 0x000000008000015c (0x00004405) c.li    s0, 1
3 0x000000008000015c (0x00004405) x 8 0x0000000000000001
core   0: 0x000000008000015e (0x80000237) lui     tp, 0x80000
3 0x000000008000015e (0x80000237) x 4 0xffffffff80000000
core   0: 0x0000000080000162 (0xfff2021b) addiw   tp, tp, -1
3 0x0000000080000162 (0xfff2021b) x 4 0x000000007fffffff
core   0: 0x0000000080000166 (0x02442233) mulhsu  tp, s0, tp
3 0x0000000080000166 (0x02442233) x 4 0x0000000000000000
core   0: 0x000000008000016a (0x0000c612) c.swsp  tp, 12(sp)
3 0x000000008000016a (0x0000c612)
core   0: 0x000000008000016c (0x00004585) c.li    a1, 1
3 0x000000008000016c (0x00004585) x11 0x0000000000000001
core   0: 0x000000008000016e (0x0010049b) addiw   s1, zero, 1
3 0x000000008000016e (0x0010049b) x 9 0x0000000000000001
core   0: 0x0000000080000172 (0x01f49493) slli    s1, s1, 31
3 0x0000000080000172 (0x01f49493) x 9 0x0000000080000000
core   0: 0x0000000080000176 (0x0295a4b3) mulhsu  s1, a1, s1
3 0x0000000080000176 (0x0295a4b3) x 9 0x0000000000000000
core   0: 0x000000008000017a (0x0000c826) c.swsp  s1, 16(sp)
3 0x000000008000017a (0x0000c826)
core   0: 0x000000008000017c (0x00002117) auipc   sp, 0x2
3 0x000000008000017c (0x00002117) x 2 0x000000008000217c
core   0: 0x0000000080000180 (0xeac10113) addi    sp, sp, -340
3 0x0000000080000180 (0xeac10113) x 2 0x0000000080002028
core   0: 0x0000000080000184 (0x000056fd) c.li    a3, -1
3 0x0000000080000184 (0x000056fd) x13 0xffffffffffffffff
core   0: 0x0000000080000186 (0x00004601) c.li    a2, 0
3 0x0000000080000186 (0x00004601) x12 0x0000000000000000
core   0: 0x0000000080000188 (0x02c6a633) mulhsu  a2, a3, a2
3 0x0000000080000188 (0x02c6a633) x12 0x0000000000000000
core   0: 0x000000008000018c (0x0000c032) c.swsp  a2, 0(sp)
3 0x000000008000018c (0x0000c032)
core   0: 0x000000008000018e (0x000057fd) c.li    a5, -1
3 0x000000008000018e (0x000057fd) x15 0xffffffffffffffff
core   0: 0x0000000080000190 (0x00004705) c.li    a4, 1
3 0x0000000080000190 (0x00004705) x14 0x0000000000000001
core   0: 0x0000000080000192 (0x02e7a733) mulhsu  a4, a5, a4
3 0x0000000080000192 (0x02e7a733) x14 0xffffffffffffffff
core   0: 0x0000000080000196 (0x0000c23a) c.swsp  a4, 4(sp)
3 0x0000000080000196 (0x0000c23a)
core   0: 0x0000000080000198 (0x000058fd) c.li    a7, -1
3 0x0000000080000198 (0x000058fd) x17 0xffffffffffffffff
core   0: 0x000000008000019a (0x0000587d) c.li    a6, -1
3 0x000000008000019a (0x0000587d) x16 0xffffffffffffffff
core   0: 0x000000008000019c (0x0308a833) mulhsu  a6, a7, a6
3 0x000000008000019c (0x0308a833) x16 0xffffffffffffffff
core   0: 0x00000000800001a0 (0x0000c442) c.swsp  a6, 8(sp)
3 0x00000000800001a0 (0x0000c442)
core   0: 0x00000000800001a2 (0x000059fd) c.li    s3, -1
3 0x00000000800001a2 (0x000059fd) x19 0xffffffffffffffff
core   0: 0x00000000800001a4 (0x80000937) lui     s2, 0x80000
3 0x00000000800001a4 (0x80000937) x18 0xffffffff80000000
core   0: 0x00000000800001a8 (0xfff9091b) addiw   s2, s2, -1
3 0x00000000800001a8 (0xfff9091b) x18 0x000000007fffffff
core   0: 0x00000000800001ac (0x0329a933) mulhsu  s2, s3, s2
3 0x00000000800001ac (0x0329a933) x18 0xffffffffffffffff
core   0: 0x00000000800001b0 (0x0000c64a) c.swsp  s2, 12(sp)
3 0x00000000800001b0 (0x0000c64a)
core   0: 0x00000000800001b2 (0x00005afd) c.li    s5, -1
3 0x00000000800001b2 (0x00005afd) x21 0xffffffffffffffff
core   0: 0x00000000800001b4 (0x00100a1b) addiw   s4, zero, 1
3 0x00000000800001b4 (0x00100a1b) x20 0x0000000000000001
core   0: 0x00000000800001b8 (0x01fa1a13) slli    s4, s4, 31
3 0x00000000800001b8 (0x01fa1a13) x20 0x0000000080000000
core   0: 0x00000000800001bc (0x034aaa33) mulhsu  s4, s5, s4
3 0x00000000800001bc (0x034aaa33) x20 0xffffffffffffffff
core   0: 0x00000000800001c0 (0x0000c852) c.swsp  s4, 16(sp)
3 0x00000000800001c0 (0x0000c852)
core   0: 0x00000000800001c2 (0x00002117) auipc   sp, 0x2
3 0x00000000800001c2 (0x00002117) x 2 0x00000000800021c2
core   0: 0x00000000800001c6 (0xe7a10113) addi    sp, sp, -390
3 0x00000000800001c6 (0xe7a10113) x 2 0x000000008000203c
core   0: 0x00000000800001ca (0x80000bb7) lui     s7, 0x80000
3 0x00000000800001ca (0x80000bb7) x23 0xffffffff80000000
core   0: 0x00000000800001ce (0xfffb8b9b) addiw   s7, s7, -1
3 0x00000000800001ce (0xfffb8b9b) x23 0x000000007fffffff
core   0: 0x00000000800001d2 (0x00004b01) c.li    s6, 0
3 0x00000000800001d2 (0x00004b01) x22 0x0000000000000000
core   0: 0x00000000800001d4 (0x036bab33) mulhsu  s6, s7, s6
3 0x00000000800001d4 (0x036bab33) x22 0x0000000000000000
core   0: 0x00000000800001d8 (0x0000c05a) c.swsp  s6, 0(sp)
3 0x00000000800001d8 (0x0000c05a)
core   0: 0x00000000800001da (0x80000cb7) lui     s9, 0x80000
3 0x00000000800001da (0x80000cb7) x25 0xffffffff80000000
core   0: 0x00000000800001de (0xfffc8c9b) addiw   s9, s9, -1
3 0x00000000800001de (0xfffc8c9b) x25 0x000000007fffffff
core   0: 0x00000000800001e2 (0x00004c05) c.li    s8, 1
3 0x00000000800001e2 (0x00004c05) x24 0x0000000000000001
core   0: 0x00000000800001e4 (0x038cac33) mulhsu  s8, s9, s8
3 0x00000000800001e4 (0x038cac33) x24 0x0000000000000000
core   0: 0x00000000800001e8 (0x0000c262) c.swsp  s8, 4(sp)
3 0x00000000800001e8 (0x0000c262)
core   0: 0x00000000800001ea (0x80000db7) lui     s11, 0x80000
3 0x00000000800001ea (0x80000db7) x27 0xffffffff80000000
core   0: 0x00000000800001ee (0xfffd8d9b) addiw   s11, s11, -1
3 0x00000000800001ee (0xfffd8d9b) x27 0x000000007fffffff
core   0: 0x00000000800001f2 (0x00005d7d) c.li    s10, -1
3 0x00000000800001f2 (0x00005d7d) x26 0xffffffffffffffff
core   0: 0x00000000800001f4 (0x03adad33) mulhsu  s10, s11, s10
3 0x00000000800001f4 (0x03adad33) x26 0x000000007ffffffe
core   0: 0x00000000800001f8 (0x0000c46a) c.swsp  s10, 8(sp)
3 0x00000000800001f8 (0x0000c46a)
core   0: 0x00000000800001fa (0x80000eb7) lui     t4, 0x80000
3 0x00000000800001fa (0x80000eb7) x29 0xffffffff80000000
core   0: 0x00000000800001fe (0xfffe8e9b) addiw   t4, t4, -1
3 0x00000000800001fe (0xfffe8e9b) x29 0x000000007fffffff
core   0: 0x0000000080000202 (0x80000e37) lui     t3, 0x80000
3 0x0000000080000202 (0x80000e37) x28 0xffffffff80000000
core   0: 0x0000000080000206 (0xfffe0e1b) addiw   t3, t3, -1
3 0x0000000080000206 (0xfffe0e1b) x28 0x000000007fffffff
core   0: 0x000000008000020a (0x03ceae33) mulhsu  t3, t4, t3
3 0x000000008000020a (0x03ceae33) x28 0x0000000000000000
core   0: 0x000000008000020e (0x0000c672) c.swsp  t3, 12(sp)
3 0x000000008000020e (0x0000c672)
core   0: 0x0000000080000210 (0x80000ab7) lui     s5, 0x80000
3 0x0000000080000210 (0x80000ab7) x21 0xffffffff80000000
core   0: 0x0000000080000214 (0xfffa8a9b) addiw   s5, s5, -1
3 0x0000000080000214 (0xfffa8a9b) x21 0x000000007fffffff
core   0: 0x0000000080000218 (0x00100f1b) addiw   t5, zero, 1
3 0x0000000080000218 (0x00100f1b) x30 0x0000000000000001
core   0: 0x000000008000021c (0x01ff1f13) slli    t5, t5, 31
3 0x000000008000021c (0x01ff1f13) x30 0x0000000080000000
core   0: 0x0000000080000220 (0x03eaaf33) mulhsu  t5, s5, t5
3 0x0000000080000220 (0x03eaaf33) x30 0x0000000000000000
core   0: 0x0000000080000224 (0x0000c87a) c.swsp  t5, 16(sp)
3 0x0000000080000224 (0x0000c87a)
core   0: 0x0000000080000226 (0x00002117) auipc   sp, 0x2
3 0x0000000080000226 (0x00002117) x 2 0x0000000080002226
core   0: 0x000000008000022a (0xe2a10113) addi    sp, sp, -470
3 0x000000008000022a (0xe2a10113) x 2 0x0000000080002050
core   0: 0x000000008000022e (0x0010021b) addiw   tp, zero, 1
3 0x000000008000022e (0x0010021b) x 4 0x0000000000000001
core   0: 0x0000000080000232 (0x01f21213) slli    tp, tp, 31
3 0x0000000080000232 (0x01f21213) x 4 0x0000000080000000
core   0: 0x0000000080000236 (0x00004181) c.li    gp, 0
3 0x0000000080000236 (0x00004181) x 3 0x0000000000000000
core   0: 0x0000000080000238 (0x023221b3) mulhsu  gp, tp, gp
3 0x0000000080000238 (0x023221b3) x 3 0x0000000000000000
core   0: 0x000000008000023c (0x0000c00e) c.swsp  gp, 0(sp)
3 0x000000008000023c (0x0000c00e)
core   0: 0x000000008000023e (0x0010049b) addiw   s1, zero, 1
3 0x000000008000023e (0x0010049b) x 9 0x0000000000000001
core   0: 0x0000000080000242 (0x01f49493) slli    s1, s1, 31
3 0x0000000080000242 (0x01f49493) x 9 0x0000000080000000
core   0: 0x0000000080000246 (0x00004405) c.li    s0, 1
3 0x0000000080000246 (0x00004405) x 8 0x0000000000000001
core   0: 0x0000000080000248 (0x0284a433) mulhsu  s0, s1, s0
3 0x0000000080000248 (0x0284a433) x 8 0x0000000000000000
core   0: 0x000000008000024c (0x0000c222) c.swsp  s0, 4(sp)
3 0x000000008000024c (0x0000c222)
core   0: 0x000000008000024e (0x0010061b) addiw   a2, zero, 1
3 0x000000008000024e (0x0010061b) x12 0x0000000000000001
core   0: 0x0000000080000252 (0x01f61613) slli    a2, a2, 31
3 0x0000000080000252 (0x01f61613) x12 0x0000000080000000
core   0: 0x0000000080000256 (0x000055fd) c.li    a1, -1
3 0x0000000080000256 (0x000055fd) x11 0xffffffffffffffff
core   0: 0x0000000080000258 (0x02b625b3) mulhsu  a1, a2, a1
3 0x0000000080000258 (0x02b625b3) x11 0x000000007fffffff
core   0: 0x000000008000025c (0x0000c42e) c.swsp  a1, 8(sp)
3 0x000000008000025c (0x0000c42e)
core   0: 0x000000008000025e (0x0010071b) addiw   a4, zero, 1
3 0x000000008000025e (0x0010071b) x14 0x0000000000000001
core   0: 0x0000000080000262 (0x01f71713) slli    a4, a4, 31
3 0x0000000080000262 (0x01f71713) x14 0x0000000080000000
core   0: 0x0000000080000266 (0x800006b7) lui     a3, 0x80000
3 0x0000000080000266 (0x800006b7) x13 0xffffffff80000000
core   0: 0x000000008000026a (0xfff6869b) addiw   a3, a3, -1
3 0x000000008000026a (0xfff6869b) x13 0x000000007fffffff
core   0: 0x000000008000026e (0x02d726b3) mulhsu  a3, a4, a3
3 0x000000008000026e (0x02d726b3) x13 0x0000000000000000
core   0: 0x0000000080000272 (0x0000c636) c.swsp  a3, 12(sp)
3 0x0000000080000272 (0x0000c636)
core   0: 0x0000000080000274 (0x0010081b) addiw   a6, zero, 1
3 0x0000000080000274 (0x0010081b) x16 0x0000000000000001
core   0: 0x0000000080000278 (0x01f81813) slli    a6, a6, 31
3 0x0000000080000278 (0x01f81813) x16 0x0000000080000000
core   0: 0x000000008000027c (0x0010079b) addiw   a5, zero, 1
3 0x000000008000027c (0x0010079b) x15 0x0000000000000001
core   0: 0x0000000080000280 (0x01f79793) slli    a5, a5, 31
3 0x0000000080000280 (0x01f79793) x15 0x0000000080000000
core   0: 0x0000000080000284 (0x02f827b3) mulhsu  a5, a6, a5
3 0x0000000080000284 (0x02f827b3) x15 0x0000000000000000
core   0: 0x0000000080000288 (0x0000c83e) c.swsp  a5, 16(sp)
3 0x0000000080000288 (0x0000c83e)
core   0: 0x000000008000028a (0x0ff0000f) fence   iorw,iorw
3 0x000000008000028a (0x0ff0000f)
core   0: 0x000000008000028e (0x00004185) c.li    gp, 1
3 0x000000008000028e (0x00004185) x 3 0x0000000000000001
core   0: 0x0000000080000290 (0x00000073) ecall
3 0x0000000080000290 (0x00000073)
