core   0: 0x0000000000010000 (0x00100413) li      s0, 1
3 0x0000000000010000 (0x00100413) x 8 0x0000000000000001
core   0: 0x0000000000010004 (0x01f41413) slli    s0, s0, 31
3 0x0000000000010004 (0x01f41413) x 8 0x0000000080000000
core   0: 0x0000000000010008 (0xf1402573) csrr    a0, mhartid
3 0x0000000000010008 (0xf1402573) x10 0x0000000000000000
core   0: 0x000000000001000c (0x00000597) auipc   a1, 0x0
3 0x000000000001000c (0x00000597) x11 0x000000000001000c
core   0: 0x0000000000010010 (0x07458593) addi    a1, a1, 116
3 0x0000000000010010 (0x07458593) x11 0x0000000000010080
core   0: 0x0000000000010014 (0x00040067) jr      s0
3 0x0000000000010014 (0x00040067)
core   0: 0x0000000080000000 (0x0000a081) c.j     pc + 64
3 0x0000000080000000 (0x0000a081)
core   0: 0x0000000080000040 (0xf1402573) csrr    a0, mhartid
3 0x0000000080000040 (0xf1402573) x10 0x0000000000000000
core   0: 0x0000000080000044 (0x0000e101) c.bnez  a0, pc + 0
3 0x0000000080000044 (0x0000e101)
core   0: 0x0000000080000046 (0x00000297) auipc   t0, 0x0
3 0x0000000080000046 (0x00000297) x 5 0x0000000080000046
core   0: 0x000000008000004a (0x01228293) addi    t0, t0, 18
3 0x000000008000004a (0x01228293) x 5 0x0000000080000058
core   0: 0x000000008000004e (0x30529073) csrw    mtvec, t0
3 0x000000008000004e (0x30529073)
core   0: 0x0000000080000052 (0x18005073) csrwi   satp, 0
3 0x0000000080000052 (0x18005073)
core   0: 0x0000000080000056 (0x00000001) c.nop
3 0x0000000080000056 (0x00000001)
core   0: 0x0000000080000058 (0x00000297) auipc   t0, 0x0
3 0x0000000080000058 (0x00000297) x 5 0x0000000080000058
core   0: 0x000000008000005c (0x01828293) addi    t0, t0, 24
3 0x000000008000005c (0x01828293) x 5 0x0000000080000070
core   0: 0x0000000080000060 (0x30529073) csrw    mtvec, t0
3 0x0000000080000060 (0x30529073)
core   0: 0x0000000080000064 (0x000052fd) c.li    t0, -1
3 0x0000000080000064 (0x000052fd) x 5 0xffffffffffffffff
core   0: 0x0000000080000066 (0x3b029073) csrw    pmpaddr0, t0
3 0x0000000080000066 (0x3b029073)
core   0: 0x000000008000006a (0x000042fd) c.li    t0, 31
3 0x000000008000006a (0x000042fd) x 5 0x000000000000001f
core   0: 0x000000008000006c (0x3a029073) csrw    pmpcfg0, t0
3 0x000000008000006c (0x3a029073)
core   0: 0x0000000080000070 (0x00000297) auipc   t0, 0x0
3 0x0000000080000070 (0x00000297) x 5 0x0000000080000070
core   0: 0x0000000080000074 (0x01828293) addi    t0, t0, 24
3 0x0000000080000074 (0x01828293) x 5 0x0000000080000088
core   0: 0x0000000080000078 (0x30529073) csrw    mtvec, t0
3 0x0000000080000078 (0x30529073)
core   0: 0x000000008000007c (0x30205073) csrwi   medeleg, 0
3 0x000000008000007c (0x30205073)
core   0: 0x0000000080000080 (0x30305073) csrwi   mideleg, 0
3 0x0000000080000080 (0x30305073)
core   0: 0x0000000080000084 (0x30405073) csrwi   mie, 0
3 0x0000000080000084 (0x30405073)
core   0: 0x0000000080000088 (0x00004181) c.li    gp, 0
3 0x0000000080000088 (0x00004181) x 3 0x0000000000000000
core   0: 0x000000008000008a (0x00000297) auipc   t0, 0x0
3 0x000000008000008a (0x00000297) x 5 0x000000008000008a
core   0: 0x000000008000008e (0xf7a28293) addi    t0, t0, -134
3 0x000000008000008e (0xf7a28293) x 5 0x0000000080000004
core   0: 0x0000000080000092 (0x30529073) csrw    mtvec, t0
3 0x0000000080000092 (0x30529073)
core   0: 0x0000000080000096 (0x00004505) c.li    a0, 1
3 0x0000000080000096 (0x00004505) x10 0x0000000000000001
core   0: 0x0000000080000098 (0x0000057e) c.slli  a0, 31
3 0x0000000080000098 (0x0000057e) x10 0x0000000080000000
core   0: 0x000000008000009a (0x00055d63) bgez    a0, pc + 26
3 0x000000008000009a (0x00055d63)
core   0: 0x00000000800000b4 (0x80000297) auipc   t0, 0x80000
3 0x00000000800000b4 (0x80000297) x 5 0x00000000000000b4
core   0: 0x00000000800000b8 (0xf4c28293) addi    t0, t0, -180
3 0x00000000800000b8 (0xf4c28293) x 5 0x0000000000000000
core   0: 0x00000000800000bc (0x00028e63) beqz    t0, pc + 28
3 0x00000000800000bc (0x00028e63)
core   0: 0x00000000800000d8 (0x30005073) csrwi   mstatus, 0
3 0x00000000800000d8 (0x30005073)
core   0: 0x00000000800000dc (0x00000297) auipc   t0, 0x0
3 0x00000000800000dc (0x00000297) x 5 0x00000000800000dc
core   0: 0x00000000800000e0 (0x01428293) addi    t0, t0, 20
3 0x00000000800000e0 (0x01428293) x 5 0x00000000800000f0
core   0: 0x00000000800000e4 (0x34129073) csrw    mepc, t0
3 0x00000000800000e4 (0x34129073)
core   0: 0x00000000800000e8 (0xf1402573) csrr    a0, mhartid
3 0x00000000800000e8 (0xf1402573) x10 0x0000000000000000
core   0: 0x00000000800000ec (0x30200073) mret
3 0x00000000800000ec (0x30200073)
core   0: 0x00000000800000f0 (0x000100b7) lui     ra, 0x10
0 0x00000000800000f0 (0x000100b7) x 1 0x0000000000010000
core   0: 0x00000000800000f4 (0xf010809b) addiw   ra, ra, -255
0 0x00000000800000f4 (0xf010809b) x 1 0x000000000000ff01
core   0: 0x00000000800000f8 (0x01009093) slli    ra, ra, 16
0 0x00000000800000f8 (0x01009093) x 1 0x00000000ff010000
core   0: 0x00000000800000fc (0xf0008093) addi    ra, ra, -256
0 0x00000000800000fc (0xf0008093) x 1 0x00000000ff00ff00
core   0: 0x0000000080000100 (0x0f0f1137) lui     sp, 0xf0f1
0 0x0000000080000100 (0x0f0f1137) x 2 0x000000000f0f1000
core   0: 0x0000000080000104 (0xf0f1011b) addiw   sp, sp, -241
0 0x0000000080000104 (0xf0f1011b) x 2 0x000000000f0f0f0f
core   0: 0x0000000080000108 (0x0020ef33) or      t5, ra, sp
0 0x0000000080000108 (0x0020ef33) x30 0x00000000ff0fff0f
core   0: 0x000000008000010c (0x00001eb7) lui     t4, 0x1
0 0x000000008000010c (0x00001eb7) x29 0x0000000000001000
core   0: 0x0000000080000110 (0xff1e8e9b) addiw   t4, t4, -15
0 0x0000000080000110 (0xff1e8e9b) x29 0x0000000000000ff1
core   0: 0x0000000080000114 (0x014e9e93) slli    t4, t4, 20
0 0x0000000080000114 (0x014e9e93) x29 0x00000000ff100000
core   0: 0x0000000080000118 (0xf0fe8e93) addi    t4, t4, -241
0 0x0000000080000118 (0xf0fe8e93) x29 0x00000000ff0fff0f
core   0: 0x000000008000011c (0x00004189) c.li    gp, 2
0 0x000000008000011c (0x00004189) x 3 0x0000000000000002
core   0: 0x000000008000011e (0x00002e17) auipc   t3, 0x2
0 0x000000008000011e (0x00002e17) x28 0x000000008000211e
core   0: 0x0000000080000122 (0xee2e0e13) addi    t3, t3, -286
0 0x0000000080000122 (0xee2e0e13) x28 0x0000000080002000
core   0: 0x0000000080000126 (0x01ee2423) sw      t5, 8(t3)
0 0x0000000080000126 (0x01ee2423)
core   0: 0x000000008000012a (0x63df1163) bne     t5, t4, pc + 1570
0 0x000000008000012a (0x63df1163)
core   0: 0x000000008000012e (0x0ff010b7) lui     ra, 0xff01
0 0x000000008000012e (0x0ff010b7) x 1 0x000000000ff01000
core   0: 0x0000000080000132 (0xff00809b) addiw   ra, ra, -16
0 0x0000000080000132 (0xff00809b) x 1 0x000000000ff00ff0
core   0: 0x0000000080000136 (0x000f1137) lui     sp, 0xf1
0 0x0000000080000136 (0x000f1137) x 2 0x00000000000f1000
core   0: 0x000000008000013a (0xf0f1011b) addiw   sp, sp, -241
0 0x000000008000013a (0xf0f1011b) x 2 0x00000000000f0f0f
core   0: 0x000000008000013e (0x00c11113) slli    sp, sp, 12
0 0x000000008000013e (0x00c11113) x 2 0x00000000f0f0f000
core   0: 0x0000000080000142 (0x0f010113) addi    sp, sp, 240
0 0x0000000080000142 (0x0f010113) x 2 0x00000000f0f0f0f0
core   0: 0x0000000080000146 (0x0020ef33) or      t5, ra, sp
0 0x0000000080000146 (0x0020ef33) x30 0x00000000fff0fff0
core   0: 0x000000008000014a (0x00010eb7) lui     t4, 0x10
0 0x000000008000014a (0x00010eb7) x29 0x0000000000010000
core   0: 0x000000008000014e (0xff1e8e9b) addiw   t4, t4, -15
0 0x000000008000014e (0xff1e8e9b) x29 0x000000000000fff1
core   0: 0x0000000080000152 (0x010e9e93) slli    t4, t4, 16
0 0x0000000080000152 (0x010e9e93) x29 0x00000000fff10000
core   0: 0x0000000080000156 (0xff0e8e93) addi    t4, t4, -16
0 0x0000000080000156 (0xff0e8e93) x29 0x00000000fff0fff0
core   0: 0x000000008000015a (0x0000418d) c.li    gp, 3
0 0x000000008000015a (0x0000418d) x 3 0x0000000000000003
core   0: 0x000000008000015c (0x00002e17) auipc   t3, 0x2
0 0x000000008000015c (0x00002e17) x28 0x000000008000215c
core   0: 0x0000000080000160 (0xea4e0e13) addi    t3, t3, -348
0 0x0000000080000160 (0xea4e0e13) x28 0x0000000080002000
core   0: 0x0000000080000164 (0x01ee2623) sw      t5, 12(t3)
0 0x0000000080000164 (0x01ee2623)
core   0: 0x0000000080000168 (0x5fdf1263) bne     t5, t4, pc + 1508
0 0x0000000080000168 (0x5fdf1263)
core   0: 0x000000008000016c (0x00ff00b7) lui     ra, 0xff0
0 0x000000008000016c (0x00ff00b7) x 1 0x0000000000ff0000
core   0: 0x0000000080000170 (0x0ff0809b) addiw   ra, ra, 255
0 0x0000000080000170 (0x0ff0809b) x 1 0x0000000000ff00ff
core   0: 0x0000000080000174 (0x0f0f1137) lui     sp, 0xf0f1
0 0x0000000080000174 (0x0f0f1137) x 2 0x000000000f0f1000
core   0: 0x0000000080000178 (0xf0f1011b) addiw   sp, sp, -241
0 0x0000000080000178 (0xf0f1011b) x 2 0x000000000f0f0f0f
core   0: 0x000000008000017c (0x0020ef33) or      t5, ra, sp
0 0x000000008000017c (0x0020ef33) x30 0x000000000fff0fff
core   0: 0x0000000080000180 (0x0fff1eb7) lui     t4, 0xfff1
0 0x0000000080000180 (0x0fff1eb7) x29 0x000000000fff1000
core   0: 0x0000000080000184 (0xfffe8e9b) addiw   t4, t4, -1
0 0x0000000080000184 (0xfffe8e9b) x29 0x000000000fff0fff
core   0: 0x0000000080000188 (0x00004191) c.li    gp, 4
0 0x0000000080000188 (0x00004191) x 3 0x0000000000000004
core   0: 0x000000008000018a (0x00002e17) auipc   t3, 0x2
0 0x000000008000018a (0x00002e17) x28 0x000000008000218a
core   0: 0x000000008000018e (0xe76e0e13) addi    t3, t3, -394
0 0x000000008000018e (0xe76e0e13) x28 0x0000000080002000
core   0: 0x0000000080000192 (0x01ee2823) sw      t5, 16(t3)
0 0x0000000080000192 (0x01ee2823)
core   0: 0x0000000080000196 (0x5bdf1b63) bne     t5, t4, pc + 1462
0 0x0000000080000196 (0x5bdf1b63)
core   0: 0x000000008000019a (0x000f00b7) lui     ra, 0xf0
0 0x000000008000019a (0x000f00b7) x 1 0x00000000000f0000
core   0: 0x000000008000019e (0x0ff0809b) addiw   ra, ra, 255
0 0x000000008000019e (0x0ff0809b) x 1 0x00000000000f00ff
core   0: 0x00000000800001a2 (0x00c09093) slli    ra, ra, 12
0 0x00000000800001a2 (0x00c09093) x 1 0x00000000f00ff000
core   0: 0x00000000800001a6 (0x00f08093) addi    ra, ra, 15
0 0x00000000800001a6 (0x00f08093) x 1 0x00000000f00ff00f
core   0: 0x00000000800001aa (0x000f1137) lui     sp, 0xf1
0 0x00000000800001aa (0x000f1137) x 2 0x00000000000f1000
core   0: 0x00000000800001ae (0xf0f1011b) addiw   sp, sp, -241
0 0x00000000800001ae (0xf0f1011b) x 2 0x00000000000f0f0f
core   0: 0x00000000800001b2 (0x00c11113) slli    sp, sp, 12
0 0x00000000800001b2 (0x00c11113) x 2 0x00000000f0f0f000
core   0: 0x00000000800001b6 (0x0f010113) addi    sp, sp, 240
0 0x00000000800001b6 (0x0f010113) x 2 0x00000000f0f0f0f0
core   0: 0x00000000800001ba (0x0020ef33) or      t5, ra, sp
0 0x00000000800001ba (0x0020ef33) x30 0x00000000f0fff0ff
core   0: 0x00000000800001be (0x000f1eb7) lui     t4, 0xf1
0 0x00000000800001be (0x000f1eb7) x29 0x00000000000f1000
core   0: 0x00000000800001c2 (0xfffe8e9b) addiw   t4, t4, -1
0 0x00000000800001c2 (0xfffe8e9b) x29 0x00000000000f0fff
core   0: 0x00000000800001c6 (0x00ce9e93) slli    t4, t4, 12
0 0x00000000800001c6 (0x00ce9e93) x29 0x00000000f0fff000
core   0: 0x00000000800001ca (0x0ffe8e93) addi    t4, t4, 255
0 0x00000000800001ca (0x0ffe8e93) x29 0x00000000f0fff0ff
core   0: 0x00000000800001ce (0x00004195) c.li    gp, 5
0 0x00000000800001ce (0x00004195) x 3 0x0000000000000005
core   0: 0x00000000800001d0 (0x00002e17) auipc   t3, 0x2
0 0x00000000800001d0 (0x00002e17) x28 0x00000000800021d0
core   0: 0x00000000800001d4 (0xe30e0e13) addi    t3, t3, -464
0 0x00000000800001d4 (0xe30e0e13) x28 0x0000000080002000
core   0: 0x00000000800001d8 (0x01ee2a23) sw      t5, 20(t3)
0 0x00000000800001d8 (0x01ee2a23)
core   0: 0x00000000800001dc (0x57df1863) bne     t5, t4, pc + 1392
0 0x00000000800001dc (0x57df1863)
core   0: 0x00000000800001e0 (0x000100b7) lui     ra, 0x10
0 0x00000000800001e0 (0x000100b7) x 1 0x0000000000010000
core   0: 0x00000000800001e4 (0xf010809b) addiw   ra, ra, -255
0 0x00000000800001e4 (0xf010809b) x 1 0x000000000000ff01
core   0: 0x00000000800001e8 (0x01009093) slli    ra, ra, 16
0 0x00000000800001e8 (0x01009093) x 1 0x00000000ff010000
core   0: 0x00000000800001ec (0xf0008093) addi    ra, ra, -256
0 0x00000000800001ec (0xf0008093) x 1 0x00000000ff00ff00
core   0: 0x00000000800001f0 (0x0f0f1137) lui     sp, 0xf0f1
0 0x00000000800001f0 (0x0f0f1137) x 2 0x000000000f0f1000
core   0: 0x00000000800001f4 (0xf0f1011b) addiw   sp, sp, -241
0 0x00000000800001f4 (0xf0f1011b) x 2 0x000000000f0f0f0f
core   0: 0x00000000800001f8 (0x0020e0b3) or      ra, ra, sp
0 0x00000000800001f8 (0x0020e0b3) x 1 0x00000000ff0fff0f
core   0: 0x00000000800001fc (0x00001eb7) lui     t4, 0x1
0 0x00000000800001fc (0x00001eb7) x29 0x0000000000001000
core   0: 0x0000000080000200 (0xff1e8e9b) addiw   t4, t4, -15
0 0x0000000080000200 (0xff1e8e9b) x29 0x0000000000000ff1
core   0: 0x0000000080000204 (0x014e9e93) slli    t4, t4, 20
0 0x0000000080000204 (0x014e9e93) x29 0x00000000ff100000
core   0: 0x0000000080000208 (0xf0fe8e93) addi    t4, t4, -241
0 0x0000000080000208 (0xf0fe8e93) x29 0x00000000ff0fff0f
core   0: 0x000000008000020c (0x00004199) c.li    gp, 6
0 0x000000008000020c (0x00004199) x 3 0x0000000000000006
core   0: 0x000000008000020e (0x00002e17) auipc   t3, 0x2
0 0x000000008000020e (0x00002e17) x28 0x000000008000220e
core   0: 0x0000000080000212 (0xdf2e0e13) addi    t3, t3, -526
0 0x0000000080000212 (0xdf2e0e13) x28 0x0000000080002000
core   0: 0x0000000080000216 (0x001e2c23) sw      ra, 24(t3)
0 0x0000000080000216 (0x001e2c23)
core   0: 0x000000008000021a (0x53d09963) bne     ra, t4, pc + 1330
0 0x000000008000021a (0x53d09963)
core   0: 0x000000008000021e (0x000100b7) lui     ra, 0x10
0 0x000000008000021e (0x000100b7) x 1 0x0000000000010000
core   0: 0x0000000080000222 (0xf010809b) addiw   ra, ra, -255
0 0x0000000080000222 (0xf010809b) x 1 0x000000000000ff01
core   0: 0x0000000080000226 (0x01009093) slli    ra, ra, 16
0 0x0000000080000226 (0x01009093) x 1 0x00000000ff010000
core   0: 0x000000008000022a (0xf0008093) addi    ra, ra, -256
0 0x000000008000022a (0xf0008093) x 1 0x00000000ff00ff00
core   0: 0x000000008000022e (0x0f0f1137) lui     sp, 0xf0f1
0 0x000000008000022e (0x0f0f1137) x 2 0x000000000f0f1000
core   0: 0x0000000080000232 (0xf0f1011b) addiw   sp, sp, -241
0 0x0000000080000232 (0xf0f1011b) x 2 0x000000000f0f0f0f
core   0: 0x0000000080000236 (0x0020e133) or      sp, ra, sp
0 0x0000000080000236 (0x0020e133) x 2 0x00000000ff0fff0f
core   0: 0x000000008000023a (0x00001eb7) lui     t4, 0x1
0 0x000000008000023a (0x00001eb7) x29 0x0000000000001000
core   0: 0x000000008000023e (0xff1e8e9b) addiw   t4, t4, -15
0 0x000000008000023e (0xff1e8e9b) x29 0x0000000000000ff1
core   0: 0x0000000080000242 (0x014e9e93) slli    t4, t4, 20
0 0x0000000080000242 (0x014e9e93) x29 0x00000000ff100000
core   0: 0x0000000080000246 (0xf0fe8e93) addi    t4, t4, -241
0 0x0000000080000246 (0xf0fe8e93) x29 0x00000000ff0fff0f
core   0: 0x000000008000024a (0x0000419d) c.li    gp, 7
0 0x000000008000024a (0x0000419d) x 3 0x0000000000000007
core   0: 0x000000008000024c (0x00002e17) auipc   t3, 0x2
0 0x000000008000024c (0x00002e17) x28 0x000000008000224c
core   0: 0x0000000080000250 (0xdb4e0e13) addi    t3, t3, -588
0 0x0000000080000250 (0xdb4e0e13) x28 0x0000000080002000
core   0: 0x0000000080000254 (0x002e2e23) sw      sp, 28(t3)
0 0x0000000080000254 (0x002e2e23)
core   0: 0x0000000080000258 (0x4fd11a63) bne     sp, t4, pc + 1268
0 0x0000000080000258 (0x4fd11a63)
core   0: 0x000000008000025c (0x000100b7) lui     ra, 0x10
0 0x000000008000025c (0x000100b7) x 1 0x0000000000010000
core   0: 0x0000000080000260 (0xf010809b) addiw   ra, ra, -255
0 0x0000000080000260 (0xf010809b) x 1 0x000000000000ff01
core   0: 0x0000000080000264 (0x01009093) slli    ra, ra, 16
0 0x0000000080000264 (0x01009093) x 1 0x00000000ff010000
core   0: 0x0000000080000268 (0xf0008093) addi    ra, ra, -256
0 0x0000000080000268 (0xf0008093) x 1 0x00000000ff00ff00
core   0: 0x000000008000026c (0x0010e0b3) or      ra, ra, ra
0 0x000000008000026c (0x0010e0b3) x 1 0x00000000ff00ff00
core   0: 0x0000000080000270 (0x00010eb7) lui     t4, 0x10
0 0x0000000080000270 (0x00010eb7) x29 0x0000000000010000
core   0: 0x0000000080000274 (0xf01e8e9b) addiw   t4, t4, -255
0 0x0000000080000274 (0xf01e8e9b) x29 0x000000000000ff01
core   0: 0x0000000080000278 (0x010e9e93) slli    t4, t4, 16
0 0x0000000080000278 (0x010e9e93) x29 0x00000000ff010000
core   0: 0x000000008000027c (0xf00e8e93) addi    t4, t4, -256
0 0x000000008000027c (0xf00e8e93) x29 0x00000000ff00ff00
core   0: 0x0000000080000280 (0x000041a1) c.li    gp, 8
0 0x0000000080000280 (0x000041a1) x 3 0x0000000000000008
core   0: 0x0000000080000282 (0x00002e17) auipc   t3, 0x2
0 0x0000000080000282 (0x00002e17) x28 0x0000000080002282
core   0: 0x0000000080000286 (0xd7ee0e13) addi    t3, t3, -642
0 0x0000000080000286 (0xd7ee0e13) x28 0x0000000080002000
core   0: 0x000000008000028a (0x021e2023) sw      ra, 32(t3)
0 0x000000008000028a (0x021e2023)
core   0: 0x000000008000028e (0x4bd09f63) bne     ra, t4, pc + 1214
0 0x000000008000028e (0x4bd09f63)
core   0: 0x0000000080000292 (0x00004201) c.li    tp, 0
0 0x0000000080000292 (0x00004201) x 4 0x0000000000000000
core   0: 0x0000000080000294 (0x000100b7) lui     ra, 0x10
0 0x0000000080000294 (0x000100b7) x 1 0x0000000000010000
core   0: 0x0000000080000298 (0xf010809b) addiw   ra, ra, -255
0 0x0000000080000298 (0xf010809b) x 1 0x000000000000ff01
core   0: 0x000000008000029c (0x01009093) slli    ra, ra, 16
0 0x000000008000029c (0x01009093) x 1 0x00000000ff010000
core   0: 0x00000000800002a0 (0xf0008093) addi    ra, ra, -256
0 0x00000000800002a0 (0xf0008093) x 1 0x00000000ff00ff00
core   0: 0x00000000800002a4 (0x0f0f1137) lui     sp, 0xf0f1
0 0x00000000800002a4 (0x0f0f1137) x 2 0x000000000f0f1000
core   0: 0x00000000800002a8 (0xf0f1011b) addiw   sp, sp, -241
0 0x00000000800002a8 (0xf0f1011b) x 2 0x000000000f0f0f0f
core   0: 0x00000000800002ac (0x0020ef33) or      t5, ra, sp
0 0x00000000800002ac (0x0020ef33) x30 0x00000000ff0fff0f
core   0: 0x00000000800002b0 (0x000f0313) mv      t1, t5
0 0x00000000800002b0 (0x000f0313) x 6 0x00000000ff0fff0f
core   0: 0x00000000800002b4 (0x00000205) c.addi  tp, 1
0 0x00000000800002b4 (0x00000205) x 4 0x0000000000000001
core   0: 0x00000000800002b6 (0x00004289) c.li    t0, 2
0 0x00000000800002b6 (0x00004289) x 5 0x0000000000000002
core   0: 0x00000000800002b8 (0xfc521ee3) bne     tp, t0, pc - 36
0 0x00000000800002b8 (0xfc521ee3)
core   0: 0x0000000080000294 (0x000100b7) lui     ra, 0x10
0 0x0000000080000294 (0x000100b7) x 1 0x0000000000010000
core   0: 0x0000000080000298 (0xf010809b) addiw   ra, ra, -255
0 0x0000000080000298 (0xf010809b) x 1 0x000000000000ff01
core   0: 0x000000008000029c (0x01009093) slli    ra, ra, 16
0 0x000000008000029c (0x01009093) x 1 0x00000000ff010000
core   0: 0x00000000800002a0 (0xf0008093) addi    ra, ra, -256
0 0x00000000800002a0 (0xf0008093) x 1 0x00000000ff00ff00
core   0: 0x00000000800002a4 (0x0f0f1137) lui     sp, 0xf0f1
0 0x00000000800002a4 (0x0f0f1137) x 2 0x000000000f0f1000
core   0: 0x00000000800002a8 (0xf0f1011b) addiw   sp, sp, -241
0 0x00000000800002a8 (0xf0f1011b) x 2 0x000000000f0f0f0f
core   0: 0x00000000800002ac (0x0020ef33) or      t5, ra, sp
0 0x00000000800002ac (0x0020ef33) x30 0x00000000ff0fff0f
core   0: 0x00000000800002b0 (0x000f0313) mv      t1, t5
0 0x00000000800002b0 (0x000f0313) x 6 0x00000000ff0fff0f
core   0: 0x00000000800002b4 (0x00000205) c.addi  tp, 1
0 0x00000000800002b4 (0x00000205) x 4 0x0000000000000002
core   0: 0x00000000800002b6 (0x00004289) c.li    t0, 2
0 0x00000000800002b6 (0x00004289) x 5 0x0000000000000002
core   0: 0x00000000800002b8 (0xfc521ee3) bne     tp, t0, pc - 36
0 0x00000000800002b8 (0xfc521ee3)
core   0: 0x00000000800002bc (0x00001eb7) lui     t4, 0x1
0 0x00000000800002bc (0x00001eb7) x29 0x0000000000001000
core   0: 0x00000000800002c0 (0xff1e8e9b) addiw   t4, t4, -15
0 0x00000000800002c0 (0xff1e8e9b) x29 0x0000000000000ff1
core   0: 0x00000000800002c4 (0x014e9e93) slli    t4, t4, 20
0 0x00000000800002c4 (0x014e9e93) x29 0x00000000ff100000
core   0: 0x00000000800002c8 (0xf0fe8e93) addi    t4, t4, -241
0 0x00000000800002c8 (0xf0fe8e93) x29 0x00000000ff0fff0f
core   0: 0x00000000800002cc (0x000041a5) c.li    gp, 9
0 0x00000000800002cc (0x000041a5) x 3 0x0000000000000009
core   0: 0x00000000800002ce (0x00002e17) auipc   t3, 0x2
0 0x00000000800002ce (0x00002e17) x28 0x00000000800022ce
core   0: 0x00000000800002d2 (0xd32e0e13) addi    t3, t3, -718
0 0x00000000800002d2 (0xd32e0e13) x28 0x0000000080002000
core   0: 0x00000000800002d6 (0x026e2223) sw      t1, 36(t3)
0 0x00000000800002d6 (0x026e2223)
core   0: 0x00000000800002da (0x47d31963) bne     t1, t4, pc + 1138
0 0x00000000800002da (0x47d31963)
core   0: 0x00000000800002de (0x00004201) c.li    tp, 0
0 0x00000000800002de (0x00004201) x 4 0x0000000000000000
core   0: 0x00000000800002e0 (0x0ff010b7) lui     ra, 0xff01
0 0x00000000800002e0 (0x0ff010b7) x 1 0x000000000ff01000
core   0: 0x00000000800002e4 (0xff00809b) addiw   ra, ra, -16
0 0x00000000800002e4 (0xff00809b) x 1 0x000000000ff00ff0
core   0: 0x00000000800002e8 (0x000f1137) lui     sp, 0xf1
0 0x00000000800002e8 (0x000f1137) x 2 0x00000000000f1000
core   0: 0x00000000800002ec (0xf0f1011b) addiw   sp, sp, -241
0 0x00000000800002ec (0xf0f1011b) x 2 0x00000000000f0f0f
core   0: 0x00000000800002f0 (0x00c11113) slli    sp, sp, 12
0 0x00000000800002f0 (0x00c11113) x 2 0x00000000f0f0f000
core   0: 0x00000000800002f4 (0x0f010113) addi    sp, sp, 240
0 0x00000000800002f4 (0x0f010113) x 2 0x00000000f0f0f0f0
core   0: 0x00000000800002f8 (0x0020ef33) or      t5, ra, sp
0 0x00000000800002f8 (0x0020ef33) x30 0x00000000fff0fff0
core   0: 0x00000000800002fc (0x00000001) c.nop
0 0x00000000800002fc (0x00000001)
core   0: 0x00000000800002fe (0x000f0313) mv      t1, t5
0 0x00000000800002fe (0x000f0313) x 6 0x00000000fff0fff0
core   0: 0x0000000080000302 (0x00000205) c.addi  tp, 1
0 0x0000000080000302 (0x00000205) x 4 0x0000000000000001
core   0: 0x0000000080000304 (0x00004289) c.li    t0, 2
0 0x0000000080000304 (0x00004289) x 5 0x0000000000000002
core   0: 0x0000000080000306 (0xfc521de3) bne     tp, t0, pc - 38
0 0x0000000080000306 (0xfc521de3)
core   0: 0x00000000800002e0 (0x0ff010b7) lui     ra, 0xff01
0 0x00000000800002e0 (0x0ff010b7) x 1 0x000000000ff01000
core   0: 0x00000000800002e4 (0xff00809b) addiw   ra, ra, -16
0 0x00000000800002e4 (0xff00809b) x 1 0x000000000ff00ff0
core   0: 0x00000000800002e8 (0x000f1137) lui     sp, 0xf1
0 0x00000000800002e8 (0x000f1137) x 2 0x00000000000f1000
core   0: 0x00000000800002ec (0xf0f1011b) addiw   sp, sp, -241
0 0x00000000800002ec (0xf0f1011b) x 2 0x00000000000f0f0f
core   0: 0x00000000800002f0 (0x00c11113) slli    sp, sp, 12
0 0x00000000800002f0 (0x00c11113) x 2 0x00000000f0f0f000
core   0: 0x00000000800002f4 (0x0f010113) addi    sp, sp, 240
0 0x00000000800002f4 (0x0f010113) x 2 0x00000000f0f0f0f0
core   0: 0x00000000800002f8 (0x0020ef33) or      t5, ra, sp
0 0x00000000800002f8 (0x0020ef33) x30 0x00000000fff0fff0
core   0: 0x00000000800002fc (0x00000001) c.nop
0 0x00000000800002fc (0x00000001)
core   0: 0x00000000800002fe (0x000f0313) mv      t1, t5
0 0x00000000800002fe (0x000f0313) x 6 0x00000000fff0fff0
core   0: 0x0000000080000302 (0x00000205) c.addi  tp, 1
0 0x0000000080000302 (0x00000205) x 4 0x0000000000000002
core   0: 0x0000000080000304 (0x00004289) c.li    t0, 2
0 0x0000000080000304 (0x00004289) x 5 0x0000000000000002
core   0: 0x0000000080000306 (0xfc521de3) bne     tp, t0, pc - 38
0 0x0000000080000306 (0xfc521de3)
core   0: 0x000000008000030a (0x00010eb7) lui     t4, 0x10
0 0x000000008000030a (0x00010eb7) x29 0x0000000000010000
core   0: 0x000000008000030e (0xff1e8e9b) addiw   t4, t4, -15
0 0x000000008000030e (0xff1e8e9b) x29 0x000000000000fff1
core   0: 0x0000000080000312 (0x010e9e93) slli    t4, t4, 16
0 0x0000000080000312 (0x010e9e93) x29 0x00000000fff10000
core   0: 0x0000000080000316 (0xff0e8e93) addi    t4, t4, -16
0 0x0000000080000316 (0xff0e8e93) x29 0x00000000fff0fff0
core   0: 0x000000008000031a (0x000041a9) c.li    gp, 10
0 0x000000008000031a (0x000041a9) x 3 0x000000000000000a
core   0: 0x000000008000031c (0x00002e17) auipc   t3, 0x2
0 0x000000008000031c (0x00002e17) x28 0x000000008000231c
core   0: 0x0000000080000320 (0xce4e0e13) addi    t3, t3, -796
0 0x0000000080000320 (0xce4e0e13) x28 0x0000000080002000
core   0: 0x0000000080000324 (0x026e2423) sw      t1, 40(t3)
0 0x0000000080000324 (0x026e2423)
core   0: 0x0000000080000328 (0x43d31263) bne     t1, t4, pc + 1060
0 0x0000000080000328 (0x43d31263)
core   0: 0x000000008000032c (0x00004201) c.li    tp, 0
0 0x000000008000032c (0x00004201) x 4 0x0000000000000000
core   0: 0x000000008000032e (0x00ff00b7) lui     ra, 0xff0
0 0x000000008000032e (0x00ff00b7) x 1 0x0000000000ff0000
core   0: 0x0000000080000332 (0x0ff0809b) addiw   ra, ra, 255
0 0x0000000080000332 (0x0ff0809b) x 1 0x0000000000ff00ff
core   0: 0x0000000080000336 (0x0f0f1137) lui     sp, 0xf0f1
0 0x0000000080000336 (0x0f0f1137) x 2 0x000000000f0f1000
core   0: 0x000000008000033a (0xf0f1011b) addiw   sp, sp, -241
0 0x000000008000033a (0xf0f1011b) x 2 0x000000000f0f0f0f
core   0: 0x000000008000033e (0x0020ef33) or      t5, ra, sp
0 0x000000008000033e (0x0020ef33) x30 0x000000000fff0fff
core   0: 0x0000000080000342 (0x00000001) c.nop
0 0x0000000080000342 (0x00000001)
core   0: 0x0000000080000344 (0x00000001) c.nop
0 0x0000000080000344 (0x00000001)
core   0: 0x0000000080000346 (0x000f0313) mv      t1, t5
0 0x0000000080000346 (0x000f0313) x 6 0x000000000fff0fff
core   0: 0x000000008000034a (0x00000205) c.addi  tp, 1
0 0x000000008000034a (0x00000205) x 4 0x0000000000000001
core   0: 0x000000008000034c (0x00004289) c.li    t0, 2
0 0x000000008000034c (0x00004289) x 5 0x0000000000000002
core   0: 0x000000008000034e (0xfe5210e3) bne     tp, t0, pc - 32
0 0x000000008000034e (0xfe5210e3)
core   0: 0x000000008000032e (0x00ff00b7) lui     ra, 0xff0
0 0x000000008000032e (0x00ff00b7) x 1 0x0000000000ff0000
core   0: 0x0000000080000332 (0x0ff0809b) addiw   ra, ra, 255
0 0x0000000080000332 (0x0ff0809b) x 1 0x0000000000ff00ff
core   0: 0x0000000080000336 (0x0f0f1137) lui     sp, 0xf0f1
0 0x0000000080000336 (0x0f0f1137) x 2 0x000000000f0f1000
core   0: 0x000000008000033a (0xf0f1011b) addiw   sp, sp, -241
0 0x000000008000033a (0xf0f1011b) x 2 0x000000000f0f0f0f
core   0: 0x000000008000033e (0x0020ef33) or      t5, ra, sp
0 0x000000008000033e (0x0020ef33) x30 0x000000000fff0fff
core   0: 0x0000000080000342 (0x00000001) c.nop
0 0x0000000080000342 (0x00000001)
core   0: 0x0000000080000344 (0x00000001) c.nop
0 0x0000000080000344 (0x00000001)
core   0: 0x0000000080000346 (0x000f0313) mv      t1, t5
0 0x0000000080000346 (0x000f0313) x 6 0x000000000fff0fff
core   0: 0x000000008000034a (0x00000205) c.addi  tp, 1
0 0x000000008000034a (0x00000205) x 4 0x0000000000000002
core   0: 0x000000008000034c (0x00004289) c.li    t0, 2
0 0x000000008000034c (0x00004289) x 5 0x0000000000000002
core   0: 0x000000008000034e (0xfe5210e3) bne     tp, t0, pc - 32
0 0x000000008000034e (0xfe5210e3)
core   0: 0x0000000080000352 (0x0fff1eb7) lui     t4, 0xfff1
0 0x0000000080000352 (0x0fff1eb7) x29 0x000000000fff1000
core   0: 0x0000000080000356 (0xfffe8e9b) addiw   t4, t4, -1
0 0x0000000080000356 (0xfffe8e9b) x29 0x000000000fff0fff
core   0: 0x000000008000035a (0x000041ad) c.li    gp, 11
0 0x000000008000035a (0x000041ad) x 3 0x000000000000000b
core   0: 0x000000008000035c (0x00002e17) auipc   t3, 0x2
0 0x000000008000035c (0x00002e17) x28 0x000000008000235c
core   0: 0x0000000080000360 (0xca4e0e13) addi    t3, t3, -860
0 0x0000000080000360 (0xca4e0e13) x28 0x0000000080002000
core   0: 0x0000000080000364 (0x026e2623) sw      t1, 44(t3)
0 0x0000000080000364 (0x026e2623)
core   0: 0x0000000080000368 (0x3fd31263) bne     t1, t4, pc + 996
0 0x0000000080000368 (0x3fd31263)
core   0: 0x000000008000036c (0x00004201) c.li    tp, 0
0 0x000000008000036c (0x00004201) x 4 0x0000000000000000
core   0: 0x000000008000036e (0x000100b7) lui     ra, 0x10
0 0x000000008000036e (0x000100b7) x 1 0x0000000000010000
core   0: 0x0000000080000372 (0xf010809b) addiw   ra, ra, -255
0 0x0000000080000372 (0xf010809b) x 1 0x000000000000ff01
core   0: 0x0000000080000376 (0x01009093) slli    ra, ra, 16
0 0x0000000080000376 (0x01009093) x 1 0x00000000ff010000
core   0: 0x000000008000037a (0xf0008093) addi    ra, ra, -256
0 0x000000008000037a (0xf0008093) x 1 0x00000000ff00ff00
core   0: 0x000000008000037e (0x0f0f1137) lui     sp, 0xf0f1
0 0x000000008000037e (0x0f0f1137) x 2 0x000000000f0f1000
core   0: 0x0000000080000382 (0xf0f1011b) addiw   sp, sp, -241
0 0x0000000080000382 (0xf0f1011b) x 2 0x000000000f0f0f0f
core   0: 0x0000000080000386 (0x0020ef33) or      t5, ra, sp
0 0x0000000080000386 (0x0020ef33) x30 0x00000000ff0fff0f
core   0: 0x000000008000038a (0x00000205) c.addi  tp, 1
0 0x000000008000038a (0x00000205) x 4 0x0000000000000001
core   0: 0x000000008000038c (0x00004289) c.li    t0, 2
0 0x000000008000038c (0x00004289) x 5 0x0000000000000002
core   0: 0x000000008000038e (0xfe5210e3) bne     tp, t0, pc - 32
0 0x000000008000038e (0xfe5210e3)
core   0: 0x000000008000036e (0x000100b7) lui     ra, 0x10
0 0x000000008000036e (0x000100b7) x 1 0x0000000000010000
core   0: 0x0000000080000372 (0xf010809b) addiw   ra, ra, -255
0 0x0000000080000372 (0xf010809b) x 1 0x000000000000ff01
core   0: 0x0000000080000376 (0x01009093) slli    ra, ra, 16
0 0x0000000080000376 (0x01009093) x 1 0x00000000ff010000
core   0: 0x000000008000037a (0xf0008093) addi    ra, ra, -256
0 0x000000008000037a (0xf0008093) x 1 0x00000000ff00ff00
core   0: 0x000000008000037e (0x0f0f1137) lui     sp, 0xf0f1
0 0x000000008000037e (0x0f0f1137) x 2 0x000000000f0f1000
core   0: 0x0000000080000382 (0xf0f1011b) addiw   sp, sp, -241
0 0x0000000080000382 (0xf0f1011b) x 2 0x000000000f0f0f0f
core   0: 0x0000000080000386 (0x0020ef33) or      t5, ra, sp
0 0x0000000080000386 (0x0020ef33) x30 0x00000000ff0fff0f
core   0: 0x000000008000038a (0x00000205) c.addi  tp, 1
0 0x000000008000038a (0x00000205) x 4 0x0000000000000002
core   0: 0x000000008000038c (0x00004289) c.li    t0, 2
0 0x000000008000038c (0x00004289) x 5 0x0000000000000002
core   0: 0x000000008000038e (0xfe5210e3) bne     tp, t0, pc - 32
0 0x000000008000038e (0xfe5210e3)
core   0: 0x0000000080000392 (0x00001eb7) lui     t4, 0x1
0 0x0000000080000392 (0x00001eb7) x29 0x0000000000001000
core   0: 0x0000000080000396 (0xff1e8e9b) addiw   t4, t4, -15
0 0x0000000080000396 (0xff1e8e9b) x29 0x0000000000000ff1
core   0: 0x000000008000039a (0x014e9e93) slli    t4, t4, 20
0 0x000000008000039a (0x014e9e93) x29 0x00000000ff100000
core   0: 0x000000008000039e (0xf0fe8e93) addi    t4, t4, -241
0 0x000000008000039e (0xf0fe8e93) x29 0x00000000ff0fff0f
core   0: 0x00000000800003a2 (0x000041b1) c.li    gp, 12
0 0x00000000800003a2 (0x000041b1) x 3 0x000000000000000c
core   0: 0x00000000800003a4 (0x00002e17) auipc   t3, 0x2
0 0x00000000800003a4 (0x00002e17) x28 0x00000000800023a4
core   0: 0x00000000800003a8 (0xc5ce0e13) addi    t3, t3, -932
0 0x00000000800003a8 (0xc5ce0e13) x28 0x0000000080002000
core   0: 0x00000000800003ac (0x03ee2823) sw      t5, 48(t3)
0 0x00000000800003ac (0x03ee2823)
core   0: 0x00000000800003b0 (0x39df1e63) bne     t5, t4, pc + 924
0 0x00000000800003b0 (0x39df1e63)
core   0: 0x00000000800003b4 (0x00004201) c.li    tp, 0
0 0x00000000800003b4 (0x00004201) x 4 0x0000000000000000
core   0: 0x00000000800003b6 (0x0ff010b7) lui     ra, 0xff01
0 0x00000000800003b6 (0x0ff010b7) x 1 0x000000000ff01000
core   0: 0x00000000800003ba (0xff00809b) addiw   ra, ra, -16
0 0x00000000800003ba (0xff00809b) x 1 0x000000000ff00ff0
core   0: 0x00000000800003be (0x000f1137) lui     sp, 0xf1
0 0x00000000800003be (0x000f1137) x 2 0x00000000000f1000
core   0: 0x00000000800003c2 (0xf0f1011b) addiw   sp, sp, -241
0 0x00000000800003c2 (0xf0f1011b) x 2 0x00000000000f0f0f
core   0: 0x00000000800003c6 (0x00c11113) slli    sp, sp, 12
0 0x00000000800003c6 (0x00c11113) x 2 0x00000000f0f0f000
core   0: 0x00000000800003ca (0x0f010113) addi    sp, sp, 240
0 0x00000000800003ca (0x0f010113) x 2 0x00000000f0f0f0f0
core   0: 0x00000000800003ce (0x00000001) c.nop
0 0x00000000800003ce (0x00000001)
core   0: 0x00000000800003d0 (0x0020ef33) or      t5, ra, sp
0 0x00000000800003d0 (0x0020ef33) x30 0x00000000fff0fff0
core   0: 0x00000000800003d4 (0x00000205) c.addi  tp, 1
0 0x00000000800003d4 (0x00000205) x 4 0x0000000000000001
core   0: 0x00000000800003d6 (0x00004289) c.li    t0, 2
0 0x00000000800003d6 (0x00004289) x 5 0x0000000000000002
core   0: 0x00000000800003d8 (0xfc521fe3) bne     tp, t0, pc - 34
0 0x00000000800003d8 (0xfc521fe3)
core   0: 0x00000000800003b6 (0x0ff010b7) lui     ra, 0xff01
0 0x00000000800003b6 (0x0ff010b7) x 1 0x000000000ff01000
core   0: 0x00000000800003ba (0xff00809b) addiw   ra, ra, -16
0 0x00000000800003ba (0xff00809b) x 1 0x000000000ff00ff0
core   0: 0x00000000800003be (0x000f1137) lui     sp, 0xf1
0 0x00000000800003be (0x000f1137) x 2 0x00000000000f1000
core   0: 0x00000000800003c2 (0xf0f1011b) addiw   sp, sp, -241
0 0x00000000800003c2 (0xf0f1011b) x 2 0x00000000000f0f0f
core   0: 0x00000000800003c6 (0x00c11113) slli    sp, sp, 12
0 0x00000000800003c6 (0x00c11113) x 2 0x00000000f0f0f000
core   0: 0x00000000800003ca (0x0f010113) addi    sp, sp, 240
0 0x00000000800003ca (0x0f010113) x 2 0x00000000f0f0f0f0
core   0: 0x00000000800003ce (0x00000001) c.nop
0 0x00000000800003ce (0x00000001)
core   0: 0x00000000800003d0 (0x0020ef33) or      t5, ra, sp
0 0x00000000800003d0 (0x0020ef33) x30 0x00000000fff0fff0
core   0: 0x00000000800003d4 (0x00000205) c.addi  tp, 1
0 0x00000000800003d4 (0x00000205) x 4 0x0000000000000002
core   0: 0x00000000800003d6 (0x00004289) c.li    t0, 2
0 0x00000000800003d6 (0x00004289) x 5 0x0000000000000002
core   0: 0x00000000800003d8 (0xfc521fe3) bne     tp, t0, pc - 34
0 0x00000000800003d8 (0xfc521fe3)
core   0: 0x00000000800003dc (0x00010eb7) lui     t4, 0x10
0 0x00000000800003dc (0x00010eb7) x29 0x0000000000010000
core   0: 0x00000000800003e0 (0xff1e8e9b) addiw   t4, t4, -15
0 0x00000000800003e0 (0xff1e8e9b) x29 0x000000000000fff1
core   0: 0x00000000800003e4 (0x010e9e93) slli    t4, t4, 16
0 0x00000000800003e4 (0x010e9e93) x29 0x00000000fff10000
core   0: 0x00000000800003e8 (0xff0e8e93) addi    t4, t4, -16
0 0x00000000800003e8 (0xff0e8e93) x29 0x00000000fff0fff0
core   0: 0x00000000800003ec (0x000041b5) c.li    gp, 13
0 0x00000000800003ec (0x000041b5) x 3 0x000000000000000d
core   0: 0x00000000800003ee (0x00002e17) auipc   t3, 0x2
0 0x00000000800003ee (0x00002e17) x28 0x00000000800023ee
core   0: 0x00000000800003f2 (0xc12e0e13) addi    t3, t3, -1006
0 0x00000000800003f2 (0xc12e0e13) x28 0x0000000080002000
core   0: 0x00000000800003f6 (0x03ee2a23) sw      t5, 52(t3)
0 0x00000000800003f6 (0x03ee2a23)
core   0: 0x00000000800003fa (0x35df1963) bne     t5, t4, pc + 850
0 0x00000000800003fa (0x35df1963)
core   0: 0x00000000800003fe (0x00004201) c.li    tp, 0
0 0x00000000800003fe (0x00004201) x 4 0x0000000000000000
core   0: 0x0000000080000400 (0x00ff00b7) lui     ra, 0xff0
0 0x0000000080000400 (0x00ff00b7) x 1 0x0000000000ff0000
core   0: 0x0000000080000404 (0x0ff0809b) addiw   ra, ra, 255
0 0x0000000080000404 (0x0ff0809b) x 1 0x0000000000ff00ff
core   0: 0x0000000080000408 (0x0f0f1137) lui     sp, 0xf0f1
0 0x0000000080000408 (0x0f0f1137) x 2 0x000000000f0f1000
core   0: 0x000000008000040c (0xf0f1011b) addiw   sp, sp, -241
0 0x000000008000040c (0xf0f1011b) x 2 0x000000000f0f0f0f
core   0: 0x0000000080000410 (0x00000001) c.nop
0 0x0000000080000410 (0x00000001)
core   0: 0x0000000080000412 (0x00000001) c.nop
0 0x0000000080000412 (0x00000001)
core   0: 0x0000000080000414 (0x0020ef33) or      t5, ra, sp
0 0x0000000080000414 (0x0020ef33) x30 0x000000000fff0fff
core   0: 0x0000000080000418 (0x00000205) c.addi  tp, 1
0 0x0000000080000418 (0x00000205) x 4 0x0000000000000001
core   0: 0x000000008000041a (0x00004289) c.li    t0, 2
0 0x000000008000041a (0x00004289) x 5 0x0000000000000002
core   0: 0x000000008000041c (0xfe5212e3) bne     tp, t0, pc - 28
0 0x000000008000041c (0xfe5212e3)
core   0: 0x0000000080000400 (0x00ff00b7) lui     ra, 0xff0
0 0x0000000080000400 (0x00ff00b7) x 1 0x0000000000ff0000
core   0: 0x0000000080000404 (0x0ff0809b) addiw   ra, ra, 255
0 0x0000000080000404 (0x0ff0809b) x 1 0x0000000000ff00ff
core   0: 0x0000000080000408 (0x0f0f1137) lui     sp, 0xf0f1
0 0x0000000080000408 (0x0f0f1137) x 2 0x000000000f0f1000
core   0: 0x000000008000040c (0xf0f1011b) addiw   sp, sp, -241
0 0x000000008000040c (0xf0f1011b) x 2 0x000000000f0f0f0f
core   0: 0x0000000080000410 (0x00000001) c.nop
0 0x0000000080000410 (0x00000001)
core   0: 0x0000000080000412 (0x00000001) c.nop
0 0x0000000080000412 (0x00000001)
core   0: 0x0000000080000414 (0x0020ef33) or      t5, ra, sp
0 0x0000000080000414 (0x0020ef33) x30 0x000000000fff0fff
core   0: 0x0000000080000418 (0x00000205) c.addi  tp, 1
0 0x0000000080000418 (0x00000205) x 4 0x0000000000000002
core   0: 0x000000008000041a (0x00004289) c.li    t0, 2
0 0x000000008000041a (0x00004289) x 5 0x0000000000000002
core   0: 0x000000008000041c (0xfe5212e3) bne     tp, t0, pc - 28
0 0x000000008000041c (0xfe5212e3)
core   0: 0x0000000080000420 (0x0fff1eb7) lui     t4, 0xfff1
0 0x0000000080000420 (0x0fff1eb7) x29 0x000000000fff1000
core   0: 0x0000000080000424 (0xfffe8e9b) addiw   t4, t4, -1
0 0x0000000080000424 (0xfffe8e9b) x29 0x000000000fff0fff
core   0: 0x0000000080000428 (0x000041b9) c.li    gp, 14
0 0x0000000080000428 (0x000041b9) x 3 0x000000000000000e
core   0: 0x000000008000042a (0x00002e17) auipc   t3, 0x2
0 0x000000008000042a (0x00002e17) x28 0x000000008000242a
core   0: 0x000000008000042e (0xbd6e0e13) addi    t3, t3, -1066
0 0x000000008000042e (0xbd6e0e13) x28 0x0000000080002000
core   0: 0x0000000080000432 (0x03ee2c23) sw      t5, 56(t3)
0 0x0000000080000432 (0x03ee2c23)
core   0: 0x0000000080000436 (0x31df1b63) bne     t5, t4, pc + 790
0 0x0000000080000436 (0x31df1b63)
core   0: 0x000000008000043a (0x00004201) c.li    tp, 0
0 0x000000008000043a (0x00004201) x 4 0x0000000000000000
core   0: 0x000000008000043c (0x000100b7) lui     ra, 0x10
0 0x000000008000043c (0x000100b7) x 1 0x0000000000010000
core   0: 0x0000000080000440 (0xf010809b) addiw   ra, ra, -255
0 0x0000000080000440 (0xf010809b) x 1 0x000000000000ff01
core   0: 0x0000000080000444 (0x01009093) slli    ra, ra, 16
0 0x0000000080000444 (0x01009093) x 1 0x00000000ff010000
core   0: 0x0000000080000448 (0xf0008093) addi    ra, ra, -256
0 0x0000000080000448 (0xf0008093) x 1 0x00000000ff00ff00
core   0: 0x000000008000044c (0x00000001) c.nop
0 0x000000008000044c (0x00000001)
core   0: 0x000000008000044e (0x0f0f1137) lui     sp, 0xf0f1
0 0x000000008000044e (0x0f0f1137) x 2 0x000000000f0f1000
core   0: 0x0000000080000452 (0xf0f1011b) addiw   sp, sp, -241
0 0x0000000080000452 (0xf0f1011b) x 2 0x000000000f0f0f0f
core   0: 0x0000000080000456 (0x0020ef33) or      t5, ra, sp
0 0x0000000080000456 (0x0020ef33) x30 0x00000000ff0fff0f
core   0: 0x000000008000045a (0x00000205) c.addi  tp, 1
0 0x000000008000045a (0x00000205) x 4 0x0000000000000001
core   0: 0x000000008000045c (0x00004289) c.li    t0, 2
0 0x000000008000045c (0x00004289) x 5 0x0000000000000002
core   0: 0x000000008000045e (0xfc521fe3) bne     tp, t0, pc - 34
0 0x000000008000045e (0xfc521fe3)
core   0: 0x000000008000043c (0x000100b7) lui     ra, 0x10
0 0x000000008000043c (0x000100b7) x 1 0x0000000000010000
core   0: 0x0000000080000440 (0xf010809b) addiw   ra, ra, -255
0 0x0000000080000440 (0xf010809b) x 1 0x000000000000ff01
core   0: 0x0000000080000444 (0x01009093) slli    ra, ra, 16
0 0x0000000080000444 (0x01009093) x 1 0x00000000ff010000
core   0: 0x0000000080000448 (0xf0008093) addi    ra, ra, -256
0 0x0000000080000448 (0xf0008093) x 1 0x00000000ff00ff00
core   0: 0x000000008000044c (0x00000001) c.nop
0 0x000000008000044c (0x00000001)
core   0: 0x000000008000044e (0x0f0f1137) lui     sp, 0xf0f1
0 0x000000008000044e (0x0f0f1137) x 2 0x000000000f0f1000
core   0: 0x0000000080000452 (0xf0f1011b) addiw   sp, sp, -241
0 0x0000000080000452 (0xf0f1011b) x 2 0x000000000f0f0f0f
core   0: 0x0000000080000456 (0x0020ef33) or      t5, ra, sp
0 0x0000000080000456 (0x0020ef33) x30 0x00000000ff0fff0f
core   0: 0x000000008000045a (0x00000205) c.addi  tp, 1
0 0x000000008000045a (0x00000205) x 4 0x0000000000000002
core   0: 0x000000008000045c (0x00004289) c.li    t0, 2
0 0x000000008000045c (0x00004289) x 5 0x0000000000000002
core   0: 0x000000008000045e (0xfc521fe3) bne     tp, t0, pc - 34
0 0x000000008000045e (0xfc521fe3)
core   0: 0x0000000080000462 (0x00001eb7) lui     t4, 0x1
0 0x0000000080000462 (0x00001eb7) x29 0x0000000000001000
core   0: 0x0000000080000466 (0xff1e8e9b) addiw   t4, t4, -15
0 0x0000000080000466 (0xff1e8e9b) x29 0x0000000000000ff1
core   0: 0x000000008000046a (0x014e9e93) slli    t4, t4, 20
0 0x000000008000046a (0x014e9e93) x29 0x00000000ff100000
core   0: 0x000000008000046e (0xf0fe8e93) addi    t4, t4, -241
0 0x000000008000046e (0xf0fe8e93) x29 0x00000000ff0fff0f
core   0: 0x0000000080000472 (0x000041bd) c.li    gp, 15
0 0x0000000080000472 (0x000041bd) x 3 0x000000000000000f
core   0: 0x0000000080000474 (0x00002e17) auipc   t3, 0x2
0 0x0000000080000474 (0x00002e17) x28 0x0000000080002474
core   0: 0x0000000080000478 (0xb8ce0e13) addi    t3, t3, -1140
0 0x0000000080000478 (0xb8ce0e13) x28 0x0000000080002000
core   0: 0x000000008000047c (0x03ee2e23) sw      t5, 60(t3)
0 0x000000008000047c (0x03ee2e23)
core   0: 0x0000000080000480 (0x2ddf1663) bne     t5, t4, pc + 716
0 0x0000000080000480 (0x2ddf1663)
core   0: 0x0000000080000484 (0x00004201) c.li    tp, 0
0 0x0000000080000484 (0x00004201) x 4 0x0000000000000000
core   0: 0x0000000080000486 (0x0ff010b7) lui     ra, 0xff01
0 0x0000000080000486 (0x0ff010b7) x 1 0x000000000ff01000
core   0: 0x000000008000048a (0xff00809b) addiw   ra, ra, -16
0 0x000000008000048a (0xff00809b) x 1 0x000000000ff00ff0
core   0: 0x000000008000048e (0x00000001) c.nop
0 0x000000008000048e (0x00000001)
core   0: 0x0000000080000490 (0x000f1137) lui     sp, 0xf1
0 0x0000000080000490 (0x000f1137) x 2 0x00000000000f1000
core   0: 0x0000000080000494 (0xf0f1011b) addiw   sp, sp, -241
0 0x0000000080000494 (0xf0f1011b) x 2 0x00000000000f0f0f
core   0: 0x0000000080000498 (0x00c11113) slli    sp, sp, 12
0 0x0000000080000498 (0x00c11113) x 2 0x00000000f0f0f000
core   0: 0x000000008000049c (0x0f010113) addi    sp, sp, 240
0 0x000000008000049c (0x0f010113) x 2 0x00000000f0f0f0f0
core   0: 0x00000000800004a0 (0x00000001) c.nop
0 0x00000000800004a0 (0x00000001)
core   0: 0x00000000800004a2 (0x0020ef33) or      t5, ra, sp
0 0x00000000800004a2 (0x0020ef33) x30 0x00000000fff0fff0
core   0: 0x00000000800004a6 (0x00000205) c.addi  tp, 1
0 0x00000000800004a6 (0x00000205) x 4 0x0000000000000001
core   0: 0x00000000800004a8 (0x00004289) c.li    t0, 2
0 0x00000000800004a8 (0x00004289) x 5 0x0000000000000002
core   0: 0x00000000800004aa (0xfc521ee3) bne     tp, t0, pc - 36
0 0x00000000800004aa (0xfc521ee3)
core   0: 0x0000000080000486 (0x0ff010b7) lui     ra, 0xff01
0 0x0000000080000486 (0x0ff010b7) x 1 0x000000000ff01000
core   0: 0x000000008000048a (0xff00809b) addiw   ra, ra, -16
0 0x000000008000048a (0xff00809b) x 1 0x000000000ff00ff0
core   0: 0x000000008000048e (0x00000001) c.nop
0 0x000000008000048e (0x00000001)
core   0: 0x0000000080000490 (0x000f1137) lui     sp, 0xf1
0 0x0000000080000490 (0x000f1137) x 2 0x00000000000f1000
core   0: 0x0000000080000494 (0xf0f1011b) addiw   sp, sp, -241
0 0x0000000080000494 (0xf0f1011b) x 2 0x00000000000f0f0f
core   0: 0x0000000080000498 (0x00c11113) slli    sp, sp, 12
0 0x0000000080000498 (0x00c11113) x 2 0x00000000f0f0f000
core   0: 0x000000008000049c (0x0f010113) addi    sp, sp, 240
0 0x000000008000049c (0x0f010113) x 2 0x00000000f0f0f0f0
core   0: 0x00000000800004a0 (0x00000001) c.nop
0 0x00000000800004a0 (0x00000001)
core   0: 0x00000000800004a2 (0x0020ef33) or      t5, ra, sp
0 0x00000000800004a2 (0x0020ef33) x30 0x00000000fff0fff0
core   0: 0x00000000800004a6 (0x00000205) c.addi  tp, 1
0 0x00000000800004a6 (0x00000205) x 4 0x0000000000000002
core   0: 0x00000000800004a8 (0x00004289) c.li    t0, 2
0 0x00000000800004a8 (0x00004289) x 5 0x0000000000000002
core   0: 0x00000000800004aa (0xfc521ee3) bne     tp, t0, pc - 36
0 0x00000000800004aa (0xfc521ee3)
core   0: 0x00000000800004ae (0x00010eb7) lui     t4, 0x10
0 0x00000000800004ae (0x00010eb7) x29 0x0000000000010000
core   0: 0x00000000800004b2 (0xff1e8e9b) addiw   t4, t4, -15
0 0x00000000800004b2 (0xff1e8e9b) x29 0x000000000000fff1
core   0: 0x00000000800004b6 (0x010e9e93) slli    t4, t4, 16
0 0x00000000800004b6 (0x010e9e93) x29 0x00000000fff10000
core   0: 0x00000000800004ba (0xff0e8e93) addi    t4, t4, -16
0 0x00000000800004ba (0xff0e8e93) x29 0x00000000fff0fff0
core   0: 0x00000000800004be (0x000041c1) c.li    gp, 16
0 0x00000000800004be (0x000041c1) x 3 0x0000000000000010
core   0: 0x00000000800004c0 (0x00002e17) auipc   t3, 0x2
0 0x00000000800004c0 (0x00002e17) x28 0x00000000800024c0
core   0: 0x00000000800004c4 (0xb40e0e13) addi    t3, t3, -1216
0 0x00000000800004c4 (0xb40e0e13) x28 0x0000000080002000
core   0: 0x00000000800004c8 (0x05ee2023) sw      t5, 64(t3)
0 0x00000000800004c8 (0x05ee2023)
core   0: 0x00000000800004cc (0x29df1063) bne     t5, t4, pc + 640
0 0x00000000800004cc (0x29df1063)
core   0: 0x00000000800004d0 (0x00004201) c.li    tp, 0
0 0x00000000800004d0 (0x00004201) x 4 0x0000000000000000
core   0: 0x00000000800004d2 (0x00ff00b7) lui     ra, 0xff0
0 0x00000000800004d2 (0x00ff00b7) x 1 0x0000000000ff0000
core   0: 0x00000000800004d6 (0x0ff0809b) addiw   ra, ra, 255
0 0x00000000800004d6 (0x0ff0809b) x 1 0x0000000000ff00ff
core   0: 0x00000000800004da (0x00000001) c.nop
0 0x00000000800004da (0x00000001)
core   0: 0x00000000800004dc (0x00000001) c.nop
0 0x00000000800004dc (0x00000001)
core   0: 0x00000000800004de (0x0f0f1137) lui     sp, 0xf0f1
0 0x00000000800004de (0x0f0f1137) x 2 0x000000000f0f1000
core   0: 0x00000000800004e2 (0xf0f1011b) addiw   sp, sp, -241
0 0x00000000800004e2 (0xf0f1011b) x 2 0x000000000f0f0f0f
core   0: 0x00000000800004e6 (0x0020ef33) or      t5, ra, sp
0 0x00000000800004e6 (0x0020ef33) x30 0x000000000fff0fff
core   0: 0x00000000800004ea (0x00000205) c.addi  tp, 1
0 0x00000000800004ea (0x00000205) x 4 0x0000000000000001
core   0: 0x00000000800004ec (0x00004289) c.li    t0, 2
0 0x00000000800004ec (0x00004289) x 5 0x0000000000000002
core   0: 0x00000000800004ee (0xfe5212e3) bne     tp, t0, pc - 28
0 0x00000000800004ee (0xfe5212e3)
core   0: 0x00000000800004d2 (0x00ff00b7) lui     ra, 0xff0
0 0x00000000800004d2 (0x00ff00b7) x 1 0x0000000000ff0000
core   0: 0x00000000800004d6 (0x0ff0809b) addiw   ra, ra, 255
0 0x00000000800004d6 (0x0ff0809b) x 1 0x0000000000ff00ff
core   0: 0x00000000800004da (0x00000001) c.nop
0 0x00000000800004da (0x00000001)
core   0: 0x00000000800004dc (0x00000001) c.nop
0 0x00000000800004dc (0x00000001)
core   0: 0x00000000800004de (0x0f0f1137) lui     sp, 0xf0f1
0 0x00000000800004de (0x0f0f1137) x 2 0x000000000f0f1000
core   0: 0x00000000800004e2 (0xf0f1011b) addiw   sp, sp, -241
0 0x00000000800004e2 (0xf0f1011b) x 2 0x000000000f0f0f0f
core   0: 0x00000000800004e6 (0x0020ef33) or      t5, ra, sp
0 0x00000000800004e6 (0x0020ef33) x30 0x000000000fff0fff
core   0: 0x00000000800004ea (0x00000205) c.addi  tp, 1
0 0x00000000800004ea (0x00000205) x 4 0x0000000000000002
core   0: 0x00000000800004ec (0x00004289) c.li    t0, 2
0 0x00000000800004ec (0x00004289) x 5 0x0000000000000002
core   0: 0x00000000800004ee (0xfe5212e3) bne     tp, t0, pc - 28
0 0x00000000800004ee (0xfe5212e3)
core   0: 0x00000000800004f2 (0x0fff1eb7) lui     t4, 0xfff1
0 0x00000000800004f2 (0x0fff1eb7) x29 0x000000000fff1000
core   0: 0x00000000800004f6 (0xfffe8e9b) addiw   t4, t4, -1
0 0x00000000800004f6 (0xfffe8e9b) x29 0x000000000fff0fff
core   0: 0x00000000800004fa (0x000041c5) c.li    gp, 17
0 0x00000000800004fa (0x000041c5) x 3 0x0000000000000011
core   0: 0x00000000800004fc (0x00002e17) auipc   t3, 0x2
0 0x00000000800004fc (0x00002e17) x28 0x00000000800024fc
core   0: 0x0000000080000500 (0xb04e0e13) addi    t3, t3, -1276
0 0x0000000080000500 (0xb04e0e13) x28 0x0000000080002000
core   0: 0x0000000080000504 (0x05ee2223) sw      t5, 68(t3)
0 0x0000000080000504 (0x05ee2223)
core   0: 0x0000000080000508 (0x25df1263) bne     t5, t4, pc + 580
0 0x0000000080000508 (0x25df1263)
core   0: 0x000000008000050c (0x00004201) c.li    tp, 0
0 0x000000008000050c (0x00004201) x 4 0x0000000000000000
core   0: 0x000000008000050e (0x0f0f1137) lui     sp, 0xf0f1
0 0x000000008000050e (0x0f0f1137) x 2 0x000000000f0f1000
core   0: 0x0000000080000512 (0xf0f1011b) addiw   sp, sp, -241
0 0x0000000080000512 (0xf0f1011b) x 2 0x000000000f0f0f0f
core   0: 0x0000000080000516 (0x000100b7) lui     ra, 0x10
0 0x0000000080000516 (0x000100b7) x 1 0x0000000000010000
core   0: 0x000000008000051a (0xf010809b) addiw   ra, ra, -255
0 0x000000008000051a (0xf010809b) x 1 0x000000000000ff01
core   0: 0x000000008000051e (0x01009093) slli    ra, ra, 16
0 0x000000008000051e (0x01009093) x 1 0x00000000ff010000
core   0: 0x0000000080000522 (0xf0008093) addi    ra, ra, -256
0 0x0000000080000522 (0xf0008093) x 1 0x00000000ff00ff00
core   0: 0x0000000080000526 (0x0020ef33) or      t5, ra, sp
0 0x0000000080000526 (0x0020ef33) x30 0x00000000ff0fff0f
core   0: 0x000000008000052a (0x00000205) c.addi  tp, 1
0 0x000000008000052a (0x00000205) x 4 0x0000000000000001
core   0: 0x000000008000052c (0x00004289) c.li    t0, 2
0 0x000000008000052c (0x00004289) x 5 0x0000000000000002
core   0: 0x000000008000052e (0xfe5210e3) bne     tp, t0, pc - 32
0 0x000000008000052e (0xfe5210e3)
core   0: 0x000000008000050e (0x0f0f1137) lui     sp, 0xf0f1
0 0x000000008000050e (0x0f0f1137) x 2 0x000000000f0f1000
core   0: 0x0000000080000512 (0xf0f1011b) addiw   sp, sp, -241
0 0x0000000080000512 (0xf0f1011b) x 2 0x000000000f0f0f0f
core   0: 0x0000000080000516 (0x000100b7) lui     ra, 0x10
0 0x0000000080000516 (0x000100b7) x 1 0x0000000000010000
core   0: 0x000000008000051a (0xf010809b) addiw   ra, ra, -255
0 0x000000008000051a (0xf010809b) x 1 0x000000000000ff01
core   0: 0x000000008000051e (0x01009093) slli    ra, ra, 16
0 0x000000008000051e (0x01009093) x 1 0x00000000ff010000
core   0: 0x0000000080000522 (0xf0008093) addi    ra, ra, -256
0 0x0000000080000522 (0xf0008093) x 1 0x00000000ff00ff00
core   0: 0x0000000080000526 (0x0020ef33) or      t5, ra, sp
0 0x0000000080000526 (0x0020ef33) x30 0x00000000ff0fff0f
core   0: 0x000000008000052a (0x00000205) c.addi  tp, 1
0 0x000000008000052a (0x00000205) x 4 0x0000000000000002
core   0: 0x000000008000052c (0x00004289) c.li    t0, 2
0 0x000000008000052c (0x00004289) x 5 0x0000000000000002
core   0: 0x000000008000052e (0xfe5210e3) bne     tp, t0, pc - 32
0 0x000000008000052e (0xfe5210e3)
core   0: 0x0000000080000532 (0x00001eb7) lui     t4, 0x1
0 0x0000000080000532 (0x00001eb7) x29 0x0000000000001000
core   0: 0x0000000080000536 (0xff1e8e9b) addiw   t4, t4, -15
0 0x0000000080000536 (0xff1e8e9b) x29 0x0000000000000ff1
core   0: 0x000000008000053a (0x014e9e93) slli    t4, t4, 20
0 0x000000008000053a (0x014e9e93) x29 0x00000000ff100000
core   0: 0x000000008000053e (0xf0fe8e93) addi    t4, t4, -241
0 0x000000008000053e (0xf0fe8e93) x29 0x00000000ff0fff0f
core   0: 0x0000000080000542 (0x000041c9) c.li    gp, 18
0 0x0000000080000542 (0x000041c9) x 3 0x0000000000000012
core   0: 0x0000000080000544 (0x00002e17) auipc   t3, 0x2
0 0x0000000080000544 (0x00002e17) x28 0x0000000080002544
core   0: 0x0000000080000548 (0xabce0e13) addi    t3, t3, -1348
0 0x0000000080000548 (0xabce0e13) x28 0x0000000080002000
core   0: 0x000000008000054c (0x05ee2423) sw      t5, 72(t3)
0 0x000000008000054c (0x05ee2423)
core   0: 0x0000000080000550 (0x1fdf1e63) bne     t5, t4, pc + 508
0 0x0000000080000550 (0x1fdf1e63)
core   0: 0x0000000080000554 (0x00004201) c.li    tp, 0
0 0x0000000080000554 (0x00004201) x 4 0x0000000000000000
core   0: 0x0000000080000556 (0x000f1137) lui     sp, 0xf1
0 0x0000000080000556 (0x000f1137) x 2 0x00000000000f1000
core   0: 0x000000008000055a (0xf0f1011b) addiw   sp, sp, -241
0 0x000000008000055a (0xf0f1011b) x 2 0x00000000000f0f0f
core   0: 0x000000008000055e (0x00c11113) slli    sp, sp, 12
0 0x000000008000055e (0x00c11113) x 2 0x00000000f0f0f000
core   0: 0x0000000080000562 (0x0f010113) addi    sp, sp, 240
0 0x0000000080000562 (0x0f010113) x 2 0x00000000f0f0f0f0
core   0: 0x0000000080000566 (0x0ff010b7) lui     ra, 0xff01
0 0x0000000080000566 (0x0ff010b7) x 1 0x000000000ff01000
core   0: 0x000000008000056a (0xff00809b) addiw   ra, ra, -16
0 0x000000008000056a (0xff00809b) x 1 0x000000000ff00ff0
core   0: 0x000000008000056e (0x00000001) c.nop
0 0x000000008000056e (0x00000001)
core   0: 0x0000000080000570 (0x0020ef33) or      t5, ra, sp
0 0x0000000080000570 (0x0020ef33) x30 0x00000000fff0fff0
core   0: 0x0000000080000574 (0x00000205) c.addi  tp, 1
0 0x0000000080000574 (0x00000205) x 4 0x0000000000000001
core   0: 0x0000000080000576 (0x00004289) c.li    t0, 2
0 0x0000000080000576 (0x00004289) x 5 0x0000000000000002
core   0: 0x0000000080000578 (0xfc521fe3) bne     tp, t0, pc - 34
0 0x0000000080000578 (0xfc521fe3)
core   0: 0x0000000080000556 (0x000f1137) lui     sp, 0xf1
0 0x0000000080000556 (0x000f1137) x 2 0x00000000000f1000
core   0: 0x000000008000055a (0xf0f1011b) addiw   sp, sp, -241
0 0x000000008000055a (0xf0f1011b) x 2 0x00000000000f0f0f
core   0: 0x000000008000055e (0x00c11113) slli    sp, sp, 12
0 0x000000008000055e (0x00c11113) x 2 0x00000000f0f0f000
core   0: 0x0000000080000562 (0x0f010113) addi    sp, sp, 240
0 0x0000000080000562 (0x0f010113) x 2 0x00000000f0f0f0f0
core   0: 0x0000000080000566 (0x0ff010b7) lui     ra, 0xff01
0 0x0000000080000566 (0x0ff010b7) x 1 0x000000000ff01000
core   0: 0x000000008000056a (0xff00809b) addiw   ra, ra, -16
0 0x000000008000056a (0xff00809b) x 1 0x000000000ff00ff0
core   0: 0x000000008000056e (0x00000001) c.nop
0 0x000000008000056e (0x00000001)
core   0: 0x0000000080000570 (0x0020ef33) or      t5, ra, sp
0 0x0000000080000570 (0x0020ef33) x30 0x00000000fff0fff0
core   0: 0x0000000080000574 (0x00000205) c.addi  tp, 1
0 0x0000000080000574 (0x00000205) x 4 0x0000000000000002
core   0: 0x0000000080000576 (0x00004289) c.li    t0, 2
0 0x0000000080000576 (0x00004289) x 5 0x0000000000000002
core   0: 0x0000000080000578 (0xfc521fe3) bne     tp, t0, pc - 34
0 0x0000000080000578 (0xfc521fe3)
core   0: 0x000000008000057c (0x00010eb7) lui     t4, 0x10
0 0x000000008000057c (0x00010eb7) x29 0x0000000000010000
core   0: 0x0000000080000580 (0xff1e8e9b) addiw   t4, t4, -15
0 0x0000000080000580 (0xff1e8e9b) x29 0x000000000000fff1
core   0: 0x0000000080000584 (0x010e9e93) slli    t4, t4, 16
0 0x0000000080000584 (0x010e9e93) x29 0x00000000fff10000
core   0: 0x0000000080000588 (0xff0e8e93) addi    t4, t4, -16
0 0x0000000080000588 (0xff0e8e93) x29 0x00000000fff0fff0
core   0: 0x000000008000058c (0x000041cd) c.li    gp, 19
0 0x000000008000058c (0x000041cd) x 3 0x0000000000000013
core   0: 0x000000008000058e (0x00002e17) auipc   t3, 0x2
0 0x000000008000058e (0x00002e17) x28 0x000000008000258e
core   0: 0x0000000080000592 (0xa72e0e13) addi    t3, t3, -1422
0 0x0000000080000592 (0xa72e0e13) x28 0x0000000080002000
core   0: 0x0000000080000596 (0x05ee2623) sw      t5, 76(t3)
0 0x0000000080000596 (0x05ee2623)
core   0: 0x000000008000059a (0x1bdf1963) bne     t5, t4, pc + 434
0 0x000000008000059a (0x1bdf1963)
core   0: 0x000000008000059e (0x00004201) c.li    tp, 0
0 0x000000008000059e (0x00004201) x 4 0x0000000000000000
core   0: 0x00000000800005a0 (0x0f0f1137) lui     sp, 0xf0f1
0 0x00000000800005a0 (0x0f0f1137) x 2 0x000000000f0f1000
core   0: 0x00000000800005a4 (0xf0f1011b) addiw   sp, sp, -241
0 0x00000000800005a4 (0xf0f1011b) x 2 0x000000000f0f0f0f
core   0: 0x00000000800005a8 (0x00ff00b7) lui     ra, 0xff0
0 0x00000000800005a8 (0x00ff00b7) x 1 0x0000000000ff0000
core   0: 0x00000000800005ac (0x0ff0809b) addiw   ra, ra, 255
0 0x00000000800005ac (0x0ff0809b) x 1 0x0000000000ff00ff
core   0: 0x00000000800005b0 (0x00000001) c.nop
0 0x00000000800005b0 (0x00000001)
core   0: 0x00000000800005b2 (0x00000001) c.nop
0 0x00000000800005b2 (0x00000001)
core   0: 0x00000000800005b4 (0x0020ef33) or      t5, ra, sp
0 0x00000000800005b4 (0x0020ef33) x30 0x000000000fff0fff
core   0: 0x00000000800005b8 (0x00000205) c.addi  tp, 1
0 0x00000000800005b8 (0x00000205) x 4 0x0000000000000001
core   0: 0x00000000800005ba (0x00004289) c.li    t0, 2
0 0x00000000800005ba (0x00004289) x 5 0x0000000000000002
core   0: 0x00000000800005bc (0xfe5212e3) bne     tp, t0, pc - 28
0 0x00000000800005bc (0xfe5212e3)
core   0: 0x00000000800005a0 (0x0f0f1137) lui     sp, 0xf0f1
0 0x00000000800005a0 (0x0f0f1137) x 2 0x000000000f0f1000
core   0: 0x00000000800005a4 (0xf0f1011b) addiw   sp, sp, -241
0 0x00000000800005a4 (0xf0f1011b) x 2 0x000000000f0f0f0f
core   0: 0x00000000800005a8 (0x00ff00b7) lui     ra, 0xff0
0 0x00000000800005a8 (0x00ff00b7) x 1 0x0000000000ff0000
core   0: 0x00000000800005ac (0x0ff0809b) addiw   ra, ra, 255
0 0x00000000800005ac (0x0ff0809b) x 1 0x0000000000ff00ff
core   0: 0x00000000800005b0 (0x00000001) c.nop
0 0x00000000800005b0 (0x00000001)
core   0: 0x00000000800005b2 (0x00000001) c.nop
0 0x00000000800005b2 (0x00000001)
core   0: 0x00000000800005b4 (0x0020ef33) or      t5, ra, sp
0 0x00000000800005b4 (0x0020ef33) x30 0x000000000fff0fff
core   0: 0x00000000800005b8 (0x00000205) c.addi  tp, 1
0 0x00000000800005b8 (0x00000205) x 4 0x0000000000000002
core   0: 0x00000000800005ba (0x00004289) c.li    t0, 2
0 0x00000000800005ba (0x00004289) x 5 0x0000000000000002
core   0: 0x00000000800005bc (0xfe5212e3) bne     tp, t0, pc - 28
0 0x00000000800005bc (0xfe5212e3)
core   0: 0x00000000800005c0 (0x0fff1eb7) lui     t4, 0xfff1
0 0x00000000800005c0 (0x0fff1eb7) x29 0x000000000fff1000
core   0: 0x00000000800005c4 (0xfffe8e9b) addiw   t4, t4, -1
0 0x00000000800005c4 (0xfffe8e9b) x29 0x000000000fff0fff
core   0: 0x00000000800005c8 (0x000041d1) c.li    gp, 20
0 0x00000000800005c8 (0x000041d1) x 3 0x0000000000000014
core   0: 0x00000000800005ca (0x00002e17) auipc   t3, 0x2
0 0x00000000800005ca (0x00002e17) x28 0x00000000800025ca
core   0: 0x00000000800005ce (0xa36e0e13) addi    t3, t3, -1482
0 0x00000000800005ce (0xa36e0e13) x28 0x0000000080002000
core   0: 0x00000000800005d2 (0x05ee2823) sw      t5, 80(t3)
0 0x00000000800005d2 (0x05ee2823)
core   0: 0x00000000800005d6 (0x17df1b63) bne     t5, t4, pc + 374
0 0x00000000800005d6 (0x17df1b63)
core   0: 0x00000000800005da (0x00004201) c.li    tp, 0
0 0x00000000800005da (0x00004201) x 4 0x0000000000000000
core   0: 0x00000000800005dc (0x0f0f1137) lui     sp, 0xf0f1
0 0x00000000800005dc (0x0f0f1137) x 2 0x000000000f0f1000
core   0: 0x00000000800005e0 (0xf0f1011b) addiw   sp, sp, -241
0 0x00000000800005e0 (0xf0f1011b) x 2 0x000000000f0f0f0f
core   0: 0x00000000800005e4 (0x00000001) c.nop
0 0x00000000800005e4 (0x00000001)
core   0: 0x00000000800005e6 (0x000100b7) lui     ra, 0x10
0 0x00000000800005e6 (0x000100b7) x 1 0x0000000000010000
core   0: 0x00000000800005ea (0xf010809b) addiw   ra, ra, -255
0 0x00000000800005ea (0xf010809b) x 1 0x000000000000ff01
core   0: 0x00000000800005ee (0x01009093) slli    ra, ra, 16
0 0x00000000800005ee (0x01009093) x 1 0x00000000ff010000
core   0: 0x00000000800005f2 (0xf0008093) addi    ra, ra, -256
0 0x00000000800005f2 (0xf0008093) x 1 0x00000000ff00ff00
core   0: 0x00000000800005f6 (0x0020ef33) or      t5, ra, sp
0 0x00000000800005f6 (0x0020ef33) x30 0x00000000ff0fff0f
core   0: 0x00000000800005fa (0x00000205) c.addi  tp, 1
0 0x00000000800005fa (0x00000205) x 4 0x0000000000000001
core   0: 0x00000000800005fc (0x00004289) c.li    t0, 2
0 0x00000000800005fc (0x00004289) x 5 0x0000000000000002
core   0: 0x00000000800005fe (0xfc521fe3) bne     tp, t0, pc - 34
0 0x00000000800005fe (0xfc521fe3)
core   0: 0x00000000800005dc (0x0f0f1137) lui     sp, 0xf0f1
0 0x00000000800005dc (0x0f0f1137) x 2 0x000000000f0f1000
core   0: 0x00000000800005e0 (0xf0f1011b) addiw   sp, sp, -241
0 0x00000000800005e0 (0xf0f1011b) x 2 0x000000000f0f0f0f
core   0: 0x00000000800005e4 (0x00000001) c.nop
0 0x00000000800005e4 (0x00000001)
core   0: 0x00000000800005e6 (0x000100b7) lui     ra, 0x10
0 0x00000000800005e6 (0x000100b7) x 1 0x0000000000010000
core   0: 0x00000000800005ea (0xf010809b) addiw   ra, ra, -255
0 0x00000000800005ea (0xf010809b) x 1 0x000000000000ff01
core   0: 0x00000000800005ee (0x01009093) slli    ra, ra, 16
0 0x00000000800005ee (0x01009093) x 1 0x00000000ff010000
core   0: 0x00000000800005f2 (0xf0008093) addi    ra, ra, -256
0 0x00000000800005f2 (0xf0008093) x 1 0x00000000ff00ff00
core   0: 0x00000000800005f6 (0x0020ef33) or      t5, ra, sp
0 0x00000000800005f6 (0x0020ef33) x30 0x00000000ff0fff0f
core   0: 0x00000000800005fa (0x00000205) c.addi  tp, 1
0 0x00000000800005fa (0x00000205) x 4 0x0000000000000002
core   0: 0x00000000800005fc (0x00004289) c.li    t0, 2
0 0x00000000800005fc (0x00004289) x 5 0x0000000000000002
core   0: 0x00000000800005fe (0xfc521fe3) bne     tp, t0, pc - 34
0 0x00000000800005fe (0xfc521fe3)
core   0: 0x0000000080000602 (0x00001eb7) lui     t4, 0x1
0 0x0000000080000602 (0x00001eb7) x29 0x0000000000001000
core   0: 0x0000000080000606 (0xff1e8e9b) addiw   t4, t4, -15
0 0x0000000080000606 (0xff1e8e9b) x29 0x0000000000000ff1
core   0: 0x000000008000060a (0x014e9e93) slli    t4, t4, 20
0 0x000000008000060a (0x014e9e93) x29 0x00000000ff100000
core   0: 0x000000008000060e (0xf0fe8e93) addi    t4, t4, -241
0 0x000000008000060e (0xf0fe8e93) x29 0x00000000ff0fff0f
core   0: 0x0000000080000612 (0x000041d5) c.li    gp, 21
0 0x0000000080000612 (0x000041d5) x 3 0x0000000000000015
core   0: 0x0000000080000614 (0x00002e17) auipc   t3, 0x2
0 0x0000000080000614 (0x00002e17) x28 0x0000000080002614
core   0: 0x0000000080000618 (0x9ece0e13) addi    t3, t3, -1556
0 0x0000000080000618 (0x9ece0e13) x28 0x0000000080002000
core   0: 0x000000008000061c (0x05ee2a23) sw      t5, 84(t3)
0 0x000000008000061c (0x05ee2a23)
core   0: 0x0000000080000620 (0x13df1663) bne     t5, t4, pc + 300
0 0x0000000080000620 (0x13df1663)
core   0: 0x0000000080000624 (0x00004201) c.li    tp, 0
0 0x0000000080000624 (0x00004201) x 4 0x0000000000000000
core   0: 0x0000000080000626 (0x000f1137) lui     sp, 0xf1
0 0x0000000080000626 (0x000f1137) x 2 0x00000000000f1000
core   0: 0x000000008000062a (0xf0f1011b) addiw   sp, sp, -241
0 0x000000008000062a (0xf0f1011b) x 2 0x00000000000f0f0f
core   0: 0x000000008000062e (0x00c11113) slli    sp, sp, 12
0 0x000000008000062e (0x00c11113) x 2 0x00000000f0f0f000
core   0: 0x0000000080000632 (0x0f010113) addi    sp, sp, 240
0 0x0000000080000632 (0x0f010113) x 2 0x00000000f0f0f0f0
core   0: 0x0000000080000636 (0x00000001) c.nop
0 0x0000000080000636 (0x00000001)
core   0: 0x0000000080000638 (0x0ff010b7) lui     ra, 0xff01
0 0x0000000080000638 (0x0ff010b7) x 1 0x000000000ff01000
core   0: 0x000000008000063c (0xff00809b) addiw   ra, ra, -16
0 0x000000008000063c (0xff00809b) x 1 0x000000000ff00ff0
core   0: 0x0000000080000640 (0x00000001) c.nop
0 0x0000000080000640 (0x00000001)
core   0: 0x0000000080000642 (0x0020ef33) or      t5, ra, sp
0 0x0000000080000642 (0x0020ef33) x30 0x00000000fff0fff0
core   0: 0x0000000080000646 (0x00000205) c.addi  tp, 1
0 0x0000000080000646 (0x00000205) x 4 0x0000000000000001
core   0: 0x0000000080000648 (0x00004289) c.li    t0, 2
0 0x0000000080000648 (0x00004289) x 5 0x0000000000000002
core   0: 0x000000008000064a (0xfc521ee3) bne     tp, t0, pc - 36
0 0x000000008000064a (0xfc521ee3)
core   0: 0x0000000080000626 (0x000f1137) lui     sp, 0xf1
0 0x0000000080000626 (0x000f1137) x 2 0x00000000000f1000
core   0: 0x000000008000062a (0xf0f1011b) addiw   sp, sp, -241
0 0x000000008000062a (0xf0f1011b) x 2 0x00000000000f0f0f
core   0: 0x000000008000062e (0x00c11113) slli    sp, sp, 12
0 0x000000008000062e (0x00c11113) x 2 0x00000000f0f0f000
core   0: 0x0000000080000632 (0x0f010113) addi    sp, sp, 240
0 0x0000000080000632 (0x0f010113) x 2 0x00000000f0f0f0f0
core   0: 0x0000000080000636 (0x00000001) c.nop
0 0x0000000080000636 (0x00000001)
core   0: 0x0000000080000638 (0x0ff010b7) lui     ra, 0xff01
0 0x0000000080000638 (0x0ff010b7) x 1 0x000000000ff01000
core   0: 0x000000008000063c (0xff00809b) addiw   ra, ra, -16
0 0x000000008000063c (0xff00809b) x 1 0x000000000ff00ff0
core   0: 0x0000000080000640 (0x00000001) c.nop
0 0x0000000080000640 (0x00000001)
core   0: 0x0000000080000642 (0x0020ef33) or      t5, ra, sp
0 0x0000000080000642 (0x0020ef33) x30 0x00000000fff0fff0
core   0: 0x0000000080000646 (0x00000205) c.addi  tp, 1
0 0x0000000080000646 (0x00000205) x 4 0x0000000000000002
core   0: 0x0000000080000648 (0x00004289) c.li    t0, 2
0 0x0000000080000648 (0x00004289) x 5 0x0000000000000002
core   0: 0x000000008000064a (0xfc521ee3) bne     tp, t0, pc - 36
0 0x000000008000064a (0xfc521ee3)
core   0: 0x000000008000064e (0x00010eb7) lui     t4, 0x10
0 0x000000008000064e (0x00010eb7) x29 0x0000000000010000
core   0: 0x0000000080000652 (0xff1e8e9b) addiw   t4, t4, -15
0 0x0000000080000652 (0xff1e8e9b) x29 0x000000000000fff1
core   0: 0x0000000080000656 (0x010e9e93) slli    t4, t4, 16
0 0x0000000080000656 (0x010e9e93) x29 0x00000000fff10000
core   0: 0x000000008000065a (0xff0e8e93) addi    t4, t4, -16
0 0x000000008000065a (0xff0e8e93) x29 0x00000000fff0fff0
core   0: 0x000000008000065e (0x000041d9) c.li    gp, 22
0 0x000000008000065e (0x000041d9) x 3 0x0000000000000016
core   0: 0x0000000080000660 (0x00002e17) auipc   t3, 0x2
0 0x0000000080000660 (0x00002e17) x28 0x0000000080002660
core   0: 0x0000000080000664 (0x9a0e0e13) addi    t3, t3, -1632
0 0x0000000080000664 (0x9a0e0e13) x28 0x0000000080002000
core   0: 0x0000000080000668 (0x05ee2c23) sw      t5, 88(t3)
0 0x0000000080000668 (0x05ee2c23)
core   0: 0x000000008000066c (0x0fdf1063) bne     t5, t4, pc + 224
0 0x000000008000066c (0x0fdf1063)
core   0: 0x0000000080000670 (0x00004201) c.li    tp, 0
0 0x0000000080000670 (0x00004201) x 4 0x0000000000000000
core   0: 0x0000000080000672 (0x0f0f1137) lui     sp, 0xf0f1
0 0x0000000080000672 (0x0f0f1137) x 2 0x000000000f0f1000
core   0: 0x0000000080000676 (0xf0f1011b) addiw   sp, sp, -241
0 0x0000000080000676 (0xf0f1011b) x 2 0x000000000f0f0f0f
core   0: 0x000000008000067a (0x00000001) c.nop
0 0x000000008000067a (0x00000001)
core   0: 0x000000008000067c (0x00000001) c.nop
0 0x000000008000067c (0x00000001)
core   0: 0x000000008000067e (0x00ff00b7) lui     ra, 0xff0
0 0x000000008000067e (0x00ff00b7) x 1 0x0000000000ff0000
core   0: 0x0000000080000682 (0x0ff0809b) addiw   ra, ra, 255
0 0x0000000080000682 (0x0ff0809b) x 1 0x0000000000ff00ff
core   0: 0x0000000080000686 (0x0020ef33) or      t5, ra, sp
0 0x0000000080000686 (0x0020ef33) x30 0x000000000fff0fff
core   0: 0x000000008000068a (0x00000205) c.addi  tp, 1
0 0x000000008000068a (0x00000205) x 4 0x0000000000000001
core   0: 0x000000008000068c (0x00004289) c.li    t0, 2
0 0x000000008000068c (0x00004289) x 5 0x0000000000000002
core   0: 0x000000008000068e (0xfe5212e3) bne     tp, t0, pc - 28
0 0x000000008000068e (0xfe5212e3)
core   0: 0x0000000080000672 (0x0f0f1137) lui     sp, 0xf0f1
0 0x0000000080000672 (0x0f0f1137) x 2 0x000000000f0f1000
core   0: 0x0000000080000676 (0xf0f1011b) addiw   sp, sp, -241
0 0x0000000080000676 (0xf0f1011b) x 2 0x000000000f0f0f0f
core   0: 0x000000008000067a (0x00000001) c.nop
0 0x000000008000067a (0x00000001)
core   0: 0x000000008000067c (0x00000001) c.nop
0 0x000000008000067c (0x00000001)
core   0: 0x000000008000067e (0x00ff00b7) lui     ra, 0xff0
0 0x000000008000067e (0x00ff00b7) x 1 0x0000000000ff0000
core   0: 0x0000000080000682 (0x0ff0809b) addiw   ra, ra, 255
0 0x0000000080000682 (0x0ff0809b) x 1 0x0000000000ff00ff
core   0: 0x0000000080000686 (0x0020ef33) or      t5, ra, sp
0 0x0000000080000686 (0x0020ef33) x30 0x000000000fff0fff
core   0: 0x000000008000068a (0x00000205) c.addi  tp, 1
0 0x000000008000068a (0x00000205) x 4 0x0000000000000002
core   0: 0x000000008000068c (0x00004289) c.li    t0, 2
0 0x000000008000068c (0x00004289) x 5 0x0000000000000002
core   0: 0x000000008000068e (0xfe5212e3) bne     tp, t0, pc - 28
0 0x000000008000068e (0xfe5212e3)
core   0: 0x0000000080000692 (0x0fff1eb7) lui     t4, 0xfff1
0 0x0000000080000692 (0x0fff1eb7) x29 0x000000000fff1000
core   0: 0x0000000080000696 (0xfffe8e9b) addiw   t4, t4, -1
0 0x0000000080000696 (0xfffe8e9b) x29 0x000000000fff0fff
core   0: 0x000000008000069a (0x000041dd) c.li    gp, 23
0 0x000000008000069a (0x000041dd) x 3 0x0000000000000017
core   0: 0x000000008000069c (0x00002e17) auipc   t3, 0x2
0 0x000000008000069c (0x00002e17) x28 0x000000008000269c
core   0: 0x00000000800006a0 (0x964e0e13) addi    t3, t3, -1692
0 0x00000000800006a0 (0x964e0e13) x28 0x0000000080002000
core   0: 0x00000000800006a4 (0x05ee2e23) sw      t5, 92(t3)
0 0x00000000800006a4 (0x05ee2e23)
core   0: 0x00000000800006a8 (0x0bdf1263) bne     t5, t4, pc + 164
0 0x00000000800006a8 (0x0bdf1263)
core   0: 0x00000000800006ac (0x000100b7) lui     ra, 0x10
0 0x00000000800006ac (0x000100b7) x 1 0x0000000000010000
core   0: 0x00000000800006b0 (0xf010809b) addiw   ra, ra, -255
0 0x00000000800006b0 (0xf010809b) x 1 0x000000000000ff01
core   0: 0x00000000800006b4 (0x01009093) slli    ra, ra, 16
0 0x00000000800006b4 (0x01009093) x 1 0x00000000ff010000
core   0: 0x00000000800006b8 (0xf0008093) addi    ra, ra, -256
0 0x00000000800006b8 (0xf0008093) x 1 0x00000000ff00ff00
core   0: 0x00000000800006bc (0x00106133) or      sp, zero, ra
0 0x00000000800006bc (0x00106133) x 2 0x00000000ff00ff00
core   0: 0x00000000800006c0 (0x00010eb7) lui     t4, 0x10
0 0x00000000800006c0 (0x00010eb7) x29 0x0000000000010000
core   0: 0x00000000800006c4 (0xf01e8e9b) addiw   t4, t4, -255
0 0x00000000800006c4 (0xf01e8e9b) x29 0x000000000000ff01
core   0: 0x00000000800006c8 (0x010e9e93) slli    t4, t4, 16
0 0x00000000800006c8 (0x010e9e93) x29 0x00000000ff010000
core   0: 0x00000000800006cc (0xf00e8e93) addi    t4, t4, -256
0 0x00000000800006cc (0xf00e8e93) x29 0x00000000ff00ff00
core   0: 0x00000000800006d0 (0x000041e1) c.li    gp, 24
0 0x00000000800006d0 (0x000041e1) x 3 0x0000000000000018
core   0: 0x00000000800006d2 (0x00002e17) auipc   t3, 0x2
0 0x00000000800006d2 (0x00002e17) x28 0x00000000800026d2
core   0: 0x00000000800006d6 (0x92ee0e13) addi    t3, t3, -1746
0 0x00000000800006d6 (0x92ee0e13) x28 0x0000000080002000
core   0: 0x00000000800006da (0x062e2023) sw      sp, 96(t3)
0 0x00000000800006da (0x062e2023)
core   0: 0x00000000800006de (0x07d11763) bne     sp, t4, pc + 110
0 0x00000000800006de (0x07d11763)
core   0: 0x00000000800006e2 (0x00ff00b7) lui     ra, 0xff0
0 0x00000000800006e2 (0x00ff00b7) x 1 0x0000000000ff0000
core   0: 0x00000000800006e6 (0x0ff0809b) addiw   ra, ra, 255
0 0x00000000800006e6 (0x0ff0809b) x 1 0x0000000000ff00ff
core   0: 0x00000000800006ea (0x0000e133) or      sp, ra, zero
0 0x00000000800006ea (0x0000e133) x 2 0x0000000000ff00ff
core   0: 0x00000000800006ee (0x00ff0eb7) lui     t4, 0xff0
0 0x00000000800006ee (0x00ff0eb7) x29 0x0000000000ff0000
core   0: 0x00000000800006f2 (0x0ffe8e9b) addiw   t4, t4, 255
0 0x00000000800006f2 (0x0ffe8e9b) x29 0x0000000000ff00ff
core   0: 0x00000000800006f6 (0x000041e5) c.li    gp, 25
0 0x00000000800006f6 (0x000041e5) x 3 0x0000000000000019
core   0: 0x00000000800006f8 (0x00002e17) auipc   t3, 0x2
0 0x00000000800006f8 (0x00002e17) x28 0x00000000800026f8
core   0: 0x00000000800006fc (0x908e0e13) addi    t3, t3, -1784
0 0x00000000800006fc (0x908e0e13) x28 0x0000000080002000
core   0: 0x0000000080000700 (0x062e2223) sw      sp, 100(t3)
0 0x0000000080000700 (0x062e2223)
core   0: 0x0000000080000704 (0x05d11463) bne     sp, t4, pc + 72
0 0x0000000080000704 (0x05d11463)
core   0: 0x0000000080000708 (0x000060b3) or      ra, zero, zero
0 0x0000000080000708 (0x000060b3) x 1 0x0000000000000000
core   0: 0x000000008000070c (0x00004e81) c.li    t4, 0
0 0x000000008000070c (0x00004e81) x29 0x0000000000000000
core   0: 0x000000008000070e (0x000041e9) c.li    gp, 26
0 0x000000008000070e (0x000041e9) x 3 0x000000000000001a
core   0: 0x0000000080000710 (0x00002e17) auipc   t3, 0x2
0 0x0000000080000710 (0x00002e17) x28 0x0000000080002710
core   0: 0x0000000080000714 (0x8f0e0e13) addi    t3, t3, -1808
0 0x0000000080000714 (0x8f0e0e13) x28 0x0000000080002000
core   0: 0x0000000080000718 (0x061e2423) sw      ra, 104(t3)
0 0x0000000080000718 (0x061e2423)
core   0: 0x000000008000071c (0x03d09863) bne     ra, t4, pc + 48
0 0x000000008000071c (0x03d09863)
core   0: 0x0000000080000720 (0x111110b7) lui     ra, 0x11111
0 0x0000000080000720 (0x111110b7) x 1 0x0000000011111000
core   0: 0x0000000080000724 (0x1110809b) addiw   ra, ra, 273
0 0x0000000080000724 (0x1110809b) x 1 0x0000000011111111
core   0: 0x0000000080000728 (0x22222137) lui     sp, 0x22222
0 0x0000000080000728 (0x22222137) x 2 0x0000000022222000
core   0: 0x000000008000072c (0x2221011b) addiw   sp, sp, 546
0 0x000000008000072c (0x2221011b) x 2 0x0000000022222222
core   0: 0x0000000080000730 (0x0020e033) or      zero, ra, sp
0 0x0000000080000730 (0x0020e033)
core   0: 0x0000000080000734 (0x00004e81) c.li    t4, 0
0 0x0000000080000734 (0x00004e81) x29 0x0000000000000000
core   0: 0x0000000080000736 (0x000041ed) c.li    gp, 27
0 0x0000000080000736 (0x000041ed) x 3 0x000000000000001b
core   0: 0x0000000080000738 (0x00002e17) auipc   t3, 0x2
0 0x0000000080000738 (0x00002e17) x28 0x0000000080002738
core   0: 0x000000008000073c (0x8c8e0e13) addi    t3, t3, -1848
0 0x000000008000073c (0x8c8e0e13) x28 0x0000000080002000
core   0: 0x0000000080000740 (0x060e2623) sw      zero, 108(t3)
0 0x0000000080000740 (0x060e2623)
core   0: 0x0000000080000744 (0x01d01463) bne     zero, t4, pc + 8
0 0x0000000080000744 (0x01d01463)
core   0: 0x0000000080000748 (0x00301d63) bne     zero, gp, pc + 26
0 0x0000000080000748 (0x00301d63)
core   0: 0x0000000080000762 (0x0ff0000f) fence   iorw,iorw
0 0x0000000080000762 (0x0ff0000f)
core   0: 0x0000000080000766 (0x00004185) c.li    gp, 1
0 0x0000000080000766 (0x00004185) x 3 0x0000000000000001
core   0: 0x0000000080000768 (0x00002e17) auipc   t3, 0x2
0 0x0000000080000768 (0x00002e17) x28 0x0000000080002768
core   0: 0x000000008000076c (0x898e0e13) addi    t3, t3, -1896
0 0x000000008000076c (0x898e0e13) x28 0x0000000080002000
core   0: 0x0000000080000770 (0x003e2023) sw      gp, 0(t3)
0 0x0000000080000770 (0x003e2023)
core   0: 0x0000000080000774 (0x00000073) ecall
0 0x0000000080000774 (0x00000073)
