core   0: 0x0000000000010000 (0x00100413) li      s0, 1
3 0x0000000000010000 (0x00100413) x 8 0x0000000000000001
core   0: 0x0000000000010004 (0x01f41413) slli    s0, s0, 31
3 0x0000000000010004 (0x01f41413) x 8 0x0000000080000000
core   0: 0x0000000000010008 (0xf1402573) csrr    a0, mhartid
3 0x0000000000010008 (0xf1402573) x10 0x0000000000000000
core   0: 0x000000000001000c (0x00000597) auipc   a1, 0x0
3 0x000000000001000c (0x00000597) x11 0x000000000001000c
core   0: 0x0000000000010010 (0x07458593) addi    a1, a1, 116
3 0x0000000000010010 (0x07458593) x11 0x0000000000010080
core   0: 0x0000000000010014 (0x00040067) jr      s0
3 0x0000000000010014 (0x00040067)
core   0: 0x0000000080000000 (0x0000a081) c.j     pc + 64
3 0x0000000080000000 (0x0000a081)
core   0: 0x0000000080000040 (0xf1402573) csrr    a0, mhartid
3 0x0000000080000040 (0xf1402573) x10 0x0000000000000000
core   0: 0x0000000080000044 (0x0000e101) c.bnez  a0, pc + 0
3 0x0000000080000044 (0x0000e101)
core   0: 0x0000000080000046 (0x00000297) auipc   t0, 0x0
3 0x0000000080000046 (0x00000297) x 5 0x0000000080000046
core   0: 0x000000008000004a (0x01228293) addi    t0, t0, 18
3 0x000000008000004a (0x01228293) x 5 0x0000000080000058
core   0: 0x000000008000004e (0x30529073) csrw    mtvec, t0
3 0x000000008000004e (0x30529073)
core   0: 0x0000000080000052 (0x18005073) csrwi   satp, 0
3 0x0000000080000052 (0x18005073)
core   0: 0x0000000080000056 (0x00000001) c.nop
3 0x0000000080000056 (0x00000001)
core   0: 0x0000000080000058 (0x00000297) auipc   t0, 0x0
3 0x0000000080000058 (0x00000297) x 5 0x0000000080000058
core   0: 0x000000008000005c (0x01828293) addi    t0, t0, 24
3 0x000000008000005c (0x01828293) x 5 0x0000000080000070
core   0: 0x0000000080000060 (0x30529073) csrw    mtvec, t0
3 0x0000000080000060 (0x30529073)
core   0: 0x0000000080000064 (0x000052fd) c.li    t0, -1
3 0x0000000080000064 (0x000052fd) x 5 0xffffffffffffffff
core   0: 0x0000000080000066 (0x3b029073) csrw    pmpaddr0, t0
3 0x0000000080000066 (0x3b029073)
core   0: 0x000000008000006a (0x000042fd) c.li    t0, 31
3 0x000000008000006a (0x000042fd) x 5 0x000000000000001f
core   0: 0x000000008000006c (0x3a029073) csrw    pmpcfg0, t0
3 0x000000008000006c (0x3a029073)
core   0: 0x0000000080000070 (0x00000297) auipc   t0, 0x0
3 0x0000000080000070 (0x00000297) x 5 0x0000000080000070
core   0: 0x0000000080000074 (0x01828293) addi    t0, t0, 24
3 0x0000000080000074 (0x01828293) x 5 0x0000000080000088
core   0: 0x0000000080000078 (0x30529073) csrw    mtvec, t0
3 0x0000000080000078 (0x30529073)
core   0: 0x000000008000007c (0x30205073) csrwi   medeleg, 0
3 0x000000008000007c (0x30205073)
core   0: 0x0000000080000080 (0x30305073) csrwi   mideleg, 0
3 0x0000000080000080 (0x30305073)
core   0: 0x0000000080000084 (0x30405073) csrwi   mie, 0
3 0x0000000080000084 (0x30405073)
core   0: 0x0000000080000088 (0x00004181) c.li    gp, 0
3 0x0000000080000088 (0x00004181) x 3 0x0000000000000000
core   0: 0x000000008000008a (0x00000297) auipc   t0, 0x0
3 0x000000008000008a (0x00000297) x 5 0x000000008000008a
core   0: 0x000000008000008e (0xf7a28293) addi    t0, t0, -134
3 0x000000008000008e (0xf7a28293) x 5 0x0000000080000004
core   0: 0x0000000080000092 (0x30529073) csrw    mtvec, t0
3 0x0000000080000092 (0x30529073)
core   0: 0x0000000080000096 (0x00004505) c.li    a0, 1
3 0x0000000080000096 (0x00004505) x10 0x0000000000000001
core   0: 0x0000000080000098 (0x0000057e) c.slli  a0, 31
3 0x0000000080000098 (0x0000057e) x10 0x0000000080000000
core   0: 0x000000008000009a (0x00055d63) bgez    a0, pc + 26
3 0x000000008000009a (0x00055d63)
core   0: 0x00000000800000b4 (0x80000297) auipc   t0, 0x80000
3 0x00000000800000b4 (0x80000297) x 5 0x00000000000000b4
core   0: 0x00000000800000b8 (0xf4c28293) addi    t0, t0, -180
3 0x00000000800000b8 (0xf4c28293) x 5 0x0000000000000000
core   0: 0x00000000800000bc (0x00028e63) beqz    t0, pc + 28
3 0x00000000800000bc (0x00028e63)
core   0: 0x00000000800000d8 (0x30005073) csrwi   mstatus, 0
3 0x00000000800000d8 (0x30005073)
core   0: 0x00000000800000dc (0x00006509) c.lui   a0, 0x2
3 0x00000000800000dc (0x00006509) x10 0x0000000000002000
core   0: 0x00000000800000de (0x30052073) csrs    mstatus, a0
3 0x00000000800000de (0x30052073)
core   0: 0x00000000800000e2 (0x00305073) csrwi   fcsr, 0
3 0x00000000800000e2 (0x00305073)
core   0: 0x00000000800000e6 (0x00000297) auipc   t0, 0x0
3 0x00000000800000e6 (0x00000297) x 5 0x00000000800000e6
core   0: 0x00000000800000ea (0x01428293) addi    t0, t0, 20
3 0x00000000800000ea (0x01428293) x 5 0x00000000800000fa
core   0: 0x00000000800000ee (0x34129073) csrw    mepc, t0
3 0x00000000800000ee (0x34129073)
core   0: 0x00000000800000f2 (0xf1402573) csrr    a0, mhartid
3 0x00000000800000f2 (0xf1402573) x10 0x0000000000000000
core   0: 0x00000000800000f6 (0x30200073) mret
3 0x00000000800000f6 (0x30200073)
core   0: 0x00000000800000fa (0x00002517) auipc   a0, 0x2
0 0x00000000800000fa (0x00002517) x10 0x00000000800020fa
core   0: 0x00000000800000fe (0xf0653007) fld     ft0, -250(a0)
0 0x00000000800000fe (0xf0653007) f 0 0xfff0000000000000
core   0: 0x0000000080000102 (0x00002517) auipc   a0, 0x2
0 0x0000000080000102 (0x00002517) x10 0x0000000080002102
core   0: 0x0000000080000106 (0xf0653087) fld     ft1, -250(a0)
0 0x0000000080000106 (0xf0653087) f 1 0x4008000000000000
core   0: 0x000000008000010a (0x1200f0d3) fmul.d  ft1, ft1, ft0
0 0x000000008000010a (0x1200f0d3) f 1 0xfff0000000000000
core   0: 0x000000008000010e (0xa2102553) feq.d   a0, ft0, ft1
0 0x000000008000010e (0xa2102553) x10 0x0000000000000001
core   0: 0x0000000080000112 (0x00004e85) c.li    t4, 1
0 0x0000000080000112 (0x00004e85) x29 0x0000000000000001
core   0: 0x0000000080000114 (0x00004189) c.li    gp, 2
0 0x0000000080000114 (0x00004189) x 3 0x0000000000000002
core   0: 0x0000000080000116 (0x00002e17) auipc   t3, 0x2
0 0x0000000080000116 (0x00002e17) x28 0x0000000080002116
core   0: 0x000000008000011a (0xf0ae0e13) addi    t3, t3, -246
0 0x000000008000011a (0xf0ae0e13) x28 0x0000000080002020
core   0: 0x000000008000011e (0x00ae2423) sw      a0, 8(t3)
0 0x000000008000011e (0x00ae2423)
core   0: 0x0000000080000122 (0x11d51063) bne     a0, t4, pc + 256
0 0x0000000080000122 (0x11d51063)
core   0: 0x0000000080000126 (0xa2100553) fle.d   a0, ft0, ft1
0 0x0000000080000126 (0xa2100553) x10 0x0000000000000001
core   0: 0x000000008000012a (0x00004e85) c.li    t4, 1
0 0x000000008000012a (0x00004e85) x29 0x0000000000000001
core   0: 0x000000008000012c (0x0000418d) c.li    gp, 3
0 0x000000008000012c (0x0000418d) x 3 0x0000000000000003
core   0: 0x000000008000012e (0x00002e17) auipc   t3, 0x2
0 0x000000008000012e (0x00002e17) x28 0x000000008000212e
core   0: 0x0000000080000132 (0xef2e0e13) addi    t3, t3, -270
0 0x0000000080000132 (0xef2e0e13) x28 0x0000000080002020
core   0: 0x0000000080000136 (0x00ae2623) sw      a0, 12(t3)
0 0x0000000080000136 (0x00ae2623)
core   0: 0x000000008000013a (0x0fd51463) bne     a0, t4, pc + 232
0 0x000000008000013a (0x0fd51463)
core   0: 0x000000008000013e (0xa2101553) flt.d   a0, ft0, ft1
0 0x000000008000013e (0xa2101553) x10 0x0000000000000000
core   0: 0x0000000080000142 (0x00004e81) c.li    t4, 0
0 0x0000000080000142 (0x00004e81) x29 0x0000000000000000
core   0: 0x0000000080000144 (0x00004191) c.li    gp, 4
0 0x0000000080000144 (0x00004191) x 3 0x0000000000000004
core   0: 0x0000000080000146 (0x00002e17) auipc   t3, 0x2
0 0x0000000080000146 (0x00002e17) x28 0x0000000080002146
core   0: 0x000000008000014a (0xedae0e13) addi    t3, t3, -294
0 0x000000008000014a (0xedae0e13) x28 0x0000000080002020
core   0: 0x000000008000014e (0x00ae2823) sw      a0, 16(t3)
0 0x000000008000014e (0x00ae2823)
core   0: 0x0000000080000152 (0x0dd51863) bne     a0, t4, pc + 208
0 0x0000000080000152 (0x0dd51863)
core   0: 0x0000000080000156 (0xd2000053) fcvt.d.w ft0, zero
0 0x0000000080000156 (0xd2000053) f 0 0x0000000000000000
core   0: 0x000000008000015a (0x00004505) c.li    a0, 1
0 0x000000008000015a (0x00004505) x10 0x0000000000000001
core   0: 0x000000008000015c (0xd20500d3) fcvt.d.w ft1, a0
0 0x000000008000015c (0xd20500d3) f 1 0x3ff0000000000000
core   0: 0x0000000080000160 (0x1200f0d3) fmul.d  ft1, ft1, ft0
0 0x0000000080000160 (0x1200f0d3) f 1 0x0000000000000000
core   0: 0x0000000080000164 (0xa2102553) feq.d   a0, ft0, ft1
0 0x0000000080000164 (0xa2102553) x10 0x0000000000000001
core   0: 0x0000000080000168 (0x00004e85) c.li    t4, 1
0 0x0000000080000168 (0x00004e85) x29 0x0000000000000001
core   0: 0x000000008000016a (0x00004195) c.li    gp, 5
0 0x000000008000016a (0x00004195) x 3 0x0000000000000005
core   0: 0x000000008000016c (0x00002e17) auipc   t3, 0x2
0 0x000000008000016c (0x00002e17) x28 0x000000008000216c
core   0: 0x0000000080000170 (0xeb4e0e13) addi    t3, t3, -332
0 0x0000000080000170 (0xeb4e0e13) x28 0x0000000080002020
core   0: 0x0000000080000174 (0x00ae2a23) sw      a0, 20(t3)
0 0x0000000080000174 (0x00ae2a23)
core   0: 0x0000000080000178 (0x0bd51563) bne     a0, t4, pc + 170
0 0x0000000080000178 (0x0bd51563)
core   0: 0x000000008000017c (0xa2100553) fle.d   a0, ft0, ft1
0 0x000000008000017c (0xa2100553) x10 0x0000000000000001
core   0: 0x0000000080000180 (0x00004e85) c.li    t4, 1
0 0x0000000080000180 (0x00004e85) x29 0x0000000000000001
core   0: 0x0000000080000182 (0x00004199) c.li    gp, 6
0 0x0000000080000182 (0x00004199) x 3 0x0000000000000006
core   0: 0x0000000080000184 (0x00002e17) auipc   t3, 0x2
0 0x0000000080000184 (0x00002e17) x28 0x0000000080002184
core   0: 0x0000000080000188 (0xe9ce0e13) addi    t3, t3, -356
0 0x0000000080000188 (0xe9ce0e13) x28 0x0000000080002020
core   0: 0x000000008000018c (0x00ae2c23) sw      a0, 24(t3)
0 0x000000008000018c (0x00ae2c23)
core   0: 0x0000000080000190 (0x09d51963) bne     a0, t4, pc + 146
0 0x0000000080000190 (0x09d51963)
core   0: 0x0000000080000194 (0xa2101553) flt.d   a0, ft0, ft1
0 0x0000000080000194 (0xa2101553) x10 0x0000000000000000
core   0: 0x0000000080000198 (0x00004e81) c.li    t4, 0
0 0x0000000080000198 (0x00004e81) x29 0x0000000000000000
core   0: 0x000000008000019a (0x0000419d) c.li    gp, 7
0 0x000000008000019a (0x0000419d) x 3 0x0000000000000007
core   0: 0x000000008000019c (0x00002e17) auipc   t3, 0x2
0 0x000000008000019c (0x00002e17) x28 0x000000008000219c
core   0: 0x00000000800001a0 (0xe84e0e13) addi    t3, t3, -380
0 0x00000000800001a0 (0xe84e0e13) x28 0x0000000080002020
core   0: 0x00000000800001a4 (0x00ae2e23) sw      a0, 28(t3)
0 0x00000000800001a4 (0x00ae2e23)
core   0: 0x00000000800001a8 (0x07d51d63) bne     a0, t4, pc + 122
0 0x00000000800001a8 (0x07d51d63)
core   0: 0x00000000800001ac (0x00002517) auipc   a0, 0x2
0 0x00000000800001ac (0x00002517) x10 0x00000000800021ac
core   0: 0x00000000800001b0 (0xe6452007) flw     ft0, -412(a0)
0 0x00000000800001b0 (0xe6452007) f 0 0xffffffff4498a000
core   0: 0x00000000800001b4 (0x00002517) auipc   a0, 0x2
0 0x00000000800001b4 (0x00002517) x10 0x00000000800021b4
core   0: 0x00000000800001b8 (0xe6453087) fld     ft1, -412(a0)
0 0x00000000800001b8 (0xe6453087) f 1 0x37b4c8f800000000
core   0: 0x00000000800001bc (0x4010f0d3) fcvt.s.d ft1, ft1
0 0x00000000800001bc (0x4010f0d3) f 1 0xffffffff0002991f
core   0: 0x00000000800001c0 (0x10107053) fmul.s  ft0, ft0, ft1
0 0x00000000800001c0 (0x10107053) f 0 0xffffffff02c6450e
core   0: 0x00000000800001c4 (0xe0000553) fmv.x.w a0, ft0
0 0x00000000800001c4 (0xe0000553) x10 0x0000000002c6450e
core   0: 0x00000000800001c8 (0x00002597) auipc   a1, 0x2
0 0x00000000800001c8 (0x00002597) x11 0x00000000800021c8
core   0: 0x00000000800001cc (0xe4c5a583) lw      a1, -436(a1)
0 0x00000000800001cc (0xe4c5a583) x11 0x0000000002c6450e
core   0: 0x00000000800001d0 (0x00008d0d) c.sub   a0, a1
0 0x00000000800001d0 (0x00008d0d) x10 0x0000000000000000
core   0: 0x00000000800001d2 (0x00004e81) c.li    t4, 0
0 0x00000000800001d2 (0x00004e81) x29 0x0000000000000000
core   0: 0x00000000800001d4 (0x000041a9) c.li    gp, 10
0 0x00000000800001d4 (0x000041a9) x 3 0x000000000000000a
core   0: 0x00000000800001d6 (0x00002e17) auipc   t3, 0x2
0 0x00000000800001d6 (0x00002e17) x28 0x00000000800021d6
core   0: 0x00000000800001da (0xe4ae0e13) addi    t3, t3, -438
0 0x00000000800001da (0xe4ae0e13) x28 0x0000000080002020
core   0: 0x00000000800001de (0x02ae2423) sw      a0, 40(t3)
0 0x00000000800001de (0x02ae2423)
core   0: 0x00000000800001e2 (0x05d51063) bne     a0, t4, pc + 64
0 0x00000000800001e2 (0x05d51063)
core   0: 0x00000000800001e6 (0x00002517) auipc   a0, 0x2
0 0x00000000800001e6 (0x00002517) x10 0x00000000800021e6
core   0: 0x00000000800001ea (0xe2252007) flw     ft0, -478(a0)
0 0x00000000800001ea (0xe2252007) f 0 0xffffffff00000000
core   0: 0x00000000800001ee (0x000070d3) fadd.s  ft1, ft0, ft0
0 0x00000000800001ee (0x000070d3) f 1 0xffffffff00000000
core   0: 0x00000000800001f2 (0x00007053) fadd.s  ft0, ft0, ft0
0 0x00000000800001f2 (0x00007053) f 0 0xffffffff00000000
core   0: 0x00000000800001f6 (0x00002517) auipc   a0, 0x2
0 0x00000000800001f6 (0x00002517) x10 0x00000000800021f6
core   0: 0x00000000800001fa (0xe2053127) fsd     ft0, -478(a0)
0 0x00000000800001fa (0xe2053127)
core   0: 0x00000000800001fe (0x00002517) auipc   a0, 0x2
0 0x00000000800001fe (0x00002517) x10 0x00000000800021fe
core   0: 0x0000000080000202 (0xe1a53007) fld     ft0, -486(a0)
0 0x0000000080000202 (0xe1a53007) f 0 0xffffffff00000000
core   0: 0x0000000080000206 (0xa0102553) feq.s   a0, ft0, ft1
0 0x0000000080000206 (0xa0102553) x10 0x0000000000000001
core   0: 0x000000008000020a (0x00004e85) c.li    t4, 1
0 0x000000008000020a (0x00004e85) x29 0x0000000000000001
core   0: 0x000000008000020c (0x000041d1) c.li    gp, 20
0 0x000000008000020c (0x000041d1) x 3 0x0000000000000014
core   0: 0x000000008000020e (0x00002e17) auipc   t3, 0x2
0 0x000000008000020e (0x00002e17) x28 0x000000008000220e
core   0: 0x0000000080000212 (0xe12e0e13) addi    t3, t3, -494
0 0x0000000080000212 (0xe12e0e13) x28 0x0000000080002020
core   0: 0x0000000080000216 (0x04ae2823) sw      a0, 80(t3)
0 0x0000000080000216 (0x04ae2823)
core   0: 0x000000008000021a (0x01d51463) bne     a0, t4, pc + 8
0 0x000000008000021a (0x01d51463)
core   0: 0x000000008000021e (0x00301d63) bne     zero, gp, pc + 26
0 0x000000008000021e (0x00301d63)
core   0: 0x0000000080000238 (0x0ff0000f) fence   iorw,iorw
0 0x0000000080000238 (0x0ff0000f)
core   0: 0x000000008000023c (0x00004185) c.li    gp, 1
0 0x000000008000023c (0x00004185) x 3 0x0000000000000001
core   0: 0x000000008000023e (0x00002e17) auipc   t3, 0x2
0 0x000000008000023e (0x00002e17) x28 0x000000008000223e
core   0: 0x0000000080000242 (0xde2e0e13) addi    t3, t3, -542
0 0x0000000080000242 (0xde2e0e13) x28 0x0000000080002020
core   0: 0x0000000080000246 (0x003e2023) sw      gp, 0(t3)
0 0x0000000080000246 (0x003e2023)
core   0: 0x000000008000024a (0x00000073) ecall
0 0x000000008000024a (0x00000073)
