core   0: 0x0000000000010000 (0x00100413) li      s0, 1
3 0x0000000000010000 (0x00100413) x 8 0x0000000000000001
core   0: 0x0000000000010004 (0x01f41413) slli    s0, s0, 31
3 0x0000000000010004 (0x01f41413) x 8 0x0000000080000000
core   0: 0x0000000000010008 (0xf1402573) csrr    a0, mhartid
3 0x0000000000010008 (0xf1402573) x10 0x0000000000000000
core   0: 0x000000000001000c (0x00000597) auipc   a1, 0x0
3 0x000000000001000c (0x00000597) x11 0x000000000001000c
core   0: 0x0000000000010010 (0x07458593) addi    a1, a1, 116
3 0x0000000000010010 (0x07458593) x11 0x0000000000010080
core   0: 0x0000000000010014 (0x00040067) jr      s0
3 0x0000000000010014 (0x00040067)
core   0: 0x0000000080000000 (0x0000a081) c.j     pc + 64
3 0x0000000080000000 (0x0000a081)
core   0: 0x0000000080000040 (0xf1402573) csrr    a0, mhartid
3 0x0000000080000040 (0xf1402573) x10 0x0000000000000000
core   0: 0x0000000080000044 (0x0000e101) c.bnez  a0, pc + 0
3 0x0000000080000044 (0x0000e101)
core   0: 0x0000000080000046 (0x00000297) auipc   t0, 0x0
3 0x0000000080000046 (0x00000297) x 5 0x0000000080000046
core   0: 0x000000008000004a (0x01228293) addi    t0, t0, 18
3 0x000000008000004a (0x01228293) x 5 0x0000000080000058
core   0: 0x000000008000004e (0x30529073) csrw    mtvec, t0
3 0x000000008000004e (0x30529073)
core   0: 0x0000000080000052 (0x18005073) csrwi   satp, 0
3 0x0000000080000052 (0x18005073)
core   0: 0x0000000080000056 (0x00000001) c.nop
3 0x0000000080000056 (0x00000001)
core   0: 0x0000000080000058 (0x00000297) auipc   t0, 0x0
3 0x0000000080000058 (0x00000297) x 5 0x0000000080000058
core   0: 0x000000008000005c (0x01828293) addi    t0, t0, 24
3 0x000000008000005c (0x01828293) x 5 0x0000000080000070
core   0: 0x0000000080000060 (0x30529073) csrw    mtvec, t0
3 0x0000000080000060 (0x30529073)
core   0: 0x0000000080000064 (0x000052fd) c.li    t0, -1
3 0x0000000080000064 (0x000052fd) x 5 0xffffffffffffffff
core   0: 0x0000000080000066 (0x3b029073) csrw    pmpaddr0, t0
3 0x0000000080000066 (0x3b029073)
core   0: 0x000000008000006a (0x000042fd) c.li    t0, 31
3 0x000000008000006a (0x000042fd) x 5 0x000000000000001f
core   0: 0x000000008000006c (0x3a029073) csrw    pmpcfg0, t0
3 0x000000008000006c (0x3a029073)
core   0: 0x0000000080000070 (0x00000297) auipc   t0, 0x0
3 0x0000000080000070 (0x00000297) x 5 0x0000000080000070
core   0: 0x0000000080000074 (0x01828293) addi    t0, t0, 24
3 0x0000000080000074 (0x01828293) x 5 0x0000000080000088
core   0: 0x0000000080000078 (0x30529073) csrw    mtvec, t0
3 0x0000000080000078 (0x30529073)
core   0: 0x000000008000007c (0x30205073) csrwi   medeleg, 0
3 0x000000008000007c (0x30205073)
core   0: 0x0000000080000080 (0x30305073) csrwi   mideleg, 0
3 0x0000000080000080 (0x30305073)
core   0: 0x0000000080000084 (0x30405073) csrwi   mie, 0
3 0x0000000080000084 (0x30405073)
core   0: 0x0000000080000088 (0x00004181) c.li    gp, 0
3 0x0000000080000088 (0x00004181) x 3 0x0000000000000000
core   0: 0x000000008000008a (0x00000297) auipc   t0, 0x0
3 0x000000008000008a (0x00000297) x 5 0x000000008000008a
core   0: 0x000000008000008e (0xf7a28293) addi    t0, t0, -134
3 0x000000008000008e (0xf7a28293) x 5 0x0000000080000004
core   0: 0x0000000080000092 (0x30529073) csrw    mtvec, t0
3 0x0000000080000092 (0x30529073)
core   0: 0x0000000080000096 (0x00004505) c.li    a0, 1
3 0x0000000080000096 (0x00004505) x10 0x0000000000000001
core   0: 0x0000000080000098 (0x0000057e) c.slli  a0, 31
3 0x0000000080000098 (0x0000057e) x10 0x0000000080000000
core   0: 0x000000008000009a (0x00055d63) bgez    a0, pc + 26
3 0x000000008000009a (0x00055d63)
core   0: 0x00000000800000b4 (0x80000297) auipc   t0, 0x80000
3 0x00000000800000b4 (0x80000297) x 5 0x00000000000000b4
core   0: 0x00000000800000b8 (0xf4c28293) addi    t0, t0, -180
3 0x00000000800000b8 (0xf4c28293) x 5 0x0000000000000000
core   0: 0x00000000800000bc (0x00028e63) beqz    t0, pc + 28
3 0x00000000800000bc (0x00028e63)
core   0: 0x00000000800000d8 (0x30005073) csrwi   mstatus, 0
3 0x00000000800000d8 (0x30005073)
core   0: 0x00000000800000dc (0x00000297) auipc   t0, 0x0
3 0x00000000800000dc (0x00000297) x 5 0x00000000800000dc
core   0: 0x00000000800000e0 (0x01428293) addi    t0, t0, 20
3 0x00000000800000e0 (0x01428293) x 5 0x00000000800000f0
core   0: 0x00000000800000e4 (0x34129073) csrw    mepc, t0
3 0x00000000800000e4 (0x34129073)
core   0: 0x00000000800000e8 (0xf1402573) csrr    a0, mhartid
3 0x00000000800000e8 (0xf1402573) x10 0x0000000000000000
core   0: 0x00000000800000ec (0x30200073) mret
3 0x00000000800000ec (0x30200073)
core   0: 0x00000000800000f0 (0x00002097) auipc   ra, 0x2
0 0x00000000800000f0 (0x00002097) x 1 0x00000000800020f0
core   0: 0x00000000800000f4 (0xf1008093) addi    ra, ra, -240
0 0x00000000800000f4 (0xf1008093) x 1 0x0000000080002000
core   0: 0x00000000800000f8 (0x0aa00113) li      sp, 170
0 0x00000000800000f8 (0x0aa00113) x 2 0x00000000000000aa
core   0: 0x00000000800000fc (0x00209023) sh      sp, 0(ra)
0 0x00000000800000fc (0x00209023)
core   0: 0x0000000080000100 (0x00009f03) lh      t5, 0(ra)
0 0x0000000080000100 (0x00009f03) x30 0x00000000000000aa
core   0: 0x0000000080000104 (0x0aa00e93) li      t4, 170
0 0x0000000080000104 (0x0aa00e93) x29 0x00000000000000aa
core   0: 0x0000000080000108 (0x00004189) c.li    gp, 2
0 0x0000000080000108 (0x00004189) x 3 0x0000000000000002
core   0: 0x000000008000010a (0x00002e17) auipc   t3, 0x2
0 0x000000008000010a (0x00002e17) x28 0x000000008000210a
core   0: 0x000000008000010e (0xf16e0e13) addi    t3, t3, -234
0 0x000000008000010e (0xf16e0e13) x28 0x0000000080002020
core   0: 0x0000000080000112 (0x01ee2423) sw      t5, 8(t3)
0 0x0000000080000112 (0x01ee2423)
core   0: 0x0000000080000116 (0x4ddf1063) bne     t5, t4, pc + 1216
0 0x0000000080000116 (0x4ddf1063)
core   0: 0x000000008000011a (0x00002097) auipc   ra, 0x2
0 0x000000008000011a (0x00002097) x 1 0x000000008000211a
core   0: 0x000000008000011e (0xee608093) addi    ra, ra, -282
0 0x000000008000011e (0xee608093) x 1 0x0000000080002000
core   0: 0x0000000080000122 (0xffffb137) lui     sp, 0xffffb
0 0x0000000080000122 (0xffffb137) x 2 0xffffffffffffb000
core   0: 0x0000000080000126 (0xa001011b) addiw   sp, sp, -1536
0 0x0000000080000126 (0xa001011b) x 2 0xffffffffffffaa00
core   0: 0x000000008000012a (0x00209123) sh      sp, 2(ra)
0 0x000000008000012a (0x00209123)
core   0: 0x000000008000012e (0x00209f03) lh      t5, 2(ra)
0 0x000000008000012e (0x00209f03) x30 0xffffffffffffaa00
core   0: 0x0000000080000132 (0xffffbeb7) lui     t4, 0xffffb
0 0x0000000080000132 (0xffffbeb7) x29 0xffffffffffffb000
core   0: 0x0000000080000136 (0xa00e8e9b) addiw   t4, t4, -1536
0 0x0000000080000136 (0xa00e8e9b) x29 0xffffffffffffaa00
core   0: 0x000000008000013a (0x0000418d) c.li    gp, 3
0 0x000000008000013a (0x0000418d) x 3 0x0000000000000003
core   0: 0x000000008000013c (0x00002e17) auipc   t3, 0x2
0 0x000000008000013c (0x00002e17) x28 0x000000008000213c
core   0: 0x0000000080000140 (0xee4e0e13) addi    t3, t3, -284
0 0x0000000080000140 (0xee4e0e13) x28 0x0000000080002020
core   0: 0x0000000080000144 (0x01ee2623) sw      t5, 12(t3)
0 0x0000000080000144 (0x01ee2623)
core   0: 0x0000000080000148 (0x49df1763) bne     t5, t4, pc + 1166
0 0x0000000080000148 (0x49df1763)
core   0: 0x000000008000014c (0x00002097) auipc   ra, 0x2
0 0x000000008000014c (0x00002097) x 1 0x000000008000214c
core   0: 0x0000000080000150 (0xeb408093) addi    ra, ra, -332
0 0x0000000080000150 (0xeb408093) x 1 0x0000000080002000
core   0: 0x0000000080000154 (0xbeef1137) lui     sp, 0xbeef1
0 0x0000000080000154 (0xbeef1137) x 2 0xffffffffbeef1000
core   0: 0x0000000080000158 (0xaa01011b) addiw   sp, sp, -1376
0 0x0000000080000158 (0xaa01011b) x 2 0xffffffffbeef0aa0
core   0: 0x000000008000015c (0x00209223) sh      sp, 4(ra)
0 0x000000008000015c (0x00209223)
core   0: 0x0000000080000160 (0x0040af03) lw      t5, 4(ra)
0 0x0000000080000160 (0x0040af03) x30 0xffffffffbeef0aa0
core   0: 0x0000000080000164 (0xbeef1eb7) lui     t4, 0xbeef1
0 0x0000000080000164 (0xbeef1eb7) x29 0xffffffffbeef1000
core   0: 0x0000000080000168 (0xaa0e8e9b) addiw   t4, t4, -1376
0 0x0000000080000168 (0xaa0e8e9b) x29 0xffffffffbeef0aa0
core   0: 0x000000008000016c (0x00004191) c.li    gp, 4
0 0x000000008000016c (0x00004191) x 3 0x0000000000000004
core   0: 0x000000008000016e (0x00002e17) auipc   t3, 0x2
0 0x000000008000016e (0x00002e17) x28 0x000000008000216e
core   0: 0x0000000080000172 (0xeb2e0e13) addi    t3, t3, -334
0 0x0000000080000172 (0xeb2e0e13) x28 0x0000000080002020
core   0: 0x0000000080000176 (0x01ee2823) sw      t5, 16(t3)
0 0x0000000080000176 (0x01ee2823)
core   0: 0x000000008000017a (0x45df1e63) bne     t5, t4, pc + 1116
0 0x000000008000017a (0x45df1e63)
core   0: 0x000000008000017e (0x00002097) auipc   ra, 0x2
0 0x000000008000017e (0x00002097) x 1 0x000000008000217e
core   0: 0x0000000080000182 (0xe8208093) addi    ra, ra, -382
0 0x0000000080000182 (0xe8208093) x 1 0x0000000080002000
core   0: 0x0000000080000186 (0xffffa137) lui     sp, 0xffffa
0 0x0000000080000186 (0xffffa137) x 2 0xffffffffffffa000
core   0: 0x000000008000018a (0x00a1011b) addiw   sp, sp, 10
0 0x000000008000018a (0x00a1011b) x 2 0xffffffffffffa00a
core   0: 0x000000008000018e (0x00209323) sh      sp, 6(ra)
0 0x000000008000018e (0x00209323)
core   0: 0x0000000080000192 (0x00609f03) lh      t5, 6(ra)
0 0x0000000080000192 (0x00609f03) x30 0xffffffffffffa00a
core   0: 0x0000000080000196 (0xffffaeb7) lui     t4, 0xffffa
0 0x0000000080000196 (0xffffaeb7) x29 0xffffffffffffa000
core   0: 0x000000008000019a (0x00ae8e9b) addiw   t4, t4, 10
0 0x000000008000019a (0x00ae8e9b) x29 0xffffffffffffa00a
core   0: 0x000000008000019e (0x00004195) c.li    gp, 5
0 0x000000008000019e (0x00004195) x 3 0x0000000000000005
core   0: 0x00000000800001a0 (0x00002e17) auipc   t3, 0x2
0 0x00000000800001a0 (0x00002e17) x28 0x00000000800021a0
core   0: 0x00000000800001a4 (0xe80e0e13) addi    t3, t3, -384
0 0x00000000800001a4 (0xe80e0e13) x28 0x0000000080002020
core   0: 0x00000000800001a8 (0x01ee2a23) sw      t5, 20(t3)
0 0x00000000800001a8 (0x01ee2a23)
core   0: 0x00000000800001ac (0x43df1563) bne     t5, t4, pc + 1066
0 0x00000000800001ac (0x43df1563)
core   0: 0x00000000800001b0 (0x00002097) auipc   ra, 0x2
0 0x00000000800001b0 (0x00002097) x 1 0x00000000800021b0
core   0: 0x00000000800001b4 (0xe5e08093) addi    ra, ra, -418
0 0x00000000800001b4 (0xe5e08093) x 1 0x000000008000200e
core   0: 0x00000000800001b8 (0x0aa00113) li      sp, 170
0 0x00000000800001b8 (0x0aa00113) x 2 0x00000000000000aa
core   0: 0x00000000800001bc (0xfe209d23) sh      sp, -6(ra)
0 0x00000000800001bc (0xfe209d23)
core   0: 0x00000000800001c0 (0xffa09f03) lh      t5, -6(ra)
0 0x00000000800001c0 (0xffa09f03) x30 0x00000000000000aa
core   0: 0x00000000800001c4 (0x0aa00e93) li      t4, 170
0 0x00000000800001c4 (0x0aa00e93) x29 0x00000000000000aa
core   0: 0x00000000800001c8 (0x00004199) c.li    gp, 6
0 0x00000000800001c8 (0x00004199) x 3 0x0000000000000006
core   0: 0x00000000800001ca (0x00002e17) auipc   t3, 0x2
0 0x00000000800001ca (0x00002e17) x28 0x00000000800021ca
core   0: 0x00000000800001ce (0xe56e0e13) addi    t3, t3, -426
0 0x00000000800001ce (0xe56e0e13) x28 0x0000000080002020
core   0: 0x00000000800001d2 (0x01ee2c23) sw      t5, 24(t3)
0 0x00000000800001d2 (0x01ee2c23)
core   0: 0x00000000800001d6 (0x41df1063) bne     t5, t4, pc + 1024
0 0x00000000800001d6 (0x41df1063)
core   0: 0x00000000800001da (0x00002097) auipc   ra, 0x2
0 0x00000000800001da (0x00002097) x 1 0x00000000800021da
core   0: 0x00000000800001de (0xe3408093) addi    ra, ra, -460
0 0x00000000800001de (0xe3408093) x 1 0x000000008000200e
core   0: 0x00000000800001e2 (0xffffb137) lui     sp, 0xffffb
0 0x00000000800001e2 (0xffffb137) x 2 0xffffffffffffb000
core   0: 0x00000000800001e6 (0xa001011b) addiw   sp, sp, -1536
0 0x00000000800001e6 (0xa001011b) x 2 0xffffffffffffaa00
core   0: 0x00000000800001ea (0xfe209e23) sh      sp, -4(ra)
0 0x00000000800001ea (0xfe209e23)
core   0: 0x00000000800001ee (0xffc09f03) lh      t5, -4(ra)
0 0x00000000800001ee (0xffc09f03) x30 0xffffffffffffaa00
core   0: 0x00000000800001f2 (0xffffbeb7) lui     t4, 0xffffb
0 0x00000000800001f2 (0xffffbeb7) x29 0xffffffffffffb000
core   0: 0x00000000800001f6 (0xa00e8e9b) addiw   t4, t4, -1536
0 0x00000000800001f6 (0xa00e8e9b) x29 0xffffffffffffaa00
core   0: 0x00000000800001fa (0x0000419d) c.li    gp, 7
0 0x00000000800001fa (0x0000419d) x 3 0x0000000000000007
core   0: 0x00000000800001fc (0x00002e17) auipc   t3, 0x2
0 0x00000000800001fc (0x00002e17) x28 0x00000000800021fc
core   0: 0x0000000080000200 (0xe24e0e13) addi    t3, t3, -476
0 0x0000000080000200 (0xe24e0e13) x28 0x0000000080002020
core   0: 0x0000000080000204 (0x01ee2e23) sw      t5, 28(t3)
0 0x0000000080000204 (0x01ee2e23)
core   0: 0x0000000080000208 (0x3ddf1763) bne     t5, t4, pc + 974
0 0x0000000080000208 (0x3ddf1763)
core   0: 0x000000008000020c (0x00002097) auipc   ra, 0x2
0 0x000000008000020c (0x00002097) x 1 0x000000008000220c
core   0: 0x0000000080000210 (0xe0208093) addi    ra, ra, -510
0 0x0000000080000210 (0xe0208093) x 1 0x000000008000200e
core   0: 0x0000000080000214 (0x00001137) lui     sp, 0x1
0 0x0000000080000214 (0x00001137) x 2 0x0000000000001000
core   0: 0x0000000080000218 (0xaa01011b) addiw   sp, sp, -1376
0 0x0000000080000218 (0xaa01011b) x 2 0x0000000000000aa0
core   0: 0x000000008000021c (0xfe209f23) sh      sp, -2(ra)
0 0x000000008000021c (0xfe209f23)
core   0: 0x0000000080000220 (0xffe09f03) lh      t5, -2(ra)
0 0x0000000080000220 (0xffe09f03) x30 0x0000000000000aa0
core   0: 0x0000000080000224 (0x00001eb7) lui     t4, 0x1
0 0x0000000080000224 (0x00001eb7) x29 0x0000000000001000
core   0: 0x0000000080000228 (0xaa0e8e9b) addiw   t4, t4, -1376
0 0x0000000080000228 (0xaa0e8e9b) x29 0x0000000000000aa0
core   0: 0x000000008000022c (0x000041a1) c.li    gp, 8
0 0x000000008000022c (0x000041a1) x 3 0x0000000000000008
core   0: 0x000000008000022e (0x00002e17) auipc   t3, 0x2
0 0x000000008000022e (0x00002e17) x28 0x000000008000222e
core   0: 0x0000000080000232 (0xdf2e0e13) addi    t3, t3, -526
0 0x0000000080000232 (0xdf2e0e13) x28 0x0000000080002020
core   0: 0x0000000080000236 (0x03ee2023) sw      t5, 32(t3)
0 0x0000000080000236 (0x03ee2023)
core   0: 0x000000008000023a (0x39df1e63) bne     t5, t4, pc + 924
0 0x000000008000023a (0x39df1e63)
core   0: 0x000000008000023e (0x00002097) auipc   ra, 0x2
0 0x000000008000023e (0x00002097) x 1 0x000000008000223e
core   0: 0x0000000080000242 (0xdd008093) addi    ra, ra, -560
0 0x0000000080000242 (0xdd008093) x 1 0x000000008000200e
core   0: 0x0000000080000246 (0xffffa137) lui     sp, 0xffffa
0 0x0000000080000246 (0xffffa137) x 2 0xffffffffffffa000
core   0: 0x000000008000024a (0x00a1011b) addiw   sp, sp, 10
0 0x000000008000024a (0x00a1011b) x 2 0xffffffffffffa00a
core   0: 0x000000008000024e (0x00209023) sh      sp, 0(ra)
0 0x000000008000024e (0x00209023)
core   0: 0x0000000080000252 (0x00009f03) lh      t5, 0(ra)
0 0x0000000080000252 (0x00009f03) x30 0xffffffffffffa00a
core   0: 0x0000000080000256 (0xffffaeb7) lui     t4, 0xffffa
0 0x0000000080000256 (0xffffaeb7) x29 0xffffffffffffa000
core   0: 0x000000008000025a (0x00ae8e9b) addiw   t4, t4, 10
0 0x000000008000025a (0x00ae8e9b) x29 0xffffffffffffa00a
core   0: 0x000000008000025e (0x000041a5) c.li    gp, 9
0 0x000000008000025e (0x000041a5) x 3 0x0000000000000009
core   0: 0x0000000080000260 (0x00002e17) auipc   t3, 0x2
0 0x0000000080000260 (0x00002e17) x28 0x0000000080002260
core   0: 0x0000000080000264 (0xdc0e0e13) addi    t3, t3, -576
0 0x0000000080000264 (0xdc0e0e13) x28 0x0000000080002020
core   0: 0x0000000080000268 (0x03ee2223) sw      t5, 36(t3)
0 0x0000000080000268 (0x03ee2223)
core   0: 0x000000008000026c (0x37df1563) bne     t5, t4, pc + 874
0 0x000000008000026c (0x37df1563)
core   0: 0x0000000080000270 (0x00002097) auipc   ra, 0x2
0 0x0000000080000270 (0x00002097) x 1 0x0000000080002270
core   0: 0x0000000080000274 (0xda008093) addi    ra, ra, -608
0 0x0000000080000274 (0xda008093) x 1 0x0000000080002010
core   0: 0x0000000080000278 (0x12345137) lui     sp, 0x12345
0 0x0000000080000278 (0x12345137) x 2 0x0000000012345000
core   0: 0x000000008000027c (0x6781011b) addiw   sp, sp, 1656
0 0x000000008000027c (0x6781011b) x 2 0x0000000012345678
core   0: 0x0000000080000280 (0xfe008213) addi    tp, ra, -32
0 0x0000000080000280 (0xfe008213) x 4 0x0000000080001ff0
core   0: 0x0000000080000284 (0x02221023) sh      sp, 32(tp)
0 0x0000000080000284 (0x02221023)
core   0: 0x0000000080000288 (0x00009283) lh      t0, 0(ra)
0 0x0000000080000288 (0x00009283) x 5 0x0000000000005678
core   0: 0x000000008000028c (0x00005eb7) lui     t4, 0x5
0 0x000000008000028c (0x00005eb7) x29 0x0000000000005000
core   0: 0x0000000080000290 (0x678e8e9b) addiw   t4, t4, 1656
0 0x0000000080000290 (0x678e8e9b) x29 0x0000000000005678
core   0: 0x0000000080000294 (0x000041a9) c.li    gp, 10
0 0x0000000080000294 (0x000041a9) x 3 0x000000000000000a
core   0: 0x0000000080000296 (0x00002e17) auipc   t3, 0x2
0 0x0000000080000296 (0x00002e17) x28 0x0000000080002296
core   0: 0x000000008000029a (0xd8ae0e13) addi    t3, t3, -630
0 0x000000008000029a (0xd8ae0e13) x28 0x0000000080002020
core   0: 0x000000008000029e (0x025e2423) sw      t0, 40(t3)
0 0x000000008000029e (0x025e2423)
core   0: 0x00000000800002a2 (0x33d29a63) bne     t0, t4, pc + 820
0 0x00000000800002a2 (0x33d29a63)
core   0: 0x00000000800002a6 (0x00002097) auipc   ra, 0x2
0 0x00000000800002a6 (0x00002097) x 1 0x00000000800022a6
core   0: 0x00000000800002aa (0xd6a08093) addi    ra, ra, -662
0 0x00000000800002aa (0xd6a08093) x 1 0x0000000080002010
core   0: 0x00000000800002ae (0x00003137) lui     sp, 0x3
0 0x00000000800002ae (0x00003137) x 2 0x0000000000003000
core   0: 0x00000000800002b2 (0x0981011b) addiw   sp, sp, 152
0 0x00000000800002b2 (0x0981011b) x 2 0x0000000000003098
core   0: 0x00000000800002b6 (0x000010ed) c.addi  ra, -5
0 0x00000000800002b6 (0x000010ed) x 1 0x000000008000200b
core   0: 0x00000000800002b8 (0x002093a3) sh      sp, 7(ra)
0 0x00000000800002b8 (0x002093a3)
core   0: 0x00000000800002bc (0x00002217) auipc   tp, 0x2
0 0x00000000800002bc (0x00002217) x 4 0x00000000800022bc
core   0: 0x00000000800002c0 (0xd5620213) addi    tp, tp, -682
0 0x00000000800002c0 (0xd5620213) x 4 0x0000000080002012
core   0: 0x00000000800002c4 (0x00021283) lh      t0, 0(tp)
0 0x00000000800002c4 (0x00021283) x 5 0x0000000000003098
core   0: 0x00000000800002c8 (0x00003eb7) lui     t4, 0x3
0 0x00000000800002c8 (0x00003eb7) x29 0x0000000000003000
core   0: 0x00000000800002cc (0x098e8e9b) addiw   t4, t4, 152
0 0x00000000800002cc (0x098e8e9b) x29 0x0000000000003098
core   0: 0x00000000800002d0 (0x000041ad) c.li    gp, 11
0 0x00000000800002d0 (0x000041ad) x 3 0x000000000000000b
core   0: 0x00000000800002d2 (0x00002e17) auipc   t3, 0x2
0 0x00000000800002d2 (0x00002e17) x28 0x00000000800022d2
core   0: 0x00000000800002d6 (0xd4ee0e13) addi    t3, t3, -690
0 0x00000000800002d6 (0xd4ee0e13) x28 0x0000000080002020
core   0: 0x00000000800002da (0x025e2623) sw      t0, 44(t3)
0 0x00000000800002da (0x025e2623)
core   0: 0x00000000800002de (0x2fd29c63) bne     t0, t4, pc + 760
0 0x00000000800002de (0x2fd29c63)
core   0: 0x00000000800002e2 (0x000041b1) c.li    gp, 12
0 0x00000000800002e2 (0x000041b1) x 3 0x000000000000000c
core   0: 0x00000000800002e4 (0x00002e17) auipc   t3, 0x2
0 0x00000000800002e4 (0x00002e17) x28 0x00000000800022e4
core   0: 0x00000000800002e8 (0xd3ce0e13) addi    t3, t3, -708
0 0x00000000800002e8 (0xd3ce0e13) x28 0x0000000080002020
core   0: 0x00000000800002ec (0x023e2823) sw      gp, 48(t3)
0 0x00000000800002ec (0x023e2823)
core   0: 0x00000000800002f0 (0x00004201) c.li    tp, 0
0 0x00000000800002f0 (0x00004201) x 4 0x0000000000000000
core   0: 0x00000000800002f2 (0xffffd0b7) lui     ra, 0xffffd
0 0x00000000800002f2 (0xffffd0b7) x 1 0xffffffffffffd000
core   0: 0x00000000800002f6 (0xcdd0809b) addiw   ra, ra, -803
0 0x00000000800002f6 (0xcdd0809b) x 1 0xffffffffffffccdd
core   0: 0x00000000800002fa (0x00002117) auipc   sp, 0x2
0 0x00000000800002fa (0x00002117) x 2 0x00000000800022fa
core   0: 0x00000000800002fe (0xd0610113) addi    sp, sp, -762
0 0x00000000800002fe (0xd0610113) x 2 0x0000000080002000
core   0: 0x0000000080000302 (0x00111023) sh      ra, 0(sp)
0 0x0000000080000302 (0x00111023)
core   0: 0x0000000080000306 (0x00011f03) lh      t5, 0(sp)
0 0x0000000080000306 (0x00011f03) x30 0xffffffffffffccdd
core   0: 0x000000008000030a (0xffffdeb7) lui     t4, 0xffffd
0 0x000000008000030a (0xffffdeb7) x29 0xffffffffffffd000
core   0: 0x000000008000030e (0xcdde8e9b) addiw   t4, t4, -803
0 0x000000008000030e (0xcdde8e9b) x29 0xffffffffffffccdd
core   0: 0x0000000080000312 (0x2ddf1263) bne     t5, t4, pc + 708
0 0x0000000080000312 (0x2ddf1263)
core   0: 0x0000000080000316 (0x00000205) c.addi  tp, 1
0 0x0000000080000316 (0x00000205) x 4 0x0000000000000001
core   0: 0x0000000080000318 (0x00004289) c.li    t0, 2
0 0x0000000080000318 (0x00004289) x 5 0x0000000000000002
core   0: 0x000000008000031a (0xfc521ce3) bne     tp, t0, pc - 40
0 0x000000008000031a (0xfc521ce3)
core   0: 0x00000000800002f2 (0xffffd0b7) lui     ra, 0xffffd
0 0x00000000800002f2 (0xffffd0b7) x 1 0xffffffffffffd000
core   0: 0x00000000800002f6 (0xcdd0809b) addiw   ra, ra, -803
0 0x00000000800002f6 (0xcdd0809b) x 1 0xffffffffffffccdd
core   0: 0x00000000800002fa (0x00002117) auipc   sp, 0x2
0 0x00000000800002fa (0x00002117) x 2 0x00000000800022fa
core   0: 0x00000000800002fe (0xd0610113) addi    sp, sp, -762
0 0x00000000800002fe (0xd0610113) x 2 0x0000000080002000
core   0: 0x0000000080000302 (0x00111023) sh      ra, 0(sp)
0 0x0000000080000302 (0x00111023)
core   0: 0x0000000080000306 (0x00011f03) lh      t5, 0(sp)
0 0x0000000080000306 (0x00011f03) x30 0xffffffffffffccdd
core   0: 0x000000008000030a (0xffffdeb7) lui     t4, 0xffffd
0 0x000000008000030a (0xffffdeb7) x29 0xffffffffffffd000
core   0: 0x000000008000030e (0xcdde8e9b) addiw   t4, t4, -803
0 0x000000008000030e (0xcdde8e9b) x29 0xffffffffffffccdd
core   0: 0x0000000080000312 (0x2ddf1263) bne     t5, t4, pc + 708
0 0x0000000080000312 (0x2ddf1263)
core   0: 0x0000000080000316 (0x00000205) c.addi  tp, 1
0 0x0000000080000316 (0x00000205) x 4 0x0000000000000002
core   0: 0x0000000080000318 (0x00004289) c.li    t0, 2
0 0x0000000080000318 (0x00004289) x 5 0x0000000000000002
core   0: 0x000000008000031a (0xfc521ce3) bne     tp, t0, pc - 40
0 0x000000008000031a (0xfc521ce3)
core   0: 0x000000008000031e (0x000041b5) c.li    gp, 13
0 0x000000008000031e (0x000041b5) x 3 0x000000000000000d
core   0: 0x0000000080000320 (0x00002e17) auipc   t3, 0x2
0 0x0000000080000320 (0x00002e17) x28 0x0000000080002320
core   0: 0x0000000080000324 (0xd00e0e13) addi    t3, t3, -768
0 0x0000000080000324 (0xd00e0e13) x28 0x0000000080002020
core   0: 0x0000000080000328 (0x023e2a23) sw      gp, 52(t3)
0 0x0000000080000328 (0x023e2a23)
core   0: 0x000000008000032c (0x00004201) c.li    tp, 0
0 0x000000008000032c (0x00004201) x 4 0x0000000000000000
core   0: 0x000000008000032e (0xffffc0b7) lui     ra, 0xffffc
0 0x000000008000032e (0xffffc0b7) x 1 0xffffffffffffc000
core   0: 0x0000000080000332 (0xccd0809b) addiw   ra, ra, -819
0 0x0000000080000332 (0xccd0809b) x 1 0xffffffffffffbccd
core   0: 0x0000000080000336 (0x00002117) auipc   sp, 0x2
0 0x0000000080000336 (0x00002117) x 2 0x0000000080002336
core   0: 0x000000008000033a (0xcca10113) addi    sp, sp, -822
0 0x000000008000033a (0xcca10113) x 2 0x0000000080002000
core   0: 0x000000008000033e (0x00000001) c.nop
0 0x000000008000033e (0x00000001)
core   0: 0x0000000080000340 (0x00111123) sh      ra, 2(sp)
0 0x0000000080000340 (0x00111123)
core   0: 0x0000000080000344 (0x00211f03) lh      t5, 2(sp)
0 0x0000000080000344 (0x00211f03) x30 0xffffffffffffbccd
core   0: 0x0000000080000348 (0xffffceb7) lui     t4, 0xffffc
0 0x0000000080000348 (0xffffceb7) x29 0xffffffffffffc000
core   0: 0x000000008000034c (0xccde8e9b) addiw   t4, t4, -819
0 0x000000008000034c (0xccde8e9b) x29 0xffffffffffffbccd
core   0: 0x0000000080000350 (0x29df1363) bne     t5, t4, pc + 646
0 0x0000000080000350 (0x29df1363)
core   0: 0x0000000080000354 (0x00000205) c.addi  tp, 1
0 0x0000000080000354 (0x00000205) x 4 0x0000000000000001
core   0: 0x0000000080000356 (0x00004289) c.li    t0, 2
0 0x0000000080000356 (0x00004289) x 5 0x0000000000000002
core   0: 0x0000000080000358 (0xfc521be3) bne     tp, t0, pc - 42
0 0x0000000080000358 (0xfc521be3)
core   0: 0x000000008000032e (0xffffc0b7) lui     ra, 0xffffc
0 0x000000008000032e (0xffffc0b7) x 1 0xffffffffffffc000
core   0: 0x0000000080000332 (0xccd0809b) addiw   ra, ra, -819
0 0x0000000080000332 (0xccd0809b) x 1 0xffffffffffffbccd
core   0: 0x0000000080000336 (0x00002117) auipc   sp, 0x2
0 0x0000000080000336 (0x00002117) x 2 0x0000000080002336
core   0: 0x000000008000033a (0xcca10113) addi    sp, sp, -822
0 0x000000008000033a (0xcca10113) x 2 0x0000000080002000
core   0: 0x000000008000033e (0x00000001) c.nop
0 0x000000008000033e (0x00000001)
core   0: 0x0000000080000340 (0x00111123) sh      ra, 2(sp)
0 0x0000000080000340 (0x00111123)
core   0: 0x0000000080000344 (0x00211f03) lh      t5, 2(sp)
0 0x0000000080000344 (0x00211f03) x30 0xffffffffffffbccd
core   0: 0x0000000080000348 (0xffffceb7) lui     t4, 0xffffc
0 0x0000000080000348 (0xffffceb7) x29 0xffffffffffffc000
core   0: 0x000000008000034c (0xccde8e9b) addiw   t4, t4, -819
0 0x000000008000034c (0xccde8e9b) x29 0xffffffffffffbccd
core   0: 0x0000000080000350 (0x29df1363) bne     t5, t4, pc + 646
0 0x0000000080000350 (0x29df1363)
core   0: 0x0000000080000354 (0x00000205) c.addi  tp, 1
0 0x0000000080000354 (0x00000205) x 4 0x0000000000000002
core   0: 0x0000000080000356 (0x00004289) c.li    t0, 2
0 0x0000000080000356 (0x00004289) x 5 0x0000000000000002
core   0: 0x0000000080000358 (0xfc521be3) bne     tp, t0, pc - 42
0 0x0000000080000358 (0xfc521be3)
core   0: 0x000000008000035c (0x000041b9) c.li    gp, 14
0 0x000000008000035c (0x000041b9) x 3 0x000000000000000e
core   0: 0x000000008000035e (0x00002e17) auipc   t3, 0x2
0 0x000000008000035e (0x00002e17) x28 0x000000008000235e
core   0: 0x0000000080000362 (0xcc2e0e13) addi    t3, t3, -830
0 0x0000000080000362 (0xcc2e0e13) x28 0x0000000080002020
core   0: 0x0000000080000366 (0x023e2c23) sw      gp, 56(t3)
0 0x0000000080000366 (0x023e2c23)
core   0: 0x000000008000036a (0x00004201) c.li    tp, 0
0 0x000000008000036a (0x00004201) x 4 0x0000000000000000
core   0: 0x000000008000036c (0xffffc0b7) lui     ra, 0xffffc
0 0x000000008000036c (0xffffc0b7) x 1 0xffffffffffffc000
core   0: 0x0000000080000370 (0xbcc0809b) addiw   ra, ra, -1076
0 0x0000000080000370 (0xbcc0809b) x 1 0xffffffffffffbbcc
core   0: 0x0000000080000374 (0x00002117) auipc   sp, 0x2
0 0x0000000080000374 (0x00002117) x 2 0x0000000080002374
core   0: 0x0000000080000378 (0xc8c10113) addi    sp, sp, -884
0 0x0000000080000378 (0xc8c10113) x 2 0x0000000080002000
core   0: 0x000000008000037c (0x00000001) c.nop
0 0x000000008000037c (0x00000001)
core   0: 0x000000008000037e (0x00000001) c.nop
0 0x000000008000037e (0x00000001)
core   0: 0x0000000080000380 (0x00111223) sh      ra, 4(sp)
0 0x0000000080000380 (0x00111223)
core   0: 0x0000000080000384 (0x00411f03) lh      t5, 4(sp)
0 0x0000000080000384 (0x00411f03) x30 0xffffffffffffbbcc
core   0: 0x0000000080000388 (0xffffceb7) lui     t4, 0xffffc
0 0x0000000080000388 (0xffffceb7) x29 0xffffffffffffc000
core   0: 0x000000008000038c (0xbcce8e9b) addiw   t4, t4, -1076
0 0x000000008000038c (0xbcce8e9b) x29 0xffffffffffffbbcc
core   0: 0x0000000080000390 (0x25df1363) bne     t5, t4, pc + 582
0 0x0000000080000390 (0x25df1363)
core   0: 0x0000000080000394 (0x00000205) c.addi  tp, 1
0 0x0000000080000394 (0x00000205) x 4 0x0000000000000001
core   0: 0x0000000080000396 (0x00004289) c.li    t0, 2
0 0x0000000080000396 (0x00004289) x 5 0x0000000000000002
core   0: 0x0000000080000398 (0xfc521ae3) bne     tp, t0, pc - 44
0 0x0000000080000398 (0xfc521ae3)
core   0: 0x000000008000036c (0xffffc0b7) lui     ra, 0xffffc
0 0x000000008000036c (0xffffc0b7) x 1 0xffffffffffffc000
core   0: 0x0000000080000370 (0xbcc0809b) addiw   ra, ra, -1076
0 0x0000000080000370 (0xbcc0809b) x 1 0xffffffffffffbbcc
core   0: 0x0000000080000374 (0x00002117) auipc   sp, 0x2
0 0x0000000080000374 (0x00002117) x 2 0x0000000080002374
core   0: 0x0000000080000378 (0xc8c10113) addi    sp, sp, -884
0 0x0000000080000378 (0xc8c10113) x 2 0x0000000080002000
core   0: 0x000000008000037c (0x00000001) c.nop
0 0x000000008000037c (0x00000001)
core   0: 0x000000008000037e (0x00000001) c.nop
0 0x000000008000037e (0x00000001)
core   0: 0x0000000080000380 (0x00111223) sh      ra, 4(sp)
0 0x0000000080000380 (0x00111223)
core   0: 0x0000000080000384 (0x00411f03) lh      t5, 4(sp)
0 0x0000000080000384 (0x00411f03) x30 0xffffffffffffbbcc
core   0: 0x0000000080000388 (0xffffceb7) lui     t4, 0xffffc
0 0x0000000080000388 (0xffffceb7) x29 0xffffffffffffc000
core   0: 0x000000008000038c (0xbcce8e9b) addiw   t4, t4, -1076
0 0x000000008000038c (0xbcce8e9b) x29 0xffffffffffffbbcc
core   0: 0x0000000080000390 (0x25df1363) bne     t5, t4, pc + 582
0 0x0000000080000390 (0x25df1363)
core   0: 0x0000000080000394 (0x00000205) c.addi  tp, 1
0 0x0000000080000394 (0x00000205) x 4 0x0000000000000002
core   0: 0x0000000080000396 (0x00004289) c.li    t0, 2
0 0x0000000080000396 (0x00004289) x 5 0x0000000000000002
core   0: 0x0000000080000398 (0xfc521ae3) bne     tp, t0, pc - 44
0 0x0000000080000398 (0xfc521ae3)
core   0: 0x000000008000039c (0x000041bd) c.li    gp, 15
0 0x000000008000039c (0x000041bd) x 3 0x000000000000000f
core   0: 0x000000008000039e (0x00002e17) auipc   t3, 0x2
0 0x000000008000039e (0x00002e17) x28 0x000000008000239e
core   0: 0x00000000800003a2 (0xc82e0e13) addi    t3, t3, -894
0 0x00000000800003a2 (0xc82e0e13) x28 0x0000000080002020
core   0: 0x00000000800003a6 (0x023e2e23) sw      gp, 60(t3)
0 0x00000000800003a6 (0x023e2e23)
core   0: 0x00000000800003aa (0x00004201) c.li    tp, 0
0 0x00000000800003aa (0x00004201) x 4 0x0000000000000000
core   0: 0x00000000800003ac (0xffffb0b7) lui     ra, 0xffffb
0 0x00000000800003ac (0xffffb0b7) x 1 0xffffffffffffb000
core   0: 0x00000000800003b0 (0xbbc0809b) addiw   ra, ra, -1092
0 0x00000000800003b0 (0xbbc0809b) x 1 0xffffffffffffabbc
core   0: 0x00000000800003b4 (0x00000001) c.nop
0 0x00000000800003b4 (0x00000001)
core   0: 0x00000000800003b6 (0x00002117) auipc   sp, 0x2
0 0x00000000800003b6 (0x00002117) x 2 0x00000000800023b6
core   0: 0x00000000800003ba (0xc4a10113) addi    sp, sp, -950
0 0x00000000800003ba (0xc4a10113) x 2 0x0000000080002000
core   0: 0x00000000800003be (0x00111323) sh      ra, 6(sp)
0 0x00000000800003be (0x00111323)
core   0: 0x00000000800003c2 (0x00611f03) lh      t5, 6(sp)
0 0x00000000800003c2 (0x00611f03) x30 0xffffffffffffabbc
core   0: 0x00000000800003c6 (0xffffbeb7) lui     t4, 0xffffb
0 0x00000000800003c6 (0xffffbeb7) x29 0xffffffffffffb000
core   0: 0x00000000800003ca (0xbbce8e9b) addiw   t4, t4, -1092
0 0x00000000800003ca (0xbbce8e9b) x29 0xffffffffffffabbc
core   0: 0x00000000800003ce (0x21df1463) bne     t5, t4, pc + 520
0 0x00000000800003ce (0x21df1463)
core   0: 0x00000000800003d2 (0x00000205) c.addi  tp, 1
0 0x00000000800003d2 (0x00000205) x 4 0x0000000000000001
core   0: 0x00000000800003d4 (0x00004289) c.li    t0, 2
0 0x00000000800003d4 (0x00004289) x 5 0x0000000000000002
core   0: 0x00000000800003d6 (0xfc521be3) bne     tp, t0, pc - 42
0 0x00000000800003d6 (0xfc521be3)
core   0: 0x00000000800003ac (0xffffb0b7) lui     ra, 0xffffb
0 0x00000000800003ac (0xffffb0b7) x 1 0xffffffffffffb000
core   0: 0x00000000800003b0 (0xbbc0809b) addiw   ra, ra, -1092
0 0x00000000800003b0 (0xbbc0809b) x 1 0xffffffffffffabbc
core   0: 0x00000000800003b4 (0x00000001) c.nop
0 0x00000000800003b4 (0x00000001)
core   0: 0x00000000800003b6 (0x00002117) auipc   sp, 0x2
0 0x00000000800003b6 (0x00002117) x 2 0x00000000800023b6
core   0: 0x00000000800003ba (0xc4a10113) addi    sp, sp, -950
0 0x00000000800003ba (0xc4a10113) x 2 0x0000000080002000
core   0: 0x00000000800003be (0x00111323) sh      ra, 6(sp)
0 0x00000000800003be (0x00111323)
core   0: 0x00000000800003c2 (0x00611f03) lh      t5, 6(sp)
0 0x00000000800003c2 (0x00611f03) x30 0xffffffffffffabbc
core   0: 0x00000000800003c6 (0xffffbeb7) lui     t4, 0xffffb
0 0x00000000800003c6 (0xffffbeb7) x29 0xffffffffffffb000
core   0: 0x00000000800003ca (0xbbce8e9b) addiw   t4, t4, -1092
0 0x00000000800003ca (0xbbce8e9b) x29 0xffffffffffffabbc
core   0: 0x00000000800003ce (0x21df1463) bne     t5, t4, pc + 520
0 0x00000000800003ce (0x21df1463)
core   0: 0x00000000800003d2 (0x00000205) c.addi  tp, 1
0 0x00000000800003d2 (0x00000205) x 4 0x0000000000000002
core   0: 0x00000000800003d4 (0x00004289) c.li    t0, 2
0 0x00000000800003d4 (0x00004289) x 5 0x0000000000000002
core   0: 0x00000000800003d6 (0xfc521be3) bne     tp, t0, pc - 42
0 0x00000000800003d6 (0xfc521be3)
core   0: 0x00000000800003da (0x000041c1) c.li    gp, 16
0 0x00000000800003da (0x000041c1) x 3 0x0000000000000010
core   0: 0x00000000800003dc (0x00002e17) auipc   t3, 0x2
0 0x00000000800003dc (0x00002e17) x28 0x00000000800023dc
core   0: 0x00000000800003e0 (0xc44e0e13) addi    t3, t3, -956
0 0x00000000800003e0 (0xc44e0e13) x28 0x0000000080002020
core   0: 0x00000000800003e4 (0x043e2023) sw      gp, 64(t3)
0 0x00000000800003e4 (0x043e2023)
core   0: 0x00000000800003e8 (0x00004201) c.li    tp, 0
0 0x00000000800003e8 (0x00004201) x 4 0x0000000000000000
core   0: 0x00000000800003ea (0xffffb0b7) lui     ra, 0xffffb
0 0x00000000800003ea (0xffffb0b7) x 1 0xffffffffffffb000
core   0: 0x00000000800003ee (0xabb0809b) addiw   ra, ra, -1349
0 0x00000000800003ee (0xabb0809b) x 1 0xffffffffffffaabb
core   0: 0x00000000800003f2 (0x00000001) c.nop
0 0x00000000800003f2 (0x00000001)
core   0: 0x00000000800003f4 (0x00002117) auipc   sp, 0x2
0 0x00000000800003f4 (0x00002117) x 2 0x00000000800023f4
core   0: 0x00000000800003f8 (0xc0c10113) addi    sp, sp, -1012
0 0x00000000800003f8 (0xc0c10113) x 2 0x0000000080002000
core   0: 0x00000000800003fc (0x00000001) c.nop
0 0x00000000800003fc (0x00000001)
core   0: 0x00000000800003fe (0x00111423) sh      ra, 8(sp)
0 0x00000000800003fe (0x00111423)
core   0: 0x0000000080000402 (0x00811f03) lh      t5, 8(sp)
0 0x0000000080000402 (0x00811f03) x30 0xffffffffffffaabb
core   0: 0x0000000080000406 (0xffffbeb7) lui     t4, 0xffffb
0 0x0000000080000406 (0xffffbeb7) x29 0xffffffffffffb000
core   0: 0x000000008000040a (0xabbe8e9b) addiw   t4, t4, -1349
0 0x000000008000040a (0xabbe8e9b) x29 0xffffffffffffaabb
core   0: 0x000000008000040e (0x1ddf1463) bne     t5, t4, pc + 456
0 0x000000008000040e (0x1ddf1463)
core   0: 0x0000000080000412 (0x00000205) c.addi  tp, 1
0 0x0000000080000412 (0x00000205) x 4 0x0000000000000001
core   0: 0x0000000080000414 (0x00004289) c.li    t0, 2
0 0x0000000080000414 (0x00004289) x 5 0x0000000000000002
core   0: 0x0000000080000416 (0xfc521ae3) bne     tp, t0, pc - 44
0 0x0000000080000416 (0xfc521ae3)
core   0: 0x00000000800003ea (0xffffb0b7) lui     ra, 0xffffb
0 0x00000000800003ea (0xffffb0b7) x 1 0xffffffffffffb000
core   0: 0x00000000800003ee (0xabb0809b) addiw   ra, ra, -1349
0 0x00000000800003ee (0xabb0809b) x 1 0xffffffffffffaabb
core   0: 0x00000000800003f2 (0x00000001) c.nop
0 0x00000000800003f2 (0x00000001)
core   0: 0x00000000800003f4 (0x00002117) auipc   sp, 0x2
0 0x00000000800003f4 (0x00002117) x 2 0x00000000800023f4
core   0: 0x00000000800003f8 (0xc0c10113) addi    sp, sp, -1012
0 0x00000000800003f8 (0xc0c10113) x 2 0x0000000080002000
core   0: 0x00000000800003fc (0x00000001) c.nop
0 0x00000000800003fc (0x00000001)
core   0: 0x00000000800003fe (0x00111423) sh      ra, 8(sp)
0 0x00000000800003fe (0x00111423)
core   0: 0x0000000080000402 (0x00811f03) lh      t5, 8(sp)
0 0x0000000080000402 (0x00811f03) x30 0xffffffffffffaabb
core   0: 0x0000000080000406 (0xffffbeb7) lui     t4, 0xffffb
0 0x0000000080000406 (0xffffbeb7) x29 0xffffffffffffb000
core   0: 0x000000008000040a (0xabbe8e9b) addiw   t4, t4, -1349
0 0x000000008000040a (0xabbe8e9b) x29 0xffffffffffffaabb
core   0: 0x000000008000040e (0x1ddf1463) bne     t5, t4, pc + 456
0 0x000000008000040e (0x1ddf1463)
core   0: 0x0000000080000412 (0x00000205) c.addi  tp, 1
0 0x0000000080000412 (0x00000205) x 4 0x0000000000000002
core   0: 0x0000000080000414 (0x00004289) c.li    t0, 2
0 0x0000000080000414 (0x00004289) x 5 0x0000000000000002
core   0: 0x0000000080000416 (0xfc521ae3) bne     tp, t0, pc - 44
0 0x0000000080000416 (0xfc521ae3)
core   0: 0x000000008000041a (0x000041c5) c.li    gp, 17
0 0x000000008000041a (0x000041c5) x 3 0x0000000000000011
core   0: 0x000000008000041c (0x00002e17) auipc   t3, 0x2
0 0x000000008000041c (0x00002e17) x28 0x000000008000241c
core   0: 0x0000000080000420 (0xc04e0e13) addi    t3, t3, -1020
0 0x0000000080000420 (0xc04e0e13) x28 0x0000000080002020
core   0: 0x0000000080000424 (0x043e2223) sw      gp, 68(t3)
0 0x0000000080000424 (0x043e2223)
core   0: 0x0000000080000428 (0x00004201) c.li    tp, 0
0 0x0000000080000428 (0x00004201) x 4 0x0000000000000000
core   0: 0x000000008000042a (0xffffe0b7) lui     ra, 0xffffe
0 0x000000008000042a (0xffffe0b7) x 1 0xffffffffffffe000
core   0: 0x000000008000042e (0xaab0809b) addiw   ra, ra, -1365
0 0x000000008000042e (0xaab0809b) x 1 0xffffffffffffdaab
core   0: 0x0000000080000432 (0x00000001) c.nop
0 0x0000000080000432 (0x00000001)
core   0: 0x0000000080000434 (0x00000001) c.nop
0 0x0000000080000434 (0x00000001)
core   0: 0x0000000080000436 (0x00002117) auipc   sp, 0x2
0 0x0000000080000436 (0x00002117) x 2 0x0000000080002436
core   0: 0x000000008000043a (0xbca10113) addi    sp, sp, -1078
0 0x000000008000043a (0xbca10113) x 2 0x0000000080002000
core   0: 0x000000008000043e (0x00111523) sh      ra, 10(sp)
0 0x000000008000043e (0x00111523)
core   0: 0x0000000080000442 (0x00a11f03) lh      t5, 10(sp)
0 0x0000000080000442 (0x00a11f03) x30 0xffffffffffffdaab
core   0: 0x0000000080000446 (0xffffeeb7) lui     t4, 0xffffe
0 0x0000000080000446 (0xffffeeb7) x29 0xffffffffffffe000
core   0: 0x000000008000044a (0xaabe8e9b) addiw   t4, t4, -1365
0 0x000000008000044a (0xaabe8e9b) x29 0xffffffffffffdaab
core   0: 0x000000008000044e (0x19df1463) bne     t5, t4, pc + 392
0 0x000000008000044e (0x19df1463)
core   0: 0x0000000080000452 (0x00000205) c.addi  tp, 1
0 0x0000000080000452 (0x00000205) x 4 0x0000000000000001
core   0: 0x0000000080000454 (0x00004289) c.li    t0, 2
0 0x0000000080000454 (0x00004289) x 5 0x0000000000000002
core   0: 0x0000000080000456 (0xfc521ae3) bne     tp, t0, pc - 44
0 0x0000000080000456 (0xfc521ae3)
core   0: 0x000000008000042a (0xffffe0b7) lui     ra, 0xffffe
0 0x000000008000042a (0xffffe0b7) x 1 0xffffffffffffe000
core   0: 0x000000008000042e (0xaab0809b) addiw   ra, ra, -1365
0 0x000000008000042e (0xaab0809b) x 1 0xffffffffffffdaab
core   0: 0x0000000080000432 (0x00000001) c.nop
0 0x0000000080000432 (0x00000001)
core   0: 0x0000000080000434 (0x00000001) c.nop
0 0x0000000080000434 (0x00000001)
core   0: 0x0000000080000436 (0x00002117) auipc   sp, 0x2
0 0x0000000080000436 (0x00002117) x 2 0x0000000080002436
core   0: 0x000000008000043a (0xbca10113) addi    sp, sp, -1078
0 0x000000008000043a (0xbca10113) x 2 0x0000000080002000
core   0: 0x000000008000043e (0x00111523) sh      ra, 10(sp)
0 0x000000008000043e (0x00111523)
core   0: 0x0000000080000442 (0x00a11f03) lh      t5, 10(sp)
0 0x0000000080000442 (0x00a11f03) x30 0xffffffffffffdaab
core   0: 0x0000000080000446 (0xffffeeb7) lui     t4, 0xffffe
0 0x0000000080000446 (0xffffeeb7) x29 0xffffffffffffe000
core   0: 0x000000008000044a (0xaabe8e9b) addiw   t4, t4, -1365
0 0x000000008000044a (0xaabe8e9b) x29 0xffffffffffffdaab
core   0: 0x000000008000044e (0x19df1463) bne     t5, t4, pc + 392
0 0x000000008000044e (0x19df1463)
core   0: 0x0000000080000452 (0x00000205) c.addi  tp, 1
0 0x0000000080000452 (0x00000205) x 4 0x0000000000000002
core   0: 0x0000000080000454 (0x00004289) c.li    t0, 2
0 0x0000000080000454 (0x00004289) x 5 0x0000000000000002
core   0: 0x0000000080000456 (0xfc521ae3) bne     tp, t0, pc - 44
0 0x0000000080000456 (0xfc521ae3)
core   0: 0x000000008000045a (0x000041c9) c.li    gp, 18
0 0x000000008000045a (0x000041c9) x 3 0x0000000000000012
core   0: 0x000000008000045c (0x00002e17) auipc   t3, 0x2
0 0x000000008000045c (0x00002e17) x28 0x000000008000245c
core   0: 0x0000000080000460 (0xbc4e0e13) addi    t3, t3, -1084
0 0x0000000080000460 (0xbc4e0e13) x28 0x0000000080002020
core   0: 0x0000000080000464 (0x043e2423) sw      gp, 72(t3)
0 0x0000000080000464 (0x043e2423)
core   0: 0x0000000080000468 (0x00004201) c.li    tp, 0
0 0x0000000080000468 (0x00004201) x 4 0x0000000000000000
core   0: 0x000000008000046a (0x00002117) auipc   sp, 0x2
0 0x000000008000046a (0x00002117) x 2 0x000000008000246a
core   0: 0x000000008000046e (0xb9610113) addi    sp, sp, -1130
0 0x000000008000046e (0xb9610113) x 2 0x0000000080002000
core   0: 0x0000000080000472 (0x000020b7) lui     ra, 0x2
0 0x0000000080000472 (0x000020b7) x 1 0x0000000000002000
core   0: 0x0000000080000476 (0x2330809b) addiw   ra, ra, 563
0 0x0000000080000476 (0x2330809b) x 1 0x0000000000002233
core   0: 0x000000008000047a (0x00111023) sh      ra, 0(sp)
0 0x000000008000047a (0x00111023)
core   0: 0x000000008000047e (0x00011f03) lh      t5, 0(sp)
0 0x000000008000047e (0x00011f03) x30 0x0000000000002233
core   0: 0x0000000080000482 (0x00002eb7) lui     t4, 0x2
0 0x0000000080000482 (0x00002eb7) x29 0x0000000000002000
core   0: 0x0000000080000486 (0x233e8e9b) addiw   t4, t4, 563
0 0x0000000080000486 (0x233e8e9b) x29 0x0000000000002233
core   0: 0x000000008000048a (0x15df1663) bne     t5, t4, pc + 332
0 0x000000008000048a (0x15df1663)
core   0: 0x000000008000048e (0x00000205) c.addi  tp, 1
0 0x000000008000048e (0x00000205) x 4 0x0000000000000001
core   0: 0x0000000080000490 (0x00004289) c.li    t0, 2
0 0x0000000080000490 (0x00004289) x 5 0x0000000000000002
core   0: 0x0000000080000492 (0xfc521ce3) bne     tp, t0, pc - 40
0 0x0000000080000492 (0xfc521ce3)
core   0: 0x000000008000046a (0x00002117) auipc   sp, 0x2
0 0x000000008000046a (0x00002117) x 2 0x000000008000246a
core   0: 0x000000008000046e (0xb9610113) addi    sp, sp, -1130
0 0x000000008000046e (0xb9610113) x 2 0x0000000080002000
core   0: 0x0000000080000472 (0x000020b7) lui     ra, 0x2
0 0x0000000080000472 (0x000020b7) x 1 0x0000000000002000
core   0: 0x0000000080000476 (0x2330809b) addiw   ra, ra, 563
0 0x0000000080000476 (0x2330809b) x 1 0x0000000000002233
core   0: 0x000000008000047a (0x00111023) sh      ra, 0(sp)
0 0x000000008000047a (0x00111023)
core   0: 0x000000008000047e (0x00011f03) lh      t5, 0(sp)
0 0x000000008000047e (0x00011f03) x30 0x0000000000002233
core   0: 0x0000000080000482 (0x00002eb7) lui     t4, 0x2
0 0x0000000080000482 (0x00002eb7) x29 0x0000000000002000
core   0: 0x0000000080000486 (0x233e8e9b) addiw   t4, t4, 563
0 0x0000000080000486 (0x233e8e9b) x29 0x0000000000002233
core   0: 0x000000008000048a (0x15df1663) bne     t5, t4, pc + 332
0 0x000000008000048a (0x15df1663)
core   0: 0x000000008000048e (0x00000205) c.addi  tp, 1
0 0x000000008000048e (0x00000205) x 4 0x0000000000000002
core   0: 0x0000000080000490 (0x00004289) c.li    t0, 2
0 0x0000000080000490 (0x00004289) x 5 0x0000000000000002
core   0: 0x0000000080000492 (0xfc521ce3) bne     tp, t0, pc - 40
0 0x0000000080000492 (0xfc521ce3)
core   0: 0x0000000080000496 (0x000041cd) c.li    gp, 19
0 0x0000000080000496 (0x000041cd) x 3 0x0000000000000013
core   0: 0x0000000080000498 (0x00002e17) auipc   t3, 0x2
0 0x0000000080000498 (0x00002e17) x28 0x0000000080002498
core   0: 0x000000008000049c (0xb88e0e13) addi    t3, t3, -1144
0 0x000000008000049c (0xb88e0e13) x28 0x0000000080002020
core   0: 0x00000000800004a0 (0x043e2623) sw      gp, 76(t3)
0 0x00000000800004a0 (0x043e2623)
core   0: 0x00000000800004a4 (0x00004201) c.li    tp, 0
0 0x00000000800004a4 (0x00004201) x 4 0x0000000000000000
core   0: 0x00000000800004a6 (0x00002117) auipc   sp, 0x2
0 0x00000000800004a6 (0x00002117) x 2 0x00000000800024a6
core   0: 0x00000000800004aa (0xb5a10113) addi    sp, sp, -1190
0 0x00000000800004aa (0xb5a10113) x 2 0x0000000080002000
core   0: 0x00000000800004ae (0x000010b7) lui     ra, 0x1
0 0x00000000800004ae (0x000010b7) x 1 0x0000000000001000
core   0: 0x00000000800004b2 (0x2230809b) addiw   ra, ra, 547
0 0x00000000800004b2 (0x2230809b) x 1 0x0000000000001223
core   0: 0x00000000800004b6 (0x00000001) c.nop
0 0x00000000800004b6 (0x00000001)
core   0: 0x00000000800004b8 (0x00111123) sh      ra, 2(sp)
0 0x00000000800004b8 (0x00111123)
core   0: 0x00000000800004bc (0x00211f03) lh      t5, 2(sp)
0 0x00000000800004bc (0x00211f03) x30 0x0000000000001223
core   0: 0x00000000800004c0 (0x00001eb7) lui     t4, 0x1
0 0x00000000800004c0 (0x00001eb7) x29 0x0000000000001000
core   0: 0x00000000800004c4 (0x223e8e9b) addiw   t4, t4, 547
0 0x00000000800004c4 (0x223e8e9b) x29 0x0000000000001223
core   0: 0x00000000800004c8 (0x11df1763) bne     t5, t4, pc + 270
0 0x00000000800004c8 (0x11df1763)
core   0: 0x00000000800004cc (0x00000205) c.addi  tp, 1
0 0x00000000800004cc (0x00000205) x 4 0x0000000000000001
core   0: 0x00000000800004ce (0x00004289) c.li    t0, 2
0 0x00000000800004ce (0x00004289) x 5 0x0000000000000002
core   0: 0x00000000800004d0 (0xfc521be3) bne     tp, t0, pc - 42
0 0x00000000800004d0 (0xfc521be3)
core   0: 0x00000000800004a6 (0x00002117) auipc   sp, 0x2
0 0x00000000800004a6 (0x00002117) x 2 0x00000000800024a6
core   0: 0x00000000800004aa (0xb5a10113) addi    sp, sp, -1190
0 0x00000000800004aa (0xb5a10113) x 2 0x0000000080002000
core   0: 0x00000000800004ae (0x000010b7) lui     ra, 0x1
0 0x00000000800004ae (0x000010b7) x 1 0x0000000000001000
core   0: 0x00000000800004b2 (0x2230809b) addiw   ra, ra, 547
0 0x00000000800004b2 (0x2230809b) x 1 0x0000000000001223
core   0: 0x00000000800004b6 (0x00000001) c.nop
0 0x00000000800004b6 (0x00000001)
core   0: 0x00000000800004b8 (0x00111123) sh      ra, 2(sp)
0 0x00000000800004b8 (0x00111123)
core   0: 0x00000000800004bc (0x00211f03) lh      t5, 2(sp)
0 0x00000000800004bc (0x00211f03) x30 0x0000000000001223
core   0: 0x00000000800004c0 (0x00001eb7) lui     t4, 0x1
0 0x00000000800004c0 (0x00001eb7) x29 0x0000000000001000
core   0: 0x00000000800004c4 (0x223e8e9b) addiw   t4, t4, 547
0 0x00000000800004c4 (0x223e8e9b) x29 0x0000000000001223
core   0: 0x00000000800004c8 (0x11df1763) bne     t5, t4, pc + 270
0 0x00000000800004c8 (0x11df1763)
core   0: 0x00000000800004cc (0x00000205) c.addi  tp, 1
0 0x00000000800004cc (0x00000205) x 4 0x0000000000000002
core   0: 0x00000000800004ce (0x00004289) c.li    t0, 2
0 0x00000000800004ce (0x00004289) x 5 0x0000000000000002
core   0: 0x00000000800004d0 (0xfc521be3) bne     tp, t0, pc - 42
0 0x00000000800004d0 (0xfc521be3)
core   0: 0x00000000800004d4 (0x000041d1) c.li    gp, 20
0 0x00000000800004d4 (0x000041d1) x 3 0x0000000000000014
core   0: 0x00000000800004d6 (0x00002e17) auipc   t3, 0x2
0 0x00000000800004d6 (0x00002e17) x28 0x00000000800024d6
core   0: 0x00000000800004da (0xb4ae0e13) addi    t3, t3, -1206
0 0x00000000800004da (0xb4ae0e13) x28 0x0000000080002020
core   0: 0x00000000800004de (0x043e2823) sw      gp, 80(t3)
0 0x00000000800004de (0x043e2823)
core   0: 0x00000000800004e2 (0x00004201) c.li    tp, 0
0 0x00000000800004e2 (0x00004201) x 4 0x0000000000000000
core   0: 0x00000000800004e4 (0x00002117) auipc   sp, 0x2
0 0x00000000800004e4 (0x00002117) x 2 0x00000000800024e4
core   0: 0x00000000800004e8 (0xb1c10113) addi    sp, sp, -1252
0 0x00000000800004e8 (0xb1c10113) x 2 0x0000000080002000
core   0: 0x00000000800004ec (0x000010b7) lui     ra, 0x1
0 0x00000000800004ec (0x000010b7) x 1 0x0000000000001000
core   0: 0x00000000800004f0 (0x1220809b) addiw   ra, ra, 290
0 0x00000000800004f0 (0x1220809b) x 1 0x0000000000001122
core   0: 0x00000000800004f4 (0x00000001) c.nop
0 0x00000000800004f4 (0x00000001)
core   0: 0x00000000800004f6 (0x00000001) c.nop
0 0x00000000800004f6 (0x00000001)
core   0: 0x00000000800004f8 (0x00111223) sh      ra, 4(sp)
0 0x00000000800004f8 (0x00111223)
core   0: 0x00000000800004fc (0x00411f03) lh      t5, 4(sp)
0 0x00000000800004fc (0x00411f03) x30 0x0000000000001122
core   0: 0x0000000080000500 (0x00001eb7) lui     t4, 0x1
0 0x0000000080000500 (0x00001eb7) x29 0x0000000000001000
core   0: 0x0000000080000504 (0x122e8e9b) addiw   t4, t4, 290
0 0x0000000080000504 (0x122e8e9b) x29 0x0000000000001122
core   0: 0x0000000080000508 (0x0ddf1763) bne     t5, t4, pc + 206
0 0x0000000080000508 (0x0ddf1763)
core   0: 0x000000008000050c (0x00000205) c.addi  tp, 1
0 0x000000008000050c (0x00000205) x 4 0x0000000000000001
core   0: 0x000000008000050e (0x00004289) c.li    t0, 2
0 0x000000008000050e (0x00004289) x 5 0x0000000000000002
core   0: 0x0000000080000510 (0xfc521ae3) bne     tp, t0, pc - 44
0 0x0000000080000510 (0xfc521ae3)
core   0: 0x00000000800004e4 (0x00002117) auipc   sp, 0x2
0 0x00000000800004e4 (0x00002117) x 2 0x00000000800024e4
core   0: 0x00000000800004e8 (0xb1c10113) addi    sp, sp, -1252
0 0x00000000800004e8 (0xb1c10113) x 2 0x0000000080002000
core   0: 0x00000000800004ec (0x000010b7) lui     ra, 0x1
0 0x00000000800004ec (0x000010b7) x 1 0x0000000000001000
core   0: 0x00000000800004f0 (0x1220809b) addiw   ra, ra, 290
0 0x00000000800004f0 (0x1220809b) x 1 0x0000000000001122
core   0: 0x00000000800004f4 (0x00000001) c.nop
0 0x00000000800004f4 (0x00000001)
core   0: 0x00000000800004f6 (0x00000001) c.nop
0 0x00000000800004f6 (0x00000001)
core   0: 0x00000000800004f8 (0x00111223) sh      ra, 4(sp)
0 0x00000000800004f8 (0x00111223)
core   0: 0x00000000800004fc (0x00411f03) lh      t5, 4(sp)
0 0x00000000800004fc (0x00411f03) x30 0x0000000000001122
core   0: 0x0000000080000500 (0x00001eb7) lui     t4, 0x1
0 0x0000000080000500 (0x00001eb7) x29 0x0000000000001000
core   0: 0x0000000080000504 (0x122e8e9b) addiw   t4, t4, 290
0 0x0000000080000504 (0x122e8e9b) x29 0x0000000000001122
core   0: 0x0000000080000508 (0x0ddf1763) bne     t5, t4, pc + 206
0 0x0000000080000508 (0x0ddf1763)
core   0: 0x000000008000050c (0x00000205) c.addi  tp, 1
0 0x000000008000050c (0x00000205) x 4 0x0000000000000002
core   0: 0x000000008000050e (0x00004289) c.li    t0, 2
0 0x000000008000050e (0x00004289) x 5 0x0000000000000002
core   0: 0x0000000080000510 (0xfc521ae3) bne     tp, t0, pc - 44
0 0x0000000080000510 (0xfc521ae3)
core   0: 0x0000000080000514 (0x000041d5) c.li    gp, 21
0 0x0000000080000514 (0x000041d5) x 3 0x0000000000000015
core   0: 0x0000000080000516 (0x00002e17) auipc   t3, 0x2
0 0x0000000080000516 (0x00002e17) x28 0x0000000080002516
core   0: 0x000000008000051a (0xb0ae0e13) addi    t3, t3, -1270
0 0x000000008000051a (0xb0ae0e13) x28 0x0000000080002020
core   0: 0x000000008000051e (0x043e2a23) sw      gp, 84(t3)
0 0x000000008000051e (0x043e2a23)
core   0: 0x0000000080000522 (0x00004201) c.li    tp, 0
0 0x0000000080000522 (0x00004201) x 4 0x0000000000000000
core   0: 0x0000000080000524 (0x00002117) auipc   sp, 0x2
0 0x0000000080000524 (0x00002117) x 2 0x0000000080002524
core   0: 0x0000000080000528 (0xadc10113) addi    sp, sp, -1316
0 0x0000000080000528 (0xadc10113) x 2 0x0000000080002000
core   0: 0x000000008000052c (0x00000001) c.nop
0 0x000000008000052c (0x00000001)
core   0: 0x000000008000052e (0x11200093) li      ra, 274
0 0x000000008000052e (0x11200093) x 1 0x0000000000000112
core   0: 0x0000000080000532 (0x00111323) sh      ra, 6(sp)
0 0x0000000080000532 (0x00111323)
core   0: 0x0000000080000536 (0x00611f03) lh      t5, 6(sp)
0 0x0000000080000536 (0x00611f03) x30 0x0000000000000112
core   0: 0x000000008000053a (0x11200e93) li      t4, 274
0 0x000000008000053a (0x11200e93) x29 0x0000000000000112
core   0: 0x000000008000053e (0x09df1c63) bne     t5, t4, pc + 152
0 0x000000008000053e (0x09df1c63)
core   0: 0x0000000080000542 (0x00000205) c.addi  tp, 1
0 0x0000000080000542 (0x00000205) x 4 0x0000000000000001
core   0: 0x0000000080000544 (0x00004289) c.li    t0, 2
0 0x0000000080000544 (0x00004289) x 5 0x0000000000000002
core   0: 0x0000000080000546 (0xfc521fe3) bne     tp, t0, pc - 34
0 0x0000000080000546 (0xfc521fe3)
core   0: 0x0000000080000524 (0x00002117) auipc   sp, 0x2
0 0x0000000080000524 (0x00002117) x 2 0x0000000080002524
core   0: 0x0000000080000528 (0xadc10113) addi    sp, sp, -1316
0 0x0000000080000528 (0xadc10113) x 2 0x0000000080002000
core   0: 0x000000008000052c (0x00000001) c.nop
0 0x000000008000052c (0x00000001)
core   0: 0x000000008000052e (0x11200093) li      ra, 274
0 0x000000008000052e (0x11200093) x 1 0x0000000000000112
core   0: 0x0000000080000532 (0x00111323) sh      ra, 6(sp)
0 0x0000000080000532 (0x00111323)
core   0: 0x0000000080000536 (0x00611f03) lh      t5, 6(sp)
0 0x0000000080000536 (0x00611f03) x30 0x0000000000000112
core   0: 0x000000008000053a (0x11200e93) li      t4, 274
0 0x000000008000053a (0x11200e93) x29 0x0000000000000112
core   0: 0x000000008000053e (0x09df1c63) bne     t5, t4, pc + 152
0 0x000000008000053e (0x09df1c63)
core   0: 0x0000000080000542 (0x00000205) c.addi  tp, 1
0 0x0000000080000542 (0x00000205) x 4 0x0000000000000002
core   0: 0x0000000080000544 (0x00004289) c.li    t0, 2
0 0x0000000080000544 (0x00004289) x 5 0x0000000000000002
core   0: 0x0000000080000546 (0xfc521fe3) bne     tp, t0, pc - 34
0 0x0000000080000546 (0xfc521fe3)
core   0: 0x000000008000054a (0x000041d9) c.li    gp, 22
0 0x000000008000054a (0x000041d9) x 3 0x0000000000000016
core   0: 0x000000008000054c (0x00002e17) auipc   t3, 0x2
0 0x000000008000054c (0x00002e17) x28 0x000000008000254c
core   0: 0x0000000080000550 (0xad4e0e13) addi    t3, t3, -1324
0 0x0000000080000550 (0xad4e0e13) x28 0x0000000080002020
core   0: 0x0000000080000554 (0x043e2c23) sw      gp, 88(t3)
0 0x0000000080000554 (0x043e2c23)
core   0: 0x0000000080000558 (0x00004201) c.li    tp, 0
0 0x0000000080000558 (0x00004201) x 4 0x0000000000000000
core   0: 0x000000008000055a (0x00002117) auipc   sp, 0x2
0 0x000000008000055a (0x00002117) x 2 0x000000008000255a
core   0: 0x000000008000055e (0xaa610113) addi    sp, sp, -1370
0 0x000000008000055e (0xaa610113) x 2 0x0000000080002000
core   0: 0x0000000080000562 (0x00000001) c.nop
0 0x0000000080000562 (0x00000001)
core   0: 0x0000000080000564 (0x000040c5) c.li    ra, 17
0 0x0000000080000564 (0x000040c5) x 1 0x0000000000000011
core   0: 0x0000000080000566 (0x00000001) c.nop
0 0x0000000080000566 (0x00000001)
core   0: 0x0000000080000568 (0x00111423) sh      ra, 8(sp)
0 0x0000000080000568 (0x00111423)
core   0: 0x000000008000056c (0x00811f03) lh      t5, 8(sp)
0 0x000000008000056c (0x00811f03) x30 0x0000000000000011
core   0: 0x0000000080000570 (0x00004ec5) c.li    t4, 17
0 0x0000000080000570 (0x00004ec5) x29 0x0000000000000011
core   0: 0x0000000080000572 (0x07df1263) bne     t5, t4, pc + 100
0 0x0000000080000572 (0x07df1263)
core   0: 0x0000000080000576 (0x00000205) c.addi  tp, 1
0 0x0000000080000576 (0x00000205) x 4 0x0000000000000001
core   0: 0x0000000080000578 (0x00004289) c.li    t0, 2
0 0x0000000080000578 (0x00004289) x 5 0x0000000000000002
core   0: 0x000000008000057a (0xfe5210e3) bne     tp, t0, pc - 32
0 0x000000008000057a (0xfe5210e3)
core   0: 0x000000008000055a (0x00002117) auipc   sp, 0x2
0 0x000000008000055a (0x00002117) x 2 0x000000008000255a
core   0: 0x000000008000055e (0xaa610113) addi    sp, sp, -1370
0 0x000000008000055e (0xaa610113) x 2 0x0000000080002000
core   0: 0x0000000080000562 (0x00000001) c.nop
0 0x0000000080000562 (0x00000001)
core   0: 0x0000000080000564 (0x000040c5) c.li    ra, 17
0 0x0000000080000564 (0x000040c5) x 1 0x0000000000000011
core   0: 0x0000000080000566 (0x00000001) c.nop
0 0x0000000080000566 (0x00000001)
core   0: 0x0000000080000568 (0x00111423) sh      ra, 8(sp)
0 0x0000000080000568 (0x00111423)
core   0: 0x000000008000056c (0x00811f03) lh      t5, 8(sp)
0 0x000000008000056c (0x00811f03) x30 0x0000000000000011
core   0: 0x0000000080000570 (0x00004ec5) c.li    t4, 17
0 0x0000000080000570 (0x00004ec5) x29 0x0000000000000011
core   0: 0x0000000080000572 (0x07df1263) bne     t5, t4, pc + 100
0 0x0000000080000572 (0x07df1263)
core   0: 0x0000000080000576 (0x00000205) c.addi  tp, 1
0 0x0000000080000576 (0x00000205) x 4 0x0000000000000002
core   0: 0x0000000080000578 (0x00004289) c.li    t0, 2
0 0x0000000080000578 (0x00004289) x 5 0x0000000000000002
core   0: 0x000000008000057a (0xfe5210e3) bne     tp, t0, pc - 32
0 0x000000008000057a (0xfe5210e3)
core   0: 0x000000008000057e (0x000041dd) c.li    gp, 23
0 0x000000008000057e (0x000041dd) x 3 0x0000000000000017
core   0: 0x0000000080000580 (0x00002e17) auipc   t3, 0x2
0 0x0000000080000580 (0x00002e17) x28 0x0000000080002580
core   0: 0x0000000080000584 (0xaa0e0e13) addi    t3, t3, -1376
0 0x0000000080000584 (0xaa0e0e13) x28 0x0000000080002020
core   0: 0x0000000080000588 (0x043e2e23) sw      gp, 92(t3)
0 0x0000000080000588 (0x043e2e23)
core   0: 0x000000008000058c (0x00004201) c.li    tp, 0
0 0x000000008000058c (0x00004201) x 4 0x0000000000000000
core   0: 0x000000008000058e (0x00002117) auipc   sp, 0x2
0 0x000000008000058e (0x00002117) x 2 0x000000008000258e
core   0: 0x0000000080000592 (0xa7210113) addi    sp, sp, -1422
0 0x0000000080000592 (0xa7210113) x 2 0x0000000080002000
core   0: 0x0000000080000596 (0x00000001) c.nop
0 0x0000000080000596 (0x00000001)
core   0: 0x0000000080000598 (0x00000001) c.nop
0 0x0000000080000598 (0x00000001)
core   0: 0x000000008000059a (0x000030b7) lui     ra, 0x3
0 0x000000008000059a (0x000030b7) x 1 0x0000000000003000
core   0: 0x000000008000059e (0x0010809b) addiw   ra, ra, 1
0 0x000000008000059e (0x0010809b) x 1 0x0000000000003001
core   0: 0x00000000800005a2 (0x00111523) sh      ra, 10(sp)
0 0x00000000800005a2 (0x00111523)
core   0: 0x00000000800005a6 (0x00a11f03) lh      t5, 10(sp)
0 0x00000000800005a6 (0x00a11f03) x30 0x0000000000003001
core   0: 0x00000000800005aa (0x00003eb7) lui     t4, 0x3
0 0x00000000800005aa (0x00003eb7) x29 0x0000000000003000
core   0: 0x00000000800005ae (0x001e8e9b) addiw   t4, t4, 1
0 0x00000000800005ae (0x001e8e9b) x29 0x0000000000003001
core   0: 0x00000000800005b2 (0x03df1263) bne     t5, t4, pc + 36
0 0x00000000800005b2 (0x03df1263)
core   0: 0x00000000800005b6 (0x00000205) c.addi  tp, 1
0 0x00000000800005b6 (0x00000205) x 4 0x0000000000000001
core   0: 0x00000000800005b8 (0x00004289) c.li    t0, 2
0 0x00000000800005b8 (0x00004289) x 5 0x0000000000000002
core   0: 0x00000000800005ba (0xfc521ae3) bne     tp, t0, pc - 44
0 0x00000000800005ba (0xfc521ae3)
core   0: 0x000000008000058e (0x00002117) auipc   sp, 0x2
0 0x000000008000058e (0x00002117) x 2 0x000000008000258e
core   0: 0x0000000080000592 (0xa7210113) addi    sp, sp, -1422
0 0x0000000080000592 (0xa7210113) x 2 0x0000000080002000
core   0: 0x0000000080000596 (0x00000001) c.nop
0 0x0000000080000596 (0x00000001)
core   0: 0x0000000080000598 (0x00000001) c.nop
0 0x0000000080000598 (0x00000001)
core   0: 0x000000008000059a (0x000030b7) lui     ra, 0x3
0 0x000000008000059a (0x000030b7) x 1 0x0000000000003000
core   0: 0x000000008000059e (0x0010809b) addiw   ra, ra, 1
0 0x000000008000059e (0x0010809b) x 1 0x0000000000003001
core   0: 0x00000000800005a2 (0x00111523) sh      ra, 10(sp)
0 0x00000000800005a2 (0x00111523)
core   0: 0x00000000800005a6 (0x00a11f03) lh      t5, 10(sp)
0 0x00000000800005a6 (0x00a11f03) x30 0x0000000000003001
core   0: 0x00000000800005aa (0x00003eb7) lui     t4, 0x3
0 0x00000000800005aa (0x00003eb7) x29 0x0000000000003000
core   0: 0x00000000800005ae (0x001e8e9b) addiw   t4, t4, 1
0 0x00000000800005ae (0x001e8e9b) x29 0x0000000000003001
core   0: 0x00000000800005b2 (0x03df1263) bne     t5, t4, pc + 36
0 0x00000000800005b2 (0x03df1263)
core   0: 0x00000000800005b6 (0x00000205) c.addi  tp, 1
0 0x00000000800005b6 (0x00000205) x 4 0x0000000000000002
core   0: 0x00000000800005b8 (0x00004289) c.li    t0, 2
0 0x00000000800005b8 (0x00004289) x 5 0x0000000000000002
core   0: 0x00000000800005ba (0xfc521ae3) bne     tp, t0, pc - 44
0 0x00000000800005ba (0xfc521ae3)
core   0: 0x00000000800005be (0x0000c537) lui     a0, 0xc
0 0x00000000800005be (0x0000c537) x10 0x000000000000c000
core   0: 0x00000000800005c2 (0xeef5051b) addiw   a0, a0, -273
0 0x00000000800005c2 (0xeef5051b) x10 0x000000000000beef
core   0: 0x00000000800005c6 (0x00002597) auipc   a1, 0x2
0 0x00000000800005c6 (0x00002597) x11 0x00000000800025c6
core   0: 0x00000000800005ca (0xa3a58593) addi    a1, a1, -1478
0 0x00000000800005ca (0xa3a58593) x11 0x0000000080002000
core   0: 0x00000000800005ce (0x00a59323) sh      a0, 6(a1)
0 0x00000000800005ce (0x00a59323)
core   0: 0x00000000800005d2 (0x00301d63) bne     zero, gp, pc + 26
0 0x00000000800005d2 (0x00301d63)
core   0: 0x00000000800005ec (0x0ff0000f) fence   iorw,iorw
0 0x00000000800005ec (0x0ff0000f)
core   0: 0x00000000800005f0 (0x00004185) c.li    gp, 1
0 0x00000000800005f0 (0x00004185) x 3 0x0000000000000001
core   0: 0x00000000800005f2 (0x00002e17) auipc   t3, 0x2
0 0x00000000800005f2 (0x00002e17) x28 0x00000000800025f2
core   0: 0x00000000800005f6 (0xa2ee0e13) addi    t3, t3, -1490
0 0x00000000800005f6 (0xa2ee0e13) x28 0x0000000080002020
core   0: 0x00000000800005fa (0x003e2023) sw      gp, 0(t3)
0 0x00000000800005fa (0x003e2023)
core   0: 0x00000000800005fe (0x00000073) ecall
0 0x00000000800005fe (0x00000073)
