core   0: 0x0000000000010000 (0x00100413) li      s0, 1
3 0x0000000000010000 (0x00100413) x 8 0x0000000000000001
core   0: 0x0000000000010004 (0x01f41413) slli    s0, s0, 31
3 0x0000000000010004 (0x01f41413) x 8 0x0000000080000000
core   0: 0x0000000000010008 (0xf1402573) csrr    a0, mhartid
3 0x0000000000010008 (0xf1402573) x10 0x0000000000000000
core   0: 0x000000000001000c (0x00000597) auipc   a1, 0x0
3 0x000000000001000c (0x00000597) x11 0x000000000001000c
core   0: 0x0000000000010010 (0x07458593) addi    a1, a1, 116
3 0x0000000000010010 (0x07458593) x11 0x0000000000010080
core   0: 0x0000000000010014 (0x00040067) jr      s0
3 0x0000000000010014 (0x00040067)
core   0: 0x0000000080000000 (0x0000a081) c.j     pc + 64
3 0x0000000080000000 (0x0000a081)
core   0: 0x0000000080000040 (0xf1402573) csrr    a0, mhartid
3 0x0000000080000040 (0xf1402573) x10 0x0000000000000000
core   0: 0x0000000080000044 (0x0000e101) c.bnez  a0, pc + 0
3 0x0000000080000044 (0x0000e101)
core   0: 0x0000000080000046 (0x00000297) auipc   t0, 0x0
3 0x0000000080000046 (0x00000297) x 5 0x0000000080000046
core   0: 0x000000008000004a (0x01228293) addi    t0, t0, 18
3 0x000000008000004a (0x01228293) x 5 0x0000000080000058
core   0: 0x000000008000004e (0x30529073) csrw    mtvec, t0
3 0x000000008000004e (0x30529073)
core   0: 0x0000000080000052 (0x18005073) csrwi   satp, 0
3 0x0000000080000052 (0x18005073)
core   0: 0x0000000080000056 (0x00000001) c.nop
3 0x0000000080000056 (0x00000001)
core   0: 0x0000000080000058 (0x00000297) auipc   t0, 0x0
3 0x0000000080000058 (0x00000297) x 5 0x0000000080000058
core   0: 0x000000008000005c (0x01828293) addi    t0, t0, 24
3 0x000000008000005c (0x01828293) x 5 0x0000000080000070
core   0: 0x0000000080000060 (0x30529073) csrw    mtvec, t0
3 0x0000000080000060 (0x30529073)
core   0: 0x0000000080000064 (0x000052fd) c.li    t0, -1
3 0x0000000080000064 (0x000052fd) x 5 0xffffffffffffffff
core   0: 0x0000000080000066 (0x3b029073) csrw    pmpaddr0, t0
3 0x0000000080000066 (0x3b029073)
core   0: 0x000000008000006a (0x000042fd) c.li    t0, 31
3 0x000000008000006a (0x000042fd) x 5 0x000000000000001f
core   0: 0x000000008000006c (0x3a029073) csrw    pmpcfg0, t0
3 0x000000008000006c (0x3a029073)
core   0: 0x0000000080000070 (0x00000297) auipc   t0, 0x0
3 0x0000000080000070 (0x00000297) x 5 0x0000000080000070
core   0: 0x0000000080000074 (0x01828293) addi    t0, t0, 24
3 0x0000000080000074 (0x01828293) x 5 0x0000000080000088
core   0: 0x0000000080000078 (0x30529073) csrw    mtvec, t0
3 0x0000000080000078 (0x30529073)
core   0: 0x000000008000007c (0x30205073) csrwi   medeleg, 0
3 0x000000008000007c (0x30205073)
core   0: 0x0000000080000080 (0x30305073) csrwi   mideleg, 0
3 0x0000000080000080 (0x30305073)
core   0: 0x0000000080000084 (0x30405073) csrwi   mie, 0
3 0x0000000080000084 (0x30405073)
core   0: 0x0000000080000088 (0x00004181) c.li    gp, 0
3 0x0000000080000088 (0x00004181) x 3 0x0000000000000000
core   0: 0x000000008000008a (0x00000297) auipc   t0, 0x0
3 0x000000008000008a (0x00000297) x 5 0x000000008000008a
core   0: 0x000000008000008e (0xf7a28293) addi    t0, t0, -134
3 0x000000008000008e (0xf7a28293) x 5 0x0000000080000004
core   0: 0x0000000080000092 (0x30529073) csrw    mtvec, t0
3 0x0000000080000092 (0x30529073)
core   0: 0x0000000080000096 (0x00004505) c.li    a0, 1
3 0x0000000080000096 (0x00004505) x10 0x0000000000000001
core   0: 0x0000000080000098 (0x0000057e) c.slli  a0, 31
3 0x0000000080000098 (0x0000057e) x10 0x0000000080000000
core   0: 0x000000008000009a (0x00055d63) bgez    a0, pc + 26
3 0x000000008000009a (0x00055d63)
core   0: 0x00000000800000b4 (0x80000297) auipc   t0, 0x80000
3 0x00000000800000b4 (0x80000297) x 5 0x00000000000000b4
core   0: 0x00000000800000b8 (0xf4c28293) addi    t0, t0, -180
3 0x00000000800000b8 (0xf4c28293) x 5 0x0000000000000000
core   0: 0x00000000800000bc (0x00028e63) beqz    t0, pc + 28
3 0x00000000800000bc (0x00028e63)
core   0: 0x00000000800000d8 (0x30005073) csrwi   mstatus, 0
3 0x00000000800000d8 (0x30005073)
core   0: 0x00000000800000dc (0x00000297) auipc   t0, 0x0
3 0x00000000800000dc (0x00000297) x 5 0x00000000800000dc
core   0: 0x00000000800000e0 (0x01428293) addi    t0, t0, 20
3 0x00000000800000e0 (0x01428293) x 5 0x00000000800000f0
core   0: 0x00000000800000e4 (0x34129073) csrw    mepc, t0
3 0x00000000800000e4 (0x34129073)
core   0: 0x00000000800000e8 (0xf1402573) csrr    a0, mhartid
3 0x00000000800000e8 (0xf1402573) x10 0x0000000000000000
core   0: 0x00000000800000ec (0x30200073) mret
3 0x00000000800000ec (0x30200073)
core   0: 0x00000000800000f0 (0x00004081) c.li    ra, 0
0 0x00000000800000f0 (0x00004081) x 1 0x0000000000000000
core   0: 0x00000000800000f2 (0x00004101) c.li    sp, 0
0 0x00000000800000f2 (0x00004101) x 2 0x0000000000000000
core   0: 0x00000000800000f4 (0x0020bf33) sltu    t5, ra, sp
0 0x00000000800000f4 (0x0020bf33) x30 0x0000000000000000
core   0: 0x00000000800000f8 (0x00004e81) c.li    t4, 0
0 0x00000000800000f8 (0x00004e81) x29 0x0000000000000000
core   0: 0x00000000800000fa (0x00004189) c.li    gp, 2
0 0x00000000800000fa (0x00004189) x 3 0x0000000000000002
core   0: 0x00000000800000fc (0x00002e17) auipc   t3, 0x2
0 0x00000000800000fc (0x00002e17) x28 0x00000000800020fc
core   0: 0x0000000080000100 (0xf04e0e13) addi    t3, t3, -252
0 0x0000000080000100 (0xf04e0e13) x28 0x0000000080002000
core   0: 0x0000000080000104 (0x01ee2423) sw      t5, 8(t3)
0 0x0000000080000104 (0x01ee2423)
core   0: 0x0000000080000108 (0x55df1063) bne     t5, t4, pc + 1344
0 0x0000000080000108 (0x55df1063)
core   0: 0x000000008000010c (0x00004085) c.li    ra, 1
0 0x000000008000010c (0x00004085) x 1 0x0000000000000001
core   0: 0x000000008000010e (0x00004105) c.li    sp, 1
0 0x000000008000010e (0x00004105) x 2 0x0000000000000001
core   0: 0x0000000080000110 (0x0020bf33) sltu    t5, ra, sp
0 0x0000000080000110 (0x0020bf33) x30 0x0000000000000000
core   0: 0x0000000080000114 (0x00004e81) c.li    t4, 0
0 0x0000000080000114 (0x00004e81) x29 0x0000000000000000
core   0: 0x0000000080000116 (0x0000418d) c.li    gp, 3
0 0x0000000080000116 (0x0000418d) x 3 0x0000000000000003
core   0: 0x0000000080000118 (0x00002e17) auipc   t3, 0x2
0 0x0000000080000118 (0x00002e17) x28 0x0000000080002118
core   0: 0x000000008000011c (0xee8e0e13) addi    t3, t3, -280
0 0x000000008000011c (0xee8e0e13) x28 0x0000000080002000
core   0: 0x0000000080000120 (0x01ee2623) sw      t5, 12(t3)
0 0x0000000080000120 (0x01ee2623)
core   0: 0x0000000080000124 (0x53df1263) bne     t5, t4, pc + 1316
0 0x0000000080000124 (0x53df1263)
core   0: 0x0000000080000128 (0x0000408d) c.li    ra, 3
0 0x0000000080000128 (0x0000408d) x 1 0x0000000000000003
core   0: 0x000000008000012a (0x0000411d) c.li    sp, 7
0 0x000000008000012a (0x0000411d) x 2 0x0000000000000007
core   0: 0x000000008000012c (0x0020bf33) sltu    t5, ra, sp
0 0x000000008000012c (0x0020bf33) x30 0x0000000000000001
core   0: 0x0000000080000130 (0x00004e85) c.li    t4, 1
0 0x0000000080000130 (0x00004e85) x29 0x0000000000000001
core   0: 0x0000000080000132 (0x00004191) c.li    gp, 4
0 0x0000000080000132 (0x00004191) x 3 0x0000000000000004
core   0: 0x0000000080000134 (0x00002e17) auipc   t3, 0x2
0 0x0000000080000134 (0x00002e17) x28 0x0000000080002134
core   0: 0x0000000080000138 (0xecce0e13) addi    t3, t3, -308
0 0x0000000080000138 (0xecce0e13) x28 0x0000000080002000
core   0: 0x000000008000013c (0x01ee2823) sw      t5, 16(t3)
0 0x000000008000013c (0x01ee2823)
core   0: 0x0000000080000140 (0x51df1463) bne     t5, t4, pc + 1288
0 0x0000000080000140 (0x51df1463)
core   0: 0x0000000080000144 (0x0000409d) c.li    ra, 7
0 0x0000000080000144 (0x0000409d) x 1 0x0000000000000007
core   0: 0x0000000080000146 (0x0000410d) c.li    sp, 3
0 0x0000000080000146 (0x0000410d) x 2 0x0000000000000003
core   0: 0x0000000080000148 (0x0020bf33) sltu    t5, ra, sp
0 0x0000000080000148 (0x0020bf33) x30 0x0000000000000000
core   0: 0x000000008000014c (0x00004e81) c.li    t4, 0
0 0x000000008000014c (0x00004e81) x29 0x0000000000000000
core   0: 0x000000008000014e (0x00004195) c.li    gp, 5
0 0x000000008000014e (0x00004195) x 3 0x0000000000000005
core   0: 0x0000000080000150 (0x00002e17) auipc   t3, 0x2
0 0x0000000080000150 (0x00002e17) x28 0x0000000080002150
core   0: 0x0000000080000154 (0xeb0e0e13) addi    t3, t3, -336
0 0x0000000080000154 (0xeb0e0e13) x28 0x0000000080002000
core   0: 0x0000000080000158 (0x01ee2a23) sw      t5, 20(t3)
0 0x0000000080000158 (0x01ee2a23)
core   0: 0x000000008000015c (0x4fdf1663) bne     t5, t4, pc + 1260
0 0x000000008000015c (0x4fdf1663)
core   0: 0x0000000080000160 (0x00004081) c.li    ra, 0
0 0x0000000080000160 (0x00004081) x 1 0x0000000000000000
core   0: 0x0000000080000162 (0x00020137) lui     sp, 0x20
0 0x0000000080000162 (0x00020137) x 2 0x0000000000020000
core   0: 0x0000000080000166 (0xfff1011b) addiw   sp, sp, -1
0 0x0000000080000166 (0xfff1011b) x 2 0x000000000001ffff
core   0: 0x000000008000016a (0x00f11113) slli    sp, sp, 15
0 0x000000008000016a (0x00f11113) x 2 0x00000000ffff8000
core   0: 0x000000008000016e (0x0020bf33) sltu    t5, ra, sp
0 0x000000008000016e (0x0020bf33) x30 0x0000000000000001
core   0: 0x0000000080000172 (0x00004e85) c.li    t4, 1
0 0x0000000080000172 (0x00004e85) x29 0x0000000000000001
core   0: 0x0000000080000174 (0x00004199) c.li    gp, 6
0 0x0000000080000174 (0x00004199) x 3 0x0000000000000006
core   0: 0x0000000080000176 (0x00002e17) auipc   t3, 0x2
0 0x0000000080000176 (0x00002e17) x28 0x0000000080002176
core   0: 0x000000008000017a (0xe8ae0e13) addi    t3, t3, -374
0 0x000000008000017a (0xe8ae0e13) x28 0x0000000080002000
core   0: 0x000000008000017e (0x01ee2c23) sw      t5, 24(t3)
0 0x000000008000017e (0x01ee2c23)
core   0: 0x0000000080000182 (0x4ddf1363) bne     t5, t4, pc + 1222
0 0x0000000080000182 (0x4ddf1363)
core   0: 0x0000000080000186 (0x0010009b) addiw   ra, zero, 1
0 0x0000000080000186 (0x0010009b) x 1 0x0000000000000001
core   0: 0x000000008000018a (0x01f09093) slli    ra, ra, 31
0 0x000000008000018a (0x01f09093) x 1 0x0000000080000000
core   0: 0x000000008000018e (0x00004101) c.li    sp, 0
0 0x000000008000018e (0x00004101) x 2 0x0000000000000000
core   0: 0x0000000080000190 (0x0020bf33) sltu    t5, ra, sp
0 0x0000000080000190 (0x0020bf33) x30 0x0000000000000000
core   0: 0x0000000080000194 (0x00004e81) c.li    t4, 0
0 0x0000000080000194 (0x00004e81) x29 0x0000000000000000
core   0: 0x0000000080000196 (0x0000419d) c.li    gp, 7
0 0x0000000080000196 (0x0000419d) x 3 0x0000000000000007
core   0: 0x0000000080000198 (0x00002e17) auipc   t3, 0x2
0 0x0000000080000198 (0x00002e17) x28 0x0000000080002198
core   0: 0x000000008000019c (0xe68e0e13) addi    t3, t3, -408
0 0x000000008000019c (0xe68e0e13) x28 0x0000000080002000
core   0: 0x00000000800001a0 (0x01ee2e23) sw      t5, 28(t3)
0 0x00000000800001a0 (0x01ee2e23)
core   0: 0x00000000800001a4 (0x4bdf1263) bne     t5, t4, pc + 1188
0 0x00000000800001a4 (0x4bdf1263)
core   0: 0x00000000800001a8 (0x0010009b) addiw   ra, zero, 1
0 0x00000000800001a8 (0x0010009b) x 1 0x0000000000000001
core   0: 0x00000000800001ac (0x01f09093) slli    ra, ra, 31
0 0x00000000800001ac (0x01f09093) x 1 0x0000000080000000
core   0: 0x00000000800001b0 (0x00020137) lui     sp, 0x20
0 0x00000000800001b0 (0x00020137) x 2 0x0000000000020000
core   0: 0x00000000800001b4 (0xfff1011b) addiw   sp, sp, -1
0 0x00000000800001b4 (0xfff1011b) x 2 0x000000000001ffff
core   0: 0x00000000800001b8 (0x00f11113) slli    sp, sp, 15
0 0x00000000800001b8 (0x00f11113) x 2 0x00000000ffff8000
core   0: 0x00000000800001bc (0x0020bf33) sltu    t5, ra, sp
0 0x00000000800001bc (0x0020bf33) x30 0x0000000000000001
core   0: 0x00000000800001c0 (0x00004e85) c.li    t4, 1
0 0x00000000800001c0 (0x00004e85) x29 0x0000000000000001
core   0: 0x00000000800001c2 (0x000041a1) c.li    gp, 8
0 0x00000000800001c2 (0x000041a1) x 3 0x0000000000000008
core   0: 0x00000000800001c4 (0x00002e17) auipc   t3, 0x2
0 0x00000000800001c4 (0x00002e17) x28 0x00000000800021c4
core   0: 0x00000000800001c8 (0xe3ce0e13) addi    t3, t3, -452
0 0x00000000800001c8 (0xe3ce0e13) x28 0x0000000080002000
core   0: 0x00000000800001cc (0x03ee2023) sw      t5, 32(t3)
0 0x00000000800001cc (0x03ee2023)
core   0: 0x00000000800001d0 (0x47df1c63) bne     t5, t4, pc + 1144
0 0x00000000800001d0 (0x47df1c63)
core   0: 0x00000000800001d4 (0x00004081) c.li    ra, 0
0 0x00000000800001d4 (0x00004081) x 1 0x0000000000000000
core   0: 0x00000000800001d6 (0x00008137) lui     sp, 0x8
0 0x00000000800001d6 (0x00008137) x 2 0x0000000000008000
core   0: 0x00000000800001da (0xfff1011b) addiw   sp, sp, -1
0 0x00000000800001da (0xfff1011b) x 2 0x0000000000007fff
core   0: 0x00000000800001de (0x0020bf33) sltu    t5, ra, sp
0 0x00000000800001de (0x0020bf33) x30 0x0000000000000001
core   0: 0x00000000800001e2 (0x00004e85) c.li    t4, 1
0 0x00000000800001e2 (0x00004e85) x29 0x0000000000000001
core   0: 0x00000000800001e4 (0x000041a5) c.li    gp, 9
0 0x00000000800001e4 (0x000041a5) x 3 0x0000000000000009
core   0: 0x00000000800001e6 (0x00002e17) auipc   t3, 0x2
0 0x00000000800001e6 (0x00002e17) x28 0x00000000800021e6
core   0: 0x00000000800001ea (0xe1ae0e13) addi    t3, t3, -486
0 0x00000000800001ea (0xe1ae0e13) x28 0x0000000080002000
core   0: 0x00000000800001ee (0x03ee2223) sw      t5, 36(t3)
0 0x00000000800001ee (0x03ee2223)
core   0: 0x00000000800001f2 (0x45df1b63) bne     t5, t4, pc + 1110
0 0x00000000800001f2 (0x45df1b63)
core   0: 0x00000000800001f6 (0x800000b7) lui     ra, 0x80000
0 0x00000000800001f6 (0x800000b7) x 1 0xffffffff80000000
core   0: 0x00000000800001fa (0xfff0809b) addiw   ra, ra, -1
0 0x00000000800001fa (0xfff0809b) x 1 0x000000007fffffff
core   0: 0x00000000800001fe (0x00004101) c.li    sp, 0
0 0x00000000800001fe (0x00004101) x 2 0x0000000000000000
core   0: 0x0000000080000200 (0x0020bf33) sltu    t5, ra, sp
0 0x0000000080000200 (0x0020bf33) x30 0x0000000000000000
core   0: 0x0000000080000204 (0x00004e81) c.li    t4, 0
0 0x0000000080000204 (0x00004e81) x29 0x0000000000000000
core   0: 0x0000000080000206 (0x000041a9) c.li    gp, 10
0 0x0000000080000206 (0x000041a9) x 3 0x000000000000000a
core   0: 0x0000000080000208 (0x00002e17) auipc   t3, 0x2
0 0x0000000080000208 (0x00002e17) x28 0x0000000080002208
core   0: 0x000000008000020c (0xdf8e0e13) addi    t3, t3, -520
0 0x000000008000020c (0xdf8e0e13) x28 0x0000000080002000
core   0: 0x0000000080000210 (0x03ee2423) sw      t5, 40(t3)
0 0x0000000080000210 (0x03ee2423)
core   0: 0x0000000080000214 (0x43df1a63) bne     t5, t4, pc + 1076
0 0x0000000080000214 (0x43df1a63)
core   0: 0x0000000080000218 (0x800000b7) lui     ra, 0x80000
0 0x0000000080000218 (0x800000b7) x 1 0xffffffff80000000
core   0: 0x000000008000021c (0xfff0809b) addiw   ra, ra, -1
0 0x000000008000021c (0xfff0809b) x 1 0x000000007fffffff
core   0: 0x0000000080000220 (0x00008137) lui     sp, 0x8
0 0x0000000080000220 (0x00008137) x 2 0x0000000000008000
core   0: 0x0000000080000224 (0xfff1011b) addiw   sp, sp, -1
0 0x0000000080000224 (0xfff1011b) x 2 0x0000000000007fff
core   0: 0x0000000080000228 (0x0020bf33) sltu    t5, ra, sp
0 0x0000000080000228 (0x0020bf33) x30 0x0000000000000000
core   0: 0x000000008000022c (0x00004e81) c.li    t4, 0
0 0x000000008000022c (0x00004e81) x29 0x0000000000000000
core   0: 0x000000008000022e (0x000041ad) c.li    gp, 11
0 0x000000008000022e (0x000041ad) x 3 0x000000000000000b
core   0: 0x0000000080000230 (0x00002e17) auipc   t3, 0x2
0 0x0000000080000230 (0x00002e17) x28 0x0000000080002230
core   0: 0x0000000080000234 (0xdd0e0e13) addi    t3, t3, -560
0 0x0000000080000234 (0xdd0e0e13) x28 0x0000000080002000
core   0: 0x0000000080000238 (0x03ee2623) sw      t5, 44(t3)
0 0x0000000080000238 (0x03ee2623)
core   0: 0x000000008000023c (0x41df1663) bne     t5, t4, pc + 1036
0 0x000000008000023c (0x41df1663)
core   0: 0x0000000080000240 (0x0010009b) addiw   ra, zero, 1
0 0x0000000080000240 (0x0010009b) x 1 0x0000000000000001
core   0: 0x0000000080000244 (0x01f09093) slli    ra, ra, 31
0 0x0000000080000244 (0x01f09093) x 1 0x0000000080000000
core   0: 0x0000000080000248 (0x00008137) lui     sp, 0x8
0 0x0000000080000248 (0x00008137) x 2 0x0000000000008000
core   0: 0x000000008000024c (0xfff1011b) addiw   sp, sp, -1
0 0x000000008000024c (0xfff1011b) x 2 0x0000000000007fff
core   0: 0x0000000080000250 (0x0020bf33) sltu    t5, ra, sp
0 0x0000000080000250 (0x0020bf33) x30 0x0000000000000000
core   0: 0x0000000080000254 (0x00004e81) c.li    t4, 0
0 0x0000000080000254 (0x00004e81) x29 0x0000000000000000
core   0: 0x0000000080000256 (0x000041b1) c.li    gp, 12
0 0x0000000080000256 (0x000041b1) x 3 0x000000000000000c
core   0: 0x0000000080000258 (0x00002e17) auipc   t3, 0x2
0 0x0000000080000258 (0x00002e17) x28 0x0000000080002258
core   0: 0x000000008000025c (0xda8e0e13) addi    t3, t3, -600
0 0x000000008000025c (0xda8e0e13) x28 0x0000000080002000
core   0: 0x0000000080000260 (0x03ee2823) sw      t5, 48(t3)
0 0x0000000080000260 (0x03ee2823)
core   0: 0x0000000080000264 (0x3fdf1263) bne     t5, t4, pc + 996
0 0x0000000080000264 (0x3fdf1263)
core   0: 0x0000000080000268 (0x800000b7) lui     ra, 0x80000
0 0x0000000080000268 (0x800000b7) x 1 0xffffffff80000000
core   0: 0x000000008000026c (0xfff0809b) addiw   ra, ra, -1
0 0x000000008000026c (0xfff0809b) x 1 0x000000007fffffff
core   0: 0x0000000080000270 (0x00020137) lui     sp, 0x20
0 0x0000000080000270 (0x00020137) x 2 0x0000000000020000
core   0: 0x0000000080000274 (0xfff1011b) addiw   sp, sp, -1
0 0x0000000080000274 (0xfff1011b) x 2 0x000000000001ffff
core   0: 0x0000000080000278 (0x00f11113) slli    sp, sp, 15
0 0x0000000080000278 (0x00f11113) x 2 0x00000000ffff8000
core   0: 0x000000008000027c (0x0020bf33) sltu    t5, ra, sp
0 0x000000008000027c (0x0020bf33) x30 0x0000000000000001
core   0: 0x0000000080000280 (0x00004e85) c.li    t4, 1
0 0x0000000080000280 (0x00004e85) x29 0x0000000000000001
core   0: 0x0000000080000282 (0x000041b5) c.li    gp, 13
0 0x0000000080000282 (0x000041b5) x 3 0x000000000000000d
core   0: 0x0000000080000284 (0x00002e17) auipc   t3, 0x2
0 0x0000000080000284 (0x00002e17) x28 0x0000000080002284
core   0: 0x0000000080000288 (0xd7ce0e13) addi    t3, t3, -644
0 0x0000000080000288 (0xd7ce0e13) x28 0x0000000080002000
core   0: 0x000000008000028c (0x03ee2a23) sw      t5, 52(t3)
0 0x000000008000028c (0x03ee2a23)
core   0: 0x0000000080000290 (0x3bdf1c63) bne     t5, t4, pc + 952
0 0x0000000080000290 (0x3bdf1c63)
core   0: 0x0000000080000294 (0x00004081) c.li    ra, 0
0 0x0000000080000294 (0x00004081) x 1 0x0000000000000000
core   0: 0x0000000080000296 (0x0010011b) addiw   sp, zero, 1
0 0x0000000080000296 (0x0010011b) x 2 0x0000000000000001
core   0: 0x000000008000029a (0x02011113) slli    sp, sp, 32
0 0x000000008000029a (0x02011113) x 2 0x0000000100000000
core   0: 0x000000008000029e (0xfff10113) addi    sp, sp, -1
0 0x000000008000029e (0xfff10113) x 2 0x00000000ffffffff
core   0: 0x00000000800002a2 (0x0020bf33) sltu    t5, ra, sp
0 0x00000000800002a2 (0x0020bf33) x30 0x0000000000000001
core   0: 0x00000000800002a6 (0x00004e85) c.li    t4, 1
0 0x00000000800002a6 (0x00004e85) x29 0x0000000000000001
core   0: 0x00000000800002a8 (0x000041b9) c.li    gp, 14
0 0x00000000800002a8 (0x000041b9) x 3 0x000000000000000e
core   0: 0x00000000800002aa (0x00002e17) auipc   t3, 0x2
0 0x00000000800002aa (0x00002e17) x28 0x00000000800022aa
core   0: 0x00000000800002ae (0xd56e0e13) addi    t3, t3, -682
0 0x00000000800002ae (0xd56e0e13) x28 0x0000000080002000
core   0: 0x00000000800002b2 (0x03ee2c23) sw      t5, 56(t3)
0 0x00000000800002b2 (0x03ee2c23)
core   0: 0x00000000800002b6 (0x39df1963) bne     t5, t4, pc + 914
0 0x00000000800002b6 (0x39df1963)
core   0: 0x00000000800002ba (0x0010009b) addiw   ra, zero, 1
0 0x00000000800002ba (0x0010009b) x 1 0x0000000000000001
core   0: 0x00000000800002be (0x02009093) slli    ra, ra, 32
0 0x00000000800002be (0x02009093) x 1 0x0000000100000000
core   0: 0x00000000800002c2 (0xfff08093) addi    ra, ra, -1
0 0x00000000800002c2 (0xfff08093) x 1 0x00000000ffffffff
core   0: 0x00000000800002c6 (0x00004105) c.li    sp, 1
0 0x00000000800002c6 (0x00004105) x 2 0x0000000000000001
core   0: 0x00000000800002c8 (0x0020bf33) sltu    t5, ra, sp
0 0x00000000800002c8 (0x0020bf33) x30 0x0000000000000000
core   0: 0x00000000800002cc (0x00004e81) c.li    t4, 0
0 0x00000000800002cc (0x00004e81) x29 0x0000000000000000
core   0: 0x00000000800002ce (0x000041bd) c.li    gp, 15
0 0x00000000800002ce (0x000041bd) x 3 0x000000000000000f
core   0: 0x00000000800002d0 (0x00002e17) auipc   t3, 0x2
0 0x00000000800002d0 (0x00002e17) x28 0x00000000800022d0
core   0: 0x00000000800002d4 (0xd30e0e13) addi    t3, t3, -720
0 0x00000000800002d4 (0xd30e0e13) x28 0x0000000080002000
core   0: 0x00000000800002d8 (0x03ee2e23) sw      t5, 60(t3)
0 0x00000000800002d8 (0x03ee2e23)
core   0: 0x00000000800002dc (0x37df1663) bne     t5, t4, pc + 876
0 0x00000000800002dc (0x37df1663)
core   0: 0x00000000800002e0 (0x0010009b) addiw   ra, zero, 1
0 0x00000000800002e0 (0x0010009b) x 1 0x0000000000000001
core   0: 0x00000000800002e4 (0x02009093) slli    ra, ra, 32
0 0x00000000800002e4 (0x02009093) x 1 0x0000000100000000
core   0: 0x00000000800002e8 (0xfff08093) addi    ra, ra, -1
0 0x00000000800002e8 (0xfff08093) x 1 0x00000000ffffffff
core   0: 0x00000000800002ec (0x0010011b) addiw   sp, zero, 1
0 0x00000000800002ec (0x0010011b) x 2 0x0000000000000001
core   0: 0x00000000800002f0 (0x02011113) slli    sp, sp, 32
0 0x00000000800002f0 (0x02011113) x 2 0x0000000100000000
core   0: 0x00000000800002f4 (0xfff10113) addi    sp, sp, -1
0 0x00000000800002f4 (0xfff10113) x 2 0x00000000ffffffff
core   0: 0x00000000800002f8 (0x0020bf33) sltu    t5, ra, sp
0 0x00000000800002f8 (0x0020bf33) x30 0x0000000000000000
core   0: 0x00000000800002fc (0x00004e81) c.li    t4, 0
0 0x00000000800002fc (0x00004e81) x29 0x0000000000000000
core   0: 0x00000000800002fe (0x000041c1) c.li    gp, 16
0 0x00000000800002fe (0x000041c1) x 3 0x0000000000000010
core   0: 0x0000000080000300 (0x00002e17) auipc   t3, 0x2
0 0x0000000080000300 (0x00002e17) x28 0x0000000080002300
core   0: 0x0000000080000304 (0xd00e0e13) addi    t3, t3, -768
0 0x0000000080000304 (0xd00e0e13) x28 0x0000000080002000
core   0: 0x0000000080000308 (0x05ee2023) sw      t5, 64(t3)
0 0x0000000080000308 (0x05ee2023)
core   0: 0x000000008000030c (0x33df1e63) bne     t5, t4, pc + 828
0 0x000000008000030c (0x33df1e63)
core   0: 0x0000000080000310 (0x000040b9) c.li    ra, 14
0 0x0000000080000310 (0x000040b9) x 1 0x000000000000000e
core   0: 0x0000000080000312 (0x00004135) c.li    sp, 13
0 0x0000000080000312 (0x00004135) x 2 0x000000000000000d
core   0: 0x0000000080000314 (0x0020b0b3) sltu    ra, ra, sp
0 0x0000000080000314 (0x0020b0b3) x 1 0x0000000000000000
core   0: 0x0000000080000318 (0x00004e81) c.li    t4, 0
0 0x0000000080000318 (0x00004e81) x29 0x0000000000000000
core   0: 0x000000008000031a (0x000041c5) c.li    gp, 17
0 0x000000008000031a (0x000041c5) x 3 0x0000000000000011
core   0: 0x000000008000031c (0x00002e17) auipc   t3, 0x2
0 0x000000008000031c (0x00002e17) x28 0x000000008000231c
core   0: 0x0000000080000320 (0xce4e0e13) addi    t3, t3, -796
0 0x0000000080000320 (0xce4e0e13) x28 0x0000000080002000
core   0: 0x0000000080000324 (0x041e2223) sw      ra, 68(t3)
0 0x0000000080000324 (0x041e2223)
core   0: 0x0000000080000328 (0x33d09063) bne     ra, t4, pc + 800
0 0x0000000080000328 (0x33d09063)
core   0: 0x000000008000032c (0x000040ad) c.li    ra, 11
0 0x000000008000032c (0x000040ad) x 1 0x000000000000000b
core   0: 0x000000008000032e (0x00004135) c.li    sp, 13
0 0x000000008000032e (0x00004135) x 2 0x000000000000000d
core   0: 0x0000000080000330 (0x0020b133) sltu    sp, ra, sp
0 0x0000000080000330 (0x0020b133) x 2 0x0000000000000001
core   0: 0x0000000080000334 (0x00004e85) c.li    t4, 1
0 0x0000000080000334 (0x00004e85) x29 0x0000000000000001
core   0: 0x0000000080000336 (0x000041c9) c.li    gp, 18
0 0x0000000080000336 (0x000041c9) x 3 0x0000000000000012
core   0: 0x0000000080000338 (0x00002e17) auipc   t3, 0x2
0 0x0000000080000338 (0x00002e17) x28 0x0000000080002338
core   0: 0x000000008000033c (0xcc8e0e13) addi    t3, t3, -824
0 0x000000008000033c (0xcc8e0e13) x28 0x0000000080002000
core   0: 0x0000000080000340 (0x042e2423) sw      sp, 72(t3)
0 0x0000000080000340 (0x042e2423)
core   0: 0x0000000080000344 (0x31d11263) bne     sp, t4, pc + 772
0 0x0000000080000344 (0x31d11263)
core   0: 0x0000000080000348 (0x000040b5) c.li    ra, 13
0 0x0000000080000348 (0x000040b5) x 1 0x000000000000000d
core   0: 0x000000008000034a (0x0010b0b3) sltu    ra, ra, ra
0 0x000000008000034a (0x0010b0b3) x 1 0x0000000000000000
core   0: 0x000000008000034e (0x00004e81) c.li    t4, 0
0 0x000000008000034e (0x00004e81) x29 0x0000000000000000
core   0: 0x0000000080000350 (0x000041cd) c.li    gp, 19
0 0x0000000080000350 (0x000041cd) x 3 0x0000000000000013
core   0: 0x0000000080000352 (0x00002e17) auipc   t3, 0x2
0 0x0000000080000352 (0x00002e17) x28 0x0000000080002352
core   0: 0x0000000080000356 (0xcaee0e13) addi    t3, t3, -850
0 0x0000000080000356 (0xcaee0e13) x28 0x0000000080002000
core   0: 0x000000008000035a (0x041e2623) sw      ra, 76(t3)
0 0x000000008000035a (0x041e2623)
core   0: 0x000000008000035e (0x2fd09563) bne     ra, t4, pc + 746
0 0x000000008000035e (0x2fd09563)
core   0: 0x0000000080000362 (0x00004201) c.li    tp, 0
0 0x0000000080000362 (0x00004201) x 4 0x0000000000000000
core   0: 0x0000000080000364 (0x000040ad) c.li    ra, 11
0 0x0000000080000364 (0x000040ad) x 1 0x000000000000000b
core   0: 0x0000000080000366 (0x00004135) c.li    sp, 13
0 0x0000000080000366 (0x00004135) x 2 0x000000000000000d
core   0: 0x0000000080000368 (0x0020bf33) sltu    t5, ra, sp
0 0x0000000080000368 (0x0020bf33) x30 0x0000000000000001
core   0: 0x000000008000036c (0x000f0313) mv      t1, t5
0 0x000000008000036c (0x000f0313) x 6 0x0000000000000001
core   0: 0x0000000080000370 (0x00000205) c.addi  tp, 1
0 0x0000000080000370 (0x00000205) x 4 0x0000000000000001
core   0: 0x0000000080000372 (0x00004289) c.li    t0, 2
0 0x0000000080000372 (0x00004289) x 5 0x0000000000000002
core   0: 0x0000000080000374 (0xfe5218e3) bne     tp, t0, pc - 16
0 0x0000000080000374 (0xfe5218e3)
core   0: 0x0000000080000364 (0x000040ad) c.li    ra, 11
0 0x0000000080000364 (0x000040ad) x 1 0x000000000000000b
core   0: 0x0000000080000366 (0x00004135) c.li    sp, 13
0 0x0000000080000366 (0x00004135) x 2 0x000000000000000d
core   0: 0x0000000080000368 (0x0020bf33) sltu    t5, ra, sp
0 0x0000000080000368 (0x0020bf33) x30 0x0000000000000001
core   0: 0x000000008000036c (0x000f0313) mv      t1, t5
0 0x000000008000036c (0x000f0313) x 6 0x0000000000000001
core   0: 0x0000000080000370 (0x00000205) c.addi  tp, 1
0 0x0000000080000370 (0x00000205) x 4 0x0000000000000002
core   0: 0x0000000080000372 (0x00004289) c.li    t0, 2
0 0x0000000080000372 (0x00004289) x 5 0x0000000000000002
core   0: 0x0000000080000374 (0xfe5218e3) bne     tp, t0, pc - 16
0 0x0000000080000374 (0xfe5218e3)
core   0: 0x0000000080000378 (0x00004e85) c.li    t4, 1
0 0x0000000080000378 (0x00004e85) x29 0x0000000000000001
core   0: 0x000000008000037a (0x000041d1) c.li    gp, 20
0 0x000000008000037a (0x000041d1) x 3 0x0000000000000014
core   0: 0x000000008000037c (0x00002e17) auipc   t3, 0x2
0 0x000000008000037c (0x00002e17) x28 0x000000008000237c
core   0: 0x0000000080000380 (0xc84e0e13) addi    t3, t3, -892
0 0x0000000080000380 (0xc84e0e13) x28 0x0000000080002000
core   0: 0x0000000080000384 (0x046e2823) sw      t1, 80(t3)
0 0x0000000080000384 (0x046e2823)
core   0: 0x0000000080000388 (0x2dd31063) bne     t1, t4, pc + 704
0 0x0000000080000388 (0x2dd31063)
core   0: 0x000000008000038c (0x00004201) c.li    tp, 0
0 0x000000008000038c (0x00004201) x 4 0x0000000000000000
core   0: 0x000000008000038e (0x000040b9) c.li    ra, 14
0 0x000000008000038e (0x000040b9) x 1 0x000000000000000e
core   0: 0x0000000080000390 (0x00004135) c.li    sp, 13
0 0x0000000080000390 (0x00004135) x 2 0x000000000000000d
core   0: 0x0000000080000392 (0x0020bf33) sltu    t5, ra, sp
0 0x0000000080000392 (0x0020bf33) x30 0x0000000000000000
core   0: 0x0000000080000396 (0x00000001) c.nop
0 0x0000000080000396 (0x00000001)
core   0: 0x0000000080000398 (0x000f0313) mv      t1, t5
0 0x0000000080000398 (0x000f0313) x 6 0x0000000000000000
core   0: 0x000000008000039c (0x00000205) c.addi  tp, 1
0 0x000000008000039c (0x00000205) x 4 0x0000000000000001
core   0: 0x000000008000039e (0x00004289) c.li    t0, 2
0 0x000000008000039e (0x00004289) x 5 0x0000000000000002
core   0: 0x00000000800003a0 (0xfe5217e3) bne     tp, t0, pc - 18
0 0x00000000800003a0 (0xfe5217e3)
core   0: 0x000000008000038e (0x000040b9) c.li    ra, 14
0 0x000000008000038e (0x000040b9) x 1 0x000000000000000e
core   0: 0x0000000080000390 (0x00004135) c.li    sp, 13
0 0x0000000080000390 (0x00004135) x 2 0x000000000000000d
core   0: 0x0000000080000392 (0x0020bf33) sltu    t5, ra, sp
0 0x0000000080000392 (0x0020bf33) x30 0x0000000000000000
core   0: 0x0000000080000396 (0x00000001) c.nop
0 0x0000000080000396 (0x00000001)
core   0: 0x0000000080000398 (0x000f0313) mv      t1, t5
0 0x0000000080000398 (0x000f0313) x 6 0x0000000000000000
core   0: 0x000000008000039c (0x00000205) c.addi  tp, 1
0 0x000000008000039c (0x00000205) x 4 0x0000000000000002
core   0: 0x000000008000039e (0x00004289) c.li    t0, 2
0 0x000000008000039e (0x00004289) x 5 0x0000000000000002
core   0: 0x00000000800003a0 (0xfe5217e3) bne     tp, t0, pc - 18
0 0x00000000800003a0 (0xfe5217e3)
core   0: 0x00000000800003a4 (0x00004e81) c.li    t4, 0
0 0x00000000800003a4 (0x00004e81) x29 0x0000000000000000
core   0: 0x00000000800003a6 (0x000041d5) c.li    gp, 21
0 0x00000000800003a6 (0x000041d5) x 3 0x0000000000000015
core   0: 0x00000000800003a8 (0x00002e17) auipc   t3, 0x2
0 0x00000000800003a8 (0x00002e17) x28 0x00000000800023a8
core   0: 0x00000000800003ac (0xc58e0e13) addi    t3, t3, -936
0 0x00000000800003ac (0xc58e0e13) x28 0x0000000080002000
core   0: 0x00000000800003b0 (0x046e2a23) sw      t1, 84(t3)
0 0x00000000800003b0 (0x046e2a23)
core   0: 0x00000000800003b4 (0x29d31a63) bne     t1, t4, pc + 660
0 0x00000000800003b4 (0x29d31a63)
core   0: 0x00000000800003b8 (0x00004201) c.li    tp, 0
0 0x00000000800003b8 (0x00004201) x 4 0x0000000000000000
core   0: 0x00000000800003ba (0x000040b1) c.li    ra, 12
0 0x00000000800003ba (0x000040b1) x 1 0x000000000000000c
core   0: 0x00000000800003bc (0x00004135) c.li    sp, 13
0 0x00000000800003bc (0x00004135) x 2 0x000000000000000d
core   0: 0x00000000800003be (0x0020bf33) sltu    t5, ra, sp
0 0x00000000800003be (0x0020bf33) x30 0x0000000000000001
core   0: 0x00000000800003c2 (0x00000001) c.nop
0 0x00000000800003c2 (0x00000001)
core   0: 0x00000000800003c4 (0x00000001) c.nop
0 0x00000000800003c4 (0x00000001)
core   0: 0x00000000800003c6 (0x000f0313) mv      t1, t5
0 0x00000000800003c6 (0x000f0313) x 6 0x0000000000000001
core   0: 0x00000000800003ca (0x00000205) c.addi  tp, 1
0 0x00000000800003ca (0x00000205) x 4 0x0000000000000001
core   0: 0x00000000800003cc (0x00004289) c.li    t0, 2
0 0x00000000800003cc (0x00004289) x 5 0x0000000000000002
core   0: 0x00000000800003ce (0xfe5216e3) bne     tp, t0, pc - 20
0 0x00000000800003ce (0xfe5216e3)
core   0: 0x00000000800003ba (0x000040b1) c.li    ra, 12
0 0x00000000800003ba (0x000040b1) x 1 0x000000000000000c
core   0: 0x00000000800003bc (0x00004135) c.li    sp, 13
0 0x00000000800003bc (0x00004135) x 2 0x000000000000000d
core   0: 0x00000000800003be (0x0020bf33) sltu    t5, ra, sp
0 0x00000000800003be (0x0020bf33) x30 0x0000000000000001
core   0: 0x00000000800003c2 (0x00000001) c.nop
0 0x00000000800003c2 (0x00000001)
core   0: 0x00000000800003c4 (0x00000001) c.nop
0 0x00000000800003c4 (0x00000001)
core   0: 0x00000000800003c6 (0x000f0313) mv      t1, t5
0 0x00000000800003c6 (0x000f0313) x 6 0x0000000000000001
core   0: 0x00000000800003ca (0x00000205) c.addi  tp, 1
0 0x00000000800003ca (0x00000205) x 4 0x0000000000000002
core   0: 0x00000000800003cc (0x00004289) c.li    t0, 2
0 0x00000000800003cc (0x00004289) x 5 0x0000000000000002
core   0: 0x00000000800003ce (0xfe5216e3) bne     tp, t0, pc - 20
0 0x00000000800003ce (0xfe5216e3)
core   0: 0x00000000800003d2 (0x00004e85) c.li    t4, 1
0 0x00000000800003d2 (0x00004e85) x29 0x0000000000000001
core   0: 0x00000000800003d4 (0x000041d9) c.li    gp, 22
0 0x00000000800003d4 (0x000041d9) x 3 0x0000000000000016
core   0: 0x00000000800003d6 (0x00002e17) auipc   t3, 0x2
0 0x00000000800003d6 (0x00002e17) x28 0x00000000800023d6
core   0: 0x00000000800003da (0xc2ae0e13) addi    t3, t3, -982
0 0x00000000800003da (0xc2ae0e13) x28 0x0000000080002000
core   0: 0x00000000800003de (0x046e2c23) sw      t1, 88(t3)
0 0x00000000800003de (0x046e2c23)
core   0: 0x00000000800003e2 (0x27d31363) bne     t1, t4, pc + 614
0 0x00000000800003e2 (0x27d31363)
core   0: 0x00000000800003e6 (0x00004201) c.li    tp, 0
0 0x00000000800003e6 (0x00004201) x 4 0x0000000000000000
core   0: 0x00000000800003e8 (0x000040b9) c.li    ra, 14
0 0x00000000800003e8 (0x000040b9) x 1 0x000000000000000e
core   0: 0x00000000800003ea (0x00004135) c.li    sp, 13
0 0x00000000800003ea (0x00004135) x 2 0x000000000000000d
core   0: 0x00000000800003ec (0x0020bf33) sltu    t5, ra, sp
0 0x00000000800003ec (0x0020bf33) x30 0x0000000000000000
core   0: 0x00000000800003f0 (0x00000205) c.addi  tp, 1
0 0x00000000800003f0 (0x00000205) x 4 0x0000000000000001
core   0: 0x00000000800003f2 (0x00004289) c.li    t0, 2
0 0x00000000800003f2 (0x00004289) x 5 0x0000000000000002
core   0: 0x00000000800003f4 (0xfe521ae3) bne     tp, t0, pc - 12
0 0x00000000800003f4 (0xfe521ae3)
core   0: 0x00000000800003e8 (0x000040b9) c.li    ra, 14
0 0x00000000800003e8 (0x000040b9) x 1 0x000000000000000e
core   0: 0x00000000800003ea (0x00004135) c.li    sp, 13
0 0x00000000800003ea (0x00004135) x 2 0x000000000000000d
core   0: 0x00000000800003ec (0x0020bf33) sltu    t5, ra, sp
0 0x00000000800003ec (0x0020bf33) x30 0x0000000000000000
core   0: 0x00000000800003f0 (0x00000205) c.addi  tp, 1
0 0x00000000800003f0 (0x00000205) x 4 0x0000000000000002
core   0: 0x00000000800003f2 (0x00004289) c.li    t0, 2
0 0x00000000800003f2 (0x00004289) x 5 0x0000000000000002
core   0: 0x00000000800003f4 (0xfe521ae3) bne     tp, t0, pc - 12
0 0x00000000800003f4 (0xfe521ae3)
core   0: 0x00000000800003f8 (0x00004e81) c.li    t4, 0
0 0x00000000800003f8 (0x00004e81) x29 0x0000000000000000
core   0: 0x00000000800003fa (0x000041dd) c.li    gp, 23
0 0x00000000800003fa (0x000041dd) x 3 0x0000000000000017
core   0: 0x00000000800003fc (0x00002e17) auipc   t3, 0x2
0 0x00000000800003fc (0x00002e17) x28 0x00000000800023fc
core   0: 0x0000000080000400 (0xc04e0e13) addi    t3, t3, -1020
0 0x0000000080000400 (0xc04e0e13) x28 0x0000000080002000
core   0: 0x0000000080000404 (0x05ee2e23) sw      t5, 92(t3)
0 0x0000000080000404 (0x05ee2e23)
core   0: 0x0000000080000408 (0x25df1063) bne     t5, t4, pc + 576
0 0x0000000080000408 (0x25df1063)
core   0: 0x000000008000040c (0x00004201) c.li    tp, 0
0 0x000000008000040c (0x00004201) x 4 0x0000000000000000
core   0: 0x000000008000040e (0x000040ad) c.li    ra, 11
0 0x000000008000040e (0x000040ad) x 1 0x000000000000000b
core   0: 0x0000000080000410 (0x00004135) c.li    sp, 13
0 0x0000000080000410 (0x00004135) x 2 0x000000000000000d
core   0: 0x0000000080000412 (0x00000001) c.nop
0 0x0000000080000412 (0x00000001)
core   0: 0x0000000080000414 (0x0020bf33) sltu    t5, ra, sp
0 0x0000000080000414 (0x0020bf33) x30 0x0000000000000001
core   0: 0x0000000080000418 (0x00000205) c.addi  tp, 1
0 0x0000000080000418 (0x00000205) x 4 0x0000000000000001
core   0: 0x000000008000041a (0x00004289) c.li    t0, 2
0 0x000000008000041a (0x00004289) x 5 0x0000000000000002
core   0: 0x000000008000041c (0xfe5219e3) bne     tp, t0, pc - 14
0 0x000000008000041c (0xfe5219e3)
core   0: 0x000000008000040e (0x000040ad) c.li    ra, 11
0 0x000000008000040e (0x000040ad) x 1 0x000000000000000b
core   0: 0x0000000080000410 (0x00004135) c.li    sp, 13
0 0x0000000080000410 (0x00004135) x 2 0x000000000000000d
core   0: 0x0000000080000412 (0x00000001) c.nop
0 0x0000000080000412 (0x00000001)
core   0: 0x0000000080000414 (0x0020bf33) sltu    t5, ra, sp
0 0x0000000080000414 (0x0020bf33) x30 0x0000000000000001
core   0: 0x0000000080000418 (0x00000205) c.addi  tp, 1
0 0x0000000080000418 (0x00000205) x 4 0x0000000000000002
core   0: 0x000000008000041a (0x00004289) c.li    t0, 2
0 0x000000008000041a (0x00004289) x 5 0x0000000000000002
core   0: 0x000000008000041c (0xfe5219e3) bne     tp, t0, pc - 14
0 0x000000008000041c (0xfe5219e3)
core   0: 0x0000000080000420 (0x00004e85) c.li    t4, 1
0 0x0000000080000420 (0x00004e85) x29 0x0000000000000001
core   0: 0x0000000080000422 (0x000041e1) c.li    gp, 24
0 0x0000000080000422 (0x000041e1) x 3 0x0000000000000018
core   0: 0x0000000080000424 (0x00002e17) auipc   t3, 0x2
0 0x0000000080000424 (0x00002e17) x28 0x0000000080002424
core   0: 0x0000000080000428 (0xbdce0e13) addi    t3, t3, -1060
0 0x0000000080000428 (0xbdce0e13) x28 0x0000000080002000
core   0: 0x000000008000042c (0x07ee2023) sw      t5, 96(t3)
0 0x000000008000042c (0x07ee2023)
core   0: 0x0000000080000430 (0x21df1c63) bne     t5, t4, pc + 536
0 0x0000000080000430 (0x21df1c63)
core   0: 0x0000000080000434 (0x00004201) c.li    tp, 0
0 0x0000000080000434 (0x00004201) x 4 0x0000000000000000
core   0: 0x0000000080000436 (0x000040bd) c.li    ra, 15
0 0x0000000080000436 (0x000040bd) x 1 0x000000000000000f
core   0: 0x0000000080000438 (0x00004135) c.li    sp, 13
0 0x0000000080000438 (0x00004135) x 2 0x000000000000000d
core   0: 0x000000008000043a (0x00000001) c.nop
0 0x000000008000043a (0x00000001)
core   0: 0x000000008000043c (0x00000001) c.nop
0 0x000000008000043c (0x00000001)
core   0: 0x000000008000043e (0x0020bf33) sltu    t5, ra, sp
0 0x000000008000043e (0x0020bf33) x30 0x0000000000000000
core   0: 0x0000000080000442 (0x00000205) c.addi  tp, 1
0 0x0000000080000442 (0x00000205) x 4 0x0000000000000001
core   0: 0x0000000080000444 (0x00004289) c.li    t0, 2
0 0x0000000080000444 (0x00004289) x 5 0x0000000000000002
core   0: 0x0000000080000446 (0xfe5218e3) bne     tp, t0, pc - 16
0 0x0000000080000446 (0xfe5218e3)
core   0: 0x0000000080000436 (0x000040bd) c.li    ra, 15
0 0x0000000080000436 (0x000040bd) x 1 0x000000000000000f
core   0: 0x0000000080000438 (0x00004135) c.li    sp, 13
0 0x0000000080000438 (0x00004135) x 2 0x000000000000000d
core   0: 0x000000008000043a (0x00000001) c.nop
0 0x000000008000043a (0x00000001)
core   0: 0x000000008000043c (0x00000001) c.nop
0 0x000000008000043c (0x00000001)
core   0: 0x000000008000043e (0x0020bf33) sltu    t5, ra, sp
0 0x000000008000043e (0x0020bf33) x30 0x0000000000000000
core   0: 0x0000000080000442 (0x00000205) c.addi  tp, 1
0 0x0000000080000442 (0x00000205) x 4 0x0000000000000002
core   0: 0x0000000080000444 (0x00004289) c.li    t0, 2
0 0x0000000080000444 (0x00004289) x 5 0x0000000000000002
core   0: 0x0000000080000446 (0xfe5218e3) bne     tp, t0, pc - 16
0 0x0000000080000446 (0xfe5218e3)
core   0: 0x000000008000044a (0x00004e81) c.li    t4, 0
0 0x000000008000044a (0x00004e81) x29 0x0000000000000000
core   0: 0x000000008000044c (0x000041e5) c.li    gp, 25
0 0x000000008000044c (0x000041e5) x 3 0x0000000000000019
core   0: 0x000000008000044e (0x00002e17) auipc   t3, 0x2
0 0x000000008000044e (0x00002e17) x28 0x000000008000244e
core   0: 0x0000000080000452 (0xbb2e0e13) addi    t3, t3, -1102
0 0x0000000080000452 (0xbb2e0e13) x28 0x0000000080002000
core   0: 0x0000000080000456 (0x07ee2223) sw      t5, 100(t3)
0 0x0000000080000456 (0x07ee2223)
core   0: 0x000000008000045a (0x1fdf1763) bne     t5, t4, pc + 494
0 0x000000008000045a (0x1fdf1763)
core   0: 0x000000008000045e (0x00004201) c.li    tp, 0
0 0x000000008000045e (0x00004201) x 4 0x0000000000000000
core   0: 0x0000000080000460 (0x000040a9) c.li    ra, 10
0 0x0000000080000460 (0x000040a9) x 1 0x000000000000000a
core   0: 0x0000000080000462 (0x00000001) c.nop
0 0x0000000080000462 (0x00000001)
core   0: 0x0000000080000464 (0x00004135) c.li    sp, 13
0 0x0000000080000464 (0x00004135) x 2 0x000000000000000d
core   0: 0x0000000080000466 (0x0020bf33) sltu    t5, ra, sp
0 0x0000000080000466 (0x0020bf33) x30 0x0000000000000001
core   0: 0x000000008000046a (0x00000205) c.addi  tp, 1
0 0x000000008000046a (0x00000205) x 4 0x0000000000000001
core   0: 0x000000008000046c (0x00004289) c.li    t0, 2
0 0x000000008000046c (0x00004289) x 5 0x0000000000000002
core   0: 0x000000008000046e (0xfe5219e3) bne     tp, t0, pc - 14
0 0x000000008000046e (0xfe5219e3)
core   0: 0x0000000080000460 (0x000040a9) c.li    ra, 10
0 0x0000000080000460 (0x000040a9) x 1 0x000000000000000a
core   0: 0x0000000080000462 (0x00000001) c.nop
0 0x0000000080000462 (0x00000001)
core   0: 0x0000000080000464 (0x00004135) c.li    sp, 13
0 0x0000000080000464 (0x00004135) x 2 0x000000000000000d
core   0: 0x0000000080000466 (0x0020bf33) sltu    t5, ra, sp
0 0x0000000080000466 (0x0020bf33) x30 0x0000000000000001
core   0: 0x000000008000046a (0x00000205) c.addi  tp, 1
0 0x000000008000046a (0x00000205) x 4 0x0000000000000002
core   0: 0x000000008000046c (0x00004289) c.li    t0, 2
0 0x000000008000046c (0x00004289) x 5 0x0000000000000002
core   0: 0x000000008000046e (0xfe5219e3) bne     tp, t0, pc - 14
0 0x000000008000046e (0xfe5219e3)
core   0: 0x0000000080000472 (0x00004e85) c.li    t4, 1
0 0x0000000080000472 (0x00004e85) x29 0x0000000000000001
core   0: 0x0000000080000474 (0x000041e9) c.li    gp, 26
0 0x0000000080000474 (0x000041e9) x 3 0x000000000000001a
core   0: 0x0000000080000476 (0x00002e17) auipc   t3, 0x2
0 0x0000000080000476 (0x00002e17) x28 0x0000000080002476
core   0: 0x000000008000047a (0xb8ae0e13) addi    t3, t3, -1142
0 0x000000008000047a (0xb8ae0e13) x28 0x0000000080002000
core   0: 0x000000008000047e (0x07ee2423) sw      t5, 104(t3)
0 0x000000008000047e (0x07ee2423)
core   0: 0x0000000080000482 (0x1ddf1363) bne     t5, t4, pc + 454
0 0x0000000080000482 (0x1ddf1363)
core   0: 0x0000000080000486 (0x00004201) c.li    tp, 0
0 0x0000000080000486 (0x00004201) x 4 0x0000000000000000
core   0: 0x0000000080000488 (0x000040c1) c.li    ra, 16
0 0x0000000080000488 (0x000040c1) x 1 0x0000000000000010
core   0: 0x000000008000048a (0x00000001) c.nop
0 0x000000008000048a (0x00000001)
core   0: 0x000000008000048c (0x00004135) c.li    sp, 13
0 0x000000008000048c (0x00004135) x 2 0x000000000000000d
core   0: 0x000000008000048e (0x00000001) c.nop
0 0x000000008000048e (0x00000001)
core   0: 0x0000000080000490 (0x0020bf33) sltu    t5, ra, sp
0 0x0000000080000490 (0x0020bf33) x30 0x0000000000000000
core   0: 0x0000000080000494 (0x00000205) c.addi  tp, 1
0 0x0000000080000494 (0x00000205) x 4 0x0000000000000001
core   0: 0x0000000080000496 (0x00004289) c.li    t0, 2
0 0x0000000080000496 (0x00004289) x 5 0x0000000000000002
core   0: 0x0000000080000498 (0xfe5218e3) bne     tp, t0, pc - 16
0 0x0000000080000498 (0xfe5218e3)
core   0: 0x0000000080000488 (0x000040c1) c.li    ra, 16
0 0x0000000080000488 (0x000040c1) x 1 0x0000000000000010
core   0: 0x000000008000048a (0x00000001) c.nop
0 0x000000008000048a (0x00000001)
core   0: 0x000000008000048c (0x00004135) c.li    sp, 13
0 0x000000008000048c (0x00004135) x 2 0x000000000000000d
core   0: 0x000000008000048e (0x00000001) c.nop
0 0x000000008000048e (0x00000001)
core   0: 0x0000000080000490 (0x0020bf33) sltu    t5, ra, sp
0 0x0000000080000490 (0x0020bf33) x30 0x0000000000000000
core   0: 0x0000000080000494 (0x00000205) c.addi  tp, 1
0 0x0000000080000494 (0x00000205) x 4 0x0000000000000002
core   0: 0x0000000080000496 (0x00004289) c.li    t0, 2
0 0x0000000080000496 (0x00004289) x 5 0x0000000000000002
core   0: 0x0000000080000498 (0xfe5218e3) bne     tp, t0, pc - 16
0 0x0000000080000498 (0xfe5218e3)
core   0: 0x000000008000049c (0x00004e81) c.li    t4, 0
0 0x000000008000049c (0x00004e81) x29 0x0000000000000000
core   0: 0x000000008000049e (0x000041ed) c.li    gp, 27
0 0x000000008000049e (0x000041ed) x 3 0x000000000000001b
core   0: 0x00000000800004a0 (0x00002e17) auipc   t3, 0x2
0 0x00000000800004a0 (0x00002e17) x28 0x00000000800024a0
core   0: 0x00000000800004a4 (0xb60e0e13) addi    t3, t3, -1184
0 0x00000000800004a4 (0xb60e0e13) x28 0x0000000080002000
core   0: 0x00000000800004a8 (0x07ee2623) sw      t5, 108(t3)
0 0x00000000800004a8 (0x07ee2623)
core   0: 0x00000000800004ac (0x19df1e63) bne     t5, t4, pc + 412
0 0x00000000800004ac (0x19df1e63)
core   0: 0x00000000800004b0 (0x00004201) c.li    tp, 0
0 0x00000000800004b0 (0x00004201) x 4 0x0000000000000000
core   0: 0x00000000800004b2 (0x000040a5) c.li    ra, 9
0 0x00000000800004b2 (0x000040a5) x 1 0x0000000000000009
core   0: 0x00000000800004b4 (0x00000001) c.nop
0 0x00000000800004b4 (0x00000001)
core   0: 0x00000000800004b6 (0x00000001) c.nop
0 0x00000000800004b6 (0x00000001)
core   0: 0x00000000800004b8 (0x00004135) c.li    sp, 13
0 0x00000000800004b8 (0x00004135) x 2 0x000000000000000d
core   0: 0x00000000800004ba (0x0020bf33) sltu    t5, ra, sp
0 0x00000000800004ba (0x0020bf33) x30 0x0000000000000001
core   0: 0x00000000800004be (0x00000205) c.addi  tp, 1
0 0x00000000800004be (0x00000205) x 4 0x0000000000000001
core   0: 0x00000000800004c0 (0x00004289) c.li    t0, 2
0 0x00000000800004c0 (0x00004289) x 5 0x0000000000000002
core   0: 0x00000000800004c2 (0xfe5218e3) bne     tp, t0, pc - 16
0 0x00000000800004c2 (0xfe5218e3)
core   0: 0x00000000800004b2 (0x000040a5) c.li    ra, 9
0 0x00000000800004b2 (0x000040a5) x 1 0x0000000000000009
core   0: 0x00000000800004b4 (0x00000001) c.nop
0 0x00000000800004b4 (0x00000001)
core   0: 0x00000000800004b6 (0x00000001) c.nop
0 0x00000000800004b6 (0x00000001)
core   0: 0x00000000800004b8 (0x00004135) c.li    sp, 13
0 0x00000000800004b8 (0x00004135) x 2 0x000000000000000d
core   0: 0x00000000800004ba (0x0020bf33) sltu    t5, ra, sp
0 0x00000000800004ba (0x0020bf33) x30 0x0000000000000001
core   0: 0x00000000800004be (0x00000205) c.addi  tp, 1
0 0x00000000800004be (0x00000205) x 4 0x0000000000000002
core   0: 0x00000000800004c0 (0x00004289) c.li    t0, 2
0 0x00000000800004c0 (0x00004289) x 5 0x0000000000000002
core   0: 0x00000000800004c2 (0xfe5218e3) bne     tp, t0, pc - 16
0 0x00000000800004c2 (0xfe5218e3)
core   0: 0x00000000800004c6 (0x00004e85) c.li    t4, 1
0 0x00000000800004c6 (0x00004e85) x29 0x0000000000000001
core   0: 0x00000000800004c8 (0x000041f1) c.li    gp, 28
0 0x00000000800004c8 (0x000041f1) x 3 0x000000000000001c
core   0: 0x00000000800004ca (0x00002e17) auipc   t3, 0x2
0 0x00000000800004ca (0x00002e17) x28 0x00000000800024ca
core   0: 0x00000000800004ce (0xb36e0e13) addi    t3, t3, -1226
0 0x00000000800004ce (0xb36e0e13) x28 0x0000000080002000
core   0: 0x00000000800004d2 (0x07ee2823) sw      t5, 112(t3)
0 0x00000000800004d2 (0x07ee2823)
core   0: 0x00000000800004d6 (0x17df1963) bne     t5, t4, pc + 370
0 0x00000000800004d6 (0x17df1963)
core   0: 0x00000000800004da (0x00004201) c.li    tp, 0
0 0x00000000800004da (0x00004201) x 4 0x0000000000000000
core   0: 0x00000000800004dc (0x00004135) c.li    sp, 13
0 0x00000000800004dc (0x00004135) x 2 0x000000000000000d
core   0: 0x00000000800004de (0x000040c5) c.li    ra, 17
0 0x00000000800004de (0x000040c5) x 1 0x0000000000000011
core   0: 0x00000000800004e0 (0x0020bf33) sltu    t5, ra, sp
0 0x00000000800004e0 (0x0020bf33) x30 0x0000000000000000
core   0: 0x00000000800004e4 (0x00000205) c.addi  tp, 1
0 0x00000000800004e4 (0x00000205) x 4 0x0000000000000001
core   0: 0x00000000800004e6 (0x00004289) c.li    t0, 2
0 0x00000000800004e6 (0x00004289) x 5 0x0000000000000002
core   0: 0x00000000800004e8 (0xfe521ae3) bne     tp, t0, pc - 12
0 0x00000000800004e8 (0xfe521ae3)
core   0: 0x00000000800004dc (0x00004135) c.li    sp, 13
0 0x00000000800004dc (0x00004135) x 2 0x000000000000000d
core   0: 0x00000000800004de (0x000040c5) c.li    ra, 17
0 0x00000000800004de (0x000040c5) x 1 0x0000000000000011
core   0: 0x00000000800004e0 (0x0020bf33) sltu    t5, ra, sp
0 0x00000000800004e0 (0x0020bf33) x30 0x0000000000000000
core   0: 0x00000000800004e4 (0x00000205) c.addi  tp, 1
0 0x00000000800004e4 (0x00000205) x 4 0x0000000000000002
core   0: 0x00000000800004e6 (0x00004289) c.li    t0, 2
0 0x00000000800004e6 (0x00004289) x 5 0x0000000000000002
core   0: 0x00000000800004e8 (0xfe521ae3) bne     tp, t0, pc - 12
0 0x00000000800004e8 (0xfe521ae3)
core   0: 0x00000000800004ec (0x00004e81) c.li    t4, 0
0 0x00000000800004ec (0x00004e81) x29 0x0000000000000000
core   0: 0x00000000800004ee (0x000041f5) c.li    gp, 29
0 0x00000000800004ee (0x000041f5) x 3 0x000000000000001d
core   0: 0x00000000800004f0 (0x00002e17) auipc   t3, 0x2
0 0x00000000800004f0 (0x00002e17) x28 0x00000000800024f0
core   0: 0x00000000800004f4 (0xb10e0e13) addi    t3, t3, -1264
0 0x00000000800004f4 (0xb10e0e13) x28 0x0000000080002000
core   0: 0x00000000800004f8 (0x07ee2a23) sw      t5, 116(t3)
0 0x00000000800004f8 (0x07ee2a23)
core   0: 0x00000000800004fc (0x15df1663) bne     t5, t4, pc + 332
0 0x00000000800004fc (0x15df1663)
core   0: 0x0000000080000500 (0x00004201) c.li    tp, 0
0 0x0000000080000500 (0x00004201) x 4 0x0000000000000000
core   0: 0x0000000080000502 (0x00004135) c.li    sp, 13
0 0x0000000080000502 (0x00004135) x 2 0x000000000000000d
core   0: 0x0000000080000504 (0x000040a1) c.li    ra, 8
0 0x0000000080000504 (0x000040a1) x 1 0x0000000000000008
core   0: 0x0000000080000506 (0x00000001) c.nop
0 0x0000000080000506 (0x00000001)
core   0: 0x0000000080000508 (0x0020bf33) sltu    t5, ra, sp
0 0x0000000080000508 (0x0020bf33) x30 0x0000000000000001
core   0: 0x000000008000050c (0x00000205) c.addi  tp, 1
0 0x000000008000050c (0x00000205) x 4 0x0000000000000001
core   0: 0x000000008000050e (0x00004289) c.li    t0, 2
0 0x000000008000050e (0x00004289) x 5 0x0000000000000002
core   0: 0x0000000080000510 (0xfe5219e3) bne     tp, t0, pc - 14
0 0x0000000080000510 (0xfe5219e3)
core   0: 0x0000000080000502 (0x00004135) c.li    sp, 13
0 0x0000000080000502 (0x00004135) x 2 0x000000000000000d
core   0: 0x0000000080000504 (0x000040a1) c.li    ra, 8
0 0x0000000080000504 (0x000040a1) x 1 0x0000000000000008
core   0: 0x0000000080000506 (0x00000001) c.nop
0 0x0000000080000506 (0x00000001)
core   0: 0x0000000080000508 (0x0020bf33) sltu    t5, ra, sp
0 0x0000000080000508 (0x0020bf33) x30 0x0000000000000001
core   0: 0x000000008000050c (0x00000205) c.addi  tp, 1
0 0x000000008000050c (0x00000205) x 4 0x0000000000000002
core   0: 0x000000008000050e (0x00004289) c.li    t0, 2
0 0x000000008000050e (0x00004289) x 5 0x0000000000000002
core   0: 0x0000000080000510 (0xfe5219e3) bne     tp, t0, pc - 14
0 0x0000000080000510 (0xfe5219e3)
core   0: 0x0000000080000514 (0x00004e85) c.li    t4, 1
0 0x0000000080000514 (0x00004e85) x29 0x0000000000000001
core   0: 0x0000000080000516 (0x000041f9) c.li    gp, 30
0 0x0000000080000516 (0x000041f9) x 3 0x000000000000001e
core   0: 0x0000000080000518 (0x00002e17) auipc   t3, 0x2
0 0x0000000080000518 (0x00002e17) x28 0x0000000080002518
core   0: 0x000000008000051c (0xae8e0e13) addi    t3, t3, -1304
0 0x000000008000051c (0xae8e0e13) x28 0x0000000080002000
core   0: 0x0000000080000520 (0x07ee2c23) sw      t5, 120(t3)
0 0x0000000080000520 (0x07ee2c23)
core   0: 0x0000000080000524 (0x13df1263) bne     t5, t4, pc + 292
0 0x0000000080000524 (0x13df1263)
core   0: 0x0000000080000528 (0x00004201) c.li    tp, 0
0 0x0000000080000528 (0x00004201) x 4 0x0000000000000000
core   0: 0x000000008000052a (0x00004135) c.li    sp, 13
0 0x000000008000052a (0x00004135) x 2 0x000000000000000d
core   0: 0x000000008000052c (0x000040c9) c.li    ra, 18
0 0x000000008000052c (0x000040c9) x 1 0x0000000000000012
core   0: 0x000000008000052e (0x00000001) c.nop
0 0x000000008000052e (0x00000001)
core   0: 0x0000000080000530 (0x00000001) c.nop
0 0x0000000080000530 (0x00000001)
core   0: 0x0000000080000532 (0x0020bf33) sltu    t5, ra, sp
0 0x0000000080000532 (0x0020bf33) x30 0x0000000000000000
core   0: 0x0000000080000536 (0x00000205) c.addi  tp, 1
0 0x0000000080000536 (0x00000205) x 4 0x0000000000000001
core   0: 0x0000000080000538 (0x00004289) c.li    t0, 2
0 0x0000000080000538 (0x00004289) x 5 0x0000000000000002
core   0: 0x000000008000053a (0xfe5218e3) bne     tp, t0, pc - 16
0 0x000000008000053a (0xfe5218e3)
core   0: 0x000000008000052a (0x00004135) c.li    sp, 13
0 0x000000008000052a (0x00004135) x 2 0x000000000000000d
core   0: 0x000000008000052c (0x000040c9) c.li    ra, 18
0 0x000000008000052c (0x000040c9) x 1 0x0000000000000012
core   0: 0x000000008000052e (0x00000001) c.nop
0 0x000000008000052e (0x00000001)
core   0: 0x0000000080000530 (0x00000001) c.nop
0 0x0000000080000530 (0x00000001)
core   0: 0x0000000080000532 (0x0020bf33) sltu    t5, ra, sp
0 0x0000000080000532 (0x0020bf33) x30 0x0000000000000000
core   0: 0x0000000080000536 (0x00000205) c.addi  tp, 1
0 0x0000000080000536 (0x00000205) x 4 0x0000000000000002
core   0: 0x0000000080000538 (0x00004289) c.li    t0, 2
0 0x0000000080000538 (0x00004289) x 5 0x0000000000000002
core   0: 0x000000008000053a (0xfe5218e3) bne     tp, t0, pc - 16
0 0x000000008000053a (0xfe5218e3)
core   0: 0x000000008000053e (0x00004e81) c.li    t4, 0
0 0x000000008000053e (0x00004e81) x29 0x0000000000000000
core   0: 0x0000000080000540 (0x000041fd) c.li    gp, 31
0 0x0000000080000540 (0x000041fd) x 3 0x000000000000001f
core   0: 0x0000000080000542 (0x00002e17) auipc   t3, 0x2
0 0x0000000080000542 (0x00002e17) x28 0x0000000080002542
core   0: 0x0000000080000546 (0xabee0e13) addi    t3, t3, -1346
0 0x0000000080000546 (0xabee0e13) x28 0x0000000080002000
core   0: 0x000000008000054a (0x07ee2e23) sw      t5, 124(t3)
0 0x000000008000054a (0x07ee2e23)
core   0: 0x000000008000054e (0x0fdf1d63) bne     t5, t4, pc + 250
0 0x000000008000054e (0x0fdf1d63)
core   0: 0x0000000080000552 (0x00004201) c.li    tp, 0
0 0x0000000080000552 (0x00004201) x 4 0x0000000000000000
core   0: 0x0000000080000554 (0x00004135) c.li    sp, 13
0 0x0000000080000554 (0x00004135) x 2 0x000000000000000d
core   0: 0x0000000080000556 (0x00000001) c.nop
0 0x0000000080000556 (0x00000001)
core   0: 0x0000000080000558 (0x0000409d) c.li    ra, 7
0 0x0000000080000558 (0x0000409d) x 1 0x0000000000000007
core   0: 0x000000008000055a (0x0020bf33) sltu    t5, ra, sp
0 0x000000008000055a (0x0020bf33) x30 0x0000000000000001
core   0: 0x000000008000055e (0x00000205) c.addi  tp, 1
0 0x000000008000055e (0x00000205) x 4 0x0000000000000001
core   0: 0x0000000080000560 (0x00004289) c.li    t0, 2
0 0x0000000080000560 (0x00004289) x 5 0x0000000000000002
core   0: 0x0000000080000562 (0xfe5219e3) bne     tp, t0, pc - 14
0 0x0000000080000562 (0xfe5219e3)
core   0: 0x0000000080000554 (0x00004135) c.li    sp, 13
0 0x0000000080000554 (0x00004135) x 2 0x000000000000000d
core   0: 0x0000000080000556 (0x00000001) c.nop
0 0x0000000080000556 (0x00000001)
core   0: 0x0000000080000558 (0x0000409d) c.li    ra, 7
0 0x0000000080000558 (0x0000409d) x 1 0x0000000000000007
core   0: 0x000000008000055a (0x0020bf33) sltu    t5, ra, sp
0 0x000000008000055a (0x0020bf33) x30 0x0000000000000001
core   0: 0x000000008000055e (0x00000205) c.addi  tp, 1
0 0x000000008000055e (0x00000205) x 4 0x0000000000000002
core   0: 0x0000000080000560 (0x00004289) c.li    t0, 2
0 0x0000000080000560 (0x00004289) x 5 0x0000000000000002
core   0: 0x0000000080000562 (0xfe5219e3) bne     tp, t0, pc - 14
0 0x0000000080000562 (0xfe5219e3)
core   0: 0x0000000080000566 (0x00004e85) c.li    t4, 1
0 0x0000000080000566 (0x00004e85) x29 0x0000000000000001
core   0: 0x0000000080000568 (0x02000193) li      gp, 32
0 0x0000000080000568 (0x02000193) x 3 0x0000000000000020
core   0: 0x000000008000056c (0x00002e17) auipc   t3, 0x2
0 0x000000008000056c (0x00002e17) x28 0x000000008000256c
core   0: 0x0000000080000570 (0xa94e0e13) addi    t3, t3, -1388
0 0x0000000080000570 (0xa94e0e13) x28 0x0000000080002000
core   0: 0x0000000080000574 (0x09ee2023) sw      t5, 128(t3)
0 0x0000000080000574 (0x09ee2023)
core   0: 0x0000000080000578 (0x0ddf1863) bne     t5, t4, pc + 208
0 0x0000000080000578 (0x0ddf1863)
core   0: 0x000000008000057c (0x00004201) c.li    tp, 0
0 0x000000008000057c (0x00004201) x 4 0x0000000000000000
core   0: 0x000000008000057e (0x00004135) c.li    sp, 13
0 0x000000008000057e (0x00004135) x 2 0x000000000000000d
core   0: 0x0000000080000580 (0x00000001) c.nop
0 0x0000000080000580 (0x00000001)
core   0: 0x0000000080000582 (0x000040cd) c.li    ra, 19
0 0x0000000080000582 (0x000040cd) x 1 0x0000000000000013
core   0: 0x0000000080000584 (0x00000001) c.nop
0 0x0000000080000584 (0x00000001)
core   0: 0x0000000080000586 (0x0020bf33) sltu    t5, ra, sp
0 0x0000000080000586 (0x0020bf33) x30 0x0000000000000000
core   0: 0x000000008000058a (0x00000205) c.addi  tp, 1
0 0x000000008000058a (0x00000205) x 4 0x0000000000000001
core   0: 0x000000008000058c (0x00004289) c.li    t0, 2
0 0x000000008000058c (0x00004289) x 5 0x0000000000000002
core   0: 0x000000008000058e (0xfe5218e3) bne     tp, t0, pc - 16
0 0x000000008000058e (0xfe5218e3)
core   0: 0x000000008000057e (0x00004135) c.li    sp, 13
0 0x000000008000057e (0x00004135) x 2 0x000000000000000d
core   0: 0x0000000080000580 (0x00000001) c.nop
0 0x0000000080000580 (0x00000001)
core   0: 0x0000000080000582 (0x000040cd) c.li    ra, 19
0 0x0000000080000582 (0x000040cd) x 1 0x0000000000000013
core   0: 0x0000000080000584 (0x00000001) c.nop
0 0x0000000080000584 (0x00000001)
core   0: 0x0000000080000586 (0x0020bf33) sltu    t5, ra, sp
0 0x0000000080000586 (0x0020bf33) x30 0x0000000000000000
core   0: 0x000000008000058a (0x00000205) c.addi  tp, 1
0 0x000000008000058a (0x00000205) x 4 0x0000000000000002
core   0: 0x000000008000058c (0x00004289) c.li    t0, 2
0 0x000000008000058c (0x00004289) x 5 0x0000000000000002
core   0: 0x000000008000058e (0xfe5218e3) bne     tp, t0, pc - 16
0 0x000000008000058e (0xfe5218e3)
core   0: 0x0000000080000592 (0x00004e81) c.li    t4, 0
0 0x0000000080000592 (0x00004e81) x29 0x0000000000000000
core   0: 0x0000000080000594 (0x02100193) li      gp, 33
0 0x0000000080000594 (0x02100193) x 3 0x0000000000000021
core   0: 0x0000000080000598 (0x00002e17) auipc   t3, 0x2
0 0x0000000080000598 (0x00002e17) x28 0x0000000080002598
core   0: 0x000000008000059c (0xa68e0e13) addi    t3, t3, -1432
0 0x000000008000059c (0xa68e0e13) x28 0x0000000080002000
core   0: 0x00000000800005a0 (0x09ee2223) sw      t5, 132(t3)
0 0x00000000800005a0 (0x09ee2223)
core   0: 0x00000000800005a4 (0x0bdf1263) bne     t5, t4, pc + 164
0 0x00000000800005a4 (0x0bdf1263)
core   0: 0x00000000800005a8 (0x00004201) c.li    tp, 0
0 0x00000000800005a8 (0x00004201) x 4 0x0000000000000000
core   0: 0x00000000800005aa (0x00004135) c.li    sp, 13
0 0x00000000800005aa (0x00004135) x 2 0x000000000000000d
core   0: 0x00000000800005ac (0x00000001) c.nop
0 0x00000000800005ac (0x00000001)
core   0: 0x00000000800005ae (0x00000001) c.nop
0 0x00000000800005ae (0x00000001)
core   0: 0x00000000800005b0 (0x00004099) c.li    ra, 6
0 0x00000000800005b0 (0x00004099) x 1 0x0000000000000006
core   0: 0x00000000800005b2 (0x0020bf33) sltu    t5, ra, sp
0 0x00000000800005b2 (0x0020bf33) x30 0x0000000000000001
core   0: 0x00000000800005b6 (0x00000205) c.addi  tp, 1
0 0x00000000800005b6 (0x00000205) x 4 0x0000000000000001
core   0: 0x00000000800005b8 (0x00004289) c.li    t0, 2
0 0x00000000800005b8 (0x00004289) x 5 0x0000000000000002
core   0: 0x00000000800005ba (0xfe5218e3) bne     tp, t0, pc - 16
0 0x00000000800005ba (0xfe5218e3)
core   0: 0x00000000800005aa (0x00004135) c.li    sp, 13
0 0x00000000800005aa (0x00004135) x 2 0x000000000000000d
core   0: 0x00000000800005ac (0x00000001) c.nop
0 0x00000000800005ac (0x00000001)
core   0: 0x00000000800005ae (0x00000001) c.nop
0 0x00000000800005ae (0x00000001)
core   0: 0x00000000800005b0 (0x00004099) c.li    ra, 6
0 0x00000000800005b0 (0x00004099) x 1 0x0000000000000006
core   0: 0x00000000800005b2 (0x0020bf33) sltu    t5, ra, sp
0 0x00000000800005b2 (0x0020bf33) x30 0x0000000000000001
core   0: 0x00000000800005b6 (0x00000205) c.addi  tp, 1
0 0x00000000800005b6 (0x00000205) x 4 0x0000000000000002
core   0: 0x00000000800005b8 (0x00004289) c.li    t0, 2
0 0x00000000800005b8 (0x00004289) x 5 0x0000000000000002
core   0: 0x00000000800005ba (0xfe5218e3) bne     tp, t0, pc - 16
0 0x00000000800005ba (0xfe5218e3)
core   0: 0x00000000800005be (0x00004e85) c.li    t4, 1
0 0x00000000800005be (0x00004e85) x29 0x0000000000000001
core   0: 0x00000000800005c0 (0x02200193) li      gp, 34
0 0x00000000800005c0 (0x02200193) x 3 0x0000000000000022
core   0: 0x00000000800005c4 (0x00002e17) auipc   t3, 0x2
0 0x00000000800005c4 (0x00002e17) x28 0x00000000800025c4
core   0: 0x00000000800005c8 (0xa3ce0e13) addi    t3, t3, -1476
0 0x00000000800005c8 (0xa3ce0e13) x28 0x0000000080002000
core   0: 0x00000000800005cc (0x09ee2423) sw      t5, 136(t3)
0 0x00000000800005cc (0x09ee2423)
core   0: 0x00000000800005d0 (0x07df1c63) bne     t5, t4, pc + 120
0 0x00000000800005d0 (0x07df1c63)
core   0: 0x00000000800005d4 (0x000050fd) c.li    ra, -1
0 0x00000000800005d4 (0x000050fd) x 1 0xffffffffffffffff
core   0: 0x00000000800005d6 (0x00103133) snez    sp, ra
0 0x00000000800005d6 (0x00103133) x 2 0x0000000000000001
core   0: 0x00000000800005da (0x00004e85) c.li    t4, 1
0 0x00000000800005da (0x00004e85) x29 0x0000000000000001
core   0: 0x00000000800005dc (0x02300193) li      gp, 35
0 0x00000000800005dc (0x02300193) x 3 0x0000000000000023
core   0: 0x00000000800005e0 (0x00002e17) auipc   t3, 0x2
0 0x00000000800005e0 (0x00002e17) x28 0x00000000800025e0
core   0: 0x00000000800005e4 (0xa20e0e13) addi    t3, t3, -1504
0 0x00000000800005e4 (0xa20e0e13) x28 0x0000000080002000
core   0: 0x00000000800005e8 (0x082e2623) sw      sp, 140(t3)
0 0x00000000800005e8 (0x082e2623)
core   0: 0x00000000800005ec (0x05d11e63) bne     sp, t4, pc + 92
0 0x00000000800005ec (0x05d11e63)
core   0: 0x00000000800005f0 (0x000050fd) c.li    ra, -1
0 0x00000000800005f0 (0x000050fd) x 1 0xffffffffffffffff
core   0: 0x00000000800005f2 (0x0000b133) sltu    sp, ra, zero
0 0x00000000800005f2 (0x0000b133) x 2 0x0000000000000000
core   0: 0x00000000800005f6 (0x00004e81) c.li    t4, 0
0 0x00000000800005f6 (0x00004e81) x29 0x0000000000000000
core   0: 0x00000000800005f8 (0x02400193) li      gp, 36
0 0x00000000800005f8 (0x02400193) x 3 0x0000000000000024
core   0: 0x00000000800005fc (0x00002e17) auipc   t3, 0x2
0 0x00000000800005fc (0x00002e17) x28 0x00000000800025fc
core   0: 0x0000000080000600 (0xa04e0e13) addi    t3, t3, -1532
0 0x0000000080000600 (0xa04e0e13) x28 0x0000000080002000
core   0: 0x0000000080000604 (0x082e2823) sw      sp, 144(t3)
0 0x0000000080000604 (0x082e2823)
core   0: 0x0000000080000608 (0x05d11063) bne     sp, t4, pc + 64
0 0x0000000080000608 (0x05d11063)
core   0: 0x000000008000060c (0x000030b3) snez    ra, zero
0 0x000000008000060c (0x000030b3) x 1 0x0000000000000000
core   0: 0x0000000080000610 (0x00004e81) c.li    t4, 0
0 0x0000000080000610 (0x00004e81) x29 0x0000000000000000
core   0: 0x0000000080000612 (0x02500193) li      gp, 37
0 0x0000000080000612 (0x02500193) x 3 0x0000000000000025
core   0: 0x0000000080000616 (0x00002e17) auipc   t3, 0x2
0 0x0000000080000616 (0x00002e17) x28 0x0000000080002616
core   0: 0x000000008000061a (0x9eae0e13) addi    t3, t3, -1558
0 0x000000008000061a (0x9eae0e13) x28 0x0000000080002000
core   0: 0x000000008000061e (0x081e2a23) sw      ra, 148(t3)
0 0x000000008000061e (0x081e2a23)
core   0: 0x0000000080000622 (0x03d09363) bne     ra, t4, pc + 38
0 0x0000000080000622 (0x03d09363)
core   0: 0x0000000080000626 (0x000040c1) c.li    ra, 16
0 0x0000000080000626 (0x000040c1) x 1 0x0000000000000010
core   0: 0x0000000080000628 (0x00004179) c.li    sp, 30
0 0x0000000080000628 (0x00004179) x 2 0x000000000000001e
core   0: 0x000000008000062a (0x0020b033) sltu    zero, ra, sp
0 0x000000008000062a (0x0020b033)
core   0: 0x000000008000062e (0x00004e81) c.li    t4, 0
0 0x000000008000062e (0x00004e81) x29 0x0000000000000000
core   0: 0x0000000080000630 (0x02600193) li      gp, 38
0 0x0000000080000630 (0x02600193) x 3 0x0000000000000026
core   0: 0x0000000080000634 (0x00002e17) auipc   t3, 0x2
0 0x0000000080000634 (0x00002e17) x28 0x0000000080002634
core   0: 0x0000000080000638 (0x9cce0e13) addi    t3, t3, -1588
0 0x0000000080000638 (0x9cce0e13) x28 0x0000000080002000
core   0: 0x000000008000063c (0x080e2c23) sw      zero, 152(t3)
0 0x000000008000063c (0x080e2c23)
core   0: 0x0000000080000640 (0x01d01463) bne     zero, t4, pc + 8
0 0x0000000080000640 (0x01d01463)
core   0: 0x0000000080000644 (0x00301d63) bne     zero, gp, pc + 26
0 0x0000000080000644 (0x00301d63)
core   0: 0x000000008000065e (0x0ff0000f) fence   iorw,iorw
0 0x000000008000065e (0x0ff0000f)
core   0: 0x0000000080000662 (0x00004185) c.li    gp, 1
0 0x0000000080000662 (0x00004185) x 3 0x0000000000000001
core   0: 0x0000000080000664 (0x00002e17) auipc   t3, 0x2
0 0x0000000080000664 (0x00002e17) x28 0x0000000080002664
core   0: 0x0000000080000668 (0x99ce0e13) addi    t3, t3, -1636
0 0x0000000080000668 (0x99ce0e13) x28 0x0000000080002000
core   0: 0x000000008000066c (0x003e2023) sw      gp, 0(t3)
0 0x000000008000066c (0x003e2023)
core   0: 0x0000000080000670 (0x00000073) ecall
0 0x0000000080000670 (0x00000073)
