core   0: 0x0000000000010000 (0x00100413) li      s0, 1
3 0x0000000000010000 (0x00100413) x 8 0x0000000000000001
core   0: 0x0000000000010004 (0x01f41413) slli    s0, s0, 31
3 0x0000000000010004 (0x01f41413) x 8 0x0000000080000000
core   0: 0x0000000000010008 (0xf1402573) csrr    a0, mhartid
3 0x0000000000010008 (0xf1402573) x10 0x0000000000000000
core   0: 0x000000000001000c (0x00000597) auipc   a1, 0x0
3 0x000000000001000c (0x00000597) x11 0x000000000001000c
core   0: 0x0000000000010010 (0x07458593) addi    a1, a1, 116
3 0x0000000000010010 (0x07458593) x11 0x0000000000010080
core   0: 0x0000000000010014 (0x00040067) jr      s0
3 0x0000000000010014 (0x00040067)
core   0: 0x0000000080000000 (0x0000a081) c.j     pc + 64
3 0x0000000080000000 (0x0000a081)
core   0: 0x0000000080000040 (0xf1402573) csrr    a0, mhartid
3 0x0000000080000040 (0xf1402573) x10 0x0000000000000000
core   0: 0x0000000080000044 (0x0000e101) c.bnez  a0, pc + 0
3 0x0000000080000044 (0x0000e101)
core   0: 0x0000000080000046 (0x00000297) auipc   t0, 0x0
3 0x0000000080000046 (0x00000297) x 5 0x0000000080000046
core   0: 0x000000008000004a (0x01228293) addi    t0, t0, 18
3 0x000000008000004a (0x01228293) x 5 0x0000000080000058
core   0: 0x000000008000004e (0x30529073) csrw    mtvec, t0
3 0x000000008000004e (0x30529073)
core   0: 0x0000000080000052 (0x18005073) csrwi   satp, 0
3 0x0000000080000052 (0x18005073)
core   0: 0x0000000080000056 (0x00000001) c.nop
3 0x0000000080000056 (0x00000001)
core   0: 0x0000000080000058 (0x00000297) auipc   t0, 0x0
3 0x0000000080000058 (0x00000297) x 5 0x0000000080000058
core   0: 0x000000008000005c (0x01828293) addi    t0, t0, 24
3 0x000000008000005c (0x01828293) x 5 0x0000000080000070
core   0: 0x0000000080000060 (0x30529073) csrw    mtvec, t0
3 0x0000000080000060 (0x30529073)
core   0: 0x0000000080000064 (0x000052fd) c.li    t0, -1
3 0x0000000080000064 (0x000052fd) x 5 0xffffffffffffffff
core   0: 0x0000000080000066 (0x3b029073) csrw    pmpaddr0, t0
3 0x0000000080000066 (0x3b029073)
core   0: 0x000000008000006a (0x000042fd) c.li    t0, 31
3 0x000000008000006a (0x000042fd) x 5 0x000000000000001f
core   0: 0x000000008000006c (0x3a029073) csrw    pmpcfg0, t0
3 0x000000008000006c (0x3a029073)
core   0: 0x0000000080000070 (0x00000297) auipc   t0, 0x0
3 0x0000000080000070 (0x00000297) x 5 0x0000000080000070
core   0: 0x0000000080000074 (0x01828293) addi    t0, t0, 24
3 0x0000000080000074 (0x01828293) x 5 0x0000000080000088
core   0: 0x0000000080000078 (0x30529073) csrw    mtvec, t0
3 0x0000000080000078 (0x30529073)
core   0: 0x000000008000007c (0x30205073) csrwi   medeleg, 0
3 0x000000008000007c (0x30205073)
core   0: 0x0000000080000080 (0x30305073) csrwi   mideleg, 0
3 0x0000000080000080 (0x30305073)
core   0: 0x0000000080000084 (0x30405073) csrwi   mie, 0
3 0x0000000080000084 (0x30405073)
core   0: 0x0000000080000088 (0x00004181) c.li    gp, 0
3 0x0000000080000088 (0x00004181) x 3 0x0000000000000000
core   0: 0x000000008000008a (0x00000297) auipc   t0, 0x0
3 0x000000008000008a (0x00000297) x 5 0x000000008000008a
core   0: 0x000000008000008e (0xf7a28293) addi    t0, t0, -134
3 0x000000008000008e (0xf7a28293) x 5 0x0000000080000004
core   0: 0x0000000080000092 (0x30529073) csrw    mtvec, t0
3 0x0000000080000092 (0x30529073)
core   0: 0x0000000080000096 (0x00004505) c.li    a0, 1
3 0x0000000080000096 (0x00004505) x10 0x0000000000000001
core   0: 0x0000000080000098 (0x0000057e) c.slli  a0, 31
3 0x0000000080000098 (0x0000057e) x10 0x0000000080000000
core   0: 0x000000008000009a (0x00055763) bgez    a0, pc + 14
3 0x000000008000009a (0x00055763)
core   0: 0x00000000800000a8 (0x80000297) auipc   t0, 0x80000
3 0x00000000800000a8 (0x80000297) x 5 0x00000000000000a8
core   0: 0x00000000800000ac (0xf5828293) addi    t0, t0, -168
3 0x00000000800000ac (0xf5828293) x 5 0x0000000000000000
core   0: 0x00000000800000b0 (0x00028e63) beqz    t0, pc + 28
3 0x00000000800000b0 (0x00028e63)
core   0: 0x00000000800000cc (0x30005073) csrwi   mstatus, 0
3 0x00000000800000cc (0x30005073)
core   0: 0x00000000800000d0 (0x00002537) lui     a0, 0x2
3 0x00000000800000d0 (0x00002537) x10 0x0000000000002000
core   0: 0x00000000800000d4 (0x8005051b) addiw   a0, a0, -2048
3 0x00000000800000d4 (0x8005051b) x10 0x0000000000001800
core   0: 0x00000000800000d8 (0x30052073) csrs    mstatus, a0
3 0x00000000800000d8 (0x30052073)
core   0: 0x00000000800000dc (0x00000297) auipc   t0, 0x0
3 0x00000000800000dc (0x00000297) x 5 0x00000000800000dc
core   0: 0x00000000800000e0 (0x01428293) addi    t0, t0, 20
3 0x00000000800000e0 (0x01428293) x 5 0x00000000800000f0
core   0: 0x00000000800000e4 (0x34129073) csrw    mepc, t0
3 0x00000000800000e4 (0x34129073)
core   0: 0x00000000800000e8 (0xf1402573) csrr    a0, mhartid
3 0x00000000800000e8 (0xf1402573) x10 0x0000000000000000
core   0: 0x00000000800000ec (0x30200073) mret
3 0x00000000800000ec (0x30200073)
core   0: 0x00000000800000f0 (0x00002117) auipc   sp, 0x2
3 0x00000000800000f0 (0x00002117) x 2 0x00000000800020f0
core   0: 0x00000000800000f4 (0xf1010113) addi    sp, sp, -240
3 0x00000000800000f4 (0xf1010113) x 2 0x0000000080002000
core   0: 0x00000000800000f8 (0x00004201) c.li    tp, 0
3 0x00000000800000f8 (0x00004201) x 4 0x0000000000000000
core   0: 0x00000000800000fa (0x4002519b) sraiw   gp, tp, 0
3 0x00000000800000fa (0x4002519b) x 3 0x0000000000000000
core   0: 0x00000000800000fe (0x0000c00e) c.swsp  gp, 0(sp)
3 0x00000000800000fe (0x0000c00e)
core   0: 0x0000000080000100 (0x00004481) c.li    s1, 0
3 0x0000000080000100 (0x00004481) x 9 0x0000000000000000
core   0: 0x0000000080000102 (0x4014d41b) sraiw   s0, s1, 1
3 0x0000000080000102 (0x4014d41b) x 8 0x0000000000000000
core   0: 0x0000000080000106 (0x0000c422) c.swsp  s0, 8(sp)
3 0x0000000080000106 (0x0000c422)
core   0: 0x0000000080000108 (0x00004601) c.li    a2, 0
3 0x0000000080000108 (0x00004601) x12 0x0000000000000000
core   0: 0x000000008000010a (0x40f6559b) sraiw   a1, a2, 15
3 0x000000008000010a (0x40f6559b) x11 0x0000000000000000
core   0: 0x000000008000010e (0x0000c82e) c.swsp  a1, 16(sp)
3 0x000000008000010e (0x0000c82e)
core   0: 0x0000000080000110 (0x00004701) c.li    a4, 0
3 0x0000000080000110 (0x00004701) x14 0x0000000000000000
core   0: 0x0000000080000112 (0x4107569b) sraiw   a3, a4, 16
3 0x0000000080000112 (0x4107569b) x13 0x0000000000000000
core   0: 0x0000000080000116 (0x0000cc36) c.swsp  a3, 24(sp)
3 0x0000000080000116 (0x0000cc36)
core   0: 0x0000000080000118 (0x00004801) c.li    a6, 0
3 0x0000000080000118 (0x00004801) x16 0x0000000000000000
core   0: 0x000000008000011a (0x41f8579b) sraiw   a5, a6, 31
3 0x000000008000011a (0x41f8579b) x15 0x0000000000000000
core   0: 0x000000008000011e (0x0000d03e) c.swsp  a5, 32(sp)
3 0x000000008000011e (0x0000d03e)
core   0: 0x0000000080000120 (0x00002117) auipc   sp, 0x2
3 0x0000000080000120 (0x00002117) x 2 0x0000000080002120
core   0: 0x0000000080000124 (0xf0810113) addi    sp, sp, -248
3 0x0000000080000124 (0xf0810113) x 2 0x0000000080002028
core   0: 0x0000000080000128 (0x00004905) c.li    s2, 1
3 0x0000000080000128 (0x00004905) x18 0x0000000000000001
core   0: 0x000000008000012a (0x4009589b) sraiw   a7, s2, 0
3 0x000000008000012a (0x4009589b) x17 0x0000000000000001
core   0: 0x000000008000012e (0x0000c046) c.swsp  a7, 0(sp)
3 0x000000008000012e (0x0000c046)
core   0: 0x0000000080000130 (0x00004a05) c.li    s4, 1
3 0x0000000080000130 (0x00004a05) x20 0x0000000000000001
core   0: 0x0000000080000132 (0x401a599b) sraiw   s3, s4, 1
3 0x0000000080000132 (0x401a599b) x19 0x0000000000000000
core   0: 0x0000000080000136 (0x0000c44e) c.swsp  s3, 8(sp)
3 0x0000000080000136 (0x0000c44e)
core   0: 0x0000000080000138 (0x00004b05) c.li    s6, 1
3 0x0000000080000138 (0x00004b05) x22 0x0000000000000001
core   0: 0x000000008000013a (0x40fb5a9b) sraiw   s5, s6, 15
3 0x000000008000013a (0x40fb5a9b) x21 0x0000000000000000
core   0: 0x000000008000013e (0x0000c856) c.swsp  s5, 16(sp)
3 0x000000008000013e (0x0000c856)
core   0: 0x0000000080000140 (0x00004c05) c.li    s8, 1
3 0x0000000080000140 (0x00004c05) x24 0x0000000000000001
core   0: 0x0000000080000142 (0x410c5b9b) sraiw   s7, s8, 16
3 0x0000000080000142 (0x410c5b9b) x23 0x0000000000000000
core   0: 0x0000000080000146 (0x0000cc5e) c.swsp  s7, 24(sp)
3 0x0000000080000146 (0x0000cc5e)
core   0: 0x0000000080000148 (0x00004d05) c.li    s10, 1
3 0x0000000080000148 (0x00004d05) x26 0x0000000000000001
core   0: 0x000000008000014a (0x41fd5c9b) sraiw   s9, s10, 31
3 0x000000008000014a (0x41fd5c9b) x25 0x0000000000000000
core   0: 0x000000008000014e (0x0000d066) c.swsp  s9, 32(sp)
3 0x000000008000014e (0x0000d066)
core   0: 0x0000000080000150 (0x00002117) auipc   sp, 0x2
3 0x0000000080000150 (0x00002117) x 2 0x0000000080002150
core   0: 0x0000000080000154 (0xf0010113) addi    sp, sp, -256
3 0x0000000080000154 (0xf0010113) x 2 0x0000000080002050
core   0: 0x0000000080000158 (0x00005e7d) c.li    t3, -1
3 0x0000000080000158 (0x00005e7d) x28 0xffffffffffffffff
core   0: 0x000000008000015a (0x400e5d9b) sraiw   s11, t3, 0
3 0x000000008000015a (0x400e5d9b) x27 0xffffffffffffffff
core   0: 0x000000008000015e (0x0000c06e) c.swsp  s11, 0(sp)
3 0x000000008000015e (0x0000c06e)
core   0: 0x0000000080000160 (0x00005f7d) c.li    t5, -1
3 0x0000000080000160 (0x00005f7d) x30 0xffffffffffffffff
core   0: 0x0000000080000162 (0x401f5e9b) sraiw   t4, t5, 1
3 0x0000000080000162 (0x401f5e9b) x29 0xffffffffffffffff
core   0: 0x0000000080000166 (0x0000c476) c.swsp  t4, 8(sp)
3 0x0000000080000166 (0x0000c476)
core   0: 0x0000000080000168 (0x000051fd) c.li    gp, -1
3 0x0000000080000168 (0x000051fd) x 3 0xffffffffffffffff
core   0: 0x000000008000016a (0x40f1da9b) sraiw   s5, gp, 15
3 0x000000008000016a (0x40f1da9b) x21 0xffffffffffffffff
core   0: 0x000000008000016e (0x0000c856) c.swsp  s5, 16(sp)
3 0x000000008000016e (0x0000c856)
core   0: 0x0000000080000170 (0x0000547d) c.li    s0, -1
3 0x0000000080000170 (0x0000547d) x 8 0xffffffffffffffff
core   0: 0x0000000080000172 (0x4104521b) sraiw   tp, s0, 16
3 0x0000000080000172 (0x4104521b) x 4 0xffffffffffffffff
core   0: 0x0000000080000176 (0x0000cc12) c.swsp  tp, 24(sp)
3 0x0000000080000176 (0x0000cc12)
core   0: 0x0000000080000178 (0x000055fd) c.li    a1, -1
3 0x0000000080000178 (0x000055fd) x11 0xffffffffffffffff
core   0: 0x000000008000017a (0x41f5d49b) sraiw   s1, a1, 31
3 0x000000008000017a (0x41f5d49b) x 9 0xffffffffffffffff
core   0: 0x000000008000017e (0x0000d026) c.swsp  s1, 32(sp)
3 0x000000008000017e (0x0000d026)
core   0: 0x0000000080000180 (0x00002117) auipc   sp, 0x2
3 0x0000000080000180 (0x00002117) x 2 0x0000000080002180
core   0: 0x0000000080000184 (0xef810113) addi    sp, sp, -264
3 0x0000000080000184 (0xef810113) x 2 0x0000000080002078
core   0: 0x0000000080000188 (0xfff0069b) addiw   a3, zero, -1
3 0x0000000080000188 (0xfff0069b) x13 0xffffffffffffffff
core   0: 0x000000008000018c (0x03f69693) slli    a3, a3, 63
3 0x000000008000018c (0x03f69693) x13 0x8000000000000000
core   0: 0x0000000080000190 (0xfff68693) addi    a3, a3, -1
3 0x0000000080000190 (0xfff68693) x13 0x7fffffffffffffff
core   0: 0x0000000080000194 (0x4006d61b) sraiw   a2, a3, 0
3 0x0000000080000194 (0x4006d61b) x12 0xffffffffffffffff
core   0: 0x0000000080000198 (0x0000c032) c.swsp  a2, 0(sp)
3 0x0000000080000198 (0x0000c032)
core   0: 0x000000008000019a (0xfff0079b) addiw   a5, zero, -1
3 0x000000008000019a (0xfff0079b) x15 0xffffffffffffffff
core   0: 0x000000008000019e (0x03f79793) slli    a5, a5, 63
3 0x000000008000019e (0x03f79793) x15 0x8000000000000000
core   0: 0x00000000800001a2 (0xfff78793) addi    a5, a5, -1
3 0x00000000800001a2 (0xfff78793) x15 0x7fffffffffffffff
core   0: 0x00000000800001a6 (0x4017d71b) sraiw   a4, a5, 1
3 0x00000000800001a6 (0x4017d71b) x14 0xffffffffffffffff
core   0: 0x00000000800001aa (0x0000c43a) c.swsp  a4, 8(sp)
3 0x00000000800001aa (0x0000c43a)
core   0: 0x00000000800001ac (0xfff0089b) addiw   a7, zero, -1
3 0x00000000800001ac (0xfff0089b) x17 0xffffffffffffffff
core   0: 0x00000000800001b0 (0x03f89893) slli    a7, a7, 63
3 0x00000000800001b0 (0x03f89893) x17 0x8000000000000000
core   0: 0x00000000800001b4 (0xfff88893) addi    a7, a7, -1
3 0x00000000800001b4 (0xfff88893) x17 0x7fffffffffffffff
core   0: 0x00000000800001b8 (0x40f8d81b) sraiw   a6, a7, 15
3 0x00000000800001b8 (0x40f8d81b) x16 0xffffffffffffffff
core   0: 0x00000000800001bc (0x0000c842) c.swsp  a6, 16(sp)
3 0x00000000800001bc (0x0000c842)
core   0: 0x00000000800001be (0xfff0099b) addiw   s3, zero, -1
3 0x00000000800001be (0xfff0099b) x19 0xffffffffffffffff
core   0: 0x00000000800001c2 (0x03f99993) slli    s3, s3, 63
3 0x00000000800001c2 (0x03f99993) x19 0x8000000000000000
core   0: 0x00000000800001c6 (0xfff98993) addi    s3, s3, -1
3 0x00000000800001c6 (0xfff98993) x19 0x7fffffffffffffff
core   0: 0x00000000800001ca (0x4109d91b) sraiw   s2, s3, 16
3 0x00000000800001ca (0x4109d91b) x18 0xffffffffffffffff
core   0: 0x00000000800001ce (0x0000cc4a) c.swsp  s2, 24(sp)
3 0x00000000800001ce (0x0000cc4a)
core   0: 0x00000000800001d0 (0xfff00a9b) addiw   s5, zero, -1
3 0x00000000800001d0 (0xfff00a9b) x21 0xffffffffffffffff
core   0: 0x00000000800001d4 (0x03fa9a93) slli    s5, s5, 63
3 0x00000000800001d4 (0x03fa9a93) x21 0x8000000000000000
core   0: 0x00000000800001d8 (0xfffa8a93) addi    s5, s5, -1
3 0x00000000800001d8 (0xfffa8a93) x21 0x7fffffffffffffff
core   0: 0x00000000800001dc (0x41fada1b) sraiw   s4, s5, 31
3 0x00000000800001dc (0x41fada1b) x20 0xffffffffffffffff
core   0: 0x00000000800001e0 (0x0000d052) c.swsp  s4, 32(sp)
3 0x00000000800001e0 (0x0000d052)
core   0: 0x00000000800001e2 (0x00002117) auipc   sp, 0x2
3 0x00000000800001e2 (0x00002117) x 2 0x00000000800021e2
core   0: 0x00000000800001e6 (0xebe10113) addi    sp, sp, -322
3 0x00000000800001e6 (0xebe10113) x 2 0x00000000800020a0
core   0: 0x00000000800001ea (0xfff00b9b) addiw   s7, zero, -1
3 0x00000000800001ea (0xfff00b9b) x23 0xffffffffffffffff
core   0: 0x00000000800001ee (0x03fb9b93) slli    s7, s7, 63
3 0x00000000800001ee (0x03fb9b93) x23 0x8000000000000000
core   0: 0x00000000800001f2 (0x400bdb1b) sraiw   s6, s7, 0
3 0x00000000800001f2 (0x400bdb1b) x22 0x0000000000000000
core   0: 0x00000000800001f6 (0x0000c05a) c.swsp  s6, 0(sp)
3 0x00000000800001f6 (0x0000c05a)
core   0: 0x00000000800001f8 (0xfff00c9b) addiw   s9, zero, -1
3 0x00000000800001f8 (0xfff00c9b) x25 0xffffffffffffffff
core   0: 0x00000000800001fc (0x03fc9c93) slli    s9, s9, 63
3 0x00000000800001fc (0x03fc9c93) x25 0x8000000000000000
core   0: 0x0000000080000200 (0x401cdc1b) sraiw   s8, s9, 1
3 0x0000000080000200 (0x401cdc1b) x24 0x0000000000000000
core   0: 0x0000000080000204 (0x0000c462) c.swsp  s8, 8(sp)
3 0x0000000080000204 (0x0000c462)
core   0: 0x0000000080000206 (0xfff00d9b) addiw   s11, zero, -1
3 0x0000000080000206 (0xfff00d9b) x27 0xffffffffffffffff
core   0: 0x000000008000020a (0x03fd9d93) slli    s11, s11, 63
3 0x000000008000020a (0x03fd9d93) x27 0x8000000000000000
core   0: 0x000000008000020e (0x40fddd1b) sraiw   s10, s11, 15
3 0x000000008000020e (0x40fddd1b) x26 0x0000000000000000
core   0: 0x0000000080000212 (0x0000c86a) c.swsp  s10, 16(sp)
3 0x0000000080000212 (0x0000c86a)
core   0: 0x0000000080000214 (0xfff00e9b) addiw   t4, zero, -1
3 0x0000000080000214 (0xfff00e9b) x29 0xffffffffffffffff
core   0: 0x0000000080000218 (0x03fe9e93) slli    t4, t4, 63
3 0x0000000080000218 (0x03fe9e93) x29 0x8000000000000000
core   0: 0x000000008000021c (0x410ede1b) sraiw   t3, t4, 16
3 0x000000008000021c (0x410ede1b) x28 0x0000000000000000
core   0: 0x0000000080000220 (0x0000cc72) c.swsp  t3, 24(sp)
3 0x0000000080000220 (0x0000cc72)
core   0: 0x0000000080000222 (0xfff00a9b) addiw   s5, zero, -1
3 0x0000000080000222 (0xfff00a9b) x21 0xffffffffffffffff
core   0: 0x0000000080000226 (0x03fa9a93) slli    s5, s5, 63
3 0x0000000080000226 (0x03fa9a93) x21 0x8000000000000000
core   0: 0x000000008000022a (0x41fadf1b) sraiw   t5, s5, 31
3 0x000000008000022a (0x41fadf1b) x30 0x0000000000000000
core   0: 0x000000008000022e (0x0000d07a) c.swsp  t5, 32(sp)
3 0x000000008000022e (0x0000d07a)
core   0: 0x0000000080000230 (0x0ff0000f) fence   iorw,iorw
3 0x0000000080000230 (0x0ff0000f)
core   0: 0x0000000080000234 (0x00004185) c.li    gp, 1
3 0x0000000080000234 (0x00004185) x 3 0x0000000000000001
core   0: 0x0000000080000236 (0x00000073) ecall
3 0x0000000080000236 (0x00000073)
