core   0: 0x0000000000010000 (0x00100413) li      s0, 1
3 0x0000000000010000 (0x00100413) x 8 0x0000000000000001
core   0: 0x0000000000010004 (0x01f41413) slli    s0, s0, 31
3 0x0000000000010004 (0x01f41413) x 8 0x0000000080000000
core   0: 0x0000000000010008 (0xf1402573) csrr    a0, mhartid
3 0x0000000000010008 (0xf1402573) x10 0x0000000000000000
core   0: 0x000000000001000c (0x00000597) auipc   a1, 0x0
3 0x000000000001000c (0x00000597) x11 0x000000000001000c
core   0: 0x0000000000010010 (0x07458593) addi    a1, a1, 116
3 0x0000000000010010 (0x07458593) x11 0x0000000000010080
core   0: 0x0000000000010014 (0x00040067) jr      s0
3 0x0000000000010014 (0x00040067)
core   0: 0x0000000080000000 (0x0000a081) c.j     pc + 64
3 0x0000000080000000 (0x0000a081)
core   0: 0x0000000080000040 (0xf1402573) csrr    a0, mhartid
3 0x0000000080000040 (0xf1402573) x10 0x0000000000000000
core   0: 0x0000000080000044 (0x0000e101) c.bnez  a0, pc + 0
3 0x0000000080000044 (0x0000e101)
core   0: 0x0000000080000046 (0x00000297) auipc   t0, 0x0
3 0x0000000080000046 (0x00000297) x 5 0x0000000080000046
core   0: 0x000000008000004a (0x01228293) addi    t0, t0, 18
3 0x000000008000004a (0x01228293) x 5 0x0000000080000058
core   0: 0x000000008000004e (0x30529073) csrw    mtvec, t0
3 0x000000008000004e (0x30529073)
core   0: 0x0000000080000052 (0x18005073) csrwi   satp, 0
3 0x0000000080000052 (0x18005073)
core   0: 0x0000000080000056 (0x00000001) c.nop
3 0x0000000080000056 (0x00000001)
core   0: 0x0000000080000058 (0x00000297) auipc   t0, 0x0
3 0x0000000080000058 (0x00000297) x 5 0x0000000080000058
core   0: 0x000000008000005c (0x01828293) addi    t0, t0, 24
3 0x000000008000005c (0x01828293) x 5 0x0000000080000070
core   0: 0x0000000080000060 (0x30529073) csrw    mtvec, t0
3 0x0000000080000060 (0x30529073)
core   0: 0x0000000080000064 (0x000052fd) c.li    t0, -1
3 0x0000000080000064 (0x000052fd) x 5 0xffffffffffffffff
core   0: 0x0000000080000066 (0x3b029073) csrw    pmpaddr0, t0
3 0x0000000080000066 (0x3b029073)
core   0: 0x000000008000006a (0x000042fd) c.li    t0, 31
3 0x000000008000006a (0x000042fd) x 5 0x000000000000001f
core   0: 0x000000008000006c (0x3a029073) csrw    pmpcfg0, t0
3 0x000000008000006c (0x3a029073)
core   0: 0x0000000080000070 (0x00000297) auipc   t0, 0x0
3 0x0000000080000070 (0x00000297) x 5 0x0000000080000070
core   0: 0x0000000080000074 (0x01828293) addi    t0, t0, 24
3 0x0000000080000074 (0x01828293) x 5 0x0000000080000088
core   0: 0x0000000080000078 (0x30529073) csrw    mtvec, t0
3 0x0000000080000078 (0x30529073)
core   0: 0x000000008000007c (0x30205073) csrwi   medeleg, 0
3 0x000000008000007c (0x30205073)
core   0: 0x0000000080000080 (0x30305073) csrwi   mideleg, 0
3 0x0000000080000080 (0x30305073)
core   0: 0x0000000080000084 (0x30405073) csrwi   mie, 0
3 0x0000000080000084 (0x30405073)
core   0: 0x0000000080000088 (0x00004181) c.li    gp, 0
3 0x0000000080000088 (0x00004181) x 3 0x0000000000000000
core   0: 0x000000008000008a (0x00000297) auipc   t0, 0x0
3 0x000000008000008a (0x00000297) x 5 0x000000008000008a
core   0: 0x000000008000008e (0xf7a28293) addi    t0, t0, -134
3 0x000000008000008e (0xf7a28293) x 5 0x0000000080000004
core   0: 0x0000000080000092 (0x30529073) csrw    mtvec, t0
3 0x0000000080000092 (0x30529073)
core   0: 0x0000000080000096 (0x00004505) c.li    a0, 1
3 0x0000000080000096 (0x00004505) x10 0x0000000000000001
core   0: 0x0000000080000098 (0x0000057e) c.slli  a0, 31
3 0x0000000080000098 (0x0000057e) x10 0x0000000080000000
core   0: 0x000000008000009a (0x00055d63) bgez    a0, pc + 26
3 0x000000008000009a (0x00055d63)
core   0: 0x00000000800000b4 (0x80000297) auipc   t0, 0x80000
3 0x00000000800000b4 (0x80000297) x 5 0x00000000000000b4
core   0: 0x00000000800000b8 (0xf4c28293) addi    t0, t0, -180
3 0x00000000800000b8 (0xf4c28293) x 5 0x0000000000000000
core   0: 0x00000000800000bc (0x00028e63) beqz    t0, pc + 28
3 0x00000000800000bc (0x00028e63)
core   0: 0x00000000800000d8 (0x30005073) csrwi   mstatus, 0
3 0x00000000800000d8 (0x30005073)
core   0: 0x00000000800000dc (0x00000297) auipc   t0, 0x0
3 0x00000000800000dc (0x00000297) x 5 0x00000000800000dc
core   0: 0x00000000800000e0 (0x01428293) addi    t0, t0, 20
3 0x00000000800000e0 (0x01428293) x 5 0x00000000800000f0
core   0: 0x00000000800000e4 (0x34129073) csrw    mepc, t0
3 0x00000000800000e4 (0x34129073)
core   0: 0x00000000800000e8 (0xf1402573) csrr    a0, mhartid
3 0x00000000800000e8 (0xf1402573) x10 0x0000000000000000
core   0: 0x00000000800000ec (0x30200073) mret
3 0x00000000800000ec (0x30200073)
core   0: 0x00000000800000f0 (0x800000b7) lui     ra, 0x80000
0 0x00000000800000f0 (0x800000b7) x 1 0xffffffff80000000
core   0: 0x00000000800000f4 (0x00004101) c.li    sp, 0
0 0x00000000800000f4 (0x00004101) x 2 0x0000000000000000
core   0: 0x00000000800000f6 (0x0020df33) srl     t5, ra, sp
0 0x00000000800000f6 (0x0020df33) x30 0xffffffff80000000
core   0: 0x00000000800000fa (0x80000eb7) lui     t4, 0x80000
0 0x00000000800000fa (0x80000eb7) x29 0xffffffff80000000
core   0: 0x00000000800000fe (0x00004189) c.li    gp, 2
0 0x00000000800000fe (0x00004189) x 3 0x0000000000000002
core   0: 0x0000000080000100 (0x00002e17) auipc   t3, 0x2
0 0x0000000080000100 (0x00002e17) x28 0x0000000080002100
core   0: 0x0000000080000104 (0xf00e0e13) addi    t3, t3, -256
0 0x0000000080000104 (0xf00e0e13) x28 0x0000000080002000
core   0: 0x0000000080000108 (0x01ee2423) sw      t5, 8(t3)
0 0x0000000080000108 (0x01ee2423)
core   0: 0x000000008000010c (0x6ddf1063) bne     t5, t4, pc + 1728
0 0x000000008000010c (0x6ddf1063)
core   0: 0x0000000080000110 (0x800000b7) lui     ra, 0x80000
0 0x0000000080000110 (0x800000b7) x 1 0xffffffff80000000
core   0: 0x0000000080000114 (0x00004105) c.li    sp, 1
0 0x0000000080000114 (0x00004105) x 2 0x0000000000000001
core   0: 0x0000000080000116 (0x0020df33) srl     t5, ra, sp
0 0x0000000080000116 (0x0020df33) x30 0x7fffffffc0000000
core   0: 0x000000008000011a (0x00100e9b) addiw   t4, zero, 1
0 0x000000008000011a (0x00100e9b) x29 0x0000000000000001
core   0: 0x000000008000011e (0x021e9e93) slli    t4, t4, 33
0 0x000000008000011e (0x021e9e93) x29 0x0000000200000000
core   0: 0x0000000080000122 (0xfffe8e93) addi    t4, t4, -1
0 0x0000000080000122 (0xfffe8e93) x29 0x00000001ffffffff
core   0: 0x0000000080000126 (0x01ee9e93) slli    t4, t4, 30
0 0x0000000080000126 (0x01ee9e93) x29 0x7fffffffc0000000
core   0: 0x000000008000012a (0x0000418d) c.li    gp, 3
0 0x000000008000012a (0x0000418d) x 3 0x0000000000000003
core   0: 0x000000008000012c (0x00002e17) auipc   t3, 0x2
0 0x000000008000012c (0x00002e17) x28 0x000000008000212c
core   0: 0x0000000080000130 (0xed4e0e13) addi    t3, t3, -300
0 0x0000000080000130 (0xed4e0e13) x28 0x0000000080002000
core   0: 0x0000000080000134 (0x01ee2623) sw      t5, 12(t3)
0 0x0000000080000134 (0x01ee2623)
core   0: 0x0000000080000138 (0x69df1a63) bne     t5, t4, pc + 1684
0 0x0000000080000138 (0x69df1a63)
core   0: 0x000000008000013c (0x800000b7) lui     ra, 0x80000
0 0x000000008000013c (0x800000b7) x 1 0xffffffff80000000
core   0: 0x0000000080000140 (0x0000411d) c.li    sp, 7
0 0x0000000080000140 (0x0000411d) x 2 0x0000000000000007
core   0: 0x0000000080000142 (0x0020df33) srl     t5, ra, sp
0 0x0000000080000142 (0x0020df33) x30 0x01ffffffff000000
core   0: 0x0000000080000146 (0x00100e9b) addiw   t4, zero, 1
0 0x0000000080000146 (0x00100e9b) x29 0x0000000000000001
core   0: 0x000000008000014a (0x021e9e93) slli    t4, t4, 33
0 0x000000008000014a (0x021e9e93) x29 0x0000000200000000
core   0: 0x000000008000014e (0xfffe8e93) addi    t4, t4, -1
0 0x000000008000014e (0xfffe8e93) x29 0x00000001ffffffff
core   0: 0x0000000080000152 (0x018e9e93) slli    t4, t4, 24
0 0x0000000080000152 (0x018e9e93) x29 0x01ffffffff000000
core   0: 0x0000000080000156 (0x00004191) c.li    gp, 4
0 0x0000000080000156 (0x00004191) x 3 0x0000000000000004
core   0: 0x0000000080000158 (0x00002e17) auipc   t3, 0x2
0 0x0000000080000158 (0x00002e17) x28 0x0000000080002158
core   0: 0x000000008000015c (0xea8e0e13) addi    t3, t3, -344
0 0x000000008000015c (0xea8e0e13) x28 0x0000000080002000
core   0: 0x0000000080000160 (0x01ee2823) sw      t5, 16(t3)
0 0x0000000080000160 (0x01ee2823)
core   0: 0x0000000080000164 (0x67df1463) bne     t5, t4, pc + 1640
0 0x0000000080000164 (0x67df1463)
core   0: 0x0000000080000168 (0x800000b7) lui     ra, 0x80000
0 0x0000000080000168 (0x800000b7) x 1 0xffffffff80000000
core   0: 0x000000008000016c (0x00004139) c.li    sp, 14
0 0x000000008000016c (0x00004139) x 2 0x000000000000000e
core   0: 0x000000008000016e (0x0020df33) srl     t5, ra, sp
0 0x000000008000016e (0x0020df33) x30 0x0003fffffffe0000
core   0: 0x0000000080000172 (0x00100e9b) addiw   t4, zero, 1
0 0x0000000080000172 (0x00100e9b) x29 0x0000000000000001
core   0: 0x0000000080000176 (0x021e9e93) slli    t4, t4, 33
0 0x0000000080000176 (0x021e9e93) x29 0x0000000200000000
core   0: 0x000000008000017a (0xfffe8e93) addi    t4, t4, -1
0 0x000000008000017a (0xfffe8e93) x29 0x00000001ffffffff
core   0: 0x000000008000017e (0x011e9e93) slli    t4, t4, 17
0 0x000000008000017e (0x011e9e93) x29 0x0003fffffffe0000
core   0: 0x0000000080000182 (0x00004195) c.li    gp, 5
0 0x0000000080000182 (0x00004195) x 3 0x0000000000000005
core   0: 0x0000000080000184 (0x00002e17) auipc   t3, 0x2
0 0x0000000080000184 (0x00002e17) x28 0x0000000080002184
core   0: 0x0000000080000188 (0xe7ce0e13) addi    t3, t3, -388
0 0x0000000080000188 (0xe7ce0e13) x28 0x0000000080002000
core   0: 0x000000008000018c (0x01ee2a23) sw      t5, 20(t3)
0 0x000000008000018c (0x01ee2a23)
core   0: 0x0000000080000190 (0x63df1e63) bne     t5, t4, pc + 1596
0 0x0000000080000190 (0x63df1e63)
core   0: 0x0000000080000194 (0x800000b7) lui     ra, 0x80000
0 0x0000000080000194 (0x800000b7) x 1 0xffffffff80000000
core   0: 0x0000000080000198 (0x0010809b) addiw   ra, ra, 1
0 0x0000000080000198 (0x0010809b) x 1 0xffffffff80000001
core   0: 0x000000008000019c (0x0000417d) c.li    sp, 31
0 0x000000008000019c (0x0000417d) x 2 0x000000000000001f
core   0: 0x000000008000019e (0x0020df33) srl     t5, ra, sp
0 0x000000008000019e (0x0020df33) x30 0x00000001ffffffff
core   0: 0x00000000800001a2 (0x00100e9b) addiw   t4, zero, 1
0 0x00000000800001a2 (0x00100e9b) x29 0x0000000000000001
core   0: 0x00000000800001a6 (0x021e9e93) slli    t4, t4, 33
0 0x00000000800001a6 (0x021e9e93) x29 0x0000000200000000
core   0: 0x00000000800001aa (0xfffe8e93) addi    t4, t4, -1
0 0x00000000800001aa (0xfffe8e93) x29 0x00000001ffffffff
core   0: 0x00000000800001ae (0x00004199) c.li    gp, 6
0 0x00000000800001ae (0x00004199) x 3 0x0000000000000006
core   0: 0x00000000800001b0 (0x00002e17) auipc   t3, 0x2
0 0x00000000800001b0 (0x00002e17) x28 0x00000000800021b0
core   0: 0x00000000800001b4 (0xe50e0e13) addi    t3, t3, -432
0 0x00000000800001b4 (0xe50e0e13) x28 0x0000000080002000
core   0: 0x00000000800001b8 (0x01ee2c23) sw      t5, 24(t3)
0 0x00000000800001b8 (0x01ee2c23)
core   0: 0x00000000800001bc (0x61df1863) bne     t5, t4, pc + 1552
0 0x00000000800001bc (0x61df1863)
core   0: 0x00000000800001c0 (0x000050fd) c.li    ra, -1
0 0x00000000800001c0 (0x000050fd) x 1 0xffffffffffffffff
core   0: 0x00000000800001c2 (0x00004101) c.li    sp, 0
0 0x00000000800001c2 (0x00004101) x 2 0x0000000000000000
core   0: 0x00000000800001c4 (0x0020df33) srl     t5, ra, sp
0 0x00000000800001c4 (0x0020df33) x30 0xffffffffffffffff
core   0: 0x00000000800001c8 (0x00005efd) c.li    t4, -1
0 0x00000000800001c8 (0x00005efd) x29 0xffffffffffffffff
core   0: 0x00000000800001ca (0x0000419d) c.li    gp, 7
0 0x00000000800001ca (0x0000419d) x 3 0x0000000000000007
core   0: 0x00000000800001cc (0x00002e17) auipc   t3, 0x2
0 0x00000000800001cc (0x00002e17) x28 0x00000000800021cc
core   0: 0x00000000800001d0 (0xe34e0e13) addi    t3, t3, -460
0 0x00000000800001d0 (0xe34e0e13) x28 0x0000000080002000
core   0: 0x00000000800001d4 (0x01ee2e23) sw      t5, 28(t3)
0 0x00000000800001d4 (0x01ee2e23)
core   0: 0x00000000800001d8 (0x5fdf1a63) bne     t5, t4, pc + 1524
0 0x00000000800001d8 (0x5fdf1a63)
core   0: 0x00000000800001dc (0x000050fd) c.li    ra, -1
0 0x00000000800001dc (0x000050fd) x 1 0xffffffffffffffff
core   0: 0x00000000800001de (0x00004105) c.li    sp, 1
0 0x00000000800001de (0x00004105) x 2 0x0000000000000001
core   0: 0x00000000800001e0 (0x0020df33) srl     t5, ra, sp
0 0x00000000800001e0 (0x0020df33) x30 0x7fffffffffffffff
core   0: 0x00000000800001e4 (0xfff00e9b) addiw   t4, zero, -1
0 0x00000000800001e4 (0xfff00e9b) x29 0xffffffffffffffff
core   0: 0x00000000800001e8 (0x03fe9e93) slli    t4, t4, 63
0 0x00000000800001e8 (0x03fe9e93) x29 0x8000000000000000
core   0: 0x00000000800001ec (0xfffe8e93) addi    t4, t4, -1
0 0x00000000800001ec (0xfffe8e93) x29 0x7fffffffffffffff
core   0: 0x00000000800001f0 (0x000041a1) c.li    gp, 8
0 0x00000000800001f0 (0x000041a1) x 3 0x0000000000000008
core   0: 0x00000000800001f2 (0x00002e17) auipc   t3, 0x2
0 0x00000000800001f2 (0x00002e17) x28 0x00000000800021f2
core   0: 0x00000000800001f6 (0xe0ee0e13) addi    t3, t3, -498
0 0x00000000800001f6 (0xe0ee0e13) x28 0x0000000080002000
core   0: 0x00000000800001fa (0x03ee2023) sw      t5, 32(t3)
0 0x00000000800001fa (0x03ee2023)
core   0: 0x00000000800001fe (0x5ddf1763) bne     t5, t4, pc + 1486
0 0x00000000800001fe (0x5ddf1763)
core   0: 0x0000000080000202 (0x000050fd) c.li    ra, -1
0 0x0000000080000202 (0x000050fd) x 1 0xffffffffffffffff
core   0: 0x0000000080000204 (0x0000411d) c.li    sp, 7
0 0x0000000080000204 (0x0000411d) x 2 0x0000000000000007
core   0: 0x0000000080000206 (0x0020df33) srl     t5, ra, sp
0 0x0000000080000206 (0x0020df33) x30 0x01ffffffffffffff
core   0: 0x000000008000020a (0x00100e9b) addiw   t4, zero, 1
0 0x000000008000020a (0x00100e9b) x29 0x0000000000000001
core   0: 0x000000008000020e (0x039e9e93) slli    t4, t4, 57
0 0x000000008000020e (0x039e9e93) x29 0x0200000000000000
core   0: 0x0000000080000212 (0xfffe8e93) addi    t4, t4, -1
0 0x0000000080000212 (0xfffe8e93) x29 0x01ffffffffffffff
core   0: 0x0000000080000216 (0x000041a5) c.li    gp, 9
0 0x0000000080000216 (0x000041a5) x 3 0x0000000000000009
core   0: 0x0000000080000218 (0x00002e17) auipc   t3, 0x2
0 0x0000000080000218 (0x00002e17) x28 0x0000000080002218
core   0: 0x000000008000021c (0xde8e0e13) addi    t3, t3, -536
0 0x000000008000021c (0xde8e0e13) x28 0x0000000080002000
core   0: 0x0000000080000220 (0x03ee2223) sw      t5, 36(t3)
0 0x0000000080000220 (0x03ee2223)
core   0: 0x0000000080000224 (0x5bdf1463) bne     t5, t4, pc + 1448
0 0x0000000080000224 (0x5bdf1463)
core   0: 0x0000000080000228 (0x000050fd) c.li    ra, -1
0 0x0000000080000228 (0x000050fd) x 1 0xffffffffffffffff
core   0: 0x000000008000022a (0x00004139) c.li    sp, 14
0 0x000000008000022a (0x00004139) x 2 0x000000000000000e
core   0: 0x000000008000022c (0x0020df33) srl     t5, ra, sp
0 0x000000008000022c (0x0020df33) x30 0x0003ffffffffffff
core   0: 0x0000000080000230 (0x00100e9b) addiw   t4, zero, 1
0 0x0000000080000230 (0x00100e9b) x29 0x0000000000000001
core   0: 0x0000000080000234 (0x032e9e93) slli    t4, t4, 50
0 0x0000000080000234 (0x032e9e93) x29 0x0004000000000000
core   0: 0x0000000080000238 (0xfffe8e93) addi    t4, t4, -1
0 0x0000000080000238 (0xfffe8e93) x29 0x0003ffffffffffff
core   0: 0x000000008000023c (0x000041a9) c.li    gp, 10
0 0x000000008000023c (0x000041a9) x 3 0x000000000000000a
core   0: 0x000000008000023e (0x00002e17) auipc   t3, 0x2
0 0x000000008000023e (0x00002e17) x28 0x000000008000223e
core   0: 0x0000000080000242 (0xdc2e0e13) addi    t3, t3, -574
0 0x0000000080000242 (0xdc2e0e13) x28 0x0000000080002000
core   0: 0x0000000080000246 (0x03ee2423) sw      t5, 40(t3)
0 0x0000000080000246 (0x03ee2423)
core   0: 0x000000008000024a (0x59df1163) bne     t5, t4, pc + 1410
0 0x000000008000024a (0x59df1163)
core   0: 0x000000008000024e (0x000050fd) c.li    ra, -1
0 0x000000008000024e (0x000050fd) x 1 0xffffffffffffffff
core   0: 0x0000000080000250 (0x0000417d) c.li    sp, 31
0 0x0000000080000250 (0x0000417d) x 2 0x000000000000001f
core   0: 0x0000000080000252 (0x0020df33) srl     t5, ra, sp
0 0x0000000080000252 (0x0020df33) x30 0x00000001ffffffff
core   0: 0x0000000080000256 (0x00100e9b) addiw   t4, zero, 1
0 0x0000000080000256 (0x00100e9b) x29 0x0000000000000001
core   0: 0x000000008000025a (0x021e9e93) slli    t4, t4, 33
0 0x000000008000025a (0x021e9e93) x29 0x0000000200000000
core   0: 0x000000008000025e (0xfffe8e93) addi    t4, t4, -1
0 0x000000008000025e (0xfffe8e93) x29 0x00000001ffffffff
core   0: 0x0000000080000262 (0x000041ad) c.li    gp, 11
0 0x0000000080000262 (0x000041ad) x 3 0x000000000000000b
core   0: 0x0000000080000264 (0x00002e17) auipc   t3, 0x2
0 0x0000000080000264 (0x00002e17) x28 0x0000000080002264
core   0: 0x0000000080000268 (0xd9ce0e13) addi    t3, t3, -612
0 0x0000000080000268 (0xd9ce0e13) x28 0x0000000080002000
core   0: 0x000000008000026c (0x03ee2623) sw      t5, 44(t3)
0 0x000000008000026c (0x03ee2623)
core   0: 0x0000000080000270 (0x55df1e63) bne     t5, t4, pc + 1372
0 0x0000000080000270 (0x55df1e63)
core   0: 0x0000000080000274 (0x212120b7) lui     ra, 0x21212
0 0x0000000080000274 (0x212120b7) x 1 0x0000000021212000
core   0: 0x0000000080000278 (0x1210809b) addiw   ra, ra, 289
0 0x0000000080000278 (0x1210809b) x 1 0x0000000021212121
core   0: 0x000000008000027c (0x00004101) c.li    sp, 0
0 0x000000008000027c (0x00004101) x 2 0x0000000000000000
core   0: 0x000000008000027e (0x0020df33) srl     t5, ra, sp
0 0x000000008000027e (0x0020df33) x30 0x0000000021212121
core   0: 0x0000000080000282 (0x21212eb7) lui     t4, 0x21212
0 0x0000000080000282 (0x21212eb7) x29 0x0000000021212000
core   0: 0x0000000080000286 (0x121e8e9b) addiw   t4, t4, 289
0 0x0000000080000286 (0x121e8e9b) x29 0x0000000021212121
core   0: 0x000000008000028a (0x000041b1) c.li    gp, 12
0 0x000000008000028a (0x000041b1) x 3 0x000000000000000c
core   0: 0x000000008000028c (0x00002e17) auipc   t3, 0x2
0 0x000000008000028c (0x00002e17) x28 0x000000008000228c
core   0: 0x0000000080000290 (0xd74e0e13) addi    t3, t3, -652
0 0x0000000080000290 (0xd74e0e13) x28 0x0000000080002000
core   0: 0x0000000080000294 (0x03ee2823) sw      t5, 48(t3)
0 0x0000000080000294 (0x03ee2823)
core   0: 0x0000000080000298 (0x53df1a63) bne     t5, t4, pc + 1332
0 0x0000000080000298 (0x53df1a63)
core   0: 0x000000008000029c (0x212120b7) lui     ra, 0x21212
0 0x000000008000029c (0x212120b7) x 1 0x0000000021212000
core   0: 0x00000000800002a0 (0x1210809b) addiw   ra, ra, 289
0 0x00000000800002a0 (0x1210809b) x 1 0x0000000021212121
core   0: 0x00000000800002a4 (0x00004105) c.li    sp, 1
0 0x00000000800002a4 (0x00004105) x 2 0x0000000000000001
core   0: 0x00000000800002a6 (0x0020df33) srl     t5, ra, sp
0 0x00000000800002a6 (0x0020df33) x30 0x0000000010909090
core   0: 0x00000000800002aa (0x10909eb7) lui     t4, 0x10909
0 0x00000000800002aa (0x10909eb7) x29 0x0000000010909000
core   0: 0x00000000800002ae (0x090e8e9b) addiw   t4, t4, 144
0 0x00000000800002ae (0x090e8e9b) x29 0x0000000010909090
core   0: 0x00000000800002b2 (0x000041b5) c.li    gp, 13
0 0x00000000800002b2 (0x000041b5) x 3 0x000000000000000d
core   0: 0x00000000800002b4 (0x00002e17) auipc   t3, 0x2
0 0x00000000800002b4 (0x00002e17) x28 0x00000000800022b4
core   0: 0x00000000800002b8 (0xd4ce0e13) addi    t3, t3, -692
0 0x00000000800002b8 (0xd4ce0e13) x28 0x0000000080002000
core   0: 0x00000000800002bc (0x03ee2a23) sw      t5, 52(t3)
0 0x00000000800002bc (0x03ee2a23)
core   0: 0x00000000800002c0 (0x51df1663) bne     t5, t4, pc + 1292
0 0x00000000800002c0 (0x51df1663)
core   0: 0x00000000800002c4 (0x212120b7) lui     ra, 0x21212
0 0x00000000800002c4 (0x212120b7) x 1 0x0000000021212000
core   0: 0x00000000800002c8 (0x1210809b) addiw   ra, ra, 289
0 0x00000000800002c8 (0x1210809b) x 1 0x0000000021212121
core   0: 0x00000000800002cc (0x0000411d) c.li    sp, 7
0 0x00000000800002cc (0x0000411d) x 2 0x0000000000000007
core   0: 0x00000000800002ce (0x0020df33) srl     t5, ra, sp
0 0x00000000800002ce (0x0020df33) x30 0x0000000000424242
core   0: 0x00000000800002d2 (0x00424eb7) lui     t4, 0x424
0 0x00000000800002d2 (0x00424eb7) x29 0x0000000000424000
core   0: 0x00000000800002d6 (0x242e8e9b) addiw   t4, t4, 578
0 0x00000000800002d6 (0x242e8e9b) x29 0x0000000000424242
core   0: 0x00000000800002da (0x000041b9) c.li    gp, 14
0 0x00000000800002da (0x000041b9) x 3 0x000000000000000e
core   0: 0x00000000800002dc (0x00002e17) auipc   t3, 0x2
0 0x00000000800002dc (0x00002e17) x28 0x00000000800022dc
core   0: 0x00000000800002e0 (0xd24e0e13) addi    t3, t3, -732
0 0x00000000800002e0 (0xd24e0e13) x28 0x0000000080002000
core   0: 0x00000000800002e4 (0x03ee2c23) sw      t5, 56(t3)
0 0x00000000800002e4 (0x03ee2c23)
core   0: 0x00000000800002e8 (0x4fdf1263) bne     t5, t4, pc + 1252
0 0x00000000800002e8 (0x4fdf1263)
core   0: 0x00000000800002ec (0x212120b7) lui     ra, 0x21212
0 0x00000000800002ec (0x212120b7) x 1 0x0000000021212000
core   0: 0x00000000800002f0 (0x1210809b) addiw   ra, ra, 289
0 0x00000000800002f0 (0x1210809b) x 1 0x0000000021212121
core   0: 0x00000000800002f4 (0x00004139) c.li    sp, 14
0 0x00000000800002f4 (0x00004139) x 2 0x000000000000000e
core   0: 0x00000000800002f6 (0x0020df33) srl     t5, ra, sp
0 0x00000000800002f6 (0x0020df33) x30 0x0000000000008484
core   0: 0x00000000800002fa (0x00008eb7) lui     t4, 0x8
0 0x00000000800002fa (0x00008eb7) x29 0x0000000000008000
core   0: 0x00000000800002fe (0x484e8e9b) addiw   t4, t4, 1156
0 0x00000000800002fe (0x484e8e9b) x29 0x0000000000008484
core   0: 0x0000000080000302 (0x000041bd) c.li    gp, 15
0 0x0000000080000302 (0x000041bd) x 3 0x000000000000000f
core   0: 0x0000000080000304 (0x00002e17) auipc   t3, 0x2
0 0x0000000080000304 (0x00002e17) x28 0x0000000080002304
core   0: 0x0000000080000308 (0xcfce0e13) addi    t3, t3, -772
0 0x0000000080000308 (0xcfce0e13) x28 0x0000000080002000
core   0: 0x000000008000030c (0x03ee2e23) sw      t5, 60(t3)
0 0x000000008000030c (0x03ee2e23)
core   0: 0x0000000080000310 (0x4bdf1e63) bne     t5, t4, pc + 1212
0 0x0000000080000310 (0x4bdf1e63)
core   0: 0x0000000080000314 (0x212120b7) lui     ra, 0x21212
0 0x0000000080000314 (0x212120b7) x 1 0x0000000021212000
core   0: 0x0000000080000318 (0x1210809b) addiw   ra, ra, 289
0 0x0000000080000318 (0x1210809b) x 1 0x0000000021212121
core   0: 0x000000008000031c (0x0000417d) c.li    sp, 31
0 0x000000008000031c (0x0000417d) x 2 0x000000000000001f
core   0: 0x000000008000031e (0x0020df33) srl     t5, ra, sp
0 0x000000008000031e (0x0020df33) x30 0x0000000000000000
core   0: 0x0000000080000322 (0x00004e81) c.li    t4, 0
0 0x0000000080000322 (0x00004e81) x29 0x0000000000000000
core   0: 0x0000000080000324 (0x000041c1) c.li    gp, 16
0 0x0000000080000324 (0x000041c1) x 3 0x0000000000000010
core   0: 0x0000000080000326 (0x00002e17) auipc   t3, 0x2
0 0x0000000080000326 (0x00002e17) x28 0x0000000080002326
core   0: 0x000000008000032a (0xcdae0e13) addi    t3, t3, -806
0 0x000000008000032a (0xcdae0e13) x28 0x0000000080002000
core   0: 0x000000008000032e (0x05ee2023) sw      t5, 64(t3)
0 0x000000008000032e (0x05ee2023)
core   0: 0x0000000080000332 (0x49df1d63) bne     t5, t4, pc + 1178
0 0x0000000080000332 (0x49df1d63)
core   0: 0x0000000080000336 (0x212120b7) lui     ra, 0x21212
0 0x0000000080000336 (0x212120b7) x 1 0x0000000021212000
core   0: 0x000000008000033a (0x1210809b) addiw   ra, ra, 289
0 0x000000008000033a (0x1210809b) x 1 0x0000000021212121
core   0: 0x000000008000033e (0xfc000113) li      sp, -64
0 0x000000008000033e (0xfc000113) x 2 0xffffffffffffffc0
core   0: 0x0000000080000342 (0x0020df33) srl     t5, ra, sp
0 0x0000000080000342 (0x0020df33) x30 0x0000000021212121
core   0: 0x0000000080000346 (0x21212eb7) lui     t4, 0x21212
0 0x0000000080000346 (0x21212eb7) x29 0x0000000021212000
core   0: 0x000000008000034a (0x121e8e9b) addiw   t4, t4, 289
0 0x000000008000034a (0x121e8e9b) x29 0x0000000021212121
core   0: 0x000000008000034e (0x000041c5) c.li    gp, 17
0 0x000000008000034e (0x000041c5) x 3 0x0000000000000011
core   0: 0x0000000080000350 (0x00002e17) auipc   t3, 0x2
0 0x0000000080000350 (0x00002e17) x28 0x0000000080002350
core   0: 0x0000000080000354 (0xcb0e0e13) addi    t3, t3, -848
0 0x0000000080000354 (0xcb0e0e13) x28 0x0000000080002000
core   0: 0x0000000080000358 (0x05ee2223) sw      t5, 68(t3)
0 0x0000000080000358 (0x05ee2223)
core   0: 0x000000008000035c (0x47df1863) bne     t5, t4, pc + 1136
0 0x000000008000035c (0x47df1863)
core   0: 0x0000000080000360 (0x212120b7) lui     ra, 0x21212
0 0x0000000080000360 (0x212120b7) x 1 0x0000000021212000
core   0: 0x0000000080000364 (0x1210809b) addiw   ra, ra, 289
0 0x0000000080000364 (0x1210809b) x 1 0x0000000021212121
core   0: 0x0000000080000368 (0xfc100113) li      sp, -63
0 0x0000000080000368 (0xfc100113) x 2 0xffffffffffffffc1
core   0: 0x000000008000036c (0x0020df33) srl     t5, ra, sp
0 0x000000008000036c (0x0020df33) x30 0x0000000010909090
core   0: 0x0000000080000370 (0x10909eb7) lui     t4, 0x10909
0 0x0000000080000370 (0x10909eb7) x29 0x0000000010909000
core   0: 0x0000000080000374 (0x090e8e9b) addiw   t4, t4, 144
0 0x0000000080000374 (0x090e8e9b) x29 0x0000000010909090
core   0: 0x0000000080000378 (0x000041c9) c.li    gp, 18
0 0x0000000080000378 (0x000041c9) x 3 0x0000000000000012
core   0: 0x000000008000037a (0x00002e17) auipc   t3, 0x2
0 0x000000008000037a (0x00002e17) x28 0x000000008000237a
core   0: 0x000000008000037e (0xc86e0e13) addi    t3, t3, -890
0 0x000000008000037e (0xc86e0e13) x28 0x0000000080002000
core   0: 0x0000000080000382 (0x05ee2423) sw      t5, 72(t3)
0 0x0000000080000382 (0x05ee2423)
core   0: 0x0000000080000386 (0x45df1363) bne     t5, t4, pc + 1094
0 0x0000000080000386 (0x45df1363)
core   0: 0x000000008000038a (0x212120b7) lui     ra, 0x21212
0 0x000000008000038a (0x212120b7) x 1 0x0000000021212000
core   0: 0x000000008000038e (0x1210809b) addiw   ra, ra, 289
0 0x000000008000038e (0x1210809b) x 1 0x0000000021212121
core   0: 0x0000000080000392 (0xfc700113) li      sp, -57
0 0x0000000080000392 (0xfc700113) x 2 0xffffffffffffffc7
core   0: 0x0000000080000396 (0x0020df33) srl     t5, ra, sp
0 0x0000000080000396 (0x0020df33) x30 0x0000000000424242
core   0: 0x000000008000039a (0x00424eb7) lui     t4, 0x424
0 0x000000008000039a (0x00424eb7) x29 0x0000000000424000
core   0: 0x000000008000039e (0x242e8e9b) addiw   t4, t4, 578
0 0x000000008000039e (0x242e8e9b) x29 0x0000000000424242
core   0: 0x00000000800003a2 (0x000041cd) c.li    gp, 19
0 0x00000000800003a2 (0x000041cd) x 3 0x0000000000000013
core   0: 0x00000000800003a4 (0x00002e17) auipc   t3, 0x2
0 0x00000000800003a4 (0x00002e17) x28 0x00000000800023a4
core   0: 0x00000000800003a8 (0xc5ce0e13) addi    t3, t3, -932
0 0x00000000800003a8 (0xc5ce0e13) x28 0x0000000080002000
core   0: 0x00000000800003ac (0x05ee2623) sw      t5, 76(t3)
0 0x00000000800003ac (0x05ee2623)
core   0: 0x00000000800003b0 (0x41df1e63) bne     t5, t4, pc + 1052
0 0x00000000800003b0 (0x41df1e63)
core   0: 0x00000000800003b4 (0x212120b7) lui     ra, 0x21212
0 0x00000000800003b4 (0x212120b7) x 1 0x0000000021212000
core   0: 0x00000000800003b8 (0x1210809b) addiw   ra, ra, 289
0 0x00000000800003b8 (0x1210809b) x 1 0x0000000021212121
core   0: 0x00000000800003bc (0xfce00113) li      sp, -50
0 0x00000000800003bc (0xfce00113) x 2 0xffffffffffffffce
core   0: 0x00000000800003c0 (0x0020df33) srl     t5, ra, sp
0 0x00000000800003c0 (0x0020df33) x30 0x0000000000008484
core   0: 0x00000000800003c4 (0x00008eb7) lui     t4, 0x8
0 0x00000000800003c4 (0x00008eb7) x29 0x0000000000008000
core   0: 0x00000000800003c8 (0x484e8e9b) addiw   t4, t4, 1156
0 0x00000000800003c8 (0x484e8e9b) x29 0x0000000000008484
core   0: 0x00000000800003cc (0x000041d1) c.li    gp, 20
0 0x00000000800003cc (0x000041d1) x 3 0x0000000000000014
core   0: 0x00000000800003ce (0x00002e17) auipc   t3, 0x2
0 0x00000000800003ce (0x00002e17) x28 0x00000000800023ce
core   0: 0x00000000800003d2 (0xc32e0e13) addi    t3, t3, -974
0 0x00000000800003d2 (0xc32e0e13) x28 0x0000000080002000
core   0: 0x00000000800003d6 (0x05ee2823) sw      t5, 80(t3)
0 0x00000000800003d6 (0x05ee2823)
core   0: 0x00000000800003da (0x3fdf1963) bne     t5, t4, pc + 1010
0 0x00000000800003da (0x3fdf1963)
core   0: 0x00000000800003de (0x212120b7) lui     ra, 0x21212
0 0x00000000800003de (0x212120b7) x 1 0x0000000021212000
core   0: 0x00000000800003e2 (0x1210809b) addiw   ra, ra, 289
0 0x00000000800003e2 (0x1210809b) x 1 0x0000000021212121
core   0: 0x00000000800003e6 (0x0000517d) c.li    sp, -1
0 0x00000000800003e6 (0x0000517d) x 2 0xffffffffffffffff
core   0: 0x00000000800003e8 (0x0020df33) srl     t5, ra, sp
0 0x00000000800003e8 (0x0020df33) x30 0x0000000000000000
core   0: 0x00000000800003ec (0x00004e81) c.li    t4, 0
0 0x00000000800003ec (0x00004e81) x29 0x0000000000000000
core   0: 0x00000000800003ee (0x000041d5) c.li    gp, 21
0 0x00000000800003ee (0x000041d5) x 3 0x0000000000000015
core   0: 0x00000000800003f0 (0x00002e17) auipc   t3, 0x2
0 0x00000000800003f0 (0x00002e17) x28 0x00000000800023f0
core   0: 0x00000000800003f4 (0xc10e0e13) addi    t3, t3, -1008
0 0x00000000800003f4 (0xc10e0e13) x28 0x0000000080002000
core   0: 0x00000000800003f8 (0x05ee2a23) sw      t5, 84(t3)
0 0x00000000800003f8 (0x05ee2a23)
core   0: 0x00000000800003fc (0x3ddf1863) bne     t5, t4, pc + 976
0 0x00000000800003fc (0x3ddf1863)
core   0: 0x0000000080000400 (0x0010009b) addiw   ra, zero, 1
0 0x0000000080000400 (0x0010009b) x 1 0x0000000000000001
core   0: 0x0000000080000404 (0x01f09093) slli    ra, ra, 31
0 0x0000000080000404 (0x01f09093) x 1 0x0000000080000000
core   0: 0x0000000080000408 (0x0000411d) c.li    sp, 7
0 0x0000000080000408 (0x0000411d) x 2 0x0000000000000007
core   0: 0x000000008000040a (0x0020d0b3) srl     ra, ra, sp
0 0x000000008000040a (0x0020d0b3) x 1 0x0000000001000000
core   0: 0x000000008000040e (0x01000eb7) lui     t4, 0x1000
0 0x000000008000040e (0x01000eb7) x29 0x0000000001000000
core   0: 0x0000000080000412 (0x000041d9) c.li    gp, 22
0 0x0000000080000412 (0x000041d9) x 3 0x0000000000000016
core   0: 0x0000000080000414 (0x00002e17) auipc   t3, 0x2
0 0x0000000080000414 (0x00002e17) x28 0x0000000080002414
core   0: 0x0000000080000418 (0xbece0e13) addi    t3, t3, -1044
0 0x0000000080000418 (0xbece0e13) x28 0x0000000080002000
core   0: 0x000000008000041c (0x041e2c23) sw      ra, 88(t3)
0 0x000000008000041c (0x041e2c23)
core   0: 0x0000000080000420 (0x3bd09663) bne     ra, t4, pc + 940
0 0x0000000080000420 (0x3bd09663)
core   0: 0x0000000080000424 (0x0010009b) addiw   ra, zero, 1
0 0x0000000080000424 (0x0010009b) x 1 0x0000000000000001
core   0: 0x0000000080000428 (0x01f09093) slli    ra, ra, 31
0 0x0000000080000428 (0x01f09093) x 1 0x0000000080000000
core   0: 0x000000008000042c (0x00004139) c.li    sp, 14
0 0x000000008000042c (0x00004139) x 2 0x000000000000000e
core   0: 0x000000008000042e (0x0020d133) srl     sp, ra, sp
0 0x000000008000042e (0x0020d133) x 2 0x0000000000020000
core   0: 0x0000000080000432 (0x00020eb7) lui     t4, 0x20
0 0x0000000080000432 (0x00020eb7) x29 0x0000000000020000
core   0: 0x0000000080000436 (0x000041dd) c.li    gp, 23
0 0x0000000080000436 (0x000041dd) x 3 0x0000000000000017
core   0: 0x0000000080000438 (0x00002e17) auipc   t3, 0x2
0 0x0000000080000438 (0x00002e17) x28 0x0000000080002438
core   0: 0x000000008000043c (0xbc8e0e13) addi    t3, t3, -1080
0 0x000000008000043c (0xbc8e0e13) x28 0x0000000080002000
core   0: 0x0000000080000440 (0x042e2e23) sw      sp, 92(t3)
0 0x0000000080000440 (0x042e2e23)
core   0: 0x0000000080000444 (0x39d11463) bne     sp, t4, pc + 904
0 0x0000000080000444 (0x39d11463)
core   0: 0x0000000080000448 (0x0000409d) c.li    ra, 7
0 0x0000000080000448 (0x0000409d) x 1 0x0000000000000007
core   0: 0x000000008000044a (0x0010d0b3) srl     ra, ra, ra
0 0x000000008000044a (0x0010d0b3) x 1 0x0000000000000000
core   0: 0x000000008000044e (0x00004e81) c.li    t4, 0
0 0x000000008000044e (0x00004e81) x29 0x0000000000000000
core   0: 0x0000000080000450 (0x000041e1) c.li    gp, 24
0 0x0000000080000450 (0x000041e1) x 3 0x0000000000000018
core   0: 0x0000000080000452 (0x00002e17) auipc   t3, 0x2
0 0x0000000080000452 (0x00002e17) x28 0x0000000080002452
core   0: 0x0000000080000456 (0xbaee0e13) addi    t3, t3, -1106
0 0x0000000080000456 (0xbaee0e13) x28 0x0000000080002000
core   0: 0x000000008000045a (0x061e2023) sw      ra, 96(t3)
0 0x000000008000045a (0x061e2023)
core   0: 0x000000008000045e (0x37d09763) bne     ra, t4, pc + 878
0 0x000000008000045e (0x37d09763)
core   0: 0x0000000080000462 (0x00004201) c.li    tp, 0
0 0x0000000080000462 (0x00004201) x 4 0x0000000000000000
core   0: 0x0000000080000464 (0x0010009b) addiw   ra, zero, 1
0 0x0000000080000464 (0x0010009b) x 1 0x0000000000000001
core   0: 0x0000000080000468 (0x01f09093) slli    ra, ra, 31
0 0x0000000080000468 (0x01f09093) x 1 0x0000000080000000
core   0: 0x000000008000046c (0x0000411d) c.li    sp, 7
0 0x000000008000046c (0x0000411d) x 2 0x0000000000000007
core   0: 0x000000008000046e (0x0020df33) srl     t5, ra, sp
0 0x000000008000046e (0x0020df33) x30 0x0000000001000000
core   0: 0x0000000080000472 (0x000f0313) mv      t1, t5
0 0x0000000080000472 (0x000f0313) x 6 0x0000000001000000
core   0: 0x0000000080000476 (0x00000205) c.addi  tp, 1
0 0x0000000080000476 (0x00000205) x 4 0x0000000000000001
core   0: 0x0000000080000478 (0x00004289) c.li    t0, 2
0 0x0000000080000478 (0x00004289) x 5 0x0000000000000002
core   0: 0x000000008000047a (0xfe5215e3) bne     tp, t0, pc - 22
0 0x000000008000047a (0xfe5215e3)
core   0: 0x0000000080000464 (0x0010009b) addiw   ra, zero, 1
0 0x0000000080000464 (0x0010009b) x 1 0x0000000000000001
core   0: 0x0000000080000468 (0x01f09093) slli    ra, ra, 31
0 0x0000000080000468 (0x01f09093) x 1 0x0000000080000000
core   0: 0x000000008000046c (0x0000411d) c.li    sp, 7
0 0x000000008000046c (0x0000411d) x 2 0x0000000000000007
core   0: 0x000000008000046e (0x0020df33) srl     t5, ra, sp
0 0x000000008000046e (0x0020df33) x30 0x0000000001000000
core   0: 0x0000000080000472 (0x000f0313) mv      t1, t5
0 0x0000000080000472 (0x000f0313) x 6 0x0000000001000000
core   0: 0x0000000080000476 (0x00000205) c.addi  tp, 1
0 0x0000000080000476 (0x00000205) x 4 0x0000000000000002
core   0: 0x0000000080000478 (0x00004289) c.li    t0, 2
0 0x0000000080000478 (0x00004289) x 5 0x0000000000000002
core   0: 0x000000008000047a (0xfe5215e3) bne     tp, t0, pc - 22
0 0x000000008000047a (0xfe5215e3)
core   0: 0x000000008000047e (0x01000eb7) lui     t4, 0x1000
0 0x000000008000047e (0x01000eb7) x29 0x0000000001000000
core   0: 0x0000000080000482 (0x000041e5) c.li    gp, 25
0 0x0000000080000482 (0x000041e5) x 3 0x0000000000000019
core   0: 0x0000000080000484 (0x00002e17) auipc   t3, 0x2
0 0x0000000080000484 (0x00002e17) x28 0x0000000080002484
core   0: 0x0000000080000488 (0xb7ce0e13) addi    t3, t3, -1156
0 0x0000000080000488 (0xb7ce0e13) x28 0x0000000080002000
core   0: 0x000000008000048c (0x066e2223) sw      t1, 100(t3)
0 0x000000008000048c (0x066e2223)
core   0: 0x0000000080000490 (0x33d31e63) bne     t1, t4, pc + 828
0 0x0000000080000490 (0x33d31e63)
core   0: 0x0000000080000494 (0x00004201) c.li    tp, 0
0 0x0000000080000494 (0x00004201) x 4 0x0000000000000000
core   0: 0x0000000080000496 (0x0010009b) addiw   ra, zero, 1
0 0x0000000080000496 (0x0010009b) x 1 0x0000000000000001
core   0: 0x000000008000049a (0x01f09093) slli    ra, ra, 31
0 0x000000008000049a (0x01f09093) x 1 0x0000000080000000
core   0: 0x000000008000049e (0x00004139) c.li    sp, 14
0 0x000000008000049e (0x00004139) x 2 0x000000000000000e
core   0: 0x00000000800004a0 (0x0020df33) srl     t5, ra, sp
0 0x00000000800004a0 (0x0020df33) x30 0x0000000000020000
core   0: 0x00000000800004a4 (0x00000001) c.nop
0 0x00000000800004a4 (0x00000001)
core   0: 0x00000000800004a6 (0x000f0313) mv      t1, t5
0 0x00000000800004a6 (0x000f0313) x 6 0x0000000000020000
core   0: 0x00000000800004aa (0x00000205) c.addi  tp, 1
0 0x00000000800004aa (0x00000205) x 4 0x0000000000000001
core   0: 0x00000000800004ac (0x00004289) c.li    t0, 2
0 0x00000000800004ac (0x00004289) x 5 0x0000000000000002
core   0: 0x00000000800004ae (0xfe5214e3) bne     tp, t0, pc - 24
0 0x00000000800004ae (0xfe5214e3)
core   0: 0x0000000080000496 (0x0010009b) addiw   ra, zero, 1
0 0x0000000080000496 (0x0010009b) x 1 0x0000000000000001
core   0: 0x000000008000049a (0x01f09093) slli    ra, ra, 31
0 0x000000008000049a (0x01f09093) x 1 0x0000000080000000
core   0: 0x000000008000049e (0x00004139) c.li    sp, 14
0 0x000000008000049e (0x00004139) x 2 0x000000000000000e
core   0: 0x00000000800004a0 (0x0020df33) srl     t5, ra, sp
0 0x00000000800004a0 (0x0020df33) x30 0x0000000000020000
core   0: 0x00000000800004a4 (0x00000001) c.nop
0 0x00000000800004a4 (0x00000001)
core   0: 0x00000000800004a6 (0x000f0313) mv      t1, t5
0 0x00000000800004a6 (0x000f0313) x 6 0x0000000000020000
core   0: 0x00000000800004aa (0x00000205) c.addi  tp, 1
0 0x00000000800004aa (0x00000205) x 4 0x0000000000000002
core   0: 0x00000000800004ac (0x00004289) c.li    t0, 2
0 0x00000000800004ac (0x00004289) x 5 0x0000000000000002
core   0: 0x00000000800004ae (0xfe5214e3) bne     tp, t0, pc - 24
0 0x00000000800004ae (0xfe5214e3)
core   0: 0x00000000800004b2 (0x00020eb7) lui     t4, 0x20
0 0x00000000800004b2 (0x00020eb7) x29 0x0000000000020000
core   0: 0x00000000800004b6 (0x000041e9) c.li    gp, 26
0 0x00000000800004b6 (0x000041e9) x 3 0x000000000000001a
core   0: 0x00000000800004b8 (0x00002e17) auipc   t3, 0x2
0 0x00000000800004b8 (0x00002e17) x28 0x00000000800024b8
core   0: 0x00000000800004bc (0xb48e0e13) addi    t3, t3, -1208
0 0x00000000800004bc (0xb48e0e13) x28 0x0000000080002000
core   0: 0x00000000800004c0 (0x066e2423) sw      t1, 104(t3)
0 0x00000000800004c0 (0x066e2423)
core   0: 0x00000000800004c4 (0x31d31463) bne     t1, t4, pc + 776
0 0x00000000800004c4 (0x31d31463)
core   0: 0x00000000800004c8 (0x00004201) c.li    tp, 0
0 0x00000000800004c8 (0x00004201) x 4 0x0000000000000000
core   0: 0x00000000800004ca (0x0010009b) addiw   ra, zero, 1
0 0x00000000800004ca (0x0010009b) x 1 0x0000000000000001
core   0: 0x00000000800004ce (0x01f09093) slli    ra, ra, 31
0 0x00000000800004ce (0x01f09093) x 1 0x0000000080000000
core   0: 0x00000000800004d2 (0x0000417d) c.li    sp, 31
0 0x00000000800004d2 (0x0000417d) x 2 0x000000000000001f
core   0: 0x00000000800004d4 (0x0020df33) srl     t5, ra, sp
0 0x00000000800004d4 (0x0020df33) x30 0x0000000000000001
core   0: 0x00000000800004d8 (0x00000001) c.nop
0 0x00000000800004d8 (0x00000001)
core   0: 0x00000000800004da (0x00000001) c.nop
0 0x00000000800004da (0x00000001)
core   0: 0x00000000800004dc (0x000f0313) mv      t1, t5
0 0x00000000800004dc (0x000f0313) x 6 0x0000000000000001
core   0: 0x00000000800004e0 (0x00000205) c.addi  tp, 1
0 0x00000000800004e0 (0x00000205) x 4 0x0000000000000001
core   0: 0x00000000800004e2 (0x00004289) c.li    t0, 2
0 0x00000000800004e2 (0x00004289) x 5 0x0000000000000002
core   0: 0x00000000800004e4 (0xfe5213e3) bne     tp, t0, pc - 26
0 0x00000000800004e4 (0xfe5213e3)
core   0: 0x00000000800004ca (0x0010009b) addiw   ra, zero, 1
0 0x00000000800004ca (0x0010009b) x 1 0x0000000000000001
core   0: 0x00000000800004ce (0x01f09093) slli    ra, ra, 31
0 0x00000000800004ce (0x01f09093) x 1 0x0000000080000000
core   0: 0x00000000800004d2 (0x0000417d) c.li    sp, 31
0 0x00000000800004d2 (0x0000417d) x 2 0x000000000000001f
core   0: 0x00000000800004d4 (0x0020df33) srl     t5, ra, sp
0 0x00000000800004d4 (0x0020df33) x30 0x0000000000000001
core   0: 0x00000000800004d8 (0x00000001) c.nop
0 0x00000000800004d8 (0x00000001)
core   0: 0x00000000800004da (0x00000001) c.nop
0 0x00000000800004da (0x00000001)
core   0: 0x00000000800004dc (0x000f0313) mv      t1, t5
0 0x00000000800004dc (0x000f0313) x 6 0x0000000000000001
core   0: 0x00000000800004e0 (0x00000205) c.addi  tp, 1
0 0x00000000800004e0 (0x00000205) x 4 0x0000000000000002
core   0: 0x00000000800004e2 (0x00004289) c.li    t0, 2
0 0x00000000800004e2 (0x00004289) x 5 0x0000000000000002
core   0: 0x00000000800004e4 (0xfe5213e3) bne     tp, t0, pc - 26
0 0x00000000800004e4 (0xfe5213e3)
core   0: 0x00000000800004e8 (0x00004e85) c.li    t4, 1
0 0x00000000800004e8 (0x00004e85) x29 0x0000000000000001
core   0: 0x00000000800004ea (0x000041ed) c.li    gp, 27
0 0x00000000800004ea (0x000041ed) x 3 0x000000000000001b
core   0: 0x00000000800004ec (0x00002e17) auipc   t3, 0x2
0 0x00000000800004ec (0x00002e17) x28 0x00000000800024ec
core   0: 0x00000000800004f0 (0xb14e0e13) addi    t3, t3, -1260
0 0x00000000800004f0 (0xb14e0e13) x28 0x0000000080002000
core   0: 0x00000000800004f4 (0x066e2623) sw      t1, 108(t3)
0 0x00000000800004f4 (0x066e2623)
core   0: 0x00000000800004f8 (0x2dd31a63) bne     t1, t4, pc + 724
0 0x00000000800004f8 (0x2dd31a63)
core   0: 0x00000000800004fc (0x00004201) c.li    tp, 0
0 0x00000000800004fc (0x00004201) x 4 0x0000000000000000
core   0: 0x00000000800004fe (0x0010009b) addiw   ra, zero, 1
0 0x00000000800004fe (0x0010009b) x 1 0x0000000000000001
core   0: 0x0000000080000502 (0x01f09093) slli    ra, ra, 31
0 0x0000000080000502 (0x01f09093) x 1 0x0000000080000000
core   0: 0x0000000080000506 (0x0000411d) c.li    sp, 7
0 0x0000000080000506 (0x0000411d) x 2 0x0000000000000007
core   0: 0x0000000080000508 (0x0020df33) srl     t5, ra, sp
0 0x0000000080000508 (0x0020df33) x30 0x0000000001000000
core   0: 0x000000008000050c (0x00000205) c.addi  tp, 1
0 0x000000008000050c (0x00000205) x 4 0x0000000000000001
core   0: 0x000000008000050e (0x00004289) c.li    t0, 2
0 0x000000008000050e (0x00004289) x 5 0x0000000000000002
core   0: 0x0000000080000510 (0xfe5217e3) bne     tp, t0, pc - 18
0 0x0000000080000510 (0xfe5217e3)
core   0: 0x00000000800004fe (0x0010009b) addiw   ra, zero, 1
0 0x00000000800004fe (0x0010009b) x 1 0x0000000000000001
core   0: 0x0000000080000502 (0x01f09093) slli    ra, ra, 31
0 0x0000000080000502 (0x01f09093) x 1 0x0000000080000000
core   0: 0x0000000080000506 (0x0000411d) c.li    sp, 7
0 0x0000000080000506 (0x0000411d) x 2 0x0000000000000007
core   0: 0x0000000080000508 (0x0020df33) srl     t5, ra, sp
0 0x0000000080000508 (0x0020df33) x30 0x0000000001000000
core   0: 0x000000008000050c (0x00000205) c.addi  tp, 1
0 0x000000008000050c (0x00000205) x 4 0x0000000000000002
core   0: 0x000000008000050e (0x00004289) c.li    t0, 2
0 0x000000008000050e (0x00004289) x 5 0x0000000000000002
core   0: 0x0000000080000510 (0xfe5217e3) bne     tp, t0, pc - 18
0 0x0000000080000510 (0xfe5217e3)
core   0: 0x0000000080000514 (0x01000eb7) lui     t4, 0x1000
0 0x0000000080000514 (0x01000eb7) x29 0x0000000001000000
core   0: 0x0000000080000518 (0x000041f1) c.li    gp, 28
0 0x0000000080000518 (0x000041f1) x 3 0x000000000000001c
core   0: 0x000000008000051a (0x00002e17) auipc   t3, 0x2
0 0x000000008000051a (0x00002e17) x28 0x000000008000251a
core   0: 0x000000008000051e (0xae6e0e13) addi    t3, t3, -1306
0 0x000000008000051e (0xae6e0e13) x28 0x0000000080002000
core   0: 0x0000000080000522 (0x07ee2823) sw      t5, 112(t3)
0 0x0000000080000522 (0x07ee2823)
core   0: 0x0000000080000526 (0x2bdf1363) bne     t5, t4, pc + 678
0 0x0000000080000526 (0x2bdf1363)
core   0: 0x000000008000052a (0x00004201) c.li    tp, 0
0 0x000000008000052a (0x00004201) x 4 0x0000000000000000
core   0: 0x000000008000052c (0x0010009b) addiw   ra, zero, 1
0 0x000000008000052c (0x0010009b) x 1 0x0000000000000001
core   0: 0x0000000080000530 (0x01f09093) slli    ra, ra, 31
0 0x0000000080000530 (0x01f09093) x 1 0x0000000080000000
core   0: 0x0000000080000534 (0x00004139) c.li    sp, 14
0 0x0000000080000534 (0x00004139) x 2 0x000000000000000e
core   0: 0x0000000080000536 (0x00000001) c.nop
0 0x0000000080000536 (0x00000001)
core   0: 0x0000000080000538 (0x0020df33) srl     t5, ra, sp
0 0x0000000080000538 (0x0020df33) x30 0x0000000000020000
core   0: 0x000000008000053c (0x00000205) c.addi  tp, 1
0 0x000000008000053c (0x00000205) x 4 0x0000000000000001
core   0: 0x000000008000053e (0x00004289) c.li    t0, 2
0 0x000000008000053e (0x00004289) x 5 0x0000000000000002
core   0: 0x0000000080000540 (0xfe5216e3) bne     tp, t0, pc - 20
0 0x0000000080000540 (0xfe5216e3)
core   0: 0x000000008000052c (0x0010009b) addiw   ra, zero, 1
0 0x000000008000052c (0x0010009b) x 1 0x0000000000000001
core   0: 0x0000000080000530 (0x01f09093) slli    ra, ra, 31
0 0x0000000080000530 (0x01f09093) x 1 0x0000000080000000
core   0: 0x0000000080000534 (0x00004139) c.li    sp, 14
0 0x0000000080000534 (0x00004139) x 2 0x000000000000000e
core   0: 0x0000000080000536 (0x00000001) c.nop
0 0x0000000080000536 (0x00000001)
core   0: 0x0000000080000538 (0x0020df33) srl     t5, ra, sp
0 0x0000000080000538 (0x0020df33) x30 0x0000000000020000
core   0: 0x000000008000053c (0x00000205) c.addi  tp, 1
0 0x000000008000053c (0x00000205) x 4 0x0000000000000002
core   0: 0x000000008000053e (0x00004289) c.li    t0, 2
0 0x000000008000053e (0x00004289) x 5 0x0000000000000002
core   0: 0x0000000080000540 (0xfe5216e3) bne     tp, t0, pc - 20
0 0x0000000080000540 (0xfe5216e3)
core   0: 0x0000000080000544 (0x00020eb7) lui     t4, 0x20
0 0x0000000080000544 (0x00020eb7) x29 0x0000000000020000
core   0: 0x0000000080000548 (0x000041f5) c.li    gp, 29
0 0x0000000080000548 (0x000041f5) x 3 0x000000000000001d
core   0: 0x000000008000054a (0x00002e17) auipc   t3, 0x2
0 0x000000008000054a (0x00002e17) x28 0x000000008000254a
core   0: 0x000000008000054e (0xab6e0e13) addi    t3, t3, -1354
0 0x000000008000054e (0xab6e0e13) x28 0x0000000080002000
core   0: 0x0000000080000552 (0x07ee2a23) sw      t5, 116(t3)
0 0x0000000080000552 (0x07ee2a23)
core   0: 0x0000000080000556 (0x27df1b63) bne     t5, t4, pc + 630
0 0x0000000080000556 (0x27df1b63)
core   0: 0x000000008000055a (0x00004201) c.li    tp, 0
0 0x000000008000055a (0x00004201) x 4 0x0000000000000000
core   0: 0x000000008000055c (0x0010009b) addiw   ra, zero, 1
0 0x000000008000055c (0x0010009b) x 1 0x0000000000000001
core   0: 0x0000000080000560 (0x01f09093) slli    ra, ra, 31
0 0x0000000080000560 (0x01f09093) x 1 0x0000000080000000
core   0: 0x0000000080000564 (0x0000417d) c.li    sp, 31
0 0x0000000080000564 (0x0000417d) x 2 0x000000000000001f
core   0: 0x0000000080000566 (0x00000001) c.nop
0 0x0000000080000566 (0x00000001)
core   0: 0x0000000080000568 (0x00000001) c.nop
0 0x0000000080000568 (0x00000001)
core   0: 0x000000008000056a (0x0020df33) srl     t5, ra, sp
0 0x000000008000056a (0x0020df33) x30 0x0000000000000001
core   0: 0x000000008000056e (0x00000205) c.addi  tp, 1
0 0x000000008000056e (0x00000205) x 4 0x0000000000000001
core   0: 0x0000000080000570 (0x00004289) c.li    t0, 2
0 0x0000000080000570 (0x00004289) x 5 0x0000000000000002
core   0: 0x0000000080000572 (0xfe5215e3) bne     tp, t0, pc - 22
0 0x0000000080000572 (0xfe5215e3)
core   0: 0x000000008000055c (0x0010009b) addiw   ra, zero, 1
0 0x000000008000055c (0x0010009b) x 1 0x0000000000000001
core   0: 0x0000000080000560 (0x01f09093) slli    ra, ra, 31
0 0x0000000080000560 (0x01f09093) x 1 0x0000000080000000
core   0: 0x0000000080000564 (0x0000417d) c.li    sp, 31
0 0x0000000080000564 (0x0000417d) x 2 0x000000000000001f
core   0: 0x0000000080000566 (0x00000001) c.nop
0 0x0000000080000566 (0x00000001)
core   0: 0x0000000080000568 (0x00000001) c.nop
0 0x0000000080000568 (0x00000001)
core   0: 0x000000008000056a (0x0020df33) srl     t5, ra, sp
0 0x000000008000056a (0x0020df33) x30 0x0000000000000001
core   0: 0x000000008000056e (0x00000205) c.addi  tp, 1
0 0x000000008000056e (0x00000205) x 4 0x0000000000000002
core   0: 0x0000000080000570 (0x00004289) c.li    t0, 2
0 0x0000000080000570 (0x00004289) x 5 0x0000000000000002
core   0: 0x0000000080000572 (0xfe5215e3) bne     tp, t0, pc - 22
0 0x0000000080000572 (0xfe5215e3)
core   0: 0x0000000080000576 (0x00004e85) c.li    t4, 1
0 0x0000000080000576 (0x00004e85) x29 0x0000000000000001
core   0: 0x0000000080000578 (0x000041f9) c.li    gp, 30
0 0x0000000080000578 (0x000041f9) x 3 0x000000000000001e
core   0: 0x000000008000057a (0x00002e17) auipc   t3, 0x2
0 0x000000008000057a (0x00002e17) x28 0x000000008000257a
core   0: 0x000000008000057e (0xa86e0e13) addi    t3, t3, -1402
0 0x000000008000057e (0xa86e0e13) x28 0x0000000080002000
core   0: 0x0000000080000582 (0x07ee2c23) sw      t5, 120(t3)
0 0x0000000080000582 (0x07ee2c23)
core   0: 0x0000000080000586 (0x25df1363) bne     t5, t4, pc + 582
0 0x0000000080000586 (0x25df1363)
core   0: 0x000000008000058a (0x00004201) c.li    tp, 0
0 0x000000008000058a (0x00004201) x 4 0x0000000000000000
core   0: 0x000000008000058c (0x0010009b) addiw   ra, zero, 1
0 0x000000008000058c (0x0010009b) x 1 0x0000000000000001
core   0: 0x0000000080000590 (0x01f09093) slli    ra, ra, 31
0 0x0000000080000590 (0x01f09093) x 1 0x0000000080000000
core   0: 0x0000000080000594 (0x00000001) c.nop
0 0x0000000080000594 (0x00000001)
core   0: 0x0000000080000596 (0x0000411d) c.li    sp, 7
0 0x0000000080000596 (0x0000411d) x 2 0x0000000000000007
core   0: 0x0000000080000598 (0x0020df33) srl     t5, ra, sp
0 0x0000000080000598 (0x0020df33) x30 0x0000000001000000
core   0: 0x000000008000059c (0x00000205) c.addi  tp, 1
0 0x000000008000059c (0x00000205) x 4 0x0000000000000001
core   0: 0x000000008000059e (0x00004289) c.li    t0, 2
0 0x000000008000059e (0x00004289) x 5 0x0000000000000002
core   0: 0x00000000800005a0 (0xfe5216e3) bne     tp, t0, pc - 20
0 0x00000000800005a0 (0xfe5216e3)
core   0: 0x000000008000058c (0x0010009b) addiw   ra, zero, 1
0 0x000000008000058c (0x0010009b) x 1 0x0000000000000001
core   0: 0x0000000080000590 (0x01f09093) slli    ra, ra, 31
0 0x0000000080000590 (0x01f09093) x 1 0x0000000080000000
core   0: 0x0000000080000594 (0x00000001) c.nop
0 0x0000000080000594 (0x00000001)
core   0: 0x0000000080000596 (0x0000411d) c.li    sp, 7
0 0x0000000080000596 (0x0000411d) x 2 0x0000000000000007
core   0: 0x0000000080000598 (0x0020df33) srl     t5, ra, sp
0 0x0000000080000598 (0x0020df33) x30 0x0000000001000000
core   0: 0x000000008000059c (0x00000205) c.addi  tp, 1
0 0x000000008000059c (0x00000205) x 4 0x0000000000000002
core   0: 0x000000008000059e (0x00004289) c.li    t0, 2
0 0x000000008000059e (0x00004289) x 5 0x0000000000000002
core   0: 0x00000000800005a0 (0xfe5216e3) bne     tp, t0, pc - 20
0 0x00000000800005a0 (0xfe5216e3)
core   0: 0x00000000800005a4 (0x01000eb7) lui     t4, 0x1000
0 0x00000000800005a4 (0x01000eb7) x29 0x0000000001000000
core   0: 0x00000000800005a8 (0x000041fd) c.li    gp, 31
0 0x00000000800005a8 (0x000041fd) x 3 0x000000000000001f
core   0: 0x00000000800005aa (0x00002e17) auipc   t3, 0x2
0 0x00000000800005aa (0x00002e17) x28 0x00000000800025aa
core   0: 0x00000000800005ae (0xa56e0e13) addi    t3, t3, -1450
0 0x00000000800005ae (0xa56e0e13) x28 0x0000000080002000
core   0: 0x00000000800005b2 (0x07ee2e23) sw      t5, 124(t3)
0 0x00000000800005b2 (0x07ee2e23)
core   0: 0x00000000800005b6 (0x21df1b63) bne     t5, t4, pc + 534
0 0x00000000800005b6 (0x21df1b63)
core   0: 0x00000000800005ba (0x00004201) c.li    tp, 0
0 0x00000000800005ba (0x00004201) x 4 0x0000000000000000
core   0: 0x00000000800005bc (0x0010009b) addiw   ra, zero, 1
0 0x00000000800005bc (0x0010009b) x 1 0x0000000000000001
core   0: 0x00000000800005c0 (0x01f09093) slli    ra, ra, 31
0 0x00000000800005c0 (0x01f09093) x 1 0x0000000080000000
core   0: 0x00000000800005c4 (0x00000001) c.nop
0 0x00000000800005c4 (0x00000001)
core   0: 0x00000000800005c6 (0x00004139) c.li    sp, 14
0 0x00000000800005c6 (0x00004139) x 2 0x000000000000000e
core   0: 0x00000000800005c8 (0x00000001) c.nop
0 0x00000000800005c8 (0x00000001)
core   0: 0x00000000800005ca (0x0020df33) srl     t5, ra, sp
0 0x00000000800005ca (0x0020df33) x30 0x0000000000020000
core   0: 0x00000000800005ce (0x00000205) c.addi  tp, 1
0 0x00000000800005ce (0x00000205) x 4 0x0000000000000001
core   0: 0x00000000800005d0 (0x00004289) c.li    t0, 2
0 0x00000000800005d0 (0x00004289) x 5 0x0000000000000002
core   0: 0x00000000800005d2 (0xfe5215e3) bne     tp, t0, pc - 22
0 0x00000000800005d2 (0xfe5215e3)
core   0: 0x00000000800005bc (0x0010009b) addiw   ra, zero, 1
0 0x00000000800005bc (0x0010009b) x 1 0x0000000000000001
core   0: 0x00000000800005c0 (0x01f09093) slli    ra, ra, 31
0 0x00000000800005c0 (0x01f09093) x 1 0x0000000080000000
core   0: 0x00000000800005c4 (0x00000001) c.nop
0 0x00000000800005c4 (0x00000001)
core   0: 0x00000000800005c6 (0x00004139) c.li    sp, 14
0 0x00000000800005c6 (0x00004139) x 2 0x000000000000000e
core   0: 0x00000000800005c8 (0x00000001) c.nop
0 0x00000000800005c8 (0x00000001)
core   0: 0x00000000800005ca (0x0020df33) srl     t5, ra, sp
0 0x00000000800005ca (0x0020df33) x30 0x0000000000020000
core   0: 0x00000000800005ce (0x00000205) c.addi  tp, 1
0 0x00000000800005ce (0x00000205) x 4 0x0000000000000002
core   0: 0x00000000800005d0 (0x00004289) c.li    t0, 2
0 0x00000000800005d0 (0x00004289) x 5 0x0000000000000002
core   0: 0x00000000800005d2 (0xfe5215e3) bne     tp, t0, pc - 22
0 0x00000000800005d2 (0xfe5215e3)
core   0: 0x00000000800005d6 (0x00020eb7) lui     t4, 0x20
0 0x00000000800005d6 (0x00020eb7) x29 0x0000000000020000
core   0: 0x00000000800005da (0x02000193) li      gp, 32
0 0x00000000800005da (0x02000193) x 3 0x0000000000000020
core   0: 0x00000000800005de (0x00002e17) auipc   t3, 0x2
0 0x00000000800005de (0x00002e17) x28 0x00000000800025de
core   0: 0x00000000800005e2 (0xa22e0e13) addi    t3, t3, -1502
0 0x00000000800005e2 (0xa22e0e13) x28 0x0000000080002000
core   0: 0x00000000800005e6 (0x09ee2023) sw      t5, 128(t3)
0 0x00000000800005e6 (0x09ee2023)
core   0: 0x00000000800005ea (0x1fdf1163) bne     t5, t4, pc + 482
0 0x00000000800005ea (0x1fdf1163)
core   0: 0x00000000800005ee (0x00004201) c.li    tp, 0
0 0x00000000800005ee (0x00004201) x 4 0x0000000000000000
core   0: 0x00000000800005f0 (0x0010009b) addiw   ra, zero, 1
0 0x00000000800005f0 (0x0010009b) x 1 0x0000000000000001
core   0: 0x00000000800005f4 (0x01f09093) slli    ra, ra, 31
0 0x00000000800005f4 (0x01f09093) x 1 0x0000000080000000
core   0: 0x00000000800005f8 (0x00000001) c.nop
0 0x00000000800005f8 (0x00000001)
core   0: 0x00000000800005fa (0x00000001) c.nop
0 0x00000000800005fa (0x00000001)
core   0: 0x00000000800005fc (0x0000417d) c.li    sp, 31
0 0x00000000800005fc (0x0000417d) x 2 0x000000000000001f
core   0: 0x00000000800005fe (0x0020df33) srl     t5, ra, sp
0 0x00000000800005fe (0x0020df33) x30 0x0000000000000001
core   0: 0x0000000080000602 (0x00000205) c.addi  tp, 1
0 0x0000000080000602 (0x00000205) x 4 0x0000000000000001
core   0: 0x0000000080000604 (0x00004289) c.li    t0, 2
0 0x0000000080000604 (0x00004289) x 5 0x0000000000000002
core   0: 0x0000000080000606 (0xfe5215e3) bne     tp, t0, pc - 22
0 0x0000000080000606 (0xfe5215e3)
core   0: 0x00000000800005f0 (0x0010009b) addiw   ra, zero, 1
0 0x00000000800005f0 (0x0010009b) x 1 0x0000000000000001
core   0: 0x00000000800005f4 (0x01f09093) slli    ra, ra, 31
0 0x00000000800005f4 (0x01f09093) x 1 0x0000000080000000
core   0: 0x00000000800005f8 (0x00000001) c.nop
0 0x00000000800005f8 (0x00000001)
core   0: 0x00000000800005fa (0x00000001) c.nop
0 0x00000000800005fa (0x00000001)
core   0: 0x00000000800005fc (0x0000417d) c.li    sp, 31
0 0x00000000800005fc (0x0000417d) x 2 0x000000000000001f
core   0: 0x00000000800005fe (0x0020df33) srl     t5, ra, sp
0 0x00000000800005fe (0x0020df33) x30 0x0000000000000001
core   0: 0x0000000080000602 (0x00000205) c.addi  tp, 1
0 0x0000000080000602 (0x00000205) x 4 0x0000000000000002
core   0: 0x0000000080000604 (0x00004289) c.li    t0, 2
0 0x0000000080000604 (0x00004289) x 5 0x0000000000000002
core   0: 0x0000000080000606 (0xfe5215e3) bne     tp, t0, pc - 22
0 0x0000000080000606 (0xfe5215e3)
core   0: 0x000000008000060a (0x00004e85) c.li    t4, 1
0 0x000000008000060a (0x00004e85) x29 0x0000000000000001
core   0: 0x000000008000060c (0x02100193) li      gp, 33
0 0x000000008000060c (0x02100193) x 3 0x0000000000000021
core   0: 0x0000000080000610 (0x00002e17) auipc   t3, 0x2
0 0x0000000080000610 (0x00002e17) x28 0x0000000080002610
core   0: 0x0000000080000614 (0x9f0e0e13) addi    t3, t3, -1552
0 0x0000000080000614 (0x9f0e0e13) x28 0x0000000080002000
core   0: 0x0000000080000618 (0x09ee2223) sw      t5, 132(t3)
0 0x0000000080000618 (0x09ee2223)
core   0: 0x000000008000061c (0x1bdf1863) bne     t5, t4, pc + 432
0 0x000000008000061c (0x1bdf1863)
core   0: 0x0000000080000620 (0x00004201) c.li    tp, 0
0 0x0000000080000620 (0x00004201) x 4 0x0000000000000000
core   0: 0x0000000080000622 (0x0000411d) c.li    sp, 7
0 0x0000000080000622 (0x0000411d) x 2 0x0000000000000007
core   0: 0x0000000080000624 (0x0010009b) addiw   ra, zero, 1
0 0x0000000080000624 (0x0010009b) x 1 0x0000000000000001
core   0: 0x0000000080000628 (0x01f09093) slli    ra, ra, 31
0 0x0000000080000628 (0x01f09093) x 1 0x0000000080000000
core   0: 0x000000008000062c (0x0020df33) srl     t5, ra, sp
0 0x000000008000062c (0x0020df33) x30 0x0000000001000000
core   0: 0x0000000080000630 (0x00000205) c.addi  tp, 1
0 0x0000000080000630 (0x00000205) x 4 0x0000000000000001
core   0: 0x0000000080000632 (0x00004289) c.li    t0, 2
0 0x0000000080000632 (0x00004289) x 5 0x0000000000000002
core   0: 0x0000000080000634 (0xfe5217e3) bne     tp, t0, pc - 18
0 0x0000000080000634 (0xfe5217e3)
core   0: 0x0000000080000622 (0x0000411d) c.li    sp, 7
0 0x0000000080000622 (0x0000411d) x 2 0x0000000000000007
core   0: 0x0000000080000624 (0x0010009b) addiw   ra, zero, 1
0 0x0000000080000624 (0x0010009b) x 1 0x0000000000000001
core   0: 0x0000000080000628 (0x01f09093) slli    ra, ra, 31
0 0x0000000080000628 (0x01f09093) x 1 0x0000000080000000
core   0: 0x000000008000062c (0x0020df33) srl     t5, ra, sp
0 0x000000008000062c (0x0020df33) x30 0x0000000001000000
core   0: 0x0000000080000630 (0x00000205) c.addi  tp, 1
0 0x0000000080000630 (0x00000205) x 4 0x0000000000000002
core   0: 0x0000000080000632 (0x00004289) c.li    t0, 2
0 0x0000000080000632 (0x00004289) x 5 0x0000000000000002
core   0: 0x0000000080000634 (0xfe5217e3) bne     tp, t0, pc - 18
0 0x0000000080000634 (0xfe5217e3)
core   0: 0x0000000080000638 (0x01000eb7) lui     t4, 0x1000
0 0x0000000080000638 (0x01000eb7) x29 0x0000000001000000
core   0: 0x000000008000063c (0x02200193) li      gp, 34
0 0x000000008000063c (0x02200193) x 3 0x0000000000000022
core   0: 0x0000000080000640 (0x00002e17) auipc   t3, 0x2
0 0x0000000080000640 (0x00002e17) x28 0x0000000080002640
core   0: 0x0000000080000644 (0x9c0e0e13) addi    t3, t3, -1600
0 0x0000000080000644 (0x9c0e0e13) x28 0x0000000080002000
core   0: 0x0000000080000648 (0x09ee2423) sw      t5, 136(t3)
0 0x0000000080000648 (0x09ee2423)
core   0: 0x000000008000064c (0x19df1063) bne     t5, t4, pc + 384
0 0x000000008000064c (0x19df1063)
core   0: 0x0000000080000650 (0x00004201) c.li    tp, 0
0 0x0000000080000650 (0x00004201) x 4 0x0000000000000000
core   0: 0x0000000080000652 (0x00004139) c.li    sp, 14
0 0x0000000080000652 (0x00004139) x 2 0x000000000000000e
core   0: 0x0000000080000654 (0x0010009b) addiw   ra, zero, 1
0 0x0000000080000654 (0x0010009b) x 1 0x0000000000000001
core   0: 0x0000000080000658 (0x01f09093) slli    ra, ra, 31
0 0x0000000080000658 (0x01f09093) x 1 0x0000000080000000
core   0: 0x000000008000065c (0x00000001) c.nop
0 0x000000008000065c (0x00000001)
core   0: 0x000000008000065e (0x0020df33) srl     t5, ra, sp
0 0x000000008000065e (0x0020df33) x30 0x0000000000020000
core   0: 0x0000000080000662 (0x00000205) c.addi  tp, 1
0 0x0000000080000662 (0x00000205) x 4 0x0000000000000001
core   0: 0x0000000080000664 (0x00004289) c.li    t0, 2
0 0x0000000080000664 (0x00004289) x 5 0x0000000000000002
core   0: 0x0000000080000666 (0xfe5216e3) bne     tp, t0, pc - 20
0 0x0000000080000666 (0xfe5216e3)
core   0: 0x0000000080000652 (0x00004139) c.li    sp, 14
0 0x0000000080000652 (0x00004139) x 2 0x000000000000000e
core   0: 0x0000000080000654 (0x0010009b) addiw   ra, zero, 1
0 0x0000000080000654 (0x0010009b) x 1 0x0000000000000001
core   0: 0x0000000080000658 (0x01f09093) slli    ra, ra, 31
0 0x0000000080000658 (0x01f09093) x 1 0x0000000080000000
core   0: 0x000000008000065c (0x00000001) c.nop
0 0x000000008000065c (0x00000001)
core   0: 0x000000008000065e (0x0020df33) srl     t5, ra, sp
0 0x000000008000065e (0x0020df33) x30 0x0000000000020000
core   0: 0x0000000080000662 (0x00000205) c.addi  tp, 1
0 0x0000000080000662 (0x00000205) x 4 0x0000000000000002
core   0: 0x0000000080000664 (0x00004289) c.li    t0, 2
0 0x0000000080000664 (0x00004289) x 5 0x0000000000000002
core   0: 0x0000000080000666 (0xfe5216e3) bne     tp, t0, pc - 20
0 0x0000000080000666 (0xfe5216e3)
core   0: 0x000000008000066a (0x00020eb7) lui     t4, 0x20
0 0x000000008000066a (0x00020eb7) x29 0x0000000000020000
core   0: 0x000000008000066e (0x02300193) li      gp, 35
0 0x000000008000066e (0x02300193) x 3 0x0000000000000023
core   0: 0x0000000080000672 (0x00002e17) auipc   t3, 0x2
0 0x0000000080000672 (0x00002e17) x28 0x0000000080002672
core   0: 0x0000000080000676 (0x98ee0e13) addi    t3, t3, -1650
0 0x0000000080000676 (0x98ee0e13) x28 0x0000000080002000
core   0: 0x000000008000067a (0x09ee2623) sw      t5, 140(t3)
0 0x000000008000067a (0x09ee2623)
core   0: 0x000000008000067e (0x15df1763) bne     t5, t4, pc + 334
0 0x000000008000067e (0x15df1763)
core   0: 0x0000000080000682 (0x00004201) c.li    tp, 0
0 0x0000000080000682 (0x00004201) x 4 0x0000000000000000
core   0: 0x0000000080000684 (0x0000417d) c.li    sp, 31
0 0x0000000080000684 (0x0000417d) x 2 0x000000000000001f
core   0: 0x0000000080000686 (0x0010009b) addiw   ra, zero, 1
0 0x0000000080000686 (0x0010009b) x 1 0x0000000000000001
core   0: 0x000000008000068a (0x01f09093) slli    ra, ra, 31
0 0x000000008000068a (0x01f09093) x 1 0x0000000080000000
core   0: 0x000000008000068e (0x00000001) c.nop
0 0x000000008000068e (0x00000001)
core   0: 0x0000000080000690 (0x00000001) c.nop
0 0x0000000080000690 (0x00000001)
core   0: 0x0000000080000692 (0x0020df33) srl     t5, ra, sp
0 0x0000000080000692 (0x0020df33) x30 0x0000000000000001
core   0: 0x0000000080000696 (0x00000205) c.addi  tp, 1
0 0x0000000080000696 (0x00000205) x 4 0x0000000000000001
core   0: 0x0000000080000698 (0x00004289) c.li    t0, 2
0 0x0000000080000698 (0x00004289) x 5 0x0000000000000002
core   0: 0x000000008000069a (0xfe5215e3) bne     tp, t0, pc - 22
0 0x000000008000069a (0xfe5215e3)
core   0: 0x0000000080000684 (0x0000417d) c.li    sp, 31
0 0x0000000080000684 (0x0000417d) x 2 0x000000000000001f
core   0: 0x0000000080000686 (0x0010009b) addiw   ra, zero, 1
0 0x0000000080000686 (0x0010009b) x 1 0x0000000000000001
core   0: 0x000000008000068a (0x01f09093) slli    ra, ra, 31
0 0x000000008000068a (0x01f09093) x 1 0x0000000080000000
core   0: 0x000000008000068e (0x00000001) c.nop
0 0x000000008000068e (0x00000001)
core   0: 0x0000000080000690 (0x00000001) c.nop
0 0x0000000080000690 (0x00000001)
core   0: 0x0000000080000692 (0x0020df33) srl     t5, ra, sp
0 0x0000000080000692 (0x0020df33) x30 0x0000000000000001
core   0: 0x0000000080000696 (0x00000205) c.addi  tp, 1
0 0x0000000080000696 (0x00000205) x 4 0x0000000000000002
core   0: 0x0000000080000698 (0x00004289) c.li    t0, 2
0 0x0000000080000698 (0x00004289) x 5 0x0000000000000002
core   0: 0x000000008000069a (0xfe5215e3) bne     tp, t0, pc - 22
0 0x000000008000069a (0xfe5215e3)
core   0: 0x000000008000069e (0x00004e85) c.li    t4, 1
0 0x000000008000069e (0x00004e85) x29 0x0000000000000001
core   0: 0x00000000800006a0 (0x02400193) li      gp, 36
0 0x00000000800006a0 (0x02400193) x 3 0x0000000000000024
core   0: 0x00000000800006a4 (0x00002e17) auipc   t3, 0x2
0 0x00000000800006a4 (0x00002e17) x28 0x00000000800026a4
core   0: 0x00000000800006a8 (0x95ce0e13) addi    t3, t3, -1700
0 0x00000000800006a8 (0x95ce0e13) x28 0x0000000080002000
core   0: 0x00000000800006ac (0x09ee2823) sw      t5, 144(t3)
0 0x00000000800006ac (0x09ee2823)
core   0: 0x00000000800006b0 (0x11df1e63) bne     t5, t4, pc + 284
0 0x00000000800006b0 (0x11df1e63)
core   0: 0x00000000800006b4 (0x00004201) c.li    tp, 0
0 0x00000000800006b4 (0x00004201) x 4 0x0000000000000000
core   0: 0x00000000800006b6 (0x0000411d) c.li    sp, 7
0 0x00000000800006b6 (0x0000411d) x 2 0x0000000000000007
core   0: 0x00000000800006b8 (0x00000001) c.nop
0 0x00000000800006b8 (0x00000001)
core   0: 0x00000000800006ba (0x0010009b) addiw   ra, zero, 1
0 0x00000000800006ba (0x0010009b) x 1 0x0000000000000001
core   0: 0x00000000800006be (0x01f09093) slli    ra, ra, 31
0 0x00000000800006be (0x01f09093) x 1 0x0000000080000000
core   0: 0x00000000800006c2 (0x0020df33) srl     t5, ra, sp
0 0x00000000800006c2 (0x0020df33) x30 0x0000000001000000
core   0: 0x00000000800006c6 (0x00000205) c.addi  tp, 1
0 0x00000000800006c6 (0x00000205) x 4 0x0000000000000001
core   0: 0x00000000800006c8 (0x00004289) c.li    t0, 2
0 0x00000000800006c8 (0x00004289) x 5 0x0000000000000002
core   0: 0x00000000800006ca (0xfe5216e3) bne     tp, t0, pc - 20
0 0x00000000800006ca (0xfe5216e3)
core   0: 0x00000000800006b6 (0x0000411d) c.li    sp, 7
0 0x00000000800006b6 (0x0000411d) x 2 0x0000000000000007
core   0: 0x00000000800006b8 (0x00000001) c.nop
0 0x00000000800006b8 (0x00000001)
core   0: 0x00000000800006ba (0x0010009b) addiw   ra, zero, 1
0 0x00000000800006ba (0x0010009b) x 1 0x0000000000000001
core   0: 0x00000000800006be (0x01f09093) slli    ra, ra, 31
0 0x00000000800006be (0x01f09093) x 1 0x0000000080000000
core   0: 0x00000000800006c2 (0x0020df33) srl     t5, ra, sp
0 0x00000000800006c2 (0x0020df33) x30 0x0000000001000000
core   0: 0x00000000800006c6 (0x00000205) c.addi  tp, 1
0 0x00000000800006c6 (0x00000205) x 4 0x0000000000000002
core   0: 0x00000000800006c8 (0x00004289) c.li    t0, 2
0 0x00000000800006c8 (0x00004289) x 5 0x0000000000000002
core   0: 0x00000000800006ca (0xfe5216e3) bne     tp, t0, pc - 20
0 0x00000000800006ca (0xfe5216e3)
core   0: 0x00000000800006ce (0x01000eb7) lui     t4, 0x1000
0 0x00000000800006ce (0x01000eb7) x29 0x0000000001000000
core   0: 0x00000000800006d2 (0x02500193) li      gp, 37
0 0x00000000800006d2 (0x02500193) x 3 0x0000000000000025
core   0: 0x00000000800006d6 (0x00002e17) auipc   t3, 0x2
0 0x00000000800006d6 (0x00002e17) x28 0x00000000800026d6
core   0: 0x00000000800006da (0x92ae0e13) addi    t3, t3, -1750
0 0x00000000800006da (0x92ae0e13) x28 0x0000000080002000
core   0: 0x00000000800006de (0x09ee2a23) sw      t5, 148(t3)
0 0x00000000800006de (0x09ee2a23)
core   0: 0x00000000800006e2 (0x0fdf1563) bne     t5, t4, pc + 234
0 0x00000000800006e2 (0x0fdf1563)
core   0: 0x00000000800006e6 (0x00004201) c.li    tp, 0
0 0x00000000800006e6 (0x00004201) x 4 0x0000000000000000
core   0: 0x00000000800006e8 (0x00004139) c.li    sp, 14
0 0x00000000800006e8 (0x00004139) x 2 0x000000000000000e
core   0: 0x00000000800006ea (0x00000001) c.nop
0 0x00000000800006ea (0x00000001)
core   0: 0x00000000800006ec (0x0010009b) addiw   ra, zero, 1
0 0x00000000800006ec (0x0010009b) x 1 0x0000000000000001
core   0: 0x00000000800006f0 (0x01f09093) slli    ra, ra, 31
0 0x00000000800006f0 (0x01f09093) x 1 0x0000000080000000
core   0: 0x00000000800006f4 (0x00000001) c.nop
0 0x00000000800006f4 (0x00000001)
core   0: 0x00000000800006f6 (0x0020df33) srl     t5, ra, sp
0 0x00000000800006f6 (0x0020df33) x30 0x0000000000020000
core   0: 0x00000000800006fa (0x00000205) c.addi  tp, 1
0 0x00000000800006fa (0x00000205) x 4 0x0000000000000001
core   0: 0x00000000800006fc (0x00004289) c.li    t0, 2
0 0x00000000800006fc (0x00004289) x 5 0x0000000000000002
core   0: 0x00000000800006fe (0xfe5215e3) bne     tp, t0, pc - 22
0 0x00000000800006fe (0xfe5215e3)
core   0: 0x00000000800006e8 (0x00004139) c.li    sp, 14
0 0x00000000800006e8 (0x00004139) x 2 0x000000000000000e
core   0: 0x00000000800006ea (0x00000001) c.nop
0 0x00000000800006ea (0x00000001)
core   0: 0x00000000800006ec (0x0010009b) addiw   ra, zero, 1
0 0x00000000800006ec (0x0010009b) x 1 0x0000000000000001
core   0: 0x00000000800006f0 (0x01f09093) slli    ra, ra, 31
0 0x00000000800006f0 (0x01f09093) x 1 0x0000000080000000
core   0: 0x00000000800006f4 (0x00000001) c.nop
0 0x00000000800006f4 (0x00000001)
core   0: 0x00000000800006f6 (0x0020df33) srl     t5, ra, sp
0 0x00000000800006f6 (0x0020df33) x30 0x0000000000020000
core   0: 0x00000000800006fa (0x00000205) c.addi  tp, 1
0 0x00000000800006fa (0x00000205) x 4 0x0000000000000002
core   0: 0x00000000800006fc (0x00004289) c.li    t0, 2
0 0x00000000800006fc (0x00004289) x 5 0x0000000000000002
core   0: 0x00000000800006fe (0xfe5215e3) bne     tp, t0, pc - 22
0 0x00000000800006fe (0xfe5215e3)
core   0: 0x0000000080000702 (0x00020eb7) lui     t4, 0x20
0 0x0000000080000702 (0x00020eb7) x29 0x0000000000020000
core   0: 0x0000000080000706 (0x02600193) li      gp, 38
0 0x0000000080000706 (0x02600193) x 3 0x0000000000000026
core   0: 0x000000008000070a (0x00002e17) auipc   t3, 0x2
0 0x000000008000070a (0x00002e17) x28 0x000000008000270a
core   0: 0x000000008000070e (0x8f6e0e13) addi    t3, t3, -1802
0 0x000000008000070e (0x8f6e0e13) x28 0x0000000080002000
core   0: 0x0000000080000712 (0x09ee2c23) sw      t5, 152(t3)
0 0x0000000080000712 (0x09ee2c23)
core   0: 0x0000000080000716 (0x0bdf1b63) bne     t5, t4, pc + 182
0 0x0000000080000716 (0x0bdf1b63)
core   0: 0x000000008000071a (0x00004201) c.li    tp, 0
0 0x000000008000071a (0x00004201) x 4 0x0000000000000000
core   0: 0x000000008000071c (0x0000417d) c.li    sp, 31
0 0x000000008000071c (0x0000417d) x 2 0x000000000000001f
core   0: 0x000000008000071e (0x00000001) c.nop
0 0x000000008000071e (0x00000001)
core   0: 0x0000000080000720 (0x00000001) c.nop
0 0x0000000080000720 (0x00000001)
core   0: 0x0000000080000722 (0x0010009b) addiw   ra, zero, 1
0 0x0000000080000722 (0x0010009b) x 1 0x0000000000000001
core   0: 0x0000000080000726 (0x01f09093) slli    ra, ra, 31
0 0x0000000080000726 (0x01f09093) x 1 0x0000000080000000
core   0: 0x000000008000072a (0x0020df33) srl     t5, ra, sp
0 0x000000008000072a (0x0020df33) x30 0x0000000000000001
core   0: 0x000000008000072e (0x00000205) c.addi  tp, 1
0 0x000000008000072e (0x00000205) x 4 0x0000000000000001
core   0: 0x0000000080000730 (0x00004289) c.li    t0, 2
0 0x0000000080000730 (0x00004289) x 5 0x0000000000000002
core   0: 0x0000000080000732 (0xfe5215e3) bne     tp, t0, pc - 22
0 0x0000000080000732 (0xfe5215e3)
core   0: 0x000000008000071c (0x0000417d) c.li    sp, 31
0 0x000000008000071c (0x0000417d) x 2 0x000000000000001f
core   0: 0x000000008000071e (0x00000001) c.nop
0 0x000000008000071e (0x00000001)
core   0: 0x0000000080000720 (0x00000001) c.nop
0 0x0000000080000720 (0x00000001)
core   0: 0x0000000080000722 (0x0010009b) addiw   ra, zero, 1
0 0x0000000080000722 (0x0010009b) x 1 0x0000000000000001
core   0: 0x0000000080000726 (0x01f09093) slli    ra, ra, 31
0 0x0000000080000726 (0x01f09093) x 1 0x0000000080000000
core   0: 0x000000008000072a (0x0020df33) srl     t5, ra, sp
0 0x000000008000072a (0x0020df33) x30 0x0000000000000001
core   0: 0x000000008000072e (0x00000205) c.addi  tp, 1
0 0x000000008000072e (0x00000205) x 4 0x0000000000000002
core   0: 0x0000000080000730 (0x00004289) c.li    t0, 2
0 0x0000000080000730 (0x00004289) x 5 0x0000000000000002
core   0: 0x0000000080000732 (0xfe5215e3) bne     tp, t0, pc - 22
0 0x0000000080000732 (0xfe5215e3)
core   0: 0x0000000080000736 (0x00004e85) c.li    t4, 1
0 0x0000000080000736 (0x00004e85) x29 0x0000000000000001
core   0: 0x0000000080000738 (0x02700193) li      gp, 39
0 0x0000000080000738 (0x02700193) x 3 0x0000000000000027
core   0: 0x000000008000073c (0x00002e17) auipc   t3, 0x2
0 0x000000008000073c (0x00002e17) x28 0x000000008000273c
core   0: 0x0000000080000740 (0x8c4e0e13) addi    t3, t3, -1852
0 0x0000000080000740 (0x8c4e0e13) x28 0x0000000080002000
core   0: 0x0000000080000744 (0x09ee2e23) sw      t5, 156(t3)
0 0x0000000080000744 (0x09ee2e23)
core   0: 0x0000000080000748 (0x09df1263) bne     t5, t4, pc + 132
0 0x0000000080000748 (0x09df1263)
core   0: 0x000000008000074c (0x000040bd) c.li    ra, 15
0 0x000000008000074c (0x000040bd) x 1 0x000000000000000f
core   0: 0x000000008000074e (0x00105133) srl     sp, zero, ra
0 0x000000008000074e (0x00105133) x 2 0x0000000000000000
core   0: 0x0000000080000752 (0x00004e81) c.li    t4, 0
0 0x0000000080000752 (0x00004e81) x29 0x0000000000000000
core   0: 0x0000000080000754 (0x02800193) li      gp, 40
0 0x0000000080000754 (0x02800193) x 3 0x0000000000000028
core   0: 0x0000000080000758 (0x00002e17) auipc   t3, 0x2
0 0x0000000080000758 (0x00002e17) x28 0x0000000080002758
core   0: 0x000000008000075c (0x8a8e0e13) addi    t3, t3, -1880
0 0x000000008000075c (0x8a8e0e13) x28 0x0000000080002000
core   0: 0x0000000080000760 (0x0a2e2023) sw      sp, 160(t3)
0 0x0000000080000760 (0x0a2e2023)
core   0: 0x0000000080000764 (0x07d11463) bne     sp, t4, pc + 104
0 0x0000000080000764 (0x07d11463)
core   0: 0x0000000080000768 (0x02000093) li      ra, 32
0 0x0000000080000768 (0x02000093) x 1 0x0000000000000020
core   0: 0x000000008000076c (0x0000d133) srl     sp, ra, zero
0 0x000000008000076c (0x0000d133) x 2 0x0000000000000020
core   0: 0x0000000080000770 (0x02000e93) li      t4, 32
0 0x0000000080000770 (0x02000e93) x29 0x0000000000000020
core   0: 0x0000000080000774 (0x02900193) li      gp, 41
0 0x0000000080000774 (0x02900193) x 3 0x0000000000000029
core   0: 0x0000000080000778 (0x00002e17) auipc   t3, 0x2
0 0x0000000080000778 (0x00002e17) x28 0x0000000080002778
core   0: 0x000000008000077c (0x888e0e13) addi    t3, t3, -1912
0 0x000000008000077c (0x888e0e13) x28 0x0000000080002000
core   0: 0x0000000080000780 (0x0a2e2223) sw      sp, 164(t3)
0 0x0000000080000780 (0x0a2e2223)
core   0: 0x0000000080000784 (0x05d11463) bne     sp, t4, pc + 72
0 0x0000000080000784 (0x05d11463)
core   0: 0x0000000080000788 (0x000050b3) srl     ra, zero, zero
0 0x0000000080000788 (0x000050b3) x 1 0x0000000000000000
core   0: 0x000000008000078c (0x00004e81) c.li    t4, 0
0 0x000000008000078c (0x00004e81) x29 0x0000000000000000
core   0: 0x000000008000078e (0x02a00193) li      gp, 42
0 0x000000008000078e (0x02a00193) x 3 0x000000000000002a
core   0: 0x0000000080000792 (0x00002e17) auipc   t3, 0x2
0 0x0000000080000792 (0x00002e17) x28 0x0000000080002792
core   0: 0x0000000080000796 (0x86ee0e13) addi    t3, t3, -1938
0 0x0000000080000796 (0x86ee0e13) x28 0x0000000080002000
core   0: 0x000000008000079a (0x0a1e2423) sw      ra, 168(t3)
0 0x000000008000079a (0x0a1e2423)
core   0: 0x000000008000079e (0x03d09763) bne     ra, t4, pc + 46
0 0x000000008000079e (0x03d09763)
core   0: 0x00000000800007a2 (0x40000093) li      ra, 1024
0 0x00000000800007a2 (0x40000093) x 1 0x0000000000000400
core   0: 0x00000000800007a6 (0x00001137) lui     sp, 0x1
0 0x00000000800007a6 (0x00001137) x 2 0x0000000000001000
core   0: 0x00000000800007aa (0x8001011b) addiw   sp, sp, -2048
0 0x00000000800007aa (0x8001011b) x 2 0x0000000000000800
core   0: 0x00000000800007ae (0x0020d033) srl     zero, ra, sp
0 0x00000000800007ae (0x0020d033)
core   0: 0x00000000800007b2 (0x00004e81) c.li    t4, 0
0 0x00000000800007b2 (0x00004e81) x29 0x0000000000000000
core   0: 0x00000000800007b4 (0x02b00193) li      gp, 43
0 0x00000000800007b4 (0x02b00193) x 3 0x000000000000002b
core   0: 0x00000000800007b8 (0x00002e17) auipc   t3, 0x2
0 0x00000000800007b8 (0x00002e17) x28 0x00000000800027b8
core   0: 0x00000000800007bc (0x848e0e13) addi    t3, t3, -1976
0 0x00000000800007bc (0x848e0e13) x28 0x0000000080002000
core   0: 0x00000000800007c0 (0x0a0e2623) sw      zero, 172(t3)
0 0x00000000800007c0 (0x0a0e2623)
core   0: 0x00000000800007c4 (0x01d01463) bne     zero, t4, pc + 8
0 0x00000000800007c4 (0x01d01463)
core   0: 0x00000000800007c8 (0x00301d63) bne     zero, gp, pc + 26
0 0x00000000800007c8 (0x00301d63)
core   0: 0x00000000800007e2 (0x0ff0000f) fence   iorw,iorw
0 0x00000000800007e2 (0x0ff0000f)
core   0: 0x00000000800007e6 (0x00004185) c.li    gp, 1
0 0x00000000800007e6 (0x00004185) x 3 0x0000000000000001
core   0: 0x00000000800007e8 (0x00002e17) auipc   t3, 0x2
0 0x00000000800007e8 (0x00002e17) x28 0x00000000800027e8
core   0: 0x00000000800007ec (0x818e0e13) addi    t3, t3, -2024
0 0x00000000800007ec (0x818e0e13) x28 0x0000000080002000
core   0: 0x00000000800007f0 (0x003e2023) sw      gp, 0(t3)
0 0x00000000800007f0 (0x003e2023)
core   0: 0x00000000800007f4 (0x00000073) ecall
0 0x00000000800007f4 (0x00000073)
