core   0: 0x0000000000010000 (0x00100413) li      s0, 1
3 0x0000000000010000 (0x00100413) x 8 0x0000000000000001
core   0: 0x0000000000010004 (0x01f41413) slli    s0, s0, 31
3 0x0000000000010004 (0x01f41413) x 8 0x0000000080000000
core   0: 0x0000000000010008 (0xf1402573) csrr    a0, mhartid
3 0x0000000000010008 (0xf1402573) x10 0x0000000000000000
core   0: 0x000000000001000c (0x00000597) auipc   a1, 0x0
3 0x000000000001000c (0x00000597) x11 0x000000000001000c
core   0: 0x0000000000010010 (0x07458593) addi    a1, a1, 116
3 0x0000000000010010 (0x07458593) x11 0x0000000000010080
core   0: 0x0000000000010014 (0x00040067) jr      s0
3 0x0000000000010014 (0x00040067)
core   0: 0x0000000080000000 (0x0000a081) c.j     pc + 64
3 0x0000000080000000 (0x0000a081)
core   0: 0x0000000080000040 (0xf1402573) csrr    a0, mhartid
3 0x0000000080000040 (0xf1402573) x10 0x0000000000000000
core   0: 0x0000000080000044 (0x0000e101) c.bnez  a0, pc + 0
3 0x0000000080000044 (0x0000e101)
core   0: 0x0000000080000046 (0x00000297) auipc   t0, 0x0
3 0x0000000080000046 (0x00000297) x 5 0x0000000080000046
core   0: 0x000000008000004a (0x01228293) addi    t0, t0, 18
3 0x000000008000004a (0x01228293) x 5 0x0000000080000058
core   0: 0x000000008000004e (0x30529073) csrw    mtvec, t0
3 0x000000008000004e (0x30529073)
core   0: 0x0000000080000052 (0x18005073) csrwi   satp, 0
3 0x0000000080000052 (0x18005073)
core   0: 0x0000000080000056 (0x00000001) c.nop
3 0x0000000080000056 (0x00000001)
core   0: 0x0000000080000058 (0x00000297) auipc   t0, 0x0
3 0x0000000080000058 (0x00000297) x 5 0x0000000080000058
core   0: 0x000000008000005c (0x01828293) addi    t0, t0, 24
3 0x000000008000005c (0x01828293) x 5 0x0000000080000070
core   0: 0x0000000080000060 (0x30529073) csrw    mtvec, t0
3 0x0000000080000060 (0x30529073)
core   0: 0x0000000080000064 (0x000052fd) c.li    t0, -1
3 0x0000000080000064 (0x000052fd) x 5 0xffffffffffffffff
core   0: 0x0000000080000066 (0x3b029073) csrw    pmpaddr0, t0
3 0x0000000080000066 (0x3b029073)
core   0: 0x000000008000006a (0x000042fd) c.li    t0, 31
3 0x000000008000006a (0x000042fd) x 5 0x000000000000001f
core   0: 0x000000008000006c (0x3a029073) csrw    pmpcfg0, t0
3 0x000000008000006c (0x3a029073)
core   0: 0x0000000080000070 (0x00000297) auipc   t0, 0x0
3 0x0000000080000070 (0x00000297) x 5 0x0000000080000070
core   0: 0x0000000080000074 (0x01828293) addi    t0, t0, 24
3 0x0000000080000074 (0x01828293) x 5 0x0000000080000088
core   0: 0x0000000080000078 (0x30529073) csrw    mtvec, t0
3 0x0000000080000078 (0x30529073)
core   0: 0x000000008000007c (0x30205073) csrwi   medeleg, 0
3 0x000000008000007c (0x30205073)
core   0: 0x0000000080000080 (0x30305073) csrwi   mideleg, 0
3 0x0000000080000080 (0x30305073)
core   0: 0x0000000080000084 (0x30405073) csrwi   mie, 0
3 0x0000000080000084 (0x30405073)
core   0: 0x0000000080000088 (0x00004181) c.li    gp, 0
3 0x0000000080000088 (0x00004181) x 3 0x0000000000000000
core   0: 0x000000008000008a (0x00000297) auipc   t0, 0x0
3 0x000000008000008a (0x00000297) x 5 0x000000008000008a
core   0: 0x000000008000008e (0xf7a28293) addi    t0, t0, -134
3 0x000000008000008e (0xf7a28293) x 5 0x0000000080000004
core   0: 0x0000000080000092 (0x30529073) csrw    mtvec, t0
3 0x0000000080000092 (0x30529073)
core   0: 0x0000000080000096 (0x00004505) c.li    a0, 1
3 0x0000000080000096 (0x00004505) x10 0x0000000000000001
core   0: 0x0000000080000098 (0x0000057e) c.slli  a0, 31
3 0x0000000080000098 (0x0000057e) x10 0x0000000080000000
core   0: 0x000000008000009a (0x00055d63) bgez    a0, pc + 26
3 0x000000008000009a (0x00055d63)
core   0: 0x00000000800000b4 (0x80000297) auipc   t0, 0x80000
3 0x00000000800000b4 (0x80000297) x 5 0x00000000000000b4
core   0: 0x00000000800000b8 (0xf4c28293) addi    t0, t0, -180
3 0x00000000800000b8 (0xf4c28293) x 5 0x0000000000000000
core   0: 0x00000000800000bc (0x00028e63) beqz    t0, pc + 28
3 0x00000000800000bc (0x00028e63)
core   0: 0x00000000800000d8 (0x30005073) csrwi   mstatus, 0
3 0x00000000800000d8 (0x30005073)
core   0: 0x00000000800000dc (0x00000297) auipc   t0, 0x0
3 0x00000000800000dc (0x00000297) x 5 0x00000000800000dc
core   0: 0x00000000800000e0 (0x01428293) addi    t0, t0, 20
3 0x00000000800000e0 (0x01428293) x 5 0x00000000800000f0
core   0: 0x00000000800000e4 (0x34129073) csrw    mepc, t0
3 0x00000000800000e4 (0x34129073)
core   0: 0x00000000800000e8 (0xf1402573) csrr    a0, mhartid
3 0x00000000800000e8 (0xf1402573) x10 0x0000000000000000
core   0: 0x00000000800000ec (0x30200073) mret
3 0x00000000800000ec (0x30200073)
core   0: 0x00000000800000f0 (0x00004081) c.li    ra, 0
0 0x00000000800000f0 (0x00004081) x 1 0x0000000000000000
core   0: 0x00000000800000f2 (0x00004101) c.li    sp, 0
0 0x00000000800000f2 (0x00004101) x 2 0x0000000000000000
core   0: 0x00000000800000f4 (0x40208f33) sub     t5, ra, sp
0 0x00000000800000f4 (0x40208f33) x30 0x0000000000000000
core   0: 0x00000000800000f8 (0x00004e81) c.li    t4, 0
0 0x00000000800000f8 (0x00004e81) x29 0x0000000000000000
core   0: 0x00000000800000fa (0x00004189) c.li    gp, 2
0 0x00000000800000fa (0x00004189) x 3 0x0000000000000002
core   0: 0x00000000800000fc (0x00002e17) auipc   t3, 0x2
0 0x00000000800000fc (0x00002e17) x28 0x00000000800020fc
core   0: 0x0000000080000100 (0xf04e0e13) addi    t3, t3, -252
0 0x0000000080000100 (0xf04e0e13) x28 0x0000000080002000
core   0: 0x0000000080000104 (0x01ee2423) sw      t5, 8(t3)
0 0x0000000080000104 (0x01ee2423)
core   0: 0x0000000080000108 (0x51df1463) bne     t5, t4, pc + 1288
0 0x0000000080000108 (0x51df1463)
core   0: 0x000000008000010c (0x00004085) c.li    ra, 1
0 0x000000008000010c (0x00004085) x 1 0x0000000000000001
core   0: 0x000000008000010e (0x00004105) c.li    sp, 1
0 0x000000008000010e (0x00004105) x 2 0x0000000000000001
core   0: 0x0000000080000110 (0x40208f33) sub     t5, ra, sp
0 0x0000000080000110 (0x40208f33) x30 0x0000000000000000
core   0: 0x0000000080000114 (0x00004e81) c.li    t4, 0
0 0x0000000080000114 (0x00004e81) x29 0x0000000000000000
core   0: 0x0000000080000116 (0x0000418d) c.li    gp, 3
0 0x0000000080000116 (0x0000418d) x 3 0x0000000000000003
core   0: 0x0000000080000118 (0x00002e17) auipc   t3, 0x2
0 0x0000000080000118 (0x00002e17) x28 0x0000000080002118
core   0: 0x000000008000011c (0xee8e0e13) addi    t3, t3, -280
0 0x000000008000011c (0xee8e0e13) x28 0x0000000080002000
core   0: 0x0000000080000120 (0x01ee2623) sw      t5, 12(t3)
0 0x0000000080000120 (0x01ee2623)
core   0: 0x0000000080000124 (0x4fdf1663) bne     t5, t4, pc + 1260
0 0x0000000080000124 (0x4fdf1663)
core   0: 0x0000000080000128 (0x0000408d) c.li    ra, 3
0 0x0000000080000128 (0x0000408d) x 1 0x0000000000000003
core   0: 0x000000008000012a (0x0000411d) c.li    sp, 7
0 0x000000008000012a (0x0000411d) x 2 0x0000000000000007
core   0: 0x000000008000012c (0x40208f33) sub     t5, ra, sp
0 0x000000008000012c (0x40208f33) x30 0xfffffffffffffffc
core   0: 0x0000000080000130 (0x00005ef1) c.li    t4, -4
0 0x0000000080000130 (0x00005ef1) x29 0xfffffffffffffffc
core   0: 0x0000000080000132 (0x00004191) c.li    gp, 4
0 0x0000000080000132 (0x00004191) x 3 0x0000000000000004
core   0: 0x0000000080000134 (0x00002e17) auipc   t3, 0x2
0 0x0000000080000134 (0x00002e17) x28 0x0000000080002134
core   0: 0x0000000080000138 (0xecce0e13) addi    t3, t3, -308
0 0x0000000080000138 (0xecce0e13) x28 0x0000000080002000
core   0: 0x000000008000013c (0x01ee2823) sw      t5, 16(t3)
0 0x000000008000013c (0x01ee2823)
core   0: 0x0000000080000140 (0x4ddf1863) bne     t5, t4, pc + 1232
0 0x0000000080000140 (0x4ddf1863)
core   0: 0x0000000080000144 (0x00004081) c.li    ra, 0
0 0x0000000080000144 (0x00004081) x 1 0x0000000000000000
core   0: 0x0000000080000146 (0xffff8137) lui     sp, 0xffff8
0 0x0000000080000146 (0xffff8137) x 2 0xffffffffffff8000
core   0: 0x000000008000014a (0x40208f33) sub     t5, ra, sp
0 0x000000008000014a (0x40208f33) x30 0x0000000000008000
core   0: 0x000000008000014e (0x00006ea1) c.lui   t4, 0x8
0 0x000000008000014e (0x00006ea1) x29 0x0000000000008000
core   0: 0x0000000080000150 (0x00004195) c.li    gp, 5
0 0x0000000080000150 (0x00004195) x 3 0x0000000000000005
core   0: 0x0000000080000152 (0x00002e17) auipc   t3, 0x2
0 0x0000000080000152 (0x00002e17) x28 0x0000000080002152
core   0: 0x0000000080000156 (0xeaee0e13) addi    t3, t3, -338
0 0x0000000080000156 (0xeaee0e13) x28 0x0000000080002000
core   0: 0x000000008000015a (0x01ee2a23) sw      t5, 20(t3)
0 0x000000008000015a (0x01ee2a23)
core   0: 0x000000008000015e (0x4bdf1963) bne     t5, t4, pc + 1202
0 0x000000008000015e (0x4bdf1963)
core   0: 0x0000000080000162 (0x800000b7) lui     ra, 0x80000
0 0x0000000080000162 (0x800000b7) x 1 0xffffffff80000000
core   0: 0x0000000080000166 (0x00004101) c.li    sp, 0
0 0x0000000080000166 (0x00004101) x 2 0x0000000000000000
core   0: 0x0000000080000168 (0x40208f33) sub     t5, ra, sp
0 0x0000000080000168 (0x40208f33) x30 0xffffffff80000000
core   0: 0x000000008000016c (0x80000eb7) lui     t4, 0x80000
0 0x000000008000016c (0x80000eb7) x29 0xffffffff80000000
core   0: 0x0000000080000170 (0x00004199) c.li    gp, 6
0 0x0000000080000170 (0x00004199) x 3 0x0000000000000006
core   0: 0x0000000080000172 (0x00002e17) auipc   t3, 0x2
0 0x0000000080000172 (0x00002e17) x28 0x0000000080002172
core   0: 0x0000000080000176 (0xe8ee0e13) addi    t3, t3, -370
0 0x0000000080000176 (0xe8ee0e13) x28 0x0000000080002000
core   0: 0x000000008000017a (0x01ee2c23) sw      t5, 24(t3)
0 0x000000008000017a (0x01ee2c23)
core   0: 0x000000008000017e (0x49df1963) bne     t5, t4, pc + 1170
0 0x000000008000017e (0x49df1963)
core   0: 0x0000000080000182 (0x800000b7) lui     ra, 0x80000
0 0x0000000080000182 (0x800000b7) x 1 0xffffffff80000000
core   0: 0x0000000080000186 (0xffff8137) lui     sp, 0xffff8
0 0x0000000080000186 (0xffff8137) x 2 0xffffffffffff8000
core   0: 0x000000008000018a (0x40208f33) sub     t5, ra, sp
0 0x000000008000018a (0x40208f33) x30 0xffffffff80008000
core   0: 0x000000008000018e (0x80008eb7) lui     t4, 0x80008
0 0x000000008000018e (0x80008eb7) x29 0xffffffff80008000
core   0: 0x0000000080000192 (0x0000419d) c.li    gp, 7
0 0x0000000080000192 (0x0000419d) x 3 0x0000000000000007
core   0: 0x0000000080000194 (0x00002e17) auipc   t3, 0x2
0 0x0000000080000194 (0x00002e17) x28 0x0000000080002194
core   0: 0x0000000080000198 (0xe6ce0e13) addi    t3, t3, -404
0 0x0000000080000198 (0xe6ce0e13) x28 0x0000000080002000
core   0: 0x000000008000019c (0x01ee2e23) sw      t5, 28(t3)
0 0x000000008000019c (0x01ee2e23)
core   0: 0x00000000800001a0 (0x47df1863) bne     t5, t4, pc + 1136
0 0x00000000800001a0 (0x47df1863)
core   0: 0x00000000800001a4 (0x00004081) c.li    ra, 0
0 0x00000000800001a4 (0x00004081) x 1 0x0000000000000000
core   0: 0x00000000800001a6 (0x00008137) lui     sp, 0x8
0 0x00000000800001a6 (0x00008137) x 2 0x0000000000008000
core   0: 0x00000000800001aa (0xfff1011b) addiw   sp, sp, -1
0 0x00000000800001aa (0xfff1011b) x 2 0x0000000000007fff
core   0: 0x00000000800001ae (0x40208f33) sub     t5, ra, sp
0 0x00000000800001ae (0x40208f33) x30 0xffffffffffff8001
core   0: 0x00000000800001b2 (0xffff8eb7) lui     t4, 0xffff8
0 0x00000000800001b2 (0xffff8eb7) x29 0xffffffffffff8000
core   0: 0x00000000800001b6 (0x001e8e9b) addiw   t4, t4, 1
0 0x00000000800001b6 (0x001e8e9b) x29 0xffffffffffff8001
core   0: 0x00000000800001ba (0x000041a1) c.li    gp, 8
0 0x00000000800001ba (0x000041a1) x 3 0x0000000000000008
core   0: 0x00000000800001bc (0x00002e17) auipc   t3, 0x2
0 0x00000000800001bc (0x00002e17) x28 0x00000000800021bc
core   0: 0x00000000800001c0 (0xe44e0e13) addi    t3, t3, -444
0 0x00000000800001c0 (0xe44e0e13) x28 0x0000000080002000
core   0: 0x00000000800001c4 (0x03ee2023) sw      t5, 32(t3)
0 0x00000000800001c4 (0x03ee2023)
core   0: 0x00000000800001c8 (0x45df1463) bne     t5, t4, pc + 1096
0 0x00000000800001c8 (0x45df1463)
core   0: 0x00000000800001cc (0x800000b7) lui     ra, 0x80000
0 0x00000000800001cc (0x800000b7) x 1 0xffffffff80000000
core   0: 0x00000000800001d0 (0xfff0809b) addiw   ra, ra, -1
0 0x00000000800001d0 (0xfff0809b) x 1 0x000000007fffffff
core   0: 0x00000000800001d4 (0x00004101) c.li    sp, 0
0 0x00000000800001d4 (0x00004101) x 2 0x0000000000000000
core   0: 0x00000000800001d6 (0x40208f33) sub     t5, ra, sp
0 0x00000000800001d6 (0x40208f33) x30 0x000000007fffffff
core   0: 0x00000000800001da (0x80000eb7) lui     t4, 0x80000
0 0x00000000800001da (0x80000eb7) x29 0xffffffff80000000
core   0: 0x00000000800001de (0xfffe8e9b) addiw   t4, t4, -1
0 0x00000000800001de (0xfffe8e9b) x29 0x000000007fffffff
core   0: 0x00000000800001e2 (0x000041a5) c.li    gp, 9
0 0x00000000800001e2 (0x000041a5) x 3 0x0000000000000009
core   0: 0x00000000800001e4 (0x00002e17) auipc   t3, 0x2
0 0x00000000800001e4 (0x00002e17) x28 0x00000000800021e4
core   0: 0x00000000800001e8 (0xe1ce0e13) addi    t3, t3, -484
0 0x00000000800001e8 (0xe1ce0e13) x28 0x0000000080002000
core   0: 0x00000000800001ec (0x03ee2223) sw      t5, 36(t3)
0 0x00000000800001ec (0x03ee2223)
core   0: 0x00000000800001f0 (0x43df1063) bne     t5, t4, pc + 1056
0 0x00000000800001f0 (0x43df1063)
core   0: 0x00000000800001f4 (0x800000b7) lui     ra, 0x80000
0 0x00000000800001f4 (0x800000b7) x 1 0xffffffff80000000
core   0: 0x00000000800001f8 (0xfff0809b) addiw   ra, ra, -1
0 0x00000000800001f8 (0xfff0809b) x 1 0x000000007fffffff
core   0: 0x00000000800001fc (0x00008137) lui     sp, 0x8
0 0x00000000800001fc (0x00008137) x 2 0x0000000000008000
core   0: 0x0000000080000200 (0xfff1011b) addiw   sp, sp, -1
0 0x0000000080000200 (0xfff1011b) x 2 0x0000000000007fff
core   0: 0x0000000080000204 (0x40208f33) sub     t5, ra, sp
0 0x0000000080000204 (0x40208f33) x30 0x000000007fff8000
core   0: 0x0000000080000208 (0x7fff8eb7) lui     t4, 0x7fff8
0 0x0000000080000208 (0x7fff8eb7) x29 0x000000007fff8000
core   0: 0x000000008000020c (0x000041a9) c.li    gp, 10
0 0x000000008000020c (0x000041a9) x 3 0x000000000000000a
core   0: 0x000000008000020e (0x00002e17) auipc   t3, 0x2
0 0x000000008000020e (0x00002e17) x28 0x000000008000220e
core   0: 0x0000000080000212 (0xdf2e0e13) addi    t3, t3, -526
0 0x0000000080000212 (0xdf2e0e13) x28 0x0000000080002000
core   0: 0x0000000080000216 (0x03ee2423) sw      t5, 40(t3)
0 0x0000000080000216 (0x03ee2423)
core   0: 0x000000008000021a (0x3fdf1b63) bne     t5, t4, pc + 1014
0 0x000000008000021a (0x3fdf1b63)
core   0: 0x000000008000021e (0x800000b7) lui     ra, 0x80000
0 0x000000008000021e (0x800000b7) x 1 0xffffffff80000000
core   0: 0x0000000080000222 (0x00008137) lui     sp, 0x8
0 0x0000000080000222 (0x00008137) x 2 0x0000000000008000
core   0: 0x0000000080000226 (0xfff1011b) addiw   sp, sp, -1
0 0x0000000080000226 (0xfff1011b) x 2 0x0000000000007fff
core   0: 0x000000008000022a (0x40208f33) sub     t5, ra, sp
0 0x000000008000022a (0x40208f33) x30 0xffffffff7fff8001
core   0: 0x000000008000022e (0xffff0eb7) lui     t4, 0xffff0
0 0x000000008000022e (0xffff0eb7) x29 0xffffffffffff0000
core   0: 0x0000000080000232 (0xfffe8e9b) addiw   t4, t4, -1
0 0x0000000080000232 (0xfffe8e9b) x29 0xfffffffffffeffff
core   0: 0x0000000080000236 (0x00fe9e93) slli    t4, t4, 15
0 0x0000000080000236 (0x00fe9e93) x29 0xffffffff7fff8000
core   0: 0x000000008000023a (0x001e8e93) addi    t4, t4, 1
0 0x000000008000023a (0x001e8e93) x29 0xffffffff7fff8001
core   0: 0x000000008000023e (0x000041ad) c.li    gp, 11
0 0x000000008000023e (0x000041ad) x 3 0x000000000000000b
core   0: 0x0000000080000240 (0x00002e17) auipc   t3, 0x2
0 0x0000000080000240 (0x00002e17) x28 0x0000000080002240
core   0: 0x0000000080000244 (0xdc0e0e13) addi    t3, t3, -576
0 0x0000000080000244 (0xdc0e0e13) x28 0x0000000080002000
core   0: 0x0000000080000248 (0x03ee2623) sw      t5, 44(t3)
0 0x0000000080000248 (0x03ee2623)
core   0: 0x000000008000024c (0x3ddf1263) bne     t5, t4, pc + 964
0 0x000000008000024c (0x3ddf1263)
core   0: 0x0000000080000250 (0x800000b7) lui     ra, 0x80000
0 0x0000000080000250 (0x800000b7) x 1 0xffffffff80000000
core   0: 0x0000000080000254 (0xfff0809b) addiw   ra, ra, -1
0 0x0000000080000254 (0xfff0809b) x 1 0x000000007fffffff
core   0: 0x0000000080000258 (0xffff8137) lui     sp, 0xffff8
0 0x0000000080000258 (0xffff8137) x 2 0xffffffffffff8000
core   0: 0x000000008000025c (0x40208f33) sub     t5, ra, sp
0 0x000000008000025c (0x40208f33) x30 0x0000000080007fff
core   0: 0x0000000080000260 (0x00010eb7) lui     t4, 0x10
0 0x0000000080000260 (0x00010eb7) x29 0x0000000000010000
core   0: 0x0000000080000264 (0x001e8e9b) addiw   t4, t4, 1
0 0x0000000080000264 (0x001e8e9b) x29 0x0000000000010001
core   0: 0x0000000080000268 (0x00fe9e93) slli    t4, t4, 15
0 0x0000000080000268 (0x00fe9e93) x29 0x0000000080008000
core   0: 0x000000008000026c (0xfffe8e93) addi    t4, t4, -1
0 0x000000008000026c (0xfffe8e93) x29 0x0000000080007fff
core   0: 0x0000000080000270 (0x000041b1) c.li    gp, 12
0 0x0000000080000270 (0x000041b1) x 3 0x000000000000000c
core   0: 0x0000000080000272 (0x00002e17) auipc   t3, 0x2
0 0x0000000080000272 (0x00002e17) x28 0x0000000080002272
core   0: 0x0000000080000276 (0xd8ee0e13) addi    t3, t3, -626
0 0x0000000080000276 (0xd8ee0e13) x28 0x0000000080002000
core   0: 0x000000008000027a (0x03ee2823) sw      t5, 48(t3)
0 0x000000008000027a (0x03ee2823)
core   0: 0x000000008000027e (0x39df1963) bne     t5, t4, pc + 914
0 0x000000008000027e (0x39df1963)
core   0: 0x0000000080000282 (0x00004081) c.li    ra, 0
0 0x0000000080000282 (0x00004081) x 1 0x0000000000000000
core   0: 0x0000000080000284 (0x0000517d) c.li    sp, -1
0 0x0000000080000284 (0x0000517d) x 2 0xffffffffffffffff
core   0: 0x0000000080000286 (0x40208f33) sub     t5, ra, sp
0 0x0000000080000286 (0x40208f33) x30 0x0000000000000001
core   0: 0x000000008000028a (0x00004e85) c.li    t4, 1
0 0x000000008000028a (0x00004e85) x29 0x0000000000000001
core   0: 0x000000008000028c (0x000041b5) c.li    gp, 13
0 0x000000008000028c (0x000041b5) x 3 0x000000000000000d
core   0: 0x000000008000028e (0x00002e17) auipc   t3, 0x2
0 0x000000008000028e (0x00002e17) x28 0x000000008000228e
core   0: 0x0000000080000292 (0xd72e0e13) addi    t3, t3, -654
0 0x0000000080000292 (0xd72e0e13) x28 0x0000000080002000
core   0: 0x0000000080000296 (0x03ee2a23) sw      t5, 52(t3)
0 0x0000000080000296 (0x03ee2a23)
core   0: 0x000000008000029a (0x37df1b63) bne     t5, t4, pc + 886
0 0x000000008000029a (0x37df1b63)
core   0: 0x000000008000029e (0x000050fd) c.li    ra, -1
0 0x000000008000029e (0x000050fd) x 1 0xffffffffffffffff
core   0: 0x00000000800002a0 (0x00004105) c.li    sp, 1
0 0x00000000800002a0 (0x00004105) x 2 0x0000000000000001
core   0: 0x00000000800002a2 (0x40208f33) sub     t5, ra, sp
0 0x00000000800002a2 (0x40208f33) x30 0xfffffffffffffffe
core   0: 0x00000000800002a6 (0x00005ef9) c.li    t4, -2
0 0x00000000800002a6 (0x00005ef9) x29 0xfffffffffffffffe
core   0: 0x00000000800002a8 (0x000041b9) c.li    gp, 14
0 0x00000000800002a8 (0x000041b9) x 3 0x000000000000000e
core   0: 0x00000000800002aa (0x00002e17) auipc   t3, 0x2
0 0x00000000800002aa (0x00002e17) x28 0x00000000800022aa
core   0: 0x00000000800002ae (0xd56e0e13) addi    t3, t3, -682
0 0x00000000800002ae (0xd56e0e13) x28 0x0000000080002000
core   0: 0x00000000800002b2 (0x03ee2c23) sw      t5, 56(t3)
0 0x00000000800002b2 (0x03ee2c23)
core   0: 0x00000000800002b6 (0x35df1d63) bne     t5, t4, pc + 858
0 0x00000000800002b6 (0x35df1d63)
core   0: 0x00000000800002ba (0x000050fd) c.li    ra, -1
0 0x00000000800002ba (0x000050fd) x 1 0xffffffffffffffff
core   0: 0x00000000800002bc (0x0000517d) c.li    sp, -1
0 0x00000000800002bc (0x0000517d) x 2 0xffffffffffffffff
core   0: 0x00000000800002be (0x40208f33) sub     t5, ra, sp
0 0x00000000800002be (0x40208f33) x30 0x0000000000000000
core   0: 0x00000000800002c2 (0x00004e81) c.li    t4, 0
0 0x00000000800002c2 (0x00004e81) x29 0x0000000000000000
core   0: 0x00000000800002c4 (0x000041bd) c.li    gp, 15
0 0x00000000800002c4 (0x000041bd) x 3 0x000000000000000f
core   0: 0x00000000800002c6 (0x00002e17) auipc   t3, 0x2
0 0x00000000800002c6 (0x00002e17) x28 0x00000000800022c6
core   0: 0x00000000800002ca (0xd3ae0e13) addi    t3, t3, -710
0 0x00000000800002ca (0xd3ae0e13) x28 0x0000000080002000
core   0: 0x00000000800002ce (0x03ee2e23) sw      t5, 60(t3)
0 0x00000000800002ce (0x03ee2e23)
core   0: 0x00000000800002d2 (0x33df1f63) bne     t5, t4, pc + 830
0 0x00000000800002d2 (0x33df1f63)
core   0: 0x00000000800002d6 (0x000040b5) c.li    ra, 13
0 0x00000000800002d6 (0x000040b5) x 1 0x000000000000000d
core   0: 0x00000000800002d8 (0x0000412d) c.li    sp, 11
0 0x00000000800002d8 (0x0000412d) x 2 0x000000000000000b
core   0: 0x00000000800002da (0x402080b3) sub     ra, ra, sp
0 0x00000000800002da (0x402080b3) x 1 0x0000000000000002
core   0: 0x00000000800002de (0x00004e89) c.li    t4, 2
0 0x00000000800002de (0x00004e89) x29 0x0000000000000002
core   0: 0x00000000800002e0 (0x000041c1) c.li    gp, 16
0 0x00000000800002e0 (0x000041c1) x 3 0x0000000000000010
core   0: 0x00000000800002e2 (0x00002e17) auipc   t3, 0x2
0 0x00000000800002e2 (0x00002e17) x28 0x00000000800022e2
core   0: 0x00000000800002e6 (0xd1ee0e13) addi    t3, t3, -738
0 0x00000000800002e6 (0xd1ee0e13) x28 0x0000000080002000
core   0: 0x00000000800002ea (0x041e2023) sw      ra, 64(t3)
0 0x00000000800002ea (0x041e2023)
core   0: 0x00000000800002ee (0x33d09163) bne     ra, t4, pc + 802
0 0x00000000800002ee (0x33d09163)
core   0: 0x00000000800002f2 (0x000040b9) c.li    ra, 14
0 0x00000000800002f2 (0x000040b9) x 1 0x000000000000000e
core   0: 0x00000000800002f4 (0x0000412d) c.li    sp, 11
0 0x00000000800002f4 (0x0000412d) x 2 0x000000000000000b
core   0: 0x00000000800002f6 (0x40208133) sub     sp, ra, sp
0 0x00000000800002f6 (0x40208133) x 2 0x0000000000000003
core   0: 0x00000000800002fa (0x00004e8d) c.li    t4, 3
0 0x00000000800002fa (0x00004e8d) x29 0x0000000000000003
core   0: 0x00000000800002fc (0x000041c5) c.li    gp, 17
0 0x00000000800002fc (0x000041c5) x 3 0x0000000000000011
core   0: 0x00000000800002fe (0x00002e17) auipc   t3, 0x2
0 0x00000000800002fe (0x00002e17) x28 0x00000000800022fe
core   0: 0x0000000080000302 (0xd02e0e13) addi    t3, t3, -766
0 0x0000000080000302 (0xd02e0e13) x28 0x0000000080002000
core   0: 0x0000000080000306 (0x042e2223) sw      sp, 68(t3)
0 0x0000000080000306 (0x042e2223)
core   0: 0x000000008000030a (0x31d11363) bne     sp, t4, pc + 774
0 0x000000008000030a (0x31d11363)
core   0: 0x000000008000030e (0x000040b5) c.li    ra, 13
0 0x000000008000030e (0x000040b5) x 1 0x000000000000000d
core   0: 0x0000000080000310 (0x401080b3) sub     ra, ra, ra
0 0x0000000080000310 (0x401080b3) x 1 0x0000000000000000
core   0: 0x0000000080000314 (0x00004e81) c.li    t4, 0
0 0x0000000080000314 (0x00004e81) x29 0x0000000000000000
core   0: 0x0000000080000316 (0x000041c9) c.li    gp, 18
0 0x0000000080000316 (0x000041c9) x 3 0x0000000000000012
core   0: 0x0000000080000318 (0x00002e17) auipc   t3, 0x2
0 0x0000000080000318 (0x00002e17) x28 0x0000000080002318
core   0: 0x000000008000031c (0xce8e0e13) addi    t3, t3, -792
0 0x000000008000031c (0xce8e0e13) x28 0x0000000080002000
core   0: 0x0000000080000320 (0x041e2423) sw      ra, 72(t3)
0 0x0000000080000320 (0x041e2423)
core   0: 0x0000000080000324 (0x2fd09663) bne     ra, t4, pc + 748
0 0x0000000080000324 (0x2fd09663)
core   0: 0x0000000080000328 (0x00004201) c.li    tp, 0
0 0x0000000080000328 (0x00004201) x 4 0x0000000000000000
core   0: 0x000000008000032a (0x000040b5) c.li    ra, 13
0 0x000000008000032a (0x000040b5) x 1 0x000000000000000d
core   0: 0x000000008000032c (0x0000412d) c.li    sp, 11
0 0x000000008000032c (0x0000412d) x 2 0x000000000000000b
core   0: 0x000000008000032e (0x40208f33) sub     t5, ra, sp
0 0x000000008000032e (0x40208f33) x30 0x0000000000000002
core   0: 0x0000000080000332 (0x000f0313) mv      t1, t5
0 0x0000000080000332 (0x000f0313) x 6 0x0000000000000002
core   0: 0x0000000080000336 (0x00000205) c.addi  tp, 1
0 0x0000000080000336 (0x00000205) x 4 0x0000000000000001
core   0: 0x0000000080000338 (0x00004289) c.li    t0, 2
0 0x0000000080000338 (0x00004289) x 5 0x0000000000000002
core   0: 0x000000008000033a (0xfe5218e3) bne     tp, t0, pc - 16
0 0x000000008000033a (0xfe5218e3)
core   0: 0x000000008000032a (0x000040b5) c.li    ra, 13
0 0x000000008000032a (0x000040b5) x 1 0x000000000000000d
core   0: 0x000000008000032c (0x0000412d) c.li    sp, 11
0 0x000000008000032c (0x0000412d) x 2 0x000000000000000b
core   0: 0x000000008000032e (0x40208f33) sub     t5, ra, sp
0 0x000000008000032e (0x40208f33) x30 0x0000000000000002
core   0: 0x0000000080000332 (0x000f0313) mv      t1, t5
0 0x0000000080000332 (0x000f0313) x 6 0x0000000000000002
core   0: 0x0000000080000336 (0x00000205) c.addi  tp, 1
0 0x0000000080000336 (0x00000205) x 4 0x0000000000000002
core   0: 0x0000000080000338 (0x00004289) c.li    t0, 2
0 0x0000000080000338 (0x00004289) x 5 0x0000000000000002
core   0: 0x000000008000033a (0xfe5218e3) bne     tp, t0, pc - 16
0 0x000000008000033a (0xfe5218e3)
core   0: 0x000000008000033e (0x00004e89) c.li    t4, 2
0 0x000000008000033e (0x00004e89) x29 0x0000000000000002
core   0: 0x0000000080000340 (0x000041cd) c.li    gp, 19
0 0x0000000080000340 (0x000041cd) x 3 0x0000000000000013
core   0: 0x0000000080000342 (0x00002e17) auipc   t3, 0x2
0 0x0000000080000342 (0x00002e17) x28 0x0000000080002342
core   0: 0x0000000080000346 (0xcbee0e13) addi    t3, t3, -834
0 0x0000000080000346 (0xcbee0e13) x28 0x0000000080002000
core   0: 0x000000008000034a (0x046e2623) sw      t1, 76(t3)
0 0x000000008000034a (0x046e2623)
core   0: 0x000000008000034e (0x2dd31163) bne     t1, t4, pc + 706
0 0x000000008000034e (0x2dd31163)
core   0: 0x0000000080000352 (0x00004201) c.li    tp, 0
0 0x0000000080000352 (0x00004201) x 4 0x0000000000000000
core   0: 0x0000000080000354 (0x000040b9) c.li    ra, 14
0 0x0000000080000354 (0x000040b9) x 1 0x000000000000000e
core   0: 0x0000000080000356 (0x0000412d) c.li    sp, 11
0 0x0000000080000356 (0x0000412d) x 2 0x000000000000000b
core   0: 0x0000000080000358 (0x40208f33) sub     t5, ra, sp
0 0x0000000080000358 (0x40208f33) x30 0x0000000000000003
core   0: 0x000000008000035c (0x00000001) c.nop
0 0x000000008000035c (0x00000001)
core   0: 0x000000008000035e (0x000f0313) mv      t1, t5
0 0x000000008000035e (0x000f0313) x 6 0x0000000000000003
core   0: 0x0000000080000362 (0x00000205) c.addi  tp, 1
0 0x0000000080000362 (0x00000205) x 4 0x0000000000000001
core   0: 0x0000000080000364 (0x00004289) c.li    t0, 2
0 0x0000000080000364 (0x00004289) x 5 0x0000000000000002
core   0: 0x0000000080000366 (0xfe5217e3) bne     tp, t0, pc - 18
0 0x0000000080000366 (0xfe5217e3)
core   0: 0x0000000080000354 (0x000040b9) c.li    ra, 14
0 0x0000000080000354 (0x000040b9) x 1 0x000000000000000e
core   0: 0x0000000080000356 (0x0000412d) c.li    sp, 11
0 0x0000000080000356 (0x0000412d) x 2 0x000000000000000b
core   0: 0x0000000080000358 (0x40208f33) sub     t5, ra, sp
0 0x0000000080000358 (0x40208f33) x30 0x0000000000000003
core   0: 0x000000008000035c (0x00000001) c.nop
0 0x000000008000035c (0x00000001)
core   0: 0x000000008000035e (0x000f0313) mv      t1, t5
0 0x000000008000035e (0x000f0313) x 6 0x0000000000000003
core   0: 0x0000000080000362 (0x00000205) c.addi  tp, 1
0 0x0000000080000362 (0x00000205) x 4 0x0000000000000002
core   0: 0x0000000080000364 (0x00004289) c.li    t0, 2
0 0x0000000080000364 (0x00004289) x 5 0x0000000000000002
core   0: 0x0000000080000366 (0xfe5217e3) bne     tp, t0, pc - 18
0 0x0000000080000366 (0xfe5217e3)
core   0: 0x000000008000036a (0x00004e8d) c.li    t4, 3
0 0x000000008000036a (0x00004e8d) x29 0x0000000000000003
core   0: 0x000000008000036c (0x000041d1) c.li    gp, 20
0 0x000000008000036c (0x000041d1) x 3 0x0000000000000014
core   0: 0x000000008000036e (0x00002e17) auipc   t3, 0x2
0 0x000000008000036e (0x00002e17) x28 0x000000008000236e
core   0: 0x0000000080000372 (0xc92e0e13) addi    t3, t3, -878
0 0x0000000080000372 (0xc92e0e13) x28 0x0000000080002000
core   0: 0x0000000080000376 (0x046e2823) sw      t1, 80(t3)
0 0x0000000080000376 (0x046e2823)
core   0: 0x000000008000037a (0x29d31b63) bne     t1, t4, pc + 662
0 0x000000008000037a (0x29d31b63)
core   0: 0x000000008000037e (0x00004201) c.li    tp, 0
0 0x000000008000037e (0x00004201) x 4 0x0000000000000000
core   0: 0x0000000080000380 (0x000040bd) c.li    ra, 15
0 0x0000000080000380 (0x000040bd) x 1 0x000000000000000f
core   0: 0x0000000080000382 (0x0000412d) c.li    sp, 11
0 0x0000000080000382 (0x0000412d) x 2 0x000000000000000b
core   0: 0x0000000080000384 (0x40208f33) sub     t5, ra, sp
0 0x0000000080000384 (0x40208f33) x30 0x0000000000000004
core   0: 0x0000000080000388 (0x00000001) c.nop
0 0x0000000080000388 (0x00000001)
core   0: 0x000000008000038a (0x00000001) c.nop
0 0x000000008000038a (0x00000001)
core   0: 0x000000008000038c (0x000f0313) mv      t1, t5
0 0x000000008000038c (0x000f0313) x 6 0x0000000000000004
core   0: 0x0000000080000390 (0x00000205) c.addi  tp, 1
0 0x0000000080000390 (0x00000205) x 4 0x0000000000000001
core   0: 0x0000000080000392 (0x00004289) c.li    t0, 2
0 0x0000000080000392 (0x00004289) x 5 0x0000000000000002
core   0: 0x0000000080000394 (0xfe5216e3) bne     tp, t0, pc - 20
0 0x0000000080000394 (0xfe5216e3)
core   0: 0x0000000080000380 (0x000040bd) c.li    ra, 15
0 0x0000000080000380 (0x000040bd) x 1 0x000000000000000f
core   0: 0x0000000080000382 (0x0000412d) c.li    sp, 11
0 0x0000000080000382 (0x0000412d) x 2 0x000000000000000b
core   0: 0x0000000080000384 (0x40208f33) sub     t5, ra, sp
0 0x0000000080000384 (0x40208f33) x30 0x0000000000000004
core   0: 0x0000000080000388 (0x00000001) c.nop
0 0x0000000080000388 (0x00000001)
core   0: 0x000000008000038a (0x00000001) c.nop
0 0x000000008000038a (0x00000001)
core   0: 0x000000008000038c (0x000f0313) mv      t1, t5
0 0x000000008000038c (0x000f0313) x 6 0x0000000000000004
core   0: 0x0000000080000390 (0x00000205) c.addi  tp, 1
0 0x0000000080000390 (0x00000205) x 4 0x0000000000000002
core   0: 0x0000000080000392 (0x00004289) c.li    t0, 2
0 0x0000000080000392 (0x00004289) x 5 0x0000000000000002
core   0: 0x0000000080000394 (0xfe5216e3) bne     tp, t0, pc - 20
0 0x0000000080000394 (0xfe5216e3)
core   0: 0x0000000080000398 (0x00004e91) c.li    t4, 4
0 0x0000000080000398 (0x00004e91) x29 0x0000000000000004
core   0: 0x000000008000039a (0x000041d5) c.li    gp, 21
0 0x000000008000039a (0x000041d5) x 3 0x0000000000000015
core   0: 0x000000008000039c (0x00002e17) auipc   t3, 0x2
0 0x000000008000039c (0x00002e17) x28 0x000000008000239c
core   0: 0x00000000800003a0 (0xc64e0e13) addi    t3, t3, -924
0 0x00000000800003a0 (0xc64e0e13) x28 0x0000000080002000
core   0: 0x00000000800003a4 (0x046e2a23) sw      t1, 84(t3)
0 0x00000000800003a4 (0x046e2a23)
core   0: 0x00000000800003a8 (0x27d31463) bne     t1, t4, pc + 616
0 0x00000000800003a8 (0x27d31463)
core   0: 0x00000000800003ac (0x00004201) c.li    tp, 0
0 0x00000000800003ac (0x00004201) x 4 0x0000000000000000
core   0: 0x00000000800003ae (0x000040b5) c.li    ra, 13
0 0x00000000800003ae (0x000040b5) x 1 0x000000000000000d
core   0: 0x00000000800003b0 (0x0000412d) c.li    sp, 11
0 0x00000000800003b0 (0x0000412d) x 2 0x000000000000000b
core   0: 0x00000000800003b2 (0x40208f33) sub     t5, ra, sp
0 0x00000000800003b2 (0x40208f33) x30 0x0000000000000002
core   0: 0x00000000800003b6 (0x00000205) c.addi  tp, 1
0 0x00000000800003b6 (0x00000205) x 4 0x0000000000000001
core   0: 0x00000000800003b8 (0x00004289) c.li    t0, 2
0 0x00000000800003b8 (0x00004289) x 5 0x0000000000000002
core   0: 0x00000000800003ba (0xfe521ae3) bne     tp, t0, pc - 12
0 0x00000000800003ba (0xfe521ae3)
core   0: 0x00000000800003ae (0x000040b5) c.li    ra, 13
0 0x00000000800003ae (0x000040b5) x 1 0x000000000000000d
core   0: 0x00000000800003b0 (0x0000412d) c.li    sp, 11
0 0x00000000800003b0 (0x0000412d) x 2 0x000000000000000b
core   0: 0x00000000800003b2 (0x40208f33) sub     t5, ra, sp
0 0x00000000800003b2 (0x40208f33) x30 0x0000000000000002
core   0: 0x00000000800003b6 (0x00000205) c.addi  tp, 1
0 0x00000000800003b6 (0x00000205) x 4 0x0000000000000002
core   0: 0x00000000800003b8 (0x00004289) c.li    t0, 2
0 0x00000000800003b8 (0x00004289) x 5 0x0000000000000002
core   0: 0x00000000800003ba (0xfe521ae3) bne     tp, t0, pc - 12
0 0x00000000800003ba (0xfe521ae3)
core   0: 0x00000000800003be (0x00004e89) c.li    t4, 2
0 0x00000000800003be (0x00004e89) x29 0x0000000000000002
core   0: 0x00000000800003c0 (0x000041d9) c.li    gp, 22
0 0x00000000800003c0 (0x000041d9) x 3 0x0000000000000016
core   0: 0x00000000800003c2 (0x00002e17) auipc   t3, 0x2
0 0x00000000800003c2 (0x00002e17) x28 0x00000000800023c2
core   0: 0x00000000800003c6 (0xc3ee0e13) addi    t3, t3, -962
0 0x00000000800003c6 (0xc3ee0e13) x28 0x0000000080002000
core   0: 0x00000000800003ca (0x05ee2c23) sw      t5, 88(t3)
0 0x00000000800003ca (0x05ee2c23)
core   0: 0x00000000800003ce (0x25df1163) bne     t5, t4, pc + 578
0 0x00000000800003ce (0x25df1163)
core   0: 0x00000000800003d2 (0x00004201) c.li    tp, 0
0 0x00000000800003d2 (0x00004201) x 4 0x0000000000000000
core   0: 0x00000000800003d4 (0x000040b9) c.li    ra, 14
0 0x00000000800003d4 (0x000040b9) x 1 0x000000000000000e
core   0: 0x00000000800003d6 (0x0000412d) c.li    sp, 11
0 0x00000000800003d6 (0x0000412d) x 2 0x000000000000000b
core   0: 0x00000000800003d8 (0x00000001) c.nop
0 0x00000000800003d8 (0x00000001)
core   0: 0x00000000800003da (0x40208f33) sub     t5, ra, sp
0 0x00000000800003da (0x40208f33) x30 0x0000000000000003
core   0: 0x00000000800003de (0x00000205) c.addi  tp, 1
0 0x00000000800003de (0x00000205) x 4 0x0000000000000001
core   0: 0x00000000800003e0 (0x00004289) c.li    t0, 2
0 0x00000000800003e0 (0x00004289) x 5 0x0000000000000002
core   0: 0x00000000800003e2 (0xfe5219e3) bne     tp, t0, pc - 14
0 0x00000000800003e2 (0xfe5219e3)
core   0: 0x00000000800003d4 (0x000040b9) c.li    ra, 14
0 0x00000000800003d4 (0x000040b9) x 1 0x000000000000000e
core   0: 0x00000000800003d6 (0x0000412d) c.li    sp, 11
0 0x00000000800003d6 (0x0000412d) x 2 0x000000000000000b
core   0: 0x00000000800003d8 (0x00000001) c.nop
0 0x00000000800003d8 (0x00000001)
core   0: 0x00000000800003da (0x40208f33) sub     t5, ra, sp
0 0x00000000800003da (0x40208f33) x30 0x0000000000000003
core   0: 0x00000000800003de (0x00000205) c.addi  tp, 1
0 0x00000000800003de (0x00000205) x 4 0x0000000000000002
core   0: 0x00000000800003e0 (0x00004289) c.li    t0, 2
0 0x00000000800003e0 (0x00004289) x 5 0x0000000000000002
core   0: 0x00000000800003e2 (0xfe5219e3) bne     tp, t0, pc - 14
0 0x00000000800003e2 (0xfe5219e3)
core   0: 0x00000000800003e6 (0x00004e8d) c.li    t4, 3
0 0x00000000800003e6 (0x00004e8d) x29 0x0000000000000003
core   0: 0x00000000800003e8 (0x000041dd) c.li    gp, 23
0 0x00000000800003e8 (0x000041dd) x 3 0x0000000000000017
core   0: 0x00000000800003ea (0x00002e17) auipc   t3, 0x2
0 0x00000000800003ea (0x00002e17) x28 0x00000000800023ea
core   0: 0x00000000800003ee (0xc16e0e13) addi    t3, t3, -1002
0 0x00000000800003ee (0xc16e0e13) x28 0x0000000080002000
core   0: 0x00000000800003f2 (0x05ee2e23) sw      t5, 92(t3)
0 0x00000000800003f2 (0x05ee2e23)
core   0: 0x00000000800003f6 (0x21df1d63) bne     t5, t4, pc + 538
0 0x00000000800003f6 (0x21df1d63)
core   0: 0x00000000800003fa (0x00004201) c.li    tp, 0
0 0x00000000800003fa (0x00004201) x 4 0x0000000000000000
core   0: 0x00000000800003fc (0x000040bd) c.li    ra, 15
0 0x00000000800003fc (0x000040bd) x 1 0x000000000000000f
core   0: 0x00000000800003fe (0x0000412d) c.li    sp, 11
0 0x00000000800003fe (0x0000412d) x 2 0x000000000000000b
core   0: 0x0000000080000400 (0x00000001) c.nop
0 0x0000000080000400 (0x00000001)
core   0: 0x0000000080000402 (0x00000001) c.nop
0 0x0000000080000402 (0x00000001)
core   0: 0x0000000080000404 (0x40208f33) sub     t5, ra, sp
0 0x0000000080000404 (0x40208f33) x30 0x0000000000000004
core   0: 0x0000000080000408 (0x00000205) c.addi  tp, 1
0 0x0000000080000408 (0x00000205) x 4 0x0000000000000001
core   0: 0x000000008000040a (0x00004289) c.li    t0, 2
0 0x000000008000040a (0x00004289) x 5 0x0000000000000002
core   0: 0x000000008000040c (0xfe5218e3) bne     tp, t0, pc - 16
0 0x000000008000040c (0xfe5218e3)
core   0: 0x00000000800003fc (0x000040bd) c.li    ra, 15
0 0x00000000800003fc (0x000040bd) x 1 0x000000000000000f
core   0: 0x00000000800003fe (0x0000412d) c.li    sp, 11
0 0x00000000800003fe (0x0000412d) x 2 0x000000000000000b
core   0: 0x0000000080000400 (0x00000001) c.nop
0 0x0000000080000400 (0x00000001)
core   0: 0x0000000080000402 (0x00000001) c.nop
0 0x0000000080000402 (0x00000001)
core   0: 0x0000000080000404 (0x40208f33) sub     t5, ra, sp
0 0x0000000080000404 (0x40208f33) x30 0x0000000000000004
core   0: 0x0000000080000408 (0x00000205) c.addi  tp, 1
0 0x0000000080000408 (0x00000205) x 4 0x0000000000000002
core   0: 0x000000008000040a (0x00004289) c.li    t0, 2
0 0x000000008000040a (0x00004289) x 5 0x0000000000000002
core   0: 0x000000008000040c (0xfe5218e3) bne     tp, t0, pc - 16
0 0x000000008000040c (0xfe5218e3)
core   0: 0x0000000080000410 (0x00004e91) c.li    t4, 4
0 0x0000000080000410 (0x00004e91) x29 0x0000000000000004
core   0: 0x0000000080000412 (0x000041e1) c.li    gp, 24
0 0x0000000080000412 (0x000041e1) x 3 0x0000000000000018
core   0: 0x0000000080000414 (0x00002e17) auipc   t3, 0x2
0 0x0000000080000414 (0x00002e17) x28 0x0000000080002414
core   0: 0x0000000080000418 (0xbece0e13) addi    t3, t3, -1044
0 0x0000000080000418 (0xbece0e13) x28 0x0000000080002000
core   0: 0x000000008000041c (0x07ee2023) sw      t5, 96(t3)
0 0x000000008000041c (0x07ee2023)
core   0: 0x0000000080000420 (0x1fdf1863) bne     t5, t4, pc + 496
0 0x0000000080000420 (0x1fdf1863)
core   0: 0x0000000080000424 (0x00004201) c.li    tp, 0
0 0x0000000080000424 (0x00004201) x 4 0x0000000000000000
core   0: 0x0000000080000426 (0x000040b5) c.li    ra, 13
0 0x0000000080000426 (0x000040b5) x 1 0x000000000000000d
core   0: 0x0000000080000428 (0x00000001) c.nop
0 0x0000000080000428 (0x00000001)
core   0: 0x000000008000042a (0x0000412d) c.li    sp, 11
0 0x000000008000042a (0x0000412d) x 2 0x000000000000000b
core   0: 0x000000008000042c (0x40208f33) sub     t5, ra, sp
0 0x000000008000042c (0x40208f33) x30 0x0000000000000002
core   0: 0x0000000080000430 (0x00000205) c.addi  tp, 1
0 0x0000000080000430 (0x00000205) x 4 0x0000000000000001
core   0: 0x0000000080000432 (0x00004289) c.li    t0, 2
0 0x0000000080000432 (0x00004289) x 5 0x0000000000000002
core   0: 0x0000000080000434 (0xfe5219e3) bne     tp, t0, pc - 14
0 0x0000000080000434 (0xfe5219e3)
core   0: 0x0000000080000426 (0x000040b5) c.li    ra, 13
0 0x0000000080000426 (0x000040b5) x 1 0x000000000000000d
core   0: 0x0000000080000428 (0x00000001) c.nop
0 0x0000000080000428 (0x00000001)
core   0: 0x000000008000042a (0x0000412d) c.li    sp, 11
0 0x000000008000042a (0x0000412d) x 2 0x000000000000000b
core   0: 0x000000008000042c (0x40208f33) sub     t5, ra, sp
0 0x000000008000042c (0x40208f33) x30 0x0000000000000002
core   0: 0x0000000080000430 (0x00000205) c.addi  tp, 1
0 0x0000000080000430 (0x00000205) x 4 0x0000000000000002
core   0: 0x0000000080000432 (0x00004289) c.li    t0, 2
0 0x0000000080000432 (0x00004289) x 5 0x0000000000000002
core   0: 0x0000000080000434 (0xfe5219e3) bne     tp, t0, pc - 14
0 0x0000000080000434 (0xfe5219e3)
core   0: 0x0000000080000438 (0x00004e89) c.li    t4, 2
0 0x0000000080000438 (0x00004e89) x29 0x0000000000000002
core   0: 0x000000008000043a (0x000041e5) c.li    gp, 25
0 0x000000008000043a (0x000041e5) x 3 0x0000000000000019
core   0: 0x000000008000043c (0x00002e17) auipc   t3, 0x2
0 0x000000008000043c (0x00002e17) x28 0x000000008000243c
core   0: 0x0000000080000440 (0xbc4e0e13) addi    t3, t3, -1084
0 0x0000000080000440 (0xbc4e0e13) x28 0x0000000080002000
core   0: 0x0000000080000444 (0x07ee2223) sw      t5, 100(t3)
0 0x0000000080000444 (0x07ee2223)
core   0: 0x0000000080000448 (0x1ddf1463) bne     t5, t4, pc + 456
0 0x0000000080000448 (0x1ddf1463)
core   0: 0x000000008000044c (0x00004201) c.li    tp, 0
0 0x000000008000044c (0x00004201) x 4 0x0000000000000000
core   0: 0x000000008000044e (0x000040b9) c.li    ra, 14
0 0x000000008000044e (0x000040b9) x 1 0x000000000000000e
core   0: 0x0000000080000450 (0x00000001) c.nop
0 0x0000000080000450 (0x00000001)
core   0: 0x0000000080000452 (0x0000412d) c.li    sp, 11
0 0x0000000080000452 (0x0000412d) x 2 0x000000000000000b
core   0: 0x0000000080000454 (0x00000001) c.nop
0 0x0000000080000454 (0x00000001)
core   0: 0x0000000080000456 (0x40208f33) sub     t5, ra, sp
0 0x0000000080000456 (0x40208f33) x30 0x0000000000000003
core   0: 0x000000008000045a (0x00000205) c.addi  tp, 1
0 0x000000008000045a (0x00000205) x 4 0x0000000000000001
core   0: 0x000000008000045c (0x00004289) c.li    t0, 2
0 0x000000008000045c (0x00004289) x 5 0x0000000000000002
core   0: 0x000000008000045e (0xfe5218e3) bne     tp, t0, pc - 16
0 0x000000008000045e (0xfe5218e3)
core   0: 0x000000008000044e (0x000040b9) c.li    ra, 14
0 0x000000008000044e (0x000040b9) x 1 0x000000000000000e
core   0: 0x0000000080000450 (0x00000001) c.nop
0 0x0000000080000450 (0x00000001)
core   0: 0x0000000080000452 (0x0000412d) c.li    sp, 11
0 0x0000000080000452 (0x0000412d) x 2 0x000000000000000b
core   0: 0x0000000080000454 (0x00000001) c.nop
0 0x0000000080000454 (0x00000001)
core   0: 0x0000000080000456 (0x40208f33) sub     t5, ra, sp
0 0x0000000080000456 (0x40208f33) x30 0x0000000000000003
core   0: 0x000000008000045a (0x00000205) c.addi  tp, 1
0 0x000000008000045a (0x00000205) x 4 0x0000000000000002
core   0: 0x000000008000045c (0x00004289) c.li    t0, 2
0 0x000000008000045c (0x00004289) x 5 0x0000000000000002
core   0: 0x000000008000045e (0xfe5218e3) bne     tp, t0, pc - 16
0 0x000000008000045e (0xfe5218e3)
core   0: 0x0000000080000462 (0x00004e8d) c.li    t4, 3
0 0x0000000080000462 (0x00004e8d) x29 0x0000000000000003
core   0: 0x0000000080000464 (0x000041e9) c.li    gp, 26
0 0x0000000080000464 (0x000041e9) x 3 0x000000000000001a
core   0: 0x0000000080000466 (0x00002e17) auipc   t3, 0x2
0 0x0000000080000466 (0x00002e17) x28 0x0000000080002466
core   0: 0x000000008000046a (0xb9ae0e13) addi    t3, t3, -1126
0 0x000000008000046a (0xb9ae0e13) x28 0x0000000080002000
core   0: 0x000000008000046e (0x07ee2423) sw      t5, 104(t3)
0 0x000000008000046e (0x07ee2423)
core   0: 0x0000000080000472 (0x19df1f63) bne     t5, t4, pc + 414
0 0x0000000080000472 (0x19df1f63)
core   0: 0x0000000080000476 (0x00004201) c.li    tp, 0
0 0x0000000080000476 (0x00004201) x 4 0x0000000000000000
core   0: 0x0000000080000478 (0x000040bd) c.li    ra, 15
0 0x0000000080000478 (0x000040bd) x 1 0x000000000000000f
core   0: 0x000000008000047a (0x00000001) c.nop
0 0x000000008000047a (0x00000001)
core   0: 0x000000008000047c (0x00000001) c.nop
0 0x000000008000047c (0x00000001)
core   0: 0x000000008000047e (0x0000412d) c.li    sp, 11
0 0x000000008000047e (0x0000412d) x 2 0x000000000000000b
core   0: 0x0000000080000480 (0x40208f33) sub     t5, ra, sp
0 0x0000000080000480 (0x40208f33) x30 0x0000000000000004
core   0: 0x0000000080000484 (0x00000205) c.addi  tp, 1
0 0x0000000080000484 (0x00000205) x 4 0x0000000000000001
core   0: 0x0000000080000486 (0x00004289) c.li    t0, 2
0 0x0000000080000486 (0x00004289) x 5 0x0000000000000002
core   0: 0x0000000080000488 (0xfe5218e3) bne     tp, t0, pc - 16
0 0x0000000080000488 (0xfe5218e3)
core   0: 0x0000000080000478 (0x000040bd) c.li    ra, 15
0 0x0000000080000478 (0x000040bd) x 1 0x000000000000000f
core   0: 0x000000008000047a (0x00000001) c.nop
0 0x000000008000047a (0x00000001)
core   0: 0x000000008000047c (0x00000001) c.nop
0 0x000000008000047c (0x00000001)
core   0: 0x000000008000047e (0x0000412d) c.li    sp, 11
0 0x000000008000047e (0x0000412d) x 2 0x000000000000000b
core   0: 0x0000000080000480 (0x40208f33) sub     t5, ra, sp
0 0x0000000080000480 (0x40208f33) x30 0x0000000000000004
core   0: 0x0000000080000484 (0x00000205) c.addi  tp, 1
0 0x0000000080000484 (0x00000205) x 4 0x0000000000000002
core   0: 0x0000000080000486 (0x00004289) c.li    t0, 2
0 0x0000000080000486 (0x00004289) x 5 0x0000000000000002
core   0: 0x0000000080000488 (0xfe5218e3) bne     tp, t0, pc - 16
0 0x0000000080000488 (0xfe5218e3)
core   0: 0x000000008000048c (0x00004e91) c.li    t4, 4
0 0x000000008000048c (0x00004e91) x29 0x0000000000000004
core   0: 0x000000008000048e (0x000041ed) c.li    gp, 27
0 0x000000008000048e (0x000041ed) x 3 0x000000000000001b
core   0: 0x0000000080000490 (0x00002e17) auipc   t3, 0x2
0 0x0000000080000490 (0x00002e17) x28 0x0000000080002490
core   0: 0x0000000080000494 (0xb70e0e13) addi    t3, t3, -1168
0 0x0000000080000494 (0xb70e0e13) x28 0x0000000080002000
core   0: 0x0000000080000498 (0x07ee2623) sw      t5, 108(t3)
0 0x0000000080000498 (0x07ee2623)
core   0: 0x000000008000049c (0x17df1a63) bne     t5, t4, pc + 372
0 0x000000008000049c (0x17df1a63)
core   0: 0x00000000800004a0 (0x00004201) c.li    tp, 0
0 0x00000000800004a0 (0x00004201) x 4 0x0000000000000000
core   0: 0x00000000800004a2 (0x0000412d) c.li    sp, 11
0 0x00000000800004a2 (0x0000412d) x 2 0x000000000000000b
core   0: 0x00000000800004a4 (0x000040b5) c.li    ra, 13
0 0x00000000800004a4 (0x000040b5) x 1 0x000000000000000d
core   0: 0x00000000800004a6 (0x40208f33) sub     t5, ra, sp
0 0x00000000800004a6 (0x40208f33) x30 0x0000000000000002
core   0: 0x00000000800004aa (0x00000205) c.addi  tp, 1
0 0x00000000800004aa (0x00000205) x 4 0x0000000000000001
core   0: 0x00000000800004ac (0x00004289) c.li    t0, 2
0 0x00000000800004ac (0x00004289) x 5 0x0000000000000002
core   0: 0x00000000800004ae (0xfe521ae3) bne     tp, t0, pc - 12
0 0x00000000800004ae (0xfe521ae3)
core   0: 0x00000000800004a2 (0x0000412d) c.li    sp, 11
0 0x00000000800004a2 (0x0000412d) x 2 0x000000000000000b
core   0: 0x00000000800004a4 (0x000040b5) c.li    ra, 13
0 0x00000000800004a4 (0x000040b5) x 1 0x000000000000000d
core   0: 0x00000000800004a6 (0x40208f33) sub     t5, ra, sp
0 0x00000000800004a6 (0x40208f33) x30 0x0000000000000002
core   0: 0x00000000800004aa (0x00000205) c.addi  tp, 1
0 0x00000000800004aa (0x00000205) x 4 0x0000000000000002
core   0: 0x00000000800004ac (0x00004289) c.li    t0, 2
0 0x00000000800004ac (0x00004289) x 5 0x0000000000000002
core   0: 0x00000000800004ae (0xfe521ae3) bne     tp, t0, pc - 12
0 0x00000000800004ae (0xfe521ae3)
core   0: 0x00000000800004b2 (0x00004e89) c.li    t4, 2
0 0x00000000800004b2 (0x00004e89) x29 0x0000000000000002
core   0: 0x00000000800004b4 (0x000041f1) c.li    gp, 28
0 0x00000000800004b4 (0x000041f1) x 3 0x000000000000001c
core   0: 0x00000000800004b6 (0x00002e17) auipc   t3, 0x2
0 0x00000000800004b6 (0x00002e17) x28 0x00000000800024b6
core   0: 0x00000000800004ba (0xb4ae0e13) addi    t3, t3, -1206
0 0x00000000800004ba (0xb4ae0e13) x28 0x0000000080002000
core   0: 0x00000000800004be (0x07ee2823) sw      t5, 112(t3)
0 0x00000000800004be (0x07ee2823)
core   0: 0x00000000800004c2 (0x15df1763) bne     t5, t4, pc + 334
0 0x00000000800004c2 (0x15df1763)
core   0: 0x00000000800004c6 (0x00004201) c.li    tp, 0
0 0x00000000800004c6 (0x00004201) x 4 0x0000000000000000
core   0: 0x00000000800004c8 (0x0000412d) c.li    sp, 11
0 0x00000000800004c8 (0x0000412d) x 2 0x000000000000000b
core   0: 0x00000000800004ca (0x000040b9) c.li    ra, 14
0 0x00000000800004ca (0x000040b9) x 1 0x000000000000000e
core   0: 0x00000000800004cc (0x00000001) c.nop
0 0x00000000800004cc (0x00000001)
core   0: 0x00000000800004ce (0x40208f33) sub     t5, ra, sp
0 0x00000000800004ce (0x40208f33) x30 0x0000000000000003
core   0: 0x00000000800004d2 (0x00000205) c.addi  tp, 1
0 0x00000000800004d2 (0x00000205) x 4 0x0000000000000001
core   0: 0x00000000800004d4 (0x00004289) c.li    t0, 2
0 0x00000000800004d4 (0x00004289) x 5 0x0000000000000002
core   0: 0x00000000800004d6 (0xfe5219e3) bne     tp, t0, pc - 14
0 0x00000000800004d6 (0xfe5219e3)
core   0: 0x00000000800004c8 (0x0000412d) c.li    sp, 11
0 0x00000000800004c8 (0x0000412d) x 2 0x000000000000000b
core   0: 0x00000000800004ca (0x000040b9) c.li    ra, 14
0 0x00000000800004ca (0x000040b9) x 1 0x000000000000000e
core   0: 0x00000000800004cc (0x00000001) c.nop
0 0x00000000800004cc (0x00000001)
core   0: 0x00000000800004ce (0x40208f33) sub     t5, ra, sp
0 0x00000000800004ce (0x40208f33) x30 0x0000000000000003
core   0: 0x00000000800004d2 (0x00000205) c.addi  tp, 1
0 0x00000000800004d2 (0x00000205) x 4 0x0000000000000002
core   0: 0x00000000800004d4 (0x00004289) c.li    t0, 2
0 0x00000000800004d4 (0x00004289) x 5 0x0000000000000002
core   0: 0x00000000800004d6 (0xfe5219e3) bne     tp, t0, pc - 14
0 0x00000000800004d6 (0xfe5219e3)
core   0: 0x00000000800004da (0x00004e8d) c.li    t4, 3
0 0x00000000800004da (0x00004e8d) x29 0x0000000000000003
core   0: 0x00000000800004dc (0x000041f5) c.li    gp, 29
0 0x00000000800004dc (0x000041f5) x 3 0x000000000000001d
core   0: 0x00000000800004de (0x00002e17) auipc   t3, 0x2
0 0x00000000800004de (0x00002e17) x28 0x00000000800024de
core   0: 0x00000000800004e2 (0xb22e0e13) addi    t3, t3, -1246
0 0x00000000800004e2 (0xb22e0e13) x28 0x0000000080002000
core   0: 0x00000000800004e6 (0x07ee2a23) sw      t5, 116(t3)
0 0x00000000800004e6 (0x07ee2a23)
core   0: 0x00000000800004ea (0x13df1363) bne     t5, t4, pc + 294
0 0x00000000800004ea (0x13df1363)
core   0: 0x00000000800004ee (0x00004201) c.li    tp, 0
0 0x00000000800004ee (0x00004201) x 4 0x0000000000000000
core   0: 0x00000000800004f0 (0x0000412d) c.li    sp, 11
0 0x00000000800004f0 (0x0000412d) x 2 0x000000000000000b
core   0: 0x00000000800004f2 (0x000040bd) c.li    ra, 15
0 0x00000000800004f2 (0x000040bd) x 1 0x000000000000000f
core   0: 0x00000000800004f4 (0x00000001) c.nop
0 0x00000000800004f4 (0x00000001)
core   0: 0x00000000800004f6 (0x00000001) c.nop
0 0x00000000800004f6 (0x00000001)
core   0: 0x00000000800004f8 (0x40208f33) sub     t5, ra, sp
0 0x00000000800004f8 (0x40208f33) x30 0x0000000000000004
core   0: 0x00000000800004fc (0x00000205) c.addi  tp, 1
0 0x00000000800004fc (0x00000205) x 4 0x0000000000000001
core   0: 0x00000000800004fe (0x00004289) c.li    t0, 2
0 0x00000000800004fe (0x00004289) x 5 0x0000000000000002
core   0: 0x0000000080000500 (0xfe5218e3) bne     tp, t0, pc - 16
0 0x0000000080000500 (0xfe5218e3)
core   0: 0x00000000800004f0 (0x0000412d) c.li    sp, 11
0 0x00000000800004f0 (0x0000412d) x 2 0x000000000000000b
core   0: 0x00000000800004f2 (0x000040bd) c.li    ra, 15
0 0x00000000800004f2 (0x000040bd) x 1 0x000000000000000f
core   0: 0x00000000800004f4 (0x00000001) c.nop
0 0x00000000800004f4 (0x00000001)
core   0: 0x00000000800004f6 (0x00000001) c.nop
0 0x00000000800004f6 (0x00000001)
core   0: 0x00000000800004f8 (0x40208f33) sub     t5, ra, sp
0 0x00000000800004f8 (0x40208f33) x30 0x0000000000000004
core   0: 0x00000000800004fc (0x00000205) c.addi  tp, 1
0 0x00000000800004fc (0x00000205) x 4 0x0000000000000002
core   0: 0x00000000800004fe (0x00004289) c.li    t0, 2
0 0x00000000800004fe (0x00004289) x 5 0x0000000000000002
core   0: 0x0000000080000500 (0xfe5218e3) bne     tp, t0, pc - 16
0 0x0000000080000500 (0xfe5218e3)
core   0: 0x0000000080000504 (0x00004e91) c.li    t4, 4
0 0x0000000080000504 (0x00004e91) x29 0x0000000000000004
core   0: 0x0000000080000506 (0x000041f9) c.li    gp, 30
0 0x0000000080000506 (0x000041f9) x 3 0x000000000000001e
core   0: 0x0000000080000508 (0x00002e17) auipc   t3, 0x2
0 0x0000000080000508 (0x00002e17) x28 0x0000000080002508
core   0: 0x000000008000050c (0xaf8e0e13) addi    t3, t3, -1288
0 0x000000008000050c (0xaf8e0e13) x28 0x0000000080002000
core   0: 0x0000000080000510 (0x07ee2c23) sw      t5, 120(t3)
0 0x0000000080000510 (0x07ee2c23)
core   0: 0x0000000080000514 (0x0fdf1e63) bne     t5, t4, pc + 252
0 0x0000000080000514 (0x0fdf1e63)
core   0: 0x0000000080000518 (0x00004201) c.li    tp, 0
0 0x0000000080000518 (0x00004201) x 4 0x0000000000000000
core   0: 0x000000008000051a (0x0000412d) c.li    sp, 11
0 0x000000008000051a (0x0000412d) x 2 0x000000000000000b
core   0: 0x000000008000051c (0x00000001) c.nop
0 0x000000008000051c (0x00000001)
core   0: 0x000000008000051e (0x000040b5) c.li    ra, 13
0 0x000000008000051e (0x000040b5) x 1 0x000000000000000d
core   0: 0x0000000080000520 (0x40208f33) sub     t5, ra, sp
0 0x0000000080000520 (0x40208f33) x30 0x0000000000000002
core   0: 0x0000000080000524 (0x00000205) c.addi  tp, 1
0 0x0000000080000524 (0x00000205) x 4 0x0000000000000001
core   0: 0x0000000080000526 (0x00004289) c.li    t0, 2
0 0x0000000080000526 (0x00004289) x 5 0x0000000000000002
core   0: 0x0000000080000528 (0xfe5219e3) bne     tp, t0, pc - 14
0 0x0000000080000528 (0xfe5219e3)
core   0: 0x000000008000051a (0x0000412d) c.li    sp, 11
0 0x000000008000051a (0x0000412d) x 2 0x000000000000000b
core   0: 0x000000008000051c (0x00000001) c.nop
0 0x000000008000051c (0x00000001)
core   0: 0x000000008000051e (0x000040b5) c.li    ra, 13
0 0x000000008000051e (0x000040b5) x 1 0x000000000000000d
core   0: 0x0000000080000520 (0x40208f33) sub     t5, ra, sp
0 0x0000000080000520 (0x40208f33) x30 0x0000000000000002
core   0: 0x0000000080000524 (0x00000205) c.addi  tp, 1
0 0x0000000080000524 (0x00000205) x 4 0x0000000000000002
core   0: 0x0000000080000526 (0x00004289) c.li    t0, 2
0 0x0000000080000526 (0x00004289) x 5 0x0000000000000002
core   0: 0x0000000080000528 (0xfe5219e3) bne     tp, t0, pc - 14
0 0x0000000080000528 (0xfe5219e3)
core   0: 0x000000008000052c (0x00004e89) c.li    t4, 2
0 0x000000008000052c (0x00004e89) x29 0x0000000000000002
core   0: 0x000000008000052e (0x000041fd) c.li    gp, 31
0 0x000000008000052e (0x000041fd) x 3 0x000000000000001f
core   0: 0x0000000080000530 (0x00002e17) auipc   t3, 0x2
0 0x0000000080000530 (0x00002e17) x28 0x0000000080002530
core   0: 0x0000000080000534 (0xad0e0e13) addi    t3, t3, -1328
0 0x0000000080000534 (0xad0e0e13) x28 0x0000000080002000
core   0: 0x0000000080000538 (0x07ee2e23) sw      t5, 124(t3)
0 0x0000000080000538 (0x07ee2e23)
core   0: 0x000000008000053c (0x0ddf1a63) bne     t5, t4, pc + 212
0 0x000000008000053c (0x0ddf1a63)
core   0: 0x0000000080000540 (0x00004201) c.li    tp, 0
0 0x0000000080000540 (0x00004201) x 4 0x0000000000000000
core   0: 0x0000000080000542 (0x0000412d) c.li    sp, 11
0 0x0000000080000542 (0x0000412d) x 2 0x000000000000000b
core   0: 0x0000000080000544 (0x00000001) c.nop
0 0x0000000080000544 (0x00000001)
core   0: 0x0000000080000546 (0x000040b9) c.li    ra, 14
0 0x0000000080000546 (0x000040b9) x 1 0x000000000000000e
core   0: 0x0000000080000548 (0x00000001) c.nop
0 0x0000000080000548 (0x00000001)
core   0: 0x000000008000054a (0x40208f33) sub     t5, ra, sp
0 0x000000008000054a (0x40208f33) x30 0x0000000000000003
core   0: 0x000000008000054e (0x00000205) c.addi  tp, 1
0 0x000000008000054e (0x00000205) x 4 0x0000000000000001
core   0: 0x0000000080000550 (0x00004289) c.li    t0, 2
0 0x0000000080000550 (0x00004289) x 5 0x0000000000000002
core   0: 0x0000000080000552 (0xfe5218e3) bne     tp, t0, pc - 16
0 0x0000000080000552 (0xfe5218e3)
core   0: 0x0000000080000542 (0x0000412d) c.li    sp, 11
0 0x0000000080000542 (0x0000412d) x 2 0x000000000000000b
core   0: 0x0000000080000544 (0x00000001) c.nop
0 0x0000000080000544 (0x00000001)
core   0: 0x0000000080000546 (0x000040b9) c.li    ra, 14
0 0x0000000080000546 (0x000040b9) x 1 0x000000000000000e
core   0: 0x0000000080000548 (0x00000001) c.nop
0 0x0000000080000548 (0x00000001)
core   0: 0x000000008000054a (0x40208f33) sub     t5, ra, sp
0 0x000000008000054a (0x40208f33) x30 0x0000000000000003
core   0: 0x000000008000054e (0x00000205) c.addi  tp, 1
0 0x000000008000054e (0x00000205) x 4 0x0000000000000002
core   0: 0x0000000080000550 (0x00004289) c.li    t0, 2
0 0x0000000080000550 (0x00004289) x 5 0x0000000000000002
core   0: 0x0000000080000552 (0xfe5218e3) bne     tp, t0, pc - 16
0 0x0000000080000552 (0xfe5218e3)
core   0: 0x0000000080000556 (0x00004e8d) c.li    t4, 3
0 0x0000000080000556 (0x00004e8d) x29 0x0000000000000003
core   0: 0x0000000080000558 (0x02000193) li      gp, 32
0 0x0000000080000558 (0x02000193) x 3 0x0000000000000020
core   0: 0x000000008000055c (0x00002e17) auipc   t3, 0x2
0 0x000000008000055c (0x00002e17) x28 0x000000008000255c
core   0: 0x0000000080000560 (0xaa4e0e13) addi    t3, t3, -1372
0 0x0000000080000560 (0xaa4e0e13) x28 0x0000000080002000
core   0: 0x0000000080000564 (0x09ee2023) sw      t5, 128(t3)
0 0x0000000080000564 (0x09ee2023)
core   0: 0x0000000080000568 (0x0bdf1463) bne     t5, t4, pc + 168
0 0x0000000080000568 (0x0bdf1463)
core   0: 0x000000008000056c (0x00004201) c.li    tp, 0
0 0x000000008000056c (0x00004201) x 4 0x0000000000000000
core   0: 0x000000008000056e (0x0000412d) c.li    sp, 11
0 0x000000008000056e (0x0000412d) x 2 0x000000000000000b
core   0: 0x0000000080000570 (0x00000001) c.nop
0 0x0000000080000570 (0x00000001)
core   0: 0x0000000080000572 (0x00000001) c.nop
0 0x0000000080000572 (0x00000001)
core   0: 0x0000000080000574 (0x000040bd) c.li    ra, 15
0 0x0000000080000574 (0x000040bd) x 1 0x000000000000000f
core   0: 0x0000000080000576 (0x40208f33) sub     t5, ra, sp
0 0x0000000080000576 (0x40208f33) x30 0x0000000000000004
core   0: 0x000000008000057a (0x00000205) c.addi  tp, 1
0 0x000000008000057a (0x00000205) x 4 0x0000000000000001
core   0: 0x000000008000057c (0x00004289) c.li    t0, 2
0 0x000000008000057c (0x00004289) x 5 0x0000000000000002
core   0: 0x000000008000057e (0xfe5218e3) bne     tp, t0, pc - 16
0 0x000000008000057e (0xfe5218e3)
core   0: 0x000000008000056e (0x0000412d) c.li    sp, 11
0 0x000000008000056e (0x0000412d) x 2 0x000000000000000b
core   0: 0x0000000080000570 (0x00000001) c.nop
0 0x0000000080000570 (0x00000001)
core   0: 0x0000000080000572 (0x00000001) c.nop
0 0x0000000080000572 (0x00000001)
core   0: 0x0000000080000574 (0x000040bd) c.li    ra, 15
0 0x0000000080000574 (0x000040bd) x 1 0x000000000000000f
core   0: 0x0000000080000576 (0x40208f33) sub     t5, ra, sp
0 0x0000000080000576 (0x40208f33) x30 0x0000000000000004
core   0: 0x000000008000057a (0x00000205) c.addi  tp, 1
0 0x000000008000057a (0x00000205) x 4 0x0000000000000002
core   0: 0x000000008000057c (0x00004289) c.li    t0, 2
0 0x000000008000057c (0x00004289) x 5 0x0000000000000002
core   0: 0x000000008000057e (0xfe5218e3) bne     tp, t0, pc - 16
0 0x000000008000057e (0xfe5218e3)
core   0: 0x0000000080000582 (0x00004e91) c.li    t4, 4
0 0x0000000080000582 (0x00004e91) x29 0x0000000000000004
core   0: 0x0000000080000584 (0x02100193) li      gp, 33
0 0x0000000080000584 (0x02100193) x 3 0x0000000000000021
core   0: 0x0000000080000588 (0x00002e17) auipc   t3, 0x2
0 0x0000000080000588 (0x00002e17) x28 0x0000000080002588
core   0: 0x000000008000058c (0xa78e0e13) addi    t3, t3, -1416
0 0x000000008000058c (0xa78e0e13) x28 0x0000000080002000
core   0: 0x0000000080000590 (0x09ee2223) sw      t5, 132(t3)
0 0x0000000080000590 (0x09ee2223)
core   0: 0x0000000080000594 (0x07df1e63) bne     t5, t4, pc + 124
0 0x0000000080000594 (0x07df1e63)
core   0: 0x0000000080000598 (0x000050c5) c.li    ra, -15
0 0x0000000080000598 (0x000050c5) x 1 0xfffffffffffffff1
core   0: 0x000000008000059a (0x40100133) sub     sp, zero, ra
0 0x000000008000059a (0x40100133) x 2 0x000000000000000f
core   0: 0x000000008000059e (0x00004ebd) c.li    t4, 15
0 0x000000008000059e (0x00004ebd) x29 0x000000000000000f
core   0: 0x00000000800005a0 (0x02200193) li      gp, 34
0 0x00000000800005a0 (0x02200193) x 3 0x0000000000000022
core   0: 0x00000000800005a4 (0x00002e17) auipc   t3, 0x2
0 0x00000000800005a4 (0x00002e17) x28 0x00000000800025a4
core   0: 0x00000000800005a8 (0xa5ce0e13) addi    t3, t3, -1444
0 0x00000000800005a8 (0xa5ce0e13) x28 0x0000000080002000
core   0: 0x00000000800005ac (0x082e2423) sw      sp, 136(t3)
0 0x00000000800005ac (0x082e2423)
core   0: 0x00000000800005b0 (0x07d11063) bne     sp, t4, pc + 96
0 0x00000000800005b0 (0x07d11063)
core   0: 0x00000000800005b4 (0x02000093) li      ra, 32
0 0x00000000800005b4 (0x02000093) x 1 0x0000000000000020
core   0: 0x00000000800005b8 (0x40008133) sub     sp, ra, zero
0 0x00000000800005b8 (0x40008133) x 2 0x0000000000000020
core   0: 0x00000000800005bc (0x02000e93) li      t4, 32
0 0x00000000800005bc (0x02000e93) x29 0x0000000000000020
core   0: 0x00000000800005c0 (0x02300193) li      gp, 35
0 0x00000000800005c0 (0x02300193) x 3 0x0000000000000023
core   0: 0x00000000800005c4 (0x00002e17) auipc   t3, 0x2
0 0x00000000800005c4 (0x00002e17) x28 0x00000000800025c4
core   0: 0x00000000800005c8 (0xa3ce0e13) addi    t3, t3, -1476
0 0x00000000800005c8 (0xa3ce0e13) x28 0x0000000080002000
core   0: 0x00000000800005cc (0x082e2623) sw      sp, 140(t3)
0 0x00000000800005cc (0x082e2623)
core   0: 0x00000000800005d0 (0x05d11063) bne     sp, t4, pc + 64
0 0x00000000800005d0 (0x05d11063)
core   0: 0x00000000800005d4 (0x400000b3) sub     ra, zero, zero
0 0x00000000800005d4 (0x400000b3) x 1 0x0000000000000000
core   0: 0x00000000800005d8 (0x00004e81) c.li    t4, 0
0 0x00000000800005d8 (0x00004e81) x29 0x0000000000000000
core   0: 0x00000000800005da (0x02400193) li      gp, 36
0 0x00000000800005da (0x02400193) x 3 0x0000000000000024
core   0: 0x00000000800005de (0x00002e17) auipc   t3, 0x2
0 0x00000000800005de (0x00002e17) x28 0x00000000800025de
core   0: 0x00000000800005e2 (0xa22e0e13) addi    t3, t3, -1502
0 0x00000000800005e2 (0xa22e0e13) x28 0x0000000080002000
core   0: 0x00000000800005e6 (0x081e2823) sw      ra, 144(t3)
0 0x00000000800005e6 (0x081e2823)
core   0: 0x00000000800005ea (0x03d09363) bne     ra, t4, pc + 38
0 0x00000000800005ea (0x03d09363)
core   0: 0x00000000800005ee (0x000040c1) c.li    ra, 16
0 0x00000000800005ee (0x000040c1) x 1 0x0000000000000010
core   0: 0x00000000800005f0 (0x00004179) c.li    sp, 30
0 0x00000000800005f0 (0x00004179) x 2 0x000000000000001e
core   0: 0x00000000800005f2 (0x40208033) sub     zero, ra, sp
0 0x00000000800005f2 (0x40208033)
core   0: 0x00000000800005f6 (0x00004e81) c.li    t4, 0
0 0x00000000800005f6 (0x00004e81) x29 0x0000000000000000
core   0: 0x00000000800005f8 (0x02500193) li      gp, 37
0 0x00000000800005f8 (0x02500193) x 3 0x0000000000000025
core   0: 0x00000000800005fc (0x00002e17) auipc   t3, 0x2
0 0x00000000800005fc (0x00002e17) x28 0x00000000800025fc
core   0: 0x0000000080000600 (0xa04e0e13) addi    t3, t3, -1532
0 0x0000000080000600 (0xa04e0e13) x28 0x0000000080002000
core   0: 0x0000000080000604 (0x080e2a23) sw      zero, 148(t3)
0 0x0000000080000604 (0x080e2a23)
core   0: 0x0000000080000608 (0x01d01463) bne     zero, t4, pc + 8
0 0x0000000080000608 (0x01d01463)
core   0: 0x000000008000060c (0x00301d63) bne     zero, gp, pc + 26
0 0x000000008000060c (0x00301d63)
core   0: 0x0000000080000626 (0x0ff0000f) fence   iorw,iorw
0 0x0000000080000626 (0x0ff0000f)
core   0: 0x000000008000062a (0x00004185) c.li    gp, 1
0 0x000000008000062a (0x00004185) x 3 0x0000000000000001
core   0: 0x000000008000062c (0x00002e17) auipc   t3, 0x2
0 0x000000008000062c (0x00002e17) x28 0x000000008000262c
core   0: 0x0000000080000630 (0x9d4e0e13) addi    t3, t3, -1580
0 0x0000000080000630 (0x9d4e0e13) x28 0x0000000080002000
core   0: 0x0000000080000634 (0x003e2023) sw      gp, 0(t3)
0 0x0000000080000634 (0x003e2023)
core   0: 0x0000000080000638 (0x00000073) ecall
0 0x0000000080000638 (0x00000073)
