core   0: 0x0000000000010000 (0x00100413) li      s0, 1
3 0x0000000000010000 (0x00100413) x 8 0x0000000000000001
core   0: 0x0000000000010004 (0x01f41413) slli    s0, s0, 31
3 0x0000000000010004 (0x01f41413) x 8 0x0000000080000000
core   0: 0x0000000000010008 (0xf1402573) csrr    a0, mhartid
3 0x0000000000010008 (0xf1402573) x10 0x0000000000000000
core   0: 0x000000000001000c (0x00000597) auipc   a1, 0x0
3 0x000000000001000c (0x00000597) x11 0x000000000001000c
core   0: 0x0000000000010010 (0x07458593) addi    a1, a1, 116
3 0x0000000000010010 (0x07458593) x11 0x0000000000010080
core   0: 0x0000000000010014 (0x00040067) jr      s0
3 0x0000000000010014 (0x00040067)
core   0: 0x0000000080000000 (0x0000a081) c.j     pc + 64
3 0x0000000080000000 (0x0000a081)
core   0: 0x0000000080000040 (0xf1402573) csrr    a0, mhartid
3 0x0000000080000040 (0xf1402573) x10 0x0000000000000000
core   0: 0x0000000080000044 (0x0000e101) c.bnez  a0, pc + 0
3 0x0000000080000044 (0x0000e101)
core   0: 0x0000000080000046 (0x00000297) auipc   t0, 0x0
3 0x0000000080000046 (0x00000297) x 5 0x0000000080000046
core   0: 0x000000008000004a (0x01228293) addi    t0, t0, 18
3 0x000000008000004a (0x01228293) x 5 0x0000000080000058
core   0: 0x000000008000004e (0x30529073) csrw    mtvec, t0
3 0x000000008000004e (0x30529073)
core   0: 0x0000000080000052 (0x18005073) csrwi   satp, 0
3 0x0000000080000052 (0x18005073)
core   0: 0x0000000080000056 (0x00000001) c.nop
3 0x0000000080000056 (0x00000001)
core   0: 0x0000000080000058 (0x00000297) auipc   t0, 0x0
3 0x0000000080000058 (0x00000297) x 5 0x0000000080000058
core   0: 0x000000008000005c (0x01828293) addi    t0, t0, 24
3 0x000000008000005c (0x01828293) x 5 0x0000000080000070
core   0: 0x0000000080000060 (0x30529073) csrw    mtvec, t0
3 0x0000000080000060 (0x30529073)
core   0: 0x0000000080000064 (0x000052fd) c.li    t0, -1
3 0x0000000080000064 (0x000052fd) x 5 0xffffffffffffffff
core   0: 0x0000000080000066 (0x3b029073) csrw    pmpaddr0, t0
3 0x0000000080000066 (0x3b029073)
core   0: 0x000000008000006a (0x000042fd) c.li    t0, 31
3 0x000000008000006a (0x000042fd) x 5 0x000000000000001f
core   0: 0x000000008000006c (0x3a029073) csrw    pmpcfg0, t0
3 0x000000008000006c (0x3a029073)
core   0: 0x0000000080000070 (0x00000297) auipc   t0, 0x0
3 0x0000000080000070 (0x00000297) x 5 0x0000000080000070
core   0: 0x0000000080000074 (0x01828293) addi    t0, t0, 24
3 0x0000000080000074 (0x01828293) x 5 0x0000000080000088
core   0: 0x0000000080000078 (0x30529073) csrw    mtvec, t0
3 0x0000000080000078 (0x30529073)
core   0: 0x000000008000007c (0x30205073) csrwi   medeleg, 0
3 0x000000008000007c (0x30205073)
core   0: 0x0000000080000080 (0x30305073) csrwi   mideleg, 0
3 0x0000000080000080 (0x30305073)
core   0: 0x0000000080000084 (0x30405073) csrwi   mie, 0
3 0x0000000080000084 (0x30405073)
core   0: 0x0000000080000088 (0x00004181) c.li    gp, 0
3 0x0000000080000088 (0x00004181) x 3 0x0000000000000000
core   0: 0x000000008000008a (0x00000297) auipc   t0, 0x0
3 0x000000008000008a (0x00000297) x 5 0x000000008000008a
core   0: 0x000000008000008e (0xf7a28293) addi    t0, t0, -134
3 0x000000008000008e (0xf7a28293) x 5 0x0000000080000004
core   0: 0x0000000080000092 (0x30529073) csrw    mtvec, t0
3 0x0000000080000092 (0x30529073)
core   0: 0x0000000080000096 (0x00004505) c.li    a0, 1
3 0x0000000080000096 (0x00004505) x10 0x0000000000000001
core   0: 0x0000000080000098 (0x0000057e) c.slli  a0, 31
3 0x0000000080000098 (0x0000057e) x10 0x0000000080000000
core   0: 0x000000008000009a (0x00055d63) bgez    a0, pc + 26
3 0x000000008000009a (0x00055d63)
core   0: 0x00000000800000b4 (0x80000297) auipc   t0, 0x80000
3 0x00000000800000b4 (0x80000297) x 5 0x00000000000000b4
core   0: 0x00000000800000b8 (0xf4c28293) addi    t0, t0, -180
3 0x00000000800000b8 (0xf4c28293) x 5 0x0000000000000000
core   0: 0x00000000800000bc (0x00028e63) beqz    t0, pc + 28
3 0x00000000800000bc (0x00028e63)
core   0: 0x00000000800000d8 (0x30005073) csrwi   mstatus, 0
3 0x00000000800000d8 (0x30005073)
core   0: 0x00000000800000dc (0x00000297) auipc   t0, 0x0
3 0x00000000800000dc (0x00000297) x 5 0x00000000800000dc
core   0: 0x00000000800000e0 (0x01428293) addi    t0, t0, 20
3 0x00000000800000e0 (0x01428293) x 5 0x00000000800000f0
core   0: 0x00000000800000e4 (0x34129073) csrw    mepc, t0
3 0x00000000800000e4 (0x34129073)
core   0: 0x00000000800000e8 (0xf1402573) csrr    a0, mhartid
3 0x00000000800000e8 (0xf1402573) x10 0x0000000000000000
core   0: 0x00000000800000ec (0x30200073) mret
3 0x00000000800000ec (0x30200073)
core   0: 0x00000000800000f0 (0x00ff10b7) lui     ra, 0xff1
0 0x00000000800000f0 (0x00ff10b7) x 1 0x0000000000ff1000
core   0: 0x00000000800000f4 (0xf000809b) addiw   ra, ra, -256
0 0x00000000800000f4 (0xf000809b) x 1 0x0000000000ff0f00
core   0: 0x00000000800000f8 (0xf0f0cf13) xori    t5, ra, -241
0 0x00000000800000f8 (0xf0f0cf13) x30 0xffffffffff00f00f
core   0: 0x00000000800000fc (0xff00feb7) lui     t4, 0xff00f
0 0x00000000800000fc (0xff00feb7) x29 0xffffffffff00f000
core   0: 0x0000000080000100 (0x00fe8e9b) addiw   t4, t4, 15
0 0x0000000080000100 (0x00fe8e9b) x29 0xffffffffff00f00f
core   0: 0x0000000080000104 (0x00004189) c.li    gp, 2
0 0x0000000080000104 (0x00004189) x 3 0x0000000000000002
core   0: 0x0000000080000106 (0x00002e17) auipc   t3, 0x2
0 0x0000000080000106 (0x00002e17) x28 0x0000000080002106
core   0: 0x000000008000010a (0xefae0e13) addi    t3, t3, -262
0 0x000000008000010a (0xefae0e13) x28 0x0000000080002000
core   0: 0x000000008000010e (0x01ee2423) sw      t5, 8(t3)
0 0x000000008000010e (0x01ee2423)
core   0: 0x0000000080000112 (0x21df1963) bne     t5, t4, pc + 530
0 0x0000000080000112 (0x21df1963)
core   0: 0x0000000080000116 (0x0ff010b7) lui     ra, 0xff01
0 0x0000000080000116 (0x0ff010b7) x 1 0x000000000ff01000
core   0: 0x000000008000011a (0xff00809b) addiw   ra, ra, -16
0 0x000000008000011a (0xff00809b) x 1 0x000000000ff00ff0
core   0: 0x000000008000011e (0x0f00cf13) xori    t5, ra, 240
0 0x000000008000011e (0x0f00cf13) x30 0x000000000ff00f00
core   0: 0x0000000080000122 (0x0ff01eb7) lui     t4, 0xff01
0 0x0000000080000122 (0x0ff01eb7) x29 0x000000000ff01000
core   0: 0x0000000080000126 (0xf00e8e9b) addiw   t4, t4, -256
0 0x0000000080000126 (0xf00e8e9b) x29 0x000000000ff00f00
core   0: 0x000000008000012a (0x0000418d) c.li    gp, 3
0 0x000000008000012a (0x0000418d) x 3 0x0000000000000003
core   0: 0x000000008000012c (0x00002e17) auipc   t3, 0x2
0 0x000000008000012c (0x00002e17) x28 0x000000008000212c
core   0: 0x0000000080000130 (0xed4e0e13) addi    t3, t3, -300
0 0x0000000080000130 (0xed4e0e13) x28 0x0000000080002000
core   0: 0x0000000080000134 (0x01ee2623) sw      t5, 12(t3)
0 0x0000000080000134 (0x01ee2623)
core   0: 0x0000000080000138 (0x1fdf1663) bne     t5, t4, pc + 492
0 0x0000000080000138 (0x1fdf1663)
core   0: 0x000000008000013c (0x00ff10b7) lui     ra, 0xff1
0 0x000000008000013c (0x00ff10b7) x 1 0x0000000000ff1000
core   0: 0x0000000080000140 (0x8ff0809b) addiw   ra, ra, -1793
0 0x0000000080000140 (0x8ff0809b) x 1 0x0000000000ff08ff
core   0: 0x0000000080000144 (0x70f0cf13) xori    t5, ra, 1807
0 0x0000000080000144 (0x70f0cf13) x30 0x0000000000ff0ff0
core   0: 0x0000000080000148 (0x00ff1eb7) lui     t4, 0xff1
0 0x0000000080000148 (0x00ff1eb7) x29 0x0000000000ff1000
core   0: 0x000000008000014c (0xff0e8e9b) addiw   t4, t4, -16
0 0x000000008000014c (0xff0e8e9b) x29 0x0000000000ff0ff0
core   0: 0x0000000080000150 (0x00004191) c.li    gp, 4
0 0x0000000080000150 (0x00004191) x 3 0x0000000000000004
core   0: 0x0000000080000152 (0x00002e17) auipc   t3, 0x2
0 0x0000000080000152 (0x00002e17) x28 0x0000000080002152
core   0: 0x0000000080000156 (0xeaee0e13) addi    t3, t3, -338
0 0x0000000080000156 (0xeaee0e13) x28 0x0000000080002000
core   0: 0x000000008000015a (0x01ee2823) sw      t5, 16(t3)
0 0x000000008000015a (0x01ee2823)
core   0: 0x000000008000015e (0x1ddf1363) bne     t5, t4, pc + 454
0 0x000000008000015e (0x1ddf1363)
core   0: 0x0000000080000162 (0xf00ff0b7) lui     ra, 0xf00ff
0 0x0000000080000162 (0xf00ff0b7) x 1 0xfffffffff00ff000
core   0: 0x0000000080000166 (0x00f0809b) addiw   ra, ra, 15
0 0x0000000080000166 (0x00f0809b) x 1 0xfffffffff00ff00f
core   0: 0x000000008000016a (0x0f00cf13) xori    t5, ra, 240
0 0x000000008000016a (0x0f00cf13) x30 0xfffffffff00ff0ff
core   0: 0x000000008000016e (0xf00ffeb7) lui     t4, 0xf00ff
0 0x000000008000016e (0xf00ffeb7) x29 0xfffffffff00ff000
core   0: 0x0000000080000172 (0x0ffe8e9b) addiw   t4, t4, 255
0 0x0000000080000172 (0x0ffe8e9b) x29 0xfffffffff00ff0ff
core   0: 0x0000000080000176 (0x00004195) c.li    gp, 5
0 0x0000000080000176 (0x00004195) x 3 0x0000000000000005
core   0: 0x0000000080000178 (0x00002e17) auipc   t3, 0x2
0 0x0000000080000178 (0x00002e17) x28 0x0000000080002178
core   0: 0x000000008000017c (0xe88e0e13) addi    t3, t3, -376
0 0x000000008000017c (0xe88e0e13) x28 0x0000000080002000
core   0: 0x0000000080000180 (0x01ee2a23) sw      t5, 20(t3)
0 0x0000000080000180 (0x01ee2a23)
core   0: 0x0000000080000184 (0x1bdf1063) bne     t5, t4, pc + 416
0 0x0000000080000184 (0x1bdf1063)
core   0: 0x0000000080000188 (0xff00f0b7) lui     ra, 0xff00f
0 0x0000000080000188 (0xff00f0b7) x 1 0xffffffffff00f000
core   0: 0x000000008000018c (0x7000809b) addiw   ra, ra, 1792
0 0x000000008000018c (0x7000809b) x 1 0xffffffffff00f700
core   0: 0x0000000080000190 (0x70f0c093) xori    ra, ra, 1807
0 0x0000000080000190 (0x70f0c093) x 1 0xffffffffff00f00f
core   0: 0x0000000080000194 (0xff00feb7) lui     t4, 0xff00f
0 0x0000000080000194 (0xff00feb7) x29 0xffffffffff00f000
core   0: 0x0000000080000198 (0x00fe8e9b) addiw   t4, t4, 15
0 0x0000000080000198 (0x00fe8e9b) x29 0xffffffffff00f00f
core   0: 0x000000008000019c (0x00004199) c.li    gp, 6
0 0x000000008000019c (0x00004199) x 3 0x0000000000000006
core   0: 0x000000008000019e (0x00002e17) auipc   t3, 0x2
0 0x000000008000019e (0x00002e17) x28 0x000000008000219e
core   0: 0x00000000800001a2 (0xe62e0e13) addi    t3, t3, -414
0 0x00000000800001a2 (0xe62e0e13) x28 0x0000000080002000
core   0: 0x00000000800001a6 (0x001e2c23) sw      ra, 24(t3)
0 0x00000000800001a6 (0x001e2c23)
core   0: 0x00000000800001aa (0x17d09d63) bne     ra, t4, pc + 378
0 0x00000000800001aa (0x17d09d63)
core   0: 0x00000000800001ae (0x00004201) c.li    tp, 0
0 0x00000000800001ae (0x00004201) x 4 0x0000000000000000
core   0: 0x00000000800001b0 (0x0ff010b7) lui     ra, 0xff01
0 0x00000000800001b0 (0x0ff010b7) x 1 0x000000000ff01000
core   0: 0x00000000800001b4 (0xff00809b) addiw   ra, ra, -16
0 0x00000000800001b4 (0xff00809b) x 1 0x000000000ff00ff0
core   0: 0x00000000800001b8 (0x0f00cf13) xori    t5, ra, 240
0 0x00000000800001b8 (0x0f00cf13) x30 0x000000000ff00f00
core   0: 0x00000000800001bc (0x000f0313) mv      t1, t5
0 0x00000000800001bc (0x000f0313) x 6 0x000000000ff00f00
core   0: 0x00000000800001c0 (0x00000205) c.addi  tp, 1
0 0x00000000800001c0 (0x00000205) x 4 0x0000000000000001
core   0: 0x00000000800001c2 (0x00004289) c.li    t0, 2
0 0x00000000800001c2 (0x00004289) x 5 0x0000000000000002
core   0: 0x00000000800001c4 (0xfe5216e3) bne     tp, t0, pc - 20
0 0x00000000800001c4 (0xfe5216e3)
core   0: 0x00000000800001b0 (0x0ff010b7) lui     ra, 0xff01
0 0x00000000800001b0 (0x0ff010b7) x 1 0x000000000ff01000
core   0: 0x00000000800001b4 (0xff00809b) addiw   ra, ra, -16
0 0x00000000800001b4 (0xff00809b) x 1 0x000000000ff00ff0
core   0: 0x00000000800001b8 (0x0f00cf13) xori    t5, ra, 240
0 0x00000000800001b8 (0x0f00cf13) x30 0x000000000ff00f00
core   0: 0x00000000800001bc (0x000f0313) mv      t1, t5
0 0x00000000800001bc (0x000f0313) x 6 0x000000000ff00f00
core   0: 0x00000000800001c0 (0x00000205) c.addi  tp, 1
0 0x00000000800001c0 (0x00000205) x 4 0x0000000000000002
core   0: 0x00000000800001c2 (0x00004289) c.li    t0, 2
0 0x00000000800001c2 (0x00004289) x 5 0x0000000000000002
core   0: 0x00000000800001c4 (0xfe5216e3) bne     tp, t0, pc - 20
0 0x00000000800001c4 (0xfe5216e3)
core   0: 0x00000000800001c8 (0x0ff01eb7) lui     t4, 0xff01
0 0x00000000800001c8 (0x0ff01eb7) x29 0x000000000ff01000
core   0: 0x00000000800001cc (0xf00e8e9b) addiw   t4, t4, -256
0 0x00000000800001cc (0xf00e8e9b) x29 0x000000000ff00f00
core   0: 0x00000000800001d0 (0x0000419d) c.li    gp, 7
0 0x00000000800001d0 (0x0000419d) x 3 0x0000000000000007
core   0: 0x00000000800001d2 (0x00002e17) auipc   t3, 0x2
0 0x00000000800001d2 (0x00002e17) x28 0x00000000800021d2
core   0: 0x00000000800001d6 (0xe2ee0e13) addi    t3, t3, -466
0 0x00000000800001d6 (0xe2ee0e13) x28 0x0000000080002000
core   0: 0x00000000800001da (0x006e2e23) sw      t1, 28(t3)
0 0x00000000800001da (0x006e2e23)
core   0: 0x00000000800001de (0x15d31363) bne     t1, t4, pc + 326
0 0x00000000800001de (0x15d31363)
core   0: 0x00000000800001e2 (0x00004201) c.li    tp, 0
0 0x00000000800001e2 (0x00004201) x 4 0x0000000000000000
core   0: 0x00000000800001e4 (0x00ff10b7) lui     ra, 0xff1
0 0x00000000800001e4 (0x00ff10b7) x 1 0x0000000000ff1000
core   0: 0x00000000800001e8 (0x8ff0809b) addiw   ra, ra, -1793
0 0x00000000800001e8 (0x8ff0809b) x 1 0x0000000000ff08ff
core   0: 0x00000000800001ec (0x70f0cf13) xori    t5, ra, 1807
0 0x00000000800001ec (0x70f0cf13) x30 0x0000000000ff0ff0
core   0: 0x00000000800001f0 (0x00000001) c.nop
0 0x00000000800001f0 (0x00000001)
core   0: 0x00000000800001f2 (0x000f0313) mv      t1, t5
0 0x00000000800001f2 (0x000f0313) x 6 0x0000000000ff0ff0
core   0: 0x00000000800001f6 (0x00000205) c.addi  tp, 1
0 0x00000000800001f6 (0x00000205) x 4 0x0000000000000001
core   0: 0x00000000800001f8 (0x00004289) c.li    t0, 2
0 0x00000000800001f8 (0x00004289) x 5 0x0000000000000002
core   0: 0x00000000800001fa (0xfe5215e3) bne     tp, t0, pc - 22
0 0x00000000800001fa (0xfe5215e3)
core   0: 0x00000000800001e4 (0x00ff10b7) lui     ra, 0xff1
0 0x00000000800001e4 (0x00ff10b7) x 1 0x0000000000ff1000
core   0: 0x00000000800001e8 (0x8ff0809b) addiw   ra, ra, -1793
0 0x00000000800001e8 (0x8ff0809b) x 1 0x0000000000ff08ff
core   0: 0x00000000800001ec (0x70f0cf13) xori    t5, ra, 1807
0 0x00000000800001ec (0x70f0cf13) x30 0x0000000000ff0ff0
core   0: 0x00000000800001f0 (0x00000001) c.nop
0 0x00000000800001f0 (0x00000001)
core   0: 0x00000000800001f2 (0x000f0313) mv      t1, t5
0 0x00000000800001f2 (0x000f0313) x 6 0x0000000000ff0ff0
core   0: 0x00000000800001f6 (0x00000205) c.addi  tp, 1
0 0x00000000800001f6 (0x00000205) x 4 0x0000000000000002
core   0: 0x00000000800001f8 (0x00004289) c.li    t0, 2
0 0x00000000800001f8 (0x00004289) x 5 0x0000000000000002
core   0: 0x00000000800001fa (0xfe5215e3) bne     tp, t0, pc - 22
0 0x00000000800001fa (0xfe5215e3)
core   0: 0x00000000800001fe (0x00ff1eb7) lui     t4, 0xff1
0 0x00000000800001fe (0x00ff1eb7) x29 0x0000000000ff1000
core   0: 0x0000000080000202 (0xff0e8e9b) addiw   t4, t4, -16
0 0x0000000080000202 (0xff0e8e9b) x29 0x0000000000ff0ff0
core   0: 0x0000000080000206 (0x000041a1) c.li    gp, 8
0 0x0000000080000206 (0x000041a1) x 3 0x0000000000000008
core   0: 0x0000000080000208 (0x00002e17) auipc   t3, 0x2
0 0x0000000080000208 (0x00002e17) x28 0x0000000080002208
core   0: 0x000000008000020c (0xdf8e0e13) addi    t3, t3, -520
0 0x000000008000020c (0xdf8e0e13) x28 0x0000000080002000
core   0: 0x0000000080000210 (0x026e2023) sw      t1, 32(t3)
0 0x0000000080000210 (0x026e2023)
core   0: 0x0000000080000214 (0x11d31863) bne     t1, t4, pc + 272
0 0x0000000080000214 (0x11d31863)
core   0: 0x0000000080000218 (0x00004201) c.li    tp, 0
0 0x0000000080000218 (0x00004201) x 4 0x0000000000000000
core   0: 0x000000008000021a (0xf00ff0b7) lui     ra, 0xf00ff
0 0x000000008000021a (0xf00ff0b7) x 1 0xfffffffff00ff000
core   0: 0x000000008000021e (0x00f0809b) addiw   ra, ra, 15
0 0x000000008000021e (0x00f0809b) x 1 0xfffffffff00ff00f
core   0: 0x0000000080000222 (0x0f00cf13) xori    t5, ra, 240
0 0x0000000080000222 (0x0f00cf13) x30 0xfffffffff00ff0ff
core   0: 0x0000000080000226 (0x00000001) c.nop
0 0x0000000080000226 (0x00000001)
core   0: 0x0000000080000228 (0x00000001) c.nop
0 0x0000000080000228 (0x00000001)
core   0: 0x000000008000022a (0x000f0313) mv      t1, t5
0 0x000000008000022a (0x000f0313) x 6 0xfffffffff00ff0ff
core   0: 0x000000008000022e (0x00000205) c.addi  tp, 1
0 0x000000008000022e (0x00000205) x 4 0x0000000000000001
core   0: 0x0000000080000230 (0x00004289) c.li    t0, 2
0 0x0000000080000230 (0x00004289) x 5 0x0000000000000002
core   0: 0x0000000080000232 (0xfe5214e3) bne     tp, t0, pc - 24
0 0x0000000080000232 (0xfe5214e3)
core   0: 0x000000008000021a (0xf00ff0b7) lui     ra, 0xf00ff
0 0x000000008000021a (0xf00ff0b7) x 1 0xfffffffff00ff000
core   0: 0x000000008000021e (0x00f0809b) addiw   ra, ra, 15
0 0x000000008000021e (0x00f0809b) x 1 0xfffffffff00ff00f
core   0: 0x0000000080000222 (0x0f00cf13) xori    t5, ra, 240
0 0x0000000080000222 (0x0f00cf13) x30 0xfffffffff00ff0ff
core   0: 0x0000000080000226 (0x00000001) c.nop
0 0x0000000080000226 (0x00000001)
core   0: 0x0000000080000228 (0x00000001) c.nop
0 0x0000000080000228 (0x00000001)
core   0: 0x000000008000022a (0x000f0313) mv      t1, t5
0 0x000000008000022a (0x000f0313) x 6 0xfffffffff00ff0ff
core   0: 0x000000008000022e (0x00000205) c.addi  tp, 1
0 0x000000008000022e (0x00000205) x 4 0x0000000000000002
core   0: 0x0000000080000230 (0x00004289) c.li    t0, 2
0 0x0000000080000230 (0x00004289) x 5 0x0000000000000002
core   0: 0x0000000080000232 (0xfe5214e3) bne     tp, t0, pc - 24
0 0x0000000080000232 (0xfe5214e3)
core   0: 0x0000000080000236 (0xf00ffeb7) lui     t4, 0xf00ff
0 0x0000000080000236 (0xf00ffeb7) x29 0xfffffffff00ff000
core   0: 0x000000008000023a (0x0ffe8e9b) addiw   t4, t4, 255
0 0x000000008000023a (0x0ffe8e9b) x29 0xfffffffff00ff0ff
core   0: 0x000000008000023e (0x000041a5) c.li    gp, 9
0 0x000000008000023e (0x000041a5) x 3 0x0000000000000009
core   0: 0x0000000080000240 (0x00002e17) auipc   t3, 0x2
0 0x0000000080000240 (0x00002e17) x28 0x0000000080002240
core   0: 0x0000000080000244 (0xdc0e0e13) addi    t3, t3, -576
0 0x0000000080000244 (0xdc0e0e13) x28 0x0000000080002000
core   0: 0x0000000080000248 (0x026e2223) sw      t1, 36(t3)
0 0x0000000080000248 (0x026e2223)
core   0: 0x000000008000024c (0x0dd31c63) bne     t1, t4, pc + 216
0 0x000000008000024c (0x0dd31c63)
core   0: 0x0000000080000250 (0x00004201) c.li    tp, 0
0 0x0000000080000250 (0x00004201) x 4 0x0000000000000000
core   0: 0x0000000080000252 (0x0ff010b7) lui     ra, 0xff01
0 0x0000000080000252 (0x0ff010b7) x 1 0x000000000ff01000
core   0: 0x0000000080000256 (0xff00809b) addiw   ra, ra, -16
0 0x0000000080000256 (0xff00809b) x 1 0x000000000ff00ff0
core   0: 0x000000008000025a (0x0f00cf13) xori    t5, ra, 240
0 0x000000008000025a (0x0f00cf13) x30 0x000000000ff00f00
core   0: 0x000000008000025e (0x00000205) c.addi  tp, 1
0 0x000000008000025e (0x00000205) x 4 0x0000000000000001
core   0: 0x0000000080000260 (0x00004289) c.li    t0, 2
0 0x0000000080000260 (0x00004289) x 5 0x0000000000000002
core   0: 0x0000000080000262 (0xfe5218e3) bne     tp, t0, pc - 16
0 0x0000000080000262 (0xfe5218e3)
core   0: 0x0000000080000252 (0x0ff010b7) lui     ra, 0xff01
0 0x0000000080000252 (0x0ff010b7) x 1 0x000000000ff01000
core   0: 0x0000000080000256 (0xff00809b) addiw   ra, ra, -16
0 0x0000000080000256 (0xff00809b) x 1 0x000000000ff00ff0
core   0: 0x000000008000025a (0x0f00cf13) xori    t5, ra, 240
0 0x000000008000025a (0x0f00cf13) x30 0x000000000ff00f00
core   0: 0x000000008000025e (0x00000205) c.addi  tp, 1
0 0x000000008000025e (0x00000205) x 4 0x0000000000000002
core   0: 0x0000000080000260 (0x00004289) c.li    t0, 2
0 0x0000000080000260 (0x00004289) x 5 0x0000000000000002
core   0: 0x0000000080000262 (0xfe5218e3) bne     tp, t0, pc - 16
0 0x0000000080000262 (0xfe5218e3)
core   0: 0x0000000080000266 (0x0ff01eb7) lui     t4, 0xff01
0 0x0000000080000266 (0x0ff01eb7) x29 0x000000000ff01000
core   0: 0x000000008000026a (0xf00e8e9b) addiw   t4, t4, -256
0 0x000000008000026a (0xf00e8e9b) x29 0x000000000ff00f00
core   0: 0x000000008000026e (0x000041a9) c.li    gp, 10
0 0x000000008000026e (0x000041a9) x 3 0x000000000000000a
core   0: 0x0000000080000270 (0x00002e17) auipc   t3, 0x2
0 0x0000000080000270 (0x00002e17) x28 0x0000000080002270
core   0: 0x0000000080000274 (0xd90e0e13) addi    t3, t3, -624
0 0x0000000080000274 (0xd90e0e13) x28 0x0000000080002000
core   0: 0x0000000080000278 (0x03ee2423) sw      t5, 40(t3)
0 0x0000000080000278 (0x03ee2423)
core   0: 0x000000008000027c (0x0bdf1463) bne     t5, t4, pc + 168
0 0x000000008000027c (0x0bdf1463)
core   0: 0x0000000080000280 (0x00004201) c.li    tp, 0
0 0x0000000080000280 (0x00004201) x 4 0x0000000000000000
core   0: 0x0000000080000282 (0x00ff10b7) lui     ra, 0xff1
0 0x0000000080000282 (0x00ff10b7) x 1 0x0000000000ff1000
core   0: 0x0000000080000286 (0xfff0809b) addiw   ra, ra, -1
0 0x0000000080000286 (0xfff0809b) x 1 0x0000000000ff0fff
core   0: 0x000000008000028a (0x00000001) c.nop
0 0x000000008000028a (0x00000001)
core   0: 0x000000008000028c (0x00f0cf13) xori    t5, ra, 15
0 0x000000008000028c (0x00f0cf13) x30 0x0000000000ff0ff0
core   0: 0x0000000080000290 (0x00000205) c.addi  tp, 1
0 0x0000000080000290 (0x00000205) x 4 0x0000000000000001
core   0: 0x0000000080000292 (0x00004289) c.li    t0, 2
0 0x0000000080000292 (0x00004289) x 5 0x0000000000000002
core   0: 0x0000000080000294 (0xfe5217e3) bne     tp, t0, pc - 18
0 0x0000000080000294 (0xfe5217e3)
core   0: 0x0000000080000282 (0x00ff10b7) lui     ra, 0xff1
0 0x0000000080000282 (0x00ff10b7) x 1 0x0000000000ff1000
core   0: 0x0000000080000286 (0xfff0809b) addiw   ra, ra, -1
0 0x0000000080000286 (0xfff0809b) x 1 0x0000000000ff0fff
core   0: 0x000000008000028a (0x00000001) c.nop
0 0x000000008000028a (0x00000001)
core   0: 0x000000008000028c (0x00f0cf13) xori    t5, ra, 15
0 0x000000008000028c (0x00f0cf13) x30 0x0000000000ff0ff0
core   0: 0x0000000080000290 (0x00000205) c.addi  tp, 1
0 0x0000000080000290 (0x00000205) x 4 0x0000000000000002
core   0: 0x0000000080000292 (0x00004289) c.li    t0, 2
0 0x0000000080000292 (0x00004289) x 5 0x0000000000000002
core   0: 0x0000000080000294 (0xfe5217e3) bne     tp, t0, pc - 18
0 0x0000000080000294 (0xfe5217e3)
core   0: 0x0000000080000298 (0x00ff1eb7) lui     t4, 0xff1
0 0x0000000080000298 (0x00ff1eb7) x29 0x0000000000ff1000
core   0: 0x000000008000029c (0xff0e8e9b) addiw   t4, t4, -16
0 0x000000008000029c (0xff0e8e9b) x29 0x0000000000ff0ff0
core   0: 0x00000000800002a0 (0x000041ad) c.li    gp, 11
0 0x00000000800002a0 (0x000041ad) x 3 0x000000000000000b
core   0: 0x00000000800002a2 (0x00002e17) auipc   t3, 0x2
0 0x00000000800002a2 (0x00002e17) x28 0x00000000800022a2
core   0: 0x00000000800002a6 (0xd5ee0e13) addi    t3, t3, -674
0 0x00000000800002a6 (0xd5ee0e13) x28 0x0000000080002000
core   0: 0x00000000800002aa (0x03ee2623) sw      t5, 44(t3)
0 0x00000000800002aa (0x03ee2623)
core   0: 0x00000000800002ae (0x07df1b63) bne     t5, t4, pc + 118
0 0x00000000800002ae (0x07df1b63)
core   0: 0x00000000800002b2 (0x00004201) c.li    tp, 0
0 0x00000000800002b2 (0x00004201) x 4 0x0000000000000000
core   0: 0x00000000800002b4 (0xf00ff0b7) lui     ra, 0xf00ff
0 0x00000000800002b4 (0xf00ff0b7) x 1 0xfffffffff00ff000
core   0: 0x00000000800002b8 (0x00f0809b) addiw   ra, ra, 15
0 0x00000000800002b8 (0x00f0809b) x 1 0xfffffffff00ff00f
core   0: 0x00000000800002bc (0x00000001) c.nop
0 0x00000000800002bc (0x00000001)
core   0: 0x00000000800002be (0x00000001) c.nop
0 0x00000000800002be (0x00000001)
core   0: 0x00000000800002c0 (0x0f00cf13) xori    t5, ra, 240
0 0x00000000800002c0 (0x0f00cf13) x30 0xfffffffff00ff0ff
core   0: 0x00000000800002c4 (0x00000205) c.addi  tp, 1
0 0x00000000800002c4 (0x00000205) x 4 0x0000000000000001
core   0: 0x00000000800002c6 (0x00004289) c.li    t0, 2
0 0x00000000800002c6 (0x00004289) x 5 0x0000000000000002
core   0: 0x00000000800002c8 (0xfe5216e3) bne     tp, t0, pc - 20
0 0x00000000800002c8 (0xfe5216e3)
core   0: 0x00000000800002b4 (0xf00ff0b7) lui     ra, 0xf00ff
0 0x00000000800002b4 (0xf00ff0b7) x 1 0xfffffffff00ff000
core   0: 0x00000000800002b8 (0x00f0809b) addiw   ra, ra, 15
0 0x00000000800002b8 (0x00f0809b) x 1 0xfffffffff00ff00f
core   0: 0x00000000800002bc (0x00000001) c.nop
0 0x00000000800002bc (0x00000001)
core   0: 0x00000000800002be (0x00000001) c.nop
0 0x00000000800002be (0x00000001)
core   0: 0x00000000800002c0 (0x0f00cf13) xori    t5, ra, 240
0 0x00000000800002c0 (0x0f00cf13) x30 0xfffffffff00ff0ff
core   0: 0x00000000800002c4 (0x00000205) c.addi  tp, 1
0 0x00000000800002c4 (0x00000205) x 4 0x0000000000000002
core   0: 0x00000000800002c6 (0x00004289) c.li    t0, 2
0 0x00000000800002c6 (0x00004289) x 5 0x0000000000000002
core   0: 0x00000000800002c8 (0xfe5216e3) bne     tp, t0, pc - 20
0 0x00000000800002c8 (0xfe5216e3)
core   0: 0x00000000800002cc (0xf00ffeb7) lui     t4, 0xf00ff
0 0x00000000800002cc (0xf00ffeb7) x29 0xfffffffff00ff000
core   0: 0x00000000800002d0 (0x0ffe8e9b) addiw   t4, t4, 255
0 0x00000000800002d0 (0x0ffe8e9b) x29 0xfffffffff00ff0ff
core   0: 0x00000000800002d4 (0x000041b1) c.li    gp, 12
0 0x00000000800002d4 (0x000041b1) x 3 0x000000000000000c
core   0: 0x00000000800002d6 (0x00002e17) auipc   t3, 0x2
0 0x00000000800002d6 (0x00002e17) x28 0x00000000800022d6
core   0: 0x00000000800002da (0xd2ae0e13) addi    t3, t3, -726
0 0x00000000800002da (0xd2ae0e13) x28 0x0000000080002000
core   0: 0x00000000800002de (0x03ee2823) sw      t5, 48(t3)
0 0x00000000800002de (0x03ee2823)
core   0: 0x00000000800002e2 (0x05df1163) bne     t5, t4, pc + 66
0 0x00000000800002e2 (0x05df1163)
core   0: 0x00000000800002e6 (0x0f004093) xori    ra, zero, 240
0 0x00000000800002e6 (0x0f004093) x 1 0x00000000000000f0
core   0: 0x00000000800002ea (0x0f000e93) li      t4, 240
0 0x00000000800002ea (0x0f000e93) x29 0x00000000000000f0
core   0: 0x00000000800002ee (0x000041b5) c.li    gp, 13
0 0x00000000800002ee (0x000041b5) x 3 0x000000000000000d
core   0: 0x00000000800002f0 (0x00002e17) auipc   t3, 0x2
0 0x00000000800002f0 (0x00002e17) x28 0x00000000800022f0
core   0: 0x00000000800002f4 (0xd10e0e13) addi    t3, t3, -752
0 0x00000000800002f4 (0xd10e0e13) x28 0x0000000080002000
core   0: 0x00000000800002f8 (0x021e2a23) sw      ra, 52(t3)
0 0x00000000800002f8 (0x021e2a23)
core   0: 0x00000000800002fc (0x03d09463) bne     ra, t4, pc + 40
0 0x00000000800002fc (0x03d09463)
core   0: 0x0000000080000300 (0x00ff00b7) lui     ra, 0xff0
0 0x0000000080000300 (0x00ff00b7) x 1 0x0000000000ff0000
core   0: 0x0000000080000304 (0x0ff0809b) addiw   ra, ra, 255
0 0x0000000080000304 (0x0ff0809b) x 1 0x0000000000ff00ff
core   0: 0x0000000080000308 (0x70f0c013) xori    zero, ra, 1807
0 0x0000000080000308 (0x70f0c013)
core   0: 0x000000008000030c (0x00004e81) c.li    t4, 0
0 0x000000008000030c (0x00004e81) x29 0x0000000000000000
core   0: 0x000000008000030e (0x000041b9) c.li    gp, 14
0 0x000000008000030e (0x000041b9) x 3 0x000000000000000e
core   0: 0x0000000080000310 (0x00002e17) auipc   t3, 0x2
0 0x0000000080000310 (0x00002e17) x28 0x0000000080002310
core   0: 0x0000000080000314 (0xcf0e0e13) addi    t3, t3, -784
0 0x0000000080000314 (0xcf0e0e13) x28 0x0000000080002000
core   0: 0x0000000080000318 (0x020e2c23) sw      zero, 56(t3)
0 0x0000000080000318 (0x020e2c23)
core   0: 0x000000008000031c (0x01d01463) bne     zero, t4, pc + 8
0 0x000000008000031c (0x01d01463)
core   0: 0x0000000080000320 (0x00301d63) bne     zero, gp, pc + 26
0 0x0000000080000320 (0x00301d63)
core   0: 0x000000008000033a (0x0ff0000f) fence   iorw,iorw
0 0x000000008000033a (0x0ff0000f)
core   0: 0x000000008000033e (0x00004185) c.li    gp, 1
0 0x000000008000033e (0x00004185) x 3 0x0000000000000001
core   0: 0x0000000080000340 (0x00002e17) auipc   t3, 0x2
0 0x0000000080000340 (0x00002e17) x28 0x0000000080002340
core   0: 0x0000000080000344 (0xcc0e0e13) addi    t3, t3, -832
0 0x0000000080000344 (0xcc0e0e13) x28 0x0000000080002000
core   0: 0x0000000080000348 (0x003e2023) sw      gp, 0(t3)
0 0x0000000080000348 (0x003e2023)
core   0: 0x000000008000034c (0x00000073) ecall
0 0x000000008000034c (0x00000073)
