core   0: 0x0000000000010000 (0x00100413) li      s0, 1
3 0x0000000000010000 (0x00100413) x 8 0x0000000000000001
core   0: 0x0000000000010004 (0x01f41413) slli    s0, s0, 31
3 0x0000000000010004 (0x01f41413) x 8 0x0000000080000000
core   0: 0x0000000000010008 (0xf1402573) csrr    a0, mhartid
3 0x0000000000010008 (0xf1402573) x10 0x0000000000000000
core   0: 0x000000000001000c (0x00000597) auipc   a1, 0x0
3 0x000000000001000c (0x00000597) x11 0x000000000001000c
core   0: 0x0000000000010010 (0x07458593) addi    a1, a1, 116
3 0x0000000000010010 (0x07458593) x11 0x0000000000010080
core   0: 0x0000000000010014 (0x00040067) jr      s0
3 0x0000000000010014 (0x00040067)
core   0: 0x0000000080000000 (0x0000a081) c.j     pc + 64
3 0x0000000080000000 (0x0000a081)
core   0: 0x0000000080000040 (0x00004081) c.li    ra, 0
3 0x0000000080000040 (0x00004081) x 1 0x0000000000000000
core   0: 0x0000000080000042 (0x00004101) c.li    sp, 0
3 0x0000000080000042 (0x00004101) x 2 0x0000000000000000
core   0: 0x0000000080000044 (0x00004181) c.li    gp, 0
3 0x0000000080000044 (0x00004181) x 3 0x0000000000000000
core   0: 0x0000000080000046 (0x00004201) c.li    tp, 0
3 0x0000000080000046 (0x00004201) x 4 0x0000000000000000
core   0: 0x0000000080000048 (0x00004281) c.li    t0, 0
3 0x0000000080000048 (0x00004281) x 5 0x0000000000000000
core   0: 0x000000008000004a (0x00004301) c.li    t1, 0
3 0x000000008000004a (0x00004301) x 6 0x0000000000000000
core   0: 0x000000008000004c (0x00004381) c.li    t2, 0
3 0x000000008000004c (0x00004381) x 7 0x0000000000000000
core   0: 0x000000008000004e (0x00004401) c.li    s0, 0
3 0x000000008000004e (0x00004401) x 8 0x0000000000000000
core   0: 0x0000000080000050 (0x00004481) c.li    s1, 0
3 0x0000000080000050 (0x00004481) x 9 0x0000000000000000
core   0: 0x0000000080000052 (0x00004501) c.li    a0, 0
3 0x0000000080000052 (0x00004501) x10 0x0000000000000000
core   0: 0x0000000080000054 (0x00004581) c.li    a1, 0
3 0x0000000080000054 (0x00004581) x11 0x0000000000000000
core   0: 0x0000000080000056 (0x00004601) c.li    a2, 0
3 0x0000000080000056 (0x00004601) x12 0x0000000000000000
core   0: 0x0000000080000058 (0x00004681) c.li    a3, 0
3 0x0000000080000058 (0x00004681) x13 0x0000000000000000
core   0: 0x000000008000005a (0x00004701) c.li    a4, 0
3 0x000000008000005a (0x00004701) x14 0x0000000000000000
core   0: 0x000000008000005c (0x00004781) c.li    a5, 0
3 0x000000008000005c (0x00004781) x15 0x0000000000000000
core   0: 0x000000008000005e (0x00004801) c.li    a6, 0
3 0x000000008000005e (0x00004801) x16 0x0000000000000000
core   0: 0x0000000080000060 (0x00004881) c.li    a7, 0
3 0x0000000080000060 (0x00004881) x17 0x0000000000000000
core   0: 0x0000000080000062 (0x00004901) c.li    s2, 0
3 0x0000000080000062 (0x00004901) x18 0x0000000000000000
core   0: 0x0000000080000064 (0x00004981) c.li    s3, 0
3 0x0000000080000064 (0x00004981) x19 0x0000000000000000
core   0: 0x0000000080000066 (0x00004a01) c.li    s4, 0
3 0x0000000080000066 (0x00004a01) x20 0x0000000000000000
core   0: 0x0000000080000068 (0x00004a81) c.li    s5, 0
3 0x0000000080000068 (0x00004a81) x21 0x0000000000000000
core   0: 0x000000008000006a (0x00004b01) c.li    s6, 0
3 0x000000008000006a (0x00004b01) x22 0x0000000000000000
core   0: 0x000000008000006c (0x00004b81) c.li    s7, 0
3 0x000000008000006c (0x00004b81) x23 0x0000000000000000
core   0: 0x000000008000006e (0x00004c01) c.li    s8, 0
3 0x000000008000006e (0x00004c01) x24 0x0000000000000000
core   0: 0x0000000080000070 (0x00004c81) c.li    s9, 0
3 0x0000000080000070 (0x00004c81) x25 0x0000000000000000
core   0: 0x0000000080000072 (0x00004d01) c.li    s10, 0
3 0x0000000080000072 (0x00004d01) x26 0x0000000000000000
core   0: 0x0000000080000074 (0x00004d81) c.li    s11, 0
3 0x0000000080000074 (0x00004d81) x27 0x0000000000000000
core   0: 0x0000000080000076 (0x00004e01) c.li    t3, 0
3 0x0000000080000076 (0x00004e01) x28 0x0000000000000000
core   0: 0x0000000080000078 (0x00004e81) c.li    t4, 0
3 0x0000000080000078 (0x00004e81) x29 0x0000000000000000
core   0: 0x000000008000007a (0x00004f01) c.li    t5, 0
3 0x000000008000007a (0x00004f01) x30 0x0000000000000000
core   0: 0x000000008000007c (0x00004f81) c.li    t6, 0
3 0x000000008000007c (0x00004f81) x31 0x0000000000000000
core   0: 0x000000008000007e (0xf1402573) csrr    a0, mhartid
3 0x000000008000007e (0xf1402573) x10 0x0000000000000000
core   0: 0x0000000080000082 (0x0000e101) c.bnez  a0, pc + 0
3 0x0000000080000082 (0x0000e101)
core   0: 0x0000000080000084 (0x00000297) auipc   t0, 0x0
3 0x0000000080000084 (0x00000297) x 5 0x0000000080000084
core   0: 0x0000000080000088 (0x01028293) addi    t0, t0, 16
3 0x0000000080000088 (0x01028293) x 5 0x0000000080000094
core   0: 0x000000008000008c (0x30529073) csrw    mtvec, t0
3 0x000000008000008c (0x30529073)
core   0: 0x0000000080000090 (0x18005073) csrwi   satp, 0
3 0x0000000080000090 (0x18005073)
core   0: 0x0000000080000094 (0x00000297) auipc   t0, 0x0
3 0x0000000080000094 (0x00000297) x 5 0x0000000080000094
core   0: 0x0000000080000098 (0x02428293) addi    t0, t0, 36
3 0x0000000080000098 (0x02428293) x 5 0x00000000800000b8
core   0: 0x000000008000009c (0x30529073) csrw    mtvec, t0
3 0x000000008000009c (0x30529073)
core   0: 0x00000000800000a0 (0x0010029b) addiw   t0, zero, 1
3 0x00000000800000a0 (0x0010029b) x 5 0x0000000000000001
core   0: 0x00000000800000a4 (0x03529293) slli    t0, t0, 53
3 0x00000000800000a4 (0x03529293) x 5 0x0020000000000000
core   0: 0x00000000800000a8 (0xfff28293) addi    t0, t0, -1
3 0x00000000800000a8 (0xfff28293) x 5 0x001fffffffffffff
core   0: 0x00000000800000ac (0x3b029073) csrw    pmpaddr0, t0
3 0x00000000800000ac (0x3b029073)
core   0: 0x00000000800000b0 (0x000042fd) c.li    t0, 31
3 0x00000000800000b0 (0x000042fd) x 5 0x000000000000001f
core   0: 0x00000000800000b2 (0x3a029073) csrw    pmpcfg0, t0
3 0x00000000800000b2 (0x3a029073)
core   0: 0x00000000800000b6 (0x00000001) c.nop
3 0x00000000800000b6 (0x00000001)
core   0: 0x00000000800000b8 (0x00000297) auipc   t0, 0x0
3 0x00000000800000b8 (0x00000297) x 5 0x00000000800000b8
core   0: 0x00000000800000bc (0x01828293) addi    t0, t0, 24
3 0x00000000800000bc (0x01828293) x 5 0x00000000800000d0
core   0: 0x00000000800000c0 (0x30529073) csrw    mtvec, t0
3 0x00000000800000c0 (0x30529073)
core   0: 0x00000000800000c4 (0x30205073) csrwi   medeleg, 0
3 0x00000000800000c4 (0x30205073)
core   0: 0x00000000800000c8 (0x30305073) csrwi   mideleg, 0
3 0x00000000800000c8 (0x30305073)
core   0: 0x00000000800000cc (0x30405073) csrwi   mie, 0
3 0x00000000800000cc (0x30405073)
core   0: 0x00000000800000d0 (0x00004181) c.li    gp, 0
3 0x00000000800000d0 (0x00004181) x 3 0x0000000000000000
core   0: 0x00000000800000d2 (0x00000297) auipc   t0, 0x0
3 0x00000000800000d2 (0x00000297) x 5 0x00000000800000d2
core   0: 0x00000000800000d6 (0xf3228293) addi    t0, t0, -206
3 0x00000000800000d6 (0xf3228293) x 5 0x0000000080000004
core   0: 0x00000000800000da (0x30529073) csrw    mtvec, t0
3 0x00000000800000da (0x30529073)
core   0: 0x00000000800000de (0x00004505) c.li    a0, 1
3 0x00000000800000de (0x00004505) x10 0x0000000000000001
core   0: 0x00000000800000e0 (0x0000057e) c.slli  a0, 31
3 0x00000000800000e0 (0x0000057e) x10 0x0000000080000000
core   0: 0x00000000800000e2 (0x00055a63) bgez    a0, pc + 20
3 0x00000000800000e2 (0x00055a63)
core   0: 0x00000000800000f6 (0x80000297) auipc   t0, 0x80000
3 0x00000000800000f6 (0x80000297) x 5 0x00000000000000f6
core   0: 0x00000000800000fa (0xf0a28293) addi    t0, t0, -246
3 0x00000000800000fa (0xf0a28293) x 5 0x0000000000000000
core   0: 0x00000000800000fe (0x00028a63) beqz    t0, pc + 20
3 0x00000000800000fe (0x00028a63)
core   0: 0x0000000080000112 (0x30005073) csrwi   mstatus, 0
3 0x0000000080000112 (0x30005073)
core   0: 0x0000000080000116 (0x00002537) lui     a0, 0x2
3 0x0000000080000116 (0x00002537) x10 0x0000000000002000
core   0: 0x000000008000011a (0x8005051b) addiw   a0, a0, -2048
3 0x000000008000011a (0x8005051b) x10 0x0000000000001800
core   0: 0x000000008000011e (0x30052073) csrs    mstatus, a0
3 0x000000008000011e (0x30052073)
core   0: 0x0000000080000122 (0x00000297) auipc   t0, 0x0
3 0x0000000080000122 (0x00000297) x 5 0x0000000080000122
core   0: 0x0000000080000126 (0x01428293) addi    t0, t0, 20
3 0x0000000080000126 (0x01428293) x 5 0x0000000080000136
core   0: 0x000000008000012a (0x34129073) csrw    mepc, t0
3 0x000000008000012a (0x34129073)
core   0: 0x000000008000012e (0xf1402573) csrr    a0, mhartid
3 0x000000008000012e (0xf1402573) x10 0x0000000000000000
core   0: 0x0000000080000132 (0x30200073) mret
3 0x0000000080000132 (0x30200073)
core   0: 0x0000000080000136 (0xfff0051b) addiw   a0, zero, -1
3 0x0000000080000136 (0xfff0051b) x10 0xffffffffffffffff
core   0: 0x000000008000013a (0x03f51513) slli    a0, a0, 63
3 0x000000008000013a (0x03f51513) x10 0x8000000000000000
core   0: 0x000000008000013e (0x00002597) auipc   a1, 0x2
3 0x000000008000013e (0x00002597) x11 0x000000008000213e
core   0: 0x0000000080000142 (0xec258593) addi    a1, a1, -318
3 0x0000000080000142 (0xec258593) x11 0x0000000080002000
core   0: 0x0000000080000146 (0x000081b1) c.srli  a1, 12
3 0x0000000080000146 (0x000081b1) x11 0x0000000000080002
core   0: 0x0000000080000148 (0x00008dc9) c.or    a1, a0
3 0x0000000080000148 (0x00008dc9) x11 0x8000000000080002
core   0: 0x000000008000014a (0x18059073) csrw    satp, a1
3 0x000000008000014a (0x18059073)
core   0: 0x000000008000014e (0x12000073) sfence.vma zero, zero
3 0x000000008000014e (0x12000073)
core   0: 0x0000000080000152 (0x000215b7) lui     a1, 0x21
3 0x0000000080000152 (0x000215b7) x11 0x0000000000021000
core   0: 0x0000000080000156 (0x8005859b) addiw   a1, a1, -2048
3 0x0000000080000156 (0x8005859b) x11 0x0000000000020800
core   0: 0x000000008000015a (0x3005a073) csrs    mstatus, a1
3 0x000000008000015a (0x3005a073)
core   0: 0x000000008000015e (0x00004189) c.li    gp, 2
3 0x000000008000015e (0x00004189) x 3 0x0000000000000002
core   0: 0x0000000080000160 (0x00004385) c.li    t2, 1
3 0x0000000080000160 (0x00004385) x 7 0x0000000000000001
core   0: 0x0000000080000162 (0x80002517) auipc   a0, 0x80002
3 0x0000000080000162 (0x80002517) x10 0x0000000000002162
exception : 0x0000000080000166
exception : 0x000000008000016a
core   0: 0x0000000080000004 (0x34202f73) csrr    t5, mcause
3 0x0000000080000004 (0x34202f73) x30 0x000000000000000f
core   0: 0x0000000080000008 (0x00004fa1) c.li    t6, 8
3 0x0000000080000008 (0x00004fa1) x31 0x0000000000000008
core   0: 0x000000008000000a (0x03ff0663) beq     t5, t6, pc + 44
3 0x000000008000000a (0x03ff0663)
core   0: 0x000000008000000e (0x00004fa5) c.li    t6, 9
3 0x000000008000000e (0x00004fa5) x31 0x0000000000000009
core   0: 0x0000000080000010 (0x03ff0363) beq     t5, t6, pc + 38
3 0x0000000080000010 (0x03ff0363)
core   0: 0x0000000080000014 (0x00004fad) c.li    t6, 11
3 0x0000000080000014 (0x00004fad) x31 0x000000000000000b
core   0: 0x0000000080000016 (0x03ff0063) beq     t5, t6, pc + 32
3 0x0000000080000016 (0x03ff0063)
core   0: 0x000000008000001a (0x00000f17) auipc   t5, 0x0
3 0x000000008000001a (0x00000f17) x30 0x000000008000001a
core   0: 0x000000008000001e (0x206f0f13) addi    t5, t5, 518
3 0x000000008000001e (0x206f0f13) x30 0x0000000080000220
core   0: 0x0000000080000022 (0x000f0363) beqz    t5, pc + 6
3 0x0000000080000022 (0x000f0363)
core   0: 0x0000000080000026 (0x00008f02) c.jr    t5
3 0x0000000080000026 (0x00008f02)
core   0: 0x0000000080000220 (0x342022f3) csrr    t0, mcause
3 0x0000000080000220 (0x342022f3) x 5 0x000000000000000f
core   0: 0x0000000080000224 (0x000012c5) c.addi  t0, -15
3 0x0000000080000224 (0x000012c5) x 5 0x0000000000000000
core   0: 0x0000000080000226 (0x04029d63) bnez    t0, pc + 90
3 0x0000000080000226 (0x04029d63)
core   0: 0x000000008000022a (0x00004309) c.li    t1, 2
3 0x000000008000022a (0x00004309) x 6 0x0000000000000002
core   0: 0x000000008000022c (0x02619163) bne     gp, t1, pc + 34
3 0x000000008000022c (0x02619163)
core   0: 0x0000000080000230 (0x00002297) auipc   t0, 0x2
3 0x0000000080000230 (0x00002297) x 5 0x0000000080002230
core   0: 0x0000000080000234 (0xdd02a283) lw      t0, -560(t0)
3 0x0000000080000234 (0xdd02a283) x 5 0x000000002000005f
core   0: 0x0000000080000238 (0x0802f313) andi    t1, t0, 128
3 0x0000000080000238 (0x0802f313) x 6 0x0000000000000000
core   0: 0x000000008000023c (0x04031263) bnez    t1, pc + 68
3 0x000000008000023c (0x04031263)
core   0: 0x0000000080000240 (0x341022f3) csrr    t0, mepc
3 0x0000000080000240 (0x341022f3) x 5 0x0000000080000166
core   0: 0x0000000080000244 (0x00000291) c.addi  t0, 4
3 0x0000000080000244 (0x00000291) x 5 0x000000008000016a
core   0: 0x0000000080000246 (0x34129073) csrw    mepc, t0
3 0x0000000080000246 (0x34129073)
core   0: 0x000000008000024a (0x30200073) mret
3 0x000000008000024a (0x30200073)
core   0: 0x000000008000016a (0x0000418d) c.li    gp, 3
3 0x000000008000016a (0x0000418d) x 3 0x0000000000000003
core   0: 0x000000008000016c (0x000415b7) lui     a1, 0x41
3 0x000000008000016c (0x000415b7) x11 0x0000000000041000
core   0: 0x0000000080000170 (0x8005859b) addiw   a1, a1, -2048
3 0x0000000080000170 (0x8005859b) x11 0x0000000000040800
core   0: 0x0000000080000174 (0x3005a073) csrs    mstatus, a1
3 0x0000000080000174 (0x3005a073)
core   0: 0x0000000080000178 (0x80002297) auipc   t0, 0x80002
3 0x0000000080000178 (0x80002297) x 5 0x0000000000002178
core   0: 0x000000008000017c (0xe902a283) lw      t0, -368(t0)
3 0x000000008000017c (0xe902a283) x 5 0x0000000000000000
core   0: 0x0000000080000180 (0x10029063) bnez    t0, pc + 256
3 0x0000000080000180 (0x10029063)
core   0: 0x0000000080000184 (0x80002517) auipc   a0, 0x80002
3 0x0000000080000184 (0x80002517) x10 0x0000000000002184
exception : 0x0000000080000188
exception : 0x000000008000018c
core   0: 0x0000000080000004 (0x34202f73) csrr    t5, mcause
3 0x0000000080000004 (0x34202f73) x30 0x000000000000000f
core   0: 0x0000000080000008 (0x00004fa1) c.li    t6, 8
3 0x0000000080000008 (0x00004fa1) x31 0x0000000000000008
core   0: 0x000000008000000a (0x03ff0663) beq     t5, t6, pc + 44
3 0x000000008000000a (0x03ff0663)
core   0: 0x000000008000000e (0x00004fa5) c.li    t6, 9
3 0x000000008000000e (0x00004fa5) x31 0x0000000000000009
core   0: 0x0000000080000010 (0x03ff0363) beq     t5, t6, pc + 38
3 0x0000000080000010 (0x03ff0363)
core   0: 0x0000000080000014 (0x00004fad) c.li    t6, 11
3 0x0000000080000014 (0x00004fad) x31 0x000000000000000b
core   0: 0x0000000080000016 (0x03ff0063) beq     t5, t6, pc + 32
3 0x0000000080000016 (0x03ff0063)
core   0: 0x000000008000001a (0x00000f17) auipc   t5, 0x0
3 0x000000008000001a (0x00000f17) x30 0x000000008000001a
core   0: 0x000000008000001e (0x206f0f13) addi    t5, t5, 518
3 0x000000008000001e (0x206f0f13) x30 0x0000000080000220
core   0: 0x0000000080000022 (0x000f0363) beqz    t5, pc + 6
3 0x0000000080000022 (0x000f0363)
core   0: 0x0000000080000026 (0x00008f02) c.jr    t5
3 0x0000000080000026 (0x00008f02)
core   0: 0x0000000080000220 (0x342022f3) csrr    t0, mcause
3 0x0000000080000220 (0x342022f3) x 5 0x000000000000000f
core   0: 0x0000000080000224 (0x000012c5) c.addi  t0, -15
3 0x0000000080000224 (0x000012c5) x 5 0x0000000000000000
core   0: 0x0000000080000226 (0x04029d63) bnez    t0, pc + 90
3 0x0000000080000226 (0x04029d63)
core   0: 0x000000008000022a (0x00004309) c.li    t1, 2
3 0x000000008000022a (0x00004309) x 6 0x0000000000000002
core   0: 0x000000008000022c (0x02619163) bne     gp, t1, pc + 34
3 0x000000008000022c (0x02619163)
core   0: 0x000000008000024e (0x0000430d) c.li    t1, 3
3 0x000000008000024e (0x0000430d) x 6 0x0000000000000003
core   0: 0x0000000080000250 (0x02619463) bne     gp, t1, pc + 40
3 0x0000000080000250 (0x02619463)
core   0: 0x0000000080000254 (0x00002297) auipc   t0, 0x2
3 0x0000000080000254 (0x00002297) x 5 0x0000000080002254
core   0: 0x0000000080000258 (0xdac2a283) lw      t0, -596(t0)
3 0x0000000080000258 (0xdac2a283) x 5 0x000000002000005f
core   0: 0x000000008000025c (0x0802f313) andi    t1, t0, 128
3 0x000000008000025c (0x0802f313) x 6 0x0000000000000000
core   0: 0x0000000080000260 (0x02031063) bnez    t1, pc + 32
3 0x0000000080000260 (0x02031063)
core   0: 0x0000000080000264 (0x0802e293) ori     t0, t0, 128
3 0x0000000080000264 (0x0802e293) x 5 0x00000000200000df
core   0: 0x0000000080000268 (0x00002317) auipc   t1, 0x2
3 0x0000000080000268 (0x00002317) x 6 0x0000000080002268
core   0: 0x000000008000026c (0xd8532c23) sw      t0, -616(t1)
3 0x000000008000026c (0xd8532c23)
core   0: 0x0000000080000270 (0x12000073) sfence.vma zero, zero
3 0x0000000080000270 (0x12000073)
core   0: 0x0000000080000274 (0x30200073) mret
3 0x0000000080000274 (0x30200073)
core   0: 0x0000000080000188 (0xe8752223) sw      t2, -380(a0)
3 0x0000000080000188 (0xe8752223)
core   0: 0x000000008000018c (0x80002297) auipc   t0, 0x80002
3 0x000000008000018c (0x80002297) x 5 0x000000000000218c
core   0: 0x0000000080000190 (0xe7c2a283) lw      t0, -388(t0)
3 0x0000000080000190 (0xe7c2a283) x 5 0x0000000000000001
core   0: 0x0000000080000194 (0x0e729663) bne     t0, t2, pc + 236
3 0x0000000080000194 (0x0e729663)
core   0: 0x0000000080000198 (0x000202b7) lui     t0, 0x20
3 0x0000000080000198 (0x000202b7) x 5 0x0000000000020000
core   0: 0x000000008000019c (0x3002b073) csrc    mstatus, t0
3 0x000000008000019c (0x3002b073)
core   0: 0x00000000800001a0 (0x00002297) auipc   t0, 0x2
3 0x00000000800001a0 (0x00002297) x 5 0x00000000800021a0
core   0: 0x00000000800001a4 (0xe602a283) lw      t0, -416(t0)
3 0x00000000800001a4 (0xe602a283) x 5 0x00000000200000df
core   0: 0x00000000800001a8 (0x0c000513) li      a0, 192
3 0x00000000800001a8 (0x0c000513) x10 0x00000000000000c0
core   0: 0x00000000800001ac (0x00a2f2b3) and     t0, t0, a0
3 0x00000000800001ac (0x00a2f2b3) x 5 0x00000000000000c0
core   0: 0x00000000800001b0 (0x0ca29863) bne     t0, a0, pc + 208
3 0x00000000800001b0 (0x0ca29863)
core   0: 0x00000000800001b4 (0x000202b7) lui     t0, 0x20
3 0x00000000800001b4 (0x000202b7) x 5 0x0000000000020000
core   0: 0x00000000800001b8 (0x3002a073) csrs    mstatus, t0
3 0x00000000800001b8 (0x3002a073)
core   0: 0x00000000800001bc (0x00004191) c.li    gp, 4
3 0x00000000800001bc (0x00004191) x 3 0x0000000000000004
core   0: 0x00000000800001be (0x80002517) auipc   a0, 0x80002
3 0x00000000800001be (0x80002517) x10 0x00000000000021be
core   0: 0x00000000800001c2 (0xe4252503) lw      a0, -446(a0)
3 0x00000000800001c2 (0xe4252503) x10 0x00000000200000df
core   0: 0x00000000800001c6 (0x40056513) ori     a0, a0, 1024
3 0x00000000800001c6 (0x40056513) x10 0x00000000200004df
core   0: 0x00000000800001ca (0x80002297) auipc   t0, 0x80002
3 0x00000000800001ca (0x80002297) x 5 0x00000000000021ca
core   0: 0x00000000800001ce (0xe2a2ab23) sw      a0, -458(t0)
3 0x00000000800001ce (0xe2a2ab23)
core   0: 0x00000000800001d2 (0x12000073) sfence.vma zero, zero
3 0x00000000800001d2 (0x12000073)
core   0: 0x00000000800001d6 (0x80002297) auipc   t0, 0x80002
3 0x00000000800001d6 (0x80002297) x 5 0x00000000000021d6
exception : 0x00000000800001da
exception : 0x00000000800001de
core   0: 0x0000000080000004 (0x34202f73) csrr    t5, mcause
3 0x0000000080000004 (0x34202f73) x30 0x000000000000000f
core   0: 0x0000000080000008 (0x00004fa1) c.li    t6, 8
3 0x0000000080000008 (0x00004fa1) x31 0x0000000000000008
core   0: 0x000000008000000a (0x03ff0663) beq     t5, t6, pc + 44
3 0x000000008000000a (0x03ff0663)
core   0: 0x000000008000000e (0x00004fa5) c.li    t6, 9
3 0x000000008000000e (0x00004fa5) x31 0x0000000000000009
core   0: 0x0000000080000010 (0x03ff0363) beq     t5, t6, pc + 38
3 0x0000000080000010 (0x03ff0363)
core   0: 0x0000000080000014 (0x00004fad) c.li    t6, 11
3 0x0000000080000014 (0x00004fad) x31 0x000000000000000b
core   0: 0x0000000080000016 (0x03ff0063) beq     t5, t6, pc + 32
3 0x0000000080000016 (0x03ff0063)
core   0: 0x000000008000001a (0x00000f17) auipc   t5, 0x0
3 0x000000008000001a (0x00000f17) x30 0x000000008000001a
core   0: 0x000000008000001e (0x206f0f13) addi    t5, t5, 518
3 0x000000008000001e (0x206f0f13) x30 0x0000000080000220
core   0: 0x0000000080000022 (0x000f0363) beqz    t5, pc + 6
3 0x0000000080000022 (0x000f0363)
core   0: 0x0000000080000026 (0x00008f02) c.jr    t5
3 0x0000000080000026 (0x00008f02)
core   0: 0x0000000080000220 (0x342022f3) csrr    t0, mcause
3 0x0000000080000220 (0x342022f3) x 5 0x000000000000000f
core   0: 0x0000000080000224 (0x000012c5) c.addi  t0, -15
3 0x0000000080000224 (0x000012c5) x 5 0x0000000000000000
core   0: 0x0000000080000226 (0x04029d63) bnez    t0, pc + 90
3 0x0000000080000226 (0x04029d63)
core   0: 0x000000008000022a (0x00004309) c.li    t1, 2
3 0x000000008000022a (0x00004309) x 6 0x0000000000000002
core   0: 0x000000008000022c (0x02619163) bne     gp, t1, pc + 34
3 0x000000008000022c (0x02619163)
core   0: 0x000000008000024e (0x0000430d) c.li    t1, 3
3 0x000000008000024e (0x0000430d) x 6 0x0000000000000003
core   0: 0x0000000080000250 (0x02619463) bne     gp, t1, pc + 40
3 0x0000000080000250 (0x02619463)
core   0: 0x0000000080000278 (0x00004311) c.li    t1, 4
3 0x0000000080000278 (0x00004311) x 6 0x0000000000000004
core   0: 0x000000008000027a (0x00619363) bne     gp, t1, pc + 6
3 0x000000008000027a (0x00619363)
core   0: 0x000000008000027e (0x0000bf41) c.j     pc - 112
3 0x000000008000027e (0x0000bf41)
core   0: 0x000000008000020e (0x0ff0000f) fence   iorw,iorw
3 0x000000008000020e (0x0ff0000f)
core   0: 0x0000000080000212 (0x00004185) c.li    gp, 1
3 0x0000000080000212 (0x00004185) x 3 0x0000000000000001
core   0: 0x0000000080000214 (0x05d00893) li      a7, 93
3 0x0000000080000214 (0x05d00893) x17 0x000000000000005d
core   0: 0x0000000080000218 (0x00004501) c.li    a0, 0
3 0x0000000080000218 (0x00004501) x10 0x0000000000000000
core   0: 0x000000008000021a (0x00000073) ecall
3 0x000000008000021a (0x00000073)
