core   0: 0x0000000000010000 (0x00100413) li      s0, 1
3 0x0000000000010000 (0x00100413) x 8 0x0000000000000001
core   0: 0x0000000000010004 (0x01f41413) slli    s0, s0, 31
3 0x0000000000010004 (0x01f41413) x 8 0x0000000080000000
core   0: 0x0000000000010008 (0xf1402573) csrr    a0, mhartid
3 0x0000000000010008 (0xf1402573) x10 0x0000000000000000
core   0: 0x000000000001000c (0x00000597) auipc   a1, 0x0
3 0x000000000001000c (0x00000597) x11 0x000000000001000c
core   0: 0x0000000000010010 (0x07458593) addi    a1, a1, 116
3 0x0000000000010010 (0x07458593) x11 0x0000000000010080
core   0: 0x0000000000010014 (0x00040067) jr      s0
3 0x0000000000010014 (0x00040067)
core   0: 0x0000000080000000 (0x0000a081) c.j     pc + 64
3 0x0000000080000000 (0x0000a081)
core   0: 0x0000000080000040 (0x00004081) c.li    ra, 0
3 0x0000000080000040 (0x00004081) x 1 0x0000000000000000
core   0: 0x0000000080000042 (0x00004101) c.li    sp, 0
3 0x0000000080000042 (0x00004101) x 2 0x0000000000000000
core   0: 0x0000000080000044 (0x00004181) c.li    gp, 0
3 0x0000000080000044 (0x00004181) x 3 0x0000000000000000
core   0: 0x0000000080000046 (0x00004201) c.li    tp, 0
3 0x0000000080000046 (0x00004201) x 4 0x0000000000000000
core   0: 0x0000000080000048 (0x00004281) c.li    t0, 0
3 0x0000000080000048 (0x00004281) x 5 0x0000000000000000
core   0: 0x000000008000004a (0x00004301) c.li    t1, 0
3 0x000000008000004a (0x00004301) x 6 0x0000000000000000
core   0: 0x000000008000004c (0x00004381) c.li    t2, 0
3 0x000000008000004c (0x00004381) x 7 0x0000000000000000
core   0: 0x000000008000004e (0x00004401) c.li    s0, 0
3 0x000000008000004e (0x00004401) x 8 0x0000000000000000
core   0: 0x0000000080000050 (0x00004481) c.li    s1, 0
3 0x0000000080000050 (0x00004481) x 9 0x0000000000000000
core   0: 0x0000000080000052 (0x00004501) c.li    a0, 0
3 0x0000000080000052 (0x00004501) x10 0x0000000000000000
core   0: 0x0000000080000054 (0x00004581) c.li    a1, 0
3 0x0000000080000054 (0x00004581) x11 0x0000000000000000
core   0: 0x0000000080000056 (0x00004601) c.li    a2, 0
3 0x0000000080000056 (0x00004601) x12 0x0000000000000000
core   0: 0x0000000080000058 (0x00004681) c.li    a3, 0
3 0x0000000080000058 (0x00004681) x13 0x0000000000000000
core   0: 0x000000008000005a (0x00004701) c.li    a4, 0
3 0x000000008000005a (0x00004701) x14 0x0000000000000000
core   0: 0x000000008000005c (0x00004781) c.li    a5, 0
3 0x000000008000005c (0x00004781) x15 0x0000000000000000
core   0: 0x000000008000005e (0x00004801) c.li    a6, 0
3 0x000000008000005e (0x00004801) x16 0x0000000000000000
core   0: 0x0000000080000060 (0x00004881) c.li    a7, 0
3 0x0000000080000060 (0x00004881) x17 0x0000000000000000
core   0: 0x0000000080000062 (0x00004901) c.li    s2, 0
3 0x0000000080000062 (0x00004901) x18 0x0000000000000000
core   0: 0x0000000080000064 (0x00004981) c.li    s3, 0
3 0x0000000080000064 (0x00004981) x19 0x0000000000000000
core   0: 0x0000000080000066 (0x00004a01) c.li    s4, 0
3 0x0000000080000066 (0x00004a01) x20 0x0000000000000000
core   0: 0x0000000080000068 (0x00004a81) c.li    s5, 0
3 0x0000000080000068 (0x00004a81) x21 0x0000000000000000
core   0: 0x000000008000006a (0x00004b01) c.li    s6, 0
3 0x000000008000006a (0x00004b01) x22 0x0000000000000000
core   0: 0x000000008000006c (0x00004b81) c.li    s7, 0
3 0x000000008000006c (0x00004b81) x23 0x0000000000000000
core   0: 0x000000008000006e (0x00004c01) c.li    s8, 0
3 0x000000008000006e (0x00004c01) x24 0x0000000000000000
core   0: 0x0000000080000070 (0x00004c81) c.li    s9, 0
3 0x0000000080000070 (0x00004c81) x25 0x0000000000000000
core   0: 0x0000000080000072 (0x00004d01) c.li    s10, 0
3 0x0000000080000072 (0x00004d01) x26 0x0000000000000000
core   0: 0x0000000080000074 (0x00004d81) c.li    s11, 0
3 0x0000000080000074 (0x00004d81) x27 0x0000000000000000
core   0: 0x0000000080000076 (0x00004e01) c.li    t3, 0
3 0x0000000080000076 (0x00004e01) x28 0x0000000000000000
core   0: 0x0000000080000078 (0x00004e81) c.li    t4, 0
3 0x0000000080000078 (0x00004e81) x29 0x0000000000000000
core   0: 0x000000008000007a (0x00004f01) c.li    t5, 0
3 0x000000008000007a (0x00004f01) x30 0x0000000000000000
core   0: 0x000000008000007c (0x00004f81) c.li    t6, 0
3 0x000000008000007c (0x00004f81) x31 0x0000000000000000
core   0: 0x000000008000007e (0xf1402573) csrr    a0, mhartid
3 0x000000008000007e (0xf1402573) x10 0x0000000000000000
core   0: 0x0000000080000082 (0x0000e101) c.bnez  a0, pc + 0
3 0x0000000080000082 (0x0000e101)
core   0: 0x0000000080000084 (0x00000297) auipc   t0, 0x0
3 0x0000000080000084 (0x00000297) x 5 0x0000000080000084
core   0: 0x0000000080000088 (0x01028293) addi    t0, t0, 16
3 0x0000000080000088 (0x01028293) x 5 0x0000000080000094
core   0: 0x000000008000008c (0x30529073) csrw    mtvec, t0
3 0x000000008000008c (0x30529073)
core   0: 0x0000000080000090 (0x18005073) csrwi   satp, 0
3 0x0000000080000090 (0x18005073)
core   0: 0x0000000080000094 (0x00000297) auipc   t0, 0x0
3 0x0000000080000094 (0x00000297) x 5 0x0000000080000094
core   0: 0x0000000080000098 (0x02428293) addi    t0, t0, 36
3 0x0000000080000098 (0x02428293) x 5 0x00000000800000b8
core   0: 0x000000008000009c (0x30529073) csrw    mtvec, t0
3 0x000000008000009c (0x30529073)
core   0: 0x00000000800000a0 (0x0010029b) addiw   t0, zero, 1
3 0x00000000800000a0 (0x0010029b) x 5 0x0000000000000001
core   0: 0x00000000800000a4 (0x03529293) slli    t0, t0, 53
3 0x00000000800000a4 (0x03529293) x 5 0x0020000000000000
core   0: 0x00000000800000a8 (0xfff28293) addi    t0, t0, -1
3 0x00000000800000a8 (0xfff28293) x 5 0x001fffffffffffff
core   0: 0x00000000800000ac (0x3b029073) csrw    pmpaddr0, t0
3 0x00000000800000ac (0x3b029073)
core   0: 0x00000000800000b0 (0x000042fd) c.li    t0, 31
3 0x00000000800000b0 (0x000042fd) x 5 0x000000000000001f
core   0: 0x00000000800000b2 (0x3a029073) csrw    pmpcfg0, t0
3 0x00000000800000b2 (0x3a029073)
core   0: 0x00000000800000b6 (0x00000001) c.nop
3 0x00000000800000b6 (0x00000001)
core   0: 0x00000000800000b8 (0x00000297) auipc   t0, 0x0
3 0x00000000800000b8 (0x00000297) x 5 0x00000000800000b8
core   0: 0x00000000800000bc (0x01828293) addi    t0, t0, 24
3 0x00000000800000bc (0x01828293) x 5 0x00000000800000d0
core   0: 0x00000000800000c0 (0x30529073) csrw    mtvec, t0
3 0x00000000800000c0 (0x30529073)
core   0: 0x00000000800000c4 (0x30205073) csrwi   medeleg, 0
3 0x00000000800000c4 (0x30205073)
core   0: 0x00000000800000c8 (0x30305073) csrwi   mideleg, 0
3 0x00000000800000c8 (0x30305073)
core   0: 0x00000000800000cc (0x30405073) csrwi   mie, 0
3 0x00000000800000cc (0x30405073)
core   0: 0x00000000800000d0 (0x00004181) c.li    gp, 0
3 0x00000000800000d0 (0x00004181) x 3 0x0000000000000000
core   0: 0x00000000800000d2 (0x00000297) auipc   t0, 0x0
3 0x00000000800000d2 (0x00000297) x 5 0x00000000800000d2
core   0: 0x00000000800000d6 (0xf3228293) addi    t0, t0, -206
3 0x00000000800000d6 (0xf3228293) x 5 0x0000000080000004
core   0: 0x00000000800000da (0x30529073) csrw    mtvec, t0
3 0x00000000800000da (0x30529073)
core   0: 0x00000000800000de (0x00004505) c.li    a0, 1
3 0x00000000800000de (0x00004505) x10 0x0000000000000001
core   0: 0x00000000800000e0 (0x0000057e) c.slli  a0, 31
3 0x00000000800000e0 (0x0000057e) x10 0x0000000080000000
core   0: 0x00000000800000e2 (0x00055a63) bgez    a0, pc + 20
3 0x00000000800000e2 (0x00055a63)
core   0: 0x00000000800000f6 (0x80000297) auipc   t0, 0x80000
3 0x00000000800000f6 (0x80000297) x 5 0x00000000000000f6
core   0: 0x00000000800000fa (0xf0a28293) addi    t0, t0, -246
3 0x00000000800000fa (0xf0a28293) x 5 0x0000000000000000
core   0: 0x00000000800000fe (0x00028a63) beqz    t0, pc + 20
3 0x00000000800000fe (0x00028a63)
core   0: 0x0000000080000112 (0x30005073) csrwi   mstatus, 0
3 0x0000000080000112 (0x30005073)
core   0: 0x0000000080000116 (0x00002537) lui     a0, 0x2
3 0x0000000080000116 (0x00002537) x10 0x0000000000002000
core   0: 0x000000008000011a (0x8005051b) addiw   a0, a0, -2048
3 0x000000008000011a (0x8005051b) x10 0x0000000000001800
core   0: 0x000000008000011e (0x30052073) csrs    mstatus, a0
3 0x000000008000011e (0x30052073)
core   0: 0x0000000080000122 (0x00000297) auipc   t0, 0x0
3 0x0000000080000122 (0x00000297) x 5 0x0000000080000122
core   0: 0x0000000080000126 (0x01428293) addi    t0, t0, 20
3 0x0000000080000126 (0x01428293) x 5 0x0000000080000136
core   0: 0x000000008000012a (0x34129073) csrw    mepc, t0
3 0x000000008000012a (0x34129073)
core   0: 0x000000008000012e (0xf1402573) csrr    a0, mhartid
3 0x000000008000012e (0xf1402573) x10 0x0000000000000000
core   0: 0x0000000080000132 (0x30200073) mret
3 0x0000000080000132 (0x30200073)
core   0: 0x0000000080000136 (0x00000001) c.nop
3 0x0000000080000136 (0x00000001)
core   0: 0x0000000080000138 (0x00002417) auipc   s0, 0x2
3 0x0000000080000138 (0x00002417) x 8 0x0000000080002138
core   0: 0x000000008000013c (0xec840413) addi    s0, s0, -312
3 0x000000008000013c (0xec840413) x 8 0x0000000080002000
core   0: 0x0000000080000140 (0x00400493) li      s1, 4
3 0x0000000080000140 (0x00400493) x 9 0x0000000000000004
core   0: 0x0000000080000144 (0x00200193) li      gp, 2
3 0x0000000080000144 (0x00200193) x 3 0x0000000000000002
core   0: 0x0000000080000148 (0x00000397) auipc   t2, 0x0
3 0x0000000080000148 (0x00000397) x 7 0x0000000080000148
core   0: 0x000000008000014c (0x01c38393) addi    t2, t2, 28
3 0x000000008000014c (0x01c38393) x 7 0x0000000080000164
core   0: 0x0000000080000150 (0x00140313) addi    t1, s0, 1
3 0x0000000080000150 (0x00140313) x 6 0x0000000080002001
exception : 0x0000000080000154
exception : 0x0000000080000158
core   0: 0x0000000080000004 (0x34202f73) csrr    t5, mcause
3 0x0000000080000004 (0x34202f73) x30 0x0000000000000004
core   0: 0x0000000080000008 (0x00004fa1) c.li    t6, 8
3 0x0000000080000008 (0x00004fa1) x31 0x0000000000000008
core   0: 0x000000008000000a (0x03ff0663) beq     t5, t6, pc + 44
3 0x000000008000000a (0x03ff0663)
core   0: 0x000000008000000e (0x00004fa5) c.li    t6, 9
3 0x000000008000000e (0x00004fa5) x31 0x0000000000000009
core   0: 0x0000000080000010 (0x03ff0363) beq     t5, t6, pc + 38
3 0x0000000080000010 (0x03ff0363)
core   0: 0x0000000080000014 (0x00004fad) c.li    t6, 11
3 0x0000000080000014 (0x00004fad) x31 0x000000000000000b
core   0: 0x0000000080000016 (0x03ff0063) beq     t5, t6, pc + 32
3 0x0000000080000016 (0x03ff0063)
core   0: 0x000000008000001a (0x00000f17) auipc   t5, 0x0
3 0x000000008000001a (0x00000f17) x30 0x000000008000001a
core   0: 0x000000008000001e (0x62ef0f13) addi    t5, t5, 1582
3 0x000000008000001e (0x62ef0f13) x30 0x0000000080000648
core   0: 0x0000000080000022 (0x000f0363) beqz    t5, pc + 6
3 0x0000000080000022 (0x000f0363)
core   0: 0x0000000080000026 (0x00008f02) c.jr    t5
3 0x0000000080000026 (0x00008f02)
core   0: 0x0000000080000648 (0x342022f3) csrr    t0, mcause
3 0x0000000080000648 (0x342022f3) x 5 0x0000000000000004
core   0: 0x000000008000064c (0xfc9296e3) bne     t0, s1, pc - 52
3 0x000000008000064c (0xfc9296e3)
core   0: 0x0000000080000650 (0x343022f3) csrr    t0, mtval
3 0x0000000080000650 (0x343022f3) x 5 0x0000000080002001
core   0: 0x0000000080000654 (0xfc6292e3) bne     t0, t1, pc - 60
3 0x0000000080000654 (0xfc6292e3)
core   0: 0x0000000080000658 (0x00028283) lb      t0, 0(t0)
3 0x0000000080000658 (0x00028283) x 5 0xffffffffffffffcc
core   0: 0x000000008000065c (0xfa028ee3) beqz    t0, pc - 68
3 0x000000008000065c (0xfa028ee3)
core   0: 0x0000000080000660 (0x34139073) csrw    mepc, t2
3 0x0000000080000660 (0x34139073)
core   0: 0x0000000080000664 (0x30200073) mret
3 0x0000000080000664 (0x30200073)
core   0: 0x0000000080000164 (0x00300193) li      gp, 3
3 0x0000000080000164 (0x00300193) x 3 0x0000000000000003
core   0: 0x0000000080000168 (0x00000397) auipc   t2, 0x0
3 0x0000000080000168 (0x00000397) x 7 0x0000000080000168
core   0: 0x000000008000016c (0x01c38393) addi    t2, t2, 28
3 0x000000008000016c (0x01c38393) x 7 0x0000000080000184
core   0: 0x0000000080000170 (0x00140313) addi    t1, s0, 1
3 0x0000000080000170 (0x00140313) x 6 0x0000000080002001
exception : 0x0000000080000174
exception : 0x0000000080000178
core   0: 0x0000000080000004 (0x34202f73) csrr    t5, mcause
3 0x0000000080000004 (0x34202f73) x30 0x0000000000000004
core   0: 0x0000000080000008 (0x00004fa1) c.li    t6, 8
3 0x0000000080000008 (0x00004fa1) x31 0x0000000000000008
core   0: 0x000000008000000a (0x03ff0663) beq     t5, t6, pc + 44
3 0x000000008000000a (0x03ff0663)
core   0: 0x000000008000000e (0x00004fa5) c.li    t6, 9
3 0x000000008000000e (0x00004fa5) x31 0x0000000000000009
core   0: 0x0000000080000010 (0x03ff0363) beq     t5, t6, pc + 38
3 0x0000000080000010 (0x03ff0363)
core   0: 0x0000000080000014 (0x00004fad) c.li    t6, 11
3 0x0000000080000014 (0x00004fad) x31 0x000000000000000b
core   0: 0x0000000080000016 (0x03ff0063) beq     t5, t6, pc + 32
3 0x0000000080000016 (0x03ff0063)
core   0: 0x000000008000001a (0x00000f17) auipc   t5, 0x0
3 0x000000008000001a (0x00000f17) x30 0x000000008000001a
core   0: 0x000000008000001e (0x62ef0f13) addi    t5, t5, 1582
3 0x000000008000001e (0x62ef0f13) x30 0x0000000080000648
core   0: 0x0000000080000022 (0x000f0363) beqz    t5, pc + 6
3 0x0000000080000022 (0x000f0363)
core   0: 0x0000000080000026 (0x00008f02) c.jr    t5
3 0x0000000080000026 (0x00008f02)
core   0: 0x0000000080000648 (0x342022f3) csrr    t0, mcause
3 0x0000000080000648 (0x342022f3) x 5 0x0000000000000004
core   0: 0x000000008000064c (0xfc9296e3) bne     t0, s1, pc - 52
3 0x000000008000064c (0xfc9296e3)
core   0: 0x0000000080000650 (0x343022f3) csrr    t0, mtval
3 0x0000000080000650 (0x343022f3) x 5 0x0000000080002001
core   0: 0x0000000080000654 (0xfc6292e3) bne     t0, t1, pc - 60
3 0x0000000080000654 (0xfc6292e3)
core   0: 0x0000000080000658 (0x00028283) lb      t0, 0(t0)
3 0x0000000080000658 (0x00028283) x 5 0xffffffffffffffcc
core   0: 0x000000008000065c (0xfa028ee3) beqz    t0, pc - 68
3 0x000000008000065c (0xfa028ee3)
core   0: 0x0000000080000660 (0x34139073) csrw    mepc, t2
3 0x0000000080000660 (0x34139073)
core   0: 0x0000000080000664 (0x30200073) mret
3 0x0000000080000664 (0x30200073)
core   0: 0x0000000080000184 (0x00400193) li      gp, 4
3 0x0000000080000184 (0x00400193) x 3 0x0000000000000004
core   0: 0x0000000080000188 (0x00000397) auipc   t2, 0x0
3 0x0000000080000188 (0x00000397) x 7 0x0000000080000188
core   0: 0x000000008000018c (0x01c38393) addi    t2, t2, 28
3 0x000000008000018c (0x01c38393) x 7 0x00000000800001a4
core   0: 0x0000000080000190 (0x00140313) addi    t1, s0, 1
3 0x0000000080000190 (0x00140313) x 6 0x0000000080002001
exception : 0x0000000080000194
exception : 0x0000000080000198
core   0: 0x0000000080000004 (0x34202f73) csrr    t5, mcause
3 0x0000000080000004 (0x34202f73) x30 0x0000000000000004
core   0: 0x0000000080000008 (0x00004fa1) c.li    t6, 8
3 0x0000000080000008 (0x00004fa1) x31 0x0000000000000008
core   0: 0x000000008000000a (0x03ff0663) beq     t5, t6, pc + 44
3 0x000000008000000a (0x03ff0663)
core   0: 0x000000008000000e (0x00004fa5) c.li    t6, 9
3 0x000000008000000e (0x00004fa5) x31 0x0000000000000009
core   0: 0x0000000080000010 (0x03ff0363) beq     t5, t6, pc + 38
3 0x0000000080000010 (0x03ff0363)
core   0: 0x0000000080000014 (0x00004fad) c.li    t6, 11
3 0x0000000080000014 (0x00004fad) x31 0x000000000000000b
core   0: 0x0000000080000016 (0x03ff0063) beq     t5, t6, pc + 32
3 0x0000000080000016 (0x03ff0063)
core   0: 0x000000008000001a (0x00000f17) auipc   t5, 0x0
3 0x000000008000001a (0x00000f17) x30 0x000000008000001a
core   0: 0x000000008000001e (0x62ef0f13) addi    t5, t5, 1582
3 0x000000008000001e (0x62ef0f13) x30 0x0000000080000648
core   0: 0x0000000080000022 (0x000f0363) beqz    t5, pc + 6
3 0x0000000080000022 (0x000f0363)
core   0: 0x0000000080000026 (0x00008f02) c.jr    t5
3 0x0000000080000026 (0x00008f02)
core   0: 0x0000000080000648 (0x342022f3) csrr    t0, mcause
3 0x0000000080000648 (0x342022f3) x 5 0x0000000000000004
core   0: 0x000000008000064c (0xfc9296e3) bne     t0, s1, pc - 52
3 0x000000008000064c (0xfc9296e3)
core   0: 0x0000000080000650 (0x343022f3) csrr    t0, mtval
3 0x0000000080000650 (0x343022f3) x 5 0x0000000080002001
core   0: 0x0000000080000654 (0xfc6292e3) bne     t0, t1, pc - 60
3 0x0000000080000654 (0xfc6292e3)
core   0: 0x0000000080000658 (0x00028283) lb      t0, 0(t0)
3 0x0000000080000658 (0x00028283) x 5 0xffffffffffffffcc
core   0: 0x000000008000065c (0xfa028ee3) beqz    t0, pc - 68
3 0x000000008000065c (0xfa028ee3)
core   0: 0x0000000080000660 (0x34139073) csrw    mepc, t2
3 0x0000000080000660 (0x34139073)
core   0: 0x0000000080000664 (0x30200073) mret
3 0x0000000080000664 (0x30200073)
core   0: 0x00000000800001a4 (0x00500193) li      gp, 5
3 0x00000000800001a4 (0x00500193) x 3 0x0000000000000005
core   0: 0x00000000800001a8 (0x00000397) auipc   t2, 0x0
3 0x00000000800001a8 (0x00000397) x 7 0x00000000800001a8
core   0: 0x00000000800001ac (0x01c38393) addi    t2, t2, 28
3 0x00000000800001ac (0x01c38393) x 7 0x00000000800001c4
core   0: 0x00000000800001b0 (0x00240313) addi    t1, s0, 2
3 0x00000000800001b0 (0x00240313) x 6 0x0000000080002002
exception : 0x00000000800001b4
exception : 0x00000000800001b8
core   0: 0x0000000080000004 (0x34202f73) csrr    t5, mcause
3 0x0000000080000004 (0x34202f73) x30 0x0000000000000004
core   0: 0x0000000080000008 (0x00004fa1) c.li    t6, 8
3 0x0000000080000008 (0x00004fa1) x31 0x0000000000000008
core   0: 0x000000008000000a (0x03ff0663) beq     t5, t6, pc + 44
3 0x000000008000000a (0x03ff0663)
core   0: 0x000000008000000e (0x00004fa5) c.li    t6, 9
3 0x000000008000000e (0x00004fa5) x31 0x0000000000000009
core   0: 0x0000000080000010 (0x03ff0363) beq     t5, t6, pc + 38
3 0x0000000080000010 (0x03ff0363)
core   0: 0x0000000080000014 (0x00004fad) c.li    t6, 11
3 0x0000000080000014 (0x00004fad) x31 0x000000000000000b
core   0: 0x0000000080000016 (0x03ff0063) beq     t5, t6, pc + 32
3 0x0000000080000016 (0x03ff0063)
core   0: 0x000000008000001a (0x00000f17) auipc   t5, 0x0
3 0x000000008000001a (0x00000f17) x30 0x000000008000001a
core   0: 0x000000008000001e (0x62ef0f13) addi    t5, t5, 1582
3 0x000000008000001e (0x62ef0f13) x30 0x0000000080000648
core   0: 0x0000000080000022 (0x000f0363) beqz    t5, pc + 6
3 0x0000000080000022 (0x000f0363)
core   0: 0x0000000080000026 (0x00008f02) c.jr    t5
3 0x0000000080000026 (0x00008f02)
core   0: 0x0000000080000648 (0x342022f3) csrr    t0, mcause
3 0x0000000080000648 (0x342022f3) x 5 0x0000000000000004
core   0: 0x000000008000064c (0xfc9296e3) bne     t0, s1, pc - 52
3 0x000000008000064c (0xfc9296e3)
core   0: 0x0000000080000650 (0x343022f3) csrr    t0, mtval
3 0x0000000080000650 (0x343022f3) x 5 0x0000000080002002
core   0: 0x0000000080000654 (0xfc6292e3) bne     t0, t1, pc - 60
3 0x0000000080000654 (0xfc6292e3)
core   0: 0x0000000080000658 (0x00028283) lb      t0, 0(t0)
3 0x0000000080000658 (0x00028283) x 5 0xffffffffffffffbb
core   0: 0x000000008000065c (0xfa028ee3) beqz    t0, pc - 68
3 0x000000008000065c (0xfa028ee3)
core   0: 0x0000000080000660 (0x34139073) csrw    mepc, t2
3 0x0000000080000660 (0x34139073)
core   0: 0x0000000080000664 (0x30200073) mret
3 0x0000000080000664 (0x30200073)
core   0: 0x00000000800001c4 (0x00600193) li      gp, 6
3 0x00000000800001c4 (0x00600193) x 3 0x0000000000000006
core   0: 0x00000000800001c8 (0x00000397) auipc   t2, 0x0
3 0x00000000800001c8 (0x00000397) x 7 0x00000000800001c8
core   0: 0x00000000800001cc (0x01c38393) addi    t2, t2, 28
3 0x00000000800001cc (0x01c38393) x 7 0x00000000800001e4
core   0: 0x00000000800001d0 (0x00340313) addi    t1, s0, 3
3 0x00000000800001d0 (0x00340313) x 6 0x0000000080002003
exception : 0x00000000800001d4
exception : 0x00000000800001d8
core   0: 0x0000000080000004 (0x34202f73) csrr    t5, mcause
3 0x0000000080000004 (0x34202f73) x30 0x0000000000000004
core   0: 0x0000000080000008 (0x00004fa1) c.li    t6, 8
3 0x0000000080000008 (0x00004fa1) x31 0x0000000000000008
core   0: 0x000000008000000a (0x03ff0663) beq     t5, t6, pc + 44
3 0x000000008000000a (0x03ff0663)
core   0: 0x000000008000000e (0x00004fa5) c.li    t6, 9
3 0x000000008000000e (0x00004fa5) x31 0x0000000000000009
core   0: 0x0000000080000010 (0x03ff0363) beq     t5, t6, pc + 38
3 0x0000000080000010 (0x03ff0363)
core   0: 0x0000000080000014 (0x00004fad) c.li    t6, 11
3 0x0000000080000014 (0x00004fad) x31 0x000000000000000b
core   0: 0x0000000080000016 (0x03ff0063) beq     t5, t6, pc + 32
3 0x0000000080000016 (0x03ff0063)
core   0: 0x000000008000001a (0x00000f17) auipc   t5, 0x0
3 0x000000008000001a (0x00000f17) x30 0x000000008000001a
core   0: 0x000000008000001e (0x62ef0f13) addi    t5, t5, 1582
3 0x000000008000001e (0x62ef0f13) x30 0x0000000080000648
core   0: 0x0000000080000022 (0x000f0363) beqz    t5, pc + 6
3 0x0000000080000022 (0x000f0363)
core   0: 0x0000000080000026 (0x00008f02) c.jr    t5
3 0x0000000080000026 (0x00008f02)
core   0: 0x0000000080000648 (0x342022f3) csrr    t0, mcause
3 0x0000000080000648 (0x342022f3) x 5 0x0000000000000004
core   0: 0x000000008000064c (0xfc9296e3) bne     t0, s1, pc - 52
3 0x000000008000064c (0xfc9296e3)
core   0: 0x0000000080000650 (0x343022f3) csrr    t0, mtval
3 0x0000000080000650 (0x343022f3) x 5 0x0000000080002003
core   0: 0x0000000080000654 (0xfc6292e3) bne     t0, t1, pc - 60
3 0x0000000080000654 (0xfc6292e3)
core   0: 0x0000000080000658 (0x00028283) lb      t0, 0(t0)
3 0x0000000080000658 (0x00028283) x 5 0xffffffffffffffaa
core   0: 0x000000008000065c (0xfa028ee3) beqz    t0, pc - 68
3 0x000000008000065c (0xfa028ee3)
core   0: 0x0000000080000660 (0x34139073) csrw    mepc, t2
3 0x0000000080000660 (0x34139073)
core   0: 0x0000000080000664 (0x30200073) mret
3 0x0000000080000664 (0x30200073)
core   0: 0x00000000800001e4 (0x00700193) li      gp, 7
3 0x00000000800001e4 (0x00700193) x 3 0x0000000000000007
core   0: 0x00000000800001e8 (0x00000397) auipc   t2, 0x0
3 0x00000000800001e8 (0x00000397) x 7 0x00000000800001e8
core   0: 0x00000000800001ec (0x02438393) addi    t2, t2, 36
3 0x00000000800001ec (0x02438393) x 7 0x000000008000020c
core   0: 0x00000000800001f0 (0x00140313) addi    t1, s0, 1
3 0x00000000800001f0 (0x00140313) x 6 0x0000000080002001
exception : 0x00000000800001f4
exception : 0x00000000800001f8
core   0: 0x0000000080000004 (0x34202f73) csrr    t5, mcause
3 0x0000000080000004 (0x34202f73) x30 0x0000000000000004
core   0: 0x0000000080000008 (0x00004fa1) c.li    t6, 8
3 0x0000000080000008 (0x00004fa1) x31 0x0000000000000008
core   0: 0x000000008000000a (0x03ff0663) beq     t5, t6, pc + 44
3 0x000000008000000a (0x03ff0663)
core   0: 0x000000008000000e (0x00004fa5) c.li    t6, 9
3 0x000000008000000e (0x00004fa5) x31 0x0000000000000009
core   0: 0x0000000080000010 (0x03ff0363) beq     t5, t6, pc + 38
3 0x0000000080000010 (0x03ff0363)
core   0: 0x0000000080000014 (0x00004fad) c.li    t6, 11
3 0x0000000080000014 (0x00004fad) x31 0x000000000000000b
core   0: 0x0000000080000016 (0x03ff0063) beq     t5, t6, pc + 32
3 0x0000000080000016 (0x03ff0063)
core   0: 0x000000008000001a (0x00000f17) auipc   t5, 0x0
3 0x000000008000001a (0x00000f17) x30 0x000000008000001a
core   0: 0x000000008000001e (0x62ef0f13) addi    t5, t5, 1582
3 0x000000008000001e (0x62ef0f13) x30 0x0000000080000648
core   0: 0x0000000080000022 (0x000f0363) beqz    t5, pc + 6
3 0x0000000080000022 (0x000f0363)
core   0: 0x0000000080000026 (0x00008f02) c.jr    t5
3 0x0000000080000026 (0x00008f02)
core   0: 0x0000000080000648 (0x342022f3) csrr    t0, mcause
3 0x0000000080000648 (0x342022f3) x 5 0x0000000000000004
core   0: 0x000000008000064c (0xfc9296e3) bne     t0, s1, pc - 52
3 0x000000008000064c (0xfc9296e3)
core   0: 0x0000000080000650 (0x343022f3) csrr    t0, mtval
3 0x0000000080000650 (0x343022f3) x 5 0x0000000080002001
core   0: 0x0000000080000654 (0xfc6292e3) bne     t0, t1, pc - 60
3 0x0000000080000654 (0xfc6292e3)
core   0: 0x0000000080000658 (0x00028283) lb      t0, 0(t0)
3 0x0000000080000658 (0x00028283) x 5 0xffffffffffffffcc
core   0: 0x000000008000065c (0xfa028ee3) beqz    t0, pc - 68
3 0x000000008000065c (0xfa028ee3)
core   0: 0x0000000080000660 (0x34139073) csrw    mepc, t2
3 0x0000000080000660 (0x34139073)
core   0: 0x0000000080000664 (0x30200073) mret
3 0x0000000080000664 (0x30200073)
core   0: 0x000000008000020c (0x00800193) li      gp, 8
3 0x000000008000020c (0x00800193) x 3 0x0000000000000008
core   0: 0x0000000080000210 (0x00000397) auipc   t2, 0x0
3 0x0000000080000210 (0x00000397) x 7 0x0000000080000210
core   0: 0x0000000080000214 (0x02438393) addi    t2, t2, 36
3 0x0000000080000214 (0x02438393) x 7 0x0000000080000234
core   0: 0x0000000080000218 (0x00240313) addi    t1, s0, 2
3 0x0000000080000218 (0x00240313) x 6 0x0000000080002002
exception : 0x000000008000021c
core   0: 0x0000000080000004 (0x34202f73) csrr    t5, mcause
3 0x0000000080000004 (0x34202f73) x30 0x0000000000000004
core   0: 0x0000000080000008 (0x00004fa1) c.li    t6, 8
3 0x0000000080000008 (0x00004fa1) x31 0x0000000000000008
core   0: 0x000000008000000a (0x03ff0663) beq     t5, t6, pc + 44
3 0x000000008000000a (0x03ff0663)
core   0: 0x000000008000000e (0x00004fa5) c.li    t6, 9
3 0x000000008000000e (0x00004fa5) x31 0x0000000000000009
core   0: 0x0000000080000010 (0x03ff0363) beq     t5, t6, pc + 38
3 0x0000000080000010 (0x03ff0363)
core   0: 0x0000000080000014 (0x00004fad) c.li    t6, 11
3 0x0000000080000014 (0x00004fad) x31 0x000000000000000b
core   0: 0x0000000080000016 (0x03ff0063) beq     t5, t6, pc + 32
3 0x0000000080000016 (0x03ff0063)
core   0: 0x000000008000001a (0x00000f17) auipc   t5, 0x0
3 0x000000008000001a (0x00000f17) x30 0x000000008000001a
core   0: 0x000000008000001e (0x62ef0f13) addi    t5, t5, 1582
3 0x000000008000001e (0x62ef0f13) x30 0x0000000080000648
core   0: 0x0000000080000022 (0x000f0363) beqz    t5, pc + 6
3 0x0000000080000022 (0x000f0363)
core   0: 0x0000000080000026 (0x00008f02) c.jr    t5
3 0x0000000080000026 (0x00008f02)
core   0: 0x0000000080000648 (0x342022f3) csrr    t0, mcause
3 0x0000000080000648 (0x342022f3) x 5 0x0000000000000004
core   0: 0x000000008000064c (0xfc9296e3) bne     t0, s1, pc - 52
3 0x000000008000064c (0xfc9296e3)
core   0: 0x0000000080000650 (0x343022f3) csrr    t0, mtval
3 0x0000000080000650 (0x343022f3) x 5 0x0000000080002002
core   0: 0x0000000080000654 (0xfc6292e3) bne     t0, t1, pc - 60
3 0x0000000080000654 (0xfc6292e3)
core   0: 0x0000000080000658 (0x00028283) lb      t0, 0(t0)
3 0x0000000080000658 (0x00028283) x 5 0xffffffffffffffbb
core   0: 0x000000008000065c (0xfa028ee3) beqz    t0, pc - 68
3 0x000000008000065c (0xfa028ee3)
core   0: 0x0000000080000660 (0x34139073) csrw    mepc, t2
3 0x0000000080000660 (0x34139073)
core   0: 0x0000000080000664 (0x30200073) mret
3 0x0000000080000664 (0x30200073)
core   0: 0x0000000080000234 (0x00900193) li      gp, 9
3 0x0000000080000234 (0x00900193) x 3 0x0000000000000009
core   0: 0x0000000080000238 (0x00000397) auipc   t2, 0x0
3 0x0000000080000238 (0x00000397) x 7 0x0000000080000238
core   0: 0x000000008000023c (0x01c38393) addi    t2, t2, 28
3 0x000000008000023c (0x01c38393) x 7 0x0000000080000254
core   0: 0x0000000080000240 (0x00340313) addi    t1, s0, 3
3 0x0000000080000240 (0x00340313) x 6 0x0000000080002003
exception : 0x0000000080000244
exception : 0x0000000080000248
core   0: 0x0000000080000004 (0x34202f73) csrr    t5, mcause
3 0x0000000080000004 (0x34202f73) x30 0x0000000000000004
core   0: 0x0000000080000008 (0x00004fa1) c.li    t6, 8
3 0x0000000080000008 (0x00004fa1) x31 0x0000000000000008
core   0: 0x000000008000000a (0x03ff0663) beq     t5, t6, pc + 44
3 0x000000008000000a (0x03ff0663)
core   0: 0x000000008000000e (0x00004fa5) c.li    t6, 9
3 0x000000008000000e (0x00004fa5) x31 0x0000000000000009
core   0: 0x0000000080000010 (0x03ff0363) beq     t5, t6, pc + 38
3 0x0000000080000010 (0x03ff0363)
core   0: 0x0000000080000014 (0x00004fad) c.li    t6, 11
3 0x0000000080000014 (0x00004fad) x31 0x000000000000000b
core   0: 0x0000000080000016 (0x03ff0063) beq     t5, t6, pc + 32
3 0x0000000080000016 (0x03ff0063)
core   0: 0x000000008000001a (0x00000f17) auipc   t5, 0x0
3 0x000000008000001a (0x00000f17) x30 0x000000008000001a
core   0: 0x000000008000001e (0x62ef0f13) addi    t5, t5, 1582
3 0x000000008000001e (0x62ef0f13) x30 0x0000000080000648
core   0: 0x0000000080000022 (0x000f0363) beqz    t5, pc + 6
3 0x0000000080000022 (0x000f0363)
core   0: 0x0000000080000026 (0x00008f02) c.jr    t5
3 0x0000000080000026 (0x00008f02)
core   0: 0x0000000080000648 (0x342022f3) csrr    t0, mcause
3 0x0000000080000648 (0x342022f3) x 5 0x0000000000000004
core   0: 0x000000008000064c (0xfc9296e3) bne     t0, s1, pc - 52
3 0x000000008000064c (0xfc9296e3)
core   0: 0x0000000080000650 (0x343022f3) csrr    t0, mtval
3 0x0000000080000650 (0x343022f3) x 5 0x0000000080002003
core   0: 0x0000000080000654 (0xfc6292e3) bne     t0, t1, pc - 60
3 0x0000000080000654 (0xfc6292e3)
core   0: 0x0000000080000658 (0x00028283) lb      t0, 0(t0)
3 0x0000000080000658 (0x00028283) x 5 0xffffffffffffffaa
core   0: 0x000000008000065c (0xfa028ee3) beqz    t0, pc - 68
3 0x000000008000065c (0xfa028ee3)
core   0: 0x0000000080000660 (0x34139073) csrw    mepc, t2
3 0x0000000080000660 (0x34139073)
core   0: 0x0000000080000664 (0x30200073) mret
3 0x0000000080000664 (0x30200073)
core   0: 0x0000000080000254 (0x00a00193) li      gp, 10
3 0x0000000080000254 (0x00a00193) x 3 0x000000000000000a
core   0: 0x0000000080000258 (0x00000397) auipc   t2, 0x0
3 0x0000000080000258 (0x00000397) x 7 0x0000000080000258
core   0: 0x000000008000025c (0x03438393) addi    t2, t2, 52
3 0x000000008000025c (0x03438393) x 7 0x000000008000028c
core   0: 0x0000000080000260 (0x00140313) addi    t1, s0, 1
3 0x0000000080000260 (0x00140313) x 6 0x0000000080002001
exception : 0x0000000080000264
exception : 0x0000000080000268
core   0: 0x0000000080000004 (0x34202f73) csrr    t5, mcause
3 0x0000000080000004 (0x34202f73) x30 0x0000000000000004
core   0: 0x0000000080000008 (0x00004fa1) c.li    t6, 8
3 0x0000000080000008 (0x00004fa1) x31 0x0000000000000008
core   0: 0x000000008000000a (0x03ff0663) beq     t5, t6, pc + 44
3 0x000000008000000a (0x03ff0663)
core   0: 0x000000008000000e (0x00004fa5) c.li    t6, 9
3 0x000000008000000e (0x00004fa5) x31 0x0000000000000009
core   0: 0x0000000080000010 (0x03ff0363) beq     t5, t6, pc + 38
3 0x0000000080000010 (0x03ff0363)
core   0: 0x0000000080000014 (0x00004fad) c.li    t6, 11
3 0x0000000080000014 (0x00004fad) x31 0x000000000000000b
core   0: 0x0000000080000016 (0x03ff0063) beq     t5, t6, pc + 32
3 0x0000000080000016 (0x03ff0063)
core   0: 0x000000008000001a (0x00000f17) auipc   t5, 0x0
3 0x000000008000001a (0x00000f17) x30 0x000000008000001a
core   0: 0x000000008000001e (0x62ef0f13) addi    t5, t5, 1582
3 0x000000008000001e (0x62ef0f13) x30 0x0000000080000648
core   0: 0x0000000080000022 (0x000f0363) beqz    t5, pc + 6
3 0x0000000080000022 (0x000f0363)
core   0: 0x0000000080000026 (0x00008f02) c.jr    t5
3 0x0000000080000026 (0x00008f02)
core   0: 0x0000000080000648 (0x342022f3) csrr    t0, mcause
3 0x0000000080000648 (0x342022f3) x 5 0x0000000000000004
core   0: 0x000000008000064c (0xfc9296e3) bne     t0, s1, pc - 52
3 0x000000008000064c (0xfc9296e3)
core   0: 0x0000000080000650 (0x343022f3) csrr    t0, mtval
3 0x0000000080000650 (0x343022f3) x 5 0x0000000080002001
core   0: 0x0000000080000654 (0xfc6292e3) bne     t0, t1, pc - 60
3 0x0000000080000654 (0xfc6292e3)
core   0: 0x0000000080000658 (0x00028283) lb      t0, 0(t0)
3 0x0000000080000658 (0x00028283) x 5 0xffffffffffffffcc
core   0: 0x000000008000065c (0xfa028ee3) beqz    t0, pc - 68
3 0x000000008000065c (0xfa028ee3)
core   0: 0x0000000080000660 (0x34139073) csrw    mepc, t2
3 0x0000000080000660 (0x34139073)
core   0: 0x0000000080000664 (0x30200073) mret
3 0x0000000080000664 (0x30200073)
core   0: 0x000000008000028c (0x00b00193) li      gp, 11
3 0x000000008000028c (0x00b00193) x 3 0x000000000000000b
core   0: 0x0000000080000290 (0x00000397) auipc   t2, 0x0
3 0x0000000080000290 (0x00000397) x 7 0x0000000080000290
core   0: 0x0000000080000294 (0x03438393) addi    t2, t2, 52
3 0x0000000080000294 (0x03438393) x 7 0x00000000800002c4
core   0: 0x0000000080000298 (0x00240313) addi    t1, s0, 2
3 0x0000000080000298 (0x00240313) x 6 0x0000000080002002
exception : 0x000000008000029c
core   0: 0x0000000080000004 (0x34202f73) csrr    t5, mcause
3 0x0000000080000004 (0x34202f73) x30 0x0000000000000004
core   0: 0x0000000080000008 (0x00004fa1) c.li    t6, 8
3 0x0000000080000008 (0x00004fa1) x31 0x0000000000000008
core   0: 0x000000008000000a (0x03ff0663) beq     t5, t6, pc + 44
3 0x000000008000000a (0x03ff0663)
core   0: 0x000000008000000e (0x00004fa5) c.li    t6, 9
3 0x000000008000000e (0x00004fa5) x31 0x0000000000000009
core   0: 0x0000000080000010 (0x03ff0363) beq     t5, t6, pc + 38
3 0x0000000080000010 (0x03ff0363)
core   0: 0x0000000080000014 (0x00004fad) c.li    t6, 11
3 0x0000000080000014 (0x00004fad) x31 0x000000000000000b
core   0: 0x0000000080000016 (0x03ff0063) beq     t5, t6, pc + 32
3 0x0000000080000016 (0x03ff0063)
core   0: 0x000000008000001a (0x00000f17) auipc   t5, 0x0
3 0x000000008000001a (0x00000f17) x30 0x000000008000001a
core   0: 0x000000008000001e (0x62ef0f13) addi    t5, t5, 1582
3 0x000000008000001e (0x62ef0f13) x30 0x0000000080000648
core   0: 0x0000000080000022 (0x000f0363) beqz    t5, pc + 6
3 0x0000000080000022 (0x000f0363)
core   0: 0x0000000080000026 (0x00008f02) c.jr    t5
3 0x0000000080000026 (0x00008f02)
core   0: 0x0000000080000648 (0x342022f3) csrr    t0, mcause
3 0x0000000080000648 (0x342022f3) x 5 0x0000000000000004
core   0: 0x000000008000064c (0xfc9296e3) bne     t0, s1, pc - 52
3 0x000000008000064c (0xfc9296e3)
core   0: 0x0000000080000650 (0x343022f3) csrr    t0, mtval
3 0x0000000080000650 (0x343022f3) x 5 0x0000000080002002
core   0: 0x0000000080000654 (0xfc6292e3) bne     t0, t1, pc - 60
3 0x0000000080000654 (0xfc6292e3)
core   0: 0x0000000080000658 (0x00028283) lb      t0, 0(t0)
3 0x0000000080000658 (0x00028283) x 5 0xffffffffffffffbb
core   0: 0x000000008000065c (0xfa028ee3) beqz    t0, pc - 68
3 0x000000008000065c (0xfa028ee3)
core   0: 0x0000000080000660 (0x34139073) csrw    mepc, t2
3 0x0000000080000660 (0x34139073)
core   0: 0x0000000080000664 (0x30200073) mret
3 0x0000000080000664 (0x30200073)
core   0: 0x00000000800002c4 (0x00c00193) li      gp, 12
3 0x00000000800002c4 (0x00c00193) x 3 0x000000000000000c
core   0: 0x00000000800002c8 (0x00000397) auipc   t2, 0x0
3 0x00000000800002c8 (0x00000397) x 7 0x00000000800002c8
core   0: 0x00000000800002cc (0x03438393) addi    t2, t2, 52
3 0x00000000800002cc (0x03438393) x 7 0x00000000800002fc
core   0: 0x00000000800002d0 (0x00340313) addi    t1, s0, 3
3 0x00000000800002d0 (0x00340313) x 6 0x0000000080002003
exception : 0x00000000800002d4
exception : 0x00000000800002d8
core   0: 0x0000000080000004 (0x34202f73) csrr    t5, mcause
3 0x0000000080000004 (0x34202f73) x30 0x0000000000000004
core   0: 0x0000000080000008 (0x00004fa1) c.li    t6, 8
3 0x0000000080000008 (0x00004fa1) x31 0x0000000000000008
core   0: 0x000000008000000a (0x03ff0663) beq     t5, t6, pc + 44
3 0x000000008000000a (0x03ff0663)
core   0: 0x000000008000000e (0x00004fa5) c.li    t6, 9
3 0x000000008000000e (0x00004fa5) x31 0x0000000000000009
core   0: 0x0000000080000010 (0x03ff0363) beq     t5, t6, pc + 38
3 0x0000000080000010 (0x03ff0363)
core   0: 0x0000000080000014 (0x00004fad) c.li    t6, 11
3 0x0000000080000014 (0x00004fad) x31 0x000000000000000b
core   0: 0x0000000080000016 (0x03ff0063) beq     t5, t6, pc + 32
3 0x0000000080000016 (0x03ff0063)
core   0: 0x000000008000001a (0x00000f17) auipc   t5, 0x0
3 0x000000008000001a (0x00000f17) x30 0x000000008000001a
core   0: 0x000000008000001e (0x62ef0f13) addi    t5, t5, 1582
3 0x000000008000001e (0x62ef0f13) x30 0x0000000080000648
core   0: 0x0000000080000022 (0x000f0363) beqz    t5, pc + 6
3 0x0000000080000022 (0x000f0363)
core   0: 0x0000000080000026 (0x00008f02) c.jr    t5
3 0x0000000080000026 (0x00008f02)
core   0: 0x0000000080000648 (0x342022f3) csrr    t0, mcause
3 0x0000000080000648 (0x342022f3) x 5 0x0000000000000004
core   0: 0x000000008000064c (0xfc9296e3) bne     t0, s1, pc - 52
3 0x000000008000064c (0xfc9296e3)
core   0: 0x0000000080000650 (0x343022f3) csrr    t0, mtval
3 0x0000000080000650 (0x343022f3) x 5 0x0000000080002003
core   0: 0x0000000080000654 (0xfc6292e3) bne     t0, t1, pc - 60
3 0x0000000080000654 (0xfc6292e3)
core   0: 0x0000000080000658 (0x00028283) lb      t0, 0(t0)
3 0x0000000080000658 (0x00028283) x 5 0xffffffffffffffaa
core   0: 0x000000008000065c (0xfa028ee3) beqz    t0, pc - 68
3 0x000000008000065c (0xfa028ee3)
core   0: 0x0000000080000660 (0x34139073) csrw    mepc, t2
3 0x0000000080000660 (0x34139073)
core   0: 0x0000000080000664 (0x30200073) mret
3 0x0000000080000664 (0x30200073)
core   0: 0x00000000800002fc (0x00d00193) li      gp, 13
3 0x00000000800002fc (0x00d00193) x 3 0x000000000000000d
core   0: 0x0000000080000300 (0x00000397) auipc   t2, 0x0
3 0x0000000080000300 (0x00000397) x 7 0x0000000080000300
core   0: 0x0000000080000304 (0x03438393) addi    t2, t2, 52
3 0x0000000080000304 (0x03438393) x 7 0x0000000080000334
core   0: 0x0000000080000308 (0x00440313) addi    t1, s0, 4
3 0x0000000080000308 (0x00440313) x 6 0x0000000080002004
exception : 0x000000008000030c
core   0: 0x0000000080000004 (0x34202f73) csrr    t5, mcause
3 0x0000000080000004 (0x34202f73) x30 0x0000000000000004
core   0: 0x0000000080000008 (0x00004fa1) c.li    t6, 8
3 0x0000000080000008 (0x00004fa1) x31 0x0000000000000008
core   0: 0x000000008000000a (0x03ff0663) beq     t5, t6, pc + 44
3 0x000000008000000a (0x03ff0663)
core   0: 0x000000008000000e (0x00004fa5) c.li    t6, 9
3 0x000000008000000e (0x00004fa5) x31 0x0000000000000009
core   0: 0x0000000080000010 (0x03ff0363) beq     t5, t6, pc + 38
3 0x0000000080000010 (0x03ff0363)
core   0: 0x0000000080000014 (0x00004fad) c.li    t6, 11
3 0x0000000080000014 (0x00004fad) x31 0x000000000000000b
core   0: 0x0000000080000016 (0x03ff0063) beq     t5, t6, pc + 32
3 0x0000000080000016 (0x03ff0063)
core   0: 0x000000008000001a (0x00000f17) auipc   t5, 0x0
3 0x000000008000001a (0x00000f17) x30 0x000000008000001a
core   0: 0x000000008000001e (0x62ef0f13) addi    t5, t5, 1582
3 0x000000008000001e (0x62ef0f13) x30 0x0000000080000648
core   0: 0x0000000080000022 (0x000f0363) beqz    t5, pc + 6
3 0x0000000080000022 (0x000f0363)
core   0: 0x0000000080000026 (0x00008f02) c.jr    t5
3 0x0000000080000026 (0x00008f02)
core   0: 0x0000000080000648 (0x342022f3) csrr    t0, mcause
3 0x0000000080000648 (0x342022f3) x 5 0x0000000000000004
core   0: 0x000000008000064c (0xfc9296e3) bne     t0, s1, pc - 52
3 0x000000008000064c (0xfc9296e3)
core   0: 0x0000000080000650 (0x343022f3) csrr    t0, mtval
3 0x0000000080000650 (0x343022f3) x 5 0x0000000080002004
core   0: 0x0000000080000654 (0xfc6292e3) bne     t0, t1, pc - 60
3 0x0000000080000654 (0xfc6292e3)
core   0: 0x0000000080000658 (0x00028283) lb      t0, 0(t0)
3 0x0000000080000658 (0x00028283) x 5 0xffffffffffffff99
core   0: 0x000000008000065c (0xfa028ee3) beqz    t0, pc - 68
3 0x000000008000065c (0xfa028ee3)
core   0: 0x0000000080000660 (0x34139073) csrw    mepc, t2
3 0x0000000080000660 (0x34139073)
core   0: 0x0000000080000664 (0x30200073) mret
3 0x0000000080000664 (0x30200073)
core   0: 0x0000000080000334 (0x00e00193) li      gp, 14
3 0x0000000080000334 (0x00e00193) x 3 0x000000000000000e
core   0: 0x0000000080000338 (0x00000397) auipc   t2, 0x0
3 0x0000000080000338 (0x00000397) x 7 0x0000000080000338
core   0: 0x000000008000033c (0x03438393) addi    t2, t2, 52
3 0x000000008000033c (0x03438393) x 7 0x000000008000036c
core   0: 0x0000000080000340 (0x00540313) addi    t1, s0, 5
3 0x0000000080000340 (0x00540313) x 6 0x0000000080002005
exception : 0x0000000080000344
exception : 0x0000000080000348
core   0: 0x0000000080000004 (0x34202f73) csrr    t5, mcause
3 0x0000000080000004 (0x34202f73) x30 0x0000000000000004
core   0: 0x0000000080000008 (0x00004fa1) c.li    t6, 8
3 0x0000000080000008 (0x00004fa1) x31 0x0000000000000008
core   0: 0x000000008000000a (0x03ff0663) beq     t5, t6, pc + 44
3 0x000000008000000a (0x03ff0663)
core   0: 0x000000008000000e (0x00004fa5) c.li    t6, 9
3 0x000000008000000e (0x00004fa5) x31 0x0000000000000009
core   0: 0x0000000080000010 (0x03ff0363) beq     t5, t6, pc + 38
3 0x0000000080000010 (0x03ff0363)
core   0: 0x0000000080000014 (0x00004fad) c.li    t6, 11
3 0x0000000080000014 (0x00004fad) x31 0x000000000000000b
core   0: 0x0000000080000016 (0x03ff0063) beq     t5, t6, pc + 32
3 0x0000000080000016 (0x03ff0063)
core   0: 0x000000008000001a (0x00000f17) auipc   t5, 0x0
3 0x000000008000001a (0x00000f17) x30 0x000000008000001a
core   0: 0x000000008000001e (0x62ef0f13) addi    t5, t5, 1582
3 0x000000008000001e (0x62ef0f13) x30 0x0000000080000648
core   0: 0x0000000080000022 (0x000f0363) beqz    t5, pc + 6
3 0x0000000080000022 (0x000f0363)
core   0: 0x0000000080000026 (0x00008f02) c.jr    t5
3 0x0000000080000026 (0x00008f02)
core   0: 0x0000000080000648 (0x342022f3) csrr    t0, mcause
3 0x0000000080000648 (0x342022f3) x 5 0x0000000000000004
core   0: 0x000000008000064c (0xfc9296e3) bne     t0, s1, pc - 52
3 0x000000008000064c (0xfc9296e3)
core   0: 0x0000000080000650 (0x343022f3) csrr    t0, mtval
3 0x0000000080000650 (0x343022f3) x 5 0x0000000080002005
core   0: 0x0000000080000654 (0xfc6292e3) bne     t0, t1, pc - 60
3 0x0000000080000654 (0xfc6292e3)
core   0: 0x0000000080000658 (0x00028283) lb      t0, 0(t0)
3 0x0000000080000658 (0x00028283) x 5 0xffffffffffffff88
core   0: 0x000000008000065c (0xfa028ee3) beqz    t0, pc - 68
3 0x000000008000065c (0xfa028ee3)
core   0: 0x0000000080000660 (0x34139073) csrw    mepc, t2
3 0x0000000080000660 (0x34139073)
core   0: 0x0000000080000664 (0x30200073) mret
3 0x0000000080000664 (0x30200073)
core   0: 0x000000008000036c (0x00f00193) li      gp, 15
3 0x000000008000036c (0x00f00193) x 3 0x000000000000000f
core   0: 0x0000000080000370 (0x00000397) auipc   t2, 0x0
3 0x0000000080000370 (0x00000397) x 7 0x0000000080000370
core   0: 0x0000000080000374 (0x03438393) addi    t2, t2, 52
3 0x0000000080000374 (0x03438393) x 7 0x00000000800003a4
core   0: 0x0000000080000378 (0x00640313) addi    t1, s0, 6
3 0x0000000080000378 (0x00640313) x 6 0x0000000080002006
exception : 0x000000008000037c
core   0: 0x0000000080000004 (0x34202f73) csrr    t5, mcause
3 0x0000000080000004 (0x34202f73) x30 0x0000000000000004
core   0: 0x0000000080000008 (0x00004fa1) c.li    t6, 8
3 0x0000000080000008 (0x00004fa1) x31 0x0000000000000008
core   0: 0x000000008000000a (0x03ff0663) beq     t5, t6, pc + 44
3 0x000000008000000a (0x03ff0663)
core   0: 0x000000008000000e (0x00004fa5) c.li    t6, 9
3 0x000000008000000e (0x00004fa5) x31 0x0000000000000009
core   0: 0x0000000080000010 (0x03ff0363) beq     t5, t6, pc + 38
3 0x0000000080000010 (0x03ff0363)
core   0: 0x0000000080000014 (0x00004fad) c.li    t6, 11
3 0x0000000080000014 (0x00004fad) x31 0x000000000000000b
core   0: 0x0000000080000016 (0x03ff0063) beq     t5, t6, pc + 32
3 0x0000000080000016 (0x03ff0063)
core   0: 0x000000008000001a (0x00000f17) auipc   t5, 0x0
3 0x000000008000001a (0x00000f17) x30 0x000000008000001a
core   0: 0x000000008000001e (0x62ef0f13) addi    t5, t5, 1582
3 0x000000008000001e (0x62ef0f13) x30 0x0000000080000648
core   0: 0x0000000080000022 (0x000f0363) beqz    t5, pc + 6
3 0x0000000080000022 (0x000f0363)
core   0: 0x0000000080000026 (0x00008f02) c.jr    t5
3 0x0000000080000026 (0x00008f02)
core   0: 0x0000000080000648 (0x342022f3) csrr    t0, mcause
3 0x0000000080000648 (0x342022f3) x 5 0x0000000000000004
core   0: 0x000000008000064c (0xfc9296e3) bne     t0, s1, pc - 52
3 0x000000008000064c (0xfc9296e3)
core   0: 0x0000000080000650 (0x343022f3) csrr    t0, mtval
3 0x0000000080000650 (0x343022f3) x 5 0x0000000080002006
core   0: 0x0000000080000654 (0xfc6292e3) bne     t0, t1, pc - 60
3 0x0000000080000654 (0xfc6292e3)
core   0: 0x0000000080000658 (0x00028283) lb      t0, 0(t0)
3 0x0000000080000658 (0x00028283) x 5 0x0000000000000077
core   0: 0x000000008000065c (0xfa028ee3) beqz    t0, pc - 68
3 0x000000008000065c (0xfa028ee3)
core   0: 0x0000000080000660 (0x34139073) csrw    mepc, t2
3 0x0000000080000660 (0x34139073)
core   0: 0x0000000080000664 (0x30200073) mret
3 0x0000000080000664 (0x30200073)
core   0: 0x00000000800003a4 (0x01000193) li      gp, 16
3 0x00000000800003a4 (0x01000193) x 3 0x0000000000000010
core   0: 0x00000000800003a8 (0x00000397) auipc   t2, 0x0
3 0x00000000800003a8 (0x00000397) x 7 0x00000000800003a8
core   0: 0x00000000800003ac (0x02c38393) addi    t2, t2, 44
3 0x00000000800003ac (0x02c38393) x 7 0x00000000800003d4
core   0: 0x00000000800003b0 (0x00740313) addi    t1, s0, 7
3 0x00000000800003b0 (0x00740313) x 6 0x0000000080002007
exception : 0x00000000800003b4
exception : 0x00000000800003b8
core   0: 0x0000000080000004 (0x34202f73) csrr    t5, mcause
3 0x0000000080000004 (0x34202f73) x30 0x0000000000000004
core   0: 0x0000000080000008 (0x00004fa1) c.li    t6, 8
3 0x0000000080000008 (0x00004fa1) x31 0x0000000000000008
core   0: 0x000000008000000a (0x03ff0663) beq     t5, t6, pc + 44
3 0x000000008000000a (0x03ff0663)
core   0: 0x000000008000000e (0x00004fa5) c.li    t6, 9
3 0x000000008000000e (0x00004fa5) x31 0x0000000000000009
core   0: 0x0000000080000010 (0x03ff0363) beq     t5, t6, pc + 38
3 0x0000000080000010 (0x03ff0363)
core   0: 0x0000000080000014 (0x00004fad) c.li    t6, 11
3 0x0000000080000014 (0x00004fad) x31 0x000000000000000b
core   0: 0x0000000080000016 (0x03ff0063) beq     t5, t6, pc + 32
3 0x0000000080000016 (0x03ff0063)
core   0: 0x000000008000001a (0x00000f17) auipc   t5, 0x0
3 0x000000008000001a (0x00000f17) x30 0x000000008000001a
core   0: 0x000000008000001e (0x62ef0f13) addi    t5, t5, 1582
3 0x000000008000001e (0x62ef0f13) x30 0x0000000080000648
core   0: 0x0000000080000022 (0x000f0363) beqz    t5, pc + 6
3 0x0000000080000022 (0x000f0363)
core   0: 0x0000000080000026 (0x00008f02) c.jr    t5
3 0x0000000080000026 (0x00008f02)
core   0: 0x0000000080000648 (0x342022f3) csrr    t0, mcause
3 0x0000000080000648 (0x342022f3) x 5 0x0000000000000004
core   0: 0x000000008000064c (0xfc9296e3) bne     t0, s1, pc - 52
3 0x000000008000064c (0xfc9296e3)
core   0: 0x0000000080000650 (0x343022f3) csrr    t0, mtval
3 0x0000000080000650 (0x343022f3) x 5 0x0000000080002007
core   0: 0x0000000080000654 (0xfc6292e3) bne     t0, t1, pc - 60
3 0x0000000080000654 (0xfc6292e3)
core   0: 0x0000000080000658 (0x00028283) lb      t0, 0(t0)
3 0x0000000080000658 (0x00028283) x 5 0x0000000000000066
core   0: 0x000000008000065c (0xfa028ee3) beqz    t0, pc - 68
3 0x000000008000065c (0xfa028ee3)
core   0: 0x0000000080000660 (0x34139073) csrw    mepc, t2
3 0x0000000080000660 (0x34139073)
core   0: 0x0000000080000664 (0x30200073) mret
3 0x0000000080000664 (0x30200073)
core   0: 0x00000000800003d4 (0x00600493) li      s1, 6
3 0x00000000800003d4 (0x00600493) x 9 0x0000000000000006
core   0: 0x00000000800003d8 (0x01600193) li      gp, 22
3 0x00000000800003d8 (0x01600193) x 3 0x0000000000000016
core   0: 0x00000000800003dc (0x00000397) auipc   t2, 0x0
3 0x00000000800003dc (0x00000397) x 7 0x00000000800003dc
core   0: 0x00000000800003e0 (0x03038393) addi    t2, t2, 48
3 0x00000000800003e0 (0x03038393) x 7 0x000000008000040c
core   0: 0x00000000800003e4 (0x00140313) addi    t1, s0, 1
3 0x00000000800003e4 (0x00140313) x 6 0x0000000080002001
exception : 0x00000000800003e8
core   0: 0x0000000080000004 (0x34202f73) csrr    t5, mcause
3 0x0000000080000004 (0x34202f73) x30 0x0000000000000006
core   0: 0x0000000080000008 (0x00004fa1) c.li    t6, 8
3 0x0000000080000008 (0x00004fa1) x31 0x0000000000000008
core   0: 0x000000008000000a (0x03ff0663) beq     t5, t6, pc + 44
3 0x000000008000000a (0x03ff0663)
core   0: 0x000000008000000e (0x00004fa5) c.li    t6, 9
3 0x000000008000000e (0x00004fa5) x31 0x0000000000000009
core   0: 0x0000000080000010 (0x03ff0363) beq     t5, t6, pc + 38
3 0x0000000080000010 (0x03ff0363)
core   0: 0x0000000080000014 (0x00004fad) c.li    t6, 11
3 0x0000000080000014 (0x00004fad) x31 0x000000000000000b
core   0: 0x0000000080000016 (0x03ff0063) beq     t5, t6, pc + 32
3 0x0000000080000016 (0x03ff0063)
core   0: 0x000000008000001a (0x00000f17) auipc   t5, 0x0
3 0x000000008000001a (0x00000f17) x30 0x000000008000001a
core   0: 0x000000008000001e (0x62ef0f13) addi    t5, t5, 1582
3 0x000000008000001e (0x62ef0f13) x30 0x0000000080000648
core   0: 0x0000000080000022 (0x000f0363) beqz    t5, pc + 6
3 0x0000000080000022 (0x000f0363)
core   0: 0x0000000080000026 (0x00008f02) c.jr    t5
3 0x0000000080000026 (0x00008f02)
core   0: 0x0000000080000648 (0x342022f3) csrr    t0, mcause
3 0x0000000080000648 (0x342022f3) x 5 0x0000000000000006
core   0: 0x000000008000064c (0xfc9296e3) bne     t0, s1, pc - 52
3 0x000000008000064c (0xfc9296e3)
core   0: 0x0000000080000650 (0x343022f3) csrr    t0, mtval
3 0x0000000080000650 (0x343022f3) x 5 0x0000000080002001
core   0: 0x0000000080000654 (0xfc6292e3) bne     t0, t1, pc - 60
3 0x0000000080000654 (0xfc6292e3)
core   0: 0x0000000080000658 (0x00028283) lb      t0, 0(t0)
3 0x0000000080000658 (0x00028283) x 5 0xffffffffffffffcc
core   0: 0x000000008000065c (0xfa028ee3) beqz    t0, pc - 68
3 0x000000008000065c (0xfa028ee3)
core   0: 0x0000000080000660 (0x34139073) csrw    mepc, t2
3 0x0000000080000660 (0x34139073)
core   0: 0x0000000080000664 (0x30200073) mret
3 0x0000000080000664 (0x30200073)
core   0: 0x000000008000040c (0x01700193) li      gp, 23
3 0x000000008000040c (0x01700193) x 3 0x0000000000000017
core   0: 0x0000000080000410 (0x00000397) auipc   t2, 0x0
3 0x0000000080000410 (0x00000397) x 7 0x0000000080000410
core   0: 0x0000000080000414 (0x03038393) addi    t2, t2, 48
3 0x0000000080000414 (0x03038393) x 7 0x0000000080000440
core   0: 0x0000000080000418 (0x00540313) addi    t1, s0, 5
3 0x0000000080000418 (0x00540313) x 6 0x0000000080002005
exception : 0x000000008000041c
core   0: 0x0000000080000004 (0x34202f73) csrr    t5, mcause
3 0x0000000080000004 (0x34202f73) x30 0x0000000000000006
core   0: 0x0000000080000008 (0x00004fa1) c.li    t6, 8
3 0x0000000080000008 (0x00004fa1) x31 0x0000000000000008
core   0: 0x000000008000000a (0x03ff0663) beq     t5, t6, pc + 44
3 0x000000008000000a (0x03ff0663)
core   0: 0x000000008000000e (0x00004fa5) c.li    t6, 9
3 0x000000008000000e (0x00004fa5) x31 0x0000000000000009
core   0: 0x0000000080000010 (0x03ff0363) beq     t5, t6, pc + 38
3 0x0000000080000010 (0x03ff0363)
core   0: 0x0000000080000014 (0x00004fad) c.li    t6, 11
3 0x0000000080000014 (0x00004fad) x31 0x000000000000000b
core   0: 0x0000000080000016 (0x03ff0063) beq     t5, t6, pc + 32
3 0x0000000080000016 (0x03ff0063)
core   0: 0x000000008000001a (0x00000f17) auipc   t5, 0x0
3 0x000000008000001a (0x00000f17) x30 0x000000008000001a
core   0: 0x000000008000001e (0x62ef0f13) addi    t5, t5, 1582
3 0x000000008000001e (0x62ef0f13) x30 0x0000000080000648
core   0: 0x0000000080000022 (0x000f0363) beqz    t5, pc + 6
3 0x0000000080000022 (0x000f0363)
core   0: 0x0000000080000026 (0x00008f02) c.jr    t5
3 0x0000000080000026 (0x00008f02)
core   0: 0x0000000080000648 (0x342022f3) csrr    t0, mcause
3 0x0000000080000648 (0x342022f3) x 5 0x0000000000000006
core   0: 0x000000008000064c (0xfc9296e3) bne     t0, s1, pc - 52
3 0x000000008000064c (0xfc9296e3)
core   0: 0x0000000080000650 (0x343022f3) csrr    t0, mtval
3 0x0000000080000650 (0x343022f3) x 5 0x0000000080002005
core   0: 0x0000000080000654 (0xfc6292e3) bne     t0, t1, pc - 60
3 0x0000000080000654 (0xfc6292e3)
core   0: 0x0000000080000658 (0x00028283) lb      t0, 0(t0)
3 0x0000000080000658 (0x00028283) x 5 0xffffffffffffff88
core   0: 0x000000008000065c (0xfa028ee3) beqz    t0, pc - 68
3 0x000000008000065c (0xfa028ee3)
core   0: 0x0000000080000660 (0x34139073) csrw    mepc, t2
3 0x0000000080000660 (0x34139073)
core   0: 0x0000000080000664 (0x30200073) mret
3 0x0000000080000664 (0x30200073)
core   0: 0x0000000080000440 (0x01800193) li      gp, 24
3 0x0000000080000440 (0x01800193) x 3 0x0000000000000018
core   0: 0x0000000080000444 (0x00000397) auipc   t2, 0x0
3 0x0000000080000444 (0x00000397) x 7 0x0000000080000444
core   0: 0x0000000080000448 (0x03038393) addi    t2, t2, 48
3 0x0000000080000448 (0x03038393) x 7 0x0000000080000474
core   0: 0x000000008000044c (0x00a40313) addi    t1, s0, 10
3 0x000000008000044c (0x00a40313) x 6 0x000000008000200a
exception : 0x0000000080000450
core   0: 0x0000000080000004 (0x34202f73) csrr    t5, mcause
3 0x0000000080000004 (0x34202f73) x30 0x0000000000000006
core   0: 0x0000000080000008 (0x00004fa1) c.li    t6, 8
3 0x0000000080000008 (0x00004fa1) x31 0x0000000000000008
core   0: 0x000000008000000a (0x03ff0663) beq     t5, t6, pc + 44
3 0x000000008000000a (0x03ff0663)
core   0: 0x000000008000000e (0x00004fa5) c.li    t6, 9
3 0x000000008000000e (0x00004fa5) x31 0x0000000000000009
core   0: 0x0000000080000010 (0x03ff0363) beq     t5, t6, pc + 38
3 0x0000000080000010 (0x03ff0363)
core   0: 0x0000000080000014 (0x00004fad) c.li    t6, 11
3 0x0000000080000014 (0x00004fad) x31 0x000000000000000b
core   0: 0x0000000080000016 (0x03ff0063) beq     t5, t6, pc + 32
3 0x0000000080000016 (0x03ff0063)
core   0: 0x000000008000001a (0x00000f17) auipc   t5, 0x0
3 0x000000008000001a (0x00000f17) x30 0x000000008000001a
core   0: 0x000000008000001e (0x62ef0f13) addi    t5, t5, 1582
3 0x000000008000001e (0x62ef0f13) x30 0x0000000080000648
core   0: 0x0000000080000022 (0x000f0363) beqz    t5, pc + 6
3 0x0000000080000022 (0x000f0363)
core   0: 0x0000000080000026 (0x00008f02) c.jr    t5
3 0x0000000080000026 (0x00008f02)
core   0: 0x0000000080000648 (0x342022f3) csrr    t0, mcause
3 0x0000000080000648 (0x342022f3) x 5 0x0000000000000006
core   0: 0x000000008000064c (0xfc9296e3) bne     t0, s1, pc - 52
3 0x000000008000064c (0xfc9296e3)
core   0: 0x0000000080000650 (0x343022f3) csrr    t0, mtval
3 0x0000000080000650 (0x343022f3) x 5 0x000000008000200a
core   0: 0x0000000080000654 (0xfc6292e3) bne     t0, t1, pc - 60
3 0x0000000080000654 (0xfc6292e3)
core   0: 0x0000000080000658 (0x00028283) lb      t0, 0(t0)
3 0x0000000080000658 (0x00028283) x 5 0x0000000000000033
core   0: 0x000000008000065c (0xfa028ee3) beqz    t0, pc - 68
3 0x000000008000065c (0xfa028ee3)
core   0: 0x0000000080000660 (0x34139073) csrw    mepc, t2
3 0x0000000080000660 (0x34139073)
core   0: 0x0000000080000664 (0x30200073) mret
3 0x0000000080000664 (0x30200073)
core   0: 0x0000000080000474 (0x01900193) li      gp, 25
3 0x0000000080000474 (0x01900193) x 3 0x0000000000000019
core   0: 0x0000000080000478 (0x00000397) auipc   t2, 0x0
3 0x0000000080000478 (0x00000397) x 7 0x0000000080000478
core   0: 0x000000008000047c (0x03038393) addi    t2, t2, 48
3 0x000000008000047c (0x03038393) x 7 0x00000000800004a8
core   0: 0x0000000080000480 (0x00f40313) addi    t1, s0, 15
3 0x0000000080000480 (0x00f40313) x 6 0x000000008000200f
exception : 0x0000000080000484
core   0: 0x0000000080000004 (0x34202f73) csrr    t5, mcause
3 0x0000000080000004 (0x34202f73) x30 0x0000000000000006
core   0: 0x0000000080000008 (0x00004fa1) c.li    t6, 8
3 0x0000000080000008 (0x00004fa1) x31 0x0000000000000008
core   0: 0x000000008000000a (0x03ff0663) beq     t5, t6, pc + 44
3 0x000000008000000a (0x03ff0663)
core   0: 0x000000008000000e (0x00004fa5) c.li    t6, 9
3 0x000000008000000e (0x00004fa5) x31 0x0000000000000009
core   0: 0x0000000080000010 (0x03ff0363) beq     t5, t6, pc + 38
3 0x0000000080000010 (0x03ff0363)
core   0: 0x0000000080000014 (0x00004fad) c.li    t6, 11
3 0x0000000080000014 (0x00004fad) x31 0x000000000000000b
core   0: 0x0000000080000016 (0x03ff0063) beq     t5, t6, pc + 32
3 0x0000000080000016 (0x03ff0063)
core   0: 0x000000008000001a (0x00000f17) auipc   t5, 0x0
3 0x000000008000001a (0x00000f17) x30 0x000000008000001a
core   0: 0x000000008000001e (0x62ef0f13) addi    t5, t5, 1582
3 0x000000008000001e (0x62ef0f13) x30 0x0000000080000648
core   0: 0x0000000080000022 (0x000f0363) beqz    t5, pc + 6
3 0x0000000080000022 (0x000f0363)
core   0: 0x0000000080000026 (0x00008f02) c.jr    t5
3 0x0000000080000026 (0x00008f02)
core   0: 0x0000000080000648 (0x342022f3) csrr    t0, mcause
3 0x0000000080000648 (0x342022f3) x 5 0x0000000000000006
core   0: 0x000000008000064c (0xfc9296e3) bne     t0, s1, pc - 52
3 0x000000008000064c (0xfc9296e3)
core   0: 0x0000000080000650 (0x343022f3) csrr    t0, mtval
3 0x0000000080000650 (0x343022f3) x 5 0x000000008000200f
core   0: 0x0000000080000654 (0xfc6292e3) bne     t0, t1, pc - 60
3 0x0000000080000654 (0xfc6292e3)
core   0: 0x0000000080000658 (0x00028283) lb      t0, 0(t0)
3 0x0000000080000658 (0x00028283) x 5 0xffffffffffffffee
core   0: 0x000000008000065c (0xfa028ee3) beqz    t0, pc - 68
3 0x000000008000065c (0xfa028ee3)
core   0: 0x0000000080000660 (0x34139073) csrw    mepc, t2
3 0x0000000080000660 (0x34139073)
core   0: 0x0000000080000664 (0x30200073) mret
3 0x0000000080000664 (0x30200073)
core   0: 0x00000000800004a8 (0x01a00193) li      gp, 26
3 0x00000000800004a8 (0x01a00193) x 3 0x000000000000001a
core   0: 0x00000000800004ac (0x00000397) auipc   t2, 0x0
3 0x00000000800004ac (0x00000397) x 7 0x00000000800004ac
core   0: 0x00000000800004b0 (0x03038393) addi    t2, t2, 48
3 0x00000000800004b0 (0x03038393) x 7 0x00000000800004dc
core   0: 0x00000000800004b4 (0x01940313) addi    t1, s0, 25
3 0x00000000800004b4 (0x01940313) x 6 0x0000000080002019
exception : 0x00000000800004b8
core   0: 0x0000000080000004 (0x34202f73) csrr    t5, mcause
3 0x0000000080000004 (0x34202f73) x30 0x0000000000000006
core   0: 0x0000000080000008 (0x00004fa1) c.li    t6, 8
3 0x0000000080000008 (0x00004fa1) x31 0x0000000000000008
core   0: 0x000000008000000a (0x03ff0663) beq     t5, t6, pc + 44
3 0x000000008000000a (0x03ff0663)
core   0: 0x000000008000000e (0x00004fa5) c.li    t6, 9
3 0x000000008000000e (0x00004fa5) x31 0x0000000000000009
core   0: 0x0000000080000010 (0x03ff0363) beq     t5, t6, pc + 38
3 0x0000000080000010 (0x03ff0363)
core   0: 0x0000000080000014 (0x00004fad) c.li    t6, 11
3 0x0000000080000014 (0x00004fad) x31 0x000000000000000b
core   0: 0x0000000080000016 (0x03ff0063) beq     t5, t6, pc + 32
3 0x0000000080000016 (0x03ff0063)
core   0: 0x000000008000001a (0x00000f17) auipc   t5, 0x0
3 0x000000008000001a (0x00000f17) x30 0x000000008000001a
core   0: 0x000000008000001e (0x62ef0f13) addi    t5, t5, 1582
3 0x000000008000001e (0x62ef0f13) x30 0x0000000080000648
core   0: 0x0000000080000022 (0x000f0363) beqz    t5, pc + 6
3 0x0000000080000022 (0x000f0363)
core   0: 0x0000000080000026 (0x00008f02) c.jr    t5
3 0x0000000080000026 (0x00008f02)
core   0: 0x0000000080000648 (0x342022f3) csrr    t0, mcause
3 0x0000000080000648 (0x342022f3) x 5 0x0000000000000006
core   0: 0x000000008000064c (0xfc9296e3) bne     t0, s1, pc - 52
3 0x000000008000064c (0xfc9296e3)
core   0: 0x0000000080000650 (0x343022f3) csrr    t0, mtval
3 0x0000000080000650 (0x343022f3) x 5 0x0000000080002019
core   0: 0x0000000080000654 (0xfc6292e3) bne     t0, t1, pc - 60
3 0x0000000080000654 (0xfc6292e3)
core   0: 0x0000000080000658 (0x00028283) lb      t0, 0(t0)
3 0x0000000080000658 (0x00028283) x 5 0x0000000000000050
core   0: 0x000000008000065c (0xfa028ee3) beqz    t0, pc - 68
3 0x000000008000065c (0xfa028ee3)
core   0: 0x0000000080000660 (0x34139073) csrw    mepc, t2
3 0x0000000080000660 (0x34139073)
core   0: 0x0000000080000664 (0x30200073) mret
3 0x0000000080000664 (0x30200073)
core   0: 0x00000000800004dc (0x01b00193) li      gp, 27
3 0x00000000800004dc (0x01b00193) x 3 0x000000000000001b
core   0: 0x00000000800004e0 (0x00000397) auipc   t2, 0x0
3 0x00000000800004e0 (0x00000397) x 7 0x00000000800004e0
core   0: 0x00000000800004e4 (0x03038393) addi    t2, t2, 48
3 0x00000000800004e4 (0x03038393) x 7 0x0000000080000510
core   0: 0x00000000800004e8 (0x02240313) addi    t1, s0, 34
3 0x00000000800004e8 (0x02240313) x 6 0x0000000080002022
exception : 0x00000000800004ec
core   0: 0x0000000080000004 (0x34202f73) csrr    t5, mcause
3 0x0000000080000004 (0x34202f73) x30 0x0000000000000006
core   0: 0x0000000080000008 (0x00004fa1) c.li    t6, 8
3 0x0000000080000008 (0x00004fa1) x31 0x0000000000000008
core   0: 0x000000008000000a (0x03ff0663) beq     t5, t6, pc + 44
3 0x000000008000000a (0x03ff0663)
core   0: 0x000000008000000e (0x00004fa5) c.li    t6, 9
3 0x000000008000000e (0x00004fa5) x31 0x0000000000000009
core   0: 0x0000000080000010 (0x03ff0363) beq     t5, t6, pc + 38
3 0x0000000080000010 (0x03ff0363)
core   0: 0x0000000080000014 (0x00004fad) c.li    t6, 11
3 0x0000000080000014 (0x00004fad) x31 0x000000000000000b
core   0: 0x0000000080000016 (0x03ff0063) beq     t5, t6, pc + 32
3 0x0000000080000016 (0x03ff0063)
core   0: 0x000000008000001a (0x00000f17) auipc   t5, 0x0
3 0x000000008000001a (0x00000f17) x30 0x000000008000001a
core   0: 0x000000008000001e (0x62ef0f13) addi    t5, t5, 1582
3 0x000000008000001e (0x62ef0f13) x30 0x0000000080000648
core   0: 0x0000000080000022 (0x000f0363) beqz    t5, pc + 6
3 0x0000000080000022 (0x000f0363)
core   0: 0x0000000080000026 (0x00008f02) c.jr    t5
3 0x0000000080000026 (0x00008f02)
core   0: 0x0000000080000648 (0x342022f3) csrr    t0, mcause
3 0x0000000080000648 (0x342022f3) x 5 0x0000000000000006
core   0: 0x000000008000064c (0xfc9296e3) bne     t0, s1, pc - 52
3 0x000000008000064c (0xfc9296e3)
core   0: 0x0000000080000650 (0x343022f3) csrr    t0, mtval
3 0x0000000080000650 (0x343022f3) x 5 0x0000000080002022
core   0: 0x0000000080000654 (0xfc6292e3) bne     t0, t1, pc - 60
3 0x0000000080000654 (0xfc6292e3)
core   0: 0x0000000080000658 (0x00028283) lb      t0, 0(t0)
3 0x0000000080000658 (0x00028283) x 5 0x0000000000000050
core   0: 0x000000008000065c (0xfa028ee3) beqz    t0, pc - 68
3 0x000000008000065c (0xfa028ee3)
core   0: 0x0000000080000660 (0x34139073) csrw    mepc, t2
3 0x0000000080000660 (0x34139073)
core   0: 0x0000000080000664 (0x30200073) mret
3 0x0000000080000664 (0x30200073)
core   0: 0x0000000080000510 (0x01c00193) li      gp, 28
3 0x0000000080000510 (0x01c00193) x 3 0x000000000000001c
core   0: 0x0000000080000514 (0x00000397) auipc   t2, 0x0
3 0x0000000080000514 (0x00000397) x 7 0x0000000080000514
core   0: 0x0000000080000518 (0x03038393) addi    t2, t2, 48
3 0x0000000080000518 (0x03038393) x 7 0x0000000080000544
core   0: 0x000000008000051c (0x02b40313) addi    t1, s0, 43
3 0x000000008000051c (0x02b40313) x 6 0x000000008000202b
exception : 0x0000000080000520
core   0: 0x0000000080000004 (0x34202f73) csrr    t5, mcause
3 0x0000000080000004 (0x34202f73) x30 0x0000000000000006
core   0: 0x0000000080000008 (0x00004fa1) c.li    t6, 8
3 0x0000000080000008 (0x00004fa1) x31 0x0000000000000008
core   0: 0x000000008000000a (0x03ff0663) beq     t5, t6, pc + 44
3 0x000000008000000a (0x03ff0663)
core   0: 0x000000008000000e (0x00004fa5) c.li    t6, 9
3 0x000000008000000e (0x00004fa5) x31 0x0000000000000009
core   0: 0x0000000080000010 (0x03ff0363) beq     t5, t6, pc + 38
3 0x0000000080000010 (0x03ff0363)
core   0: 0x0000000080000014 (0x00004fad) c.li    t6, 11
3 0x0000000080000014 (0x00004fad) x31 0x000000000000000b
core   0: 0x0000000080000016 (0x03ff0063) beq     t5, t6, pc + 32
3 0x0000000080000016 (0x03ff0063)
core   0: 0x000000008000001a (0x00000f17) auipc   t5, 0x0
3 0x000000008000001a (0x00000f17) x30 0x000000008000001a
core   0: 0x000000008000001e (0x62ef0f13) addi    t5, t5, 1582
3 0x000000008000001e (0x62ef0f13) x30 0x0000000080000648
core   0: 0x0000000080000022 (0x000f0363) beqz    t5, pc + 6
3 0x0000000080000022 (0x000f0363)
core   0: 0x0000000080000026 (0x00008f02) c.jr    t5
3 0x0000000080000026 (0x00008f02)
core   0: 0x0000000080000648 (0x342022f3) csrr    t0, mcause
3 0x0000000080000648 (0x342022f3) x 5 0x0000000000000006
core   0: 0x000000008000064c (0xfc9296e3) bne     t0, s1, pc - 52
3 0x000000008000064c (0xfc9296e3)
core   0: 0x0000000080000650 (0x343022f3) csrr    t0, mtval
3 0x0000000080000650 (0x343022f3) x 5 0x000000008000202b
core   0: 0x0000000080000654 (0xfc6292e3) bne     t0, t1, pc - 60
3 0x0000000080000654 (0xfc6292e3)
core   0: 0x0000000080000658 (0x00028283) lb      t0, 0(t0)
3 0x0000000080000658 (0x00028283) x 5 0x0000000000000050
core   0: 0x000000008000065c (0xfa028ee3) beqz    t0, pc - 68
3 0x000000008000065c (0xfa028ee3)
core   0: 0x0000000080000660 (0x34139073) csrw    mepc, t2
3 0x0000000080000660 (0x34139073)
core   0: 0x0000000080000664 (0x30200073) mret
3 0x0000000080000664 (0x30200073)
core   0: 0x0000000080000544 (0x01d00193) li      gp, 29
3 0x0000000080000544 (0x01d00193) x 3 0x000000000000001d
core   0: 0x0000000080000548 (0x00000397) auipc   t2, 0x0
3 0x0000000080000548 (0x00000397) x 7 0x0000000080000548
core   0: 0x000000008000054c (0x03038393) addi    t2, t2, 48
3 0x000000008000054c (0x03038393) x 7 0x0000000080000578
core   0: 0x0000000080000550 (0x03440313) addi    t1, s0, 52
3 0x0000000080000550 (0x03440313) x 6 0x0000000080002034
exception : 0x0000000080000554
core   0: 0x0000000080000004 (0x34202f73) csrr    t5, mcause
3 0x0000000080000004 (0x34202f73) x30 0x0000000000000006
core   0: 0x0000000080000008 (0x00004fa1) c.li    t6, 8
3 0x0000000080000008 (0x00004fa1) x31 0x0000000000000008
core   0: 0x000000008000000a (0x03ff0663) beq     t5, t6, pc + 44
3 0x000000008000000a (0x03ff0663)
core   0: 0x000000008000000e (0x00004fa5) c.li    t6, 9
3 0x000000008000000e (0x00004fa5) x31 0x0000000000000009
core   0: 0x0000000080000010 (0x03ff0363) beq     t5, t6, pc + 38
3 0x0000000080000010 (0x03ff0363)
core   0: 0x0000000080000014 (0x00004fad) c.li    t6, 11
3 0x0000000080000014 (0x00004fad) x31 0x000000000000000b
core   0: 0x0000000080000016 (0x03ff0063) beq     t5, t6, pc + 32
3 0x0000000080000016 (0x03ff0063)
core   0: 0x000000008000001a (0x00000f17) auipc   t5, 0x0
3 0x000000008000001a (0x00000f17) x30 0x000000008000001a
core   0: 0x000000008000001e (0x62ef0f13) addi    t5, t5, 1582
3 0x000000008000001e (0x62ef0f13) x30 0x0000000080000648
core   0: 0x0000000080000022 (0x000f0363) beqz    t5, pc + 6
3 0x0000000080000022 (0x000f0363)
core   0: 0x0000000080000026 (0x00008f02) c.jr    t5
3 0x0000000080000026 (0x00008f02)
core   0: 0x0000000080000648 (0x342022f3) csrr    t0, mcause
3 0x0000000080000648 (0x342022f3) x 5 0x0000000000000006
core   0: 0x000000008000064c (0xfc9296e3) bne     t0, s1, pc - 52
3 0x000000008000064c (0xfc9296e3)
core   0: 0x0000000080000650 (0x343022f3) csrr    t0, mtval
3 0x0000000080000650 (0x343022f3) x 5 0x0000000080002034
core   0: 0x0000000080000654 (0xfc6292e3) bne     t0, t1, pc - 60
3 0x0000000080000654 (0xfc6292e3)
core   0: 0x0000000080000658 (0x00028283) lb      t0, 0(t0)
3 0x0000000080000658 (0x00028283) x 5 0x0000000000000050
core   0: 0x000000008000065c (0xfa028ee3) beqz    t0, pc - 68
3 0x000000008000065c (0xfa028ee3)
core   0: 0x0000000080000660 (0x34139073) csrw    mepc, t2
3 0x0000000080000660 (0x34139073)
core   0: 0x0000000080000664 (0x30200073) mret
3 0x0000000080000664 (0x30200073)
core   0: 0x0000000080000578 (0x01e00193) li      gp, 30
3 0x0000000080000578 (0x01e00193) x 3 0x000000000000001e
core   0: 0x000000008000057c (0x00000397) auipc   t2, 0x0
3 0x000000008000057c (0x00000397) x 7 0x000000008000057c
core   0: 0x0000000080000580 (0x03038393) addi    t2, t2, 48
3 0x0000000080000580 (0x03038393) x 7 0x00000000800005ac
core   0: 0x0000000080000584 (0x03d40313) addi    t1, s0, 61
3 0x0000000080000584 (0x03d40313) x 6 0x000000008000203d
exception : 0x0000000080000588
core   0: 0x0000000080000004 (0x34202f73) csrr    t5, mcause
3 0x0000000080000004 (0x34202f73) x30 0x0000000000000006
core   0: 0x0000000080000008 (0x00004fa1) c.li    t6, 8
3 0x0000000080000008 (0x00004fa1) x31 0x0000000000000008
core   0: 0x000000008000000a (0x03ff0663) beq     t5, t6, pc + 44
3 0x000000008000000a (0x03ff0663)
core   0: 0x000000008000000e (0x00004fa5) c.li    t6, 9
3 0x000000008000000e (0x00004fa5) x31 0x0000000000000009
core   0: 0x0000000080000010 (0x03ff0363) beq     t5, t6, pc + 38
3 0x0000000080000010 (0x03ff0363)
core   0: 0x0000000080000014 (0x00004fad) c.li    t6, 11
3 0x0000000080000014 (0x00004fad) x31 0x000000000000000b
core   0: 0x0000000080000016 (0x03ff0063) beq     t5, t6, pc + 32
3 0x0000000080000016 (0x03ff0063)
core   0: 0x000000008000001a (0x00000f17) auipc   t5, 0x0
3 0x000000008000001a (0x00000f17) x30 0x000000008000001a
core   0: 0x000000008000001e (0x62ef0f13) addi    t5, t5, 1582
3 0x000000008000001e (0x62ef0f13) x30 0x0000000080000648
core   0: 0x0000000080000022 (0x000f0363) beqz    t5, pc + 6
3 0x0000000080000022 (0x000f0363)
core   0: 0x0000000080000026 (0x00008f02) c.jr    t5
3 0x0000000080000026 (0x00008f02)
core   0: 0x0000000080000648 (0x342022f3) csrr    t0, mcause
3 0x0000000080000648 (0x342022f3) x 5 0x0000000000000006
core   0: 0x000000008000064c (0xfc9296e3) bne     t0, s1, pc - 52
3 0x000000008000064c (0xfc9296e3)
core   0: 0x0000000080000650 (0x343022f3) csrr    t0, mtval
3 0x0000000080000650 (0x343022f3) x 5 0x000000008000203d
core   0: 0x0000000080000654 (0xfc6292e3) bne     t0, t1, pc - 60
3 0x0000000080000654 (0xfc6292e3)
core   0: 0x0000000080000658 (0x00028283) lb      t0, 0(t0)
3 0x0000000080000658 (0x00028283) x 5 0x0000000000000050
core   0: 0x000000008000065c (0xfa028ee3) beqz    t0, pc - 68
3 0x000000008000065c (0xfa028ee3)
core   0: 0x0000000080000660 (0x34139073) csrw    mepc, t2
3 0x0000000080000660 (0x34139073)
core   0: 0x0000000080000664 (0x30200073) mret
3 0x0000000080000664 (0x30200073)
core   0: 0x00000000800005ac (0x01f00193) li      gp, 31
3 0x00000000800005ac (0x01f00193) x 3 0x000000000000001f
core   0: 0x00000000800005b0 (0x00000397) auipc   t2, 0x0
3 0x00000000800005b0 (0x00000397) x 7 0x00000000800005b0
core   0: 0x00000000800005b4 (0x03038393) addi    t2, t2, 48
3 0x00000000800005b4 (0x03038393) x 7 0x00000000800005e0
core   0: 0x00000000800005b8 (0x04640313) addi    t1, s0, 70
3 0x00000000800005b8 (0x04640313) x 6 0x0000000080002046
exception : 0x00000000800005bc
core   0: 0x0000000080000004 (0x34202f73) csrr    t5, mcause
3 0x0000000080000004 (0x34202f73) x30 0x0000000000000006
core   0: 0x0000000080000008 (0x00004fa1) c.li    t6, 8
3 0x0000000080000008 (0x00004fa1) x31 0x0000000000000008
core   0: 0x000000008000000a (0x03ff0663) beq     t5, t6, pc + 44
3 0x000000008000000a (0x03ff0663)
core   0: 0x000000008000000e (0x00004fa5) c.li    t6, 9
3 0x000000008000000e (0x00004fa5) x31 0x0000000000000009
core   0: 0x0000000080000010 (0x03ff0363) beq     t5, t6, pc + 38
3 0x0000000080000010 (0x03ff0363)
core   0: 0x0000000080000014 (0x00004fad) c.li    t6, 11
3 0x0000000080000014 (0x00004fad) x31 0x000000000000000b
core   0: 0x0000000080000016 (0x03ff0063) beq     t5, t6, pc + 32
3 0x0000000080000016 (0x03ff0063)
core   0: 0x000000008000001a (0x00000f17) auipc   t5, 0x0
3 0x000000008000001a (0x00000f17) x30 0x000000008000001a
core   0: 0x000000008000001e (0x62ef0f13) addi    t5, t5, 1582
3 0x000000008000001e (0x62ef0f13) x30 0x0000000080000648
core   0: 0x0000000080000022 (0x000f0363) beqz    t5, pc + 6
3 0x0000000080000022 (0x000f0363)
core   0: 0x0000000080000026 (0x00008f02) c.jr    t5
3 0x0000000080000026 (0x00008f02)
core   0: 0x0000000080000648 (0x342022f3) csrr    t0, mcause
3 0x0000000080000648 (0x342022f3) x 5 0x0000000000000006
core   0: 0x000000008000064c (0xfc9296e3) bne     t0, s1, pc - 52
3 0x000000008000064c (0xfc9296e3)
core   0: 0x0000000080000650 (0x343022f3) csrr    t0, mtval
3 0x0000000080000650 (0x343022f3) x 5 0x0000000080002046
core   0: 0x0000000080000654 (0xfc6292e3) bne     t0, t1, pc - 60
3 0x0000000080000654 (0xfc6292e3)
core   0: 0x0000000080000658 (0x00028283) lb      t0, 0(t0)
3 0x0000000080000658 (0x00028283) x 5 0x0000000000000050
core   0: 0x000000008000065c (0xfa028ee3) beqz    t0, pc - 68
3 0x000000008000065c (0xfa028ee3)
core   0: 0x0000000080000660 (0x34139073) csrw    mepc, t2
3 0x0000000080000660 (0x34139073)
core   0: 0x0000000080000664 (0x30200073) mret
3 0x0000000080000664 (0x30200073)
core   0: 0x00000000800005e0 (0x02000193) li      gp, 32
3 0x00000000800005e0 (0x02000193) x 3 0x0000000000000020
core   0: 0x00000000800005e4 (0x00000397) auipc   t2, 0x0
3 0x00000000800005e4 (0x00000397) x 7 0x00000000800005e4
core   0: 0x00000000800005e8 (0x03038393) addi    t2, t2, 48
3 0x00000000800005e8 (0x03038393) x 7 0x0000000080000614
core   0: 0x00000000800005ec (0x04f40313) addi    t1, s0, 79
3 0x00000000800005ec (0x04f40313) x 6 0x000000008000204f
exception : 0x00000000800005f0
core   0: 0x0000000080000004 (0x34202f73) csrr    t5, mcause
3 0x0000000080000004 (0x34202f73) x30 0x0000000000000006
core   0: 0x0000000080000008 (0x00004fa1) c.li    t6, 8
3 0x0000000080000008 (0x00004fa1) x31 0x0000000000000008
core   0: 0x000000008000000a (0x03ff0663) beq     t5, t6, pc + 44
3 0x000000008000000a (0x03ff0663)
core   0: 0x000000008000000e (0x00004fa5) c.li    t6, 9
3 0x000000008000000e (0x00004fa5) x31 0x0000000000000009
core   0: 0x0000000080000010 (0x03ff0363) beq     t5, t6, pc + 38
3 0x0000000080000010 (0x03ff0363)
core   0: 0x0000000080000014 (0x00004fad) c.li    t6, 11
3 0x0000000080000014 (0x00004fad) x31 0x000000000000000b
core   0: 0x0000000080000016 (0x03ff0063) beq     t5, t6, pc + 32
3 0x0000000080000016 (0x03ff0063)
core   0: 0x000000008000001a (0x00000f17) auipc   t5, 0x0
3 0x000000008000001a (0x00000f17) x30 0x000000008000001a
core   0: 0x000000008000001e (0x62ef0f13) addi    t5, t5, 1582
3 0x000000008000001e (0x62ef0f13) x30 0x0000000080000648
core   0: 0x0000000080000022 (0x000f0363) beqz    t5, pc + 6
3 0x0000000080000022 (0x000f0363)
core   0: 0x0000000080000026 (0x00008f02) c.jr    t5
3 0x0000000080000026 (0x00008f02)
core   0: 0x0000000080000648 (0x342022f3) csrr    t0, mcause
3 0x0000000080000648 (0x342022f3) x 5 0x0000000000000006
core   0: 0x000000008000064c (0xfc9296e3) bne     t0, s1, pc - 52
3 0x000000008000064c (0xfc9296e3)
core   0: 0x0000000080000650 (0x343022f3) csrr    t0, mtval
3 0x0000000080000650 (0x343022f3) x 5 0x000000008000204f
core   0: 0x0000000080000654 (0xfc6292e3) bne     t0, t1, pc - 60
3 0x0000000080000654 (0xfc6292e3)
core   0: 0x0000000080000658 (0x00028283) lb      t0, 0(t0)
3 0x0000000080000658 (0x00028283) x 5 0x0000000000000050
core   0: 0x000000008000065c (0xfa028ee3) beqz    t0, pc - 68
3 0x000000008000065c (0xfa028ee3)
core   0: 0x0000000080000660 (0x34139073) csrw    mepc, t2
3 0x0000000080000660 (0x34139073)
core   0: 0x0000000080000664 (0x30200073) mret
3 0x0000000080000664 (0x30200073)
core   0: 0x0000000080000614 (0x02301063) bne     zero, gp, pc + 32
3 0x0000000080000614 (0x02301063)
core   0: 0x0000000080000634 (0x0ff0000f) fence   iorw,iorw
3 0x0000000080000634 (0x0ff0000f)
core   0: 0x0000000080000638 (0x00100193) li      gp, 1
3 0x0000000080000638 (0x00100193) x 3 0x0000000000000001
core   0: 0x000000008000063c (0x05d00893) li      a7, 93
3 0x000000008000063c (0x05d00893) x17 0x000000000000005d
core   0: 0x0000000080000640 (0x00000513) li      a0, 0
3 0x0000000080000640 (0x00000513) x10 0x0000000000000000
core   0: 0x0000000080000644 (0x00000073) ecall
3 0x0000000080000644 (0x00000073)
