core   0: 0x0000000000010000 (0x00100413) li      s0, 1
3 0x0000000000010000 (0x00100413) x 8 0x0000000000000001
core   0: 0x0000000000010004 (0x01f41413) slli    s0, s0, 31
3 0x0000000000010004 (0x01f41413) x 8 0x0000000080000000
core   0: 0x0000000000010008 (0xf1402573) csrr    a0, mhartid
3 0x0000000000010008 (0xf1402573) x10 0x0000000000000000
core   0: 0x000000000001000c (0x00000597) auipc   a1, 0x0
3 0x000000000001000c (0x00000597) x11 0x000000000001000c
core   0: 0x0000000000010010 (0x07458593) addi    a1, a1, 116
3 0x0000000000010010 (0x07458593) x11 0x0000000000010080
core   0: 0x0000000000010014 (0x00040067) jr      s0
3 0x0000000000010014 (0x00040067)
core   0: 0x0000000080000000 (0x0000a081) c.j     pc + 64
3 0x0000000080000000 (0x0000a081)
core   0: 0x0000000080000040 (0x00004081) c.li    ra, 0
3 0x0000000080000040 (0x00004081) x 1 0x0000000000000000
core   0: 0x0000000080000042 (0x00004101) c.li    sp, 0
3 0x0000000080000042 (0x00004101) x 2 0x0000000000000000
core   0: 0x0000000080000044 (0x00004181) c.li    gp, 0
3 0x0000000080000044 (0x00004181) x 3 0x0000000000000000
core   0: 0x0000000080000046 (0x00004201) c.li    tp, 0
3 0x0000000080000046 (0x00004201) x 4 0x0000000000000000
core   0: 0x0000000080000048 (0x00004281) c.li    t0, 0
3 0x0000000080000048 (0x00004281) x 5 0x0000000000000000
core   0: 0x000000008000004a (0x00004301) c.li    t1, 0
3 0x000000008000004a (0x00004301) x 6 0x0000000000000000
core   0: 0x000000008000004c (0x00004381) c.li    t2, 0
3 0x000000008000004c (0x00004381) x 7 0x0000000000000000
core   0: 0x000000008000004e (0x00004401) c.li    s0, 0
3 0x000000008000004e (0x00004401) x 8 0x0000000000000000
core   0: 0x0000000080000050 (0x00004481) c.li    s1, 0
3 0x0000000080000050 (0x00004481) x 9 0x0000000000000000
core   0: 0x0000000080000052 (0x00004501) c.li    a0, 0
3 0x0000000080000052 (0x00004501) x10 0x0000000000000000
core   0: 0x0000000080000054 (0x00004581) c.li    a1, 0
3 0x0000000080000054 (0x00004581) x11 0x0000000000000000
core   0: 0x0000000080000056 (0x00004601) c.li    a2, 0
3 0x0000000080000056 (0x00004601) x12 0x0000000000000000
core   0: 0x0000000080000058 (0x00004681) c.li    a3, 0
3 0x0000000080000058 (0x00004681) x13 0x0000000000000000
core   0: 0x000000008000005a (0x00004701) c.li    a4, 0
3 0x000000008000005a (0x00004701) x14 0x0000000000000000
core   0: 0x000000008000005c (0x00004781) c.li    a5, 0
3 0x000000008000005c (0x00004781) x15 0x0000000000000000
core   0: 0x000000008000005e (0x00004801) c.li    a6, 0
3 0x000000008000005e (0x00004801) x16 0x0000000000000000
core   0: 0x0000000080000060 (0x00004881) c.li    a7, 0
3 0x0000000080000060 (0x00004881) x17 0x0000000000000000
core   0: 0x0000000080000062 (0x00004901) c.li    s2, 0
3 0x0000000080000062 (0x00004901) x18 0x0000000000000000
core   0: 0x0000000080000064 (0x00004981) c.li    s3, 0
3 0x0000000080000064 (0x00004981) x19 0x0000000000000000
core   0: 0x0000000080000066 (0x00004a01) c.li    s4, 0
3 0x0000000080000066 (0x00004a01) x20 0x0000000000000000
core   0: 0x0000000080000068 (0x00004a81) c.li    s5, 0
3 0x0000000080000068 (0x00004a81) x21 0x0000000000000000
core   0: 0x000000008000006a (0x00004b01) c.li    s6, 0
3 0x000000008000006a (0x00004b01) x22 0x0000000000000000
core   0: 0x000000008000006c (0x00004b81) c.li    s7, 0
3 0x000000008000006c (0x00004b81) x23 0x0000000000000000
core   0: 0x000000008000006e (0x00004c01) c.li    s8, 0
3 0x000000008000006e (0x00004c01) x24 0x0000000000000000
core   0: 0x0000000080000070 (0x00004c81) c.li    s9, 0
3 0x0000000080000070 (0x00004c81) x25 0x0000000000000000
core   0: 0x0000000080000072 (0x00004d01) c.li    s10, 0
3 0x0000000080000072 (0x00004d01) x26 0x0000000000000000
core   0: 0x0000000080000074 (0x00004d81) c.li    s11, 0
3 0x0000000080000074 (0x00004d81) x27 0x0000000000000000
core   0: 0x0000000080000076 (0x00004e01) c.li    t3, 0
3 0x0000000080000076 (0x00004e01) x28 0x0000000000000000
core   0: 0x0000000080000078 (0x00004e81) c.li    t4, 0
3 0x0000000080000078 (0x00004e81) x29 0x0000000000000000
core   0: 0x000000008000007a (0x00004f01) c.li    t5, 0
3 0x000000008000007a (0x00004f01) x30 0x0000000000000000
core   0: 0x000000008000007c (0x00004f81) c.li    t6, 0
3 0x000000008000007c (0x00004f81) x31 0x0000000000000000
core   0: 0x000000008000007e (0xf1402573) csrr    a0, mhartid
3 0x000000008000007e (0xf1402573) x10 0x0000000000000000
core   0: 0x0000000080000082 (0x0000e101) c.bnez  a0, pc + 0
3 0x0000000080000082 (0x0000e101)
core   0: 0x0000000080000084 (0x00000297) auipc   t0, 0x0
3 0x0000000080000084 (0x00000297) x 5 0x0000000080000084
core   0: 0x0000000080000088 (0x01028293) addi    t0, t0, 16
3 0x0000000080000088 (0x01028293) x 5 0x0000000080000094
core   0: 0x000000008000008c (0x30529073) csrw    mtvec, t0
3 0x000000008000008c (0x30529073)
core   0: 0x0000000080000090 (0x18005073) csrwi   satp, 0
3 0x0000000080000090 (0x18005073)
core   0: 0x0000000080000094 (0x00000297) auipc   t0, 0x0
3 0x0000000080000094 (0x00000297) x 5 0x0000000080000094
core   0: 0x0000000080000098 (0x02428293) addi    t0, t0, 36
3 0x0000000080000098 (0x02428293) x 5 0x00000000800000b8
core   0: 0x000000008000009c (0x30529073) csrw    mtvec, t0
3 0x000000008000009c (0x30529073)
core   0: 0x00000000800000a0 (0x0010029b) addiw   t0, zero, 1
3 0x00000000800000a0 (0x0010029b) x 5 0x0000000000000001
core   0: 0x00000000800000a4 (0x03529293) slli    t0, t0, 53
3 0x00000000800000a4 (0x03529293) x 5 0x0020000000000000
core   0: 0x00000000800000a8 (0xfff28293) addi    t0, t0, -1
3 0x00000000800000a8 (0xfff28293) x 5 0x001fffffffffffff
core   0: 0x00000000800000ac (0x3b029073) csrw    pmpaddr0, t0
3 0x00000000800000ac (0x3b029073)
core   0: 0x00000000800000b0 (0x000042fd) c.li    t0, 31
3 0x00000000800000b0 (0x000042fd) x 5 0x000000000000001f
core   0: 0x00000000800000b2 (0x3a029073) csrw    pmpcfg0, t0
3 0x00000000800000b2 (0x3a029073)
core   0: 0x00000000800000b6 (0x00000001) c.nop
3 0x00000000800000b6 (0x00000001)
core   0: 0x00000000800000b8 (0x00000297) auipc   t0, 0x0
3 0x00000000800000b8 (0x00000297) x 5 0x00000000800000b8
core   0: 0x00000000800000bc (0x01828293) addi    t0, t0, 24
3 0x00000000800000bc (0x01828293) x 5 0x00000000800000d0
core   0: 0x00000000800000c0 (0x30529073) csrw    mtvec, t0
3 0x00000000800000c0 (0x30529073)
core   0: 0x00000000800000c4 (0x30205073) csrwi   medeleg, 0
3 0x00000000800000c4 (0x30205073)
core   0: 0x00000000800000c8 (0x30305073) csrwi   mideleg, 0
3 0x00000000800000c8 (0x30305073)
core   0: 0x00000000800000cc (0x30405073) csrwi   mie, 0
3 0x00000000800000cc (0x30405073)
core   0: 0x00000000800000d0 (0x00004181) c.li    gp, 0
3 0x00000000800000d0 (0x00004181) x 3 0x0000000000000000
core   0: 0x00000000800000d2 (0x00000297) auipc   t0, 0x0
3 0x00000000800000d2 (0x00000297) x 5 0x00000000800000d2
core   0: 0x00000000800000d6 (0xf3228293) addi    t0, t0, -206
3 0x00000000800000d6 (0xf3228293) x 5 0x0000000080000004
core   0: 0x00000000800000da (0x30529073) csrw    mtvec, t0
3 0x00000000800000da (0x30529073)
core   0: 0x00000000800000de (0x00004505) c.li    a0, 1
3 0x00000000800000de (0x00004505) x10 0x0000000000000001
core   0: 0x00000000800000e0 (0x0000057e) c.slli  a0, 31
3 0x00000000800000e0 (0x0000057e) x10 0x0000000080000000
core   0: 0x00000000800000e2 (0x00055a63) bgez    a0, pc + 20
3 0x00000000800000e2 (0x00055a63)
core   0: 0x00000000800000f6 (0x00000297) auipc   t0, 0x0
3 0x00000000800000f6 (0x00000297) x 5 0x00000000800000f6
core   0: 0x00000000800000fa (0x11e28293) addi    t0, t0, 286
3 0x00000000800000fa (0x11e28293) x 5 0x0000000080000214
core   0: 0x00000000800000fe (0x00028a63) beqz    t0, pc + 20
3 0x00000000800000fe (0x00028a63)
core   0: 0x0000000080000102 (0x10529073) csrw    stvec, t0
3 0x0000000080000102 (0x10529073)
core   0: 0x0000000080000106 (0x0000b2b7) lui     t0, 0xb
3 0x0000000080000106 (0x0000b2b7) x 5 0x000000000000b000
core   0: 0x000000008000010a (0x1092829b) addiw   t0, t0, 265
3 0x000000008000010a (0x1092829b) x 5 0x000000000000b109
core   0: 0x000000008000010e (0x30229073) csrw    medeleg, t0
3 0x000000008000010e (0x30229073)
core   0: 0x0000000080000112 (0x30005073) csrwi   mstatus, 0
3 0x0000000080000112 (0x30005073)
core   0: 0x0000000080000116 (0x00001537) lui     a0, 0x1
3 0x0000000080000116 (0x00001537) x10 0x0000000000001000
core   0: 0x000000008000011a (0x8005051b) addiw   a0, a0, -2048
3 0x000000008000011a (0x8005051b) x10 0x0000000000000800
core   0: 0x000000008000011e (0x30052073) csrs    mstatus, a0
3 0x000000008000011e (0x30052073)
core   0: 0x0000000080000122 (0x02200513) li      a0, 34
3 0x0000000080000122 (0x02200513) x10 0x0000000000000022
core   0: 0x0000000080000126 (0x30352073) csrs    mideleg, a0
3 0x0000000080000126 (0x30352073)
core   0: 0x000000008000012a (0x00000297) auipc   t0, 0x0
3 0x000000008000012a (0x00000297) x 5 0x000000008000012a
core   0: 0x000000008000012e (0x01428293) addi    t0, t0, 20
3 0x000000008000012e (0x01428293) x 5 0x000000008000013e
core   0: 0x0000000080000132 (0x34129073) csrw    mepc, t0
3 0x0000000080000132 (0x34129073)
core   0: 0x0000000080000136 (0xf1402573) csrr    a0, mhartid
3 0x0000000080000136 (0xf1402573) x10 0x0000000000000000
core   0: 0x000000008000013a (0x30200073) mret
3 0x000000008000013a (0x30200073)
core   0: 0x000000008000013e (0x00000001) c.nop
1 0x000000008000013e (0x00000001)
core   0: 0x0000000080000140 (0x00200193) li      gp, 2
1 0x0000000080000140 (0x00200193) x 3 0x0000000000000002
core   0: 0x0000000080000144 (0x00000313) li      t1, 0
1 0x0000000080000144 (0x00000313) x 6 0x0000000000000000
core   0: 0x0000000080000148 (0x00000297) auipc   t0, 0x0
1 0x0000000080000148 (0x00000297) x 5 0x0000000080000148
core   0: 0x000000008000014c (0x00c28293) addi    t0, t0, 12
1 0x000000008000014c (0x00c28293) x 5 0x0000000080000154
core   0: 0x0000000080000150 (0x00228367) jalr    t1, t0, 2
1 0x0000000080000150 (0x00228367) x 6 0x0000000080000154
core   0: 0x0000000080000156 (0x0000a019) c.j     pc + 6
1 0x0000000080000156 (0x0000a019)
core   0: 0x000000008000015c (0x00300193) li      gp, 3
1 0x000000008000015c (0x00300193) x 3 0x0000000000000003
core   0: 0x0000000080000160 (0x00000297) auipc   t0, 0x0
1 0x0000000080000160 (0x00000297) x 5 0x0000000080000160
core   0: 0x0000000080000164 (0x00c28293) addi    t0, t0, 12
1 0x0000000080000164 (0x00c28293) x 5 0x000000008000016c
core   0: 0x0000000080000168 (0x00128367) jalr    t1, t0, 1
1 0x0000000080000168 (0x00128367) x 6 0x000000008000016c
core   0: 0x000000008000016c (0x0080006f) j       pc + 0x8
1 0x000000008000016c (0x0080006f)
core   0: 0x0000000080000174 (0x00400193) li      gp, 4
1 0x0000000080000174 (0x00400193) x 3 0x0000000000000004
core   0: 0x0000000080000178 (0x00000313) li      t1, 0
1 0x0000000080000178 (0x00000313) x 6 0x0000000000000000
core   0: 0x000000008000017c (0x00000297) auipc   t0, 0x0
1 0x000000008000017c (0x00000297) x 5 0x000000008000017c
core   0: 0x0000000080000180 (0x00c28293) addi    t0, t0, 12
1 0x0000000080000180 (0x00c28293) x 5 0x0000000080000188
core   0: 0x0000000080000184 (0x00328367) jalr    t1, t0, 3
1 0x0000000080000184 (0x00328367) x 6 0x0000000080000188
core   0: 0x000000008000018a (0x0000a019) c.j     pc + 6
1 0x000000008000018a (0x0000a019)
core   0: 0x0000000080000190 (0x00500193) li      gp, 5
1 0x0000000080000190 (0x00500193) x 3 0x0000000000000005
core   0: 0x0000000080000194 (0x00000313) li      t1, 0
1 0x0000000080000194 (0x00000313) x 6 0x0000000000000000
core   0: 0x0000000080000198 (0x00000297) auipc   t0, 0x0
1 0x0000000080000198 (0x00000297) x 5 0x0000000080000198
core   0: 0x000000008000019c (0x00c28293) addi    t0, t0, 12
1 0x000000008000019c (0x00c28293) x 5 0x00000000800001a4
core   0: 0x00000000800001a0 (0x0060036f) jal     t1, pc + 0x6
1 0x00000000800001a0 (0x0060036f) x 6 0x00000000800001a4
core   0: 0x00000000800001a6 (0x0000a019) c.j     pc + 6
1 0x00000000800001a6 (0x0000a019)
core   0: 0x00000000800001ac (0x00600193) li      gp, 6
1 0x00000000800001ac (0x00600193) x 3 0x0000000000000006
core   0: 0x00000000800001b0 (0x00000313) li      t1, 0
1 0x00000000800001b0 (0x00000313) x 6 0x0000000000000000
core   0: 0x00000000800001b4 (0x00000297) auipc   t0, 0x0
1 0x00000000800001b4 (0x00000297) x 5 0x00000000800001b4
core   0: 0x00000000800001b8 (0x00c28293) addi    t0, t0, 12
1 0x00000000800001b8 (0x00c28293) x 5 0x00000000800001c0
core   0: 0x00000000800001bc (0x00000363) beqz    zero, pc + 6
1 0x00000000800001bc (0x00000363)
core   0: 0x00000000800001c2 (0x0000a019) c.j     pc + 6
1 0x00000000800001c2 (0x0000a019)
core   0: 0x00000000800001c8 (0x00700193) li      gp, 7
1 0x00000000800001c8 (0x00700193) x 3 0x0000000000000007
core   0: 0x00000000800001cc (0x00001563) bnez    zero, pc + 10
1 0x00000000800001cc (0x00001563)
core   0: 0x00000000800001d0 (0x00c0006f) j       pc + 0xc
1 0x00000000800001d0 (0x00c0006f)
core   0: 0x00000000800001dc (0x0240006f) j       pc + 0x24
1 0x00000000800001dc (0x0240006f)
core   0: 0x0000000080000200 (0x0ff0000f) fence   iorw,iorw
1 0x0000000080000200 (0x0ff0000f)
core   0: 0x0000000080000204 (0x00100193) li      gp, 1
1 0x0000000080000204 (0x00100193) x 3 0x0000000000000001
core   0: 0x0000000080000208 (0x05d00893) li      a7, 93
1 0x0000000080000208 (0x05d00893) x17 0x000000000000005d
core   0: 0x000000008000020c (0x00000513) li      a0, 0
1 0x000000008000020c (0x00000513) x10 0x0000000000000000
core   0: 0x0000000080000210 (0x00000073) ecall
1 0x0000000080000210 (0x00000073)
