core   0: 0x0000000000010000 (0x00100413) li      s0, 1
3 0x0000000000010000 (0x00100413) x 8 0x0000000000000001
core   0: 0x0000000000010004 (0x01f41413) slli    s0, s0, 31
3 0x0000000000010004 (0x01f41413) x 8 0x0000000080000000
core   0: 0x0000000000010008 (0xf1402573) csrr    a0, mhartid
3 0x0000000000010008 (0xf1402573) x10 0x0000000000000000
core   0: 0x000000000001000c (0x00000597) auipc   a1, 0x0
3 0x000000000001000c (0x00000597) x11 0x000000000001000c
core   0: 0x0000000000010010 (0x07458593) addi    a1, a1, 116
3 0x0000000000010010 (0x07458593) x11 0x0000000000010080
core   0: 0x0000000000010014 (0x00040067) jr      s0
3 0x0000000000010014 (0x00040067)
core   0: 0x0000000080000000 (0x0000a081) c.j     pc + 64
3 0x0000000080000000 (0x0000a081)
core   0: 0x0000000080000040 (0x00004081) c.li    ra, 0
3 0x0000000080000040 (0x00004081) x 1 0x0000000000000000
core   0: 0x0000000080000042 (0x00004101) c.li    sp, 0
3 0x0000000080000042 (0x00004101) x 2 0x0000000000000000
core   0: 0x0000000080000044 (0x00004181) c.li    gp, 0
3 0x0000000080000044 (0x00004181) x 3 0x0000000000000000
core   0: 0x0000000080000046 (0x00004201) c.li    tp, 0
3 0x0000000080000046 (0x00004201) x 4 0x0000000000000000
core   0: 0x0000000080000048 (0x00004281) c.li    t0, 0
3 0x0000000080000048 (0x00004281) x 5 0x0000000000000000
core   0: 0x000000008000004a (0x00004301) c.li    t1, 0
3 0x000000008000004a (0x00004301) x 6 0x0000000000000000
core   0: 0x000000008000004c (0x00004381) c.li    t2, 0
3 0x000000008000004c (0x00004381) x 7 0x0000000000000000
core   0: 0x000000008000004e (0x00004401) c.li    s0, 0
3 0x000000008000004e (0x00004401) x 8 0x0000000000000000
core   0: 0x0000000080000050 (0x00004481) c.li    s1, 0
3 0x0000000080000050 (0x00004481) x 9 0x0000000000000000
core   0: 0x0000000080000052 (0x00004501) c.li    a0, 0
3 0x0000000080000052 (0x00004501) x10 0x0000000000000000
core   0: 0x0000000080000054 (0x00004581) c.li    a1, 0
3 0x0000000080000054 (0x00004581) x11 0x0000000000000000
core   0: 0x0000000080000056 (0x00004601) c.li    a2, 0
3 0x0000000080000056 (0x00004601) x12 0x0000000000000000
core   0: 0x0000000080000058 (0x00004681) c.li    a3, 0
3 0x0000000080000058 (0x00004681) x13 0x0000000000000000
core   0: 0x000000008000005a (0x00004701) c.li    a4, 0
3 0x000000008000005a (0x00004701) x14 0x0000000000000000
core   0: 0x000000008000005c (0x00004781) c.li    a5, 0
3 0x000000008000005c (0x00004781) x15 0x0000000000000000
core   0: 0x000000008000005e (0x00004801) c.li    a6, 0
3 0x000000008000005e (0x00004801) x16 0x0000000000000000
core   0: 0x0000000080000060 (0x00004881) c.li    a7, 0
3 0x0000000080000060 (0x00004881) x17 0x0000000000000000
core   0: 0x0000000080000062 (0x00004901) c.li    s2, 0
3 0x0000000080000062 (0x00004901) x18 0x0000000000000000
core   0: 0x0000000080000064 (0x00004981) c.li    s3, 0
3 0x0000000080000064 (0x00004981) x19 0x0000000000000000
core   0: 0x0000000080000066 (0x00004a01) c.li    s4, 0
3 0x0000000080000066 (0x00004a01) x20 0x0000000000000000
core   0: 0x0000000080000068 (0x00004a81) c.li    s5, 0
3 0x0000000080000068 (0x00004a81) x21 0x0000000000000000
core   0: 0x000000008000006a (0x00004b01) c.li    s6, 0
3 0x000000008000006a (0x00004b01) x22 0x0000000000000000
core   0: 0x000000008000006c (0x00004b81) c.li    s7, 0
3 0x000000008000006c (0x00004b81) x23 0x0000000000000000
core   0: 0x000000008000006e (0x00004c01) c.li    s8, 0
3 0x000000008000006e (0x00004c01) x24 0x0000000000000000
core   0: 0x0000000080000070 (0x00004c81) c.li    s9, 0
3 0x0000000080000070 (0x00004c81) x25 0x0000000000000000
core   0: 0x0000000080000072 (0x00004d01) c.li    s10, 0
3 0x0000000080000072 (0x00004d01) x26 0x0000000000000000
core   0: 0x0000000080000074 (0x00004d81) c.li    s11, 0
3 0x0000000080000074 (0x00004d81) x27 0x0000000000000000
core   0: 0x0000000080000076 (0x00004e01) c.li    t3, 0
3 0x0000000080000076 (0x00004e01) x28 0x0000000000000000
core   0: 0x0000000080000078 (0x00004e81) c.li    t4, 0
3 0x0000000080000078 (0x00004e81) x29 0x0000000000000000
core   0: 0x000000008000007a (0x00004f01) c.li    t5, 0
3 0x000000008000007a (0x00004f01) x30 0x0000000000000000
core   0: 0x000000008000007c (0x00004f81) c.li    t6, 0
3 0x000000008000007c (0x00004f81) x31 0x0000000000000000
core   0: 0x000000008000007e (0xf1402573) csrr    a0, mhartid
3 0x000000008000007e (0xf1402573) x10 0x0000000000000000
core   0: 0x0000000080000082 (0x0000e101) c.bnez  a0, pc + 0
3 0x0000000080000082 (0x0000e101)
core   0: 0x0000000080000084 (0x00000297) auipc   t0, 0x0
3 0x0000000080000084 (0x00000297) x 5 0x0000000080000084
core   0: 0x0000000080000088 (0x01028293) addi    t0, t0, 16
3 0x0000000080000088 (0x01028293) x 5 0x0000000080000094
core   0: 0x000000008000008c (0x30529073) csrw    mtvec, t0
3 0x000000008000008c (0x30529073)
core   0: 0x0000000080000090 (0x18005073) csrwi   satp, 0
3 0x0000000080000090 (0x18005073)
core   0: 0x0000000080000094 (0x00000297) auipc   t0, 0x0
3 0x0000000080000094 (0x00000297) x 5 0x0000000080000094
core   0: 0x0000000080000098 (0x02428293) addi    t0, t0, 36
3 0x0000000080000098 (0x02428293) x 5 0x00000000800000b8
core   0: 0x000000008000009c (0x30529073) csrw    mtvec, t0
3 0x000000008000009c (0x30529073)
core   0: 0x00000000800000a0 (0x0010029b) addiw   t0, zero, 1
3 0x00000000800000a0 (0x0010029b) x 5 0x0000000000000001
core   0: 0x00000000800000a4 (0x03529293) slli    t0, t0, 53
3 0x00000000800000a4 (0x03529293) x 5 0x0020000000000000
core   0: 0x00000000800000a8 (0xfff28293) addi    t0, t0, -1
3 0x00000000800000a8 (0xfff28293) x 5 0x001fffffffffffff
core   0: 0x00000000800000ac (0x3b029073) csrw    pmpaddr0, t0
3 0x00000000800000ac (0x3b029073)
core   0: 0x00000000800000b0 (0x000042fd) c.li    t0, 31
3 0x00000000800000b0 (0x000042fd) x 5 0x000000000000001f
core   0: 0x00000000800000b2 (0x3a029073) csrw    pmpcfg0, t0
3 0x00000000800000b2 (0x3a029073)
core   0: 0x00000000800000b6 (0x00000001) c.nop
3 0x00000000800000b6 (0x00000001)
core   0: 0x00000000800000b8 (0x00000297) auipc   t0, 0x0
3 0x00000000800000b8 (0x00000297) x 5 0x00000000800000b8
core   0: 0x00000000800000bc (0x01828293) addi    t0, t0, 24
3 0x00000000800000bc (0x01828293) x 5 0x00000000800000d0
core   0: 0x00000000800000c0 (0x30529073) csrw    mtvec, t0
3 0x00000000800000c0 (0x30529073)
core   0: 0x00000000800000c4 (0x30205073) csrwi   medeleg, 0
3 0x00000000800000c4 (0x30205073)
core   0: 0x00000000800000c8 (0x30305073) csrwi   mideleg, 0
3 0x00000000800000c8 (0x30305073)
core   0: 0x00000000800000cc (0x30405073) csrwi   mie, 0
3 0x00000000800000cc (0x30405073)
core   0: 0x00000000800000d0 (0x00004181) c.li    gp, 0
3 0x00000000800000d0 (0x00004181) x 3 0x0000000000000000
core   0: 0x00000000800000d2 (0x00000297) auipc   t0, 0x0
3 0x00000000800000d2 (0x00000297) x 5 0x00000000800000d2
core   0: 0x00000000800000d6 (0xf3228293) addi    t0, t0, -206
3 0x00000000800000d6 (0xf3228293) x 5 0x0000000080000004
core   0: 0x00000000800000da (0x30529073) csrw    mtvec, t0
3 0x00000000800000da (0x30529073)
core   0: 0x00000000800000de (0x00004505) c.li    a0, 1
3 0x00000000800000de (0x00004505) x10 0x0000000000000001
core   0: 0x00000000800000e0 (0x0000057e) c.slli  a0, 31
3 0x00000000800000e0 (0x0000057e) x10 0x0000000080000000
core   0: 0x00000000800000e2 (0x00055a63) bgez    a0, pc + 20
3 0x00000000800000e2 (0x00055a63)
core   0: 0x00000000800000f6 (0x80000297) auipc   t0, 0x80000
3 0x00000000800000f6 (0x80000297) x 5 0x00000000000000f6
core   0: 0x00000000800000fa (0xf0a28293) addi    t0, t0, -246
3 0x00000000800000fa (0xf0a28293) x 5 0x0000000000000000
core   0: 0x00000000800000fe (0x00028a63) beqz    t0, pc + 20
3 0x00000000800000fe (0x00028a63)
core   0: 0x0000000080000112 (0x30005073) csrwi   mstatus, 0
3 0x0000000080000112 (0x30005073)
core   0: 0x0000000080000116 (0x00000297) auipc   t0, 0x0
3 0x0000000080000116 (0x00000297) x 5 0x0000000080000116
core   0: 0x000000008000011a (0x01428293) addi    t0, t0, 20
3 0x000000008000011a (0x01428293) x 5 0x000000008000012a
core   0: 0x000000008000011e (0x34129073) csrw    mepc, t0
3 0x000000008000011e (0x34129073)
core   0: 0x0000000080000122 (0xf1402573) csrr    a0, mhartid
3 0x0000000080000122 (0xf1402573) x10 0x0000000000000000
core   0: 0x0000000080000126 (0x30200073) mret
3 0x0000000080000126 (0x30200073)
core   0: 0x000000008000012a (0x00000001) c.nop
0 0x000000008000012a (0x00000001)
core   0: 0x000000008000012c (0x00200193) li      gp, 2
0 0x000000008000012c (0x00200193) x 3 0x0000000000000002
core   0: 0x0000000080000130 (0x29a00593) li      a1, 666
0 0x0000000080000130 (0x29a00593) x11 0x000000000000029a
core   0: 0x0000000080000134 (0x6cb0106f) j       pc + 0x1eca
0 0x0000000080000134 (0x6cb0106f)
core   0: 0x0000000080001ffe (0x00158593) addi    a1, a1, 1
0 0x0000000080001ffe (0x00158593) x11 0x000000000000029b
core   0: 0x0000000080002002 (0x29b00393) li      t2, 667
0 0x0000000080002002 (0x29b00393) x 7 0x000000000000029b
core   0: 0x0000000080002006 (0x00200193) li      gp, 2
0 0x0000000080002006 (0x00200193) x 3 0x0000000000000002
core   0: 0x000000008000200a (0x2c759163) bne     a1, t2, pc + 706
0 0x000000008000200a (0x2c759163)
core   0: 0x000000008000200e (0x00001137) lui     sp, 0x1
0 0x000000008000200e (0x00001137) x 2 0x0000000000001000
core   0: 0x0000000080002012 (0x2341011b) addiw   sp, sp, 564
0 0x0000000080002012 (0x2341011b) x 2 0x0000000000001234
core   0: 0x0000000080002016 (0x00001fe8) c.addi4spn a0, sp, 1020
0 0x0000000080002016 (0x00001fe8) x10 0x0000000000001630
core   0: 0x0000000080002018 (0x000013b7) lui     t2, 0x1
0 0x0000000080002018 (0x000013b7) x 7 0x0000000000001000
core   0: 0x000000008000201c (0x6303839b) addiw   t2, t2, 1584
0 0x000000008000201c (0x6303839b) x 7 0x0000000000001630
core   0: 0x0000000080002020 (0x00300193) li      gp, 3
0 0x0000000080002020 (0x00300193) x 3 0x0000000000000003
core   0: 0x0000000080002024 (0x2a751463) bne     a0, t2, pc + 680
0 0x0000000080002024 (0x2a751463)
core   0: 0x0000000080002028 (0x0000617d) c.addi16sp sp, 496
0 0x0000000080002028 (0x0000617d) x 2 0x0000000000001424
core   0: 0x000000008000202a (0x00000001) c.nop
0 0x000000008000202a (0x00000001)
core   0: 0x000000008000202c (0x000013b7) lui     t2, 0x1
0 0x000000008000202c (0x000013b7) x 7 0x0000000000001000
core   0: 0x0000000080002030 (0x4243839b) addiw   t2, t2, 1060
0 0x0000000080002030 (0x4243839b) x 7 0x0000000000001424
core   0: 0x0000000080002034 (0x00400193) li      gp, 4
0 0x0000000080002034 (0x00400193) x 3 0x0000000000000004
core   0: 0x0000000080002038 (0x28711a63) bne     sp, t2, pc + 660
0 0x0000000080002038 (0x28711a63)
core   0: 0x000000008000203c (0x00007101) c.addi16sp sp, -512
0 0x000000008000203c (0x00007101) x 2 0x0000000000001224
core   0: 0x000000008000203e (0x00000001) c.nop
0 0x000000008000203e (0x00000001)
core   0: 0x0000000080002040 (0x000013b7) lui     t2, 0x1
0 0x0000000080002040 (0x000013b7) x 7 0x0000000000001000
core   0: 0x0000000080002044 (0x2243839b) addiw   t2, t2, 548
0 0x0000000080002044 (0x2243839b) x 7 0x0000000000001224
core   0: 0x0000000080002048 (0x00500193) li      gp, 5
0 0x0000000080002048 (0x00500193) x 3 0x0000000000000005
core   0: 0x000000008000204c (0x28711063) bne     sp, t2, pc + 640
0 0x000000008000204c (0x28711063)
core   0: 0x0000000080002050 (0xffffe597) auipc   a1, 0xffffe
0 0x0000000080002050 (0xffffe597) x11 0x0000000080000050
core   0: 0x0000000080002054 (0x0e858593) addi    a1, a1, 232
0 0x0000000080002054 (0x0e858593) x11 0x0000000080000138
core   0: 0x0000000080002058 (0x000041c8) c.lw    a0, 4(a1)
0 0x0000000080002058 (0x000041c8) x10 0xfffffffffedcba98
core   0: 0x000000008000205a (0x00000505) c.addi  a0, 1
0 0x000000008000205a (0x00000505) x10 0xfffffffffedcba99
core   0: 0x000000008000205c (0x0000c1c8) c.sw    a0, 4(a1)
0 0x000000008000205c (0x0000c1c8)
core   0: 0x000000008000205e (0x000041d0) c.lw    a2, 4(a1)
0 0x000000008000205e (0x000041d0) x12 0xfffffffffedcba99
core   0: 0x0000000080002060 (0xfedcc3b7) lui     t2, 0xfedcc
0 0x0000000080002060 (0xfedcc3b7) x 7 0xfffffffffedcc000
core   0: 0x0000000080002064 (0xa993839b) addiw   t2, t2, -1383
0 0x0000000080002064 (0xa993839b) x 7 0xfffffffffedcba99
core   0: 0x0000000080002068 (0x00600193) li      gp, 6
0 0x0000000080002068 (0x00600193) x 3 0x0000000000000006
core   0: 0x000000008000206c (0x26761063) bne     a2, t2, pc + 608
0 0x000000008000206c (0x26761063)
core   0: 0x0000000080002070 (0x00006188) c.ld    a0, 0(a1)
0 0x0000000080002070 (0x00006188) x10 0xfedcba9976543210
core   0: 0x0000000080002072 (0x00000505) c.addi  a0, 1
0 0x0000000080002072 (0x00000505) x10 0xfedcba9976543211
core   0: 0x0000000080002074 (0x0000e188) c.sd    a0, 0(a1)
0 0x0000000080002074 (0x0000e188)
core   0: 0x0000000080002076 (0x00006190) c.ld    a2, 0(a1)
0 0x0000000080002076 (0x00006190) x12 0xfedcba9976543211
core   0: 0x0000000080002078 (0xfff6e3b7) lui     t2, 0xfff6e
0 0x0000000080002078 (0xfff6e3b7) x 7 0xfffffffffff6e000
core   0: 0x000000008000207c (0x5d53839b) addiw   t2, t2, 1493
0 0x000000008000207c (0x5d53839b) x 7 0xfffffffffff6e5d5
core   0: 0x0000000080002080 (0x00c39393) slli    t2, t2, 12
0 0x0000000080002080 (0x00c39393) x 7 0xffffffff6e5d5000
core   0: 0x0000000080002084 (0xcbb38393) addi    t2, t2, -837
0 0x0000000080002084 (0xcbb38393) x 7 0xffffffff6e5d4cbb
core   0: 0x0000000080002088 (0x00d39393) slli    t2, t2, 13
0 0x0000000080002088 (0x00d39393) x 7 0xffffedcba9976000
core   0: 0x000000008000208c (0x54338393) addi    t2, t2, 1347
0 0x000000008000208c (0x54338393) x 7 0xffffedcba9976543
core   0: 0x0000000080002090 (0x00c39393) slli    t2, t2, 12
0 0x0000000080002090 (0x00c39393) x 7 0xfedcba9976543000
core   0: 0x0000000080002094 (0x21138393) addi    t2, t2, 529
0 0x0000000080002094 (0x21138393) x 7 0xfedcba9976543211
core   0: 0x0000000080002098 (0x00700193) li      gp, 7
0 0x0000000080002098 (0x00700193) x 3 0x0000000000000007
core   0: 0x000000008000209c (0x22761863) bne     a2, t2, pc + 560
0 0x000000008000209c (0x22761863)
core   0: 0x00000000800020a0 (0x00106513) ori     a0, zero, 1
0 0x00000000800020a0 (0x00106513) x10 0x0000000000000001
core   0: 0x00000000800020a4 (0x00001541) c.addi  a0, -16
0 0x00000000800020a4 (0x00001541) x10 0xfffffffffffffff1
core   0: 0x00000000800020a6 (0x00000001) c.nop
0 0x00000000800020a6 (0x00000001)
core   0: 0x00000000800020a8 (0xff100393) li      t2, -15
0 0x00000000800020a8 (0xff100393) x 7 0xfffffffffffffff1
core   0: 0x00000000800020ac (0x00800193) li      gp, 8
0 0x00000000800020ac (0x00800193) x 3 0x0000000000000008
core   0: 0x00000000800020b0 (0x20751e63) bne     a0, t2, pc + 540
0 0x00000000800020b0 (0x20751e63)
core   0: 0x00000000800020b4 (0x00106793) ori     a5, zero, 1
0 0x00000000800020b4 (0x00106793) x15 0x0000000000000001
core   0: 0x00000000800020b8 (0x000057c1) c.li    a5, -16
0 0x00000000800020b8 (0x000057c1) x15 0xfffffffffffffff0
core   0: 0x00000000800020ba (0x00000001) c.nop
0 0x00000000800020ba (0x00000001)
core   0: 0x00000000800020bc (0xff000393) li      t2, -16
0 0x00000000800020bc (0xff000393) x 7 0xfffffffffffffff0
core   0: 0x00000000800020c0 (0x00900193) li      gp, 9
0 0x00000000800020c0 (0x00900193) x 3 0x0000000000000009
core   0: 0x00000000800020c4 (0x20779463) bne     a5, t2, pc + 520
0 0x00000000800020c4 (0x20779463)
core   0: 0x00000000800020c8 (0x00006188) c.ld    a0, 0(a1)
0 0x00000000800020c8 (0x00006188) x10 0xfedcba9976543211
core   0: 0x00000000800020ca (0x0000357d) c.addiw a0, -1
0 0x00000000800020ca (0x0000357d) x10 0x0000000076543210
core   0: 0x00000000800020cc (0x765433b7) lui     t2, 0x76543
0 0x00000000800020cc (0x765433b7) x 7 0x0000000076543000
core   0: 0x00000000800020d0 (0x2103839b) addiw   t2, t2, 528
0 0x00000000800020d0 (0x2103839b) x 7 0x0000000076543210
core   0: 0x00000000800020d4 (0x00a00193) li      gp, 10
0 0x00000000800020d4 (0x00a00193) x 3 0x000000000000000a
core   0: 0x00000000800020d8 (0x1e751a63) bne     a0, t2, pc + 500
0 0x00000000800020d8 (0x1e751a63)
core   0: 0x00000000800020dc (0x00007405) c.lui   s0, 0xfffe1
0 0x00000000800020dc (0x00007405) x 8 0xfffffffffffe1000
core   0: 0x00000000800020de (0x00008431) c.srai  s0, 12
0 0x00000000800020de (0x00008431) x 8 0xffffffffffffffe1
core   0: 0x00000000800020e0 (0xfe100393) li      t2, -31
0 0x00000000800020e0 (0xfe100393) x 7 0xffffffffffffffe1
core   0: 0x00000000800020e4 (0x00b00193) li      gp, 11
0 0x00000000800020e4 (0x00b00193) x 3 0x000000000000000b
core   0: 0x00000000800020e8 (0x1e741263) bne     s0, t2, pc + 484
0 0x00000000800020e8 (0x1e741263)
core   0: 0x00000000800020ec (0x00007405) c.lui   s0, 0xfffe1
0 0x00000000800020ec (0x00007405) x 8 0xfffffffffffe1000
core   0: 0x00000000800020ee (0x00008031) c.srli  s0, 12
0 0x00000000800020ee (0x00008031) x 8 0x000fffffffffffe1
core   0: 0x00000000800020f0 (0x0010039b) addiw   t2, zero, 1
0 0x00000000800020f0 (0x0010039b) x 7 0x0000000000000001
core   0: 0x00000000800020f4 (0x03439393) slli    t2, t2, 52
0 0x00000000800020f4 (0x03439393) x 7 0x0010000000000000
core   0: 0x00000000800020f8 (0xfe138393) addi    t2, t2, -31
0 0x00000000800020f8 (0xfe138393) x 7 0x000fffffffffffe1
core   0: 0x00000000800020fc (0x00c00193) li      gp, 12
0 0x00000000800020fc (0x00c00193) x 3 0x000000000000000c
core   0: 0x0000000080002100 (0x1c741663) bne     s0, t2, pc + 460
0 0x0000000080002100 (0x1c741663)
core   0: 0x0000000080002104 (0x00005479) c.li    s0, -2
0 0x0000000080002104 (0x00005479) x 8 0xfffffffffffffffe
core   0: 0x0000000080002106 (0x0000983d) c.andi  s0, -17
0 0x0000000080002106 (0x0000983d) x 8 0xffffffffffffffee
core   0: 0x0000000080002108 (0xfee00393) li      t2, -18
0 0x0000000080002108 (0xfee00393) x 7 0xffffffffffffffee
core   0: 0x000000008000210c (0x00e00193) li      gp, 14
0 0x000000008000210c (0x00e00193) x 3 0x000000000000000e
core   0: 0x0000000080002110 (0x1a741e63) bne     s0, t2, pc + 444
0 0x0000000080002110 (0x1a741e63)
core   0: 0x0000000080002114 (0x000044d1) c.li    s1, 20
0 0x0000000080002114 (0x000044d1) x 9 0x0000000000000014
core   0: 0x0000000080002116 (0x00004519) c.li    a0, 6
0 0x0000000080002116 (0x00004519) x10 0x0000000000000006
core   0: 0x0000000080002118 (0x00008c89) c.sub   s1, a0
0 0x0000000080002118 (0x00008c89) x 9 0x000000000000000e
core   0: 0x000000008000211a (0x00000001) c.nop
0 0x000000008000211a (0x00000001)
core   0: 0x000000008000211c (0x00e00393) li      t2, 14
0 0x000000008000211c (0x00e00393) x 7 0x000000000000000e
core   0: 0x0000000080002120 (0x00f00193) li      gp, 15
0 0x0000000080002120 (0x00f00193) x 3 0x000000000000000f
core   0: 0x0000000080002124 (0x1a749463) bne     s1, t2, pc + 424
0 0x0000000080002124 (0x1a749463)
core   0: 0x0000000080002128 (0x000044d1) c.li    s1, 20
0 0x0000000080002128 (0x000044d1) x 9 0x0000000000000014
core   0: 0x000000008000212a (0x00004519) c.li    a0, 6
0 0x000000008000212a (0x00004519) x10 0x0000000000000006
core   0: 0x000000008000212c (0x00008ca9) c.xor   s1, a0
0 0x000000008000212c (0x00008ca9) x 9 0x0000000000000012
core   0: 0x000000008000212e (0x00000001) c.nop
0 0x000000008000212e (0x00000001)
core   0: 0x0000000080002130 (0x01200393) li      t2, 18
0 0x0000000080002130 (0x01200393) x 7 0x0000000000000012
core   0: 0x0000000080002134 (0x01000193) li      gp, 16
0 0x0000000080002134 (0x01000193) x 3 0x0000000000000010
core   0: 0x0000000080002138 (0x18749a63) bne     s1, t2, pc + 404
0 0x0000000080002138 (0x18749a63)
core   0: 0x000000008000213c (0x000044d1) c.li    s1, 20
0 0x000000008000213c (0x000044d1) x 9 0x0000000000000014
core   0: 0x000000008000213e (0x00004519) c.li    a0, 6
0 0x000000008000213e (0x00004519) x10 0x0000000000000006
core   0: 0x0000000080002140 (0x00008cc9) c.or    s1, a0
0 0x0000000080002140 (0x00008cc9) x 9 0x0000000000000016
core   0: 0x0000000080002142 (0x00000001) c.nop
0 0x0000000080002142 (0x00000001)
core   0: 0x0000000080002144 (0x01600393) li      t2, 22
0 0x0000000080002144 (0x01600393) x 7 0x0000000000000016
core   0: 0x0000000080002148 (0x01100193) li      gp, 17
0 0x0000000080002148 (0x01100193) x 3 0x0000000000000011
core   0: 0x000000008000214c (0x18749063) bne     s1, t2, pc + 384
0 0x000000008000214c (0x18749063)
core   0: 0x0000000080002150 (0x000044d1) c.li    s1, 20
0 0x0000000080002150 (0x000044d1) x 9 0x0000000000000014
core   0: 0x0000000080002152 (0x00004519) c.li    a0, 6
0 0x0000000080002152 (0x00004519) x10 0x0000000000000006
core   0: 0x0000000080002154 (0x00008ce9) c.and   s1, a0
0 0x0000000080002154 (0x00008ce9) x 9 0x0000000000000004
core   0: 0x0000000080002156 (0x00000001) c.nop
0 0x0000000080002156 (0x00000001)
core   0: 0x0000000080002158 (0x00400393) li      t2, 4
0 0x0000000080002158 (0x00400393) x 7 0x0000000000000004
core   0: 0x000000008000215c (0x01200193) li      gp, 18
0 0x000000008000215c (0x01200193) x 3 0x0000000000000012
core   0: 0x0000000080002160 (0x16749663) bne     s1, t2, pc + 364
0 0x0000000080002160 (0x16749663)
core   0: 0x0000000080002164 (0x800004b7) lui     s1, 0x80000
0 0x0000000080002164 (0x800004b7) x 9 0xffffffff80000000
core   0: 0x0000000080002168 (0xfff4849b) addiw   s1, s1, -1
0 0x0000000080002168 (0xfff4849b) x 9 0x000000007fffffff
core   0: 0x000000008000216c (0x0000557d) c.li    a0, -1
0 0x000000008000216c (0x0000557d) x10 0xffffffffffffffff
core   0: 0x000000008000216e (0x00009c89) c.subw  s1, a0
0 0x000000008000216e (0x00009c89) x 9 0xffffffff80000000
core   0: 0x0000000080002170 (0x800003b7) lui     t2, 0x80000
0 0x0000000080002170 (0x800003b7) x 7 0xffffffff80000000
core   0: 0x0000000080002174 (0x01300193) li      gp, 19
0 0x0000000080002174 (0x01300193) x 3 0x0000000000000013
core   0: 0x0000000080002178 (0x14749a63) bne     s1, t2, pc + 340
0 0x0000000080002178 (0x14749a63)
core   0: 0x000000008000217c (0x800004b7) lui     s1, 0x80000
0 0x000000008000217c (0x800004b7) x 9 0xffffffff80000000
core   0: 0x0000000080002180 (0xfff4849b) addiw   s1, s1, -1
0 0x0000000080002180 (0xfff4849b) x 9 0x000000007fffffff
core   0: 0x0000000080002184 (0x00004505) c.li    a0, 1
0 0x0000000080002184 (0x00004505) x10 0x0000000000000001
core   0: 0x0000000080002186 (0x00009ca9) c.addw  s1, a0
0 0x0000000080002186 (0x00009ca9) x 9 0xffffffff80000000
core   0: 0x0000000080002188 (0x800003b7) lui     t2, 0x80000
0 0x0000000080002188 (0x800003b7) x 7 0xffffffff80000000
core   0: 0x000000008000218c (0x01400193) li      gp, 20
0 0x000000008000218c (0x01400193) x 3 0x0000000000000014
core   0: 0x0000000080002190 (0x12749e63) bne     s1, t2, pc + 316
0 0x0000000080002190 (0x12749e63)
core   0: 0x0000000080002194 (0x00001437) lui     s0, 0x1
0 0x0000000080002194 (0x00001437) x 8 0x0000000000001000
core   0: 0x0000000080002198 (0x2344041b) addiw   s0, s0, 564
0 0x0000000080002198 (0x2344041b) x 8 0x0000000000001234
core   0: 0x000000008000219c (0x00000412) c.slli  s0, 4
0 0x000000008000219c (0x00000412) x 8 0x0000000000012340
core   0: 0x000000008000219e (0x00000001) c.nop
0 0x000000008000219e (0x00000001)
core   0: 0x00000000800021a0 (0x000123b7) lui     t2, 0x12
0 0x00000000800021a0 (0x000123b7) x 7 0x0000000000012000
core   0: 0x00000000800021a4 (0x3403839b) addiw   t2, t2, 832
0 0x00000000800021a4 (0x3403839b) x 7 0x0000000000012340
core   0: 0x00000000800021a8 (0x01500193) li      gp, 21
0 0x00000000800021a8 (0x01500193) x 3 0x0000000000000015
core   0: 0x00000000800021ac (0x12741063) bne     s0, t2, pc + 288
0 0x00000000800021ac (0x12741063)
core   0: 0x00000000800021b0 (0x00004081) c.li    ra, 0
0 0x00000000800021b0 (0x00004081) x 1 0x0000000000000000
core   0: 0x00000000800021b2 (0x0000a011) c.j     pc + 4
0 0x00000000800021b2 (0x0000a011)
core   0: 0x00000000800021b6 (0x0000a011) c.j     pc + 4
0 0x00000000800021b6 (0x0000a011)
core   0: 0x00000000800021ba (0x00000001) c.nop
0 0x00000000800021ba (0x00000001)
core   0: 0x00000000800021bc (0x00000393) li      t2, 0
0 0x00000000800021bc (0x00000393) x 7 0x0000000000000000
core   0: 0x00000000800021c0 (0x01e00193) li      gp, 30
0 0x00000000800021c0 (0x01e00193) x 3 0x000000000000001e
core   0: 0x00000000800021c4 (0x10709463) bne     ra, t2, pc + 264
0 0x00000000800021c4 (0x10709463)
core   0: 0x00000000800021c8 (0x00004501) c.li    a0, 0
0 0x00000000800021c8 (0x00004501) x10 0x0000000000000000
core   0: 0x00000000800021ca (0x0000c111) c.beqz  a0, pc + 4
0 0x00000000800021ca (0x0000c111)
core   0: 0x00000000800021ce (0x0000a011) c.j     pc + 4
0 0x00000000800021ce (0x0000a011)
core   0: 0x00000000800021d2 (0x00000001) c.nop
0 0x00000000800021d2 (0x00000001)
core   0: 0x00000000800021d4 (0x00000393) li      t2, 0
0 0x00000000800021d4 (0x00000393) x 7 0x0000000000000000
core   0: 0x00000000800021d8 (0x01f00193) li      gp, 31
0 0x00000000800021d8 (0x01f00193) x 3 0x000000000000001f
core   0: 0x00000000800021dc (0x0e701863) bne     zero, t2, pc + 240
0 0x00000000800021dc (0x0e701863)
core   0: 0x00000000800021e0 (0x00004505) c.li    a0, 1
0 0x00000000800021e0 (0x00004505) x10 0x0000000000000001
core   0: 0x00000000800021e2 (0x0000e111) c.bnez  a0, pc + 4
0 0x00000000800021e2 (0x0000e111)
core   0: 0x00000000800021e6 (0x0000a011) c.j     pc + 4
0 0x00000000800021e6 (0x0000a011)
core   0: 0x00000000800021ea (0x00000001) c.nop
0 0x00000000800021ea (0x00000001)
core   0: 0x00000000800021ec (0x00000393) li      t2, 0
0 0x00000000800021ec (0x00000393) x 7 0x0000000000000000
core   0: 0x00000000800021f0 (0x02000193) li      gp, 32
0 0x00000000800021f0 (0x02000193) x 3 0x0000000000000020
core   0: 0x00000000800021f4 (0x0c701c63) bne     zero, t2, pc + 216
0 0x00000000800021f4 (0x0c701c63)
core   0: 0x00000000800021f8 (0x00004505) c.li    a0, 1
0 0x00000000800021f8 (0x00004505) x10 0x0000000000000001
core   0: 0x00000000800021fa (0x0000c111) c.beqz  a0, pc + 4
0 0x00000000800021fa (0x0000c111)
core   0: 0x00000000800021fc (0x0000a011) c.j     pc + 4
0 0x00000000800021fc (0x0000a011)
core   0: 0x0000000080002200 (0x00000393) li      t2, 0
0 0x0000000080002200 (0x00000393) x 7 0x0000000000000000
core   0: 0x0000000080002204 (0x02100193) li      gp, 33
0 0x0000000080002204 (0x02100193) x 3 0x0000000000000021
core   0: 0x0000000080002208 (0x0c701263) bne     zero, t2, pc + 196
0 0x0000000080002208 (0x0c701263)
core   0: 0x000000008000220c (0x00004501) c.li    a0, 0
0 0x000000008000220c (0x00004501) x10 0x0000000000000000
core   0: 0x000000008000220e (0x0000e111) c.bnez  a0, pc + 4
0 0x000000008000220e (0x0000e111)
core   0: 0x0000000080002210 (0x0000a011) c.j     pc + 4
0 0x0000000080002210 (0x0000a011)
core   0: 0x0000000080002214 (0x00000393) li      t2, 0
0 0x0000000080002214 (0x00000393) x 7 0x0000000000000000
core   0: 0x0000000080002218 (0x02200193) li      gp, 34
0 0x0000000080002218 (0x02200193) x 3 0x0000000000000022
core   0: 0x000000008000221c (0x0a701863) bne     zero, t2, pc + 176
0 0x000000008000221c (0x0a701863)
core   0: 0x0000000080002220 (0x00000297) auipc   t0, 0x0
0 0x0000000080002220 (0x00000297) x 5 0x0000000080002220
core   0: 0x0000000080002224 (0x00e28293) addi    t0, t0, 14
0 0x0000000080002224 (0x00e28293) x 5 0x000000008000222e
core   0: 0x0000000080002228 (0x00004081) c.li    ra, 0
0 0x0000000080002228 (0x00004081) x 1 0x0000000000000000
core   0: 0x000000008000222a (0x00008282) c.jr    t0
0 0x000000008000222a (0x00008282)
core   0: 0x000000008000222e (0x0000a011) c.j     pc + 4
0 0x000000008000222e (0x0000a011)
core   0: 0x0000000080002232 (0x00000001) c.nop
0 0x0000000080002232 (0x00000001)
core   0: 0x0000000080002234 (0x00000393) li      t2, 0
0 0x0000000080002234 (0x00000393) x 7 0x0000000000000000
core   0: 0x0000000080002238 (0x02300193) li      gp, 35
0 0x0000000080002238 (0x02300193) x 3 0x0000000000000023
core   0: 0x000000008000223c (0x08709863) bne     ra, t2, pc + 144
0 0x000000008000223c (0x08709863)
core   0: 0x0000000080002240 (0x00000297) auipc   t0, 0x0
0 0x0000000080002240 (0x00000297) x 5 0x0000000080002240
core   0: 0x0000000080002244 (0x00e28293) addi    t0, t0, 14
0 0x0000000080002244 (0x00e28293) x 5 0x000000008000224e
core   0: 0x0000000080002248 (0x00004081) c.li    ra, 0
0 0x0000000080002248 (0x00004081) x 1 0x0000000000000000
core   0: 0x000000008000224a (0x00009282) c.jalr  t0
0 0x000000008000224a (0x00009282) x 1 0x000000008000224c
core   0: 0x000000008000224e (0x0000a011) c.j     pc + 4
0 0x000000008000224e (0x0000a011)
core   0: 0x0000000080002252 (0x405080b3) sub     ra, ra, t0
0 0x0000000080002252 (0x405080b3) x 1 0xfffffffffffffffe
core   0: 0x0000000080002256 (0x00000001) c.nop
0 0x0000000080002256 (0x00000001)
core   0: 0x0000000080002258 (0xffe00393) li      t2, -2
0 0x0000000080002258 (0xffe00393) x 7 0xfffffffffffffffe
core   0: 0x000000008000225c (0x02400193) li      gp, 36
0 0x000000008000225c (0x02400193) x 3 0x0000000000000024
core   0: 0x0000000080002260 (0x06709663) bne     ra, t2, pc + 108
0 0x0000000080002260 (0x06709663)
core   0: 0x0000000080002264 (0xffffe117) auipc   sp, 0xffffe
0 0x0000000080002264 (0xffffe117) x 2 0x0000000080000264
core   0: 0x0000000080002268 (0xed410113) addi    sp, sp, -300
0 0x0000000080002268 (0xed410113) x 2 0x0000000080000138
core   0: 0x000000008000226c (0x00004532) c.lwsp  a0, 12(sp)
0 0x000000008000226c (0x00004532) x10 0xfffffffffedcba98
core   0: 0x000000008000226e (0x00000505) c.addi  a0, 1
0 0x000000008000226e (0x00000505) x10 0xfffffffffedcba99
core   0: 0x0000000080002270 (0x0000c62a) c.swsp  a0, 12(sp)
0 0x0000000080002270 (0x0000c62a)
core   0: 0x0000000080002272 (0x00004632) c.lwsp  a2, 12(sp)
0 0x0000000080002272 (0x00004632) x12 0xfffffffffedcba99
core   0: 0x0000000080002274 (0xfedcc3b7) lui     t2, 0xfedcc
0 0x0000000080002274 (0xfedcc3b7) x 7 0xfffffffffedcc000
core   0: 0x0000000080002278 (0xa993839b) addiw   t2, t2, -1383
0 0x0000000080002278 (0xa993839b) x 7 0xfffffffffedcba99
core   0: 0x000000008000227c (0x02800193) li      gp, 40
0 0x000000008000227c (0x02800193) x 3 0x0000000000000028
core   0: 0x0000000080002280 (0x04761663) bne     a2, t2, pc + 76
0 0x0000000080002280 (0x04761663)
core   0: 0x0000000080002284 (0x00006522) c.ldsp  a0, 8(sp)
0 0x0000000080002284 (0x00006522) x10 0xfedcba9976543210
core   0: 0x0000000080002286 (0x00000505) c.addi  a0, 1
0 0x0000000080002286 (0x00000505) x10 0xfedcba9976543211
core   0: 0x0000000080002288 (0x0000e42a) c.sdsp  a0, 8(sp)
0 0x0000000080002288 (0x0000e42a)
core   0: 0x000000008000228a (0x00006622) c.ldsp  a2, 8(sp)
0 0x000000008000228a (0x00006622) x12 0xfedcba9976543211
core   0: 0x000000008000228c (0xfff6e3b7) lui     t2, 0xfff6e
0 0x000000008000228c (0xfff6e3b7) x 7 0xfffffffffff6e000
core   0: 0x0000000080002290 (0x5d53839b) addiw   t2, t2, 1493
0 0x0000000080002290 (0x5d53839b) x 7 0xfffffffffff6e5d5
core   0: 0x0000000080002294 (0x00c39393) slli    t2, t2, 12
0 0x0000000080002294 (0x00c39393) x 7 0xffffffff6e5d5000
core   0: 0x0000000080002298 (0xcbb38393) addi    t2, t2, -837
0 0x0000000080002298 (0xcbb38393) x 7 0xffffffff6e5d4cbb
core   0: 0x000000008000229c (0x00d39393) slli    t2, t2, 13
0 0x000000008000229c (0x00d39393) x 7 0xffffedcba9976000
core   0: 0x00000000800022a0 (0x54338393) addi    t2, t2, 1347
0 0x00000000800022a0 (0x54338393) x 7 0xffffedcba9976543
core   0: 0x00000000800022a4 (0x00c39393) slli    t2, t2, 12
0 0x00000000800022a4 (0x00c39393) x 7 0xfedcba9976543000
core   0: 0x00000000800022a8 (0x21138393) addi    t2, t2, 529
0 0x00000000800022a8 (0x21138393) x 7 0xfedcba9976543211
core   0: 0x00000000800022ac (0x02900193) li      gp, 41
0 0x00000000800022ac (0x02900193) x 3 0x0000000000000029
core   0: 0x00000000800022b0 (0x00761e63) bne     a2, t2, pc + 28
0 0x00000000800022b0 (0x00761e63)
core   0: 0x00000000800022b4 (0x12300513) li      a0, 291
0 0x00000000800022b4 (0x12300513) x10 0x0000000000000123
core   0: 0x00000000800022b8 (0x000082aa) c.mv    t0, a0
0 0x00000000800022b8 (0x000082aa) x 5 0x0000000000000123
core   0: 0x00000000800022ba (0x000092aa) c.add   t0, a0
0 0x00000000800022ba (0x000092aa) x 5 0x0000000000000246
core   0: 0x00000000800022bc (0x24600393) li      t2, 582
0 0x00000000800022bc (0x24600393) x 7 0x0000000000000246
core   0: 0x00000000800022c0 (0x02a00193) li      gp, 42
0 0x00000000800022c0 (0x02a00193) x 3 0x000000000000002a
core   0: 0x00000000800022c4 (0x00729463) bne     t0, t2, pc + 8
0 0x00000000800022c4 (0x00729463)
core   0: 0x00000000800022c8 (0x00301f63) bne     zero, gp, pc + 30
0 0x00000000800022c8 (0x00301f63)
core   0: 0x00000000800022e6 (0x0ff0000f) fence   iorw,iorw
0 0x00000000800022e6 (0x0ff0000f)
core   0: 0x00000000800022ea (0x00004185) c.li    gp, 1
0 0x00000000800022ea (0x00004185) x 3 0x0000000000000001
core   0: 0x00000000800022ec (0x05d00893) li      a7, 93
0 0x00000000800022ec (0x05d00893) x17 0x000000000000005d
core   0: 0x00000000800022f0 (0x00004501) c.li    a0, 0
0 0x00000000800022f0 (0x00004501) x10 0x0000000000000000
core   0: 0x00000000800022f2 (0x00000073) ecall
0 0x00000000800022f2 (0x00000073)
